
The following have been reloaded with a version change:
  1) anaconda2/4.4.0 => anaconda2/5.1.0

Loading in models...Adding Water...Remove no-like rxns...Pruned 1 metabolites from model
Pruned 1 reactions from model
Set-up Universal...61.0seconds to complete

Loop0 pFBA...5325.0...Ave likelihood of: cpd00117_c is 0.3072432897472717...
Loop1 pFBA...7121.0...Ave likelihood of: cpd00186_c is 0.3132206774744996...
Loop2 pFBA...21678.0...Ave likelihood of: cpd00637_c is 0.24661849412964665...
Loop3 pFBA...6393.0...Ave likelihood of: cpd00550_c is 0.4256226701351038...
Loop4 pFBA...4103.0...Ave likelihood of: cpd00033_c is 0.22376319260269978...
Loop5 pFBA...5219.0...Ave likelihood of: cpd00035_c is 0.3072432897472717...
Loop6 pFBA...17821.0...Ave likelihood of: cpd00051_c is 0.27042016880605824...
Loop7 pFBA...8186.0...Ave likelihood of: cpd00132_c is 0.1509414329880427...
Loop8 pFBA...5314.0...Ave likelihood of: cpd00041_c is 0.1718525964485261...
Loop9 pFBA...13524.0...Ave likelihood of: cpd00084_c is 0.30034802877708255...
Loop10 pFBA...6629.0...Ave likelihood of: cpd00023_c is 0.27429713816058215...
Loop11 pFBA...9269.0...Ave likelihood of: cpd00053_c is 0.188241683018229...
Loop12 pFBA...15599.0...Ave likelihood of: cpd00119_c is 0.3211841780573614...
Loop13 pFBA...17017.0...Ave likelihood of: cpd00322_c is 0.2382691148844034...
Loop14 pFBA...14086.0...Ave likelihood of: cpd00107_c is 0.27692916312819454...
Loop15 pFBA...16814.0...Ave likelihood of: cpd00039_c is 0.2732729583186824...
Loop16 pFBA...20678.0...Ave likelihood of: cpd00060_c is 0.2500919940469656...
Loop17 pFBA...20839.0...Ave likelihood of: cpd00066_c is 0.27973951048723467...
Loop18 pFBA...10271.0...Ave likelihood of: cpd00129_c is 0.3107822325646471...
Loop19 pFBA...5393.0...Ave likelihood of: cpd00054_c is 0.46431564014738597...
Loop20 pFBA...7640.0...Ave likelihood of: cpd00161_c is 0.3828096208862161...
Loop21 pFBA...26566.0...Ave likelihood of: cpd00065_c is 0.20614038436063384...
Loop22 pFBA...18352.0...Ave likelihood of: cpd00069_c is 0.25587085552665545...
Loop23 pFBA...7956.0...Ave likelihood of: cpd00156_c is 0.2845483001433439...
Loop24 pFBA...23996.0...Ave likelihood of: cpd00098_c is 0.24635816490646315...
Loop25 pFBA...14501.0...Ave likelihood of: cpd00274_c is 0.2864846252262076...
Loop26 pFBA...6130.0...Ave likelihood of: cpd00226_c is 0.3350688683490089...
Loop27 pFBA...4568.0...Ave likelihood of: cpd00246_c is 0.41155777330697846...
Loop28 pFBA...20177.0...Ave likelihood of: cpd00374_c is 0.2577407016504284...
Loop29 pFBA...4117.0...Ave likelihood of: cpd00221_c is 0.42635016083262534...
Loop30 pFBA...3989.0...Ave likelihood of: cpd00159_c is 0.3823458012211877...
Loop31 pFBA...10254.0...Ave likelihood of: cpd00211_c is 0.3511069659354038...
Loop32 pFBA...3589.0...Ave likelihood of: cpd00047_c is 0.3818299342350126...
Loop33 pFBA...4995.0...Ave likelihood of: cpd00106_c is 0.17504984881343494...
Loop34 pFBA...7570.0...Ave likelihood of: cpd00141_c is 0.3053328640136918...
Loop35 pFBA...19895.0...Ave likelihood of: cpd00216_c is 0.27764114103440835...
Loop36 pFBA...4763.0...Ave likelihood of: cpd00036_c is 0.2247228221086435...
Loop37 pFBA...16205.0...Ave likelihood of: cpd00581_c is 0.3324192241581576...
Loop38 pFBA...4256.0...Ave likelihood of: cpd00128_c is 0.36306371613928784...
Loop39 pFBA...5763.0...Ave likelihood of: cpd00018_c is 0.3277120991428725...
Loop40 pFBA...5091.0...Ave likelihood of: cpd00091_c is 0.36803982025439774...
Loop41 pFBA...4015.0...Ave likelihood of: cpd00092_c is 0.2599897283153112...
Loop42 pFBA...61589.0...Ave likelihood of: cpd00305_c is 0.20292708312626734...
Loop43 pFBA...13406.0...Ave likelihood of: cpd00220_c is 0.258441691404626...
Loop44 pFBA...14366.0...Ave likelihood of: cpd00218_c is 0.20111275540955376...
Loop45 pFBA...13404.0...Ave likelihood of: cpd00215_c is 0.40365637146325456...
Loop46 pFBA...28026.0...Ave likelihood of: cpd00104_c is 0.1975287247565061...
Loop47 pFBA...36232.0...Ave likelihood of: cpd00393_c is 0.2189478090638554...
Loop48 pFBA...6095.0...Ave likelihood of: cpd00363_c is 0.4443407924075451...
Loop49 pFBA...8629.0...Ave likelihood of: cpd00281_c is 0.19592652725755869...
Loop50 pFBA...4074.0...Ave likelihood of: cpd00025_c is 0.40574202644353274...
Loop51 pFBA...20191.0...Ave likelihood of: cpd00811_c is 0.20942904769074247...
Loop52 pFBA...5325.0...Ave likelihood of: cpd00117_c is 0.3072432897472717...
Loop53 pFBA...7121.0...Ave likelihood of: cpd00186_c is 0.3132206774744996...
Loop54 pFBA...21678.0...Ave likelihood of: cpd00637_c is 0.24661849412964665...
Loop55 pFBA...6393.0...Ave likelihood of: cpd00550_c is 0.4256226701351038...
Loop56 pFBA...4103.0...Ave likelihood of: cpd00033_c is 0.22376319260269978...
Loop57 pFBA...5219.0...Ave likelihood of: cpd00035_c is 0.3072432897472717...
Loop58 pFBA...18159.0...Ave likelihood of: cpd00051_c is 0.23107109878367493...
Loop59 pFBA...8186.0...Ave likelihood of: cpd00132_c is 0.1509414329880427...
Loop60 pFBA...5314.0...Ave likelihood of: cpd00041_c is 0.1718525964485261...
Loop61 pFBA...13624.0...Ave likelihood of: cpd00084_c is 0.24097910716134816...
Loop62 pFBA...6629.0...Ave likelihood of: cpd00023_c is 0.27429713816058215...
Loop63 pFBA...9269.0...Ave likelihood of: cpd00053_c is 0.188241683018229...
Loop64 pFBA...15599.0...Ave likelihood of: cpd00119_c is 0.3211841780573614...
Loop65 pFBA...17017.0...Ave likelihood of: cpd00322_c is 0.2382691148844034...
Loop66 pFBA...14086.0...Ave likelihood of: cpd00107_c is 0.27692916312819454...
Loop67 pFBA...17304.0...Ave likelihood of: cpd00039_c is 0.2588515460835826...
Loop68 pFBA...20678.0...Ave likelihood of: cpd00060_c is 0.2500919940469656...
Loop69 pFBA...21172.0...Ave likelihood of: cpd00066_c is 0.2586779576346587...
Loop70 pFBA...10271.0...Ave likelihood of: cpd00129_c is 0.3107822325646471...
Loop71 pFBA...5393.0...Ave likelihood of: cpd00054_c is 0.46431564014738597...
Loop72 pFBA...7709.0...Ave likelihood of: cpd00161_c is 0.35218120102160105...
Loop73 pFBA...26566.0...Ave likelihood of: cpd00065_c is 0.20614038436063384...
Loop74 pFBA...18606.0...Ave likelihood of: cpd00069_c is 0.25312966373303575...
Loop75 pFBA...7956.0...Ave likelihood of: cpd00156_c is 0.2845483001433439...
Loop76 pFBA...24213.0...Ave likelihood of: cpd00098_c is 0.18438713114917263...
Loop77 pFBA...14714.0...Ave likelihood of: cpd00274_c is 0.1637701284283325...
Loop78 pFBA...6130.0...Ave likelihood of: cpd00226_c is 0.3350688683490089...
Loop79 pFBA...4827.0...Ave likelihood of: cpd00246_c is 0.21356042570533085...
Loop80 pFBA...20817.0...Ave likelihood of: cpd00374_c is 0.24654058252351893...
Loop81 pFBA...4310.0...Ave likelihood of: cpd00221_c is 0.2559188250830258...
Loop82 pFBA...4109.0...Ave likelihood of: cpd00159_c is 0.3609596645604658...
Loop83 pFBA...10264.0...Ave likelihood of: cpd00211_c is 0.2502639667841646...
Loop84 pFBA...3633.0...Ave likelihood of: cpd00047_c is 0.4241489510606577...
Loop85 pFBA...4995.0...Ave likelihood of: cpd00106_c is 0.17504984881343494...
Loop86 pFBA...7689.0...Ave likelihood of: cpd00141_c is 0.29739426581132666...
Loop87 pFBA...20229.0...Ave likelihood of: cpd00216_c is 0.2504190020805536...
Loop88 pFBA...4763.0...Ave likelihood of: cpd00036_c is 0.2247228221086435...
Loop89 pFBA...16205.0...Ave likelihood of: cpd00581_c is 0.3324192241581576...
Loop90 pFBA...4256.0...Ave likelihood of: cpd00128_c is 0.36306371613928784...
Loop91 pFBA...5763.0...Ave likelihood of: cpd00018_c is 0.31678836250477677...
Loop92 pFBA...5091.0...Ave likelihood of: cpd00091_c is 0.37919254208028863...
Loop93 pFBA...4015.0...Ave likelihood of: cpd00092_c is 0.2599897283153112...
Loop94 pFBA...61633.0...Ave likelihood of: cpd00305_c is 0.19503098542321914...
Loop95 pFBA...13406.0...Ave likelihood of: cpd00220_c is 0.23050204909061234...
Loop96 pFBA...14484.0...Ave likelihood of: cpd00218_c is 0.1650841001376061...
Loop97 pFBA...14010.0...Ave likelihood of: cpd00215_c is 0.29312219384118593...
Loop98 pFBA...28026.0...Ave likelihood of: cpd00104_c is 0.20212241602991318...
Loop99 pFBA...36232.0...Ave likelihood of: cpd00393_c is 0.21636650219679246...
Loop100 pFBA...6470.0...Ave likelihood of: cpd00363_c is 0.45249092840469524...
Loop101 pFBA...8629.0...Ave likelihood of: cpd00281_c is 0.19592652725755869...
Loop102 pFBA...4181.0...Ave likelihood of: cpd00025_c is 0.326766902400593...
Loop103 pFBA...20699.0...Ave likelihood of: cpd00811_c is 0.20708759638125873...
Loop104 pFBA...5325.0...Ave likelihood of: cpd00117_c is 0.3072432897472717...
Loop105 pFBA...7121.0...Ave likelihood of: cpd00186_c is 0.3132206774744996...
Loop106 pFBA...21678.0...Ave likelihood of: cpd00637_c is 0.24661849412964665...
Loop107 pFBA...6393.0...Ave likelihood of: cpd00550_c is 0.4256226701351038...
Loop108 pFBA...4103.0...Ave likelihood of: cpd00033_c is 0.22376319260269978...
Loop109 pFBA...5219.0...Ave likelihood of: cpd00035_c is 0.3072432897472717...
Loop110 pFBA...17861.0...Ave likelihood of: cpd00051_c is 0.271963069688218...
Loop111 pFBA...8186.0...Ave likelihood of: cpd00132_c is 0.1509414329880427...
Loop112 pFBA...5314.0...Ave likelihood of: cpd00041_c is 0.1718525964485261...
Loop113 pFBA...13595.0...Ave likelihood of: cpd00084_c is 0.30517382191784137...
Loop114 pFBA...6629.0...Ave likelihood of: cpd00023_c is 0.27429713816058215...
Loop115 pFBA...9269.0...Ave likelihood of: cpd00053_c is 0.18475572592529887...
Loop116 pFBA...15599.0...Ave likelihood of: cpd00119_c is 0.3211841780573614...
Loop117 pFBA...17017.0...Ave likelihood of: cpd00322_c is 0.2382691148844034...
Loop118 pFBA...14086.0...Ave likelihood of: cpd00107_c is 0.27692916312819454...
Loop119 pFBA...17108.0...Ave likelihood of: cpd00039_c is 0.27022685152121245...
Loop120 pFBA...20678.0...Ave likelihood of: cpd00060_c is 0.2500919940469656...
Loop121 pFBA...20758.0...Ave likelihood of: cpd00066_c is 0.2829488648212764...
Loop122 pFBA...10271.0...Ave likelihood of: cpd00129_c is 0.3107822325646471...
Loop123 pFBA...5393.0...Ave likelihood of: cpd00054_c is 0.46431564014738597...
Loop124 pFBA...7626.0...Ave likelihood of: cpd00161_c is 0.35582985601194667...
Loop125 pFBA...26566.0...Ave likelihood of: cpd00065_c is 0.20614038436063384...
Loop126 pFBA...18281.0...Ave likelihood of: cpd00069_c is 0.23686649090985434...
Loop127 pFBA...7956.0...Ave likelihood of: cpd00156_c is 0.2845483001433439...
Loop128 pFBA...23936.0...Ave likelihood of: cpd00098_c is 0.22486362288243747...
Loop129 pFBA...14682.0...Ave likelihood of: cpd00274_c is 0.23878032949112252...
Loop130 pFBA...6130.0...Ave likelihood of: cpd00226_c is 0.3350688683490089...
Loop131 pFBA...4545.0...Ave likelihood of: cpd00246_c is 0.36237874493112665...
Loop132 pFBA...20091.0...Ave likelihood of: cpd00374_c is 0.2616632458364794...
Loop133 pFBA...4274.0...Ave likelihood of: cpd00221_c is 0.3365840381942647...
Loop134 pFBA...4086.0...Ave likelihood of: cpd00159_c is 0.36537903534931365...
Loop135 pFBA...10235.0...Ave likelihood of: cpd00211_c is 0.3562732436438612...
Loop136 pFBA...3633.0...Ave likelihood of: cpd00047_c is 0.4241489510606577...
Loop137 pFBA...4995.0...Ave likelihood of: cpd00106_c is 0.17504984881343494...
Loop138 pFBA...7635.0...Ave likelihood of: cpd00141_c is 0.36489422521664755...
Loop139 pFBA...19753.0...Ave likelihood of: cpd00216_c is 0.2741490104065436...
Loop140 pFBA...4763.0...Ave likelihood of: cpd00036_c is 0.2247228221086435...
Loop141 pFBA...16205.0...Ave likelihood of: cpd00581_c is 0.3324192241581576...
Loop142 pFBA...4256.0...Ave likelihood of: cpd00128_c is 0.36306371613928784...
Loop143 pFBA...5763.0...Ave likelihood of: cpd00018_c is 0.3277120991428725...
Loop144 pFBA...5091.0...Ave likelihood of: cpd00091_c is 0.3680398202543978...
Loop145 pFBA...4015.0...Ave likelihood of: cpd00092_c is 0.2599897283153112...
Loop146 pFBA...61557.0...Ave likelihood of: cpd00305_c is 0.21041580282968397...
Loop147 pFBA...13406.0...Ave likelihood of: cpd00220_c is 0.2369048837875738...
Loop148 pFBA...14318.0...Ave likelihood of: cpd00218_c is 0.20073036022584256...
Loop149 pFBA...13299.0...Ave likelihood of: cpd00215_c is 0.4098862945822767...
Loop150 pFBA...28026.0...Ave likelihood of: cpd00104_c is 0.20212241602991318...
Loop151 pFBA...36232.0...Ave likelihood of: cpd00393_c is 0.21636650219679246...
Loop152 pFBA...6040.0...Ave likelihood of: cpd00363_c is 0.4721337482610331...
Loop153 pFBA...8629.0...Ave likelihood of: cpd00281_c is 0.19592652725755869...
Loop154 pFBA...4050.0...Ave likelihood of: cpd00025_c is 0.40152627339142893...
Loop155 pFBA...20085.0...Ave likelihood of: cpd00811_c is 0.21727413606284451...
31.6570978324mins to complete!
