
The following have been reloaded with a version change:
  1) anaconda2/4.4.0 => anaconda2/5.1.0

Loading in models...Adding Water...Remove no-like rxns...Pruned 1 metabolites from model
Pruned 1 reactions from model
Set-up Universal...61.0seconds to complete

Loop0 pFBA...5366.0...Ave likelihood of: cpd00117_c is 0.3945498864832416...
Loop1 pFBA...7601.0...Ave likelihood of: cpd00186_c is 0.23323305413083428...
Loop2 pFBA...22438.0...Ave likelihood of: cpd00637_c is 0.16356467408640984...
Loop3 pFBA...6387.0...Ave likelihood of: cpd00550_c is 0.28206114125211934...
Loop4 pFBA...4200.0...Ave likelihood of: cpd00033_c is 0.22626324555685742...
Loop5 pFBA...5238.0...Ave likelihood of: cpd00035_c is 0.3945498864832416...
Loop6 pFBA...18192.0...Ave likelihood of: cpd00051_c is 0.3003057905205627...
Loop7 pFBA...7955.0...Ave likelihood of: cpd00132_c is 0.19148790414611644...
Loop8 pFBA...5456.0...Ave likelihood of: cpd00041_c is 0.2084432741065309...
Loop9 pFBA...13557.0...Ave likelihood of: cpd00084_c is 0.25225381122798185...
Loop10 pFBA...7346.0...Ave likelihood of: cpd00023_c is 0.13088749360226296...
Loop11 pFBA...9679.0...Ave likelihood of: cpd00053_c is 0.16530392647596429...
Loop12 pFBA...21701.0...Ave likelihood of: cpd00119_c is 0.15546644076234328...
Loop13 pFBA...17447.0...Ave likelihood of: cpd00322_c is 0.1256893071039513...
Loop14 pFBA...14902.0...Ave likelihood of: cpd00107_c is 0.19262364404012314...
Loop15 pFBA...20517.0...Ave likelihood of: cpd00039_c is 0.17356653291446728...
Loop16 pFBA...21438.0...Ave likelihood of: cpd00060_c is 0.16544472781154096...
Loop17 pFBA...20678.0...Ave likelihood of: cpd00066_c is 0.24982186144737653...
Loop18 pFBA...10609.0...Ave likelihood of: cpd00129_c is 0.13906297296411368...
Loop19 pFBA...5387.0...Ave likelihood of: cpd00054_c is 0.2866850943874...
Loop20 pFBA...7876.0...Ave likelihood of: cpd00161_c is 0.31223979295232795...
Loop21 pFBA...29298.0...Ave likelihood of: cpd00065_c is 0.14879141277448146...
Loop22 pFBA...18543.0...Ave likelihood of: cpd00069_c is 0.25001113735644204...
Loop23 pFBA...8726.0...Ave likelihood of: cpd00156_c is 0.21653204542609972...
Loop24 pFBA...24118.0...Ave likelihood of: cpd00098_c is 0.2000052523770321...
Loop25 pFBA...14854.0...Ave likelihood of: cpd00274_c is 0.3511742711452374...
Loop26 pFBA...6121.0...Ave likelihood of: cpd00226_c is 0.3807578141930591...
Loop27 pFBA...4580.0...Ave likelihood of: cpd00246_c is 0.3852958740233918...
Loop28 pFBA...20388.0...Ave likelihood of: cpd00374_c is 0.23337423699707469...
Loop29 pFBA...4150.0...Ave likelihood of: cpd00221_c is 0.3387129516842044...
Loop30 pFBA...3971.0...Ave likelihood of: cpd00159_c is 0.41677555396758864...
Loop31 pFBA...10133.0...Ave likelihood of: cpd00211_c is 0.24823859547167956...
Loop32 pFBA...3956.0...Ave likelihood of: cpd00047_c is 0.3125044612506342...
Loop33 pFBA...5240.0...Ave likelihood of: cpd00106_c is 0.13880009319846057...
Loop34 pFBA...7652.0...Ave likelihood of: cpd00141_c is 0.3336561625626298...
Loop35 pFBA...19632.0...Ave likelihood of: cpd00216_c is 0.2802832560056795...
Loop36 pFBA...5010.0...Ave likelihood of: cpd00036_c is 0.08006522017806869...
Loop37 pFBA...22335.0...Ave likelihood of: cpd00581_c is 0.13927930412134162...
Loop38 pFBA...4436.0...Ave likelihood of: cpd00128_c is 0.2260887212849059...
Loop39 pFBA...6001.0...Ave likelihood of: cpd00018_c is 0.3155340601496102...
Loop40 pFBA...5334.0...Ave likelihood of: cpd00091_c is 0.35998713105545704...
Loop41 pFBA...3600.0...Ave likelihood of: cpd00092_c is 0.3565191915876909...
Loop42 pFBA...62733.0...Ave likelihood of: cpd00305_c is 0.16444979784125444...
Loop43 pFBA...12665.0...Ave likelihood of: cpd00220_c is 0.3020360853740062...
Loop44 pFBA...14653.0...Ave likelihood of: cpd00218_c is 0.16649873693126202...
Loop45 pFBA...14466.0...Ave likelihood of: cpd00215_c is 0.2769438463057589...
Loop46 pFBA...28520.0...Ave likelihood of: cpd00104_c is 0.18034412250926998...
Loop47 pFBA...36419.0...Ave likelihood of: cpd00393_c is 0.15405801885329126...
Loop48 pFBA...6023.0...Ave likelihood of: cpd00363_c is 0.41882083062778563...
Loop49 pFBA...9190.0...Ave likelihood of: cpd00281_c is 0.11567720019099824...
Loop50 pFBA...4106.0...Ave likelihood of: cpd00025_c is 0.26998741580064445...
Loop51 pFBA...20224.0...Ave likelihood of: cpd00811_c is 0.23231148459778095...
Loop52 pFBA...5366.0...Ave likelihood of: cpd00117_c is 0.3945498864832416...
Loop53 pFBA...7601.0...Ave likelihood of: cpd00186_c is 0.23323305413083428...
Loop54 pFBA...22525.0...Ave likelihood of: cpd00637_c is 0.11056160821979054...
Loop55 pFBA...6426.0...Ave likelihood of: cpd00550_c is 0.3801191019431874...
Loop56 pFBA...4200.0...Ave likelihood of: cpd00033_c is 0.22626324555685745...
Loop57 pFBA...5238.0...Ave likelihood of: cpd00035_c is 0.3945498864832416...
Loop58 pFBA...18552.0...Ave likelihood of: cpd00051_c is 0.3080694499297634...
Loop59 pFBA...7955.0...Ave likelihood of: cpd00132_c is 0.19148790414611644...
Loop60 pFBA...5456.0...Ave likelihood of: cpd00041_c is 0.2084432741065309...
Loop61 pFBA...13774.0...Ave likelihood of: cpd00084_c is 0.24630974120697272...
Loop62 pFBA...7346.0...Ave likelihood of: cpd00023_c is 0.13088749360226296...
Loop63 pFBA...9679.0...Ave likelihood of: cpd00053_c is 0.16528409937481847...
Loop64 pFBA...21701.0...Ave likelihood of: cpd00119_c is 0.16194420912744092...
Loop65 pFBA...17447.0...Ave likelihood of: cpd00322_c is 0.1256893071039513...
Loop66 pFBA...14902.0...Ave likelihood of: cpd00107_c is 0.19262364404012314...
Loop67 pFBA...21005.0...Ave likelihood of: cpd00039_c is 0.2096330772612766...
Loop68 pFBA...21525.0...Ave likelihood of: cpd00060_c is 0.11359069337649712...
Loop69 pFBA...21422.0...Ave likelihood of: cpd00066_c is 0.2518754183870915...
Loop70 pFBA...10609.0...Ave likelihood of: cpd00129_c is 0.15451441440457078...
Loop71 pFBA...5426.0...Ave likelihood of: cpd00054_c is 0.40546037540606655...
Loop72 pFBA...8003.0...Ave likelihood of: cpd00161_c is 0.20760414124102197...
Loop73 pFBA...29298.0...Ave likelihood of: cpd00065_c is 0.1513265117425484...
Loop74 pFBA...19023.0...Ave likelihood of: cpd00069_c is 0.2722219665546187...
Loop75 pFBA...8726.0...Ave likelihood of: cpd00156_c is 0.21653204542609972...
Loop76 pFBA...24489.0...Ave likelihood of: cpd00098_c is 0.23505470940616313...
Loop77 pFBA...15262.0...Ave likelihood of: cpd00274_c is 0.2129437745954069...
Loop78 pFBA...6121.0...Ave likelihood of: cpd00226_c is 0.3807578141930591...
Loop79 pFBA...4824.0...Ave likelihood of: cpd00246_c is 0.35648086616860675...
Loop80 pFBA...21122.0...Ave likelihood of: cpd00374_c is 0.25809017762895936...
Loop81 pFBA...4306.0...Ave likelihood of: cpd00221_c is 0.28304760111755367...
Loop82 pFBA...4138.0...Ave likelihood of: cpd00159_c is 0.3852546339894703...
Loop83 pFBA...10160.0...Ave likelihood of: cpd00211_c is 0.13440050343082832...
Loop84 pFBA...4078.0...Ave likelihood of: cpd00047_c is 0.4212631097301648...
Loop85 pFBA...5240.0...Ave likelihood of: cpd00106_c is 0.13880009319846057...
Loop86 pFBA...7795.0...Ave likelihood of: cpd00141_c is 0.19482240245812993...
Loop87 pFBA...20309.0...Ave likelihood of: cpd00216_c is 0.2332654416593311...
Loop88 pFBA...5010.0...Ave likelihood of: cpd00036_c is 0.08006522017806869...
Loop89 pFBA...22335.0...Ave likelihood of: cpd00581_c is 0.13927930412134162...
Loop90 pFBA...4436.0...Ave likelihood of: cpd00128_c is 0.2260887212849059...
Loop91 pFBA...6001.0...Ave likelihood of: cpd00018_c is 0.3155340601496102...
Loop92 pFBA...5334.0...Ave likelihood of: cpd00091_c is 0.35998713105545704...
Loop93 pFBA...3600.0...Ave likelihood of: cpd00092_c is 0.3565191915876909...
Loop94 pFBA...62810.0...Ave likelihood of: cpd00305_c is 0.16892920948515694...
Loop95 pFBA...12677.0...Ave likelihood of: cpd00220_c is 0.23582398758164763...
Loop96 pFBA...14838.0...Ave likelihood of: cpd00218_c is 0.15819461531485407...
Loop97 pFBA...14805.0...Ave likelihood of: cpd00215_c is 0.33649960194636935...
Loop98 pFBA...28596.0...Ave likelihood of: cpd00104_c is 0.16008099116509686...
Loop99 pFBA...36428.0...Ave likelihood of: cpd00393_c is 0.15347719443154345...
Loop100 pFBA...6454.0...Ave likelihood of: cpd00363_c is 0.4675046364276066...
Loop101 pFBA...9190.0...Ave likelihood of: cpd00281_c is 0.11567720019099824...
Loop102 pFBA...4235.0...Ave likelihood of: cpd00025_c is 0.36042783110140014...
Loop103 pFBA...20984.0...Ave likelihood of: cpd00811_c is 0.29498107933136136...
Loop104 pFBA...5366.0...Ave likelihood of: cpd00117_c is 0.3945498864832416...
Loop105 pFBA...7601.0...Ave likelihood of: cpd00186_c is 0.23323305413083428...
Loop106 pFBA...22474.0...Ave likelihood of: cpd00637_c is 0.16280082771545734...
Loop107 pFBA...6414.0...Ave likelihood of: cpd00550_c is 0.29506149691722416...
Loop108 pFBA...4200.0...Ave likelihood of: cpd00033_c is 0.22626324555685742...
Loop109 pFBA...5238.0...Ave likelihood of: cpd00035_c is 0.3945498864832416...
Loop110 pFBA...18277.0...Ave likelihood of: cpd00051_c is 0.28982542553509205...
Loop111 pFBA...7955.0...Ave likelihood of: cpd00132_c is 0.19148790414611644...
Loop112 pFBA...5456.0...Ave likelihood of: cpd00041_c is 0.2084432741065309...
Loop113 pFBA...13713.0...Ave likelihood of: cpd00084_c is 0.2976856446003992...
Loop114 pFBA...7346.0...Ave likelihood of: cpd00023_c is 0.13088749360226296...
Loop115 pFBA...9679.0...Ave likelihood of: cpd00053_c is 0.16528409937481847...
Loop116 pFBA...21701.0...Ave likelihood of: cpd00119_c is 0.15863922526769722...
Loop117 pFBA...17447.0...Ave likelihood of: cpd00322_c is 0.1256893071039513...
Loop118 pFBA...14902.0...Ave likelihood of: cpd00107_c is 0.19262364404012314...
Loop119 pFBA...20669.0...Ave likelihood of: cpd00039_c is 0.19089753189333675...
Loop120 pFBA...21474.0...Ave likelihood of: cpd00060_c is 0.16478620366320682...
Loop121 pFBA...20791.0...Ave likelihood of: cpd00066_c is 0.2682079646571247...
Loop122 pFBA...10609.0...Ave likelihood of: cpd00129_c is 0.15451441440457078...
Loop123 pFBA...5414.0...Ave likelihood of: cpd00054_c is 0.3014758772849899...
Loop124 pFBA...7871.0...Ave likelihood of: cpd00161_c is 0.3128459263067791...
Loop125 pFBA...29298.0...Ave likelihood of: cpd00065_c is 0.14879141277448146...
Loop126 pFBA...18589.0...Ave likelihood of: cpd00069_c is 0.2424442750494577...
Loop127 pFBA...8726.0...Ave likelihood of: cpd00156_c is 0.21653204542609972...
Loop128 pFBA...24114.0...Ave likelihood of: cpd00098_c is 0.17215924095326496...
Loop129 pFBA...15001.0...Ave likelihood of: cpd00274_c is 0.33734478925473654...
Loop130 pFBA...6121.0...Ave likelihood of: cpd00226_c is 0.3807578141930591...
Loop131 pFBA...4604.0...Ave likelihood of: cpd00246_c is 0.38814917966031975...
Loop132 pFBA...20501.0...Ave likelihood of: cpd00374_c is 0.27420797581849954...
Loop133 pFBA...4276.0...Ave likelihood of: cpd00221_c is 0.3491798836865894...
Loop134 pFBA...4094.0...Ave likelihood of: cpd00159_c is 0.3339237216272895...
Loop135 pFBA...10131.0...Ave likelihood of: cpd00211_c is 0.24886946896304707...
Loop136 pFBA...4044.0...Ave likelihood of: cpd00047_c is 0.29314299659739396...
Loop137 pFBA...5240.0...Ave likelihood of: cpd00106_c is 0.13880009319846057...
Loop138 pFBA...7770.0...Ave likelihood of: cpd00141_c is 0.24477407135652682...
Loop139 pFBA...19850.0...Ave likelihood of: cpd00216_c is 0.26800426231684293...
Loop140 pFBA...5010.0...Ave likelihood of: cpd00036_c is 0.08006522017806869...
Loop141 pFBA...22335.0...Ave likelihood of: cpd00581_c is 0.1361314394127813...
Loop142 pFBA...4436.0...Ave likelihood of: cpd00128_c is 0.2260887212849059...
Loop143 pFBA...6001.0...Ave likelihood of: cpd00018_c is 0.3155340601496102...
Loop144 pFBA...5334.0...Ave likelihood of: cpd00091_c is 0.35998713105545704...
Loop145 pFBA...3600.0...Ave likelihood of: cpd00092_c is 0.3565191915876909...
Loop146 pFBA...62729.0...Ave likelihood of: cpd00305_c is 0.16908446942416105...
Loop147 pFBA...12657.0...Ave likelihood of: cpd00220_c is 0.30266695886537376...
Loop148 pFBA...14739.0...Ave likelihood of: cpd00218_c is 0.18051747936784257...
Loop149 pFBA...14456.0...Ave likelihood of: cpd00215_c is 0.28915525476533...
Loop150 pFBA...28511.0...Ave likelihood of: cpd00104_c is 0.18067298209519564...
Loop151 pFBA...36418.0...Ave likelihood of: cpd00393_c is 0.15454869823546605...
Loop152 pFBA...6030.0...Ave likelihood of: cpd00363_c is 0.4459519913042753...
Loop153 pFBA...9190.0...Ave likelihood of: cpd00281_c is 0.11567720019099824...
Loop154 pFBA...4141.0...Ave likelihood of: cpd00025_c is 0.32809269030559685...
Loop155 pFBA...20249.0...Ave likelihood of: cpd00811_c is 0.2107795473731957...
32.2113462687mins to complete!
