
The following have been reloaded with a version change:
  1) anaconda2/4.4.0 => anaconda2/5.1.0

Loading in models...Adding Water...Remove no-like rxns...Pruned 1 metabolites from model
Pruned 1 reactions from model
Set-up Universal...62.0seconds to complete

Loop0 pFBA...5366.0...Ave likelihood of: cpd00117_c is 0.39450475248990496...
Loop1 pFBA...7601.0...Ave likelihood of: cpd00186_c is 0.23323305413083428...
Loop2 pFBA...22417.0...Ave likelihood of: cpd00637_c is 0.17924973254216675...
Loop3 pFBA...6385.0...Ave likelihood of: cpd00550_c is 0.2912058801465473...
Loop4 pFBA...4200.0...Ave likelihood of: cpd00033_c is 0.2263366678053958...
Loop5 pFBA...5239.0...Ave likelihood of: cpd00035_c is 0.39450475248990496...
Loop6 pFBA...18170.0...Ave likelihood of: cpd00051_c is 0.30343120925059397...
Loop7 pFBA...7954.0...Ave likelihood of: cpd00132_c is 0.19156195119499825...
Loop8 pFBA...5455.0...Ave likelihood of: cpd00041_c is 0.2085286803324756...
Loop9 pFBA...13557.0...Ave likelihood of: cpd00084_c is 0.25242922144254515...
Loop10 pFBA...7346.0...Ave likelihood of: cpd00023_c is 0.13088749360226296...
Loop11 pFBA...9678.0...Ave likelihood of: cpd00053_c is 0.16536093268092558...
Loop12 pFBA...21700.0...Ave likelihood of: cpd00119_c is 0.1587171849640206...
Loop13 pFBA...17447.0...Ave likelihood of: cpd00322_c is 0.12573526001273377...
Loop14 pFBA...14902.0...Ave likelihood of: cpd00107_c is 0.19247748906757708...
Loop15 pFBA...20516.0...Ave likelihood of: cpd00039_c is 0.17358109720701304...
Loop16 pFBA...21417.0...Ave likelihood of: cpd00060_c is 0.18111691725614765...
Loop17 pFBA...20675.0...Ave likelihood of: cpd00066_c is 0.24998889449608663...
Loop18 pFBA...10609.0...Ave likelihood of: cpd00129_c is 0.15451053469341444...
Loop19 pFBA...5385.0...Ave likelihood of: cpd00054_c is 0.3037847810590024...
Loop20 pFBA...7857.0...Ave likelihood of: cpd00161_c is 0.3282946112516432...
Loop21 pFBA...29294.0...Ave likelihood of: cpd00065_c is 0.16856694440781508...
Loop22 pFBA...18541.0...Ave likelihood of: cpd00069_c is 0.2539862369870434...
Loop23 pFBA...8728.0...Ave likelihood of: cpd00156_c is 0.21641785496882063...
Loop24 pFBA...23951.0...Ave likelihood of: cpd00098_c is 0.2245739479194723...
Loop25 pFBA...14852.0...Ave likelihood of: cpd00274_c is 0.3513732677361583...
Loop26 pFBA...6121.0...Ave likelihood of: cpd00226_c is 0.38074813886993814...
Loop27 pFBA...4580.0...Ave likelihood of: cpd00246_c is 0.38550846859284493...
Loop28 pFBA...20385.0...Ave likelihood of: cpd00374_c is 0.23727335145629538...
Loop29 pFBA...4148.0...Ave likelihood of: cpd00221_c is 0.33908014408502585...
Loop30 pFBA...3971.0...Ave likelihood of: cpd00159_c is 0.4168072300735224...
Loop31 pFBA...10131.0...Ave likelihood of: cpd00211_c is 0.2483449712004486...
Loop32 pFBA...3981.0...Ave likelihood of: cpd00047_c is 0.31926018890831387...
Loop33 pFBA...5239.0...Ave likelihood of: cpd00106_c is 0.16404446722396046...
Loop34 pFBA...7652.0...Ave likelihood of: cpd00141_c is 0.3339689191748128...
Loop35 pFBA...19627.0...Ave likelihood of: cpd00216_c is 0.28049845386869354...
Loop36 pFBA...5009.0...Ave likelihood of: cpd00036_c is 0.08068553108278702...
Loop37 pFBA...22335.0...Ave likelihood of: cpd00581_c is 0.13609983165529427...
Loop38 pFBA...4433.0...Ave likelihood of: cpd00128_c is 0.22690702078312952...
Loop39 pFBA...6001.0...Ave likelihood of: cpd00018_c is 0.31550145758297615...
Loop40 pFBA...5187.0...Ave likelihood of: cpd00091_c is 0.40913479784684675...
Loop41 pFBA...3564.0...Ave likelihood of: cpd00092_c is 0.3762886174886171...
Loop42 pFBA...62583.0...Ave likelihood of: cpd00305_c is 0.17851103096207924...
Loop43 pFBA...12628.0...Ave likelihood of: cpd00220_c is 0.2346066234336866...
Loop44 pFBA...14652.0...Ave likelihood of: cpd00218_c is 0.1665695432231192...
Loop45 pFBA...14441.0...Ave likelihood of: cpd00215_c is 0.2726187553872354...
Loop46 pFBA...28429.0...Ave likelihood of: cpd00104_c is 0.18800876709264308...
Loop47 pFBA...36420.0...Ave likelihood of: cpd00393_c is 0.15403719470346997...
Loop48 pFBA...6022.0...Ave likelihood of: cpd00363_c is 0.41915745617102845...
Loop49 pFBA...9190.0...Ave likelihood of: cpd00281_c is 0.11567720019099824...
Loop50 pFBA...4105.0...Ave likelihood of: cpd00025_c is 0.28124823231109186...
Loop51 pFBA...20223.0...Ave likelihood of: cpd00811_c is 0.23246065491032653...
Loop52 pFBA...5366.0...Ave likelihood of: cpd00117_c is 0.39450475248990496...
Loop53 pFBA...7601.0...Ave likelihood of: cpd00186_c is 0.23323305413083428...
Loop54 pFBA...22479.0...Ave likelihood of: cpd00637_c is 0.11980332017722603...
Loop55 pFBA...6425.0...Ave likelihood of: cpd00550_c is 0.3806297394252521...
Loop56 pFBA...4200.0...Ave likelihood of: cpd00033_c is 0.2263366678053958...
Loop57 pFBA...5239.0...Ave likelihood of: cpd00035_c is 0.39450475248990496...
Loop58 pFBA...18551.0...Ave likelihood of: cpd00051_c is 0.3080608153731609...
Loop59 pFBA...7954.0...Ave likelihood of: cpd00132_c is 0.19156195119499825...
Loop60 pFBA...5455.0...Ave likelihood of: cpd00041_c is 0.1747427357081556...
Loop61 pFBA...13754.0...Ave likelihood of: cpd00084_c is 0.25260024537804093...
Loop62 pFBA...7346.0...Ave likelihood of: cpd00023_c is 0.13088749360226296...
Loop63 pFBA...9678.0...Ave likelihood of: cpd00053_c is 0.1653411055797798...
Loop64 pFBA...21700.0...Ave likelihood of: cpd00119_c is 0.1587171849640206...
Loop65 pFBA...17447.0...Ave likelihood of: cpd00322_c is 0.12573526001273377...
Loop66 pFBA...14902.0...Ave likelihood of: cpd00107_c is 0.19247748906757708...
Loop67 pFBA...21001.0...Ave likelihood of: cpd00039_c is 0.21921623876896823...
Loop68 pFBA...21479.0...Ave likelihood of: cpd00060_c is 0.1214444615495168...
Loop69 pFBA...21389.0...Ave likelihood of: cpd00066_c is 0.28426987762567263...
Loop70 pFBA...10609.0...Ave likelihood of: cpd00129_c is 0.15451053469341444...
Loop71 pFBA...5425.0...Ave likelihood of: cpd00054_c is 0.4060050553869356...
Loop72 pFBA...7972.0...Ave likelihood of: cpd00161_c is 0.2422530609131419...
Loop73 pFBA...29294.0...Ave likelihood of: cpd00065_c is 0.17103444073673357...
Loop74 pFBA...18999.0...Ave likelihood of: cpd00069_c is 0.2797565699162218...
Loop75 pFBA...8728.0...Ave likelihood of: cpd00156_c is 0.21641785496882063...
Loop76 pFBA...24332.0...Ave likelihood of: cpd00098_c is 0.2381373297879344...
Loop77 pFBA...15262.0...Ave likelihood of: cpd00274_c is 0.2129398840628538...
Loop78 pFBA...6121.0...Ave likelihood of: cpd00226_c is 0.38074813886993814...
Loop79 pFBA...4821.0...Ave likelihood of: cpd00246_c is 0.3586928030377251...
Loop80 pFBA...21108.0...Ave likelihood of: cpd00374_c is 0.2697916503167102...
Loop81 pFBA...4297.0...Ave likelihood of: cpd00221_c is 0.2965144268558866...
Loop82 pFBA...4135.0...Ave likelihood of: cpd00159_c is 0.3147435418077836...
Loop83 pFBA...10160.0...Ave likelihood of: cpd00211_c is 0.14931573003522852...
Loop84 pFBA...4078.0...Ave likelihood of: cpd00047_c is 0.42155322627599007...
Loop85 pFBA...5239.0...Ave likelihood of: cpd00106_c is 0.13888666539905034...
Loop86 pFBA...7794.0...Ave likelihood of: cpd00141_c is 0.19526951290794317...
Loop87 pFBA...20306.0...Ave likelihood of: cpd00216_c is 0.2334246645140838...
Loop88 pFBA...5009.0...Ave likelihood of: cpd00036_c is 0.08068553108278702...
Loop89 pFBA...22335.0...Ave likelihood of: cpd00581_c is 0.13926494401937087...
Loop90 pFBA...4433.0...Ave likelihood of: cpd00128_c is 0.22690702078312952...
Loop91 pFBA...6001.0...Ave likelihood of: cpd00018_c is 0.31550145758297615...
Loop92 pFBA...5187.0...Ave likelihood of: cpd00091_c is 0.40913479784684675...
Loop93 pFBA...3564.0...Ave likelihood of: cpd00092_c is 0.3762886174886171...
Loop94 pFBA...62661.0...Ave likelihood of: cpd00305_c is 0.1755534122871279...
Loop95 pFBA...12628.0...Ave likelihood of: cpd00220_c is 0.22257551453965135...
Loop96 pFBA...14806.0...Ave likelihood of: cpd00218_c is 0.17255632609062801...
Loop97 pFBA...14731.0...Ave likelihood of: cpd00215_c is 0.3121940908213328...
Loop98 pFBA...28514.0...Ave likelihood of: cpd00104_c is 0.1620905438182171...
Loop99 pFBA...36426.0...Ave likelihood of: cpd00393_c is 0.16790371703197587...
Loop100 pFBA...6451.0...Ave likelihood of: cpd00363_c is 0.4674625317572148...
Loop101 pFBA...9190.0...Ave likelihood of: cpd00281_c is 0.11567720019099824...
Loop102 pFBA...4226.0...Ave likelihood of: cpd00025_c is 0.3737014195399625...
Loop103 pFBA...20990.0...Ave likelihood of: cpd00811_c is 0.29476894851915914...
Loop104 pFBA...5366.0...Ave likelihood of: cpd00117_c is 0.39450475248990496...
Loop105 pFBA...7601.0...Ave likelihood of: cpd00186_c is 0.23323305413083428...
Loop106 pFBA...22451.0...Ave likelihood of: cpd00637_c is 0.1752824467831592...
Loop107 pFBA...6415.0...Ave likelihood of: cpd00550_c is 0.2983927006791987...
Loop108 pFBA...4200.0...Ave likelihood of: cpd00033_c is 0.2263366678053958...
Loop109 pFBA...5239.0...Ave likelihood of: cpd00035_c is 0.39450475248990496...
Loop110 pFBA...18264.0...Ave likelihood of: cpd00051_c is 0.29910982997011926...
Loop111 pFBA...7954.0...Ave likelihood of: cpd00132_c is 0.19156195119499825...
Loop112 pFBA...5455.0...Ave likelihood of: cpd00041_c is 0.2085286803324756...
Loop113 pFBA...13694.0...Ave likelihood of: cpd00084_c is 0.3001899869279484...
Loop114 pFBA...7346.0...Ave likelihood of: cpd00023_c is 0.13088749360226296...
Loop115 pFBA...9678.0...Ave likelihood of: cpd00053_c is 0.16534110557977977...
Loop116 pFBA...21700.0...Ave likelihood of: cpd00119_c is 0.1587171849640206...
Loop117 pFBA...17447.0...Ave likelihood of: cpd00322_c is 0.12573526001273377...
Loop118 pFBA...14902.0...Ave likelihood of: cpd00107_c is 0.19247748906757708...
Loop119 pFBA...20668.0...Ave likelihood of: cpd00039_c is 0.19095564490296205...
Loop120 pFBA...21451.0...Ave likelihood of: cpd00060_c is 0.17913480825092096...
Loop121 pFBA...20788.0...Ave likelihood of: cpd00066_c is 0.2683843871443948...
Loop122 pFBA...10609.0...Ave likelihood of: cpd00129_c is 0.139059481224073...
Loop123 pFBA...5415.0...Ave likelihood of: cpd00054_c is 0.30487949852005086...
Loop124 pFBA...7851.0...Ave likelihood of: cpd00161_c is 0.3289657529001594...
Loop125 pFBA...29294.0...Ave likelihood of: cpd00065_c is 0.17103444073673355...
Loop126 pFBA...18586.0...Ave likelihood of: cpd00069_c is 0.25676754521500134...
Loop127 pFBA...8728.0...Ave likelihood of: cpd00156_c is 0.21641785496882063...
Loop128 pFBA...23950.0...Ave likelihood of: cpd00098_c is 0.1980655091853652...
Loop129 pFBA...14998.0...Ave likelihood of: cpd00274_c is 0.337584278179148...
Loop130 pFBA...6121.0...Ave likelihood of: cpd00226_c is 0.38074813886993814...
Loop131 pFBA...4604.0...Ave likelihood of: cpd00246_c is 0.38818766771734614...
Loop132 pFBA...20498.0...Ave likelihood of: cpd00374_c is 0.2742893459948799...
Loop133 pFBA...4276.0...Ave likelihood of: cpd00221_c is 0.3492441022551261...
Loop134 pFBA...4094.0...Ave likelihood of: cpd00159_c is 0.3339751971565916...
Loop135 pFBA...10129.0...Ave likelihood of: cpd00211_c is 0.24901611284896474...
Loop136 pFBA...4044.0...Ave likelihood of: cpd00047_c is 0.3299579155998795...
Loop137 pFBA...5239.0...Ave likelihood of: cpd00106_c is 0.13888666539905034...
Loop138 pFBA...7781.0...Ave likelihood of: cpd00141_c is 0.3144061904181443...
Loop139 pFBA...19844.0...Ave likelihood of: cpd00216_c is 0.26822053849131433...
Loop140 pFBA...5009.0...Ave likelihood of: cpd00036_c is 0.08068553108278702...
Loop141 pFBA...22335.0...Ave likelihood of: cpd00581_c is 0.13609983165529427...
Loop142 pFBA...4433.0...Ave likelihood of: cpd00128_c is 0.22690702078312952...
Loop143 pFBA...6001.0...Ave likelihood of: cpd00018_c is 0.31550145758297615...
Loop144 pFBA...5187.0...Ave likelihood of: cpd00091_c is 0.40913479784684675...
Loop145 pFBA...3564.0...Ave likelihood of: cpd00092_c is 0.3762886174886171...
Loop146 pFBA...62579.0...Ave likelihood of: cpd00305_c is 0.17729748854387264...
Loop147 pFBA...12623.0...Ave likelihood of: cpd00220_c is 0.267492298046859...
Loop148 pFBA...14738.0...Ave likelihood of: cpd00218_c is 0.18058013736364845...
Loop149 pFBA...14430.0...Ave likelihood of: cpd00215_c is 0.2734208515037547...
Loop150 pFBA...28418.0...Ave likelihood of: cpd00104_c is 0.1926031881596383...
Loop151 pFBA...36419.0...Ave likelihood of: cpd00393_c is 0.15455919376342697...
Loop152 pFBA...6027.0...Ave likelihood of: cpd00363_c is 0.44636502929691885...
Loop153 pFBA...9190.0...Ave likelihood of: cpd00281_c is 0.11567720019099824...
Loop154 pFBA...4140.0...Ave likelihood of: cpd00025_c is 0.33563272655524035...
Loop155 pFBA...20247.0...Ave likelihood of: cpd00811_c is 0.21092244217843498...
32.9376956185mins to complete!
