
The following have been reloaded with a version change:
  1) anaconda2/4.4.0 => anaconda2/5.1.0

Loading in models...Adding Water...Remove no-like rxns...Pruned 1 metabolites from model
Pruned 1 reactions from model
Set-up Universal...63.0seconds to complete

Loop0 pFBA...5568.0...Ave likelihood of: cpd00117_c is 0.4716365593407504...
Loop1 pFBA...6841.0...Ave likelihood of: cpd00186_c is 0.35985153202427034...
Loop2 pFBA...21384.0...Ave likelihood of: cpd00637_c is 0.26779706388197655...
Loop3 pFBA...6434.0...Ave likelihood of: cpd00550_c is 0.34619485128273836...
Loop4 pFBA...4055.0...Ave likelihood of: cpd00033_c is 0.25551332909433727...
Loop5 pFBA...5446.0...Ave likelihood of: cpd00035_c is 0.4716365593407504...
Loop6 pFBA...18106.0...Ave likelihood of: cpd00051_c is 0.31085256066302797...
Loop7 pFBA...7913.0...Ave likelihood of: cpd00132_c is 0.24990811968303614...
Loop8 pFBA...5182.0...Ave likelihood of: cpd00041_c is 0.2230596029914405...
Loop9 pFBA...13630.0...Ave likelihood of: cpd00084_c is 0.27594325929694...
Loop10 pFBA...6592.0...Ave likelihood of: cpd00023_c is 0.28155025548519413...
Loop11 pFBA...9082.0...Ave likelihood of: cpd00053_c is 0.3109110148197755...
Loop12 pFBA...16375.0...Ave likelihood of: cpd00119_c is 0.33013828804102163...
Loop13 pFBA...16748.0...Ave likelihood of: cpd00322_c is 0.3535432563238181...
Loop14 pFBA...14214.0...Ave likelihood of: cpd00107_c is 0.26385897597977326...
Loop15 pFBA...17685.0...Ave likelihood of: cpd00039_c is 0.3339654241064397...
Loop16 pFBA...20384.0...Ave likelihood of: cpd00060_c is 0.2713676914004029...
Loop17 pFBA...20596.0...Ave likelihood of: cpd00066_c is 0.23942017390310116...
Loop18 pFBA...10265.0...Ave likelihood of: cpd00129_c is 0.20315661572225416...
Loop19 pFBA...5434.0...Ave likelihood of: cpd00054_c is 0.353560699182371...
Loop20 pFBA...7355.0...Ave likelihood of: cpd00161_c is 0.39801343170811526...
Loop21 pFBA...27275.0...Ave likelihood of: cpd00065_c is 0.24964583855989186...
Loop22 pFBA...18321.0...Ave likelihood of: cpd00069_c is 0.21405983634575043...
Loop23 pFBA...7671.0...Ave likelihood of: cpd00156_c is 0.3329328211997173...
Loop24 pFBA...23628.0...Ave likelihood of: cpd00098_c is 0.24671070289024982...
Loop25 pFBA...14162.0...Ave likelihood of: cpd00274_c is 0.19460842595021507...
Loop26 pFBA...6631.0...Ave likelihood of: cpd00226_c is 0.3259676574351894...
Loop27 pFBA...4462.0...Ave likelihood of: cpd00246_c is 0.4372212967283076...
Loop28 pFBA...20053.0...Ave likelihood of: cpd00374_c is 0.22897648074525695...
Loop29 pFBA...4761.0...Ave likelihood of: cpd00221_c is 0.42306499305205764...
Loop30 pFBA...4284.0...Ave likelihood of: cpd00159_c is 0.42113088667928306...
Loop31 pFBA...10344.0...Ave likelihood of: cpd00211_c is 0.3540382293934997...
Loop32 pFBA...3766.0...Ave likelihood of: cpd00047_c is 0.2594929232955298...
Loop33 pFBA...5000.0...Ave likelihood of: cpd00106_c is 0.19003688334104987...
Loop34 pFBA...7573.0...Ave likelihood of: cpd00141_c is 0.412469985919206...
Loop35 pFBA...19236.0...Ave likelihood of: cpd00216_c is 0.23655838983066843...
Loop36 pFBA...4803.0...Ave likelihood of: cpd00036_c is 0.22811534698784924...
Loop37 pFBA...16944.0...Ave likelihood of: cpd00581_c is 0.32617210960192555...
Loop38 pFBA...4747.0...Ave likelihood of: cpd00128_c is 0.3457156092996721...
Loop39 pFBA...5862.0...Ave likelihood of: cpd00018_c is 0.2797419754859346...
Loop40 pFBA...5862.0...Ave likelihood of: cpd00091_c is 0.2797419754859346...
Loop41 pFBA...3610.0...Ave likelihood of: cpd00092_c is 0.36665676403281255...
Loop42 pFBA...63880.0...Ave likelihood of: cpd00305_c is 0.15933140823069772...
Loop43 pFBA...13684.0...Ave likelihood of: cpd00220_c is 0.29600076105680373...
Loop44 pFBA...14475.0...Ave likelihood of: cpd00218_c is 0.21321464600722476...
Loop45 pFBA...14522.0...Ave likelihood of: cpd00215_c is 0.31434362459743465...
Loop46 pFBA...28671.0...Ave likelihood of: cpd00104_c is 0.20712728475221812...
Loop47 pFBA...36052.0...Ave likelihood of: cpd00393_c is 0.16979789134480125...
Loop48 pFBA...5715.0...Ave likelihood of: cpd00363_c is 0.5635388396616401...
Loop49 pFBA...8589.0...Ave likelihood of: cpd00281_c is 0.20164210482497205...
Loop50 pFBA...4024.0...Ave likelihood of: cpd00025_c is 0.27465354852229423...
Loop51 pFBA...19599.0...Ave likelihood of: cpd00811_c is 0.25941440381715675...
Loop52 pFBA...5422.0...Ave likelihood of: cpd00714_c is 0.3706935629087747...
Loop53 pFBA...5568.0...Ave likelihood of: cpd00117_c is 0.4716365593407504...
Loop54 pFBA...6841.0...Ave likelihood of: cpd00186_c is 0.35985153202427034...
Loop55 pFBA...21648.0...Ave likelihood of: cpd00637_c is 0.27798339075438083...
Loop56 pFBA...6503.0...Ave likelihood of: cpd00550_c is 0.2971056370297542...
Loop57 pFBA...4056.0...Ave likelihood of: cpd00033_c is 0.23865960139315637...
Loop58 pFBA...5446.0...Ave likelihood of: cpd00035_c is 0.4716365593407504...
Loop59 pFBA...18314.0...Ave likelihood of: cpd00051_c is 0.27954584339472344...
Loop60 pFBA...7913.0...Ave likelihood of: cpd00132_c is 0.24990811968303614...
Loop61 pFBA...5182.0...Ave likelihood of: cpd00041_c is 0.2230596029914405...
Loop62 pFBA...13757.0...Ave likelihood of: cpd00084_c is 0.2525293141706529...
Loop63 pFBA...6592.0...Ave likelihood of: cpd00023_c is 0.28155025548519413...
Loop64 pFBA...9082.0...Ave likelihood of: cpd00053_c is 0.3109110148197755...
Loop65 pFBA...16375.0...Ave likelihood of: cpd00119_c is 0.33013828804102163...
Loop66 pFBA...16757.0...Ave likelihood of: cpd00322_c is 0.23982793283429044...
Loop67 pFBA...14214.0...Ave likelihood of: cpd00107_c is 0.26385897597977326...
Loop68 pFBA...17906.0...Ave likelihood of: cpd00039_c is 0.3411085693653266...
Loop69 pFBA...20648.0...Ave likelihood of: cpd00060_c is 0.2813325882333492...
Loop70 pFBA...21462.0...Ave likelihood of: cpd00066_c is 0.23445094099130648...
Loop71 pFBA...10265.0...Ave likelihood of: cpd00129_c is 0.20315661572225416...
Loop72 pFBA...5503.0...Ave likelihood of: cpd00054_c is 0.316273742644577...
Loop73 pFBA...7646.0...Ave likelihood of: cpd00161_c is 0.3352498067214345...
Loop74 pFBA...27275.0...Ave likelihood of: cpd00065_c is 0.24964583855989186...
Loop75 pFBA...18866.0...Ave likelihood of: cpd00069_c is 0.23790506637276146...
Loop76 pFBA...7671.0...Ave likelihood of: cpd00156_c is 0.3329328211997173...
Loop77 pFBA...24529.0...Ave likelihood of: cpd00098_c is 0.26031187711901466...
Loop78 pFBA...14162.0...Ave likelihood of: cpd00274_c is 0.19460842595021507...
Loop79 pFBA...6631.0...Ave likelihood of: cpd00226_c is 0.3259676574351894...
Loop80 pFBA...4793.0...Ave likelihood of: cpd00246_c is 0.363671249123229...
Loop81 pFBA...20825.0...Ave likelihood of: cpd00374_c is 0.2214849167677982...
Loop82 pFBA...5086.0...Ave likelihood of: cpd00221_c is 0.34922309965924203...
Loop83 pFBA...4348.0...Ave likelihood of: cpd00159_c is 0.3831019026726638...
Loop84 pFBA...10515.0...Ave likelihood of: cpd00211_c is 0.21378847647484517...
Loop85 pFBA...3766.0...Ave likelihood of: cpd00047_c is 0.21918139453765065...
Loop86 pFBA...5000.0...Ave likelihood of: cpd00106_c is 0.19003688334104987...
Loop87 pFBA...7734.0...Ave likelihood of: cpd00141_c is 0.323716124563867...
Loop88 pFBA...20286.0...Ave likelihood of: cpd00216_c is 0.21777899945048784...
Loop89 pFBA...4803.0...Ave likelihood of: cpd00036_c is 0.22811534698784924...
Loop90 pFBA...16944.0...Ave likelihood of: cpd00581_c is 0.32617210960192555...
Loop91 pFBA...4747.0...Ave likelihood of: cpd00128_c is 0.3457156092996721...
Loop92 pFBA...5862.0...Ave likelihood of: cpd00018_c is 0.2797419754859346...
Loop93 pFBA...5862.0...Ave likelihood of: cpd00091_c is 0.2797419754859346...
Loop94 pFBA...3618.0...Ave likelihood of: cpd00092_c is 0.32160645918164327...
Loop95 pFBA...64050.0...Ave likelihood of: cpd00305_c is 0.12320720711142912...
Loop96 pFBA...14057.0...Ave likelihood of: cpd00220_c is 0.17265598184626957...
Loop97 pFBA...14715.0...Ave likelihood of: cpd00218_c is 0.21051336754271488...
Loop98 pFBA...15036.0...Ave likelihood of: cpd00215_c is 0.3487535179964112...
Loop99 pFBA...28716.0...Ave likelihood of: cpd00104_c is 0.17222969797496138...
Loop100 pFBA...36061.0...Ave likelihood of: cpd00393_c is 0.17069245683045156...
Loop101 pFBA...6433.0...Ave likelihood of: cpd00363_c is 0.3841088812161903...
Loop102 pFBA...8589.0...Ave likelihood of: cpd00281_c is 0.20164210482497205...
Loop103 pFBA...4209.0...Ave likelihood of: cpd00025_c is 0.38059393215090426...
Loop104 pFBA...20469.0...Ave likelihood of: cpd00811_c is 0.3013541767628245...
Loop105 pFBA...6378.0...Ave likelihood of: cpd00714_c is 0.4249164920278545...
Loop106 pFBA...5568.0...Ave likelihood of: cpd00117_c is 0.4716365593407504...
Loop107 pFBA...6841.0...Ave likelihood of: cpd00186_c is 0.35985153202427034...
Loop108 pFBA...21551.0...Ave likelihood of: cpd00637_c is 0.246827678562304...
Loop109 pFBA...6457.0...Ave likelihood of: cpd00550_c is 0.30230902718529007...
Loop110 pFBA...4055.0...Ave likelihood of: cpd00033_c is 0.22831270719664792...
Loop111 pFBA...5446.0...Ave likelihood of: cpd00035_c is 0.4716365593407504...
Loop112 pFBA...18196.0...Ave likelihood of: cpd00051_c is 0.27289373682604234...
Loop113 pFBA...7913.0...Ave likelihood of: cpd00132_c is 0.24990811968303614...
Loop114 pFBA...5182.0...Ave likelihood of: cpd00041_c is 0.2230596029914405...
Loop115 pFBA...13743.0...Ave likelihood of: cpd00084_c is 0.23436896596411796...
Loop116 pFBA...6592.0...Ave likelihood of: cpd00023_c is 0.28155025548519413...
Loop117 pFBA...9082.0...Ave likelihood of: cpd00053_c is 0.3109110148197755...
Loop118 pFBA...16375.0...Ave likelihood of: cpd00119_c is 0.3236649882755114...
Loop119 pFBA...16757.0...Ave likelihood of: cpd00322_c is 0.23982793283429044...
Loop120 pFBA...14214.0...Ave likelihood of: cpd00107_c is 0.26385897597977326...
Loop121 pFBA...17739.0...Ave likelihood of: cpd00039_c is 0.2846549245969892...
Loop122 pFBA...20551.0...Ave likelihood of: cpd00060_c is 0.2500332328293469...
Loop123 pFBA...20955.0...Ave likelihood of: cpd00066_c is 0.22643909517617525...
Loop124 pFBA...10265.0...Ave likelihood of: cpd00129_c is 0.20315661572225416...
Loop125 pFBA...5457.0...Ave likelihood of: cpd00054_c is 0.30860713191831696...
Loop126 pFBA...7507.0...Ave likelihood of: cpd00161_c is 0.3463932147272989...
Loop127 pFBA...27275.0...Ave likelihood of: cpd00065_c is 0.24964583855989186...
Loop128 pFBA...18485.0...Ave likelihood of: cpd00069_c is 0.19688667968845053...
Loop129 pFBA...7671.0...Ave likelihood of: cpd00156_c is 0.3329328211997173...
Loop130 pFBA...24119.0...Ave likelihood of: cpd00098_c is 0.24184482955367445...
Loop131 pFBA...14162.0...Ave likelihood of: cpd00274_c is 0.19460842595021507...
Loop132 pFBA...6631.0...Ave likelihood of: cpd00226_c is 0.3259676574351894...
Loop133 pFBA...4642.0...Ave likelihood of: cpd00246_c is 0.22803081417826043...
Loop134 pFBA...20440.0...Ave likelihood of: cpd00374_c is 0.21636876747432504...
Loop135 pFBA...4969.0...Ave likelihood of: cpd00221_c is 0.19023209449000006...
Loop136 pFBA...4334.0...Ave likelihood of: cpd00159_c is 0.4075332983250889...
Loop137 pFBA...10491.0...Ave likelihood of: cpd00211_c is 0.3368975545102455...
Loop138 pFBA...3766.0...Ave likelihood of: cpd00047_c is 0.21918139453765065...
Loop139 pFBA...5000.0...Ave likelihood of: cpd00106_c is 0.19003688334104987...
Loop140 pFBA...7679.0...Ave likelihood of: cpd00141_c is 0.37129713446717133...
Loop141 pFBA...19657.0...Ave likelihood of: cpd00216_c is 0.23072959467274545...
Loop142 pFBA...4803.0...Ave likelihood of: cpd00036_c is 0.22811534698784924...
Loop143 pFBA...16944.0...Ave likelihood of: cpd00581_c is 0.32617210960192555...
Loop144 pFBA...4747.0...Ave likelihood of: cpd00128_c is 0.3457156092996721...
Loop145 pFBA...5862.0...Ave likelihood of: cpd00018_c is 0.2797419754859346...
Loop146 pFBA...5862.0...Ave likelihood of: cpd00091_c is 0.2797419754859346...
Loop147 pFBA...3618.0...Ave likelihood of: cpd00092_c is 0.32160645918164327...
Loop148 pFBA...64050.0...Ave likelihood of: cpd00305_c is 0.1219499907123329...
Loop149 pFBA...13956.0...Ave likelihood of: cpd00220_c is 0.2772965594152173...
Loop150 pFBA...14668.0...Ave likelihood of: cpd00218_c is 0.14529565489316446...
Loop151 pFBA...14737.0...Ave likelihood of: cpd00215_c is 0.24485886831327...
Loop152 pFBA...28708.0...Ave likelihood of: cpd00104_c is 0.1924998720850164...
Loop153 pFBA...36053.0...Ave likelihood of: cpd00393_c is 0.15150526167444717...
Loop154 pFBA...6092.0...Ave likelihood of: cpd00363_c is 0.4333902139439106...
Loop155 pFBA...8589.0...Ave likelihood of: cpd00281_c is 0.20164210482497205...
Loop156 pFBA...4142.0...Ave likelihood of: cpd00025_c is 0.3193825764539079...
Loop157 pFBA...19987.0...Ave likelihood of: cpd00811_c is 0.2713796707277994...
Loop158 pFBA...6166.0...Ave likelihood of: cpd00714_c is 0.2935370927245341...
32.4637254318mins to complete!
