
The following have been reloaded with a version change:
  1) anaconda2/4.4.0 => anaconda2/5.1.0

Loading in models...Adding Water...Remove no-like rxns...Pruned 1 metabolites from model
Pruned 1 reactions from model
Set-up Universal...66.0seconds to complete

Loop0 pFBA...5325.0...Ave likelihood of: cpd00117_c is 0.3073118583336592...
Loop1 pFBA...6935.0...Ave likelihood of: cpd00186_c is 0.3441451811363884...
Loop2 pFBA...21701.0...Ave likelihood of: cpd00637_c is 0.25126535055211746...
Loop3 pFBA...6393.0...Ave likelihood of: cpd00550_c is 0.42561310344384956...
Loop4 pFBA...4103.0...Ave likelihood of: cpd00033_c is 0.22356378779199992...
Loop5 pFBA...5219.0...Ave likelihood of: cpd00035_c is 0.3073118583336592...
Loop6 pFBA...17758.0...Ave likelihood of: cpd00051_c is 0.2691971976357961...
Loop7 pFBA...8123.0...Ave likelihood of: cpd00132_c is 0.19267683338684444...
Loop8 pFBA...5301.0...Ave likelihood of: cpd00041_c is 0.18536208932833634...
Loop9 pFBA...13515.0...Ave likelihood of: cpd00084_c is 0.26844282149310955...
Loop10 pFBA...6628.0...Ave likelihood of: cpd00023_c is 0.27431390682747664...
Loop11 pFBA...9269.0...Ave likelihood of: cpd00053_c is 0.18484415535074825...
Loop12 pFBA...15577.0...Ave likelihood of: cpd00119_c is 0.32140152370744873...
Loop13 pFBA...16832.0...Ave likelihood of: cpd00322_c is 0.1737096059817546...
Loop14 pFBA...13894.0...Ave likelihood of: cpd00107_c is 0.28929382719684005...
Loop15 pFBA...16761.0...Ave likelihood of: cpd00039_c is 0.31219081219556455...
Loop16 pFBA...20701.0...Ave likelihood of: cpd00060_c is 0.2542926439322634...
Loop17 pFBA...20805.0...Ave likelihood of: cpd00066_c is 0.27394780482751974...
Loop18 pFBA...10271.0...Ave likelihood of: cpd00129_c is 0.3107907791468902...
Loop19 pFBA...5393.0...Ave likelihood of: cpd00054_c is 0.4643052037569268...
Loop20 pFBA...7632.0...Ave likelihood of: cpd00161_c is 0.3702149470432843...
Loop21 pFBA...26585.0...Ave likelihood of: cpd00065_c is 0.22366753554391272...
Loop22 pFBA...18318.0...Ave likelihood of: cpd00069_c is 0.25790510796093874...
Loop23 pFBA...7858.0...Ave likelihood of: cpd00156_c is 0.301972713595489...
Loop24 pFBA...24141.0...Ave likelihood of: cpd00098_c is 0.1854925610429303...
Loop25 pFBA...14204.0...Ave likelihood of: cpd00274_c is 0.3013511494212726...
Loop26 pFBA...6129.0...Ave likelihood of: cpd00226_c is 0.33506986359987867...
Loop27 pFBA...4551.0...Ave likelihood of: cpd00246_c is 0.4239570291845513...
Loop28 pFBA...20136.0...Ave likelihood of: cpd00374_c is 0.2595736686853102...
Loop29 pFBA...4071.0...Ave likelihood of: cpd00221_c is 0.4301387137666234...
Loop30 pFBA...3954.0...Ave likelihood of: cpd00159_c is 0.5051985277550869...
Loop31 pFBA...10077.0...Ave likelihood of: cpd00211_c is 0.362410629492303...
Loop32 pFBA...3581.0...Ave likelihood of: cpd00047_c is 0.38419980898118117...
Loop33 pFBA...4994.0...Ave likelihood of: cpd00106_c is 0.18656762330912283...
Loop34 pFBA...7534.0...Ave likelihood of: cpd00141_c is 0.3103722441280652...
Loop35 pFBA...19855.0...Ave likelihood of: cpd00216_c is 0.27116306227462356...
Loop36 pFBA...4762.0...Ave likelihood of: cpd00036_c is 0.22480302234311586...
Loop37 pFBA...16181.0...Ave likelihood of: cpd00581_c is 0.34009524322916557...
Loop38 pFBA...4256.0...Ave likelihood of: cpd00128_c is 0.3630904212582179...
Loop39 pFBA...5760.0...Ave likelihood of: cpd00018_c is 0.3225138256058199...
Loop40 pFBA...5088.0...Ave likelihood of: cpd00091_c is 0.3794076603822645...
Loop41 pFBA...4159.0...Ave likelihood of: cpd00092_c is 0.38971108173253394...
Loop42 pFBA...61568.0...Ave likelihood of: cpd00305_c is 0.20773065941558513...
Loop43 pFBA...13402.0...Ave likelihood of: cpd00220_c is 0.2664974144383211...
Loop44 pFBA...14348.0...Ave likelihood of: cpd00218_c is 0.1984221536157799...
Loop45 pFBA...13358.0...Ave likelihood of: cpd00215_c is 0.4061779240351255...
Loop46 pFBA...28005.0...Ave likelihood of: cpd00104_c is 0.20553456182143914...
Loop47 pFBA...36560.0...Ave likelihood of: cpd00393_c is 0.21293094781624555...
Loop48 pFBA...6056.0...Ave likelihood of: cpd00363_c is 0.44741873082316214...
Loop49 pFBA...8628.0...Ave likelihood of: cpd00281_c is 0.19593850487676903...
Loop50 pFBA...4064.0...Ave likelihood of: cpd00025_c is 0.4075628789858707...
Loop51 pFBA...20149.0...Ave likelihood of: cpd00811_c is 0.2125418753356288...
Loop52 pFBA...5325.0...Ave likelihood of: cpd00117_c is 0.3073118583336592...
Loop53 pFBA...6935.0...Ave likelihood of: cpd00186_c is 0.3441451811363884...
Loop54 pFBA...21703.0...Ave likelihood of: cpd00637_c is 0.24634981315253454...
Loop55 pFBA...6393.0...Ave likelihood of: cpd00550_c is 0.42561310344384956...
Loop56 pFBA...4103.0...Ave likelihood of: cpd00033_c is 0.22356378779199995...
Loop57 pFBA...5219.0...Ave likelihood of: cpd00035_c is 0.3073118583336592...
Loop58 pFBA...18156.0...Ave likelihood of: cpd00051_c is 0.2532360177869248...
Loop59 pFBA...8123.0...Ave likelihood of: cpd00132_c is 0.19267683338684444...
Loop60 pFBA...5301.0...Ave likelihood of: cpd00041_c is 0.18536208932833634...
Loop61 pFBA...13624.0...Ave likelihood of: cpd00084_c is 0.24096401792326216...
Loop62 pFBA...6628.0...Ave likelihood of: cpd00023_c is 0.27431390682747664...
Loop63 pFBA...9269.0...Ave likelihood of: cpd00053_c is 0.18833178092340386...
Loop64 pFBA...15577.0...Ave likelihood of: cpd00119_c is 0.32140152370744873...
Loop65 pFBA...16832.0...Ave likelihood of: cpd00322_c is 0.1737096059817546...
Loop66 pFBA...13894.0...Ave likelihood of: cpd00107_c is 0.28929382719684005...
Loop67 pFBA...17260.0...Ave likelihood of: cpd00039_c is 0.28334531925685075...
Loop68 pFBA...20703.0...Ave likelihood of: cpd00060_c is 0.24959125806243632...
Loop69 pFBA...21168.0...Ave likelihood of: cpd00066_c is 0.26264142010808206...
Loop70 pFBA...10271.0...Ave likelihood of: cpd00129_c is 0.3107907791468902...
Loop71 pFBA...5393.0...Ave likelihood of: cpd00054_c is 0.4643052037569268...
Loop72 pFBA...7704.0...Ave likelihood of: cpd00161_c is 0.3042927378971652...
Loop73 pFBA...26585.0...Ave likelihood of: cpd00065_c is 0.22366753554391272...
Loop74 pFBA...18594.0...Ave likelihood of: cpd00069_c is 0.22954673492672292...
Loop75 pFBA...7858.0...Ave likelihood of: cpd00156_c is 0.301972713595489...
Loop76 pFBA...24401.0...Ave likelihood of: cpd00098_c is 0.17883925189632646...
Loop77 pFBA...14509.0...Ave likelihood of: cpd00274_c is 0.22010416280781236...
Loop78 pFBA...6129.0...Ave likelihood of: cpd00226_c is 0.33506986359987867...
Loop79 pFBA...4827.0...Ave likelihood of: cpd00246_c is 0.2190316736575968...
Loop80 pFBA...20772.0...Ave likelihood of: cpd00374_c is 0.21922097180873287...
Loop81 pFBA...4311.0...Ave likelihood of: cpd00221_c is 0.25588715640818205...
Loop82 pFBA...4108.0...Ave likelihood of: cpd00159_c is 0.33042827594927454...
Loop83 pFBA...10079.0...Ave likelihood of: cpd00211_c is 0.2771877550947935...
Loop84 pFBA...3633.0...Ave likelihood of: cpd00047_c is 0.4241319670774326...
Loop85 pFBA...4994.0...Ave likelihood of: cpd00106_c is 0.18656762330912283...
Loop86 pFBA...7642.0...Ave likelihood of: cpd00141_c is 0.3166729172324754...
Loop87 pFBA...20241.0...Ave likelihood of: cpd00216_c is 0.251849137280933...
Loop88 pFBA...4762.0...Ave likelihood of: cpd00036_c is 0.22480302234311586...
Loop89 pFBA...16181.0...Ave likelihood of: cpd00581_c is 0.34009524322916557...
Loop90 pFBA...4256.0...Ave likelihood of: cpd00128_c is 0.3630904212582179...
Loop91 pFBA...5760.0...Ave likelihood of: cpd00018_c is 0.3225138256058199...
Loop92 pFBA...5088.0...Ave likelihood of: cpd00091_c is 0.368248611547492...
Loop93 pFBA...4159.0...Ave likelihood of: cpd00092_c is 0.38971108173253394...
Loop94 pFBA...61624.0...Ave likelihood of: cpd00305_c is 0.19510103585688118...
Loop95 pFBA...13402.0...Ave likelihood of: cpd00220_c is 0.2893400499616058...
Loop96 pFBA...14489.0...Ave likelihood of: cpd00218_c is 0.1877159868220558...
Loop97 pFBA...14005.0...Ave likelihood of: cpd00215_c is 0.293204705945202...
Loop98 pFBA...28005.0...Ave likelihood of: cpd00104_c is 0.20553456182143914...
Loop99 pFBA...36560.0...Ave likelihood of: cpd00393_c is 0.21293094781624555...
Loop100 pFBA...6470.0...Ave likelihood of: cpd00363_c is 0.45253447036022537...
Loop101 pFBA...8628.0...Ave likelihood of: cpd00281_c is 0.19593850487676903...
Loop102 pFBA...4181.0...Ave likelihood of: cpd00025_c is 0.32251494233532835...
Loop103 pFBA...20669.0...Ave likelihood of: cpd00811_c is 0.23465880175129353...
Loop104 pFBA...5325.0...Ave likelihood of: cpd00117_c is 0.3073118583336592...
Loop105 pFBA...6935.0...Ave likelihood of: cpd00186_c is 0.3441451811363884...
Loop106 pFBA...21684.0...Ave likelihood of: cpd00637_c is 0.25271538839085456...
Loop107 pFBA...6393.0...Ave likelihood of: cpd00550_c is 0.42561310344384956...
Loop108 pFBA...4103.0...Ave likelihood of: cpd00033_c is 0.22356378779199992...
Loop109 pFBA...5219.0...Ave likelihood of: cpd00035_c is 0.3073118583336592...
Loop110 pFBA...17831.0...Ave likelihood of: cpd00051_c is 0.2595150514789485...
Loop111 pFBA...8123.0...Ave likelihood of: cpd00132_c is 0.19267683338684444...
Loop112 pFBA...5301.0...Ave likelihood of: cpd00041_c is 0.18536208932833634...
Loop113 pFBA...13595.0...Ave likelihood of: cpd00084_c is 0.30516491885272584...
Loop114 pFBA...6628.0...Ave likelihood of: cpd00023_c is 0.27431390682747664...
Loop115 pFBA...9269.0...Ave likelihood of: cpd00053_c is 0.18484415535074822...
Loop116 pFBA...15577.0...Ave likelihood of: cpd00119_c is 0.32140152370744873...
Loop117 pFBA...16832.0...Ave likelihood of: cpd00322_c is 0.1737096059817546...
Loop118 pFBA...13894.0...Ave likelihood of: cpd00107_c is 0.28929382719684005...
Loop119 pFBA...17068.0...Ave likelihood of: cpd00039_c is 0.2899273439420965...
Loop120 pFBA...20684.0...Ave likelihood of: cpd00060_c is 0.255760152106407...
Loop121 pFBA...20758.0...Ave likelihood of: cpd00066_c is 0.27746580228859347...
Loop122 pFBA...10271.0...Ave likelihood of: cpd00129_c is 0.3107907791468902...
Loop123 pFBA...5393.0...Ave likelihood of: cpd00054_c is 0.4643052037569268...
Loop124 pFBA...7627.0...Ave likelihood of: cpd00161_c is 0.35558775359723094...
Loop125 pFBA...26585.0...Ave likelihood of: cpd00065_c is 0.22366753554391272...
Loop126 pFBA...18278.0...Ave likelihood of: cpd00069_c is 0.2370127373985346...
Loop127 pFBA...7858.0...Ave likelihood of: cpd00156_c is 0.301972713595489...
Loop128 pFBA...24099.0...Ave likelihood of: cpd00098_c is 0.19413796982432996...
Loop129 pFBA...14490.0...Ave likelihood of: cpd00274_c is 0.2717575271533191...
Loop130 pFBA...6129.0...Ave likelihood of: cpd00226_c is 0.33506986359987867...
Loop131 pFBA...4546.0...Ave likelihood of: cpd00246_c is 0.36209135150102445...
Loop132 pFBA...20087.0...Ave likelihood of: cpd00374_c is 0.26182928310112347...
Loop133 pFBA...4275.0...Ave likelihood of: cpd00221_c is 0.3364137725430596...
Loop134 pFBA...4086.0...Ave likelihood of: cpd00159_c is 0.3652718109473304...
Loop135 pFBA...10066.0...Ave likelihood of: cpd00211_c is 0.3653814387228864...
Loop136 pFBA...3633.0...Ave likelihood of: cpd00047_c is 0.4241319670774326...
Loop137 pFBA...4994.0...Ave likelihood of: cpd00106_c is 0.18656762330912283...
Loop138 pFBA...7596.0...Ave likelihood of: cpd00141_c is 0.36181783498258163...
Loop139 pFBA...19770.0...Ave likelihood of: cpd00216_c is 0.2707839822114456...
Loop140 pFBA...4762.0...Ave likelihood of: cpd00036_c is 0.22480302234311586...
Loop141 pFBA...16181.0...Ave likelihood of: cpd00581_c is 0.34009524322916557...
Loop142 pFBA...4256.0...Ave likelihood of: cpd00128_c is 0.3630904212582179...
Loop143 pFBA...5760.0...Ave likelihood of: cpd00018_c is 0.3225138256058199...
Loop144 pFBA...5088.0...Ave likelihood of: cpd00091_c is 0.3794076603822645...
Loop145 pFBA...4159.0...Ave likelihood of: cpd00092_c is 0.38971108173253394...
Loop146 pFBA...61549.0...Ave likelihood of: cpd00305_c is 0.2087372972540473...
Loop147 pFBA...13402.0...Ave likelihood of: cpd00220_c is 0.2899997141375218...
Loop148 pFBA...14321.0...Ave likelihood of: cpd00218_c is 0.20063675686039667...
Loop149 pFBA...13297.0...Ave likelihood of: cpd00215_c is 0.4097603704602408...
Loop150 pFBA...28005.0...Ave likelihood of: cpd00104_c is 0.20091580762320457...
Loop151 pFBA...36560.0...Ave likelihood of: cpd00393_c is 0.21293094781624555...
Loop152 pFBA...6040.0...Ave likelihood of: cpd00363_c is 0.47213099451658197...
Loop153 pFBA...8628.0...Ave likelihood of: cpd00281_c is 0.19593850487676903...
Loop154 pFBA...4051.0...Ave likelihood of: cpd00025_c is 0.4102696162848467...
Loop155 pFBA...20088.0...Ave likelihood of: cpd00811_c is 0.21705310416725546...
32.5555464149mins to complete!
