
The following have been reloaded with a version change:
  1) anaconda2/4.4.0 => anaconda2/5.1.0

Loading in models...Adding Water...Remove no-like rxns...Pruned 1 metabolites from model
Pruned 1 reactions from model
Set-up Universal...62.0seconds to complete

Loop0 pFBA...6288.0...Ave likelihood of: cpd00117_c is 0.1275355271921935...
Loop1 pFBA...7947.0...Ave likelihood of: cpd00186_c is 0.17632942632668555...
Loop2 pFBA...23399.0...Ave likelihood of: cpd00637_c is 0.10187047083234643...
Loop3 pFBA...7398.0...Ave likelihood of: cpd00550_c is 0.13063787261466592...
Loop4 pFBA...4740.0...Ave likelihood of: cpd00033_c is 0.15728529384549364...
Loop5 pFBA...6152.0...Ave likelihood of: cpd00035_c is 0.24034620960421094...
Loop6 pFBA...19104.0...Ave likelihood of: cpd00051_c is 0.26492660934060014...
Loop7 pFBA...8376.0...Ave likelihood of: cpd00132_c is 0.14148565661769255...
Loop8 pFBA...5883.0...Ave likelihood of: cpd00041_c is 0.12866272803628115...
Loop9 pFBA...14389.0...Ave likelihood of: cpd00084_c is 0.17267455434665097...
Loop10 pFBA...7711.0...Ave likelihood of: cpd00023_c is 0.1371429630611509...
Loop11 pFBA...10115.0...Ave likelihood of: cpd00053_c is 0.11743608223340113...
Loop12 pFBA...22692.0...Ave likelihood of: cpd00119_c is 0.079527444553006...
Loop13 pFBA...18225.0...Ave likelihood of: cpd00322_c is 0.16618809484776956...
Loop14 pFBA...15039.0...Ave likelihood of: cpd00107_c is 0.18689145246991595...
Loop15 pFBA...20950.0...Ave likelihood of: cpd00039_c is 0.2065055194603144...
Loop16 pFBA...22411.0...Ave likelihood of: cpd00060_c is 0.1386786423650974...
Loop17 pFBA...21200.0...Ave likelihood of: cpd00066_c is 0.14570861094689017...
Loop18 pFBA...11974.0...Ave likelihood of: cpd00129_c is 0.10512687629859165...
Loop19 pFBA...6398.0...Ave likelihood of: cpd00054_c is 0.13426670240951777...
Loop20 pFBA...8667.0...Ave likelihood of: cpd00161_c is 0.2357731353306854...
Loop21 pFBA...30524.0...Ave likelihood of: cpd00065_c is 0.12844351795246262...
Loop22 pFBA...19058.0...Ave likelihood of: cpd00069_c is 0.20327851286187104...
Loop23 pFBA...9172.0...Ave likelihood of: cpd00156_c is 0.10943110671792138...
Loop24 pFBA...24797.0...Ave likelihood of: cpd00098_c is 0.14452791021968517...
Loop25 pFBA...15430.0...Ave likelihood of: cpd00274_c is 0.23665180775092656...
Loop26 pFBA...7049.0...Ave likelihood of: cpd00226_c is 0.2872958409515879...
Loop27 pFBA...5063.0...Ave likelihood of: cpd00246_c is 0.2516118062551663...
Loop28 pFBA...21014.0...Ave likelihood of: cpd00374_c is 0.18445102336199196...
Loop29 pFBA...5012.0...Ave likelihood of: cpd00221_c is 0.28199024195987216...
Loop30 pFBA...4450.0...Ave likelihood of: cpd00159_c is 0.5323863769825546...
Loop31 pFBA...10679.0...Ave likelihood of: cpd00211_c is 0.22254834883673735...
Loop32 pFBA...4189.0...Ave likelihood of: cpd00047_c is 0.22492472604260524...
Loop33 pFBA...5340.0...Ave likelihood of: cpd00106_c is 0.08952096404078856...
Loop34 pFBA...8018.0...Ave likelihood of: cpd00141_c is 0.42176453866792857...
Loop35 pFBA...21308.0...Ave likelihood of: cpd00216_c is 0.1372760052038363...
Loop36 pFBA...5138.0...Ave likelihood of: cpd00036_c is 0.04113119356962782...
Loop37 pFBA...22691.0...Ave likelihood of: cpd00581_c is 0.079527444553006...
Loop38 pFBA...4969.0...Ave likelihood of: cpd00128_c is 0.09614617851824957...
Loop39 pFBA...6074.0...Ave likelihood of: cpd00018_c is 0.14959751913762206...
Loop40 pFBA...5423.0...Ave likelihood of: cpd00091_c is 0.17671327542077764...
Loop41 pFBA...3471.0...Ave likelihood of: cpd00092_c is 0.3573917379677149...
Loop42 pFBA...65042.0...Ave likelihood of: cpd00305_c is 0.12892295861687536...
Loop43 pFBA...14653.0...Ave likelihood of: cpd00220_c is 0.06571728141669406...
Loop44 pFBA...14544.0...Ave likelihood of: cpd00218_c is 0.1419378771316053...
Loop45 pFBA...15088.0...Ave likelihood of: cpd00215_c is 0.20202792154060992...
Loop46 pFBA...29100.0...Ave likelihood of: cpd00104_c is 0.13960712925333374...
Loop47 pFBA...35276.0...Ave likelihood of: cpd00393_c is 0.1396975201946928...
Loop48 pFBA...6400.0...Ave likelihood of: cpd00363_c is 0.3407631931251144...
Loop49 pFBA...9999.0...Ave likelihood of: cpd00281_c is 8.412783120957681e-05...
Loop50 pFBA...4220.0...Ave likelihood of: cpd00025_c is 0.2579456533874199...
Loop51 pFBA...20832.0...Ave likelihood of: cpd00811_c is 0.12853090775708678...
Loop52 pFBA...5703.0...Ave likelihood of: cpd00714_c is 0.28784758308764796...
Loop53 pFBA...6288.0...Ave likelihood of: cpd00117_c is 0.1275355271921935...
Loop54 pFBA...7947.0...Ave likelihood of: cpd00186_c is 0.17632942632668555...
Loop55 pFBA...23419.0...Ave likelihood of: cpd00637_c is 0.1068948674200859...
Loop56 pFBA...7462.0...Ave likelihood of: cpd00550_c is 0.10599334303026511...
Loop57 pFBA...4740.0...Ave likelihood of: cpd00033_c is 0.15728529384549364...
Loop58 pFBA...6182.0...Ave likelihood of: cpd00035_c is 0.1275355271921935...
Loop59 pFBA...19477.0...Ave likelihood of: cpd00051_c is 0.13611152609621274...
Loop60 pFBA...8376.0...Ave likelihood of: cpd00132_c is 0.14148565661769255...
Loop61 pFBA...5883.0...Ave likelihood of: cpd00041_c is 0.12866272803628115...
Loop62 pFBA...14699.0...Ave likelihood of: cpd00084_c is 0.15839836592402867...
Loop63 pFBA...7711.0...Ave likelihood of: cpd00023_c is 0.1286083337959832...
Loop64 pFBA...10115.0...Ave likelihood of: cpd00053_c is 0.11426213406493083...
Loop65 pFBA...22692.0...Ave likelihood of: cpd00119_c is 0.08137692000772709...
Loop66 pFBA...18275.0...Ave likelihood of: cpd00322_c is 0.07662149874472787...
Loop67 pFBA...15039.0...Ave likelihood of: cpd00107_c is 0.18689145246991595...
Loop68 pFBA...21446.0...Ave likelihood of: cpd00039_c is 0.1711164119358301...
Loop69 pFBA...22422.0...Ave likelihood of: cpd00060_c is 0.1099367801298274...
Loop70 pFBA...22332.0...Ave likelihood of: cpd00066_c is 0.15031575912307268...
Loop71 pFBA...11974.0...Ave likelihood of: cpd00129_c is 0.10512687629859166...
Loop72 pFBA...6462.0...Ave likelihood of: cpd00054_c is 0.1083487506531599...
Loop73 pFBA...8871.0...Ave likelihood of: cpd00161_c is 0.1554286411522827...
Loop74 pFBA...30525.0...Ave likelihood of: cpd00065_c is 0.12403045108517301...
Loop75 pFBA...19982.0...Ave likelihood of: cpd00069_c is 0.11555675042446438...
Loop76 pFBA...9172.0...Ave likelihood of: cpd00156_c is 0.10943110671792138...
Loop77 pFBA...25230.0...Ave likelihood of: cpd00098_c is 0.1035549448739045...
Loop78 pFBA...15836.0...Ave likelihood of: cpd00274_c is 0.12335518887080378...
Loop79 pFBA...7049.0...Ave likelihood of: cpd00226_c is 0.2872958409515879...
Loop80 pFBA...5145.0...Ave likelihood of: cpd00246_c is 0.18061851522493627...
Loop81 pFBA...22324.0...Ave likelihood of: cpd00374_c is 0.11392919055933108...
Loop82 pFBA...5511.0...Ave likelihood of: cpd00221_c is 0.061587436700112755...
Loop83 pFBA...4760.0...Ave likelihood of: cpd00159_c is 0.2714862783949373...
Loop84 pFBA...10731.0...Ave likelihood of: cpd00211_c is 0.14122722981850497...
Loop85 pFBA...4283.0...Ave likelihood of: cpd00047_c is 0.09603219373337829...
Loop86 pFBA...5340.0...Ave likelihood of: cpd00106_c is 0.08952096404078856...
Loop87 pFBA...8450.0...Ave likelihood of: cpd00141_c is 0.0755116469137684...
Loop88 pFBA...22115.0...Ave likelihood of: cpd00216_c is 0.13348249857613112...
Loop89 pFBA...5138.0...Ave likelihood of: cpd00036_c is 0.03856049397152608...
Loop90 pFBA...22691.0...Ave likelihood of: cpd00581_c is 0.07952744455300602...
Loop91 pFBA...4969.0...Ave likelihood of: cpd00128_c is 0.09614617851824957...
Loop92 pFBA...6074.0...Ave likelihood of: cpd00018_c is 0.14959751913762206...
Loop93 pFBA...5423.0...Ave likelihood of: cpd00091_c is 0.17671327542077764...
Loop94 pFBA...3474.0...Ave likelihood of: cpd00092_c is 0.3703253289964293...
Loop95 pFBA...65247.0...Ave likelihood of: cpd00305_c is 0.11762571363101784...
Loop96 pFBA...14653.0...Ave likelihood of: cpd00220_c is 0.06571728141669406...
Loop97 pFBA...14888.0...Ave likelihood of: cpd00218_c is 0.10270883080166146...
Loop98 pFBA...15527.0...Ave likelihood of: cpd00215_c is 0.14285047247737712...
Loop99 pFBA...29246.0...Ave likelihood of: cpd00104_c is 0.13137223426772243...
Loop100 pFBA...35278.0...Ave likelihood of: cpd00393_c is 0.13657562930387518...
Loop101 pFBA...7468.0...Ave likelihood of: cpd00363_c is 0.19717506778623642...
Loop102 pFBA...9999.0...Ave likelihood of: cpd00281_c is 8.412783120957681e-05...
Loop103 pFBA...4378.0...Ave likelihood of: cpd00025_c is 0.2447857495245922...
Loop104 pFBA...21923.0...Ave likelihood of: cpd00811_c is 0.13043507686615927...
Loop105 pFBA...6720.0...Ave likelihood of: cpd00714_c is 0.24927374567677926...
Loop106 pFBA...6288.0...Ave likelihood of: cpd00117_c is 0.1275355271921935...
Loop107 pFBA...7947.0...Ave likelihood of: cpd00186_c is 0.17632942632668555...
Loop108 pFBA...23335.0...Ave likelihood of: cpd00637_c is 0.1122248952890578...
Loop109 pFBA...7446.0...Ave likelihood of: cpd00550_c is 0.17737650969708843...
Loop110 pFBA...4740.0...Ave likelihood of: cpd00033_c is 0.15728529384549364...
Loop111 pFBA...6182.0...Ave likelihood of: cpd00035_c is 0.1275355271921935...
Loop112 pFBA...19066.0...Ave likelihood of: cpd00051_c is 0.24087349393506766...
Loop113 pFBA...8376.0...Ave likelihood of: cpd00132_c is 0.14148565661769255...
Loop114 pFBA...5883.0...Ave likelihood of: cpd00041_c is 0.13281313861809668...
Loop115 pFBA...14630.0...Ave likelihood of: cpd00084_c is 0.173893098477646...
Loop116 pFBA...7711.0...Ave likelihood of: cpd00023_c is 0.12857152786982898...
Loop117 pFBA...10115.0...Ave likelihood of: cpd00053_c is 0.11426213406493083...
Loop118 pFBA...22692.0...Ave likelihood of: cpd00119_c is 0.07954082852615298...
Loop119 pFBA...18173.0...Ave likelihood of: cpd00322_c is 0.17083255891541071...
Loop120 pFBA...15039.0...Ave likelihood of: cpd00107_c is 0.1720582555311486...
Loop121 pFBA...21062.0...Ave likelihood of: cpd00039_c is 0.17471628772144912...
Loop122 pFBA...22355.0...Ave likelihood of: cpd00060_c is 0.11919177187243775...
Loop123 pFBA...21014.0...Ave likelihood of: cpd00066_c is 0.1641944190751566...
Loop124 pFBA...11974.0...Ave likelihood of: cpd00129_c is 0.10512687629859166...
Loop125 pFBA...6446.0...Ave likelihood of: cpd00054_c is 0.16661293409960962...
Loop126 pFBA...8672.0...Ave likelihood of: cpd00161_c is 0.30388843562240336...
Loop127 pFBA...30516.0...Ave likelihood of: cpd00065_c is 0.14563397551493487...
Loop128 pFBA...18911.0...Ave likelihood of: cpd00069_c is 0.22759621860307608...
Loop129 pFBA...9172.0...Ave likelihood of: cpd00156_c is 0.10943110671792138...
Loop130 pFBA...24704.0...Ave likelihood of: cpd00098_c is 0.1995551809415752...
Loop131 pFBA...15505.0...Ave likelihood of: cpd00274_c is 0.22285976106494662...
Loop132 pFBA...7049.0...Ave likelihood of: cpd00226_c is 0.2872958409515879...
Loop133 pFBA...5101.0...Ave likelihood of: cpd00246_c is 0.22793676480034364...
Loop134 pFBA...20827.0...Ave likelihood of: cpd00374_c is 0.17581666108248045...
Loop135 pFBA...4897.0...Ave likelihood of: cpd00221_c is 0.17531693927208775...
Loop136 pFBA...4507.0...Ave likelihood of: cpd00159_c is 0.2522613917853852...
Loop137 pFBA...10632.0...Ave likelihood of: cpd00211_c is 0.2294584051324961...
Loop138 pFBA...4268.0...Ave likelihood of: cpd00047_c is 0.12368635172012739...
Loop139 pFBA...5340.0...Ave likelihood of: cpd00106_c is 0.08952096404078856...
Loop140 pFBA...8271.0...Ave likelihood of: cpd00141_c is 0.20215797630535365...
Loop141 pFBA...21100.0...Ave likelihood of: cpd00216_c is 0.14314903611732682...
Loop142 pFBA...5138.0...Ave likelihood of: cpd00036_c is 0.04113119356962782...
Loop143 pFBA...22691.0...Ave likelihood of: cpd00581_c is 0.07777325455890514...
Loop144 pFBA...4969.0...Ave likelihood of: cpd00128_c is 0.09614617851824957...
Loop145 pFBA...6074.0...Ave likelihood of: cpd00018_c is 0.14959751913762206...
Loop146 pFBA...5423.0...Ave likelihood of: cpd00091_c is 0.17671327542077764...
Loop147 pFBA...3453.0...Ave likelihood of: cpd00092_c is 0.30972754048967804...
Loop148 pFBA...65022.0...Ave likelihood of: cpd00305_c is 0.11869423478972692...
Loop149 pFBA...14637.0...Ave likelihood of: cpd00220_c is 0.14736906500889776...
Loop150 pFBA...14456.0...Ave likelihood of: cpd00218_c is 0.14396886311593574...
Loop151 pFBA...14972.0...Ave likelihood of: cpd00215_c is 0.1991530754702501...
Loop152 pFBA...29113.0...Ave likelihood of: cpd00104_c is 0.15176567962404994...
Loop153 pFBA...35272.0...Ave likelihood of: cpd00393_c is 0.14357851071696828...
Loop154 pFBA...6587.0...Ave likelihood of: cpd00363_c is 0.38081756076148987...
Loop155 pFBA...9999.0...Ave likelihood of: cpd00281_c is 8.412783120957681e-05...
Loop156 pFBA...4185.0...Ave likelihood of: cpd00025_c is 0.29110563770916226...
Loop157 pFBA...20694.0...Ave likelihood of: cpd00811_c is 0.13350129912772027...
Loop158 pFBA...5561.0...Ave likelihood of: cpd00714_c is 0.30133864537936744...
33.4326702356mins to complete!
