
The following have been reloaded with a version change:
  1) anaconda2/4.4.0 => anaconda2/5.1.0

Loading in models...Adding Water...Remove no-like rxns...Pruned 1 metabolites from model
Pruned 1 reactions from model
Set-up Universal...61.0seconds to complete

Loop0 pFBA...6310.0...Ave likelihood of: cpd00117_c is 0.12501153567571152...
Loop1 pFBA...7945.0...Ave likelihood of: cpd00186_c is 0.1661056238214717...
Loop2 pFBA...23393.0...Ave likelihood of: cpd00637_c is 0.10140433280679487...
Loop3 pFBA...7391.0...Ave likelihood of: cpd00550_c is 0.15344085879855615...
Loop4 pFBA...4743.0...Ave likelihood of: cpd00033_c is 0.1575285558734441...
Loop5 pFBA...6145.0...Ave likelihood of: cpd00035_c is 0.26796155658519777...
Loop6 pFBA...19061.0...Ave likelihood of: cpd00051_c is 0.26719315744655414...
Loop7 pFBA...8378.0...Ave likelihood of: cpd00132_c is 0.14067737742780914...
Loop8 pFBA...5887.0...Ave likelihood of: cpd00041_c is 0.12777879269198977...
Loop9 pFBA...14362.0...Ave likelihood of: cpd00084_c is 0.1746818092277553...
Loop10 pFBA...7711.0...Ave likelihood of: cpd00023_c is 0.13712723507239175...
Loop11 pFBA...10115.0...Ave likelihood of: cpd00053_c is 0.11441585809873658...
Loop12 pFBA...22022.0...Ave likelihood of: cpd00119_c is 0.09297061284426121...
Loop13 pFBA...18229.0...Ave likelihood of: cpd00322_c is 0.16710522337531092...
Loop14 pFBA...15079.0...Ave likelihood of: cpd00107_c is 0.1843679560150919...
Loop15 pFBA...20929.0...Ave likelihood of: cpd00039_c is 0.20795221031879188...
Loop16 pFBA...22410.0...Ave likelihood of: cpd00060_c is 0.12428822347561964...
Loop17 pFBA...21179.0...Ave likelihood of: cpd00066_c is 0.17080257931844356...
Loop18 pFBA...11974.0...Ave likelihood of: cpd00129_c is 0.10511798696665424...
Loop19 pFBA...6391.0...Ave likelihood of: cpd00054_c is 0.16246679166905947...
Loop20 pFBA...8651.0...Ave likelihood of: cpd00161_c is 0.2371101896653448...
Loop21 pFBA...30528.0...Ave likelihood of: cpd00065_c is 0.1293249460140259...
Loop22 pFBA...19088.0...Ave likelihood of: cpd00069_c is 0.1695911599175926...
Loop23 pFBA...9172.0...Ave likelihood of: cpd00156_c is 0.10941693478387168...
Loop24 pFBA...25054.0...Ave likelihood of: cpd00098_c is 0.16311220863771153...
Loop25 pFBA...15411.0...Ave likelihood of: cpd00274_c is 0.23821398485797077...
Loop26 pFBA...7014.0...Ave likelihood of: cpd00226_c is 0.2797274149929602...
Loop27 pFBA...5054.0...Ave likelihood of: cpd00246_c is 0.26885710167402244...
Loop28 pFBA...20962.0...Ave likelihood of: cpd00374_c is 0.17250243656830636...
Loop29 pFBA...4979.0...Ave likelihood of: cpd00221_c is 0.2929022888565464...
Loop30 pFBA...4398.0...Ave likelihood of: cpd00159_c is 0.5395040127500887...
Loop31 pFBA...10697.0...Ave likelihood of: cpd00211_c is 0.22286990188083428...
Loop32 pFBA...4189.0...Ave likelihood of: cpd00047_c is 0.2466383457245597...
Loop33 pFBA...5341.0...Ave likelihood of: cpd00106_c is 0.0894303422066825...
Loop34 pFBA...7978.0...Ave likelihood of: cpd00141_c is 0.4261861814584414...
Loop35 pFBA...21250.0...Ave likelihood of: cpd00216_c is 0.1187835881030895...
Loop36 pFBA...5138.0...Ave likelihood of: cpd00036_c is 0.041131864908175234...
Loop37 pFBA...22020.0...Ave likelihood of: cpd00581_c is 0.09080850556881327...
Loop38 pFBA...4970.0...Ave likelihood of: cpd00128_c is 0.09602103721274154...
Loop39 pFBA...6075.0...Ave likelihood of: cpd00018_c is 0.1493547232416224...
Loop40 pFBA...5425.0...Ave likelihood of: cpd00091_c is 0.17642510849897744...
Loop41 pFBA...3462.0...Ave likelihood of: cpd00092_c is 0.3950393848343744...
Loop42 pFBA...64524.0...Ave likelihood of: cpd00305_c is 0.12955038656190068...
Loop43 pFBA...14636.0...Ave likelihood of: cpd00220_c is 0.06617746358676796...
Loop44 pFBA...14526.0...Ave likelihood of: cpd00218_c is 0.14038353610989063...
Loop45 pFBA...15046.0...Ave likelihood of: cpd00215_c is 0.20400449395566222...
Loop46 pFBA...29103.0...Ave likelihood of: cpd00104_c is 0.14243583837060642...
Loop47 pFBA...35514.0...Ave likelihood of: cpd00393_c is 0.124591534963579...
Loop48 pFBA...6362.0...Ave likelihood of: cpd00363_c is 0.34283150100517695...
Loop49 pFBA...9999.0...Ave likelihood of: cpd00281_c is 8.412783120957681e-05...
Loop50 pFBA...4233.0...Ave likelihood of: cpd00025_c is 0.2761873296860698...
Loop51 pFBA...21070.0...Ave likelihood of: cpd00811_c is 0.1455959200445025...
Loop52 pFBA...5662.0...Ave likelihood of: cpd00714_c is 0.29157542360171873...
Loop53 pFBA...6310.0...Ave likelihood of: cpd00117_c is 0.12501153567571152...
Loop54 pFBA...7945.0...Ave likelihood of: cpd00186_c is 0.17645041938415948...
Loop55 pFBA...23435.0...Ave likelihood of: cpd00637_c is 0.08959682411847321...
Loop56 pFBA...7463.0...Ave likelihood of: cpd00550_c is 0.10628348598968616...
Loop57 pFBA...4743.0...Ave likelihood of: cpd00033_c is 0.15752855587344408...
Loop58 pFBA...6190.0...Ave likelihood of: cpd00035_c is 0.12501153567571152...
Loop59 pFBA...19476.0...Ave likelihood of: cpd00051_c is 0.13437725251778004...
Loop60 pFBA...8378.0...Ave likelihood of: cpd00132_c is 0.14067737742780914...
Loop61 pFBA...5887.0...Ave likelihood of: cpd00041_c is 0.12777879269198977...
Loop62 pFBA...14704.0...Ave likelihood of: cpd00084_c is 0.15544510757827718...
Loop63 pFBA...7711.0...Ave likelihood of: cpd00023_c is 0.13712723507239175...
Loop64 pFBA...10115.0...Ave likelihood of: cpd00053_c is 0.11441585809873658...
Loop65 pFBA...22022.0...Ave likelihood of: cpd00119_c is 0.09298463414946281...
Loop66 pFBA...18292.0...Ave likelihood of: cpd00322_c is 0.0773736660208484...
Loop67 pFBA...15079.0...Ave likelihood of: cpd00107_c is 0.1690332481212649...
Loop68 pFBA...21477.0...Ave likelihood of: cpd00039_c is 0.16860793028619017...
Loop69 pFBA...22438.0...Ave likelihood of: cpd00060_c is 0.10951411235342076...
Loop70 pFBA...22346.0...Ave likelihood of: cpd00066_c is 0.12993776575740368...
Loop71 pFBA...11974.0...Ave likelihood of: cpd00129_c is 0.10511798696665424...
Loop72 pFBA...6463.0...Ave likelihood of: cpd00054_c is 0.1086453412339014...
Loop73 pFBA...8873.0...Ave likelihood of: cpd00161_c is 0.15464891391047228...
Loop74 pFBA...30528.0...Ave likelihood of: cpd00065_c is 0.1313057080851004...
Loop75 pFBA...20026.0...Ave likelihood of: cpd00069_c is 0.1130480003120483...
Loop76 pFBA...9172.0...Ave likelihood of: cpd00156_c is 0.10941693478387168...
Loop77 pFBA...25410.0...Ave likelihood of: cpd00098_c is 0.12583873755846348...
Loop78 pFBA...15847.0...Ave likelihood of: cpd00274_c is 0.13521834929329088...
Loop79 pFBA...7014.0...Ave likelihood of: cpd00226_c is 0.2797274149929602...
Loop80 pFBA...5145.0...Ave likelihood of: cpd00246_c is 0.18053494883944438...
Loop81 pFBA...22374.0...Ave likelihood of: cpd00374_c is 0.10990777808115809...
Loop82 pFBA...5523.0...Ave likelihood of: cpd00221_c is 0.05717293790701796...
Loop83 pFBA...4771.0...Ave likelihood of: cpd00159_c is 0.26829795675253854...
Loop84 pFBA...10768.0...Ave likelihood of: cpd00211_c is 0.1392670096266075...
Loop85 pFBA...4280.0...Ave likelihood of: cpd00047_c is 0.10763358544981294...
Loop86 pFBA...5341.0...Ave likelihood of: cpd00106_c is 0.0894303422066825...
Loop87 pFBA...8452.0...Ave likelihood of: cpd00141_c is 0.07535870331602999...
Loop88 pFBA...22115.0...Ave likelihood of: cpd00216_c is 0.1336147841538482...
Loop89 pFBA...5138.0...Ave likelihood of: cpd00036_c is 0.03856112335141428...
Loop90 pFBA...22020.0...Ave likelihood of: cpd00581_c is 0.09080850556881327...
Loop91 pFBA...4970.0...Ave likelihood of: cpd00128_c is 0.09602103721274154...
Loop92 pFBA...6075.0...Ave likelihood of: cpd00018_c is 0.1493547232416224...
Loop93 pFBA...5425.0...Ave likelihood of: cpd00091_c is 0.17642510849897744...
Loop94 pFBA...3462.0...Ave likelihood of: cpd00092_c is 0.3950393848343744...
Loop95 pFBA...64749.0...Ave likelihood of: cpd00305_c is 0.10949775085607741...
Loop96 pFBA...14636.0...Ave likelihood of: cpd00220_c is 0.06617746358676796...
Loop97 pFBA...14887.0...Ave likelihood of: cpd00218_c is 0.10257191060351964...
Loop98 pFBA...15510.0...Ave likelihood of: cpd00215_c is 0.13932540448541927...
Loop99 pFBA...29274.0...Ave likelihood of: cpd00104_c is 0.1303689882467067...
Loop100 pFBA...35518.0...Ave likelihood of: cpd00393_c is 0.1401639935285909...
Loop101 pFBA...7468.0...Ave likelihood of: cpd00363_c is 0.15202284335813124...
Loop102 pFBA...9999.0...Ave likelihood of: cpd00281_c is 8.412783120957681e-05...
Loop103 pFBA...4399.0...Ave likelihood of: cpd00025_c is 0.25055407909306493...
Loop104 pFBA...22103.0...Ave likelihood of: cpd00811_c is 0.13042359027895714...
Loop105 pFBA...6768.0...Ave likelihood of: cpd00714_c is 0.25293896454493286...
Loop106 pFBA...6310.0...Ave likelihood of: cpd00117_c is 0.12501153567571152...
Loop107 pFBA...7945.0...Ave likelihood of: cpd00186_c is 0.17645041938415948...
Loop108 pFBA...23346.0...Ave likelihood of: cpd00637_c is 0.1120069216192994...
Loop109 pFBA...7446.0...Ave likelihood of: cpd00550_c is 0.1773981641427432...
Loop110 pFBA...4743.0...Ave likelihood of: cpd00033_c is 0.15752855587344408...
Loop111 pFBA...6190.0...Ave likelihood of: cpd00035_c is 0.12501153567571152...
Loop112 pFBA...19056.0...Ave likelihood of: cpd00051_c is 0.24552269694087203...
Loop113 pFBA...8378.0...Ave likelihood of: cpd00132_c is 0.14067737742780914...
Loop114 pFBA...5887.0...Ave likelihood of: cpd00041_c is 0.12777879269198977...
Loop115 pFBA...14626.0...Ave likelihood of: cpd00084_c is 0.1740282217921378...
Loop116 pFBA...7711.0...Ave likelihood of: cpd00023_c is 0.12855678288036726...
Loop117 pFBA...10115.0...Ave likelihood of: cpd00053_c is 0.11441585809873658...
Loop118 pFBA...22022.0...Ave likelihood of: cpd00119_c is 0.09080850556881329...
Loop119 pFBA...18191.0...Ave likelihood of: cpd00322_c is 0.17048546992233812...
Loop120 pFBA...15079.0...Ave likelihood of: cpd00107_c is 0.1646990622720017...
Loop121 pFBA...21062.0...Ave likelihood of: cpd00039_c is 0.17497029613735288...
Loop122 pFBA...22365.0...Ave likelihood of: cpd00060_c is 0.11776573070424026...
Loop123 pFBA...21044.0...Ave likelihood of: cpd00066_c is 0.1753726568925018...
Loop124 pFBA...11974.0...Ave likelihood of: cpd00129_c is 0.10511798696665424...
Loop125 pFBA...6446.0...Ave likelihood of: cpd00054_c is 0.18219270911957408...
Loop126 pFBA...8672.0...Ave likelihood of: cpd00161_c is 0.3046138284231552...
Loop127 pFBA...30525.0...Ave likelihood of: cpd00065_c is 0.13222910149809153...
Loop128 pFBA...18975.0...Ave likelihood of: cpd00069_c is 0.17765530905481655...
Loop129 pFBA...9172.0...Ave likelihood of: cpd00156_c is 0.10941693478387168...
Loop130 pFBA...24979.0...Ave likelihood of: cpd00098_c is 0.2155841542614077...
Loop131 pFBA...15516.0...Ave likelihood of: cpd00274_c is 0.22262368345472336...
Loop132 pFBA...7014.0...Ave likelihood of: cpd00226_c is 0.2797274149929602...
Loop133 pFBA...5101.0...Ave likelihood of: cpd00246_c is 0.27541898924553615...
Loop134 pFBA...20824.0...Ave likelihood of: cpd00374_c is 0.1752888560192342...
Loop135 pFBA...4902.0...Ave likelihood of: cpd00221_c is 0.1748916784650956...
Loop136 pFBA...4512.0...Ave likelihood of: cpd00159_c is 0.2513901651067432...
Loop137 pFBA...10663.0...Ave likelihood of: cpd00211_c is 0.22789904918250892...
Loop138 pFBA...4265.0...Ave likelihood of: cpd00047_c is 0.12386551130388801...
Loop139 pFBA...5341.0...Ave likelihood of: cpd00106_c is 0.0894303422066825...
Loop140 pFBA...8269.0...Ave likelihood of: cpd00141_c is 0.19883600006783256...
Loop141 pFBA...21098.0...Ave likelihood of: cpd00216_c is 0.1434848077663748...
Loop142 pFBA...5138.0...Ave likelihood of: cpd00036_c is 0.03856112335141428...
Loop143 pFBA...22020.0...Ave likelihood of: cpd00581_c is 0.09080850556881327...
Loop144 pFBA...4970.0...Ave likelihood of: cpd00128_c is 0.09602103721274154...
Loop145 pFBA...6075.0...Ave likelihood of: cpd00018_c is 0.1493547232416224...
Loop146 pFBA...5425.0...Ave likelihood of: cpd00091_c is 0.17642510849897744...
Loop147 pFBA...3451.0...Ave likelihood of: cpd00092_c is 0.30994780148915074...
Loop148 pFBA...64573.0...Ave likelihood of: cpd00305_c is 0.1265518861110512...
Loop149 pFBA...14623.0...Ave likelihood of: cpd00220_c is 0.14767941398410067...
Loop150 pFBA...14462.0...Ave likelihood of: cpd00218_c is 0.14341581610060622...
Loop151 pFBA...14961.0...Ave likelihood of: cpd00215_c is 0.19919939994274166...
Loop152 pFBA...29141.0...Ave likelihood of: cpd00104_c is 0.1380084150566136...
Loop153 pFBA...35511.0...Ave likelihood of: cpd00393_c is 0.13756862690156804...
Loop154 pFBA...6587.0...Ave likelihood of: cpd00363_c is 0.38122335729504414...
Loop155 pFBA...9999.0...Ave likelihood of: cpd00281_c is 8.412783120957681e-05...
Loop156 pFBA...4207.0...Ave likelihood of: cpd00025_c is 0.28306049766502517...
Loop157 pFBA...20970.0...Ave likelihood of: cpd00811_c is 0.13557999474786217...
Loop158 pFBA...5559.0...Ave likelihood of: cpd00714_c is 0.3013942350002264...
33.8628936648mins to complete!
