
The following have been reloaded with a version change:
  1) anaconda2/4.4.0 => anaconda2/5.1.0

Loading in models...Adding Water...Remove no-like rxns...Pruned 1 metabolites from model
Pruned 1 reactions from model
Set-up Universal...62.0seconds to complete

Loop0 pFBA...5556.0...Ave likelihood of: cpd00117_c is 0.47383689609500185...
Loop1 pFBA...6840.0...Ave likelihood of: cpd00186_c is 0.3599226332915711...
Loop2 pFBA...21389.0...Ave likelihood of: cpd00637_c is 0.2676128791358331...
Loop3 pFBA...6423.0...Ave likelihood of: cpd00550_c is 0.34738599040800233...
Loop4 pFBA...4056.0...Ave likelihood of: cpd00033_c is 0.2553101427553162...
Loop5 pFBA...5436.0...Ave likelihood of: cpd00035_c is 0.47383689609500185...
Loop6 pFBA...18106.0...Ave likelihood of: cpd00051_c is 0.3109050344658577...
Loop7 pFBA...7912.0...Ave likelihood of: cpd00132_c is 0.2499171781307903...
Loop8 pFBA...5182.0...Ave likelihood of: cpd00041_c is 0.22307022324053163...
Loop9 pFBA...13625.0...Ave likelihood of: cpd00084_c is 0.27237840841522837...
Loop10 pFBA...6592.0...Ave likelihood of: cpd00023_c is 0.28161021663897645...
Loop11 pFBA...9081.0...Ave likelihood of: cpd00053_c is 0.3109890474734302...
Loop12 pFBA...16372.0...Ave likelihood of: cpd00119_c is 0.33017828427854584...
Loop13 pFBA...16748.0...Ave likelihood of: cpd00322_c is 0.3536162765677295...
Loop14 pFBA...14213.0...Ave likelihood of: cpd00107_c is 0.2638843550812027...
Loop15 pFBA...17504.0...Ave likelihood of: cpd00039_c is 0.30468610639009225...
Loop16 pFBA...20389.0...Ave likelihood of: cpd00060_c is 0.2711810508576442...
Loop17 pFBA...20577.0...Ave likelihood of: cpd00066_c is 0.24591325520855487...
Loop18 pFBA...10285.0...Ave likelihood of: cpd00129_c is 0.20138100418859214...
Loop19 pFBA...5423.0...Ave likelihood of: cpd00054_c is 0.35447550041632897...
Loop20 pFBA...7358.0...Ave likelihood of: cpd00161_c is 0.3984991450573621...
Loop21 pFBA...27276.0...Ave likelihood of: cpd00065_c is 0.24954494552662712...
Loop22 pFBA...18309.0...Ave likelihood of: cpd00069_c is 0.21183557007541093...
Loop23 pFBA...7675.0...Ave likelihood of: cpd00156_c is 0.3323229595581656...
Loop24 pFBA...23640.0...Ave likelihood of: cpd00098_c is 0.2799497395611542...
Loop25 pFBA...14160.0...Ave likelihood of: cpd00274_c is 0.19471991517426698...
Loop26 pFBA...6631.0...Ave likelihood of: cpd00226_c is 0.3259967166010864...
Loop27 pFBA...4461.0...Ave likelihood of: cpd00246_c is 0.43740608607560355...
Loop28 pFBA...20047.0...Ave likelihood of: cpd00374_c is 0.21998783518521386...
Loop29 pFBA...4760.0...Ave likelihood of: cpd00221_c is 0.4231248372803033...
Loop30 pFBA...4266.0...Ave likelihood of: cpd00159_c is 0.42233900291518717...
Loop31 pFBA...10344.0...Ave likelihood of: cpd00211_c is 0.35447351617170364...
Loop32 pFBA...3766.0...Ave likelihood of: cpd00047_c is 0.2905297710681438...
Loop33 pFBA...5000.0...Ave likelihood of: cpd00106_c is 0.19005287578843935...
Loop34 pFBA...7572.0...Ave likelihood of: cpd00141_c is 0.41232258864642285...
Loop35 pFBA...19205.0...Ave likelihood of: cpd00216_c is 0.23722222895700754...
Loop36 pFBA...4802.0...Ave likelihood of: cpd00036_c is 0.2281192321888459...
Loop37 pFBA...16941.0...Ave likelihood of: cpd00581_c is 0.3262191215593979...
Loop38 pFBA...4747.0...Ave likelihood of: cpd00128_c is 0.3457249154171535...
Loop39 pFBA...5862.0...Ave likelihood of: cpd00018_c is 0.27977787411980254...
Loop40 pFBA...5862.0...Ave likelihood of: cpd00091_c is 0.2797778741198025...
Loop41 pFBA...3609.0...Ave likelihood of: cpd00092_c is 0.36687737610506105...
Loop42 pFBA...63872.0...Ave likelihood of: cpd00305_c is 0.1579391590332665...
Loop43 pFBA...13723.0...Ave likelihood of: cpd00220_c is 0.2834354783338535...
Loop44 pFBA...14472.0...Ave likelihood of: cpd00218_c is 0.2138131881065256...
Loop45 pFBA...14519.0...Ave likelihood of: cpd00215_c is 0.2986497594926857...
Loop46 pFBA...28670.0...Ave likelihood of: cpd00104_c is 0.21171326914197924...
Loop47 pFBA...36057.0...Ave likelihood of: cpd00393_c is 0.16974868568595486...
Loop48 pFBA...5712.0...Ave likelihood of: cpd00363_c is 0.5636574614942887...
Loop49 pFBA...8588.0...Ave likelihood of: cpd00281_c is 0.20168493422053085...
Loop50 pFBA...4023.0...Ave likelihood of: cpd00025_c is 0.30713483522926177...
Loop51 pFBA...19605.0...Ave likelihood of: cpd00811_c is 0.25917345631317296...
Loop52 pFBA...5420.0...Ave likelihood of: cpd00714_c is 0.370940732081095...
Loop53 pFBA...5556.0...Ave likelihood of: cpd00117_c is 0.47383689609500185...
Loop54 pFBA...6840.0...Ave likelihood of: cpd00186_c is 0.3599226332915711...
Loop55 pFBA...21659.0...Ave likelihood of: cpd00637_c is 0.23812744811189324...
Loop56 pFBA...6487.0...Ave likelihood of: cpd00550_c is 0.29822305165751095...
Loop57 pFBA...4057.0...Ave likelihood of: cpd00033_c is 0.23832873949129585...
Loop58 pFBA...5436.0...Ave likelihood of: cpd00035_c is 0.47383689609500185...
Loop59 pFBA...18316.0...Ave likelihood of: cpd00051_c is 0.2591540474256533...
Loop60 pFBA...7912.0...Ave likelihood of: cpd00132_c is 0.2499171781307903...
Loop61 pFBA...5182.0...Ave likelihood of: cpd00041_c is 0.22307022324053163...
Loop62 pFBA...13763.0...Ave likelihood of: cpd00084_c is 0.24888536332818176...
Loop63 pFBA...6592.0...Ave likelihood of: cpd00023_c is 0.28161021663897645...
Loop64 pFBA...9081.0...Ave likelihood of: cpd00053_c is 0.3109890474734302...
Loop65 pFBA...16372.0...Ave likelihood of: cpd00119_c is 0.3237042002730841...
Loop66 pFBA...16757.0...Ave likelihood of: cpd00322_c is 0.2398264249924461...
Loop67 pFBA...14213.0...Ave likelihood of: cpd00107_c is 0.2638843550812027...
Loop68 pFBA...17749.0...Ave likelihood of: cpd00039_c is 0.2909643691572852...
Loop69 pFBA...20659.0...Ave likelihood of: cpd00060_c is 0.241434773780114...
Loop70 pFBA...21496.0...Ave likelihood of: cpd00066_c is 0.22663100499988065...
Loop71 pFBA...10285.0...Ave likelihood of: cpd00129_c is 0.2013810041885921...
Loop72 pFBA...5487.0...Ave likelihood of: cpd00054_c is 0.3174632485386406...
Loop73 pFBA...7664.0...Ave likelihood of: cpd00161_c is 0.34408158700132896...
Loop74 pFBA...27276.0...Ave likelihood of: cpd00065_c is 0.24954494552662712...
Loop75 pFBA...18886.0...Ave likelihood of: cpd00069_c is 0.23573032183728693...
Loop76 pFBA...7675.0...Ave likelihood of: cpd00156_c is 0.3323229595581656...
Loop77 pFBA...24658.0...Ave likelihood of: cpd00098_c is 0.2705662137843165...
Loop78 pFBA...14160.0...Ave likelihood of: cpd00274_c is 0.19471991517426698...
Loop79 pFBA...6631.0...Ave likelihood of: cpd00226_c is 0.3259967166010864...
Loop80 pFBA...4813.0...Ave likelihood of: cpd00246_c is 0.3850897405535848...
Loop81 pFBA...20880.0...Ave likelihood of: cpd00374_c is 0.22528676893573382...
Loop82 pFBA...5072.0...Ave likelihood of: cpd00221_c is 0.34589982373098827...
Loop83 pFBA...4334.0...Ave likelihood of: cpd00159_c is 0.37972223610658273...
Loop84 pFBA...10515.0...Ave likelihood of: cpd00211_c is 0.2137865011284841...
Loop85 pFBA...3766.0...Ave likelihood of: cpd00047_c is 0.21918590277995084...
Loop86 pFBA...5000.0...Ave likelihood of: cpd00106_c is 0.19005287578843935...
Loop87 pFBA...7727.0...Ave likelihood of: cpd00141_c is 0.32447568612744565...
Loop88 pFBA...20256.0...Ave likelihood of: cpd00216_c is 0.21849179741859964...
Loop89 pFBA...4802.0...Ave likelihood of: cpd00036_c is 0.2281192321888459...
Loop90 pFBA...16941.0...Ave likelihood of: cpd00581_c is 0.3262191215593979...
Loop91 pFBA...4747.0...Ave likelihood of: cpd00128_c is 0.3457249154171535...
Loop92 pFBA...5862.0...Ave likelihood of: cpd00018_c is 0.27977787411980254...
Loop93 pFBA...5862.0...Ave likelihood of: cpd00091_c is 0.2797778741198025...
Loop94 pFBA...3618.0...Ave likelihood of: cpd00092_c is 0.32165863028678116...
Loop95 pFBA...64045.0...Ave likelihood of: cpd00305_c is 0.12199917661954256...
Loop96 pFBA...14160.0...Ave likelihood of: cpd00220_c is 0.1558044825514711...
Loop97 pFBA...14726.0...Ave likelihood of: cpd00218_c is 0.20728228578953706...
Loop98 pFBA...15080.0...Ave likelihood of: cpd00215_c is 0.33860905313627343...
Loop99 pFBA...28716.0...Ave likelihood of: cpd00104_c is 0.16999515311808538...
Loop100 pFBA...36066.0...Ave likelihood of: cpd00393_c is 0.17058215792699144...
Loop101 pFBA...6412.0...Ave likelihood of: cpd00363_c is 0.38616614729168885...
Loop102 pFBA...8588.0...Ave likelihood of: cpd00281_c is 0.20168493422053085...
Loop103 pFBA...4223.0...Ave likelihood of: cpd00025_c is 0.3328621692542677...
Loop104 pFBA...20559.0...Ave likelihood of: cpd00811_c is 0.28587419232632766...
Loop105 pFBA...6481.0...Ave likelihood of: cpd00714_c is 0.4166481744427217...
Loop106 pFBA...5556.0...Ave likelihood of: cpd00117_c is 0.47383689609500185...
Loop107 pFBA...6840.0...Ave likelihood of: cpd00186_c is 0.3599226332915711...
Loop108 pFBA...21556.0...Ave likelihood of: cpd00637_c is 0.24978682534823177...
Loop109 pFBA...6443.0...Ave likelihood of: cpd00550_c is 0.3027544405958273...
Loop110 pFBA...4057.0...Ave likelihood of: cpd00033_c is 0.22856376798258674...
Loop111 pFBA...5436.0...Ave likelihood of: cpd00035_c is 0.47383689609500185...
Loop112 pFBA...18197.0...Ave likelihood of: cpd00051_c is 0.2728666820249025...
Loop113 pFBA...7912.0...Ave likelihood of: cpd00132_c is 0.2499171781307903...
Loop114 pFBA...5182.0...Ave likelihood of: cpd00041_c is 0.22307022324053163...
Loop115 pFBA...13734.0...Ave likelihood of: cpd00084_c is 0.23116416679688384...
Loop116 pFBA...6592.0...Ave likelihood of: cpd00023_c is 0.28161021663897645...
Loop117 pFBA...9081.0...Ave likelihood of: cpd00053_c is 0.3109890474734302...
Loop118 pFBA...16372.0...Ave likelihood of: cpd00119_c is 0.3237042002730841...
Loop119 pFBA...16757.0...Ave likelihood of: cpd00322_c is 0.2398264249924461...
Loop120 pFBA...14213.0...Ave likelihood of: cpd00107_c is 0.2638843550812027...
Loop121 pFBA...17559.0...Ave likelihood of: cpd00039_c is 0.28696826608936804...
Loop122 pFBA...20556.0...Ave likelihood of: cpd00060_c is 0.25307349410281377...
Loop123 pFBA...20933.0...Ave likelihood of: cpd00066_c is 0.22688837348728658...
Loop124 pFBA...10285.0...Ave likelihood of: cpd00129_c is 0.2013810041885921...
Loop125 pFBA...5443.0...Ave likelihood of: cpd00054_c is 0.309061824774907...
Loop126 pFBA...7518.0...Ave likelihood of: cpd00161_c is 0.34534628596348665...
Loop127 pFBA...27276.0...Ave likelihood of: cpd00065_c is 0.24954494552662712...
Loop128 pFBA...18472.0...Ave likelihood of: cpd00069_c is 0.1973136432307087...
Loop129 pFBA...7675.0...Ave likelihood of: cpd00156_c is 0.3323229595581656...
Loop130 pFBA...24128.0...Ave likelihood of: cpd00098_c is 0.24214088663970695...
Loop131 pFBA...14160.0...Ave likelihood of: cpd00274_c is 0.19471991517426698...
Loop132 pFBA...6631.0...Ave likelihood of: cpd00226_c is 0.3259967166010864...
Loop133 pFBA...4641.0...Ave likelihood of: cpd00246_c is 0.2280414238642669...
Loop134 pFBA...20433.0...Ave likelihood of: cpd00374_c is 0.21288557395114543...
Loop135 pFBA...4959.0...Ave likelihood of: cpd00221_c is 0.1916284845496327...
Loop136 pFBA...4316.0...Ave likelihood of: cpd00159_c is 0.34675802756538027...
Loop137 pFBA...10492.0...Ave likelihood of: cpd00211_c is 0.3365242236667588...
Loop138 pFBA...3766.0...Ave likelihood of: cpd00047_c is 0.21918590277995084...
Loop139 pFBA...5000.0...Ave likelihood of: cpd00106_c is 0.19005287578843935...
Loop140 pFBA...7679.0...Ave likelihood of: cpd00141_c is 0.37128646281161565...
Loop141 pFBA...19630.0...Ave likelihood of: cpd00216_c is 0.23142058360557435...
Loop142 pFBA...4802.0...Ave likelihood of: cpd00036_c is 0.2281192321888459...
Loop143 pFBA...16941.0...Ave likelihood of: cpd00581_c is 0.3262191215593979...
Loop144 pFBA...4747.0...Ave likelihood of: cpd00128_c is 0.3457249154171535...
Loop145 pFBA...5862.0...Ave likelihood of: cpd00018_c is 0.27977787411980254...
Loop146 pFBA...5862.0...Ave likelihood of: cpd00091_c is 0.2797778741198025...
Loop147 pFBA...3618.0...Ave likelihood of: cpd00092_c is 0.32165863028678116...
Loop148 pFBA...64045.0...Ave likelihood of: cpd00305_c is 0.12325690008984713...
Loop149 pFBA...14033.0...Ave likelihood of: cpd00220_c is 0.268383680162866...
Loop150 pFBA...14667.0...Ave likelihood of: cpd00218_c is 0.13558074384031193...
Loop151 pFBA...14749.0...Ave likelihood of: cpd00215_c is 0.23133489686878914...
Loop152 pFBA...28708.0...Ave likelihood of: cpd00104_c is 0.19731104748019376...
Loop153 pFBA...36057.0...Ave likelihood of: cpd00393_c is 0.15138384567022994...
Loop154 pFBA...6085.0...Ave likelihood of: cpd00363_c is 0.43447435590406064...
Loop155 pFBA...8588.0...Ave likelihood of: cpd00281_c is 0.20168493422053085...
Loop156 pFBA...4141.0...Ave likelihood of: cpd00025_c is 0.3194121822988699...
Loop157 pFBA...19993.0...Ave likelihood of: cpd00811_c is 0.2709070188333592...
Loop158 pFBA...6153.0...Ave likelihood of: cpd00714_c is 0.2948890847393639...
32.3716775656mins to complete!
