
The following have been reloaded with a version change:
  1) anaconda2/4.4.0 => anaconda2/5.1.0

Loading in models...Adding Water...Remove no-like rxns...Pruned 1 metabolites from model
Pruned 1 reactions from model
Set-up Universal...65.0seconds to complete

Loop0 pFBA...5324.0...Ave likelihood of: cpd00117_c is 0.30740307779952275...
Loop1 pFBA...7125.0...Ave likelihood of: cpd00186_c is 0.3125013338594091...
Loop2 pFBA...21577.0...Ave likelihood of: cpd00637_c is 0.2506736223001489...
Loop3 pFBA...6393.0...Ave likelihood of: cpd00550_c is 0.42561506769099827...
Loop4 pFBA...4081.0...Ave likelihood of: cpd00033_c is 0.23436183621799467...
Loop5 pFBA...5218.0...Ave likelihood of: cpd00035_c is 0.30740307779952275...
Loop6 pFBA...17872.0...Ave likelihood of: cpd00051_c is 0.27895280062522676...
Loop7 pFBA...8171.0...Ave likelihood of: cpd00132_c is 0.18895354573500905...
Loop8 pFBA...5314.0...Ave likelihood of: cpd00041_c is 0.18140609619826126...
Loop9 pFBA...13501.0...Ave likelihood of: cpd00084_c is 0.2589768282945817...
Loop10 pFBA...6629.0...Ave likelihood of: cpd00023_c is 0.2742857536238718...
Loop11 pFBA...9269.0...Ave likelihood of: cpd00053_c is 0.2045170647487091...
Loop12 pFBA...15572.0...Ave likelihood of: cpd00119_c is 0.3214064023048618...
Loop13 pFBA...16893.0...Ave likelihood of: cpd00322_c is 0.24401372164048213...
Loop14 pFBA...13957.0...Ave likelihood of: cpd00107_c is 0.28528504174460567...
Loop15 pFBA...16884.0...Ave likelihood of: cpd00039_c is 0.2953186200588667...
Loop16 pFBA...20577.0...Ave likelihood of: cpd00060_c is 0.25376835837792855...
Loop17 pFBA...20901.0...Ave likelihood of: cpd00066_c is 0.28311327264073693...
Loop18 pFBA...10258.0...Ave likelihood of: cpd00129_c is 0.31186861410164485...
Loop19 pFBA...5393.0...Ave likelihood of: cpd00054_c is 0.4643073465719981...
Loop20 pFBA...7538.0...Ave likelihood of: cpd00161_c is 0.3772647482242685...
Loop21 pFBA...25932.0...Ave likelihood of: cpd00065_c is 0.2053847922549727...
Loop22 pFBA...18413.0...Ave likelihood of: cpd00069_c is 0.2624063580059499...
Loop23 pFBA...7893.0...Ave likelihood of: cpd00156_c is 0.2961568984508937...
Loop24 pFBA...23890.0...Ave likelihood of: cpd00098_c is 0.21636232574340375...
Loop25 pFBA...14386.0...Ave likelihood of: cpd00274_c is 0.2890837389737624...
Loop26 pFBA...6130.0...Ave likelihood of: cpd00226_c is 0.3351312749899708...
Loop27 pFBA...4564.0...Ave likelihood of: cpd00246_c is 0.4103919776812321...
Loop28 pFBA...20159.0...Ave likelihood of: cpd00374_c is 0.2667477208587961...
Loop29 pFBA...4178.0...Ave likelihood of: cpd00221_c is 0.510871958981306...
Loop30 pFBA...4022.0...Ave likelihood of: cpd00159_c is 0.4183556439701497...
Loop31 pFBA...10120.0...Ave likelihood of: cpd00211_c is 0.36453011638994715...
Loop32 pFBA...3606.0...Ave likelihood of: cpd00047_c is 0.37671839340062185...
Loop33 pFBA...4996.0...Ave likelihood of: cpd00106_c is 0.1751460701895542...
Loop34 pFBA...7622.0...Ave likelihood of: cpd00141_c is 0.2981779013560361...
Loop35 pFBA...19910.0...Ave likelihood of: cpd00216_c is 0.2803418315457524...
Loop36 pFBA...4762.0...Ave likelihood of: cpd00036_c is 0.22488319106884222...
Loop37 pFBA...16176.0...Ave likelihood of: cpd00581_c is 0.3329355512431412...
Loop38 pFBA...4256.0...Ave likelihood of: cpd00128_c is 0.3630794470041301...
Loop39 pFBA...5761.0...Ave likelihood of: cpd00018_c is 0.31687228944435086...
Loop40 pFBA...5091.0...Ave likelihood of: cpd00091_c is 0.3680659929166228...
Loop41 pFBA...4159.0...Ave likelihood of: cpd00092_c is 0.3898411406886195...
Loop42 pFBA...61606.0...Ave likelihood of: cpd00305_c is 0.20759831455229139...
Loop43 pFBA...13416.0...Ave likelihood of: cpd00220_c is 0.28879005513568007...
Loop44 pFBA...14268.0...Ave likelihood of: cpd00218_c is 0.2435560591177787...
Loop45 pFBA...13464.0...Ave likelihood of: cpd00215_c is 0.4001840193217033...
Loop46 pFBA...27957.0...Ave likelihood of: cpd00104_c is 0.19860216921474128...
Loop47 pFBA...36171.0...Ave likelihood of: cpd00393_c is 0.2169639171691026...
Loop48 pFBA...6139.0...Ave likelihood of: cpd00363_c is 0.548536102061791...
Loop49 pFBA...8629.0...Ave likelihood of: cpd00281_c is 0.19591839544562273...
Loop50 pFBA...4051.0...Ave likelihood of: cpd00025_c is 0.41951743836056665...
Loop51 pFBA...20119.0...Ave likelihood of: cpd00811_c is 0.2615898828266836...
Loop52 pFBA...5324.0...Ave likelihood of: cpd00117_c is 0.30740307779952275...
Loop53 pFBA...7125.0...Ave likelihood of: cpd00186_c is 0.3125013338594091...
Loop54 pFBA...21579.0...Ave likelihood of: cpd00637_c is 0.2287835839351219...
Loop55 pFBA...6393.0...Ave likelihood of: cpd00550_c is 0.42561506769099827...
Loop56 pFBA...4081.0...Ave likelihood of: cpd00033_c is 0.23436183621799467...
Loop57 pFBA...5218.0...Ave likelihood of: cpd00035_c is 0.30740307779952275...
Loop58 pFBA...18156.0...Ave likelihood of: cpd00051_c is 0.25321212636531204...
Loop59 pFBA...8171.0...Ave likelihood of: cpd00132_c is 0.18895354573500905...
Loop60 pFBA...5314.0...Ave likelihood of: cpd00041_c is 0.18140609619826126...
Loop61 pFBA...13627.0...Ave likelihood of: cpd00084_c is 0.24066314935803587...
Loop62 pFBA...6629.0...Ave likelihood of: cpd00023_c is 0.2742857536238718...
Loop63 pFBA...9269.0...Ave likelihood of: cpd00053_c is 0.2045170647487091...
Loop64 pFBA...15572.0...Ave likelihood of: cpd00119_c is 0.3214064023048618...
Loop65 pFBA...16893.0...Ave likelihood of: cpd00322_c is 0.24401372164048213...
Loop66 pFBA...13957.0...Ave likelihood of: cpd00107_c is 0.28528504174460567...
Loop67 pFBA...17317.0...Ave likelihood of: cpd00039_c is 0.2673712264221629...
Loop68 pFBA...20579.0...Ave likelihood of: cpd00060_c is 0.23167957866847783...
Loop69 pFBA...21172.0...Ave likelihood of: cpd00066_c is 0.26265319427231687...
Loop70 pFBA...10258.0...Ave likelihood of: cpd00129_c is 0.31186861410164485...
Loop71 pFBA...5393.0...Ave likelihood of: cpd00054_c is 0.4643073465719981...
Loop72 pFBA...7639.0...Ave likelihood of: cpd00161_c is 0.35502368110230353...
Loop73 pFBA...25932.0...Ave likelihood of: cpd00065_c is 0.20802221448871094...
Loop74 pFBA...18623.0...Ave likelihood of: cpd00069_c is 0.2506109543422421...
Loop75 pFBA...7893.0...Ave likelihood of: cpd00156_c is 0.2961568984508937...
Loop76 pFBA...24174.0...Ave likelihood of: cpd00098_c is 0.18875235997291145...
Loop77 pFBA...14617.0...Ave likelihood of: cpd00274_c is 0.21697905454844077...
Loop78 pFBA...6130.0...Ave likelihood of: cpd00226_c is 0.3351312749899708...
Loop79 pFBA...4827.0...Ave likelihood of: cpd00246_c is 0.2931586724410624...
Loop80 pFBA...20807.0...Ave likelihood of: cpd00374_c is 0.25604767630813746...
Loop81 pFBA...4308.0...Ave likelihood of: cpd00221_c is 0.2560163134422877...
Loop82 pFBA...4108.0...Ave likelihood of: cpd00159_c is 0.3619702369228838...
Loop83 pFBA...10143.0...Ave likelihood of: cpd00211_c is 0.2505209130538277...
Loop84 pFBA...3632.0...Ave likelihood of: cpd00047_c is 0.4243059602960828...
Loop85 pFBA...4996.0...Ave likelihood of: cpd00106_c is 0.1751460701895542...
Loop86 pFBA...7658.0...Ave likelihood of: cpd00141_c is 0.314010050482133...
Loop87 pFBA...20244.0...Ave likelihood of: cpd00216_c is 0.2770486444890554...
Loop88 pFBA...4762.0...Ave likelihood of: cpd00036_c is 0.22488319106884222...
Loop89 pFBA...16176.0...Ave likelihood of: cpd00581_c is 0.3329355512431412...
Loop90 pFBA...4256.0...Ave likelihood of: cpd00128_c is 0.3630794470041301...
Loop91 pFBA...5761.0...Ave likelihood of: cpd00018_c is 0.31687228944435086...
Loop92 pFBA...5091.0...Ave likelihood of: cpd00091_c is 0.3680659929166228...
Loop93 pFBA...4159.0...Ave likelihood of: cpd00092_c is 0.3898411406886195...
Loop94 pFBA...61626.0...Ave likelihood of: cpd00305_c is 0.1933915892680769...
Loop95 pFBA...13416.0...Ave likelihood of: cpd00220_c is 0.2731797818851028...
Loop96 pFBA...14487.0...Ave likelihood of: cpd00218_c is 0.18188203699294864...
Loop97 pFBA...14014.0...Ave likelihood of: cpd00215_c is 0.3009181920396546...
Loop98 pFBA...27957.0...Ave likelihood of: cpd00104_c is 0.19860216921474128...
Loop99 pFBA...36171.0...Ave likelihood of: cpd00393_c is 0.21696391716910263...
Loop100 pFBA...6469.0...Ave likelihood of: cpd00363_c is 0.47216503274612176...
Loop101 pFBA...8629.0...Ave likelihood of: cpd00281_c is 0.19591839544562273...
Loop102 pFBA...4180.0...Ave likelihood of: cpd00025_c is 0.33177109438542235...
Loop103 pFBA...20671.0...Ave likelihood of: cpd00811_c is 0.23080544188403657...
Loop104 pFBA...5324.0...Ave likelihood of: cpd00117_c is 0.30740307779952275...
Loop105 pFBA...7125.0...Ave likelihood of: cpd00186_c is 0.3125013338594091...
Loop106 pFBA...21577.0...Ave likelihood of: cpd00637_c is 0.24954716588234105...
Loop107 pFBA...6393.0...Ave likelihood of: cpd00550_c is 0.42561506769099827...
Loop108 pFBA...4081.0...Ave likelihood of: cpd00033_c is 0.23436183621799467...
Loop109 pFBA...5218.0...Ave likelihood of: cpd00035_c is 0.30740307779952275...
Loop110 pFBA...17854.0...Ave likelihood of: cpd00051_c is 0.26160128964934093...
Loop111 pFBA...8171.0...Ave likelihood of: cpd00132_c is 0.18895354573500905...
Loop112 pFBA...5314.0...Ave likelihood of: cpd00041_c is 0.18140609619826126...
Loop113 pFBA...13547.0...Ave likelihood of: cpd00084_c is 0.3097393139126498...
Loop114 pFBA...6629.0...Ave likelihood of: cpd00023_c is 0.2742857536238718...
Loop115 pFBA...9269.0...Ave likelihood of: cpd00053_c is 0.2045170647487091...
Loop116 pFBA...15572.0...Ave likelihood of: cpd00119_c is 0.3214064023048618...
Loop117 pFBA...16893.0...Ave likelihood of: cpd00322_c is 0.24401372164048213...
Loop118 pFBA...13957.0...Ave likelihood of: cpd00107_c is 0.28528504174460567...
Loop119 pFBA...17082.0...Ave likelihood of: cpd00039_c is 0.28673223177321694...
Loop120 pFBA...20577.0...Ave likelihood of: cpd00060_c is 0.25262799509076506...
Loop121 pFBA...20759.0...Ave likelihood of: cpd00066_c is 0.27315577324373014...
Loop122 pFBA...10258.0...Ave likelihood of: cpd00129_c is 0.31186861410164485...
Loop123 pFBA...5393.0...Ave likelihood of: cpd00054_c is 0.4643073465719981...
Loop124 pFBA...7527.0...Ave likelihood of: cpd00161_c is 0.364434877139148...
Loop125 pFBA...25932.0...Ave likelihood of: cpd00065_c is 0.20538479225497272...
Loop126 pFBA...18276.0...Ave likelihood of: cpd00069_c is 0.2370976399157148...
Loop127 pFBA...7893.0...Ave likelihood of: cpd00156_c is 0.2961568984508937...
Loop128 pFBA...23894.0...Ave likelihood of: cpd00098_c is 0.2074159737747054...
Loop129 pFBA...14602.0...Ave likelihood of: cpd00274_c is 0.28551361706753986...
Loop130 pFBA...6130.0...Ave likelihood of: cpd00226_c is 0.3351312749899708...
Loop131 pFBA...4545.0...Ave likelihood of: cpd00246_c is 0.36215889390842937...
Loop132 pFBA...20085.0...Ave likelihood of: cpd00374_c is 0.26191669631101855...
Loop133 pFBA...4272.0...Ave likelihood of: cpd00221_c is 0.3366481052254665...
Loop134 pFBA...4086.0...Ave likelihood of: cpd00159_c is 0.3653390255414668...
Loop135 pFBA...10125.0...Ave likelihood of: cpd00211_c is 0.36227720355433146...
Loop136 pFBA...3632.0...Ave likelihood of: cpd00047_c is 0.4243059602960829...
Loop137 pFBA...4996.0...Ave likelihood of: cpd00106_c is 0.1751460701895542...
Loop138 pFBA...7610.0...Ave likelihood of: cpd00141_c is 0.359735882650858...
Loop139 pFBA...19768.0...Ave likelihood of: cpd00216_c is 0.29114574856449543...
Loop140 pFBA...4762.0...Ave likelihood of: cpd00036_c is 0.22488319106884222...
Loop141 pFBA...16176.0...Ave likelihood of: cpd00581_c is 0.3329355512431412...
Loop142 pFBA...4256.0...Ave likelihood of: cpd00128_c is 0.3630794470041301...
Loop143 pFBA...5761.0...Ave likelihood of: cpd00018_c is 0.32779892011484574...
Loop144 pFBA...5091.0...Ave likelihood of: cpd00091_c is 0.36806599291662273...
Loop145 pFBA...4159.0...Ave likelihood of: cpd00092_c is 0.3898411406886195...
Loop146 pFBA...61551.0...Ave likelihood of: cpd00305_c is 0.20651025482319194...
Loop147 pFBA...13416.0...Ave likelihood of: cpd00220_c is 0.3020774583383391...
Loop148 pFBA...14321.0...Ave likelihood of: cpd00218_c is 0.200612465521482...
Loop149 pFBA...13303.0...Ave likelihood of: cpd00215_c is 0.4096752486965606...
Loop150 pFBA...27955.0...Ave likelihood of: cpd00104_c is 0.21805657338453455...
Loop151 pFBA...36171.0...Ave likelihood of: cpd00393_c is 0.2169639171691026...
Loop152 pFBA...6038.0...Ave likelihood of: cpd00363_c is 0.4722594743465826...
Loop153 pFBA...8629.0...Ave likelihood of: cpd00281_c is 0.19591839544562273...
Loop154 pFBA...4050.0...Ave likelihood of: cpd00025_c is 0.41053202149798107...
Loop155 pFBA...20083.0...Ave likelihood of: cpd00811_c is 0.2586825992396855...
32.4162535826mins to complete!
