
The following have been reloaded with a version change:
  1) anaconda2/4.4.0 => anaconda2/5.1.0

Loading in models...Adding Water...Remove no-like rxns...Pruned 1 metabolites from model
Pruned 1 reactions from model
Set-up Universal...63.0seconds to complete

Loop0 pFBA...5326.0...Ave likelihood of: cpd00117_c is 0.3072309794265279...
Loop1 pFBA...7126.0...Ave likelihood of: cpd00186_c is 0.3122912560935284...
Loop2 pFBA...21802.0...Ave likelihood of: cpd00637_c is 0.24028680528985025...
Loop3 pFBA...6392.0...Ave likelihood of: cpd00550_c is 0.4256957733113567...
Loop4 pFBA...4104.0...Ave likelihood of: cpd00033_c is 0.223488852659002...
Loop5 pFBA...5219.0...Ave likelihood of: cpd00035_c is 0.3072309794265279...
Loop6 pFBA...17949.0...Ave likelihood of: cpd00051_c is 0.24983565351917272...
Loop7 pFBA...8186.0...Ave likelihood of: cpd00132_c is 0.1508823500311847...
Loop8 pFBA...5314.0...Ave likelihood of: cpd00041_c is 0.17171236981250515...
Loop9 pFBA...13586.0...Ave likelihood of: cpd00084_c is 0.2779628858380895...
Loop10 pFBA...6629.0...Ave likelihood of: cpd00023_c is 0.27418186527324606...
Loop11 pFBA...9269.0...Ave likelihood of: cpd00053_c is 0.18826670960921127...
Loop12 pFBA...15574.0...Ave likelihood of: cpd00119_c is 0.3215518860440479...
Loop13 pFBA...17008.0...Ave likelihood of: cpd00322_c is 0.2386266283790062...
Loop14 pFBA...14086.0...Ave likelihood of: cpd00107_c is 0.2769893271966207...
Loop15 pFBA...17011.0...Ave likelihood of: cpd00039_c is 0.2924104453835317...
Loop16 pFBA...20802.0...Ave likelihood of: cpd00060_c is 0.24344847378050619...
Loop17 pFBA...21008.0...Ave likelihood of: cpd00066_c is 0.2808612856439646...
Loop18 pFBA...10269.0...Ave likelihood of: cpd00129_c is 0.31094893647554256...
Loop19 pFBA...5392.0...Ave likelihood of: cpd00054_c is 0.4643953890669346...
Loop20 pFBA...7677.0...Ave likelihood of: cpd00161_c is 0.3467081958868777...
Loop21 pFBA...26550.0...Ave likelihood of: cpd00065_c is 0.21746908939953455...
Loop22 pFBA...18461.0...Ave likelihood of: cpd00069_c is 0.2597627593554338...
Loop23 pFBA...7956.0...Ave likelihood of: cpd00156_c is 0.28453152734106735...
Loop24 pFBA...24332.0...Ave likelihood of: cpd00098_c is 0.20313463085602645...
Loop25 pFBA...14616.0...Ave likelihood of: cpd00274_c is 0.2075050761157076...
Loop26 pFBA...6130.0...Ave likelihood of: cpd00226_c is 0.33482232472180046...
Loop27 pFBA...4627.0...Ave likelihood of: cpd00246_c is 0.3315368347708362...
Loop28 pFBA...20292.0...Ave likelihood of: cpd00374_c is 0.26979165594649096...
Loop29 pFBA...4250.0...Ave likelihood of: cpd00221_c is 0.4520396416809205...
Loop30 pFBA...4064.0...Ave likelihood of: cpd00159_c is 0.3620794429292341...
Loop31 pFBA...10261.0...Ave likelihood of: cpd00211_c is 0.32674744381798076...
Loop32 pFBA...3617.0...Ave likelihood of: cpd00047_c is 0.4353076399062189...
Loop33 pFBA...4994.0...Ave likelihood of: cpd00106_c is 0.17519739794787476...
Loop34 pFBA...7662.0...Ave likelihood of: cpd00141_c is 0.41245637146215175...
Loop35 pFBA...20104.0...Ave likelihood of: cpd00216_c is 0.29487025476983886...
Loop36 pFBA...4763.0...Ave likelihood of: cpd00036_c is 0.2244411133147194...
Loop37 pFBA...16179.0...Ave likelihood of: cpd00581_c is 0.3328139688554868...
Loop38 pFBA...4256.0...Ave likelihood of: cpd00128_c is 0.3632172250932695...
Loop39 pFBA...5762.0...Ave likelihood of: cpd00018_c is 0.32784148105259336...
Loop40 pFBA...5090.0...Ave likelihood of: cpd00091_c is 0.3681675336784048...
Loop41 pFBA...4159.0...Ave likelihood of: cpd00092_c is 0.389354482035035...
Loop42 pFBA...61628.0...Ave likelihood of: cpd00305_c is 0.19762935161182466...
Loop43 pFBA...13417.0...Ave likelihood of: cpd00220_c is 0.2806155137450446...
Loop44 pFBA...14442.0...Ave likelihood of: cpd00218_c is 0.1966193386081227...
Loop45 pFBA...13692.0...Ave likelihood of: cpd00215_c is 0.32242811548215833...
Loop46 pFBA...28104.0...Ave likelihood of: cpd00104_c is 0.17172769643026162...
Loop47 pFBA...36557.0...Ave likelihood of: cpd00393_c is 0.1948964001690717...
Loop48 pFBA...6251.0...Ave likelihood of: cpd00363_c is 0.4359020764168641...
Loop49 pFBA...8629.0...Ave likelihood of: cpd00281_c is 0.19584418948089005...
Loop50 pFBA...4092.0...Ave likelihood of: cpd00025_c is 0.40841183907452583...
Loop51 pFBA...20461.0...Ave likelihood of: cpd00811_c is 0.18948467443544229...
Loop52 pFBA...5326.0...Ave likelihood of: cpd00117_c is 0.3072309794265279...
Loop53 pFBA...7126.0...Ave likelihood of: cpd00186_c is 0.3122912560935284...
Loop54 pFBA...21802.0...Ave likelihood of: cpd00637_c is 0.24028680528985025...
Loop55 pFBA...6392.0...Ave likelihood of: cpd00550_c is 0.4256957733113567...
Loop56 pFBA...4104.0...Ave likelihood of: cpd00033_c is 0.223488852659002...
Loop57 pFBA...5219.0...Ave likelihood of: cpd00035_c is 0.3072309794265279...
Loop58 pFBA...18158.0...Ave likelihood of: cpd00051_c is 0.2540970600481462...
Loop59 pFBA...8186.0...Ave likelihood of: cpd00132_c is 0.15088235003118472...
Loop60 pFBA...5314.0...Ave likelihood of: cpd00041_c is 0.17171236981250515...
Loop61 pFBA...13629.0...Ave likelihood of: cpd00084_c is 0.2407667855113138...
Loop62 pFBA...6629.0...Ave likelihood of: cpd00023_c is 0.27418186527324606...
Loop63 pFBA...9269.0...Ave likelihood of: cpd00053_c is 0.18478028906089253...
Loop64 pFBA...15574.0...Ave likelihood of: cpd00119_c is 0.3215518860440479...
Loop65 pFBA...17008.0...Ave likelihood of: cpd00322_c is 0.2386266283790062...
Loop66 pFBA...14086.0...Ave likelihood of: cpd00107_c is 0.2769893271966207...
Loop67 pFBA...17292.0...Ave likelihood of: cpd00039_c is 0.2617677961212629...
Loop68 pFBA...20802.0...Ave likelihood of: cpd00060_c is 0.24344847378050619...
Loop69 pFBA...21165.0...Ave likelihood of: cpd00066_c is 0.2820109738756838...
Loop70 pFBA...10269.0...Ave likelihood of: cpd00129_c is 0.31094893647554256...
Loop71 pFBA...5392.0...Ave likelihood of: cpd00054_c is 0.4643953890669346...
Loop72 pFBA...7714.0...Ave likelihood of: cpd00161_c is 0.35161221108616275...
Loop73 pFBA...26550.0...Ave likelihood of: cpd00065_c is 0.21746908939953455...
Loop74 pFBA...18586.0...Ave likelihood of: cpd00069_c is 0.2306996400052146...
Loop75 pFBA...7956.0...Ave likelihood of: cpd00156_c is 0.28453152734106735...
Loop76 pFBA...24428.0...Ave likelihood of: cpd00098_c is 0.18588946764470526...
Loop77 pFBA...14715.0...Ave likelihood of: cpd00274_c is 0.1636245250521906...
Loop78 pFBA...6130.0...Ave likelihood of: cpd00226_c is 0.33482232472180046...
Loop79 pFBA...4825.0...Ave likelihood of: cpd00246_c is 0.22578429414552267...
Loop80 pFBA...20754.0...Ave likelihood of: cpd00374_c is 0.22332860439434415...
Loop81 pFBA...4311.0...Ave likelihood of: cpd00221_c is 0.2554254839812227...
Loop82 pFBA...4105.0...Ave likelihood of: cpd00159_c is 0.3325776897068257...
Loop83 pFBA...10262.0...Ave likelihood of: cpd00211_c is 0.25023153955731925...
Loop84 pFBA...3634.0...Ave likelihood of: cpd00047_c is 0.4239194539914024...
Loop85 pFBA...4994.0...Ave likelihood of: cpd00106_c is 0.17519739794787476...
Loop86 pFBA...7689.0...Ave likelihood of: cpd00141_c is 0.297526194661252...
Loop87 pFBA...20245.0...Ave likelihood of: cpd00216_c is 0.2552454184279148...
Loop88 pFBA...4763.0...Ave likelihood of: cpd00036_c is 0.2244411133147194...
Loop89 pFBA...16179.0...Ave likelihood of: cpd00581_c is 0.3328139688554868...
Loop90 pFBA...4256.0...Ave likelihood of: cpd00128_c is 0.3632172250932695...
Loop91 pFBA...5762.0...Ave likelihood of: cpd00018_c is 0.32784148105259336...
Loop92 pFBA...5090.0...Ave likelihood of: cpd00091_c is 0.3681675336784048...
Loop93 pFBA...4159.0...Ave likelihood of: cpd00092_c is 0.389354482035035...
Loop94 pFBA...61628.0...Ave likelihood of: cpd00305_c is 0.19934786771279706...
Loop95 pFBA...13417.0...Ave likelihood of: cpd00220_c is 0.28863309985204594...
Loop96 pFBA...14514.0...Ave likelihood of: cpd00218_c is 0.18001523825931998...
Loop97 pFBA...14011.0...Ave likelihood of: cpd00215_c is 0.2929669230448578...
Loop98 pFBA...28104.0...Ave likelihood of: cpd00104_c is 0.17172769643026162...
Loop99 pFBA...36557.0...Ave likelihood of: cpd00393_c is 0.19783929246963722...
Loop100 pFBA...6468.0...Ave likelihood of: cpd00363_c is 0.4545623392390235...
Loop101 pFBA...8629.0...Ave likelihood of: cpd00281_c is 0.19584418948089005...
Loop102 pFBA...4178.0...Ave likelihood of: cpd00025_c is 0.3234165698202018...
Loop103 pFBA...20668.0...Ave likelihood of: cpd00811_c is 0.23115117043380934...
Loop104 pFBA...5326.0...Ave likelihood of: cpd00117_c is 0.3072309794265279...
Loop105 pFBA...7126.0...Ave likelihood of: cpd00186_c is 0.3122912560935284...
Loop106 pFBA...21776.0...Ave likelihood of: cpd00637_c is 0.24716432439266073...
Loop107 pFBA...6392.0...Ave likelihood of: cpd00550_c is 0.4256957733113567...
Loop108 pFBA...4104.0...Ave likelihood of: cpd00033_c is 0.223488852659002...
Loop109 pFBA...5219.0...Ave likelihood of: cpd00035_c is 0.3072309794265279...
Loop110 pFBA...17862.0...Ave likelihood of: cpd00051_c is 0.2797145227051991...
Loop111 pFBA...8186.0...Ave likelihood of: cpd00132_c is 0.15088235003118472...
Loop112 pFBA...5314.0...Ave likelihood of: cpd00041_c is 0.17171236981250515...
Loop113 pFBA...13598.0...Ave likelihood of: cpd00084_c is 0.2825068952613546...
Loop114 pFBA...6629.0...Ave likelihood of: cpd00023_c is 0.27418186527324606...
Loop115 pFBA...9269.0...Ave likelihood of: cpd00053_c is 0.18826670960921127...
Loop116 pFBA...15574.0...Ave likelihood of: cpd00119_c is 0.3215518860440479...
Loop117 pFBA...17008.0...Ave likelihood of: cpd00322_c is 0.2386266283790062...
Loop118 pFBA...14086.0...Ave likelihood of: cpd00107_c is 0.2769893271966207...
Loop119 pFBA...17112.0...Ave likelihood of: cpd00039_c is 0.27022720776061376...
Loop120 pFBA...20776.0...Ave likelihood of: cpd00060_c is 0.2501422078190783...
Loop121 pFBA...20759.0...Ave likelihood of: cpd00066_c is 0.2771837027762816...
Loop122 pFBA...10269.0...Ave likelihood of: cpd00129_c is 0.31094893647554256...
Loop123 pFBA...5392.0...Ave likelihood of: cpd00054_c is 0.4643953890669346...
Loop124 pFBA...7630.0...Ave likelihood of: cpd00161_c is 0.35533120815768526...
Loop125 pFBA...26550.0...Ave likelihood of: cpd00065_c is 0.21746908939953455...
Loop126 pFBA...18280.0...Ave likelihood of: cpd00069_c is 0.2369167934952277...
Loop127 pFBA...7956.0...Ave likelihood of: cpd00156_c is 0.28453152734106735...
Loop128 pFBA...24154.0...Ave likelihood of: cpd00098_c is 0.19267843399791107...
Loop129 pFBA...14683.0...Ave likelihood of: cpd00274_c is 0.2386746294649614...
Loop130 pFBA...6130.0...Ave likelihood of: cpd00226_c is 0.33482232472180046...
Loop131 pFBA...4555.0...Ave likelihood of: cpd00246_c is 0.3578357102908629...
Loop132 pFBA...20089.0...Ave likelihood of: cpd00374_c is 0.26176831961133035...
Loop133 pFBA...4276.0...Ave likelihood of: cpd00221_c is 0.33479839021507507...
Loop134 pFBA...4086.0...Ave likelihood of: cpd00159_c is 0.37466698036817636...
Loop135 pFBA...10247.0...Ave likelihood of: cpd00211_c is 0.35271801547884973...
Loop136 pFBA...3634.0...Ave likelihood of: cpd00047_c is 0.4239194539914024...
Loop137 pFBA...4994.0...Ave likelihood of: cpd00106_c is 0.17519739794787476...
Loop138 pFBA...7636.0...Ave likelihood of: cpd00141_c is 0.37345650784442697...
Loop139 pFBA...19771.0...Ave likelihood of: cpd00216_c is 0.27063256066665037...
Loop140 pFBA...4763.0...Ave likelihood of: cpd00036_c is 0.2244411133147194...
Loop141 pFBA...16179.0...Ave likelihood of: cpd00581_c is 0.3328139688554868...
Loop142 pFBA...4256.0...Ave likelihood of: cpd00128_c is 0.3632172250932695...
Loop143 pFBA...5762.0...Ave likelihood of: cpd00018_c is 0.3169134316841736...
Loop144 pFBA...5090.0...Ave likelihood of: cpd00091_c is 0.3681675336784048...
Loop145 pFBA...4159.0...Ave likelihood of: cpd00092_c is 0.389354482035035...
Loop146 pFBA...61552.0...Ave likelihood of: cpd00305_c is 0.20871442614761543...
Loop147 pFBA...13416.0...Ave likelihood of: cpd00220_c is 0.3056734747291654...
Loop148 pFBA...14370.0...Ave likelihood of: cpd00218_c is 0.19793839836312369...
Loop149 pFBA...13372.0...Ave likelihood of: cpd00215_c is 0.405601795427712...
Loop150 pFBA...28104.0...Ave likelihood of: cpd00104_c is 0.17172769643026162...
Loop151 pFBA...36557.0...Ave likelihood of: cpd00393_c is 0.1948964001690717...
Loop152 pFBA...6039.0...Ave likelihood of: cpd00363_c is 0.4722067416164001...
Loop153 pFBA...8629.0...Ave likelihood of: cpd00281_c is 0.19584418948089005...
Loop154 pFBA...4057.0...Ave likelihood of: cpd00025_c is 0.39801453816809784...
Loop155 pFBA...20131.0...Ave likelihood of: cpd00811_c is 0.2139421003187287...
32.0307942986mins to complete!
