
The following have been reloaded with a version change:
  1) anaconda2/4.4.0 => anaconda2/5.1.0

Loading in models...Adding Water...Remove no-like rxns...Pruned 1 metabolites from model
Pruned 1 reactions from model
Set-up Universal...60.0seconds to complete

Loop0 pFBA...5568.0...Ave likelihood of: cpd00117_c is 0.4716861959728913...
Loop1 pFBA...6841.0...Ave likelihood of: cpd00186_c is 0.359851302978676...
Loop2 pFBA...21378.0...Ave likelihood of: cpd00637_c is 0.27841451143589835...
Loop3 pFBA...6430.0...Ave likelihood of: cpd00550_c is 0.34685209431720493...
Loop4 pFBA...4055.0...Ave likelihood of: cpd00033_c is 0.25598616850730194...
Loop5 pFBA...5445.0...Ave likelihood of: cpd00035_c is 0.4716861959728913...
Loop6 pFBA...18092.0...Ave likelihood of: cpd00051_c is 0.3115672424287196...
Loop7 pFBA...7913.0...Ave likelihood of: cpd00132_c is 0.2498352043213832...
Loop8 pFBA...5183.0...Ave likelihood of: cpd00041_c is 0.22297260810079084...
Loop9 pFBA...13623.0...Ave likelihood of: cpd00084_c is 0.27663586083283137...
Loop10 pFBA...6592.0...Ave likelihood of: cpd00023_c is 0.281549980630481...
Loop11 pFBA...9082.0...Ave likelihood of: cpd00053_c is 0.3109587029573144...
Loop12 pFBA...16375.0...Ave likelihood of: cpd00119_c is 0.323648044656281...
Loop13 pFBA...16747.0...Ave likelihood of: cpd00322_c is 0.3540180448298072...
Loop14 pFBA...14213.0...Ave likelihood of: cpd00107_c is 0.2638955306837758...
Loop15 pFBA...17676.0...Ave likelihood of: cpd00039_c is 0.2962399516748828...
Loop16 pFBA...20378.0...Ave likelihood of: cpd00060_c is 0.28198392824917906...
Loop17 pFBA...20571.0...Ave likelihood of: cpd00066_c is 0.24005058150579078...
Loop18 pFBA...10285.0...Ave likelihood of: cpd00129_c is 0.25183137360658914...
Loop19 pFBA...5430.0...Ave likelihood of: cpd00054_c is 0.3542319261111881...
Loop20 pFBA...7345.0...Ave likelihood of: cpd00161_c is 0.39848743569823436...
Loop21 pFBA...26521.0...Ave likelihood of: cpd00065_c is 0.2694932667694541...
Loop22 pFBA...18301.0...Ave likelihood of: cpd00069_c is 0.21458472985076876...
Loop23 pFBA...7675.0...Ave likelihood of: cpd00156_c is 0.3323335203276862...
Loop24 pFBA...23616.0...Ave likelihood of: cpd00098_c is 0.25175890145604723...
Loop25 pFBA...14161.0...Ave likelihood of: cpd00274_c is 0.1946289064781243...
Loop26 pFBA...6627.0...Ave likelihood of: cpd00226_c is 0.32636145162928126...
Loop27 pFBA...4454.0...Ave likelihood of: cpd00246_c is 0.43841532976639885...
Loop28 pFBA...20025.0...Ave likelihood of: cpd00374_c is 0.22949481308146255...
Loop29 pFBA...4760.0...Ave likelihood of: cpd00221_c is 0.4231706032608474...
Loop30 pFBA...4283.0...Ave likelihood of: cpd00159_c is 0.4221583759355111...
Loop31 pFBA...10282.0...Ave likelihood of: cpd00211_c is 0.38735875329448516...
Loop32 pFBA...3764.0...Ave likelihood of: cpd00047_c is 0.29149876651907664...
Loop33 pFBA...5000.0...Ave likelihood of: cpd00106_c is 0.18994521088821972...
Loop34 pFBA...7563.0...Ave likelihood of: cpd00141_c is 0.4127158108120863...
Loop35 pFBA...19206.0...Ave likelihood of: cpd00216_c is 0.2372883147426754...
Loop36 pFBA...4803.0...Ave likelihood of: cpd00036_c is 0.4168377400002313...
Loop37 pFBA...16944.0...Ave likelihood of: cpd00581_c is 0.3261688038793161...
Loop38 pFBA...4745.0...Ave likelihood of: cpd00128_c is 0.3461391307575215...
Loop39 pFBA...5861.0...Ave likelihood of: cpd00018_c is 0.2798038518362695...
Loop40 pFBA...5861.0...Ave likelihood of: cpd00091_c is 0.2798038518362695...
Loop41 pFBA...3607.0...Ave likelihood of: cpd00092_c is 0.36817540338545146...
Loop42 pFBA...63842.0...Ave likelihood of: cpd00305_c is 0.15836283853636834...
Loop43 pFBA...13660.0...Ave likelihood of: cpd00220_c is 0.2968854789909962...
Loop44 pFBA...14449.0...Ave likelihood of: cpd00218_c is 0.21496995528681032...
Loop45 pFBA...14494.0...Ave likelihood of: cpd00215_c is 0.2994636527244027...
Loop46 pFBA...28629.0...Ave likelihood of: cpd00104_c is 0.20826603323560927...
Loop47 pFBA...36051.0...Ave likelihood of: cpd00393_c is 0.17018938154411933...
Loop48 pFBA...5590.0...Ave likelihood of: cpd00363_c is 0.5692388185598454...
Loop49 pFBA...8589.0...Ave likelihood of: cpd00281_c is 0.2016419085001769...
Loop50 pFBA...4020.0...Ave likelihood of: cpd00025_c is 0.29921299036798876...
Loop51 pFBA...19588.0...Ave likelihood of: cpd00811_c is 0.25995654424483516...
Loop52 pFBA...5368.0...Ave likelihood of: cpd00714_c is 0.3764313374282623...
Loop53 pFBA...5568.0...Ave likelihood of: cpd00117_c is 0.4716861959728913...
Loop54 pFBA...6841.0...Ave likelihood of: cpd00186_c is 0.359851302978676...
Loop55 pFBA...21646.0...Ave likelihood of: cpd00637_c is 0.2785389153718351...
Loop56 pFBA...6502.0...Ave likelihood of: cpd00550_c is 0.29744890478738717...
Loop57 pFBA...4056.0...Ave likelihood of: cpd00033_c is 0.23861278261556376...
Loop58 pFBA...5445.0...Ave likelihood of: cpd00035_c is 0.4716861959728913...
Loop59 pFBA...18286.0...Ave likelihood of: cpd00051_c is 0.28541128273092775...
Loop60 pFBA...7913.0...Ave likelihood of: cpd00132_c is 0.2498352043213832...
Loop61 pFBA...5183.0...Ave likelihood of: cpd00041_c is 0.22297260810079084...
Loop62 pFBA...13768.0...Ave likelihood of: cpd00084_c is 0.2483498119832192...
Loop63 pFBA...6592.0...Ave likelihood of: cpd00023_c is 0.281549980630481...
Loop64 pFBA...9082.0...Ave likelihood of: cpd00053_c is 0.3109587029573144...
Loop65 pFBA...16375.0...Ave likelihood of: cpd00119_c is 0.3301210055494066...
Loop66 pFBA...16757.0...Ave likelihood of: cpd00322_c is 0.23970224910979843...
Loop67 pFBA...14213.0...Ave likelihood of: cpd00107_c is 0.2638955306837758...
Loop68 pFBA...17927.0...Ave likelihood of: cpd00039_c is 0.3373710311329195...
Loop69 pFBA...20646.0...Ave likelihood of: cpd00060_c is 0.28189480591848365...
Loop70 pFBA...21441.0...Ave likelihood of: cpd00066_c is 0.2299375038697258...
Loop71 pFBA...10285.0...Ave likelihood of: cpd00129_c is 0.20135360923290901...
Loop72 pFBA...5502.0...Ave likelihood of: cpd00054_c is 0.306744183061993...
Loop73 pFBA...7648.0...Ave likelihood of: cpd00161_c is 0.33441629025929653...
Loop74 pFBA...26521.0...Ave likelihood of: cpd00065_c is 0.2694932667694541...
Loop75 pFBA...18856.0...Ave likelihood of: cpd00069_c is 0.23861096384338246...
Loop76 pFBA...7675.0...Ave likelihood of: cpd00156_c is 0.3323335203276862...
Loop77 pFBA...24567.0...Ave likelihood of: cpd00098_c is 0.2738431951260515...
Loop78 pFBA...14161.0...Ave likelihood of: cpd00274_c is 0.1946289064781243...
Loop79 pFBA...6627.0...Ave likelihood of: cpd00226_c is 0.32636145162928126...
Loop80 pFBA...4786.0...Ave likelihood of: cpd00246_c is 0.3647829466322686...
Loop81 pFBA...20808.0...Ave likelihood of: cpd00374_c is 0.22215015099714266...
Loop82 pFBA...5085.0...Ave likelihood of: cpd00221_c is 0.3581943646782078...
Loop83 pFBA...4349.0...Ave likelihood of: cpd00159_c is 0.3841526741693047...
Loop84 pFBA...10462.0...Ave likelihood of: cpd00211_c is 0.2073256202297859...
Loop85 pFBA...3766.0...Ave likelihood of: cpd00047_c is 0.21920670866860825...
Loop86 pFBA...5000.0...Ave likelihood of: cpd00106_c is 0.18994521088821972...
Loop87 pFBA...7735.0...Ave likelihood of: cpd00141_c is 0.323589288631366...
Loop88 pFBA...20275.0...Ave likelihood of: cpd00216_c is 0.2179917475292937...
Loop89 pFBA...4803.0...Ave likelihood of: cpd00036_c is 0.22800413172961653...
Loop90 pFBA...16944.0...Ave likelihood of: cpd00581_c is 0.3261688038793161...
Loop91 pFBA...4745.0...Ave likelihood of: cpd00128_c is 0.3461391307575215...
Loop92 pFBA...5861.0...Ave likelihood of: cpd00018_c is 0.2798038518362695...
Loop93 pFBA...5861.0...Ave likelihood of: cpd00091_c is 0.2798038518362695...
Loop94 pFBA...3616.0...Ave likelihood of: cpd00092_c is 0.32204384656519053...
Loop95 pFBA...64029.0...Ave likelihood of: cpd00305_c is 0.12092688129850468...
Loop96 pFBA...14046.0...Ave likelihood of: cpd00220_c is 0.1730388460341614...
Loop97 pFBA...14703.0...Ave likelihood of: cpd00218_c is 0.22006902477383672...
Loop98 pFBA...15021.0...Ave likelihood of: cpd00215_c is 0.34989070246848936...
Loop99 pFBA...28680.0...Ave likelihood of: cpd00104_c is 0.16324472076423288...
Loop100 pFBA...36061.0...Ave likelihood of: cpd00393_c is 0.1707747643537734...
Loop101 pFBA...6320.0...Ave likelihood of: cpd00363_c is 0.5159790363635026...
Loop102 pFBA...8589.0...Ave likelihood of: cpd00281_c is 0.2016419085001769...
Loop103 pFBA...4204.0...Ave likelihood of: cpd00025_c is 0.3932969008579258...
Loop104 pFBA...20452.0...Ave likelihood of: cpd00811_c is 0.30201563852989927...
Loop105 pFBA...6315.0...Ave likelihood of: cpd00714_c is 0.42990546805591356...
Loop106 pFBA...5568.0...Ave likelihood of: cpd00117_c is 0.4716861959728913...
Loop107 pFBA...6841.0...Ave likelihood of: cpd00186_c is 0.359851302978676...
Loop108 pFBA...21553.0...Ave likelihood of: cpd00637_c is 0.24678494919785932...
Loop109 pFBA...6457.0...Ave likelihood of: cpd00550_c is 0.3022526828504908...
Loop110 pFBA...4056.0...Ave likelihood of: cpd00033_c is 0.228270687173287...
Loop111 pFBA...5445.0...Ave likelihood of: cpd00035_c is 0.4716861959728913...
Loop112 pFBA...18191.0...Ave likelihood of: cpd00051_c is 0.2730432653661818...
Loop113 pFBA...7913.0...Ave likelihood of: cpd00132_c is 0.2498352043213832...
Loop114 pFBA...5183.0...Ave likelihood of: cpd00041_c is 0.22297260810079084...
Loop115 pFBA...13741.0...Ave likelihood of: cpd00084_c is 0.23454812558446053...
Loop116 pFBA...6592.0...Ave likelihood of: cpd00023_c is 0.281549980630481...
Loop117 pFBA...9082.0...Ave likelihood of: cpd00053_c is 0.3109587029573144...
Loop118 pFBA...16375.0...Ave likelihood of: cpd00119_c is 0.323648044656281...
Loop119 pFBA...16757.0...Ave likelihood of: cpd00322_c is 0.23970224910979843...
Loop120 pFBA...14213.0...Ave likelihood of: cpd00107_c is 0.2638955306837758...
Loop121 pFBA...17738.0...Ave likelihood of: cpd00039_c is 0.28479848591779056...
Loop122 pFBA...20553.0...Ave likelihood of: cpd00060_c is 0.24998994853809126...
Loop123 pFBA...20951.0...Ave likelihood of: cpd00066_c is 0.22659024479818546...
Loop124 pFBA...10285.0...Ave likelihood of: cpd00129_c is 0.20135360923290901...
Loop125 pFBA...5457.0...Ave likelihood of: cpd00054_c is 0.3085496137432093...
Loop126 pFBA...7512.0...Ave likelihood of: cpd00161_c is 0.34622505268436615...
Loop127 pFBA...26521.0...Ave likelihood of: cpd00065_c is 0.2694932667694541...
Loop128 pFBA...18484.0...Ave likelihood of: cpd00069_c is 0.19698473515196951...
Loop129 pFBA...7675.0...Ave likelihood of: cpd00156_c is 0.3323335203276862...
Loop130 pFBA...24125.0...Ave likelihood of: cpd00098_c is 0.24179297945234224...
Loop131 pFBA...14161.0...Ave likelihood of: cpd00274_c is 0.1946289064781243...
Loop132 pFBA...6627.0...Ave likelihood of: cpd00226_c is 0.32636145162928126...
Loop133 pFBA...4641.0...Ave likelihood of: cpd00246_c is 0.22824933661223942...
Loop134 pFBA...20438.0...Ave likelihood of: cpd00374_c is 0.21647002284585692...
Loop135 pFBA...4969.0...Ave likelihood of: cpd00221_c is 0.19024310521450255...
Loop136 pFBA...4333.0...Ave likelihood of: cpd00159_c is 0.34574732503010086...
Loop137 pFBA...10448.0...Ave likelihood of: cpd00211_c is 0.33963413347348625...
Loop138 pFBA...3766.0...Ave likelihood of: cpd00047_c is 0.21920670866860825...
Loop139 pFBA...5000.0...Ave likelihood of: cpd00106_c is 0.18994521088821972...
Loop140 pFBA...7679.0...Ave likelihood of: cpd00141_c is 0.3711905838836332...
Loop141 pFBA...19653.0...Ave likelihood of: cpd00216_c is 0.23093978647764193...
Loop142 pFBA...4803.0...Ave likelihood of: cpd00036_c is 0.22800413172961653...
Loop143 pFBA...16944.0...Ave likelihood of: cpd00581_c is 0.3261688038793161...
Loop144 pFBA...4745.0...Ave likelihood of: cpd00128_c is 0.3461391307575215...
Loop145 pFBA...5861.0...Ave likelihood of: cpd00018_c is 0.2798038518362695...
Loop146 pFBA...5861.0...Ave likelihood of: cpd00091_c is 0.2798038518362695...
Loop147 pFBA...3616.0...Ave likelihood of: cpd00092_c is 0.32204384656519053...
Loop148 pFBA...64029.0...Ave likelihood of: cpd00305_c is 0.12216082906685677...
Loop149 pFBA...13952.0...Ave likelihood of: cpd00220_c is 0.2655116901186729...
Loop150 pFBA...14656.0...Ave likelihood of: cpd00218_c is 0.15480275705243118...
Loop151 pFBA...14726.0...Ave likelihood of: cpd00215_c is 0.2451650315687833...
Loop152 pFBA...28672.0...Ave likelihood of: cpd00104_c is 0.18466637924166057...
Loop153 pFBA...36052.0...Ave likelihood of: cpd00393_c is 0.1514685796507757...
Loop154 pFBA...5984.0...Ave likelihood of: cpd00363_c is 0.4369554932888993...
Loop155 pFBA...8589.0...Ave likelihood of: cpd00281_c is 0.2016419085001769...
Loop156 pFBA...4141.0...Ave likelihood of: cpd00025_c is 0.3080228873295847...
Loop157 pFBA...19991.0...Ave likelihood of: cpd00811_c is 0.27104326584487665...
Loop158 pFBA...6101.0...Ave likelihood of: cpd00714_c is 0.30037080487551077...
32.5682480494mins to complete!
