
The following have been reloaded with a version change:
  1) anaconda2/4.4.0 => anaconda2/5.1.0

Loading in models...Adding Water...Remove no-like rxns...Pruned 1 metabolites from model
Pruned 1 reactions from model
Set-up Universal...62.0seconds to complete

Loop0 pFBA...5559.0...Ave likelihood of: cpd00117_c is 0.4735362438211859...
Loop1 pFBA...6841.0...Ave likelihood of: cpd00186_c is 0.35985153202427034...
Loop2 pFBA...21375.0...Ave likelihood of: cpd00637_c is 0.2681021954600689...
Loop3 pFBA...6423.0...Ave likelihood of: cpd00550_c is 0.3475190753851047...
Loop4 pFBA...4055.0...Ave likelihood of: cpd00033_c is 0.32645691222937284...
Loop5 pFBA...5437.0...Ave likelihood of: cpd00035_c is 0.4735362438211859...
Loop6 pFBA...18250.0...Ave likelihood of: cpd00051_c is 0.2953193258029834...
Loop7 pFBA...8188.0...Ave likelihood of: cpd00132_c is 0.16665562031073744...
Loop8 pFBA...5269.0...Ave likelihood of: cpd00041_c is 0.2049142672394409...
Loop9 pFBA...13627.0...Ave likelihood of: cpd00084_c is 0.2653939984058785...
Loop10 pFBA...6592.0...Ave likelihood of: cpd00023_c is 0.28155025548519413...
Loop11 pFBA...9326.0...Ave likelihood of: cpd00053_c is 0.26790139373911337...
Loop12 pFBA...16692.0...Ave likelihood of: cpd00119_c is 0.30934500171503526...
Loop13 pFBA...16730.0...Ave likelihood of: cpd00322_c is 0.3542404976302177...
Loop14 pFBA...14214.0...Ave likelihood of: cpd00107_c is 0.26381118063955733...
Loop15 pFBA...17758.0...Ave likelihood of: cpd00039_c is 0.31142201174085105...
Loop16 pFBA...20375.0...Ave likelihood of: cpd00060_c is 0.27167689139953655...
Loop17 pFBA...20657.0...Ave likelihood of: cpd00066_c is 0.2300951870958438...
Loop18 pFBA...10285.0...Ave likelihood of: cpd00129_c is 0.20135373153919953...
Loop19 pFBA...5423.0...Ave likelihood of: cpd00054_c is 0.3546113014133721...
Loop20 pFBA...7406.0...Ave likelihood of: cpd00161_c is 0.4256965258316077...
Loop21 pFBA...27275.0...Ave likelihood of: cpd00065_c is 0.2496405697199645...
Loop22 pFBA...18382.0...Ave likelihood of: cpd00069_c is 0.20506306912395814...
Loop23 pFBA...7672.0...Ave likelihood of: cpd00156_c is 0.33288882095763994...
Loop24 pFBA...23629.0...Ave likelihood of: cpd00098_c is 0.24667378155589384...
Loop25 pFBA...14624.0...Ave likelihood of: cpd00274_c is 0.16666951717185272...
Loop26 pFBA...6632.0...Ave likelihood of: cpd00226_c is 0.32589758323112905...
Loop27 pFBA...4462.0...Ave likelihood of: cpd00246_c is 0.43717607314245827...
Loop28 pFBA...20037.0...Ave likelihood of: cpd00374_c is 0.23246623338330125...
Loop29 pFBA...4761.0...Ave likelihood of: cpd00221_c is 0.4231164694252851...
Loop30 pFBA...4267.0...Ave likelihood of: cpd00159_c is 0.4221108002925412...
Loop31 pFBA...10325.0...Ave likelihood of: cpd00211_c is 0.3919054977933145...
Loop32 pFBA...3766.0...Ave likelihood of: cpd00047_c is 0.25943245450220237...
Loop33 pFBA...5009.0...Ave likelihood of: cpd00106_c is 0.16853367118006435...
Loop34 pFBA...7571.0...Ave likelihood of: cpd00141_c is 0.4128990962747382...
Loop35 pFBA...19154.0...Ave likelihood of: cpd00216_c is 0.22460842424665298...
Loop36 pFBA...4803.0...Ave likelihood of: cpd00036_c is 0.2280744887152131...
Loop37 pFBA...17176.0...Ave likelihood of: cpd00581_c is 0.30529562757347667...
Loop38 pFBA...4748.0...Ave likelihood of: cpd00128_c is 0.3456316498332261...
Loop39 pFBA...5864.0...Ave likelihood of: cpd00018_c is 0.2796504651734834...
Loop40 pFBA...5864.0...Ave likelihood of: cpd00091_c is 0.27965046517348335...
Loop41 pFBA...4176.0...Ave likelihood of: cpd00092_c is 0.29344667297031496...
Loop42 pFBA...64092.0...Ave likelihood of: cpd00305_c is 0.14885944888070865...
Loop43 pFBA...13685.0...Ave likelihood of: cpd00220_c is 0.29059221958135645...
Loop44 pFBA...14518.0...Ave likelihood of: cpd00218_c is 0.23369726487701795...
Loop45 pFBA...14524.0...Ave likelihood of: cpd00215_c is 0.314311848083802...
Loop46 pFBA...28650.0...Ave likelihood of: cpd00104_c is 0.20753342079901915...
Loop47 pFBA...36499.0...Ave likelihood of: cpd00393_c is 0.16936623500198078...
Loop48 pFBA...5715.0...Ave likelihood of: cpd00363_c is 0.5635582606763625...
Loop49 pFBA...8588.0...Ave likelihood of: cpd00281_c is 0.201652225415981...
Loop50 pFBA...4024.0...Ave likelihood of: cpd00025_c is 0.2982040417471862...
Loop51 pFBA...19599.0...Ave likelihood of: cpd00811_c is 0.25937868410611686...
Loop52 pFBA...5424.0...Ave likelihood of: cpd00714_c is 0.370465310379386...
Loop53 pFBA...5559.0...Ave likelihood of: cpd00117_c is 0.4735362438211859...
Loop54 pFBA...6841.0...Ave likelihood of: cpd00186_c is 0.35985153202427034...
Loop55 pFBA...21618.0...Ave likelihood of: cpd00637_c is 0.28430095063947136...
Loop56 pFBA...6488.0...Ave likelihood of: cpd00550_c is 0.30744416712772255...
Loop57 pFBA...4056.0...Ave likelihood of: cpd00033_c is 0.23860563833304252...
Loop58 pFBA...5437.0...Ave likelihood of: cpd00035_c is 0.4735362438211859...
Loop59 pFBA...18386.0...Ave likelihood of: cpd00051_c is 0.27471285151777164...
Loop60 pFBA...8188.0...Ave likelihood of: cpd00132_c is 0.16665562031073744...
Loop61 pFBA...5269.0...Ave likelihood of: cpd00041_c is 0.2049142672394409...
Loop62 pFBA...13751.0...Ave likelihood of: cpd00084_c is 0.25328027846447043...
Loop63 pFBA...6592.0...Ave likelihood of: cpd00023_c is 0.28155025548519413...
Loop64 pFBA...9326.0...Ave likelihood of: cpd00053_c is 0.26790139373911337...
Loop65 pFBA...16692.0...Ave likelihood of: cpd00119_c is 0.30934500171503526...
Loop66 pFBA...16738.0...Ave likelihood of: cpd00322_c is 0.20513467285546483...
Loop67 pFBA...14214.0...Ave likelihood of: cpd00107_c is 0.26381118063955733...
Loop68 pFBA...17958.0...Ave likelihood of: cpd00039_c is 0.276096485131384...
Loop69 pFBA...20618.0...Ave likelihood of: cpd00060_c is 0.2877680354033673...
Loop70 pFBA...21357.0...Ave likelihood of: cpd00066_c is 0.23276256380377666...
Loop71 pFBA...10285.0...Ave likelihood of: cpd00129_c is 0.20135373153919953...
Loop72 pFBA...5488.0...Ave likelihood of: cpd00054_c is 0.3074441671277226...
Loop73 pFBA...7638.0...Ave likelihood of: cpd00161_c is 0.39350421079080594...
Loop74 pFBA...27275.0...Ave likelihood of: cpd00065_c is 0.2496405697199645...
Loop75 pFBA...18835.0...Ave likelihood of: cpd00069_c is 0.24109277908013554...
Loop76 pFBA...7672.0...Ave likelihood of: cpd00156_c is 0.33288882095763994...
Loop77 pFBA...24472.0...Ave likelihood of: cpd00098_c is 0.2846749867447341...
Loop78 pFBA...14624.0...Ave likelihood of: cpd00274_c is 0.1666695171718527...
Loop79 pFBA...6632.0...Ave likelihood of: cpd00226_c is 0.32589758323112905...
Loop80 pFBA...4763.0...Ave likelihood of: cpd00246_c is 0.3693218453611773...
Loop81 pFBA...20762.0...Ave likelihood of: cpd00374_c is 0.22407232744565403...
Loop82 pFBA...5061.0...Ave likelihood of: cpd00221_c is 0.3921026731491637...
Loop83 pFBA...4329.0...Ave likelihood of: cpd00159_c is 0.3882699691999653...
Loop84 pFBA...10500.0...Ave likelihood of: cpd00211_c is 0.2146284053888147...
Loop85 pFBA...3766.0...Ave likelihood of: cpd00047_c is 0.2190937319521428...
Loop86 pFBA...5009.0...Ave likelihood of: cpd00106_c is 0.16853367118006435...
Loop87 pFBA...7724.0...Ave likelihood of: cpd00141_c is 0.32499039226325854...
Loop88 pFBA...20258.0...Ave likelihood of: cpd00216_c is 0.2184557385164526...
Loop89 pFBA...4803.0...Ave likelihood of: cpd00036_c is 0.2280744887152131...
Loop90 pFBA...17176.0...Ave likelihood of: cpd00581_c is 0.30529562757347667...
Loop91 pFBA...4748.0...Ave likelihood of: cpd00128_c is 0.3456316498332261...
Loop92 pFBA...5864.0...Ave likelihood of: cpd00018_c is 0.2796504651734834...
Loop93 pFBA...5864.0...Ave likelihood of: cpd00091_c is 0.27965046517348335...
Loop94 pFBA...4176.0...Ave likelihood of: cpd00092_c is 0.29344667297031496...
Loop95 pFBA...64174.0...Ave likelihood of: cpd00305_c is 0.13502160291625498...
Loop96 pFBA...14059.0...Ave likelihood of: cpd00220_c is 0.18310972469051656...
Loop97 pFBA...14703.0...Ave likelihood of: cpd00218_c is 0.21395271017757236...
Loop98 pFBA...15043.0...Ave likelihood of: cpd00215_c is 0.32692053165234636...
Loop99 pFBA...28693.0...Ave likelihood of: cpd00104_c is 0.1706345964694654...
Loop100 pFBA...36499.0...Ave likelihood of: cpd00393_c is 0.16936623500198078...
Loop101 pFBA...6390.0...Ave likelihood of: cpd00363_c is 0.5187195869956204...
Loop102 pFBA...8588.0...Ave likelihood of: cpd00281_c is 0.201652225415981...
Loop103 pFBA...4192.0...Ave likelihood of: cpd00025_c is 0.3983535976206739...
Loop104 pFBA...20373.0...Ave likelihood of: cpd00811_c is 0.30499663566656804...
Loop105 pFBA...6268.0...Ave likelihood of: cpd00714_c is 0.4337003560511027...
Loop106 pFBA...5559.0...Ave likelihood of: cpd00117_c is 0.4735362438211859...
Loop107 pFBA...6841.0...Ave likelihood of: cpd00186_c is 0.35985153202427034...
Loop108 pFBA...21543.0...Ave likelihood of: cpd00637_c is 0.2502274398324364...
Loop109 pFBA...6444.0...Ave likelihood of: cpd00550_c is 0.30284527233662434...
Loop110 pFBA...4056.0...Ave likelihood of: cpd00033_c is 0.22870660939045406...
Loop111 pFBA...5437.0...Ave likelihood of: cpd00035_c is 0.4735362438211859...
Loop112 pFBA...18354.0...Ave likelihood of: cpd00051_c is 0.25182543202205776...
Loop113 pFBA...8188.0...Ave likelihood of: cpd00132_c is 0.16665562031073744...
Loop114 pFBA...5269.0...Ave likelihood of: cpd00041_c is 0.2049142672394409...
Loop115 pFBA...13735.0...Ave likelihood of: cpd00084_c is 0.2348162752146082...
Loop116 pFBA...6592.0...Ave likelihood of: cpd00023_c is 0.28155025548519413...
Loop117 pFBA...9326.0...Ave likelihood of: cpd00053_c is 0.26790139373911337...
Loop118 pFBA...16692.0...Ave likelihood of: cpd00119_c is 0.30934500171503526...
Loop119 pFBA...16738.0...Ave likelihood of: cpd00322_c is 0.20513467285546483...
Loop120 pFBA...14214.0...Ave likelihood of: cpd00107_c is 0.26381118063955733...
Loop121 pFBA...17796.0...Ave likelihood of: cpd00039_c is 0.2897519244406217...
Loop122 pFBA...20543.0...Ave likelihood of: cpd00060_c is 0.2502274398324364...
Loop123 pFBA...20974.0...Ave likelihood of: cpd00066_c is 0.18736879033076237...
Loop124 pFBA...10285.0...Ave likelihood of: cpd00129_c is 0.20135373153919953...
Loop125 pFBA...5444.0...Ave likelihood of: cpd00054_c is 0.30915454884363736...
Loop126 pFBA...7514.0...Ave likelihood of: cpd00161_c is 0.34553281488146576...
Loop127 pFBA...27275.0...Ave likelihood of: cpd00065_c is 0.2496405697199645...
Loop128 pFBA...18479.0...Ave likelihood of: cpd00069_c is 0.2039860684211377...
Loop129 pFBA...7672.0...Ave likelihood of: cpd00156_c is 0.33288882095763994...
Loop130 pFBA...24119.0...Ave likelihood of: cpd00098_c is 0.2422924228017839...
Loop131 pFBA...14624.0...Ave likelihood of: cpd00274_c is 0.1666695171718527...
Loop132 pFBA...6632.0...Ave likelihood of: cpd00226_c is 0.32589758323112905...
Loop133 pFBA...4643.0...Ave likelihood of: cpd00246_c is 0.22784162409869743...
Loop134 pFBA...20435.0...Ave likelihood of: cpd00374_c is 0.20371518064871036...
Loop135 pFBA...4960.0...Ave likelihood of: cpd00221_c is 0.19133688271672236...
Loop136 pFBA...4317.0...Ave likelihood of: cpd00159_c is 0.3465052843979577...
Loop137 pFBA...10479.0...Ave likelihood of: cpd00211_c is 0.3811653199866167...
Loop138 pFBA...3766.0...Ave likelihood of: cpd00047_c is 0.21909373195214277...
Loop139 pFBA...5009.0...Ave likelihood of: cpd00106_c is 0.16853367118006435...
Loop140 pFBA...7676.0...Ave likelihood of: cpd00141_c is 0.3716424002886422...
Loop141 pFBA...19636.0...Ave likelihood of: cpd00216_c is 0.23125861308789578...
Loop142 pFBA...4803.0...Ave likelihood of: cpd00036_c is 0.2280744887152131...
Loop143 pFBA...17176.0...Ave likelihood of: cpd00581_c is 0.30529562757347667...
Loop144 pFBA...4748.0...Ave likelihood of: cpd00128_c is 0.3456316498332261...
Loop145 pFBA...5864.0...Ave likelihood of: cpd00018_c is 0.2796504651734834...
Loop146 pFBA...5864.0...Ave likelihood of: cpd00091_c is 0.27965046517348335...
Loop147 pFBA...4176.0...Ave likelihood of: cpd00092_c is 0.29344667297031496...
Loop148 pFBA...64169.0...Ave likelihood of: cpd00305_c is 0.14297683431385824...
Loop149 pFBA...13961.0...Ave likelihood of: cpd00220_c is 0.27098411989249227...
Loop150 pFBA...14653.0...Ave likelihood of: cpd00218_c is 0.17221793755222486...
Loop151 pFBA...14754.0...Ave likelihood of: cpd00215_c is 0.24697266228105835...
Loop152 pFBA...28685.0...Ave likelihood of: cpd00104_c is 0.1929923249656381...
Loop153 pFBA...36499.0...Ave likelihood of: cpd00393_c is 0.16936623500198078...
Loop154 pFBA...6090.0...Ave likelihood of: cpd00363_c is 0.4343048833151647...
Loop155 pFBA...8588.0...Ave likelihood of: cpd00281_c is 0.201652225415981...
Loop156 pFBA...4143.0...Ave likelihood of: cpd00025_c is 0.31054478697618204...
Loop157 pFBA...19992.0...Ave likelihood of: cpd00811_c is 0.2711628648274807...
Loop158 pFBA...6034.0...Ave likelihood of: cpd00714_c is 0.30739836205312226...
32.8376059175mins to complete!
