
The following have been reloaded with a version change:
  1) anaconda2/4.4.0 => anaconda2/5.1.0

Loading in models...Adding Water...Remove no-like rxns...Pruned 1 metabolites from model
Pruned 1 reactions from model
Set-up Universal...62.0seconds to complete

Loop0 pFBA...5568.0...Ave likelihood of: cpd00117_c is 0.4718482487239485...
Loop1 pFBA...6842.0...Ave likelihood of: cpd00186_c is 0.3596919711631439...
Loop2 pFBA...21379.0...Ave likelihood of: cpd00637_c is 0.2678993372474613...
Loop3 pFBA...6435.0...Ave likelihood of: cpd00550_c is 0.34600912948028123...
Loop4 pFBA...4056.0...Ave likelihood of: cpd00033_c is 0.25532638012179254...
Loop5 pFBA...5445.0...Ave likelihood of: cpd00035_c is 0.4718482487239485...
Loop6 pFBA...18132.0...Ave likelihood of: cpd00051_c is 0.31015546164519425...
Loop7 pFBA...7914.0...Ave likelihood of: cpd00132_c is 0.24982121600074264...
Loop8 pFBA...5183.0...Ave likelihood of: cpd00041_c is 0.22295917801127588...
Loop9 pFBA...13630.0...Ave likelihood of: cpd00084_c is 0.2758340154027628...
Loop10 pFBA...6593.0...Ave likelihood of: cpd00023_c is 0.2813587824518423...
Loop11 pFBA...9082.0...Ave likelihood of: cpd00053_c is 0.3110052318795627...
Loop12 pFBA...16375.0...Ave likelihood of: cpd00119_c is 0.32369793710465034...
Loop13 pFBA...16733.0...Ave likelihood of: cpd00322_c is 0.3540769084700364...
Loop14 pFBA...14203.0...Ave likelihood of: cpd00107_c is 0.2651682227037356...
Loop15 pFBA...17688.0...Ave likelihood of: cpd00039_c is 0.30470548096552197...
Loop16 pFBA...20379.0...Ave likelihood of: cpd00060_c is 0.27147132841076077...
Loop17 pFBA...20599.0...Ave likelihood of: cpd00066_c is 0.23928194047747853...
Loop18 pFBA...10266.0...Ave likelihood of: cpd00129_c is 0.2030695825252761...
Loop19 pFBA...5435.0...Ave likelihood of: cpd00054_c is 0.35337102585220204...
Loop20 pFBA...7355.0...Ave likelihood of: cpd00161_c is 0.398016318782682...
Loop21 pFBA...27275.0...Ave likelihood of: cpd00065_c is 0.2496414882102051...
Loop22 pFBA...18323.0...Ave likelihood of: cpd00069_c is 0.21394982258366582...
Loop23 pFBA...7672.0...Ave likelihood of: cpd00156_c is 0.3329032483899834...
Loop24 pFBA...23631.0...Ave likelihood of: cpd00098_c is 0.2509526852474639...
Loop25 pFBA...14175.0...Ave likelihood of: cpd00274_c is 0.19899017244040978...
Loop26 pFBA...6636.0...Ave likelihood of: cpd00226_c is 0.32562709696194386...
Loop27 pFBA...4462.0...Ave likelihood of: cpd00246_c is 0.4373210669399924...
Loop28 pFBA...20056.0...Ave likelihood of: cpd00374_c is 0.22604231323970217...
Loop29 pFBA...4760.0...Ave likelihood of: cpd00221_c is 0.42313214320393544...
Loop30 pFBA...4284.0...Ave likelihood of: cpd00159_c is 0.42121936539041177...
Loop31 pFBA...10324.0...Ave likelihood of: cpd00211_c is 0.39106513612843047...
Loop32 pFBA...3765.0...Ave likelihood of: cpd00047_c is 0.25951976745763894...
Loop33 pFBA...5001.0...Ave likelihood of: cpd00106_c is 0.1900317385199299...
Loop34 pFBA...7571.0...Ave likelihood of: cpd00141_c is 0.41265797572420876...
Loop35 pFBA...19237.0...Ave likelihood of: cpd00216_c is 0.23641977206756173...
Loop36 pFBA...4802.0...Ave likelihood of: cpd00036_c is 0.22811569944919413...
Loop37 pFBA...16944.0...Ave likelihood of: cpd00581_c is 0.32617925106481...
Loop38 pFBA...4747.0...Ave likelihood of: cpd00128_c is 0.22553433886097804...
Loop39 pFBA...5862.0...Ave likelihood of: cpd00018_c is 0.2796939019783777...
Loop40 pFBA...5862.0...Ave likelihood of: cpd00091_c is 0.2796939019783777...
Loop41 pFBA...3612.0...Ave likelihood of: cpd00092_c is 0.36637915878285815...
Loop42 pFBA...63876.0...Ave likelihood of: cpd00305_c is 0.15937402733307504...
Loop43 pFBA...13686.0...Ave likelihood of: cpd00220_c is 0.29589338568524104...
Loop44 pFBA...14477.0...Ave likelihood of: cpd00218_c is 0.21301691989514562...
Loop45 pFBA...14529.0...Ave likelihood of: cpd00215_c is 0.31419414780687405...
Loop46 pFBA...28657.0...Ave likelihood of: cpd00104_c is 0.2200358305179665...
Loop47 pFBA...36052.0...Ave likelihood of: cpd00393_c is 0.16982381049043382...
Loop48 pFBA...5712.0...Ave likelihood of: cpd00363_c is 0.5636346095941814...
Loop49 pFBA...8589.0...Ave likelihood of: cpd00281_c is 0.20150533837257792...
Loop50 pFBA...4024.0...Ave likelihood of: cpd00025_c is 0.2899330117107146...
Loop51 pFBA...19599.0...Ave likelihood of: cpd00811_c is 0.2592493567521885...
Loop52 pFBA...5420.0...Ave likelihood of: cpd00714_c is 0.37085194280308026...
Loop53 pFBA...5568.0...Ave likelihood of: cpd00117_c is 0.4718482487239485...
Loop54 pFBA...6842.0...Ave likelihood of: cpd00186_c is 0.3596919711631439...
Loop55 pFBA...21643.0...Ave likelihood of: cpd00637_c is 0.2780992727262917...
Loop56 pFBA...6504.0...Ave likelihood of: cpd00550_c is 0.3060914622236097...
Loop57 pFBA...4057.0...Ave likelihood of: cpd00033_c is 0.23841257476800595...
Loop58 pFBA...5445.0...Ave likelihood of: cpd00035_c is 0.4718482487239485...
Loop59 pFBA...18312.0...Ave likelihood of: cpd00051_c is 0.28455086203706503...
Loop60 pFBA...7914.0...Ave likelihood of: cpd00132_c is 0.24982121600074264...
Loop61 pFBA...5183.0...Ave likelihood of: cpd00041_c is 0.22295917801127588...
Loop62 pFBA...13759.0...Ave likelihood of: cpd00084_c is 0.24729170885550586...
Loop63 pFBA...6593.0...Ave likelihood of: cpd00023_c is 0.2813587824518423...
Loop64 pFBA...9082.0...Ave likelihood of: cpd00053_c is 0.3110052318795627...
Loop65 pFBA...16375.0...Ave likelihood of: cpd00119_c is 0.33017189584674334...
Loop66 pFBA...16741.0...Ave likelihood of: cpd00322_c is 0.20504467313050992...
Loop67 pFBA...14203.0...Ave likelihood of: cpd00107_c is 0.2651682227037356...
Loop68 pFBA...17909.0...Ave likelihood of: cpd00039_c is 0.3410074045607081...
Loop69 pFBA...20643.0...Ave likelihood of: cpd00060_c is 0.2814498663735964...
Loop70 pFBA...21465.0...Ave likelihood of: cpd00066_c is 0.2289687917920585...
Loop71 pFBA...10266.0...Ave likelihood of: cpd00129_c is 0.2030695825252761...
Loop72 pFBA...5504.0...Ave likelihood of: cpd00054_c is 0.3060914622236097...
Loop73 pFBA...7656.0...Ave likelihood of: cpd00161_c is 0.3651465826868432...
Loop74 pFBA...27275.0...Ave likelihood of: cpd00065_c is 0.2496414882102051...
Loop75 pFBA...18870.0...Ave likelihood of: cpd00069_c is 0.2378133362600153...
Loop76 pFBA...7672.0...Ave likelihood of: cpd00156_c is 0.3329032483899834...
Loop77 pFBA...24527.0...Ave likelihood of: cpd00098_c is 0.2601971410407747...
Loop78 pFBA...14175.0...Ave likelihood of: cpd00274_c is 0.19375358895513584...
Loop79 pFBA...6636.0...Ave likelihood of: cpd00226_c is 0.32562709696194386...
Loop80 pFBA...4792.0...Ave likelihood of: cpd00246_c is 0.35608413117891885...
Loop81 pFBA...20828.0...Ave likelihood of: cpd00374_c is 0.22139640187122236...
Loop82 pFBA...5086.0...Ave likelihood of: cpd00221_c is 0.3493109668451564...
Loop83 pFBA...4348.0...Ave likelihood of: cpd00159_c is 0.3832016020830342...
Loop84 pFBA...10497.0...Ave likelihood of: cpd00211_c is 0.21488549766671056...
Loop85 pFBA...3765.0...Ave likelihood of: cpd00047_c is 0.21917132564739208...
Loop86 pFBA...5001.0...Ave likelihood of: cpd00106_c is 0.1900317385199299...
Loop87 pFBA...7733.0...Ave likelihood of: cpd00141_c is 0.3239464842841013...
Loop88 pFBA...20296.0...Ave likelihood of: cpd00216_c is 0.2220173497287162...
Loop89 pFBA...4802.0...Ave likelihood of: cpd00036_c is 0.22811569944919413...
Loop90 pFBA...16944.0...Ave likelihood of: cpd00581_c is 0.32617925106481...
Loop91 pFBA...4747.0...Ave likelihood of: cpd00128_c is 0.22553433886097804...
Loop92 pFBA...5862.0...Ave likelihood of: cpd00018_c is 0.2796939019783777...
Loop93 pFBA...5862.0...Ave likelihood of: cpd00091_c is 0.2796939019783777...
Loop94 pFBA...3621.0...Ave likelihood of: cpd00092_c is 0.3212494475055939...
Loop95 pFBA...64048.0...Ave likelihood of: cpd00305_c is 0.12196961918278215...
Loop96 pFBA...14067.0...Ave likelihood of: cpd00220_c is 0.17751539050845186...
Loop97 pFBA...14716.0...Ave likelihood of: cpd00218_c is 0.2104056058120493...
Loop98 pFBA...15070.0...Ave likelihood of: cpd00215_c is 0.34725448011524956...
Loop99 pFBA...28702.0...Ave likelihood of: cpd00104_c is 0.17249400317291697...
Loop100 pFBA...36060.0...Ave likelihood of: cpd00393_c is 0.17058815175894418...
Loop101 pFBA...6431.0...Ave likelihood of: cpd00363_c is 0.3842227891497227...
Loop102 pFBA...8589.0...Ave likelihood of: cpd00281_c is 0.20150533837257792...
Loop103 pFBA...4208.0...Ave likelihood of: cpd00025_c is 0.3366293618716938...
Loop104 pFBA...20466.0...Ave likelihood of: cpd00811_c is 0.30124892926936975...
Loop105 pFBA...6373.0...Ave likelihood of: cpd00714_c is 0.42511527740884647...
Loop106 pFBA...5568.0...Ave likelihood of: cpd00117_c is 0.4718482487239485...
Loop107 pFBA...6842.0...Ave likelihood of: cpd00186_c is 0.3596919711631439...
Loop108 pFBA...21547.0...Ave likelihood of: cpd00637_c is 0.2501179163481229...
Loop109 pFBA...6458.0...Ave likelihood of: cpd00550_c is 0.30210151796555534...
Loop110 pFBA...4056.0...Ave likelihood of: cpd00033_c is 0.22810535592973338...
Loop111 pFBA...5445.0...Ave likelihood of: cpd00035_c is 0.4718482487239485...
Loop112 pFBA...18221.0...Ave likelihood of: cpd00051_c is 0.2721986665793871...
Loop113 pFBA...7914.0...Ave likelihood of: cpd00132_c is 0.24982121600074264...
Loop114 pFBA...5183.0...Ave likelihood of: cpd00041_c is 0.22295917801127588...
Loop115 pFBA...13744.0...Ave likelihood of: cpd00084_c is 0.23420494887352378...
Loop116 pFBA...6593.0...Ave likelihood of: cpd00023_c is 0.2813587824518423...
Loop117 pFBA...9082.0...Ave likelihood of: cpd00053_c is 0.3110052318795627...
Loop118 pFBA...16375.0...Ave likelihood of: cpd00119_c is 0.33017189584674334...
Loop119 pFBA...16741.0...Ave likelihood of: cpd00322_c is 0.20504467313050992...
Loop120 pFBA...14203.0...Ave likelihood of: cpd00107_c is 0.2651682227037356...
Loop121 pFBA...17742.0...Ave likelihood of: cpd00039_c is 0.28473545126353994...
Loop122 pFBA...20547.0...Ave likelihood of: cpd00060_c is 0.2534089415632298...
Loop123 pFBA...20958.0...Ave likelihood of: cpd00066_c is 0.22627667088597245...
Loop124 pFBA...10266.0...Ave likelihood of: cpd00129_c is 0.2550569929590591...
Loop125 pFBA...5458.0...Ave likelihood of: cpd00054_c is 0.30839529958983775...
Loop126 pFBA...7520.0...Ave likelihood of: cpd00161_c is 0.36799754215895814...
Loop127 pFBA...27275.0...Ave likelihood of: cpd00065_c is 0.2496414882102051...
Loop128 pFBA...18489.0...Ave likelihood of: cpd00069_c is 0.19675045513428968...
Loop129 pFBA...7672.0...Ave likelihood of: cpd00156_c is 0.3329032483899834...
Loop130 pFBA...24122.0...Ave likelihood of: cpd00098_c is 0.24167070658866685...
Loop131 pFBA...14175.0...Ave likelihood of: cpd00274_c is 0.19375358895513584...
Loop132 pFBA...6636.0...Ave likelihood of: cpd00226_c is 0.32562709696194386...
Loop133 pFBA...4642.0...Ave likelihood of: cpd00246_c is 0.2233580400939582...
Loop134 pFBA...20446.0...Ave likelihood of: cpd00374_c is 0.21622037584414283...
Loop135 pFBA...4969.0...Ave likelihood of: cpd00221_c is 0.1901913937380154...
Loop136 pFBA...4334.0...Ave likelihood of: cpd00159_c is 0.34571831078191734...
Loop137 pFBA...10476.0...Ave likelihood of: cpd00211_c is 0.3814967335938993...
Loop138 pFBA...3765.0...Ave likelihood of: cpd00047_c is 0.21917132564739208...
Loop139 pFBA...5001.0...Ave likelihood of: cpd00106_c is 0.1900317385199299...
Loop140 pFBA...7677.0...Ave likelihood of: cpd00141_c is 0.3714827450332313...
Loop141 pFBA...19659.0...Ave likelihood of: cpd00216_c is 0.23053536706087432...
Loop142 pFBA...4802.0...Ave likelihood of: cpd00036_c is 0.22811569944919413...
Loop143 pFBA...16944.0...Ave likelihood of: cpd00581_c is 0.32617925106481...
Loop144 pFBA...4747.0...Ave likelihood of: cpd00128_c is 0.22553433886097804...
Loop145 pFBA...5862.0...Ave likelihood of: cpd00018_c is 0.2796939019783777...
Loop146 pFBA...5862.0...Ave likelihood of: cpd00091_c is 0.2796939019783777...
Loop147 pFBA...3621.0...Ave likelihood of: cpd00092_c is 0.3212494475055939...
Loop148 pFBA...64048.0...Ave likelihood of: cpd00305_c is 0.12322703793724382...
Loop149 pFBA...13960.0...Ave likelihood of: cpd00220_c is 0.26505286422520224...
Loop150 pFBA...14670.0...Ave likelihood of: cpd00218_c is 0.14514990728743504...
Loop151 pFBA...14757.0...Ave likelihood of: cpd00215_c is 0.23128950796409434...
Loop152 pFBA...28693.0...Ave likelihood of: cpd00104_c is 0.19762860294464554...
Loop153 pFBA...36052.0...Ave likelihood of: cpd00393_c is 0.1515070597308794...
Loop154 pFBA...6090.0...Ave likelihood of: cpd00363_c is 0.4333926415462755...
Loop155 pFBA...8589.0...Ave likelihood of: cpd00281_c is 0.20150533837257792...
Loop156 pFBA...4142.0...Ave likelihood of: cpd00025_c is 0.3079582084551786...
Loop157 pFBA...19988.0...Ave likelihood of: cpd00811_c is 0.27132801357322106...
Loop158 pFBA...6164.0...Ave likelihood of: cpd00714_c is 0.29371672557480194...
32.5204351703mins to complete!
