
The following have been reloaded with a version change:
  1) anaconda2/4.4.0 => anaconda2/5.1.0

Loading in models...Adding Water...Remove no-like rxns...Pruned 1 metabolites from model
Pruned 1 reactions from model
Set-up Universal...61.0seconds to complete

Loop0 pFBA...5566.0...Ave likelihood of: cpd00117_c is 0.4717689182490812...
Loop1 pFBA...6841.0...Ave likelihood of: cpd00186_c is 0.35985153202427034...
Loop2 pFBA...21375.0...Ave likelihood of: cpd00637_c is 0.2777510086935714...
Loop3 pFBA...6437.0...Ave likelihood of: cpd00550_c is 0.3451331018419322...
Loop4 pFBA...4058.0...Ave likelihood of: cpd00033_c is 0.25475659367847775...
Loop5 pFBA...5445.0...Ave likelihood of: cpd00035_c is 0.4717689182490812...
Loop6 pFBA...18148.0...Ave likelihood of: cpd00051_c is 0.30975661161996065...
Loop7 pFBA...7914.0...Ave likelihood of: cpd00132_c is 0.24982496929435155...
Loop8 pFBA...5183.0...Ave likelihood of: cpd00041_c is 0.22296454798368287...
Loop9 pFBA...13632.0...Ave likelihood of: cpd00084_c is 0.2751845842894504...
Loop10 pFBA...6592.0...Ave likelihood of: cpd00023_c is 0.28155025548519413...
Loop11 pFBA...9083.0...Ave likelihood of: cpd00053_c is 0.310855863047319...
Loop12 pFBA...16377.0...Ave likelihood of: cpd00119_c is 0.3235566149632868...
Loop13 pFBA...16729.0...Ave likelihood of: cpd00322_c is 0.3542389653590157...
Loop14 pFBA...14214.0...Ave likelihood of: cpd00107_c is 0.2638129611017561...
Loop15 pFBA...17672.0...Ave likelihood of: cpd00039_c is 0.3043794536069906...
Loop16 pFBA...20375.0...Ave likelihood of: cpd00060_c is 0.28131191906143765...
Loop17 pFBA...20613.0...Ave likelihood of: cpd00066_c is 0.2387136444875899...
Loop18 pFBA...10265.0...Ave likelihood of: cpd00129_c is 0.20322158355151582...
Loop19 pFBA...5437.0...Ave likelihood of: cpd00054_c is 0.35247635932793087...
Loop20 pFBA...7355.0...Ave likelihood of: cpd00161_c is 0.3979904729647036...
Loop21 pFBA...27275.0...Ave likelihood of: cpd00065_c is 0.2496282479943075...
Loop22 pFBA...18333.0...Ave likelihood of: cpd00069_c is 0.21342141477083398...
Loop23 pFBA...7672.0...Ave likelihood of: cpd00156_c is 0.33289534857993186...
Loop24 pFBA...23644.0...Ave likelihood of: cpd00098_c is 0.24582104964468518...
Loop25 pFBA...14168.0...Ave likelihood of: cpd00274_c is 0.19412785232715007...
Loop26 pFBA...6687.0...Ave likelihood of: cpd00226_c is 0.3241787527706718...
Loop27 pFBA...4462.0...Ave likelihood of: cpd00246_c is 0.43729824056942906...
Loop28 pFBA...20070.0...Ave likelihood of: cpd00374_c is 0.23123458363648872...
Loop29 pFBA...4762.0...Ave likelihood of: cpd00221_c is 0.42294478453579537...
Loop30 pFBA...4284.0...Ave likelihood of: cpd00159_c is 0.4211331772392299...
Loop31 pFBA...10334.0...Ave likelihood of: cpd00211_c is 0.39066545908024075...
Loop32 pFBA...3766.0...Ave likelihood of: cpd00047_c is 0.2593990277367087...
Loop33 pFBA...5001.0...Ave likelihood of: cpd00106_c is 0.19000691412014473...
Loop34 pFBA...7569.0...Ave likelihood of: cpd00141_c is 0.4129644734268122...
Loop35 pFBA...19247.0...Ave likelihood of: cpd00216_c is 0.2357547435803926...
Loop36 pFBA...4803.0...Ave likelihood of: cpd00036_c is 0.22799331729125186...
Loop37 pFBA...16946.0...Ave likelihood of: cpd00581_c is 0.3260657748902465...
Loop38 pFBA...4764.0...Ave likelihood of: cpd00128_c is 0.22140431061882046...
Loop39 pFBA...5863.0...Ave likelihood of: cpd00018_c is 0.2796891000742878...
Loop40 pFBA...5863.0...Ave likelihood of: cpd00091_c is 0.2796891000742878...
Loop41 pFBA...3608.0...Ave likelihood of: cpd00092_c is 0.36705618975332693...
Loop42 pFBA...63937.0...Ave likelihood of: cpd00305_c is 0.1567296213153169...
Loop43 pFBA...13696.0...Ave likelihood of: cpd00220_c is 0.29249144273380695...
Loop44 pFBA...14482.0...Ave likelihood of: cpd00218_c is 0.21243154798373218...
Loop45 pFBA...14571.0...Ave likelihood of: cpd00215_c is 0.29751043878252836...
Loop46 pFBA...28654.0...Ave likelihood of: cpd00104_c is 0.20763428703749104...
Loop47 pFBA...35893.0...Ave likelihood of: cpd00393_c is 0.17174943693079855...
Loop48 pFBA...5716.0...Ave likelihood of: cpd00363_c is 0.5635182568428824...
Loop49 pFBA...8589.0...Ave likelihood of: cpd00281_c is 0.20164210482497205...
Loop50 pFBA...4024.0...Ave likelihood of: cpd00025_c is 0.2746525449161454...
Loop51 pFBA...19600.0...Ave likelihood of: cpd00811_c is 0.2585406544692393...
Loop52 pFBA...5421.0...Ave likelihood of: cpd00714_c is 0.37071117355839084...
Loop53 pFBA...5566.0...Ave likelihood of: cpd00117_c is 0.4717689182490812...
Loop54 pFBA...6841.0...Ave likelihood of: cpd00186_c is 0.35985153202427034...
Loop55 pFBA...21627.0...Ave likelihood of: cpd00637_c is 0.2837437349299348...
Loop56 pFBA...6502.0...Ave likelihood of: cpd00550_c is 0.29745209430017877...
Loop57 pFBA...4058.0...Ave likelihood of: cpd00033_c is 0.23773355891886067...
Loop58 pFBA...5445.0...Ave likelihood of: cpd00035_c is 0.4717689182490812...
Loop59 pFBA...18315.0...Ave likelihood of: cpd00051_c is 0.3197172131986199...
Loop60 pFBA...7914.0...Ave likelihood of: cpd00132_c is 0.2498249692943515...
Loop61 pFBA...5183.0...Ave likelihood of: cpd00041_c is 0.22296454798368287...
Loop62 pFBA...13755.0...Ave likelihood of: cpd00084_c is 0.25277511872445124...
Loop63 pFBA...6592.0...Ave likelihood of: cpd00023_c is 0.28155025548519413...
Loop64 pFBA...9083.0...Ave likelihood of: cpd00053_c is 0.310855863047319...
Loop65 pFBA...16377.0...Ave likelihood of: cpd00119_c is 0.33002774726255263...
Loop66 pFBA...16737.0...Ave likelihood of: cpd00322_c is 0.24068132164520076...
Loop67 pFBA...14214.0...Ave likelihood of: cpd00107_c is 0.2638129611017561...
Loop68 pFBA...17888.0...Ave likelihood of: cpd00039_c is 0.3390432521826194...
Loop69 pFBA...20627.0...Ave likelihood of: cpd00060_c is 0.28720402438029985...
Loop70 pFBA...21401.0...Ave likelihood of: cpd00066_c is 0.23152168420006403...
Loop71 pFBA...10265.0...Ave likelihood of: cpd00129_c is 0.20322158355151582...
Loop72 pFBA...5502.0...Ave likelihood of: cpd00054_c is 0.30674747224705934...
Loop73 pFBA...7638.0...Ave likelihood of: cpd00161_c is 0.3985727947459967...
Loop74 pFBA...27275.0...Ave likelihood of: cpd00065_c is 0.2496282479943075...
Loop75 pFBA...18853.0...Ave likelihood of: cpd00069_c is 0.2400184798674943...
Loop76 pFBA...7672.0...Ave likelihood of: cpd00156_c is 0.33289534857993186...
Loop77 pFBA...24492.0...Ave likelihood of: cpd00098_c is 0.2755628729392375...
Loop78 pFBA...14168.0...Ave likelihood of: cpd00274_c is 0.19412785232715007...
Loop79 pFBA...6687.0...Ave likelihood of: cpd00226_c is 0.3241787527706718...
Loop80 pFBA...4763.0...Ave likelihood of: cpd00246_c is 0.3606451580232687...
Loop81 pFBA...20779.0...Ave likelihood of: cpd00374_c is 0.220887220085337...
Loop82 pFBA...5079.0...Ave likelihood of: cpd00221_c is 0.3912756787584699...
Loop83 pFBA...4347.0...Ave likelihood of: cpd00159_c is 0.38755487892454055...
Loop84 pFBA...10506.0...Ave likelihood of: cpd00211_c is 0.21428062981415577...
Loop85 pFBA...3766.0...Ave likelihood of: cpd00047_c is 0.21904369208546526...
Loop86 pFBA...5001.0...Ave likelihood of: cpd00106_c is 0.19000691412014473...
Loop87 pFBA...7728.0...Ave likelihood of: cpd00141_c is 0.3243541104421969...
Loop88 pFBA...20336.0...Ave likelihood of: cpd00216_c is 0.2872403984056768...
Loop89 pFBA...4803.0...Ave likelihood of: cpd00036_c is 0.22799331729125186...
Loop90 pFBA...16946.0...Ave likelihood of: cpd00581_c is 0.3260657748902465...
Loop91 pFBA...4764.0...Ave likelihood of: cpd00128_c is 0.22140431061882046...
Loop92 pFBA...5863.0...Ave likelihood of: cpd00018_c is 0.2796891000742878...
Loop93 pFBA...5863.0...Ave likelihood of: cpd00091_c is 0.2796891000742878...
Loop94 pFBA...3616.0...Ave likelihood of: cpd00092_c is 0.3220572877889625...
Loop95 pFBA...64108.0...Ave likelihood of: cpd00305_c is 0.119511468807852...
Loop96 pFBA...14108.0...Ave likelihood of: cpd00220_c is 0.1797417789796211...
Loop97 pFBA...14713.0...Ave likelihood of: cpd00218_c is 0.21320953201397944...
Loop98 pFBA...15094.0...Ave likelihood of: cpd00215_c is 0.3248784870464054...
Loop99 pFBA...28702.0...Ave likelihood of: cpd00104_c is 0.16986900923609674...
Loop100 pFBA...35902.0...Ave likelihood of: cpd00393_c is 0.17191416615785676...
Loop101 pFBA...6404.0...Ave likelihood of: cpd00363_c is 0.48607888483165335...
Loop102 pFBA...8589.0...Ave likelihood of: cpd00281_c is 0.20164210482497205...
Loop103 pFBA...4192.0...Ave likelihood of: cpd00025_c is 0.39830755897381787...
Loop104 pFBA...20377.0...Ave likelihood of: cpd00811_c is 0.3037589020923233...
Loop105 pFBA...6266.0...Ave likelihood of: cpd00714_c is 0.433792442030083...
Loop106 pFBA...5566.0...Ave likelihood of: cpd00117_c is 0.4717689182490812...
Loop107 pFBA...6841.0...Ave likelihood of: cpd00186_c is 0.35985153202427034...
Loop108 pFBA...21551.0...Ave likelihood of: cpd00637_c is 0.24975321973671177...
Loop109 pFBA...6458.0...Ave likelihood of: cpd00550_c is 0.30126613115817025...
Loop110 pFBA...4058.0...Ave likelihood of: cpd00033_c is 0.22755131347514757...
Loop111 pFBA...5445.0...Ave likelihood of: cpd00035_c is 0.4717689182490812...
Loop112 pFBA...18236.0...Ave likelihood of: cpd00051_c is 0.27183678726244115...
Loop113 pFBA...7914.0...Ave likelihood of: cpd00132_c is 0.2498249692943515...
Loop114 pFBA...5183.0...Ave likelihood of: cpd00041_c is 0.22296454798368287...
Loop115 pFBA...13744.0...Ave likelihood of: cpd00084_c is 0.23354445249455366...
Loop116 pFBA...6592.0...Ave likelihood of: cpd00023_c is 0.28155025548519413...
Loop117 pFBA...9083.0...Ave likelihood of: cpd00053_c is 0.310855863047319...
Loop118 pFBA...16377.0...Ave likelihood of: cpd00119_c is 0.33002774726255263...
Loop119 pFBA...16737.0...Ave likelihood of: cpd00322_c is 0.24068132164520076...
Loop120 pFBA...14214.0...Ave likelihood of: cpd00107_c is 0.2638129611017561...
Loop121 pFBA...17726.0...Ave likelihood of: cpd00039_c is 0.2844178225602823...
Loop122 pFBA...20551.0...Ave likelihood of: cpd00060_c is 0.25303944631219477...
Loop123 pFBA...20972.0...Ave likelihood of: cpd00066_c is 0.22569320791326802...
Loop124 pFBA...10265.0...Ave likelihood of: cpd00129_c is 0.20322158355151582...
Loop125 pFBA...5458.0...Ave likelihood of: cpd00054_c is 0.3075425088906321...
Loop126 pFBA...7517.0...Ave likelihood of: cpd00161_c is 0.368527775030298...
Loop127 pFBA...27275.0...Ave likelihood of: cpd00065_c is 0.2496282479943075...
Loop128 pFBA...18499.0...Ave likelihood of: cpd00069_c is 0.19619182647601052...
Loop129 pFBA...7672.0...Ave likelihood of: cpd00156_c is 0.33289534857993186...
Loop130 pFBA...24134.0...Ave likelihood of: cpd00098_c is 0.24097906246314627...
Loop131 pFBA...14168.0...Ave likelihood of: cpd00274_c is 0.19412785232715007...
Loop132 pFBA...6687.0...Ave likelihood of: cpd00226_c is 0.3241787527706718...
Loop133 pFBA...4642.0...Ave likelihood of: cpd00246_c is 0.2270164471262251...
Loop134 pFBA...20460.0...Ave likelihood of: cpd00374_c is 0.20848730000227883...
Loop135 pFBA...4969.0...Ave likelihood of: cpd00221_c is 0.1901870539710827...
Loop136 pFBA...4334.0...Ave likelihood of: cpd00159_c is 0.34571697587102096...
Loop137 pFBA...10484.0...Ave likelihood of: cpd00211_c is 0.38096768186193913...
Loop138 pFBA...3766.0...Ave likelihood of: cpd00047_c is 0.21904369208546526...
Loop139 pFBA...5001.0...Ave likelihood of: cpd00106_c is 0.19000691412014473...
Loop140 pFBA...7672.0...Ave likelihood of: cpd00141_c is 0.3718426305199487...
Loop141 pFBA...19670.0...Ave likelihood of: cpd00216_c is 0.22976697985884525...
Loop142 pFBA...4803.0...Ave likelihood of: cpd00036_c is 0.22799331729125186...
Loop143 pFBA...16946.0...Ave likelihood of: cpd00581_c is 0.3260657748902465...
Loop144 pFBA...4764.0...Ave likelihood of: cpd00128_c is 0.22140431061882046...
Loop145 pFBA...5863.0...Ave likelihood of: cpd00018_c is 0.2796891000742878...
Loop146 pFBA...5863.0...Ave likelihood of: cpd00091_c is 0.2796891000742878...
Loop147 pFBA...3616.0...Ave likelihood of: cpd00092_c is 0.3220572877889625...
Loop148 pFBA...64108.0...Ave likelihood of: cpd00305_c is 0.1207309735916056...
Loop149 pFBA...13975.0...Ave likelihood of: cpd00220_c is 0.2761381938178821...
Loop150 pFBA...14678.0...Ave likelihood of: cpd00218_c is 0.1344343550887584...
Loop151 pFBA...14800.0...Ave likelihood of: cpd00215_c is 0.23516339826831723...
Loop152 pFBA...28693.0...Ave likelihood of: cpd00104_c is 0.19232376452458005...
Loop153 pFBA...35893.0...Ave likelihood of: cpd00393_c is 0.15349649886373506...
Loop154 pFBA...6092.0...Ave likelihood of: cpd00363_c is 0.4333058715176028...
Loop155 pFBA...8589.0...Ave likelihood of: cpd00281_c is 0.20164210482497205...
Loop156 pFBA...4142.0...Ave likelihood of: cpd00025_c is 0.31937605537228436...
Loop157 pFBA...19989.0...Ave likelihood of: cpd00811_c is 0.27131837582031465...
Loop158 pFBA...6165.0...Ave likelihood of: cpd00714_c is 0.29356968558379576...
32.6472677151mins to complete!
