
The following have been reloaded with a version change:
  1) anaconda2/4.4.0 => anaconda2/5.1.0

Loading in models...Adding Water...Remove no-like rxns...Pruned 1 metabolites from model
Pruned 1 reactions from model
Set-up Universal...61.0seconds to complete

Loop0 pFBA...5567.0...Ave likelihood of: cpd00117_c is 0.4716796257346506...
Loop1 pFBA...6841.0...Ave likelihood of: cpd00186_c is 0.3598033764587673...
Loop2 pFBA...21384.0...Ave likelihood of: cpd00637_c is 0.2677791316124186...
Loop3 pFBA...6434.0...Ave likelihood of: cpd00550_c is 0.34618361867511843...
Loop4 pFBA...4055.0...Ave likelihood of: cpd00033_c is 0.3264659716352985...
Loop5 pFBA...5446.0...Ave likelihood of: cpd00035_c is 0.4716796257346506...
Loop6 pFBA...18238.0...Ave likelihood of: cpd00051_c is 0.29556311478045594...
Loop7 pFBA...8188.0...Ave likelihood of: cpd00132_c is 0.1666157012144868...
Loop8 pFBA...5269.0...Ave likelihood of: cpd00041_c is 0.2048737689390672...
Loop9 pFBA...13630.0...Ave likelihood of: cpd00084_c is 0.2610146563739722...
Loop10 pFBA...6593.0...Ave likelihood of: cpd00023_c is 0.2814823448274465...
Loop11 pFBA...9326.0...Ave likelihood of: cpd00053_c is 0.26786945878463275...
Loop12 pFBA...16693.0...Ave likelihood of: cpd00119_c is 0.3155330646290991...
Loop13 pFBA...16748.0...Ave likelihood of: cpd00322_c is 0.35352562381374203...
Loop14 pFBA...14213.0...Ave likelihood of: cpd00107_c is 0.2638462083106279...
Loop15 pFBA...17762.0...Ave likelihood of: cpd00039_c is 0.3113499512039386...
Loop16 pFBA...20384.0...Ave likelihood of: cpd00060_c is 0.2713495200339176...
Loop17 pFBA...20677.0...Ave likelihood of: cpd00066_c is 0.22250343283345822...
Loop18 pFBA...10265.0...Ave likelihood of: cpd00129_c is 0.2031665881922318...
Loop19 pFBA...5434.0...Ave likelihood of: cpd00054_c is 0.3535492275830997...
Loop20 pFBA...7411.0...Ave likelihood of: cpd00161_c is 0.4248970290196089...
Loop21 pFBA...27275.0...Ave likelihood of: cpd00065_c is 0.24963973899940387...
Loop22 pFBA...18390.0...Ave likelihood of: cpd00069_c is 0.2045836719053415...
Loop23 pFBA...7672.0...Ave likelihood of: cpd00156_c is 0.3328915041638702...
Loop24 pFBA...23628.0...Ave likelihood of: cpd00098_c is 0.246692872266728...
Loop25 pFBA...14619.0...Ave likelihood of: cpd00274_c is 0.16709448605858623...
Loop26 pFBA...6632.0...Ave likelihood of: cpd00226_c is 0.32586546817234663...
Loop27 pFBA...4463.0...Ave likelihood of: cpd00246_c is 0.43720827285945313...
Loop28 pFBA...20042.0...Ave likelihood of: cpd00374_c is 0.22890774213354334...
Loop29 pFBA...4762.0...Ave likelihood of: cpd00221_c is 0.42299289944651286...
Loop30 pFBA...4283.0...Ave likelihood of: cpd00159_c is 0.4213333236100031...
Loop31 pFBA...10345.0...Ave likelihood of: cpd00211_c is 0.3540188670803275...
Loop32 pFBA...3766.0...Ave likelihood of: cpd00047_c is 0.25827808252753914...
Loop33 pFBA...5009.0...Ave likelihood of: cpd00106_c is 0.1684978351294297...
Loop34 pFBA...7574.0...Ave likelihood of: cpd00141_c is 0.4124679004382467...
Loop35 pFBA...19178.0...Ave likelihood of: cpd00216_c is 0.22398055806171618...
Loop36 pFBA...4803.0...Ave likelihood of: cpd00036_c is 0.22802186664042817...
Loop37 pFBA...17176.0...Ave likelihood of: cpd00581_c is 0.30530516652889367...
Loop38 pFBA...4748.0...Ave likelihood of: cpd00128_c is 0.3455735771912581...
Loop39 pFBA...5864.0...Ave likelihood of: cpd00018_c is 0.27963721845037753...
Loop40 pFBA...5864.0...Ave likelihood of: cpd00091_c is 0.27963721845037753...
Loop41 pFBA...4176.0...Ave likelihood of: cpd00092_c is 0.2934120875223955...
Loop42 pFBA...64094.0...Ave likelihood of: cpd00305_c is 0.14939987481981268...
Loop43 pFBA...13685.0...Ave likelihood of: cpd00220_c is 0.29054795423688295...
Loop44 pFBA...14520.0...Ave likelihood of: cpd00218_c is 0.2205767227545516...
Loop45 pFBA...14524.0...Ave likelihood of: cpd00215_c is 0.3143061644004455...
Loop46 pFBA...28672.0...Ave likelihood of: cpd00104_c is 0.20698698754873704...
Loop47 pFBA...36670.0...Ave likelihood of: cpd00393_c is 0.16745642629142676...
Loop48 pFBA...5716.0...Ave likelihood of: cpd00363_c is 0.5635246040619463...
Loop49 pFBA...8589.0...Ave likelihood of: cpd00281_c is 0.20159359721229517...
Loop50 pFBA...4025.0...Ave likelihood of: cpd00025_c is 0.2899004106395095...
Loop51 pFBA...19599.0...Ave likelihood of: cpd00811_c is 0.259394200653908...
Loop52 pFBA...5421.0...Ave likelihood of: cpd00714_c is 0.3706830136670508...
Loop53 pFBA...5567.0...Ave likelihood of: cpd00117_c is 0.4716796257346506...
Loop54 pFBA...6841.0...Ave likelihood of: cpd00186_c is 0.3598033764587673...
Loop55 pFBA...21646.0...Ave likelihood of: cpd00637_c is 0.27821762330125466...
Loop56 pFBA...6503.0...Ave likelihood of: cpd00550_c is 0.2970532829495207...
Loop57 pFBA...4056.0...Ave likelihood of: cpd00033_c is 0.2386378055567236...
Loop58 pFBA...5446.0...Ave likelihood of: cpd00035_c is 0.4716796257346506...
Loop59 pFBA...18386.0...Ave likelihood of: cpd00051_c is 0.2405085180451726...
Loop60 pFBA...8188.0...Ave likelihood of: cpd00132_c is 0.1666157012144868...
Loop61 pFBA...5269.0...Ave likelihood of: cpd00041_c is 0.2048737689390672...
Loop62 pFBA...13771.0...Ave likelihood of: cpd00084_c is 0.2480156587057958...
Loop63 pFBA...6593.0...Ave likelihood of: cpd00023_c is 0.2814823448274465...
Loop64 pFBA...9326.0...Ave likelihood of: cpd00053_c is 0.26786945878463275...
Loop65 pFBA...16693.0...Ave likelihood of: cpd00119_c is 0.30934614179323444...
Loop66 pFBA...16757.0...Ave likelihood of: cpd00322_c is 0.23980015047754635...
Loop67 pFBA...14213.0...Ave likelihood of: cpd00107_c is 0.26384620831062794...
Loop68 pFBA...17976.0...Ave likelihood of: cpd00039_c is 0.25390822617172937...
Loop69 pFBA...20646.0...Ave likelihood of: cpd00060_c is 0.2815696428591011...
Loop70 pFBA...21454.0...Ave likelihood of: cpd00066_c is 0.2293493752647349...
Loop71 pFBA...10265.0...Ave likelihood of: cpd00129_c is 0.2031665881922318...
Loop72 pFBA...5503.0...Ave likelihood of: cpd00054_c is 0.3063361980416932...
Loop73 pFBA...7651.0...Ave likelihood of: cpd00161_c is 0.36564725320703867...
Loop74 pFBA...27275.0...Ave likelihood of: cpd00065_c is 0.24963973899940387...
Loop75 pFBA...18864.0...Ave likelihood of: cpd00069_c is 0.23812968332661094...
Loop76 pFBA...7672.0...Ave likelihood of: cpd00156_c is 0.3328915041638702...
Loop77 pFBA...24568.0...Ave likelihood of: cpd00098_c is 0.2773275869833011...
Loop78 pFBA...14619.0...Ave likelihood of: cpd00274_c is 0.16709448605858623...
Loop79 pFBA...6632.0...Ave likelihood of: cpd00226_c is 0.32586546817234663...
Loop80 pFBA...4789.0...Ave likelihood of: cpd00246_c is 0.3641288997828093...
Loop81 pFBA...20818.0...Ave likelihood of: cpd00374_c is 0.22169443323931706...
Loop82 pFBA...5087.0...Ave likelihood of: cpd00221_c is 0.3577024563191453...
Loop83 pFBA...4350.0...Ave likelihood of: cpd00159_c is 0.3836927845618986...
Loop84 pFBA...10516.0...Ave likelihood of: cpd00211_c is 0.21375578165614811...
Loop85 pFBA...3766.0...Ave likelihood of: cpd00047_c is 0.2191466967473933...
Loop86 pFBA...5009.0...Ave likelihood of: cpd00106_c is 0.1684978351294297...
Loop87 pFBA...7734.0...Ave likelihood of: cpd00141_c is 0.3236770421766019...
Loop88 pFBA...20288.0...Ave likelihood of: cpd00216_c is 0.21773609896099788...
Loop89 pFBA...4803.0...Ave likelihood of: cpd00036_c is 0.22802186664042817...
Loop90 pFBA...17176.0...Ave likelihood of: cpd00581_c is 0.30530516652889367...
Loop91 pFBA...4748.0...Ave likelihood of: cpd00128_c is 0.3455735771912581...
Loop92 pFBA...5864.0...Ave likelihood of: cpd00018_c is 0.27963721845037753...
Loop93 pFBA...5864.0...Ave likelihood of: cpd00091_c is 0.27963721845037753...
Loop94 pFBA...4176.0...Ave likelihood of: cpd00092_c is 0.2934120875223955...
Loop95 pFBA...64175.0...Ave likelihood of: cpd00305_c is 0.1349985506969555...
Loop96 pFBA...14060.0...Ave likelihood of: cpd00220_c is 0.1830766723613569...
Loop97 pFBA...14713.0...Ave likelihood of: cpd00218_c is 0.2108376202835009...
Loop98 pFBA...15063.0...Ave likelihood of: cpd00215_c is 0.34771389167431116...
Loop99 pFBA...28717.0...Ave likelihood of: cpd00104_c is 0.17442866312475122...
Loop100 pFBA...36670.0...Ave likelihood of: cpd00393_c is 0.16745642629142676...
Loop101 pFBA...6431.0...Ave likelihood of: cpd00363_c is 0.5122610399664868...
Loop102 pFBA...8589.0...Ave likelihood of: cpd00281_c is 0.20159359721229517...
Loop103 pFBA...4207.0...Ave likelihood of: cpd00025_c is 0.3924051182905519...
Loop104 pFBA...20457.0...Ave likelihood of: cpd00811_c is 0.30164043312135014...
Loop105 pFBA...6363.0...Ave likelihood of: cpd00714_c is 0.42576216029974584...
Loop106 pFBA...5567.0...Ave likelihood of: cpd00117_c is 0.4716796257346506...
Loop107 pFBA...6841.0...Ave likelihood of: cpd00186_c is 0.3598033764587673...
Loop108 pFBA...21551.0...Ave likelihood of: cpd00637_c is 0.2468034081393917...
Loop109 pFBA...6457.0...Ave likelihood of: cpd00550_c is 0.3022875465643918...
Loop110 pFBA...4056.0...Ave likelihood of: cpd00033_c is 0.22829711124933305...
Loop111 pFBA...5446.0...Ave likelihood of: cpd00035_c is 0.4716796257346506...
Loop112 pFBA...18343.0...Ave likelihood of: cpd00051_c is 0.25210536555761703...
Loop113 pFBA...8188.0...Ave likelihood of: cpd00132_c is 0.1666157012144868...
Loop114 pFBA...5269.0...Ave likelihood of: cpd00041_c is 0.2048737689390672...
Loop115 pFBA...13743.0...Ave likelihood of: cpd00084_c is 0.23055602907836964...
Loop116 pFBA...6593.0...Ave likelihood of: cpd00023_c is 0.2814823448274465...
Loop117 pFBA...9326.0...Ave likelihood of: cpd00053_c is 0.26786945878463275...
Loop118 pFBA...16693.0...Ave likelihood of: cpd00119_c is 0.3155330646290991...
Loop119 pFBA...16757.0...Ave likelihood of: cpd00322_c is 0.23980015047754635...
Loop120 pFBA...14213.0...Ave likelihood of: cpd00107_c is 0.26384620831062794...
Loop121 pFBA...17798.0...Ave likelihood of: cpd00039_c is 0.2897736959593468...
Loop122 pFBA...20551.0...Ave likelihood of: cpd00060_c is 0.250008647206137...
Loop123 pFBA...20999.0...Ave likelihood of: cpd00066_c is 0.18690485850182748...
Loop124 pFBA...10265.0...Ave likelihood of: cpd00129_c is 0.2031665881922318...
Loop125 pFBA...5457.0...Ave likelihood of: cpd00054_c is 0.30858520378448323...
Loop126 pFBA...7518.0...Ave likelihood of: cpd00161_c is 0.3682839785184798...
Loop127 pFBA...27275.0...Ave likelihood of: cpd00065_c is 0.24963973899940387...
Loop128 pFBA...18491.0...Ave likelihood of: cpd00069_c is 0.20053363807149746...
Loop129 pFBA...7672.0...Ave likelihood of: cpd00156_c is 0.3328915041638702...
Loop130 pFBA...24119.0...Ave likelihood of: cpd00098_c is 0.237791568494489...
Loop131 pFBA...14619.0...Ave likelihood of: cpd00274_c is 0.16709448605858623...
Loop132 pFBA...6632.0...Ave likelihood of: cpd00226_c is 0.32586546817234663...
Loop133 pFBA...4642.0...Ave likelihood of: cpd00246_c is 0.2279775716058107...
Loop134 pFBA...20442.0...Ave likelihood of: cpd00374_c is 0.21631507830900112...
Loop135 pFBA...4969.0...Ave likelihood of: cpd00221_c is 0.19015168143629893...
Loop136 pFBA...4334.0...Ave likelihood of: cpd00159_c is 0.4075198003996308...
Loop137 pFBA...10491.0...Ave likelihood of: cpd00211_c is 0.33687743597654396...
Loop138 pFBA...3766.0...Ave likelihood of: cpd00047_c is 0.21914669674739326...
Loop139 pFBA...5009.0...Ave likelihood of: cpd00106_c is 0.1684978351294297...
Loop140 pFBA...7679.0...Ave likelihood of: cpd00141_c is 0.3712644716174005...
Loop141 pFBA...19658.0...Ave likelihood of: cpd00216_c is 0.23068834420208204...
Loop142 pFBA...4803.0...Ave likelihood of: cpd00036_c is 0.22802186664042817...
Loop143 pFBA...17176.0...Ave likelihood of: cpd00581_c is 0.30530516652889367...
Loop144 pFBA...4748.0...Ave likelihood of: cpd00128_c is 0.3455735771912581...
Loop145 pFBA...5864.0...Ave likelihood of: cpd00018_c is 0.27963721845037753...
Loop146 pFBA...5864.0...Ave likelihood of: cpd00091_c is 0.27963721845037753...
Loop147 pFBA...4176.0...Ave likelihood of: cpd00092_c is 0.2934120875223955...
Loop148 pFBA...64171.0...Ave likelihood of: cpd00305_c is 0.13700011824208336...
Loop149 pFBA...13958.0...Ave likelihood of: cpd00220_c is 0.2710781782348945...
Loop150 pFBA...14653.0...Ave likelihood of: cpd00218_c is 0.17228647527599708...
Loop151 pFBA...14751.0...Ave likelihood of: cpd00215_c is 0.2275363321293227...
Loop152 pFBA...28709.0...Ave likelihood of: cpd00104_c is 0.1924639537956196...
Loop153 pFBA...36670.0...Ave likelihood of: cpd00393_c is 0.16745642629142676...
Loop154 pFBA...6092.0...Ave likelihood of: cpd00363_c is 0.43330862090732897...
Loop155 pFBA...8589.0...Ave likelihood of: cpd00281_c is 0.20159359721229517...
Loop156 pFBA...4142.0...Ave likelihood of: cpd00025_c is 0.30071797534154293...
Loop157 pFBA...19988.0...Ave likelihood of: cpd00811_c is 0.27136089888027665...
Loop158 pFBA...6031.0...Ave likelihood of: cpd00714_c is 0.30765912969202824...
32.6731730501mins to complete!
