
The following have been reloaded with a version change:
  1) anaconda2/4.4.0 => anaconda2/5.1.0

Loading in models...Adding Water...Remove no-like rxns...Pruned 1 metabolites from model
Pruned 1 reactions from model
Set-up Universal...62.0seconds to complete

Loop0 pFBA...6190.0...Ave likelihood of: cpd00117_c is 0.23094356627193888...
Loop1 pFBA...8232.0...Ave likelihood of: cpd00186_c is 0.12807930088551597...
Loop2 pFBA...22933.0...Ave likelihood of: cpd00637_c is 0.1821344529331249...
Loop3 pFBA...7048.0...Ave likelihood of: cpd00550_c is 0.2304896196466494...
Loop4 pFBA...4748.0...Ave likelihood of: cpd00033_c is 0.18735367268887493...
Loop5 pFBA...6028.0...Ave likelihood of: cpd00035_c is 0.2240578578484813...
Loop6 pFBA...19414.0...Ave likelihood of: cpd00051_c is 0.20504306676050998...
Loop7 pFBA...8880.0...Ave likelihood of: cpd00132_c is 0.12868737955339296...
Loop8 pFBA...6002.0...Ave likelihood of: cpd00041_c is 0.056533332824986494...
Loop9 pFBA...14334.0...Ave likelihood of: cpd00084_c is 0.23194677878804382...
Loop10 pFBA...7999.0...Ave likelihood of: cpd00023_c is 0.00012146805188593685...
Loop11 pFBA...10583.0...Ave likelihood of: cpd00053_c is 0.12834077837014887...
Loop12 pFBA...22794.0...Ave likelihood of: cpd00119_c is 0.09213121240331755...
Loop13 pFBA...18013.0...Ave likelihood of: cpd00322_c is 0.22130065634316226...
Loop14 pFBA...14899.0...Ave likelihood of: cpd00107_c is 0.20029002367249227...
Loop15 pFBA...17694.0...Ave likelihood of: cpd00039_c is 0.2993120548242005...
Loop16 pFBA...21933.0...Ave likelihood of: cpd00060_c is 0.18435560479816301...
Loop17 pFBA...21494.0...Ave likelihood of: cpd00066_c is 0.17076512948868827...
Loop18 pFBA...12000.0...Ave likelihood of: cpd00129_c is 4.282812588262182e-05...
Loop19 pFBA...6048.0...Ave likelihood of: cpd00054_c is 0.23572802009316415...
Loop20 pFBA...8329.0...Ave likelihood of: cpd00161_c is 0.2839910537469824...
Loop21 pFBA...30010.0...Ave likelihood of: cpd00065_c is 0.11880604746260381...
Loop22 pFBA...19273.0...Ave likelihood of: cpd00069_c is 0.16885539377275358...
Loop23 pFBA...8766.0...Ave likelihood of: cpd00156_c is 0.16417449866737663...
Loop24 pFBA...24982.0...Ave likelihood of: cpd00098_c is 0.16446663000158993...
Loop25 pFBA...16124.0...Ave likelihood of: cpd00274_c is 0.23585626197435347...
Loop26 pFBA...7078.0...Ave likelihood of: cpd00226_c is 0.27742752100237406...
Loop27 pFBA...5056.0...Ave likelihood of: cpd00246_c is 0.3044906567647446...
Loop28 pFBA...21261.0...Ave likelihood of: cpd00374_c is 0.18393207962304803...
Loop29 pFBA...4305.0...Ave likelihood of: cpd00221_c is 0.2992667420943143...
Loop30 pFBA...4186.0...Ave likelihood of: cpd00159_c is 0.3345822830390526...
Loop31 pFBA...10448.0...Ave likelihood of: cpd00211_c is 0.3000703189192346...
Loop32 pFBA...4065.0...Ave likelihood of: cpd00047_c is 0.34073499122089573...
Loop33 pFBA...5283.0...Ave likelihood of: cpd00106_c is 0.08806923466976355...
Loop34 pFBA...7914.0...Ave likelihood of: cpd00141_c is 0.37739569348359564...
Loop35 pFBA...20816.0...Ave likelihood of: cpd00216_c is 0.18518359730060388...
Loop36 pFBA...5064.0...Ave likelihood of: cpd00036_c is 0.04858760847366136...
Loop37 pFBA...22794.0...Ave likelihood of: cpd00581_c is 0.09689587137481682...
Loop38 pFBA...4994.0...Ave likelihood of: cpd00128_c is 0.0911178639517841...
Loop39 pFBA...6200.0...Ave likelihood of: cpd00018_c is 0.11622065348741639...
Loop40 pFBA...5545.0...Ave likelihood of: cpd00091_c is 0.1432678559973486...
Loop41 pFBA...4057.0...Ave likelihood of: cpd00092_c is 0.24683737893881738...
Loop42 pFBA...63335.0...Ave likelihood of: cpd00305_c is 0.1669657082277944...
Loop43 pFBA...12610.0...Ave likelihood of: cpd00220_c is 0.1737848598445608...
Loop44 pFBA...14711.0...Ave likelihood of: cpd00218_c is 0.14087708422918463...
Loop45 pFBA...14660.0...Ave likelihood of: cpd00215_c is 0.219239108298479...
Loop46 pFBA...29131.0...Ave likelihood of: cpd00104_c is 0.15227921800580868...
Loop47 pFBA...36595.0...Ave likelihood of: cpd00393_c is 0.17686812635174148...
Loop48 pFBA...6367.0...Ave likelihood of: cpd00363_c is 0.3825467714701144...
Loop49 pFBA...9999.0...Ave likelihood of: cpd00281_c is 8.676289420424061e-05...
Loop50 pFBA...4240.0...Ave likelihood of: cpd00025_c is 0.31637681911559046...
Loop51 pFBA...21036.0...Ave likelihood of: cpd00811_c is 0.20370498255751904...
Loop52 pFBA...6190.0...Ave likelihood of: cpd00117_c is 0.23094356627193888...
Loop53 pFBA...8232.0...Ave likelihood of: cpd00186_c is 0.12807930088551597...
Loop54 pFBA...22989.0...Ave likelihood of: cpd00637_c is 0.16149567255828973...
Loop55 pFBA...7171.0...Ave likelihood of: cpd00550_c is 0.1581026685792146...
Loop56 pFBA...4748.0...Ave likelihood of: cpd00033_c is 0.1873536726888749...
Loop57 pFBA...6028.0...Ave likelihood of: cpd00035_c is 0.2240578578484813...
Loop58 pFBA...19615.0...Ave likelihood of: cpd00051_c is 0.18997749104024744...
Loop59 pFBA...8880.0...Ave likelihood of: cpd00132_c is 0.12868737955339296...
Loop60 pFBA...6002.0...Ave likelihood of: cpd00041_c is 0.056533332824986494...
Loop61 pFBA...14472.0...Ave likelihood of: cpd00084_c is 0.18402832678348538...
Loop62 pFBA...7999.0...Ave likelihood of: cpd00023_c is 0.00012146805188593685...
Loop63 pFBA...10583.0...Ave likelihood of: cpd00053_c is 0.12832479573174285...
Loop64 pFBA...22794.0...Ave likelihood of: cpd00119_c is 0.09008385212768827...
Loop65 pFBA...18029.0...Ave likelihood of: cpd00322_c is 0.18393550355266977...
Loop66 pFBA...14899.0...Ave likelihood of: cpd00107_c is 0.20029002367249227...
Loop67 pFBA...17808.0...Ave likelihood of: cpd00039_c is 0.31039741904579554...
Loop68 pFBA...21989.0...Ave likelihood of: cpd00060_c is 0.16339562164721078...
Loop69 pFBA...22039.0...Ave likelihood of: cpd00066_c is 0.16871210920231777...
Loop70 pFBA...12000.0...Ave likelihood of: cpd00129_c is 4.282812588262182e-05...
Loop71 pFBA...6171.0...Ave likelihood of: cpd00054_c is 0.16249440937308168...
Loop72 pFBA...8471.0...Ave likelihood of: cpd00161_c is 0.25132915057893146...
Loop73 pFBA...30011.0...Ave likelihood of: cpd00065_c is 0.10380970566675003...
Loop74 pFBA...19705.0...Ave likelihood of: cpd00069_c is 0.1964941685164939...
Loop75 pFBA...8766.0...Ave likelihood of: cpd00156_c is 0.16417449866737663...
Loop76 pFBA...25284.0...Ave likelihood of: cpd00098_c is 0.12240415317651558...
Loop77 pFBA...16387.0...Ave likelihood of: cpd00274_c is 0.23410410687078767...
Loop78 pFBA...7078.0...Ave likelihood of: cpd00226_c is 0.27742752100237406...
Loop79 pFBA...5147.0...Ave likelihood of: cpd00246_c is 0.1800120772626013...
Loop80 pFBA...22019.0...Ave likelihood of: cpd00374_c is 0.20846346388732037...
Loop81 pFBA...4745.0...Ave likelihood of: cpd00221_c is 0.3096293682046097...
Loop82 pFBA...4512.0...Ave likelihood of: cpd00159_c is 0.29049113583029457...
Loop83 pFBA...10589.0...Ave likelihood of: cpd00211_c is 0.1338509757440018...
Loop84 pFBA...4243.0...Ave likelihood of: cpd00047_c is 0.2841358118227781...
Loop85 pFBA...5283.0...Ave likelihood of: cpd00106_c is 0.08806923466976355...
Loop86 pFBA...8194.0...Ave likelihood of: cpd00141_c is 0.1512096861484249...
Loop87 pFBA...20863.0...Ave likelihood of: cpd00216_c is 0.1918344359264168...
Loop88 pFBA...5064.0...Ave likelihood of: cpd00036_c is 0.04858760847366136...
Loop89 pFBA...22794.0...Ave likelihood of: cpd00581_c is 0.09689587137481682...
Loop90 pFBA...4994.0...Ave likelihood of: cpd00128_c is 0.0911178639517841...
Loop91 pFBA...6200.0...Ave likelihood of: cpd00018_c is 0.11622065348741639...
Loop92 pFBA...5545.0...Ave likelihood of: cpd00091_c is 0.1432678559973486...
Loop93 pFBA...4057.0...Ave likelihood of: cpd00092_c is 0.24683737893881738...
Loop94 pFBA...63494.0...Ave likelihood of: cpd00305_c is 0.16305003370427418...
Loop95 pFBA...12610.0...Ave likelihood of: cpd00220_c is 0.18464641358484585...
Loop96 pFBA...14711.0...Ave likelihood of: cpd00218_c is 0.13867587978810358...
Loop97 pFBA...15215.0...Ave likelihood of: cpd00215_c is 0.19055518890466205...
Loop98 pFBA...29213.0...Ave likelihood of: cpd00104_c is 0.13097046112519023...
Loop99 pFBA...36595.0...Ave likelihood of: cpd00393_c is 0.17987385998861172...
Loop100 pFBA...7202.0...Ave likelihood of: cpd00363_c is 0.35515096204696...
Loop101 pFBA...9999.0...Ave likelihood of: cpd00281_c is 8.676289420424061e-05...
Loop102 pFBA...4360.0...Ave likelihood of: cpd00025_c is 0.29579941687333217...
Loop103 pFBA...21858.0...Ave likelihood of: cpd00811_c is 0.12294362331343552...
Loop104 pFBA...6190.0...Ave likelihood of: cpd00117_c is 0.23094356627193888...
Loop105 pFBA...8232.0...Ave likelihood of: cpd00186_c is 0.12807930088551597...
Loop106 pFBA...22889.0...Ave likelihood of: cpd00637_c is 0.1773207487259954...
Loop107 pFBA...7122.0...Ave likelihood of: cpd00550_c is 0.25134223715026116...
Loop108 pFBA...4748.0...Ave likelihood of: cpd00033_c is 0.18735367268887493...
Loop109 pFBA...6028.0...Ave likelihood of: cpd00035_c is 0.2240578578484813...
Loop110 pFBA...19414.0...Ave likelihood of: cpd00051_c is 0.21037177550742486...
Loop111 pFBA...8880.0...Ave likelihood of: cpd00132_c is 0.12868737955339296...
Loop112 pFBA...6002.0...Ave likelihood of: cpd00041_c is 0.056533332824986494...
Loop113 pFBA...14472.0...Ave likelihood of: cpd00084_c is 0.18402832678348538...
Loop114 pFBA...7999.0...Ave likelihood of: cpd00023_c is 0.00012146805188593685...
Loop115 pFBA...10583.0...Ave likelihood of: cpd00053_c is 0.12832479573174285...
Loop116 pFBA...22794.0...Ave likelihood of: cpd00119_c is 0.09213121240331755...
Loop117 pFBA...17977.0...Ave likelihood of: cpd00322_c is 0.24064363434696015...
Loop118 pFBA...14899.0...Ave likelihood of: cpd00107_c is 0.20029002367249227...
Loop119 pFBA...17774.0...Ave likelihood of: cpd00039_c is 0.26204656930516573...
Loop120 pFBA...21889.0...Ave likelihood of: cpd00060_c is 0.17929097926739535...
Loop121 pFBA...21219.0...Ave likelihood of: cpd00066_c is 0.1926044744100953...
Loop122 pFBA...12000.0...Ave likelihood of: cpd00129_c is 4.282812588262182e-05...
Loop123 pFBA...6122.0...Ave likelihood of: cpd00054_c is 0.2563690818932664...
Loop124 pFBA...8355.0...Ave likelihood of: cpd00161_c is 0.2810171872543419...
Loop125 pFBA...30001.0...Ave likelihood of: cpd00065_c is 0.13028350710511802...
Loop126 pFBA...19105.0...Ave likelihood of: cpd00069_c is 0.18718220115298528...
Loop127 pFBA...8766.0...Ave likelihood of: cpd00156_c is 0.16417449866737663...
Loop128 pFBA...24832.0...Ave likelihood of: cpd00098_c is 0.17451462976108117...
Loop129 pFBA...16386.0...Ave likelihood of: cpd00274_c is 0.282559946719931...
Loop130 pFBA...7078.0...Ave likelihood of: cpd00226_c is 0.27742752100237406...
Loop131 pFBA...5089.0...Ave likelihood of: cpd00246_c is 0.26370366324269245...
Loop132 pFBA...21029.0...Ave likelihood of: cpd00374_c is 0.17692515809741544...
Loop133 pFBA...4539.0...Ave likelihood of: cpd00221_c is 0.3181665406832224...
Loop134 pFBA...4403.0...Ave likelihood of: cpd00159_c is 0.31129608519942165...
Loop135 pFBA...10427.0...Ave likelihood of: cpd00211_c is 0.29910613093810295...
Loop136 pFBA...4151.0...Ave likelihood of: cpd00047_c is 0.34844212666093094...
Loop137 pFBA...5283.0...Ave likelihood of: cpd00106_c is 0.08806923466976355...
Loop138 pFBA...8118.0...Ave likelihood of: cpd00141_c is 0.23447458057029727...
Loop139 pFBA...20551.0...Ave likelihood of: cpd00216_c is 0.18897359098595246...
Loop140 pFBA...5064.0...Ave likelihood of: cpd00036_c is 0.04858760847366136...
Loop141 pFBA...22794.0...Ave likelihood of: cpd00581_c is 0.09689587137481682...
Loop142 pFBA...4994.0...Ave likelihood of: cpd00128_c is 0.0911178639517841...
Loop143 pFBA...6200.0...Ave likelihood of: cpd00018_c is 0.11622065348741639...
Loop144 pFBA...5545.0...Ave likelihood of: cpd00091_c is 0.1432678559973486...
Loop145 pFBA...4057.0...Ave likelihood of: cpd00092_c is 0.24683737893881738...
Loop146 pFBA...63317.0...Ave likelihood of: cpd00305_c is 0.16517555270848314...
Loop147 pFBA...12610.0...Ave likelihood of: cpd00220_c is 0.1790510677186384...
Loop148 pFBA...14711.0...Ave likelihood of: cpd00218_c is 0.14087708422918466...
Loop149 pFBA...14515.0...Ave likelihood of: cpd00215_c is 0.2231678117513151...
Loop150 pFBA...29144.0...Ave likelihood of: cpd00104_c is 0.13602729298476263...
Loop151 pFBA...36595.0...Ave likelihood of: cpd00393_c is 0.17686812635174148...
Loop152 pFBA...6571.0...Ave likelihood of: cpd00363_c is 0.36110462692550804...
Loop153 pFBA...9999.0...Ave likelihood of: cpd00281_c is 8.676289420424061e-05...
Loop154 pFBA...4210.0...Ave likelihood of: cpd00025_c is 0.2493618008757862...
Loop155 pFBA...20842.0...Ave likelihood of: cpd00811_c is 0.22014604753885095...
32.0524033507mins to complete!
