
The following have been reloaded with a version change:
  1) anaconda2/4.4.0 => anaconda2/5.1.0

Loading in models...Adding Water...Remove no-like rxns...Pruned 1 metabolites from model
Pruned 1 reactions from model
Set-up Universal...62.0seconds to complete

Loop0 pFBA...6309.0...Ave likelihood of: cpd00117_c is 0.1250683372901937...
Loop1 pFBA...7945.0...Ave likelihood of: cpd00186_c is 0.17644275187664785...
Loop2 pFBA...23398.0...Ave likelihood of: cpd00637_c is 0.10087597332606352...
Loop3 pFBA...7398.0...Ave likelihood of: cpd00550_c is 0.15068528860491767...
Loop4 pFBA...4740.0...Ave likelihood of: cpd00033_c is 0.15735887483727343...
Loop5 pFBA...6155.0...Ave likelihood of: cpd00035_c is 0.26570918100126617...
Loop6 pFBA...19096.0...Ave likelihood of: cpd00051_c is 0.26518529966278787...
Loop7 pFBA...8376.0...Ave likelihood of: cpd00132_c is 0.141377083853939...
Loop8 pFBA...5883.0...Ave likelihood of: cpd00041_c is 0.12854446453307222...
Loop9 pFBA...14389.0...Ave likelihood of: cpd00084_c is 0.1726878822459596...
Loop10 pFBA...7711.0...Ave likelihood of: cpd00023_c is 0.13711905639771266...
Loop11 pFBA...10115.0...Ave likelihood of: cpd00053_c is 0.07770342965979753...
Loop12 pFBA...22024.0...Ave likelihood of: cpd00119_c is 0.09291552293303545...
Loop13 pFBA...18242.0...Ave likelihood of: cpd00322_c is 0.16594517159178843...
Loop14 pFBA...15089.0...Ave likelihood of: cpd00107_c is 0.14037840191154827...
Loop15 pFBA...20949.0...Ave likelihood of: cpd00039_c is 0.20656605192281055...
Loop16 pFBA...22415.0...Ave likelihood of: cpd00060_c is 0.11181341415678395...
Loop17 pFBA...21232.0...Ave likelihood of: cpd00066_c is 0.15169063449973516...
Loop18 pFBA...11974.0...Ave likelihood of: cpd00129_c is 0.10511326850049324...
Loop19 pFBA...6398.0...Ave likelihood of: cpd00054_c is 0.13433234291405893...
Loop20 pFBA...8666.0...Ave likelihood of: cpd00161_c is 0.23589670483594863...
Loop21 pFBA...30531.0...Ave likelihood of: cpd00065_c is 0.1311371840014099...
Loop22 pFBA...19125.0...Ave likelihood of: cpd00069_c is 0.1800435826159469...
Loop23 pFBA...9171.0...Ave likelihood of: cpd00156_c is 0.10954498120719473...
Loop24 pFBA...25053.0...Ave likelihood of: cpd00098_c is 0.14195547129316907...
Loop25 pFBA...15443.0...Ave likelihood of: cpd00274_c is 0.23656599011917587...
Loop26 pFBA...7017.0...Ave likelihood of: cpd00226_c is 0.28020766960983756...
Loop27 pFBA...5061.0...Ave likelihood of: cpd00246_c is 0.26815514559785175...
Loop28 pFBA...21013.0...Ave likelihood of: cpd00374_c is 0.1713380260244165...
Loop29 pFBA...5013.0...Ave likelihood of: cpd00221_c is 0.28177805490265634...
Loop30 pFBA...4450.0...Ave likelihood of: cpd00159_c is 0.5325756330225186...
Loop31 pFBA...10709.0...Ave likelihood of: cpd00211_c is 0.22158940638504185...
Loop32 pFBA...4192.0...Ave likelihood of: cpd00047_c is 0.24509936012533562...
Loop33 pFBA...5341.0...Ave likelihood of: cpd00106_c is 0.09538876147042043...
Loop34 pFBA...8016.0...Ave likelihood of: cpd00141_c is 0.4219385098065808...
Loop35 pFBA...21308.0...Ave likelihood of: cpd00216_c is 0.11510797624564283...
Loop36 pFBA...5138.0...Ave likelihood of: cpd00036_c is 0.041131864908175234...
Loop37 pFBA...22022.0...Ave likelihood of: cpd00581_c is 0.08870547404558991...
Loop38 pFBA...4970.0...Ave likelihood of: cpd00128_c is 0.09606379674929984...
Loop39 pFBA...6075.0...Ave likelihood of: cpd00018_c is 0.14934233218744136...
Loop40 pFBA...5424.0...Ave likelihood of: cpd00091_c is 0.176458088470597...
Loop41 pFBA...3464.0...Ave likelihood of: cpd00092_c is 0.3948994195614426...
Loop42 pFBA...64572.0...Ave likelihood of: cpd00305_c is 0.11077664101422025...
Loop43 pFBA...14647.0...Ave likelihood of: cpd00220_c is 0.06587168609565576...
Loop44 pFBA...14547.0...Ave likelihood of: cpd00218_c is 0.14169802607166204...
Loop45 pFBA...15084.0...Ave likelihood of: cpd00215_c is 0.2019928683313311...
Loop46 pFBA...29128.0...Ave likelihood of: cpd00104_c is 0.14159153604246888...
Loop47 pFBA...35514.0...Ave likelihood of: cpd00393_c is 0.12691643768905977...
Loop48 pFBA...6398.0...Ave likelihood of: cpd00363_c is 0.34072811093538585...
Loop49 pFBA...9999.0...Ave likelihood of: cpd00281_c is 8.412783120957681e-05...
Loop50 pFBA...4241.0...Ave likelihood of: cpd00025_c is 0.24869537492133223...
Loop51 pFBA...21082.0...Ave likelihood of: cpd00811_c is 0.11509025224893386...
Loop52 pFBA...6069.0...Ave likelihood of: cpd00714_c is 0.22994303152921694...
Loop53 pFBA...6309.0...Ave likelihood of: cpd00117_c is 0.1250683372901937...
Loop54 pFBA...7945.0...Ave likelihood of: cpd00186_c is 0.16606376647213916...
Loop55 pFBA...23440.0...Ave likelihood of: cpd00637_c is 0.09467982023606097...
Loop56 pFBA...7463.0...Ave likelihood of: cpd00550_c is 0.10604139151835874...
Loop57 pFBA...4740.0...Ave likelihood of: cpd00033_c is 0.15735887483727343...
Loop58 pFBA...6190.0...Ave likelihood of: cpd00035_c is 0.1250683372901937...
Loop59 pFBA...19481.0...Ave likelihood of: cpd00051_c is 0.13420152234579885...
Loop60 pFBA...8376.0...Ave likelihood of: cpd00132_c is 0.141377083853939...
Loop61 pFBA...5883.0...Ave likelihood of: cpd00041_c is 0.12854446453307222...
Loop62 pFBA...14714.0...Ave likelihood of: cpd00084_c is 0.1435119507925717...
Loop63 pFBA...7711.0...Ave likelihood of: cpd00023_c is 0.13711905639771266...
Loop64 pFBA...10115.0...Ave likelihood of: cpd00053_c is 0.07768707147039565...
Loop65 pFBA...22024.0...Ave likelihood of: cpd00119_c is 0.09291552293303545...
Loop66 pFBA...18292.0...Ave likelihood of: cpd00322_c is 0.07736656690132347...
Loop67 pFBA...15089.0...Ave likelihood of: cpd00107_c is 0.14417241277402254...
Loop68 pFBA...21475.0...Ave likelihood of: cpd00039_c is 0.16857025032866194...
Loop69 pFBA...22452.0...Ave likelihood of: cpd00060_c is 0.09712273854679315...
Loop70 pFBA...22382.0...Ave likelihood of: cpd00066_c is 0.1291760719030516...
Loop71 pFBA...11974.0...Ave likelihood of: cpd00129_c is 0.10511326850049324...
Loop72 pFBA...6463.0...Ave likelihood of: cpd00054_c is 0.10839786688543337...
Loop73 pFBA...8877.0...Ave likelihood of: cpd00161_c is 0.13429882403428736...
Loop74 pFBA...30531.0...Ave likelihood of: cpd00065_c is 0.1293158342236125...
Loop75 pFBA...20031.0...Ave likelihood of: cpd00069_c is 0.11289463288312868...
Loop76 pFBA...9171.0...Ave likelihood of: cpd00156_c is 0.10954498120719473...
Loop77 pFBA...25392.0...Ave likelihood of: cpd00098_c is 0.09978550412583428...
Loop78 pFBA...15847.0...Ave likelihood of: cpd00274_c is 0.13527892441170555...
Loop79 pFBA...7017.0...Ave likelihood of: cpd00226_c is 0.28020766960983756...
Loop80 pFBA...5145.0...Ave likelihood of: cpd00246_c is 0.18061740854669006...
Loop81 pFBA...22379.0...Ave likelihood of: cpd00374_c is 0.11130456763125363...
Loop82 pFBA...5511.0...Ave likelihood of: cpd00221_c is 0.0838698073185444...
Loop83 pFBA...4771.0...Ave likelihood of: cpd00159_c is 0.26843161054807607...
Loop84 pFBA...10764.0...Ave likelihood of: cpd00211_c is 0.139777867165163...
Loop85 pFBA...4283.0...Ave likelihood of: cpd00047_c is 0.09605048729724916...
Loop86 pFBA...5341.0...Ave likelihood of: cpd00106_c is 0.08942696387851914...
Loop87 pFBA...8452.0...Ave likelihood of: cpd00141_c is 0.0753538503943589...
Loop88 pFBA...22125.0...Ave likelihood of: cpd00216_c is 0.13739016939969836...
Loop89 pFBA...5138.0...Ave likelihood of: cpd00036_c is 0.041131864908175234...
Loop90 pFBA...22022.0...Ave likelihood of: cpd00581_c is 0.08870547404558991...
Loop91 pFBA...4970.0...Ave likelihood of: cpd00128_c is 0.09606379674929984...
Loop92 pFBA...6075.0...Ave likelihood of: cpd00018_c is 0.14934233218744136...
Loop93 pFBA...5424.0...Ave likelihood of: cpd00091_c is 0.176458088470597...
Loop94 pFBA...3464.0...Ave likelihood of: cpd00092_c is 0.3948994195614426...
Loop95 pFBA...64792.0...Ave likelihood of: cpd00305_c is 0.1005254783031878...
Loop96 pFBA...14647.0...Ave likelihood of: cpd00220_c is 0.06587168609565576...
Loop97 pFBA...14891.0...Ave likelihood of: cpd00218_c is 0.10241173680525677...
Loop98 pFBA...15519.0...Ave likelihood of: cpd00215_c is 0.16217837204744537...
Loop99 pFBA...29279.0...Ave likelihood of: cpd00104_c is 0.13059234080769586...
Loop100 pFBA...35517.0...Ave likelihood of: cpd00393_c is 0.12836168955165017...
Loop101 pFBA...7469.0...Ave likelihood of: cpd00363_c is 0.15201134783897122...
Loop102 pFBA...9999.0...Ave likelihood of: cpd00281_c is 8.412783120957681e-05...
Loop103 pFBA...4389.0...Ave likelihood of: cpd00025_c is 0.2540751688516104...
Loop104 pFBA...22082.0...Ave likelihood of: cpd00811_c is 0.09913338237336727...
Loop105 pFBA...7118.0...Ave likelihood of: cpd00714_c is 0.21744142322918755...
Loop106 pFBA...6309.0...Ave likelihood of: cpd00117_c is 0.1250683372901937...
Loop107 pFBA...7945.0...Ave likelihood of: cpd00186_c is 0.17644275187664785...
Loop108 pFBA...23336.0...Ave likelihood of: cpd00637_c is 0.11217548899781887...
Loop109 pFBA...7447.0...Ave likelihood of: cpd00550_c is 0.16336023651306575...
Loop110 pFBA...4740.0...Ave likelihood of: cpd00033_c is 0.15735887483727343...
Loop111 pFBA...6190.0...Ave likelihood of: cpd00035_c is 0.1250683372901937...
Loop112 pFBA...19063.0...Ave likelihood of: cpd00051_c is 0.24036732866917107...
Loop113 pFBA...8376.0...Ave likelihood of: cpd00132_c is 0.141377083853939...
Loop114 pFBA...5883.0...Ave likelihood of: cpd00041_c is 0.12854446453307222...
Loop115 pFBA...14629.0...Ave likelihood of: cpd00084_c is 0.17376161373087887...
Loop116 pFBA...7711.0...Ave likelihood of: cpd00023_c is 0.12854911537285563...
Loop117 pFBA...10115.0...Ave likelihood of: cpd00053_c is 0.07768707147039565...
Loop118 pFBA...22024.0...Ave likelihood of: cpd00119_c is 0.09291552293303545...
Loop119 pFBA...18191.0...Ave likelihood of: cpd00322_c is 0.17045782432574585...
Loop120 pFBA...15089.0...Ave likelihood of: cpd00107_c is 0.14417241277402254...
Loop121 pFBA...21061.0...Ave likelihood of: cpd00039_c is 0.17493982191643606...
Loop122 pFBA...22356.0...Ave likelihood of: cpd00060_c is 0.11784334585427789...
Loop123 pFBA...21052.0...Ave likelihood of: cpd00066_c is 0.16775125642117772...
Loop124 pFBA...11974.0...Ave likelihood of: cpd00129_c is 0.10511326850049324...
Loop125 pFBA...6447.0...Ave likelihood of: cpd00054_c is 0.17078570180911415...
Loop126 pFBA...8670.0...Ave likelihood of: cpd00161_c is 0.3043522017123857...
Loop127 pFBA...30528.0...Ave likelihood of: cpd00065_c is 0.132051741683396...
Loop128 pFBA...18977.0...Ave likelihood of: cpd00069_c is 0.1625173854549117...
Loop129 pFBA...9171.0...Ave likelihood of: cpd00156_c is 0.10954498120719473...
Loop130 pFBA...24961.0...Ave likelihood of: cpd00098_c is 0.18544658530706284...
Loop131 pFBA...15517.0...Ave likelihood of: cpd00274_c is 0.22260737075062334...
Loop132 pFBA...7017.0...Ave likelihood of: cpd00226_c is 0.28020766960983756...
Loop133 pFBA...5101.0...Ave likelihood of: cpd00246_c is 0.27509609854614225...
Loop134 pFBA...20830.0...Ave likelihood of: cpd00374_c is 0.1750579154402463...
Loop135 pFBA...4903.0...Ave likelihood of: cpd00221_c is 0.17487491395814855...
Loop136 pFBA...4512.0...Ave likelihood of: cpd00159_c is 0.25135499649087284...
Loop137 pFBA...10663.0...Ave likelihood of: cpd00211_c is 0.228303353135564...
Loop138 pFBA...4268.0...Ave likelihood of: cpd00047_c is 0.12364280390830781...
Loop139 pFBA...5341.0...Ave likelihood of: cpd00106_c is 0.08942696387851914...
Loop140 pFBA...8272.0...Ave likelihood of: cpd00141_c is 0.19860188417977787...
Loop141 pFBA...21104.0...Ave likelihood of: cpd00216_c is 0.16193257089582133...
Loop142 pFBA...5138.0...Ave likelihood of: cpd00036_c is 0.041131864908175234...
Loop143 pFBA...22022.0...Ave likelihood of: cpd00581_c is 0.08869209007244293...
Loop144 pFBA...4970.0...Ave likelihood of: cpd00128_c is 0.09606379674929984...
Loop145 pFBA...6075.0...Ave likelihood of: cpd00018_c is 0.14934233218744136...
Loop146 pFBA...5424.0...Ave likelihood of: cpd00091_c is 0.176458088470597...
Loop147 pFBA...3453.0...Ave likelihood of: cpd00092_c is 0.30945289251215674...
Loop148 pFBA...64617.0...Ave likelihood of: cpd00305_c is 0.11306779517125708...
Loop149 pFBA...14631.0...Ave likelihood of: cpd00220_c is 0.1474339772150227...
Loop150 pFBA...14461.0...Ave likelihood of: cpd00218_c is 0.14361554292087728...
Loop151 pFBA...14972.0...Ave likelihood of: cpd00215_c is 0.20378015975669875...
Loop152 pFBA...29144.0...Ave likelihood of: cpd00104_c is 0.14937014899727055...
Loop153 pFBA...35511.0...Ave likelihood of: cpd00393_c is 0.11551809711262098...
Loop154 pFBA...6589.0...Ave likelihood of: cpd00363_c is 0.38116643672720874...
Loop155 pFBA...9999.0...Ave likelihood of: cpd00281_c is 8.412783120957681e-05...
Loop156 pFBA...4208.0...Ave likelihood of: cpd00025_c is 0.2495812563163347...
Loop157 pFBA...20948.0...Ave likelihood of: cpd00811_c is 0.12009519437205034...
Loop158 pFBA...5933.0...Ave likelihood of: cpd00714_c is 0.2658429687189687...
34.0811025023mins to complete!
