
The following have been reloaded with a version change:
  1) anaconda2/4.4.0 => anaconda2/5.1.0

Loading in models...Adding Water...Remove no-like rxns...Pruned 1 metabolites from model
Pruned 1 reactions from model
Set-up Universal...60.0seconds to complete

Loop0 pFBA...6190.0...Ave likelihood of: cpd00117_c is 0.23091055927154086...
Loop1 pFBA...8232.0...Ave likelihood of: cpd00186_c is 0.12807930088551597...
Loop2 pFBA...22923.0...Ave likelihood of: cpd00637_c is 0.18674127512114028...
Loop3 pFBA...7044.0...Ave likelihood of: cpd00550_c is 0.27082877934381805...
Loop4 pFBA...4748.0...Ave likelihood of: cpd00033_c is 0.17925701914239947...
Loop5 pFBA...6028.0...Ave likelihood of: cpd00035_c is 0.2240653400467949...
Loop6 pFBA...19340.0...Ave likelihood of: cpd00051_c is 0.26725013918500845...
Loop7 pFBA...8880.0...Ave likelihood of: cpd00132_c is 0.12868191527413514...
Loop8 pFBA...6002.0...Ave likelihood of: cpd00041_c is 0.05641967007875333...
Loop9 pFBA...14303.0...Ave likelihood of: cpd00084_c is 0.23656831550068272...
Loop10 pFBA...7999.0...Ave likelihood of: cpd00023_c is 0.00012146805188593685...
Loop11 pFBA...10583.0...Ave likelihood of: cpd00053_c is 0.12832471356179384...
Loop12 pFBA...22794.0...Ave likelihood of: cpd00119_c is 0.0900817575949327...
Loop13 pFBA...17963.0...Ave likelihood of: cpd00322_c is 0.24800358002229253...
Loop14 pFBA...14899.0...Ave likelihood of: cpd00107_c is 0.21746123750769594...
Loop15 pFBA...17698.0...Ave likelihood of: cpd00039_c is 0.2991855842629303...
Loop16 pFBA...21923.0...Ave likelihood of: cpd00060_c is 0.18893823129903603...
Loop17 pFBA...21370.0...Ave likelihood of: cpd00066_c is 0.19943865652097634...
Loop18 pFBA...12000.0...Ave likelihood of: cpd00129_c is 0.0...
Loop19 pFBA...6044.0...Ave likelihood of: cpd00054_c is 0.2763558972896102...
Loop20 pFBA...8330.0...Ave likelihood of: cpd00161_c is 0.28408317398356514...
Loop21 pFBA...30010.0...Ave likelihood of: cpd00065_c is 0.11782937578327733...
Loop22 pFBA...19191.0...Ave likelihood of: cpd00069_c is 0.22419488507208496...
Loop23 pFBA...8765.0...Ave likelihood of: cpd00156_c is 0.16425826989604825...
Loop24 pFBA...24938.0...Ave likelihood of: cpd00098_c is 0.16656886388030065...
Loop25 pFBA...16127.0...Ave likelihood of: cpd00274_c is 0.2356035915781704...
Loop26 pFBA...7077.0...Ave likelihood of: cpd00226_c is 0.2774787031311975...
Loop27 pFBA...5056.0...Ave likelihood of: cpd00246_c is 0.3023088124603546...
Loop28 pFBA...21198.0...Ave likelihood of: cpd00374_c is 0.17902113081220059...
Loop29 pFBA...4313.0...Ave likelihood of: cpd00221_c is 0.2985851917339315...
Loop30 pFBA...4189.0...Ave likelihood of: cpd00159_c is 0.3342814680996793...
Loop31 pFBA...10479.0...Ave likelihood of: cpd00211_c is 0.29089976190735667...
Loop32 pFBA...4066.0...Ave likelihood of: cpd00047_c is 0.33973665461653046...
Loop33 pFBA...5282.0...Ave likelihood of: cpd00106_c is 0.08809489544025098...
Loop34 pFBA...7918.0...Ave likelihood of: cpd00141_c is 0.37704272626452084...
Loop35 pFBA...20406.0...Ave likelihood of: cpd00216_c is 0.20162842542599574...
Loop36 pFBA...5064.0...Ave likelihood of: cpd00036_c is 0.04858760847366136...
Loop37 pFBA...22794.0...Ave likelihood of: cpd00581_c is 0.09683182995388394...
Loop38 pFBA...4994.0...Ave likelihood of: cpd00128_c is 0.0911178639517841...
Loop39 pFBA...6200.0...Ave likelihood of: cpd00018_c is 0.11622065348741639...
Loop40 pFBA...5545.0...Ave likelihood of: cpd00091_c is 0.1432651479398167...
Loop41 pFBA...4057.0...Ave likelihood of: cpd00092_c is 0.24682979637772817...
Loop42 pFBA...63338.0...Ave likelihood of: cpd00305_c is 0.16570423656429095...
Loop43 pFBA...12634.0...Ave likelihood of: cpd00220_c is 0.18310389865368168...
Loop44 pFBA...14711.0...Ave likelihood of: cpd00218_c is 0.1387108397516975...
Loop45 pFBA...14622.0...Ave likelihood of: cpd00215_c is 0.21651628338782306...
Loop46 pFBA...29107.0...Ave likelihood of: cpd00104_c is 0.14606439906772217...
Loop47 pFBA...36594.0...Ave likelihood of: cpd00393_c is 0.17690014331415393...
Loop48 pFBA...6366.0...Ave likelihood of: cpd00363_c is 0.4097587863502116...
Loop49 pFBA...9999.0...Ave likelihood of: cpd00281_c is 8.676289420424061e-05...
Loop50 pFBA...4212.0...Ave likelihood of: cpd00025_c is 0.27841991657876136...
Loop51 pFBA...20986.0...Ave likelihood of: cpd00811_c is 0.2121434365736699...
Loop52 pFBA...6190.0...Ave likelihood of: cpd00117_c is 0.23091055927154086...
Loop53 pFBA...8232.0...Ave likelihood of: cpd00186_c is 0.12807930088551597...
Loop54 pFBA...22984.0...Ave likelihood of: cpd00637_c is 0.16168937982584253...
Loop55 pFBA...7171.0...Ave likelihood of: cpd00550_c is 0.20000811622397002...
Loop56 pFBA...4748.0...Ave likelihood of: cpd00033_c is 0.1792570191423995...
Loop57 pFBA...6028.0...Ave likelihood of: cpd00035_c is 0.2240653400467949...
Loop58 pFBA...19614.0...Ave likelihood of: cpd00051_c is 0.19000728728311736...
Loop59 pFBA...8880.0...Ave likelihood of: cpd00132_c is 0.12868191527413514...
Loop60 pFBA...6002.0...Ave likelihood of: cpd00041_c is 0.05641967007875333...
Loop61 pFBA...14405.0...Ave likelihood of: cpd00084_c is 0.20316563968284987...
Loop62 pFBA...7999.0...Ave likelihood of: cpd00023_c is 0.00012146805188593685...
Loop63 pFBA...10583.0...Ave likelihood of: cpd00053_c is 0.12832471356179384...
Loop64 pFBA...22794.0...Ave likelihood of: cpd00119_c is 0.0921290702675448...
Loop65 pFBA...18028.0...Ave likelihood of: cpd00322_c is 0.1840649818289709...
Loop66 pFBA...14899.0...Ave likelihood of: cpd00107_c is 0.21746123750769594...
Loop67 pFBA...17809.0...Ave likelihood of: cpd00039_c is 0.3103948062627372...
Loop68 pFBA...21984.0...Ave likelihood of: cpd00060_c is 0.16359160782379364...
Loop69 pFBA...21737.0...Ave likelihood of: cpd00066_c is 0.1906053607805782...
Loop70 pFBA...12000.0...Ave likelihood of: cpd00129_c is 0.0...
Loop71 pFBA...6171.0...Ave likelihood of: cpd00054_c is 0.2066750534314357...
Loop72 pFBA...8471.0...Ave likelihood of: cpd00161_c is 0.239658219609301...
Loop73 pFBA...30011.0...Ave likelihood of: cpd00065_c is 0.1025508728182176...
Loop74 pFBA...19513.0...Ave likelihood of: cpd00069_c is 0.1903228722632784...
Loop75 pFBA...8765.0...Ave likelihood of: cpd00156_c is 0.16425826989604825...
Loop76 pFBA...25280.0...Ave likelihood of: cpd00098_c is 0.11328123405097981...
Loop77 pFBA...16387.0...Ave likelihood of: cpd00274_c is 0.23411551696974953...
Loop78 pFBA...7077.0...Ave likelihood of: cpd00226_c is 0.2774787031311975...
Loop79 pFBA...5147.0...Ave likelihood of: cpd00246_c is 0.18001191335938366...
Loop80 pFBA...21813.0...Ave likelihood of: cpd00374_c is 0.18743919238050144...
Loop81 pFBA...4752.0...Ave likelihood of: cpd00221_c is 0.30605954206845215...
Loop82 pFBA...4515.0...Ave likelihood of: cpd00159_c is 0.28067590689291466...
Loop83 pFBA...10602.0...Ave likelihood of: cpd00211_c is 0.1578273478028245...
Loop84 pFBA...4246.0...Ave likelihood of: cpd00047_c is 0.38089796118607266...
Loop85 pFBA...5282.0...Ave likelihood of: cpd00106_c is 0.08809489544025098...
Loop86 pFBA...8193.0...Ave likelihood of: cpd00141_c is 0.1512151275196675...
Loop87 pFBA...20406.0...Ave likelihood of: cpd00216_c is 0.20162842542599577...
Loop88 pFBA...5064.0...Ave likelihood of: cpd00036_c is 0.04858760847366136...
Loop89 pFBA...22794.0...Ave likelihood of: cpd00581_c is 0.09684267531565947...
Loop90 pFBA...4994.0...Ave likelihood of: cpd00128_c is 0.0911178639517841...
Loop91 pFBA...6200.0...Ave likelihood of: cpd00018_c is 0.11622065348741639...
Loop92 pFBA...5545.0...Ave likelihood of: cpd00091_c is 0.1432651479398167...
Loop93 pFBA...4057.0...Ave likelihood of: cpd00092_c is 0.24682979637772817...
Loop94 pFBA...63493.0...Ave likelihood of: cpd00305_c is 0.1612065796908188...
Loop95 pFBA...12634.0...Ave likelihood of: cpd00220_c is 0.18310389865368168...
Loop96 pFBA...14711.0...Ave likelihood of: cpd00218_c is 0.1387108397516975...
Loop97 pFBA...15204.0...Ave likelihood of: cpd00215_c is 0.20012532802720445...
Loop98 pFBA...29204.0...Ave likelihood of: cpd00104_c is 0.13117163801454024...
Loop99 pFBA...36594.0...Ave likelihood of: cpd00393_c is 0.17690014331415393...
Loop100 pFBA...7188.0...Ave likelihood of: cpd00363_c is 0.3588866112635652...
Loop101 pFBA...9999.0...Ave likelihood of: cpd00281_c is 8.676289420424061e-05...
Loop102 pFBA...4363.0...Ave likelihood of: cpd00025_c is 0.33116325109795713...
Loop103 pFBA...21950.0...Ave likelihood of: cpd00811_c is 0.15086324230524129...
Loop104 pFBA...6190.0...Ave likelihood of: cpd00117_c is 0.23091055927154086...
Loop105 pFBA...8232.0...Ave likelihood of: cpd00186_c is 0.12807930088551597...
Loop106 pFBA...22883.0...Ave likelihood of: cpd00637_c is 0.17771405310959693...
Loop107 pFBA...7097.0...Ave likelihood of: cpd00550_c is 0.27313658529579743...
Loop108 pFBA...4748.0...Ave likelihood of: cpd00033_c is 0.1792570191423995...
Loop109 pFBA...6028.0...Ave likelihood of: cpd00035_c is 0.2240653400467949...
Loop110 pFBA...19294.0...Ave likelihood of: cpd00051_c is 0.24575364127243887...
Loop111 pFBA...8880.0...Ave likelihood of: cpd00132_c is 0.12868191527413514...
Loop112 pFBA...6002.0...Ave likelihood of: cpd00041_c is 0.05641967007875333...
Loop113 pFBA...14405.0...Ave likelihood of: cpd00084_c is 0.20316563968284987...
Loop114 pFBA...7999.0...Ave likelihood of: cpd00023_c is 0.00012146805188593685...
Loop115 pFBA...10583.0...Ave likelihood of: cpd00053_c is 0.12832471356179384...
Loop116 pFBA...22794.0...Ave likelihood of: cpd00119_c is 0.0900817575949327...
Loop117 pFBA...17923.0...Ave likelihood of: cpd00322_c is 0.2512296841086152...
Loop118 pFBA...14899.0...Ave likelihood of: cpd00107_c is 0.21746123750769594...
Loop119 pFBA...17715.0...Ave likelihood of: cpd00039_c is 0.2781418621714342...
Loop120 pFBA...21883.0...Ave likelihood of: cpd00060_c is 0.17968865369970355...
Loop121 pFBA...21196.0...Ave likelihood of: cpd00066_c is 0.207634037958249...
Loop122 pFBA...12000.0...Ave likelihood of: cpd00129_c is 0.0...
Loop123 pFBA...6097.0...Ave likelihood of: cpd00054_c is 0.27882693082279325...
Loop124 pFBA...8290.0...Ave likelihood of: cpd00161_c is 0.311309414396199...
Loop125 pFBA...30000.0...Ave likelihood of: cpd00065_c is 0.13453170342943424...
Loop126 pFBA...19096.0...Ave likelihood of: cpd00069_c is 0.20185755296212704...
Loop127 pFBA...8765.0...Ave likelihood of: cpd00156_c is 0.16425826989604825...
Loop128 pFBA...24819.0...Ave likelihood of: cpd00098_c is 0.16611158856343403...
Loop129 pFBA...16268.0...Ave likelihood of: cpd00274_c is 0.3161983203529527...
Loop130 pFBA...7077.0...Ave likelihood of: cpd00226_c is 0.2774787031311975...
Loop131 pFBA...5056.0...Ave likelihood of: cpd00246_c is 0.35596778122035916...
Loop132 pFBA...21018.0...Ave likelihood of: cpd00374_c is 0.1834100322356544...
Loop133 pFBA...4537.0...Ave likelihood of: cpd00221_c is 0.3185401501203725...
Loop134 pFBA...4397.0...Ave likelihood of: cpd00159_c is 0.3122071505993403...
Loop135 pFBA...10457.0...Ave likelihood of: cpd00211_c is 0.29587025960570074...
Loop136 pFBA...4150.0...Ave likelihood of: cpd00047_c is 0.34885918791201076...
Loop137 pFBA...5282.0...Ave likelihood of: cpd00106_c is 0.08809489544025098...
Loop138 pFBA...8095.0...Ave likelihood of: cpd00141_c is 0.2387207671439524...
Loop139 pFBA...20382.0...Ave likelihood of: cpd00216_c is 0.19886312303846118...
Loop140 pFBA...5060.0...Ave likelihood of: cpd00036_c is 0.24932889962809943...
Loop141 pFBA...22794.0...Ave likelihood of: cpd00581_c is 0.09683182995388395...
Loop142 pFBA...4994.0...Ave likelihood of: cpd00128_c is 0.0911178639517841...
Loop143 pFBA...6200.0...Ave likelihood of: cpd00018_c is 0.11622065348741639...
Loop144 pFBA...5545.0...Ave likelihood of: cpd00091_c is 0.1432651479398167...
Loop145 pFBA...4057.0...Ave likelihood of: cpd00092_c is 0.24682979637772817...
Loop146 pFBA...63313.0...Ave likelihood of: cpd00305_c is 0.16545671038498475...
Loop147 pFBA...12634.0...Ave likelihood of: cpd00220_c is 0.17755529566417616...
Loop148 pFBA...14711.0...Ave likelihood of: cpd00218_c is 0.1387108397516975...
Loop149 pFBA...14505.0...Ave likelihood of: cpd00215_c is 0.21856399875133475...
Loop150 pFBA...29027.0...Ave likelihood of: cpd00104_c is 0.14224722577081886...
Loop151 pFBA...36594.0...Ave likelihood of: cpd00393_c is 0.17690014331415393...
Loop152 pFBA...6440.0...Ave likelihood of: cpd00363_c is 0.38650838328382076...
Loop153 pFBA...9999.0...Ave likelihood of: cpd00281_c is 8.676289420424061e-05...
Loop154 pFBA...4175.0...Ave likelihood of: cpd00025_c is 0.28596136136245576...
Loop155 pFBA...20833.0...Ave likelihood of: cpd00811_c is 0.20904682831669616...
31.6155330976mins to complete!
