
The following have been reloaded with a version change:
  1) anaconda2/4.4.0 => anaconda2/5.1.0

Loading in models...Adding Water...Remove no-like rxns...Pruned 1 metabolites from model
Pruned 1 reactions from model
Set-up Universal...60.0seconds to complete

Loop0 pFBA...6248.0...Ave likelihood of: cpd00117_c is 0.134446150548363...
Loop1 pFBA...8223.0...Ave likelihood of: cpd00186_c is 0.19757925945072946...
Loop2 pFBA...22280.0...Ave likelihood of: cpd00637_c is 0.18738672259325342...
Loop3 pFBA...7274.0...Ave likelihood of: cpd00550_c is 0.20921582961240606...
Loop4 pFBA...4687.0...Ave likelihood of: cpd00033_c is 0.23571935505172395...
Loop5 pFBA...6140.0...Ave likelihood of: cpd00035_c is 0.134446150548363...
Loop6 pFBA...19172.0...Ave likelihood of: cpd00051_c is 0.2564088195292379...
Loop7 pFBA...8707.0...Ave likelihood of: cpd00132_c is 0.20556629553816075...
Loop8 pFBA...5828.0...Ave likelihood of: cpd00041_c is 0.1371246601861164...
Loop9 pFBA...14124.0...Ave likelihood of: cpd00084_c is 0.24623157044703214...
Loop10 pFBA...7986.0...Ave likelihood of: cpd00023_c is 0.15518786130200285...
Loop11 pFBA...10502.0...Ave likelihood of: cpd00053_c is 0.18448021485355606...
Loop12 pFBA...21951.0...Ave likelihood of: cpd00119_c is 0.19383904419909181...
Loop13 pFBA...17405.0...Ave likelihood of: cpd00322_c is 0.14859807898413402...
Loop14 pFBA...14424.0...Ave likelihood of: cpd00107_c is 0.16531794616551726...
Loop15 pFBA...20978.0...Ave likelihood of: cpd00039_c is 0.24431089234757153...
Loop16 pFBA...21280.0...Ave likelihood of: cpd00060_c is 0.1893592144100245...
Loop17 pFBA...21260.0...Ave likelihood of: cpd00066_c is 0.23130252089726808...
Loop18 pFBA...11211.0...Ave likelihood of: cpd00129_c is 0.07888272106526148...
Loop19 pFBA...6274.0...Ave likelihood of: cpd00054_c is 0.2127027601059462...
Loop20 pFBA...8544.0...Ave likelihood of: cpd00161_c is 0.33798211054202826...
Loop21 pFBA...28686.0...Ave likelihood of: cpd00065_c is 0.19203463184180988...
Loop22 pFBA...19030.0...Ave likelihood of: cpd00069_c is 0.22074960425968357...
Loop23 pFBA...8404.0...Ave likelihood of: cpd00156_c is 0.18954020282027031...
Loop24 pFBA...24893.0...Ave likelihood of: cpd00098_c is 0.16919311377912674...
Loop25 pFBA...15744.0...Ave likelihood of: cpd00274_c is 0.23701619665718412...
Loop26 pFBA...6533.0...Ave likelihood of: cpd00226_c is 0.32954495446708376...
Loop27 pFBA...5054.0...Ave likelihood of: cpd00246_c is 0.28273506207837423...
Loop28 pFBA...21003.0...Ave likelihood of: cpd00374_c is 0.23814837542052245...
Loop29 pFBA...4599.0...Ave likelihood of: cpd00221_c is 0.4163135601423891...
Loop30 pFBA...4389.0...Ave likelihood of: cpd00159_c is 0.41639198056444043...
Loop31 pFBA...10344.0...Ave likelihood of: cpd00211_c is 0.23493249297977786...
Loop32 pFBA...3701.0...Ave likelihood of: cpd00047_c is 0.32906818374696345...
Loop33 pFBA...5185.0...Ave likelihood of: cpd00106_c is 0.17555599327975524...
Loop34 pFBA...8006.0...Ave likelihood of: cpd00141_c is 0.42385514764133464...
Loop35 pFBA...20741.0...Ave likelihood of: cpd00216_c is 0.22088037124512608...
Loop36 pFBA...4953.0...Ave likelihood of: cpd00036_c is 0.073756420560956...
Loop37 pFBA...21951.0...Ave likelihood of: cpd00581_c is 0.1867903516827612...
Loop38 pFBA...4460.0...Ave likelihood of: cpd00128_c is 0.20771501651495022...
Loop39 pFBA...6081.0...Ave likelihood of: cpd00018_c is 0.3286796362053196...
Loop40 pFBA...5318.0...Ave likelihood of: cpd00091_c is 0.30980386103579677...
Loop41 pFBA...3988.0...Ave likelihood of: cpd00092_c is 0.31836094407963533...
Loop42 pFBA...62714.0...Ave likelihood of: cpd00305_c is 0.18157113096521532...
Loop43 pFBA...13794.0...Ave likelihood of: cpd00220_c is 0.14500441767867198...
Loop44 pFBA...14469.0...Ave likelihood of: cpd00218_c is 0.1747794414874671...
Loop45 pFBA...14127.0...Ave likelihood of: cpd00215_c is 0.33233453018562237...
Loop46 pFBA...28337.0...Ave likelihood of: cpd00104_c is 0.15004161967829754...
Loop47 pFBA...37107.0...Ave likelihood of: cpd00393_c is 0.2240922865836066...
Loop48 pFBA...6254.0...Ave likelihood of: cpd00363_c is 0.4995001133060075...
Loop49 pFBA...9999.0...Ave likelihood of: cpd00281_c is 0.00012847304916442287...
Loop50 pFBA...4177.0...Ave likelihood of: cpd00025_c is 0.16444984707129723...
Loop51 pFBA...20971.0...Ave likelihood of: cpd00811_c is 0.17059263760767257...
Loop52 pFBA...6248.0...Ave likelihood of: cpd00117_c is 0.134446150548363...
Loop53 pFBA...8223.0...Ave likelihood of: cpd00186_c is 0.1871803510585858...
Loop54 pFBA...22283.0...Ave likelihood of: cpd00637_c is 0.18935693630536443...
Loop55 pFBA...7344.0...Ave likelihood of: cpd00550_c is 0.2594135916931411...
Loop56 pFBA...4687.0...Ave likelihood of: cpd00033_c is 0.23571935505172395...
Loop57 pFBA...6140.0...Ave likelihood of: cpd00035_c is 0.134446150548363...
Loop58 pFBA...19353.0...Ave likelihood of: cpd00051_c is 0.2469029791425106...
Loop59 pFBA...8707.0...Ave likelihood of: cpd00132_c is 0.20556629553816075...
Loop60 pFBA...5828.0...Ave likelihood of: cpd00041_c is 0.1371246601861164...
Loop61 pFBA...14124.0...Ave likelihood of: cpd00084_c is 0.24623157044703214...
Loop62 pFBA...7986.0...Ave likelihood of: cpd00023_c is 0.15518786130200285...
Loop63 pFBA...10502.0...Ave likelihood of: cpd00053_c is 0.18448021485355606...
Loop64 pFBA...21951.0...Ave likelihood of: cpd00119_c is 0.19024943226947902...
Loop65 pFBA...17405.0...Ave likelihood of: cpd00322_c is 0.14859807898413402...
Loop66 pFBA...14424.0...Ave likelihood of: cpd00107_c is 0.16966841843303088...
Loop67 pFBA...21116.0...Ave likelihood of: cpd00039_c is 0.2450877228670199...
Loop68 pFBA...21283.0...Ave likelihood of: cpd00060_c is 0.19146090226431292...
Loop69 pFBA...21825.0...Ave likelihood of: cpd00066_c is 0.23826464214386908...
Loop70 pFBA...11211.0...Ave likelihood of: cpd00129_c is 0.07888272106526148...
Loop71 pFBA...6344.0...Ave likelihood of: cpd00054_c is 0.25399087240327695...
Loop72 pFBA...8730.0...Ave likelihood of: cpd00161_c is 0.19702808079046058...
Loop73 pFBA...28693.0...Ave likelihood of: cpd00065_c is 0.18338576260539338...
Loop74 pFBA...19446.0...Ave likelihood of: cpd00069_c is 0.24868210603580299...
Loop75 pFBA...8404.0...Ave likelihood of: cpd00156_c is 0.18954020282027031...
Loop76 pFBA...25181.0...Ave likelihood of: cpd00098_c is 0.1470390072128983...
Loop77 pFBA...15811.0...Ave likelihood of: cpd00274_c is 0.15092971333786023...
Loop78 pFBA...6533.0...Ave likelihood of: cpd00226_c is 0.32954495446708376...
Loop79 pFBA...5136.0...Ave likelihood of: cpd00246_c is 0.20012752064595649...
Loop80 pFBA...21697.0...Ave likelihood of: cpd00374_c is 0.26152354473853495...
Loop81 pFBA...4970.0...Ave likelihood of: cpd00221_c is 0.2144960952474063...
Loop82 pFBA...4678.0...Ave likelihood of: cpd00159_c is 0.29240621309245174...
Loop83 pFBA...10419.0...Ave likelihood of: cpd00211_c is 0.12816174985882603...
Loop84 pFBA...3729.0...Ave likelihood of: cpd00047_c is 0.2679844510754825...
Loop85 pFBA...5185.0...Ave likelihood of: cpd00106_c is 0.1755559932797552...
Loop86 pFBA...8141.0...Ave likelihood of: cpd00141_c is 0.21459163838489692...
Loop87 pFBA...20988.0...Ave likelihood of: cpd00216_c is 0.22102848354523433...
Loop88 pFBA...4953.0...Ave likelihood of: cpd00036_c is 0.073756420560956...
Loop89 pFBA...21951.0...Ave likelihood of: cpd00581_c is 0.1867903516827612...
Loop90 pFBA...4460.0...Ave likelihood of: cpd00128_c is 0.20771501651495022...
Loop91 pFBA...6081.0...Ave likelihood of: cpd00018_c is 0.35606960588909614...
Loop92 pFBA...5318.0...Ave likelihood of: cpd00091_c is 0.29981018809915816...
Loop93 pFBA...3988.0...Ave likelihood of: cpd00092_c is 0.31836094407963533...
Loop94 pFBA...62838.0...Ave likelihood of: cpd00305_c is 0.18690874348987893...
Loop95 pFBA...13794.0...Ave likelihood of: cpd00220_c is 0.14983789826796104...
Loop96 pFBA...14535.0...Ave likelihood of: cpd00218_c is 0.15356732399179707...
Loop97 pFBA...14447.0...Ave likelihood of: cpd00215_c is 0.3174078119471956...
Loop98 pFBA...28337.0...Ave likelihood of: cpd00104_c is 0.15004161967829754...
Loop99 pFBA...37107.0...Ave likelihood of: cpd00393_c is 0.2240922865836066...
Loop100 pFBA...7150.0...Ave likelihood of: cpd00363_c is 0.4140174047585267...
Loop101 pFBA...9999.0...Ave likelihood of: cpd00281_c is 0.00012847304916442287...
Loop102 pFBA...4300.0...Ave likelihood of: cpd00025_c is 0.27919486813255023...
Loop103 pFBA...21529.0...Ave likelihood of: cpd00811_c is 0.1856502780085862...
Loop104 pFBA...6248.0...Ave likelihood of: cpd00117_c is 0.134446150548363...
Loop105 pFBA...8223.0...Ave likelihood of: cpd00186_c is 0.19757925945072946...
Loop106 pFBA...22276.0...Ave likelihood of: cpd00637_c is 0.18806723775790024...
Loop107 pFBA...7295.0...Ave likelihood of: cpd00550_c is 0.21848991593103992...
Loop108 pFBA...4687.0...Ave likelihood of: cpd00033_c is 0.23727745424517982...
Loop109 pFBA...6140.0...Ave likelihood of: cpd00035_c is 0.134446150548363...
Loop110 pFBA...19079.0...Ave likelihood of: cpd00051_c is 0.24622152277186504...
Loop111 pFBA...8707.0...Ave likelihood of: cpd00132_c is 0.20556629553816075...
Loop112 pFBA...5828.0...Ave likelihood of: cpd00041_c is 0.1371246601861164...
Loop113 pFBA...14124.0...Ave likelihood of: cpd00084_c is 0.24623157044703214...
Loop114 pFBA...7986.0...Ave likelihood of: cpd00023_c is 0.15518786130200285...
Loop115 pFBA...10502.0...Ave likelihood of: cpd00053_c is 0.18448021485355606...
Loop116 pFBA...21951.0...Ave likelihood of: cpd00119_c is 0.19024943226947902...
Loop117 pFBA...17405.0...Ave likelihood of: cpd00322_c is 0.14859807898413402...
Loop118 pFBA...14424.0...Ave likelihood of: cpd00107_c is 0.16966841843303088...
Loop119 pFBA...20992.0...Ave likelihood of: cpd00039_c is 0.2182997174550384...
Loop120 pFBA...21276.0...Ave likelihood of: cpd00060_c is 0.19004689289219392...
Loop121 pFBA...21027.0...Ave likelihood of: cpd00066_c is 0.2270095610175521...
Loop122 pFBA...11211.0...Ave likelihood of: cpd00129_c is 0.07888272106526148...
Loop123 pFBA...6295.0...Ave likelihood of: cpd00054_c is 0.2219038208674624...
Loop124 pFBA...8574.0...Ave likelihood of: cpd00161_c is 0.2736963503315729...
Loop125 pFBA...28678.0...Ave likelihood of: cpd00065_c is 0.18993294760049678...
Loop126 pFBA...18883.0...Ave likelihood of: cpd00069_c is 0.2073998430945899...
Loop127 pFBA...8404.0...Ave likelihood of: cpd00156_c is 0.18954020282027031...
Loop128 pFBA...24759.0...Ave likelihood of: cpd00098_c is 0.17306595698127328...
Loop129 pFBA...15806.0...Ave likelihood of: cpd00274_c is 0.2514416927236983...
Loop130 pFBA...6533.0...Ave likelihood of: cpd00226_c is 0.32954495446708376...
Loop131 pFBA...5088.0...Ave likelihood of: cpd00246_c is 0.23219044346576778...
Loop132 pFBA...20772.0...Ave likelihood of: cpd00374_c is 0.20648436445907659...
Loop133 pFBA...4593.0...Ave likelihood of: cpd00221_c is 0.25205181812996025...
Loop134 pFBA...4462.0...Ave likelihood of: cpd00159_c is 0.2575298225234842...
Loop135 pFBA...10341.0...Ave likelihood of: cpd00211_c is 0.23645178264968705...
Loop136 pFBA...3729.0...Ave likelihood of: cpd00047_c is 0.27485584725690515...
Loop137 pFBA...5185.0...Ave likelihood of: cpd00106_c is 0.17555599327975524...
Loop138 pFBA...7993.0...Ave likelihood of: cpd00141_c is 0.29195617617324865...
Loop139 pFBA...20546.0...Ave likelihood of: cpd00216_c is 0.2230562207301895...
Loop140 pFBA...4953.0...Ave likelihood of: cpd00036_c is 0.073756420560956...
Loop141 pFBA...21951.0...Ave likelihood of: cpd00581_c is 0.1867903516827612...
Loop142 pFBA...4460.0...Ave likelihood of: cpd00128_c is 0.20771501651495022...
Loop143 pFBA...6081.0...Ave likelihood of: cpd00018_c is 0.35606960588909614...
Loop144 pFBA...5318.0...Ave likelihood of: cpd00091_c is 0.29981018809915816...
Loop145 pFBA...3988.0...Ave likelihood of: cpd00092_c is 0.31836094407963533...
Loop146 pFBA...62637.0...Ave likelihood of: cpd00305_c is 0.1962457106512622...
Loop147 pFBA...13794.0...Ave likelihood of: cpd00220_c is 0.14500441767867198...
Loop148 pFBA...14398.0...Ave likelihood of: cpd00218_c is 0.20376492142674885...
Loop149 pFBA...13944.0...Ave likelihood of: cpd00215_c is 0.33125720184078394...
Loop150 pFBA...28337.0...Ave likelihood of: cpd00104_c is 0.15004161967829754...
Loop151 pFBA...37107.0...Ave likelihood of: cpd00393_c is 0.2240922865836066...
Loop152 pFBA...6360.0...Ave likelihood of: cpd00363_c is 0.4219695887821323...
Loop153 pFBA...9999.0...Ave likelihood of: cpd00281_c is 0.00012847304916442287...
Loop154 pFBA...4170.0...Ave likelihood of: cpd00025_c is 0.2590458678246036...
Loop155 pFBA...20869.0...Ave likelihood of: cpd00811_c is 0.19640804790011526...
31.8106910825mins to complete!
