
The following have been reloaded with a version change:
  1) anaconda2/4.4.0 => anaconda2/5.1.0

Loading in models...Adding Water...Remove no-like rxns...Pruned 1 metabolites from model
Pruned 1 reactions from model
Set-up Universal...60.0seconds to complete

Loop0 pFBA...5364.0...Ave likelihood of: cpd00117_c is 0.3947524930816768...
Loop1 pFBA...7599.0...Ave likelihood of: cpd00186_c is 0.23346390625948032...
Loop2 pFBA...22416.0...Ave likelihood of: cpd00637_c is 0.17735391209592455...
Loop3 pFBA...6384.0...Ave likelihood of: cpd00550_c is 0.2956024712515273...
Loop4 pFBA...4200.0...Ave likelihood of: cpd00033_c is 0.22614703994757843...
Loop5 pFBA...5237.0...Ave likelihood of: cpd00035_c is 0.3947524930816768...
Loop6 pFBA...18171.0...Ave likelihood of: cpd00051_c is 0.30313525420023996...
Loop7 pFBA...7953.0...Ave likelihood of: cpd00132_c is 0.19165034115549132...
Loop8 pFBA...5455.0...Ave likelihood of: cpd00041_c is 0.1747084975245925...
Loop9 pFBA...13559.0...Ave likelihood of: cpd00084_c is 0.2517037440035145...
Loop10 pFBA...7344.0...Ave likelihood of: cpd00023_c is 0.1311645161566382...
Loop11 pFBA...9677.0...Ave likelihood of: cpd00053_c is 0.16541600398744002...
Loop12 pFBA...21730.0...Ave likelihood of: cpd00119_c is 0.1580370598461489...
Loop13 pFBA...17446.0...Ave likelihood of: cpd00322_c is 0.12575747350188426...
Loop14 pFBA...14905.0...Ave likelihood of: cpd00107_c is 0.19241322340082986...
Loop15 pFBA...20517.0...Ave likelihood of: cpd00039_c is 0.17350706281816916...
Loop16 pFBA...21416.0...Ave likelihood of: cpd00060_c is 0.18295456195158527...
Loop17 pFBA...20678.0...Ave likelihood of: cpd00066_c is 0.2498745869439549...
Loop18 pFBA...10609.0...Ave likelihood of: cpd00129_c is 0.13910402463688085...
Loop19 pFBA...5384.0...Ave likelihood of: cpd00054_c is 0.30356765867137414...
Loop20 pFBA...7856.0...Ave likelihood of: cpd00161_c is 0.3281617961791786...
Loop21 pFBA...28549.0...Ave likelihood of: cpd00065_c is 0.17844148590776893...
Loop22 pFBA...18541.0...Ave likelihood of: cpd00069_c is 0.2540236928035552...
Loop23 pFBA...8728.0...Ave likelihood of: cpd00156_c is 0.21644533941585684...
Loop24 pFBA...23953.0...Ave likelihood of: cpd00098_c is 0.22441764794603933...
Loop25 pFBA...14853.0...Ave likelihood of: cpd00274_c is 0.3510618452155475...
Loop26 pFBA...6120.0...Ave likelihood of: cpd00226_c is 0.38091635704250004...
Loop27 pFBA...4579.0...Ave likelihood of: cpd00246_c is 0.3852619493189549...
Loop28 pFBA...20385.0...Ave likelihood of: cpd00374_c is 0.2372898308997031...
Loop29 pFBA...4152.0...Ave likelihood of: cpd00221_c is 0.33856639316647485...
Loop30 pFBA...3972.0...Ave likelihood of: cpd00159_c is 0.41664259242256274...
Loop31 pFBA...10132.0...Ave likelihood of: cpd00211_c is 0.24816070686376035...
Loop32 pFBA...3956.0...Ave likelihood of: cpd00047_c is 0.31266555937994367...
Loop33 pFBA...5238.0...Ave likelihood of: cpd00106_c is 0.16410076648239819...
Loop34 pFBA...7652.0...Ave likelihood of: cpd00141_c is 0.33345053318797924...
Loop35 pFBA...19631.0...Ave likelihood of: cpd00216_c is 0.280300638510272...
Loop36 pFBA...5009.0...Ave likelihood of: cpd00036_c is 0.08035937228873018...
Loop37 pFBA...22366.0...Ave likelihood of: cpd00581_c is 0.13857817340325693...
Loop38 pFBA...4436.0...Ave likelihood of: cpd00128_c is 0.22628454786425714...
Loop39 pFBA...6000.0...Ave likelihood of: cpd00018_c is 0.3156556571197433...
Loop40 pFBA...5186.0...Ave likelihood of: cpd00091_c is 0.409279359912566...
Loop41 pFBA...3563.0...Ave likelihood of: cpd00092_c is 0.3764007571397729...
Loop42 pFBA...62582.0...Ave likelihood of: cpd00305_c is 0.17274401620156918...
Loop43 pFBA...12628.0...Ave likelihood of: cpd00220_c is 0.22242110817113384...
Loop44 pFBA...14653.0...Ave likelihood of: cpd00218_c is 0.16643776568766158...
Loop45 pFBA...14440.0...Ave likelihood of: cpd00215_c is 0.2724534207192825...
Loop46 pFBA...28428.0...Ave likelihood of: cpd00104_c is 0.18802449233185528...
Loop47 pFBA...36449.0...Ave likelihood of: cpd00393_c is 0.1536206398745928...
Loop48 pFBA...6023.0...Ave likelihood of: cpd00363_c is 0.4188707586176282...
Loop49 pFBA...9189.0...Ave likelihood of: cpd00281_c is 0.1159163814386426...
Loop50 pFBA...4106.0...Ave likelihood of: cpd00025_c is 0.2648826016957155...
Loop51 pFBA...20227.0...Ave likelihood of: cpd00811_c is 0.23208704320711063...
Loop52 pFBA...5364.0...Ave likelihood of: cpd00117_c is 0.3947524930816768...
Loop53 pFBA...7599.0...Ave likelihood of: cpd00186_c is 0.23346390625948032...
Loop54 pFBA...22478.0...Ave likelihood of: cpd00637_c is 0.11981618276720497...
Loop55 pFBA...6425.0...Ave likelihood of: cpd00550_c is 0.38021314690652247...
Loop56 pFBA...4200.0...Ave likelihood of: cpd00033_c is 0.22614703994757843...
Loop57 pFBA...5237.0...Ave likelihood of: cpd00035_c is 0.3947524930816768...
Loop58 pFBA...18601.0...Ave likelihood of: cpd00051_c is 0.30445195016211535...
Loop59 pFBA...7953.0...Ave likelihood of: cpd00132_c is 0.19165034115549132...
Loop60 pFBA...5455.0...Ave likelihood of: cpd00041_c is 0.20850446178825868...
Loop61 pFBA...13756.0...Ave likelihood of: cpd00084_c is 0.25220881769612535...
Loop62 pFBA...7344.0...Ave likelihood of: cpd00023_c is 0.1311645161566382...
Loop63 pFBA...9677.0...Ave likelihood of: cpd00053_c is 0.16541600398744002...
Loop64 pFBA...21730.0...Ave likelihood of: cpd00119_c is 0.16132949859294368...
Loop65 pFBA...17446.0...Ave likelihood of: cpd00322_c is 0.12575747350188426...
Loop66 pFBA...14905.0...Ave likelihood of: cpd00107_c is 0.19241322340082986...
Loop67 pFBA...21047.0...Ave likelihood of: cpd00039_c is 0.247413433190165...
Loop68 pFBA...21478.0...Ave likelihood of: cpd00060_c is 0.12314441006629398...
Loop69 pFBA...21423.0...Ave likelihood of: cpd00066_c is 0.2524848900452206...
Loop70 pFBA...10609.0...Ave likelihood of: cpd00129_c is 0.13910402463688085...
Loop71 pFBA...5425.0...Ave likelihood of: cpd00054_c is 0.405560690033624...
Loop72 pFBA...7971.0...Ave likelihood of: cpd00161_c is 0.24209852817655445...
Loop73 pFBA...28549.0...Ave likelihood of: cpd00065_c is 0.17844148590776893...
Loop74 pFBA...19030.0...Ave likelihood of: cpd00069_c is 0.28023658410154945...
Loop75 pFBA...8728.0...Ave likelihood of: cpd00156_c is 0.21644533941585684...
Loop76 pFBA...24334.0...Ave likelihood of: cpd00098_c is 0.18270327134285475...
Loop77 pFBA...15265.0...Ave likelihood of: cpd00274_c is 0.19424875027038302...
Loop78 pFBA...6120.0...Ave likelihood of: cpd00226_c is 0.38091635704250004...
Loop79 pFBA...4847.0...Ave likelihood of: cpd00246_c is 0.33113485652633445...
Loop80 pFBA...21203.0...Ave likelihood of: cpd00374_c is 0.26527187456285445...
Loop81 pFBA...4296.0...Ave likelihood of: cpd00221_c is 0.2965607944018166...
Loop82 pFBA...4134.0...Ave likelihood of: cpd00159_c is 0.314809505197887...
Loop83 pFBA...10160.0...Ave likelihood of: cpd00211_c is 0.13444357203070725...
Loop84 pFBA...4079.0...Ave likelihood of: cpd00047_c is 0.406397025468884...
Loop85 pFBA...5238.0...Ave likelihood of: cpd00106_c is 0.13893281441609423...
Loop86 pFBA...7794.0...Ave likelihood of: cpd00141_c is 0.1949016126617969...
Loop87 pFBA...20309.0...Ave likelihood of: cpd00216_c is 0.22880540705167896...
Loop88 pFBA...5009.0...Ave likelihood of: cpd00036_c is 0.08035937228873018...
Loop89 pFBA...22366.0...Ave likelihood of: cpd00581_c is 0.1354286694622738...
Loop90 pFBA...4436.0...Ave likelihood of: cpd00128_c is 0.22628454786425714...
Loop91 pFBA...6000.0...Ave likelihood of: cpd00018_c is 0.3156556571197433...
Loop92 pFBA...5186.0...Ave likelihood of: cpd00091_c is 0.409279359912566...
Loop93 pFBA...3563.0...Ave likelihood of: cpd00092_c is 0.3764007571397729...
Loop94 pFBA...62660.0...Ave likelihood of: cpd00305_c is 0.17698964307507928...
Loop95 pFBA...12628.0...Ave likelihood of: cpd00220_c is 0.21157129801644436...
Loop96 pFBA...14807.0...Ave likelihood of: cpd00218_c is 0.17250313012505628...
Loop97 pFBA...14737.0...Ave likelihood of: cpd00215_c is 0.2750871221262734...
Loop98 pFBA...28516.0...Ave likelihood of: cpd00104_c is 0.1620090939688114...
Loop99 pFBA...36455.0...Ave likelihood of: cpd00393_c is 0.16752051489421482...
Loop100 pFBA...6457.0...Ave likelihood of: cpd00363_c is 0.4530773683314391...
Loop101 pFBA...9189.0...Ave likelihood of: cpd00281_c is 0.1159163814386426...
Loop102 pFBA...4240.0...Ave likelihood of: cpd00025_c is 0.3633557677795212...
Loop103 pFBA...21116.0...Ave likelihood of: cpd00811_c is 0.27950788763904993...
Loop104 pFBA...5364.0...Ave likelihood of: cpd00117_c is 0.3947524930816768...
Loop105 pFBA...7599.0...Ave likelihood of: cpd00186_c is 0.23346390625948032...
Loop106 pFBA...22450.0...Ave likelihood of: cpd00637_c is 0.17335255638022382...
Loop107 pFBA...6413.0...Ave likelihood of: cpd00550_c is 0.29490712395734575...
Loop108 pFBA...4200.0...Ave likelihood of: cpd00033_c is 0.22614703994757843...
Loop109 pFBA...5237.0...Ave likelihood of: cpd00035_c is 0.3947524930816768...
Loop110 pFBA...18255.0...Ave likelihood of: cpd00051_c is 0.29892121586618653...
Loop111 pFBA...7953.0...Ave likelihood of: cpd00132_c is 0.19165034115549132...
Loop112 pFBA...5455.0...Ave likelihood of: cpd00041_c is 0.20850446178825868...
Loop113 pFBA...13696.0...Ave likelihood of: cpd00084_c is 0.3139375145512096...
Loop114 pFBA...7344.0...Ave likelihood of: cpd00023_c is 0.1311645161566382...
Loop115 pFBA...9677.0...Ave likelihood of: cpd00053_c is 0.16543583108858584...
Loop116 pFBA...21730.0...Ave likelihood of: cpd00119_c is 0.1580370598461489...
Loop117 pFBA...17446.0...Ave likelihood of: cpd00322_c is 0.12575747350188426...
Loop118 pFBA...14905.0...Ave likelihood of: cpd00107_c is 0.19241322340082986...
Loop119 pFBA...20667.0...Ave likelihood of: cpd00039_c is 0.19091816427139627...
Loop120 pFBA...21450.0...Ave likelihood of: cpd00060_c is 0.1771210902145765...
Loop121 pFBA...20791.0...Ave likelihood of: cpd00066_c is 0.2682691052365221...
Loop122 pFBA...10609.0...Ave likelihood of: cpd00129_c is 0.15456002737431207...
Loop123 pFBA...5413.0...Ave likelihood of: cpd00054_c is 0.3013181483912011...
Loop124 pFBA...7851.0...Ave likelihood of: cpd00161_c is 0.32877032099617953...
Loop125 pFBA...28549.0...Ave likelihood of: cpd00065_c is 0.17844148590776893...
Loop126 pFBA...18586.0...Ave likelihood of: cpd00069_c is 0.25679332379691416...
Loop127 pFBA...8728.0...Ave likelihood of: cpd00156_c is 0.21644533941585684...
Loop128 pFBA...23951.0...Ave likelihood of: cpd00098_c is 0.18171669146050107...
Loop129 pFBA...14999.0...Ave likelihood of: cpd00274_c is 0.3373659723300706...
Loop130 pFBA...6120.0...Ave likelihood of: cpd00226_c is 0.38091635704250004...
Loop131 pFBA...4603.0...Ave likelihood of: cpd00246_c is 0.38826403734479475...
Loop132 pFBA...20498.0...Ave likelihood of: cpd00374_c is 0.27431824427381724...
Loop133 pFBA...4276.0...Ave likelihood of: cpd00221_c is 0.3381622177419243...
Loop134 pFBA...4093.0...Ave likelihood of: cpd00159_c is 0.33365052985754834...
Loop135 pFBA...10130.0...Ave likelihood of: cpd00211_c is 0.24876923168076118...
Loop136 pFBA...4044.0...Ave likelihood of: cpd00047_c is 0.2932174804026321...
Loop137 pFBA...5238.0...Ave likelihood of: cpd00106_c is 0.16410076648239819...
Loop138 pFBA...7769.0...Ave likelihood of: cpd00141_c is 0.2447909171727001...
Loop139 pFBA...19848.0...Ave likelihood of: cpd00216_c is 0.2680285609942175...
Loop140 pFBA...5009.0...Ave likelihood of: cpd00036_c is 0.08035937228873018...
Loop141 pFBA...22366.0...Ave likelihood of: cpd00581_c is 0.13857817340325693...
Loop142 pFBA...4436.0...Ave likelihood of: cpd00128_c is 0.22628454786425714...
Loop143 pFBA...6000.0...Ave likelihood of: cpd00018_c is 0.3156556571197433...
Loop144 pFBA...5186.0...Ave likelihood of: cpd00091_c is 0.409279359912566...
Loop145 pFBA...3563.0...Ave likelihood of: cpd00092_c is 0.3764007571397729...
Loop146 pFBA...62579.0...Ave likelihood of: cpd00305_c is 0.1757975753583095...
Loop147 pFBA...12623.0...Ave likelihood of: cpd00220_c is 0.2723712385209004...
Loop148 pFBA...14739.0...Ave likelihood of: cpd00218_c is 0.1804994195731058...
Loop149 pFBA...14431.0...Ave likelihood of: cpd00215_c is 0.27318068208594204...
Loop150 pFBA...28418.0...Ave likelihood of: cpd00104_c is 0.1883521595410096...
Loop151 pFBA...36448.0...Ave likelihood of: cpd00393_c is 0.1540939369544823...
Loop152 pFBA...6031.0...Ave likelihood of: cpd00363_c is 0.4459509771677062...
Loop153 pFBA...9189.0...Ave likelihood of: cpd00281_c is 0.1159163814386426...
Loop154 pFBA...4141.0...Ave likelihood of: cpd00025_c is 0.3354892819282568...
Loop155 pFBA...20252.0...Ave likelihood of: cpd00811_c is 0.21642121591406738...
31.5594924649mins to complete!
