
The following have been reloaded with a version change:
  1) anaconda2/4.4.0 => anaconda2/5.1.0

Loading in models...Adding Water...Remove no-like rxns...Pruned 1 metabolites from model
Pruned 1 reactions from model
Set-up Universal...60.0seconds to complete

Loop0 pFBA...6190.0...Ave likelihood of: cpd00117_c is 0.2309124621614747...
Loop1 pFBA...8232.0...Ave likelihood of: cpd00186_c is 0.12807930088551597...
Loop2 pFBA...22930.0...Ave likelihood of: cpd00637_c is 0.18537603353901755...
Loop3 pFBA...7061.0...Ave likelihood of: cpd00550_c is 0.22823167629970098...
Loop4 pFBA...4748.0...Ave likelihood of: cpd00033_c is 0.1792611631682364...
Loop5 pFBA...6028.0...Ave likelihood of: cpd00035_c is 0.22406443796942357...
Loop6 pFBA...19406.0...Ave likelihood of: cpd00051_c is 0.2105014522370873...
Loop7 pFBA...8881.0...Ave likelihood of: cpd00132_c is 0.12867578092040194...
Loop8 pFBA...6002.0...Ave likelihood of: cpd00041_c is 0.0564827322572697...
Loop9 pFBA...14285.0...Ave likelihood of: cpd00084_c is 0.24925201525594534...
Loop10 pFBA...7999.0...Ave likelihood of: cpd00023_c is 0.00012146805188593685...
Loop11 pFBA...10583.0...Ave likelihood of: cpd00053_c is 0.12832332666790827...
Loop12 pFBA...22793.0...Ave likelihood of: cpd00119_c is 0.08818534770114786...
Loop13 pFBA...18009.0...Ave likelihood of: cpd00322_c is 0.2269507120974226...
Loop14 pFBA...14899.0...Ave likelihood of: cpd00107_c is 0.21743912559047912...
Loop15 pFBA...17716.0...Ave likelihood of: cpd00039_c is 0.29771017558105745...
Loop16 pFBA...21930.0...Ave likelihood of: cpd00060_c is 0.18755692805124127...
Loop17 pFBA...21425.0...Ave likelihood of: cpd00066_c is 0.17719082981154594...
Loop18 pFBA...12000.0...Ave likelihood of: cpd00129_c is 4.077471417593255e-05...
Loop19 pFBA...6061.0...Ave likelihood of: cpd00054_c is 0.23341875985196692...
Loop20 pFBA...8331.0...Ave likelihood of: cpd00161_c is 0.2837528827960601...
Loop21 pFBA...30010.0...Ave likelihood of: cpd00065_c is 0.11784527512520947...
Loop22 pFBA...19253.0...Ave likelihood of: cpd00069_c is 0.1863705162743121...
Loop23 pFBA...8765.0...Ave likelihood of: cpd00156_c is 0.1642574856870337...
Loop24 pFBA...24948.0...Ave likelihood of: cpd00098_c is 0.16038126820109924...
Loop25 pFBA...16158.0...Ave likelihood of: cpd00274_c is 0.23267119006705206...
Loop26 pFBA...7078.0...Ave likelihood of: cpd00226_c is 0.27742779254718947...
Loop27 pFBA...5056.0...Ave likelihood of: cpd00246_c is 0.2947196259544769...
Loop28 pFBA...21206.0...Ave likelihood of: cpd00374_c is 0.15865539643751994...
Loop29 pFBA...4348.0...Ave likelihood of: cpd00221_c is 0.2954976284243099...
Loop30 pFBA...4223.0...Ave likelihood of: cpd00159_c is 0.3304841134054783...
Loop31 pFBA...10488.0...Ave likelihood of: cpd00211_c is 0.29613982075436235...
Loop32 pFBA...4065.0...Ave likelihood of: cpd00047_c is 0.3397818991814817...
Loop33 pFBA...5283.0...Ave likelihood of: cpd00106_c is 0.0880543987530171...
Loop34 pFBA...7951.0...Ave likelihood of: cpd00141_c is 0.37304039831186464...
Loop35 pFBA...20716.0...Ave likelihood of: cpd00216_c is 0.1822211775494285...
Loop36 pFBA...5064.0...Ave likelihood of: cpd00036_c is 0.04858760847366136...
Loop37 pFBA...22794.0...Ave likelihood of: cpd00581_c is 0.09690251997369921...
Loop38 pFBA...4994.0...Ave likelihood of: cpd00128_c is 0.0911178639517841...
Loop39 pFBA...6200.0...Ave likelihood of: cpd00018_c is 0.11622065348741639...
Loop40 pFBA...5545.0...Ave likelihood of: cpd00091_c is 0.143330845255362...
Loop41 pFBA...4055.0...Ave likelihood of: cpd00092_c is 0.24701374886125496...
Loop42 pFBA...63352.0...Ave likelihood of: cpd00305_c is 0.16277553709289608...
Loop43 pFBA...12633.0...Ave likelihood of: cpd00220_c is 0.17234740947520985...
Loop44 pFBA...14711.0...Ave likelihood of: cpd00218_c is 0.14091125818823264...
Loop45 pFBA...14622.0...Ave likelihood of: cpd00215_c is 0.22169902141548184...
Loop46 pFBA...29136.0...Ave likelihood of: cpd00104_c is 0.15364213653392725...
Loop47 pFBA...36601.0...Ave likelihood of: cpd00393_c is 0.1767994795014062...
Loop48 pFBA...6308.0...Ave likelihood of: cpd00363_c is 0.4020451130993664...
Loop49 pFBA...9999.0...Ave likelihood of: cpd00281_c is 8.676289420424061e-05...
Loop50 pFBA...4241.0...Ave likelihood of: cpd00025_c is 0.30940358421898756...
Loop51 pFBA...20987.0...Ave likelihood of: cpd00811_c is 0.2119463287030506...
Loop52 pFBA...6190.0...Ave likelihood of: cpd00117_c is 0.2309124621614747...
Loop53 pFBA...8232.0...Ave likelihood of: cpd00186_c is 0.12807930088551597...
Loop54 pFBA...22990.0...Ave likelihood of: cpd00637_c is 0.16138665773872468...
Loop55 pFBA...7171.0...Ave likelihood of: cpd00550_c is 0.19375605259087225...
Loop56 pFBA...4748.0...Ave likelihood of: cpd00033_c is 0.1792611631682364...
Loop57 pFBA...6028.0...Ave likelihood of: cpd00035_c is 0.22406443796942357...
Loop58 pFBA...19615.0...Ave likelihood of: cpd00051_c is 0.19001127548935107...
Loop59 pFBA...8881.0...Ave likelihood of: cpd00132_c is 0.12867578092040194...
Loop60 pFBA...6002.0...Ave likelihood of: cpd00041_c is 0.0564827322572697...
Loop61 pFBA...14405.0...Ave likelihood of: cpd00084_c is 0.21007787928805385...
Loop62 pFBA...7999.0...Ave likelihood of: cpd00023_c is 0.00012146805188593685...
Loop63 pFBA...10583.0...Ave likelihood of: cpd00053_c is 0.12832332666790827...
Loop64 pFBA...22793.0...Ave likelihood of: cpd00119_c is 0.08630906370750642...
Loop65 pFBA...18029.0...Ave likelihood of: cpd00322_c is 0.18378509612410382...
Loop66 pFBA...14899.0...Ave likelihood of: cpd00107_c is 0.21743912559047912...
Loop67 pFBA...17805.0...Ave likelihood of: cpd00039_c is 0.3104866427402875...
Loop68 pFBA...21990.0...Ave likelihood of: cpd00060_c is 0.16328532430035672...
Loop69 pFBA...22038.0...Ave likelihood of: cpd00066_c is 0.16861378709703354...
Loop70 pFBA...12000.0...Ave likelihood of: cpd00129_c is 4.077471417593255e-05...
Loop71 pFBA...6171.0...Ave likelihood of: cpd00054_c is 0.20667312276359703...
Loop72 pFBA...8473.0...Ave likelihood of: cpd00161_c is 0.25116217833933924...
Loop73 pFBA...30010.0...Ave likelihood of: cpd00065_c is 0.10145295532749847...
Loop74 pFBA...19706.0...Ave likelihood of: cpd00069_c is 0.20125234482883564...
Loop75 pFBA...8765.0...Ave likelihood of: cpd00156_c is 0.1642574856870337...
Loop76 pFBA...25300.0...Ave likelihood of: cpd00098_c is 0.11279552043526128...
Loop77 pFBA...16387.0...Ave likelihood of: cpd00274_c is 0.2341094103875286...
Loop78 pFBA...7078.0...Ave likelihood of: cpd00226_c is 0.27742779254718947...
Loop79 pFBA...5147.0...Ave likelihood of: cpd00246_c is 0.18001060674429736...
Loop80 pFBA...22020.0...Ave likelihood of: cpd00374_c is 0.21143942874804442...
Loop81 pFBA...4747.0...Ave likelihood of: cpd00221_c is 0.271181656888179...
Loop82 pFBA...4516.0...Ave likelihood of: cpd00159_c is 0.2781552938773615...
Loop83 pFBA...10601.0...Ave likelihood of: cpd00211_c is 0.15807255174914878...
Loop84 pFBA...4246.0...Ave likelihood of: cpd00047_c is 0.38095728546047203...
Loop85 pFBA...5283.0...Ave likelihood of: cpd00106_c is 0.0880543987530171...
Loop86 pFBA...8194.0...Ave likelihood of: cpd00141_c is 0.15119244351167524...
Loop87 pFBA...20800.0...Ave likelihood of: cpd00216_c is 0.19132190544030214...
Loop88 pFBA...5064.0...Ave likelihood of: cpd00036_c is 0.04858760847366136...
Loop89 pFBA...22794.0...Ave likelihood of: cpd00581_c is 0.09690251997369921...
Loop90 pFBA...4994.0...Ave likelihood of: cpd00128_c is 0.0911178639517841...
Loop91 pFBA...6200.0...Ave likelihood of: cpd00018_c is 0.11622065348741639...
Loop92 pFBA...5545.0...Ave likelihood of: cpd00091_c is 0.14333084525536202...
Loop93 pFBA...4055.0...Ave likelihood of: cpd00092_c is 0.24701374886125496...
Loop94 pFBA...63498.0...Ave likelihood of: cpd00305_c is 0.1615527601602374...
Loop95 pFBA...12633.0...Ave likelihood of: cpd00220_c is 0.17234740947520985...
Loop96 pFBA...14711.0...Ave likelihood of: cpd00218_c is 0.14091125818823264...
Loop97 pFBA...15214.0...Ave likelihood of: cpd00215_c is 0.20456398971011805...
Loop98 pFBA...29215.0...Ave likelihood of: cpd00104_c is 0.13402654315644968...
Loop99 pFBA...36601.0...Ave likelihood of: cpd00393_c is 0.17679947950140618...
Loop100 pFBA...7109.0...Ave likelihood of: cpd00363_c is 0.37244115909157544...
Loop101 pFBA...9999.0...Ave likelihood of: cpd00281_c is 8.676289420424061e-05...
Loop102 pFBA...4367.0...Ave likelihood of: cpd00025_c is 0.2828999991332993...
Loop103 pFBA...21953.0...Ave likelihood of: cpd00811_c is 0.15716331653247118...
Loop104 pFBA...6190.0...Ave likelihood of: cpd00117_c is 0.2309124621614747...
Loop105 pFBA...8232.0...Ave likelihood of: cpd00186_c is 0.12807930088551597...
Loop106 pFBA...22888.0...Ave likelihood of: cpd00637_c is 0.17748926091300027...
Loop107 pFBA...7121.0...Ave likelihood of: cpd00550_c is 0.2517032561038039...
Loop108 pFBA...4748.0...Ave likelihood of: cpd00033_c is 0.1792611631682364...
Loop109 pFBA...6028.0...Ave likelihood of: cpd00035_c is 0.22406443796942357...
Loop110 pFBA...19409.0...Ave likelihood of: cpd00051_c is 0.21072242727282808...
Loop111 pFBA...8881.0...Ave likelihood of: cpd00132_c is 0.12867578092040194...
Loop112 pFBA...6002.0...Ave likelihood of: cpd00041_c is 0.0564827322572697...
Loop113 pFBA...14405.0...Ave likelihood of: cpd00084_c is 0.21007787928805385...
Loop114 pFBA...7999.0...Ave likelihood of: cpd00023_c is 0.00012146805188593685...
Loop115 pFBA...10583.0...Ave likelihood of: cpd00053_c is 0.1283393093063143...
Loop116 pFBA...22793.0...Ave likelihood of: cpd00119_c is 0.08630906370750642...
Loop117 pFBA...17975.0...Ave likelihood of: cpd00322_c is 0.24077840439500833...
Loop118 pFBA...14899.0...Ave likelihood of: cpd00107_c is 0.21743912559047912...
Loop119 pFBA...17769.0...Ave likelihood of: cpd00039_c is 0.26235633193063224...
Loop120 pFBA...21888.0...Ave likelihood of: cpd00060_c is 0.1794613638120336...
Loop121 pFBA...21204.0...Ave likelihood of: cpd00066_c is 0.2280009818816916...
Loop122 pFBA...12000.0...Ave likelihood of: cpd00129_c is 4.077471417593255e-05...
Loop123 pFBA...6121.0...Ave likelihood of: cpd00054_c is 0.25673732122588...
Loop124 pFBA...8353.0...Ave likelihood of: cpd00161_c is 0.28120250245575895...
Loop125 pFBA...29999.0...Ave likelihood of: cpd00065_c is 0.136249801695701...
Loop126 pFBA...19097.0...Ave likelihood of: cpd00069_c is 0.18742015234349327...
Loop127 pFBA...8765.0...Ave likelihood of: cpd00156_c is 0.1642574856870337...
Loop128 pFBA...24829.0...Ave likelihood of: cpd00098_c is 0.1779394317601128...
Loop129 pFBA...16385.0...Ave likelihood of: cpd00274_c is 0.2829953866749692...
Loop130 pFBA...7078.0...Ave likelihood of: cpd00226_c is 0.27742779254718947...
Loop131 pFBA...5087.0...Ave likelihood of: cpd00246_c is 0.26432156709131044...
Loop132 pFBA...21019.0...Ave likelihood of: cpd00374_c is 0.17716345729057079...
Loop133 pFBA...4533.0...Ave likelihood of: cpd00221_c is 0.31901513606657617...
Loop134 pFBA...4397.0...Ave likelihood of: cpd00159_c is 0.3121538188289232...
Loop135 pFBA...10469.0...Ave likelihood of: cpd00211_c is 0.301263409372051...
Loop136 pFBA...4150.0...Ave likelihood of: cpd00047_c is 0.34890195388522277...
Loop137 pFBA...5283.0...Ave likelihood of: cpd00106_c is 0.0880543987530171...
Loop138 pFBA...8114.0...Ave likelihood of: cpd00141_c is 0.21630987107964414...
Loop139 pFBA...20504.0...Ave likelihood of: cpd00216_c is 0.1878992471676199...
Loop140 pFBA...5064.0...Ave likelihood of: cpd00036_c is 0.04858760847366136...
Loop141 pFBA...22794.0...Ave likelihood of: cpd00581_c is 0.09690251997369921...
Loop142 pFBA...4994.0...Ave likelihood of: cpd00128_c is 0.0911178639517841...
Loop143 pFBA...6200.0...Ave likelihood of: cpd00018_c is 0.11622065348741639...
Loop144 pFBA...5545.0...Ave likelihood of: cpd00091_c is 0.14333084525536202...
Loop145 pFBA...4055.0...Ave likelihood of: cpd00092_c is 0.24701374886125496...
Loop146 pFBA...63318.0...Ave likelihood of: cpd00305_c is 0.1652973078882627...
Loop147 pFBA...12633.0...Ave likelihood of: cpd00220_c is 0.18311912256741047...
Loop148 pFBA...14711.0...Ave likelihood of: cpd00218_c is 0.13870951977904147...
Loop149 pFBA...14505.0...Ave likelihood of: cpd00215_c is 0.21859033315528578...
Loop150 pFBA...29143.0...Ave likelihood of: cpd00104_c is 0.1313383464288786...
Loop151 pFBA...36601.0...Ave likelihood of: cpd00393_c is 0.1767994795014062...
Loop152 pFBA...6477.0...Ave likelihood of: cpd00363_c is 0.3891540026147656...
Loop153 pFBA...9999.0...Ave likelihood of: cpd00281_c is 8.676289420424061e-05...
Loop154 pFBA...4208.0...Ave likelihood of: cpd00025_c is 0.2586236345638926...
Loop155 pFBA...20834.0...Ave likelihood of: cpd00811_c is 0.2088600945445305...
31.613179481mins to complete!
