
The following have been reloaded with a version change:
  1) anaconda2/4.4.0 => anaconda2/5.1.0

Loading in models...Adding Water...Remove no-like rxns...Pruned 1 metabolites from model
Pruned 1 reactions from model
Set-up Universal...63.0seconds to complete

Loop0 pFBA...5365.0...Ave likelihood of: cpd00117_c is 0.3946036449986492...
Loop1 pFBA...7604.0...Ave likelihood of: cpd00186_c is 0.23270921949387743...
Loop2 pFBA...22415.0...Ave likelihood of: cpd00637_c is 0.17191942909813535...
Loop3 pFBA...6386.0...Ave likelihood of: cpd00550_c is 0.2956002156142463...
Loop4 pFBA...4200.0...Ave likelihood of: cpd00033_c is 0.2261795518140475...
Loop5 pFBA...5238.0...Ave likelihood of: cpd00035_c is 0.3946036449986492...
Loop6 pFBA...18172.0...Ave likelihood of: cpd00051_c is 0.30310456668252617...
Loop7 pFBA...7954.0...Ave likelihood of: cpd00132_c is 0.19160810767555533...
Loop8 pFBA...5456.0...Ave likelihood of: cpd00041_c is 0.17469328360250103...
Loop9 pFBA...13560.0...Ave likelihood of: cpd00084_c is 0.25187461386036825...
Loop10 pFBA...7345.0...Ave likelihood of: cpd00023_c is 0.13102263009320234...
Loop11 pFBA...9677.0...Ave likelihood of: cpd00053_c is 0.16544423650043186...
Loop12 pFBA...21841.0...Ave likelihood of: cpd00119_c is 0.15262146411989533...
Loop13 pFBA...17446.0...Ave likelihood of: cpd00322_c is 0.12581902362805603...
Loop14 pFBA...14905.0...Ave likelihood of: cpd00107_c is 0.19263132259859486...
Loop15 pFBA...20404.0...Ave likelihood of: cpd00039_c is 0.17283316429839285...
Loop16 pFBA...21415.0...Ave likelihood of: cpd00060_c is 0.17565680799157304...
Loop17 pFBA...20731.0...Ave likelihood of: cpd00066_c is 0.22386451742008454...
Loop18 pFBA...10609.0...Ave likelihood of: cpd00129_c is 0.1391175722667118...
Loop19 pFBA...5386.0...Ave likelihood of: cpd00054_c is 0.30036796102737934...
Loop20 pFBA...7857.0...Ave likelihood of: cpd00161_c is 0.3281859371687081...
Loop21 pFBA...29319.0...Ave likelihood of: cpd00065_c is 0.17505395991814168...
Loop22 pFBA...18712.0...Ave likelihood of: cpd00069_c is 0.23609473484495808...
Loop23 pFBA...8726.0...Ave likelihood of: cpd00156_c is 0.21675749263946992...
Loop24 pFBA...23954.0...Ave likelihood of: cpd00098_c is 0.22801809415156507...
Loop25 pFBA...14854.0...Ave likelihood of: cpd00274_c is 0.3510270754169867...
Loop26 pFBA...6121.0...Ave likelihood of: cpd00226_c is 0.3808294446696205...
Loop27 pFBA...4579.0...Ave likelihood of: cpd00246_c is 0.38524721596822253...
Loop28 pFBA...20514.0...Ave likelihood of: cpd00374_c is 0.2511626481084219...
Loop29 pFBA...4153.0...Ave likelihood of: cpd00221_c is 0.3384572731290679...
Loop30 pFBA...3973.0...Ave likelihood of: cpd00159_c is 0.4165897384026464...
Loop31 pFBA...10182.0...Ave likelihood of: cpd00211_c is 0.24158450365852255...
Loop32 pFBA...3956.0...Ave likelihood of: cpd00047_c is 0.31263825636047415...
Loop33 pFBA...5253.0...Ave likelihood of: cpd00106_c is 0.1571405787715996...
Loop34 pFBA...7653.0...Ave likelihood of: cpd00141_c is 0.3333260736191169...
Loop35 pFBA...19629.0...Ave likelihood of: cpd00216_c is 0.28036534878365427...
Loop36 pFBA...5007.0...Ave likelihood of: cpd00036_c is 0.08056819444097925...
Loop37 pFBA...22477.0...Ave likelihood of: cpd00581_c is 0.13599103361541004...
Loop38 pFBA...4436.0...Ave likelihood of: cpd00128_c is 0.22623737830179821...
Loop39 pFBA...6000.0...Ave likelihood of: cpd00018_c is 0.31558689522905176...
Loop40 pFBA...5185.0...Ave likelihood of: cpd00091_c is 0.4093380092910805...
Loop41 pFBA...3563.0...Ave likelihood of: cpd00092_c is 0.37634066292270885...
Loop42 pFBA...62923.0...Ave likelihood of: cpd00305_c is 0.1727139725637584...
Loop43 pFBA...12629.0...Ave likelihood of: cpd00220_c is 0.23440150574855415...
Loop44 pFBA...14662.0...Ave likelihood of: cpd00218_c is 0.16445057511629319...
Loop45 pFBA...14441.0...Ave likelihood of: cpd00215_c is 0.2723833431963269...
Loop46 pFBA...28428.0...Ave likelihood of: cpd00104_c is 0.19015811280646308...
Loop47 pFBA...36409.0...Ave likelihood of: cpd00393_c is 0.15421630151307855...
Loop48 pFBA...6024.0...Ave likelihood of: cpd00363_c is 0.4188238144422125...
Loop49 pFBA...9182.0...Ave likelihood of: cpd00281_c is 0.1168990598446963...
Loop50 pFBA...4106.0...Ave likelihood of: cpd00025_c is 0.2811579923850544...
Loop51 pFBA...20226.0...Ave likelihood of: cpd00811_c is 0.2255979060186388...
Loop52 pFBA...5365.0...Ave likelihood of: cpd00117_c is 0.3946036449986492...
Loop53 pFBA...7604.0...Ave likelihood of: cpd00186_c is 0.23270921949387743...
Loop54 pFBA...22476.0...Ave likelihood of: cpd00637_c is 0.11987453865618408...
Loop55 pFBA...6426.0...Ave likelihood of: cpd00550_c is 0.3801597379792916...
Loop56 pFBA...4200.0...Ave likelihood of: cpd00033_c is 0.2261795518140475...
Loop57 pFBA...5238.0...Ave likelihood of: cpd00035_c is 0.3946036449986492...
Loop58 pFBA...18555.0...Ave likelihood of: cpd00051_c is 0.3077005050050701...
Loop59 pFBA...7954.0...Ave likelihood of: cpd00132_c is 0.19160810767555533...
Loop60 pFBA...5456.0...Ave likelihood of: cpd00041_c is 0.20848500043295146...
Loop61 pFBA...13754.0...Ave likelihood of: cpd00084_c is 0.2564977919045872...
Loop62 pFBA...7345.0...Ave likelihood of: cpd00023_c is 0.13102263009320234...
Loop63 pFBA...9677.0...Ave likelihood of: cpd00053_c is 0.16546401522003165...
Loop64 pFBA...21841.0...Ave likelihood of: cpd00119_c is 0.15262146411989533...
Loop65 pFBA...17446.0...Ave likelihood of: cpd00322_c is 0.12581902362805603...
Loop66 pFBA...14905.0...Ave likelihood of: cpd00107_c is 0.19263132259859486...
Loop67 pFBA...20871.0...Ave likelihood of: cpd00039_c is 0.2211021342727831...
Loop68 pFBA...21476.0...Ave likelihood of: cpd00060_c is 0.12151665562407704...
Loop69 pFBA...21430.0...Ave likelihood of: cpd00066_c is 0.3062406271460506...
Loop70 pFBA...10609.0...Ave likelihood of: cpd00129_c is 0.1391175722667118...
Loop71 pFBA...5426.0...Ave likelihood of: cpd00054_c is 0.40550372051124445...
Loop72 pFBA...7971.0...Ave likelihood of: cpd00161_c is 0.24212447132624187...
Loop73 pFBA...29319.0...Ave likelihood of: cpd00065_c is 0.17516899744401232...
Loop74 pFBA...19170.0...Ave likelihood of: cpd00069_c is 0.26559559153974566...
Loop75 pFBA...8726.0...Ave likelihood of: cpd00156_c is 0.21675749263946992...
Loop76 pFBA...24329.0...Ave likelihood of: cpd00098_c is 0.16939363578137576...
Loop77 pFBA...15260.0...Ave likelihood of: cpd00274_c is 0.21297496189246995...
Loop78 pFBA...6121.0...Ave likelihood of: cpd00226_c is 0.3808294446696205...
Loop79 pFBA...4823.0...Ave likelihood of: cpd00246_c is 0.35833824009852266...
Loop80 pFBA...21283.0...Ave likelihood of: cpd00374_c is 0.2718628307440806...
Loop81 pFBA...4296.0...Ave likelihood of: cpd00221_c is 0.2965538127851019...
Loop82 pFBA...4135.0...Ave likelihood of: cpd00159_c is 0.31478020449383737...
Loop83 pFBA...10221.0...Ave likelihood of: cpd00211_c is 0.11639520104437188...
Loop84 pFBA...4079.0...Ave likelihood of: cpd00047_c is 0.4207732176857317...
Loop85 pFBA...5253.0...Ave likelihood of: cpd00106_c is 0.1571405787715996...
Loop86 pFBA...7795.0...Ave likelihood of: cpd00141_c is 0.19486203739634333...
Loop87 pFBA...20309.0...Ave likelihood of: cpd00216_c is 0.22881465334542564...
Loop88 pFBA...5007.0...Ave likelihood of: cpd00036_c is 0.08056819444097925...
Loop89 pFBA...22477.0...Ave likelihood of: cpd00581_c is 0.1329003283059689...
Loop90 pFBA...4436.0...Ave likelihood of: cpd00128_c is 0.22623737830179821...
Loop91 pFBA...6000.0...Ave likelihood of: cpd00018_c is 0.31558689522905176...
Loop92 pFBA...5185.0...Ave likelihood of: cpd00091_c is 0.4093380092910805...
Loop93 pFBA...3563.0...Ave likelihood of: cpd00092_c is 0.37634066292270885...
Loop94 pFBA...63000.0...Ave likelihood of: cpd00305_c is 0.16723424310412274...
Loop95 pFBA...12629.0...Ave likelihood of: cpd00220_c is 0.22238091571016674...
Loop96 pFBA...14821.0...Ave likelihood of: cpd00218_c is 0.15339973657510167...
Loop97 pFBA...14733.0...Ave likelihood of: cpd00215_c is 0.3116103687892174...
Loop98 pFBA...28516.0...Ave likelihood of: cpd00104_c is 0.16606301813979132...
Loop99 pFBA...36414.0...Ave likelihood of: cpd00393_c is 0.16810550928485055...
Loop100 pFBA...6454.0...Ave likelihood of: cpd00363_c is 0.466562058621285...
Loop101 pFBA...9182.0...Ave likelihood of: cpd00281_c is 0.1168990598446963...
Loop102 pFBA...4227.0...Ave likelihood of: cpd00025_c is 0.3671351238129987...
Loop103 pFBA...20997.0...Ave likelihood of: cpd00811_c is 0.29421958109446267...
Loop104 pFBA...5365.0...Ave likelihood of: cpd00117_c is 0.3946036449986492...
Loop105 pFBA...7604.0...Ave likelihood of: cpd00186_c is 0.23270921949387743...
Loop106 pFBA...22449.0...Ave likelihood of: cpd00637_c is 0.1752562506649037...
Loop107 pFBA...6414.0...Ave likelihood of: cpd00550_c is 0.2950126663895078...
Loop108 pFBA...4200.0...Ave likelihood of: cpd00033_c is 0.2261795518140475...
Loop109 pFBA...5238.0...Ave likelihood of: cpd00035_c is 0.3946036449986492...
Loop110 pFBA...18254.0...Ave likelihood of: cpd00051_c is 0.29898510911980364...
Loop111 pFBA...7954.0...Ave likelihood of: cpd00132_c is 0.19160810767555533...
Loop112 pFBA...5456.0...Ave likelihood of: cpd00041_c is 0.20848500043295146...
Loop113 pFBA...13694.0...Ave likelihood of: cpd00084_c is 0.3142860654718795...
Loop114 pFBA...7345.0...Ave likelihood of: cpd00023_c is 0.13102263009320234...
Loop115 pFBA...9677.0...Ave likelihood of: cpd00053_c is 0.16544423650043188...
Loop116 pFBA...21841.0...Ave likelihood of: cpd00119_c is 0.15898069179155763...
Loop117 pFBA...17446.0...Ave likelihood of: cpd00322_c is 0.12581902362805603...
Loop118 pFBA...14905.0...Ave likelihood of: cpd00107_c is 0.19263132259859486...
Loop119 pFBA...20560.0...Ave likelihood of: cpd00039_c is 0.1930793685454982...
Loop120 pFBA...21449.0...Ave likelihood of: cpd00060_c is 0.1732418110020887...
Loop121 pFBA...20845.0...Ave likelihood of: cpd00066_c is 0.2590677508443641...
Loop122 pFBA...10609.0...Ave likelihood of: cpd00129_c is 0.1391175722667118...
Loop123 pFBA...5414.0...Ave likelihood of: cpd00054_c is 0.30142598522406233...
Loop124 pFBA...7851.0...Ave likelihood of: cpd00161_c is 0.32885667439194005...
Loop125 pFBA...29319.0...Ave likelihood of: cpd00065_c is 0.17516899744401232...
Loop126 pFBA...18780.0...Ave likelihood of: cpd00069_c is 0.2518357298828497...
Loop127 pFBA...8726.0...Ave likelihood of: cpd00156_c is 0.21675749263946992...
Loop128 pFBA...23947.0...Ave likelihood of: cpd00098_c is 0.1927523044633399...
Loop129 pFBA...14999.0...Ave likelihood of: cpd00274_c is 0.3374369359504031...
Loop130 pFBA...6121.0...Ave likelihood of: cpd00226_c is 0.3808294446696205...
Loop131 pFBA...4603.0...Ave likelihood of: cpd00246_c is 0.3882416765912861...
Loop132 pFBA...20661.0...Ave likelihood of: cpd00374_c is 0.23370902603003219...
Loop133 pFBA...4276.0...Ave likelihood of: cpd00221_c is 0.33819337932291366...
Loop134 pFBA...4093.0...Ave likelihood of: cpd00159_c is 0.3336579672798882...
Loop135 pFBA...10179.0...Ave likelihood of: cpd00211_c is 0.2637890400712437...
Loop136 pFBA...4044.0...Ave likelihood of: cpd00047_c is 0.2932291171646578...
Loop137 pFBA...5253.0...Ave likelihood of: cpd00106_c is 0.1571405787715996...
Loop138 pFBA...7769.0...Ave likelihood of: cpd00141_c is 0.2449216064263302...
Loop139 pFBA...19849.0...Ave likelihood of: cpd00216_c is 0.2680385682455905...
Loop140 pFBA...5007.0...Ave likelihood of: cpd00036_c is 0.08056819444097925...
Loop141 pFBA...22477.0...Ave likelihood of: cpd00581_c is 0.13291785944379594...
Loop142 pFBA...4436.0...Ave likelihood of: cpd00128_c is 0.22623737830179821...
Loop143 pFBA...6000.0...Ave likelihood of: cpd00018_c is 0.31558689522905176...
Loop144 pFBA...5185.0...Ave likelihood of: cpd00091_c is 0.4093380092910805...
Loop145 pFBA...3563.0...Ave likelihood of: cpd00092_c is 0.37634066292270885...
Loop146 pFBA...62919.0...Ave likelihood of: cpd00305_c is 0.17589291432061457...
Loop147 pFBA...12623.0...Ave likelihood of: cpd00220_c is 0.2724029117967787...
Loop148 pFBA...14753.0...Ave likelihood of: cpd00218_c is 0.1750284688572646...
Loop149 pFBA...14431.0...Ave likelihood of: cpd00215_c is 0.27318495597531134...
Loop150 pFBA...28418.0...Ave likelihood of: cpd00104_c is 0.18842962941230815...
Loop151 pFBA...36408.0...Ave likelihood of: cpd00393_c is 0.1547379860200367...
Loop152 pFBA...6030.0...Ave likelihood of: cpd00363_c is 0.4460392409427067...
Loop153 pFBA...9182.0...Ave likelihood of: cpd00281_c is 0.1168990598446963...
Loop154 pFBA...4141.0...Ave likelihood of: cpd00025_c is 0.3354858121394451...
Loop155 pFBA...20252.0...Ave likelihood of: cpd00811_c is 0.2164689657960963...
33.1314188997mins to complete!
