
The following have been reloaded with a version change:
  1) anaconda2/4.4.0 => anaconda2/5.1.0

Loading in models...Adding Water...Remove no-like rxns...Pruned 1 metabolites from model
Pruned 1 reactions from model
Set-up Universal...62.0seconds to complete

Loop0 pFBA...5364.0...Ave likelihood of: cpd00117_c is 0.39481602226333473...
Loop1 pFBA...7602.0...Ave likelihood of: cpd00186_c is 0.23300636240352915...
Loop2 pFBA...22372.0...Ave likelihood of: cpd00637_c is 0.18557271045423468...
Loop3 pFBA...6387.0...Ave likelihood of: cpd00550_c is 0.29849895343683225...
Loop4 pFBA...4197.0...Ave likelihood of: cpd00033_c is 0.22636906108770993...
Loop5 pFBA...5237.0...Ave likelihood of: cpd00035_c is 0.39481602226333473...
Loop6 pFBA...18118.0...Ave likelihood of: cpd00051_c is 0.3475775844678463...
Loop7 pFBA...7989.0...Ave likelihood of: cpd00132_c is 0.17393274473932016...
Loop8 pFBA...5509.0...Ave likelihood of: cpd00041_c is 0.13395835037930237...
Loop9 pFBA...13565.0...Ave likelihood of: cpd00084_c is 0.32946074897989613...
Loop10 pFBA...7345.0...Ave likelihood of: cpd00023_c is 0.13095563281243924...
Loop11 pFBA...9677.0...Ave likelihood of: cpd00053_c is 0.16547137042666152...
Loop12 pFBA...21746.0...Ave likelihood of: cpd00119_c is 0.12547438031563912...
Loop13 pFBA...17445.0...Ave likelihood of: cpd00322_c is 0.12580622197580968...
Loop14 pFBA...14894.0...Ave likelihood of: cpd00107_c is 0.2410113013481063...
Loop15 pFBA...20803.0...Ave likelihood of: cpd00039_c is 0.1629759726820637...
Loop16 pFBA...21372.0...Ave likelihood of: cpd00060_c is 0.1881864106014774...
Loop17 pFBA...20697.0...Ave likelihood of: cpd00066_c is 0.229596234641372...
Loop18 pFBA...10610.0...Ave likelihood of: cpd00129_c is 0.15447059179480238...
Loop19 pFBA...5387.0...Ave likelihood of: cpd00054_c is 0.2999313327934779...
Loop20 pFBA...7797.0...Ave likelihood of: cpd00161_c is 0.3713734295085828...
Loop21 pFBA...29305.0...Ave likelihood of: cpd00065_c is 0.16611948246760408...
Loop22 pFBA...18568.0...Ave likelihood of: cpd00069_c is 0.24750660731097499...
Loop23 pFBA...8730.0...Ave likelihood of: cpd00156_c is 0.216368838332128...
Loop24 pFBA...23744.0...Ave likelihood of: cpd00098_c is 0.21997053685825083...
Loop25 pFBA...14864.0...Ave likelihood of: cpd00274_c is 0.3504749406730698...
Loop26 pFBA...6121.0...Ave likelihood of: cpd00226_c is 0.3809414842773679...
Loop27 pFBA...4516.0...Ave likelihood of: cpd00246_c is 0.3999586947184803...
Loop28 pFBA...20380.0...Ave likelihood of: cpd00374_c is 0.25068490355094636...
Loop29 pFBA...4161.0...Ave likelihood of: cpd00221_c is 0.3377371715669415...
Loop30 pFBA...3974.0...Ave likelihood of: cpd00159_c is 0.44837704392125205...
Loop31 pFBA...10126.0...Ave likelihood of: cpd00211_c is 0.25367794604206784...
Loop32 pFBA...4014.0...Ave likelihood of: cpd00047_c is 0.3560145490708259...
Loop33 pFBA...5249.0...Ave likelihood of: cpd00106_c is 0.13608945306918224...
Loop34 pFBA...7655.0...Ave likelihood of: cpd00141_c is 0.3326772873249388...
Loop35 pFBA...19788.0...Ave likelihood of: cpd00216_c is 0.24177241635427701...
Loop36 pFBA...5009.0...Ave likelihood of: cpd00036_c is 0.08029542522506156...
Loop37 pFBA...22381.0...Ave likelihood of: cpd00581_c is 0.13012157958658874...
Loop38 pFBA...4438.0...Ave likelihood of: cpd00128_c is 0.2257026515130139...
Loop39 pFBA...5999.0...Ave likelihood of: cpd00018_c is 0.31584643928589035...
Loop40 pFBA...5187.0...Ave likelihood of: cpd00091_c is 0.40932822828908655...
Loop41 pFBA...3566.0...Ave likelihood of: cpd00092_c is 0.3760640937312943...
Loop42 pFBA...62680.0...Ave likelihood of: cpd00305_c is 0.17324886964848182...
Loop43 pFBA...12583.0...Ave likelihood of: cpd00220_c is 0.3259550938800475...
Loop44 pFBA...14622.0...Ave likelihood of: cpd00218_c is 0.19300002183901788...
Loop45 pFBA...14382.0...Ave likelihood of: cpd00215_c is 0.30481436372936693...
Loop46 pFBA...28438.0...Ave likelihood of: cpd00104_c is 0.20471547209886726...
Loop47 pFBA...36319.0...Ave likelihood of: cpd00393_c is 0.15488508347081734...
Loop48 pFBA...5959.0...Ave likelihood of: cpd00363_c is 0.5007146210911679...
Loop49 pFBA...9190.0...Ave likelihood of: cpd00281_c is 0.11573113788962307...
Loop50 pFBA...4074.0...Ave likelihood of: cpd00025_c is 0.2504262373341385...
Loop51 pFBA...19984.0...Ave likelihood of: cpd00811_c is 0.2758139237332411...
Loop52 pFBA...5364.0...Ave likelihood of: cpd00117_c is 0.39481602226333473...
Loop53 pFBA...7602.0...Ave likelihood of: cpd00186_c is 0.23300636240352915...
Loop54 pFBA...22546.0...Ave likelihood of: cpd00637_c is 0.11217319840779824...
Loop55 pFBA...6425.0...Ave likelihood of: cpd00550_c is 0.3803093684272035...
Loop56 pFBA...4197.0...Ave likelihood of: cpd00033_c is 0.22636906108770993...
Loop57 pFBA...5237.0...Ave likelihood of: cpd00035_c is 0.39481602226333473...
Loop58 pFBA...18557.0...Ave likelihood of: cpd00051_c is 0.30758793994395034...
Loop59 pFBA...7989.0...Ave likelihood of: cpd00132_c is 0.17393274473932016...
Loop60 pFBA...5509.0...Ave likelihood of: cpd00041_c is 0.12917412358004157...
Loop61 pFBA...13754.0...Ave likelihood of: cpd00084_c is 0.2523243320050015...
Loop62 pFBA...7345.0...Ave likelihood of: cpd00023_c is 0.13095563281243924...
Loop63 pFBA...9677.0...Ave likelihood of: cpd00053_c is 0.16549169758896398...
Loop64 pFBA...21746.0...Ave likelihood of: cpd00119_c is 0.12547438031563912...
Loop65 pFBA...17445.0...Ave likelihood of: cpd00322_c is 0.12580622197580968...
Loop66 pFBA...14894.0...Ave likelihood of: cpd00107_c is 0.19288063811704867...
Loop67 pFBA...21321.0...Ave likelihood of: cpd00039_c is 0.20201194244381293...
Loop68 pFBA...21546.0...Ave likelihood of: cpd00060_c is 0.11382280426673645...
Loop69 pFBA...21417.0...Ave likelihood of: cpd00066_c is 0.2634906117399884...
Loop70 pFBA...10610.0...Ave likelihood of: cpd00129_c is 0.13902353261532213...
Loop71 pFBA...5425.0...Ave likelihood of: cpd00054_c is 0.4056633263223504...
Loop72 pFBA...7973.0...Ave likelihood of: cpd00161_c is 0.24199638139643856...
Loop73 pFBA...29305.0...Ave likelihood of: cpd00065_c is 0.16611948246760408...
Loop74 pFBA...19052.0...Ave likelihood of: cpd00069_c is 0.28183195918729853...
Loop75 pFBA...8730.0...Ave likelihood of: cpd00156_c is 0.216368838332128...
Loop76 pFBA...24291.0...Ave likelihood of: cpd00098_c is 0.18121311905005438...
Loop77 pFBA...15262.0...Ave likelihood of: cpd00274_c is 0.21299377460168273...
Loop78 pFBA...6121.0...Ave likelihood of: cpd00226_c is 0.3809414842773679...
Loop79 pFBA...4822.0...Ave likelihood of: cpd00246_c is 0.3585351351782166...
Loop80 pFBA...21165.0...Ave likelihood of: cpd00374_c is 0.26821922347079885...
Loop81 pFBA...4297.0...Ave likelihood of: cpd00221_c is 0.3194211934680403...
Loop82 pFBA...4134.0...Ave likelihood of: cpd00159_c is 0.31472180752526624...
Loop83 pFBA...10178.0...Ave likelihood of: cpd00211_c is 0.14669920037303247...
Loop84 pFBA...4127.0...Ave likelihood of: cpd00047_c is 0.41350297084378396...
Loop85 pFBA...5249.0...Ave likelihood of: cpd00106_c is 0.13608945306918221...
Loop86 pFBA...7794.0...Ave likelihood of: cpd00141_c is 0.19491353820410737...
Loop87 pFBA...20461.0...Ave likelihood of: cpd00216_c is 0.22848598841049494...
Loop88 pFBA...5009.0...Ave likelihood of: cpd00036_c is 0.08029542522506156...
Loop89 pFBA...22381.0...Ave likelihood of: cpd00581_c is 0.13012157958658874...
Loop90 pFBA...4438.0...Ave likelihood of: cpd00128_c is 0.2257026515130139...
Loop91 pFBA...5999.0...Ave likelihood of: cpd00018_c is 0.31584643928589035...
Loop92 pFBA...5187.0...Ave likelihood of: cpd00091_c is 0.40932822828908655...
Loop93 pFBA...3566.0...Ave likelihood of: cpd00092_c is 0.3760640937312943...
Loop94 pFBA...62755.0...Ave likelihood of: cpd00305_c is 0.17537766092899415...
Loop95 pFBA...12630.0...Ave likelihood of: cpd00220_c is 0.22233048521159782...
Loop96 pFBA...14833.0...Ave likelihood of: cpd00218_c is 0.1549506851897376...
Loop97 pFBA...14737.0...Ave likelihood of: cpd00215_c is 0.33117300120909765...
Loop98 pFBA...28516.0...Ave likelihood of: cpd00104_c is 0.16010808852806632...
Loop99 pFBA...36325.0...Ave likelihood of: cpd00393_c is 0.17139948210347034...
Loop100 pFBA...6455.0...Ave likelihood of: cpd00363_c is 0.466539141042345...
Loop101 pFBA...9190.0...Ave likelihood of: cpd00281_c is 0.11573113788962307...
Loop102 pFBA...4227.0...Ave likelihood of: cpd00025_c is 0.37331465545001086...
Loop103 pFBA...20988.0...Ave likelihood of: cpd00811_c is 0.290203381480518...
Loop104 pFBA...5364.0...Ave likelihood of: cpd00117_c is 0.39481602226333473...
Loop105 pFBA...7602.0...Ave likelihood of: cpd00186_c is 0.23300636240352915...
Loop106 pFBA...22530.0...Ave likelihood of: cpd00637_c is 0.14213628385747945...
Loop107 pFBA...6415.0...Ave likelihood of: cpd00550_c is 0.29800560168809825...
Loop108 pFBA...4197.0...Ave likelihood of: cpd00033_c is 0.22636906108770993...
Loop109 pFBA...5237.0...Ave likelihood of: cpd00035_c is 0.39481602226333473...
Loop110 pFBA...18274.0...Ave likelihood of: cpd00051_c is 0.2872953197863912...
Loop111 pFBA...7989.0...Ave likelihood of: cpd00132_c is 0.17393274473932016...
Loop112 pFBA...5509.0...Ave likelihood of: cpd00041_c is 0.13395835037930237...
Loop113 pFBA...13696.0...Ave likelihood of: cpd00084_c is 0.3140467320755163...
Loop114 pFBA...7345.0...Ave likelihood of: cpd00023_c is 0.13095563281243924...
Loop115 pFBA...9677.0...Ave likelihood of: cpd00053_c is 0.16549169758896398...
Loop116 pFBA...21746.0...Ave likelihood of: cpd00119_c is 0.12547438031563912...
Loop117 pFBA...17445.0...Ave likelihood of: cpd00322_c is 0.12580622197580968...
Loop118 pFBA...14894.0...Ave likelihood of: cpd00107_c is 0.19288063811704867...
Loop119 pFBA...20918.0...Ave likelihood of: cpd00039_c is 0.16956935498086198...
Loop120 pFBA...21530.0...Ave likelihood of: cpd00060_c is 0.1454417788309092...
Loop121 pFBA...20814.0...Ave likelihood of: cpd00066_c is 0.26562430451656716...
Loop122 pFBA...10610.0...Ave likelihood of: cpd00129_c is 0.15447059179480238...
Loop123 pFBA...5415.0...Ave likelihood of: cpd00054_c is 0.3044839843334917...
Loop124 pFBA...7854.0...Ave likelihood of: cpd00161_c is 0.32852703382304227...
Loop125 pFBA...29305.0...Ave likelihood of: cpd00065_c is 0.16611948246760408...
Loop126 pFBA...18644.0...Ave likelihood of: cpd00069_c is 0.2552268449577071...
Loop127 pFBA...8730.0...Ave likelihood of: cpd00156_c is 0.216368838332128...
Loop128 pFBA...23948.0...Ave likelihood of: cpd00098_c is 0.1978618858926228...
Loop129 pFBA...15005.0...Ave likelihood of: cpd00274_c is 0.337130033987434...
Loop130 pFBA...6121.0...Ave likelihood of: cpd00226_c is 0.3809414842773679...
Loop131 pFBA...4605.0...Ave likelihood of: cpd00246_c is 0.3881025179465838...
Loop132 pFBA...20551.0...Ave likelihood of: cpd00374_c is 0.22565398052785327...
Loop133 pFBA...4276.0...Ave likelihood of: cpd00221_c is 0.3383406808231814...
Loop134 pFBA...4093.0...Ave likelihood of: cpd00159_c is 0.33385922474626273...
Loop135 pFBA...10144.0...Ave likelihood of: cpd00211_c is 0.24680012510793561...
Loop136 pFBA...4086.0...Ave likelihood of: cpd00047_c is 0.3215352074440611...
Loop137 pFBA...5249.0...Ave likelihood of: cpd00106_c is 0.13608945306918221...
Loop138 pFBA...7781.0...Ave likelihood of: cpd00141_c is 0.3173464737764102...
Loop139 pFBA...19970.0...Ave likelihood of: cpd00216_c is 0.22221175506250754...
Loop140 pFBA...5009.0...Ave likelihood of: cpd00036_c is 0.08029542522506156...
Loop141 pFBA...22381.0...Ave likelihood of: cpd00581_c is 0.13012157958658874...
Loop142 pFBA...4438.0...Ave likelihood of: cpd00128_c is 0.2257026515130139...
Loop143 pFBA...5999.0...Ave likelihood of: cpd00018_c is 0.31584643928589035...
Loop144 pFBA...5187.0...Ave likelihood of: cpd00091_c is 0.40932822828908655...
Loop145 pFBA...3566.0...Ave likelihood of: cpd00092_c is 0.3760640937312943...
Loop146 pFBA...62674.0...Ave likelihood of: cpd00305_c is 0.17644332558688047...
Loop147 pFBA...12627.0...Ave likelihood of: cpd00220_c is 0.2773879891701806...
Loop148 pFBA...14785.0...Ave likelihood of: cpd00218_c is 0.15942717851738752...
Loop149 pFBA...14433.0...Ave likelihood of: cpd00215_c is 0.27298390134086253...
Loop150 pFBA...28428.0...Ave likelihood of: cpd00104_c is 0.18806816541524607...
Loop151 pFBA...36317.0...Ave likelihood of: cpd00393_c is 0.1555959298229754...
Loop152 pFBA...6034.0...Ave likelihood of: cpd00363_c is 0.44570565810460194...
Loop153 pFBA...9190.0...Ave likelihood of: cpd00281_c is 0.11573113788962307...
Loop154 pFBA...4142.0...Ave likelihood of: cpd00025_c is 0.3279827720585519...
Loop155 pFBA...20246.0...Ave likelihood of: cpd00811_c is 0.21069104720800572...
32.2997885664mins to complete!
