
The following have been reloaded with a version change:
  1) anaconda2/4.4.0 => anaconda2/5.1.0

Loading in models...Adding Water...Remove no-like rxns...Pruned 1 metabolites from model
Pruned 1 reactions from model
Set-up Universal...66.0seconds to complete

Loop0 pFBA...5323.0...Ave likelihood of: cpd00117_c is 0.30764201936580127...
Loop1 pFBA...7121.0...Ave likelihood of: cpd00186_c is 0.3131640666669319...
Loop2 pFBA...21600.0...Ave likelihood of: cpd00637_c is 0.24591236895910576...
Loop3 pFBA...6393.0...Ave likelihood of: cpd00550_c is 0.4256152435970331...
Loop4 pFBA...4089.0...Ave likelihood of: cpd00033_c is 0.22476950435739534...
Loop5 pFBA...5217.0...Ave likelihood of: cpd00035_c is 0.30764201936580127...
Loop6 pFBA...17712.0...Ave likelihood of: cpd00051_c is 0.28036246933113057...
Loop7 pFBA...8118.0...Ave likelihood of: cpd00132_c is 0.19306697136524528...
Loop8 pFBA...5299.0...Ave likelihood of: cpd00041_c is 0.18577661093038722...
Loop9 pFBA...13516.0...Ave likelihood of: cpd00084_c is 0.2876274685047342...
Loop10 pFBA...6629.0...Ave likelihood of: cpd00023_c is 0.2742934923140138...
Loop11 pFBA...9268.0...Ave likelihood of: cpd00053_c is 0.18956889848849998...
Loop12 pFBA...15565.0...Ave likelihood of: cpd00119_c is 0.3468284223745293...
Loop13 pFBA...16826.0...Ave likelihood of: cpd00322_c is 0.24759581979765974...
Loop14 pFBA...13833.0...Ave likelihood of: cpd00107_c is 0.2920615394391707...
Loop15 pFBA...16689.0...Ave likelihood of: cpd00039_c is 0.29270823070977203...
Loop16 pFBA...20600.0...Ave likelihood of: cpd00060_c is 0.24928103154758677...
Loop17 pFBA...20767.0...Ave likelihood of: cpd00066_c is 0.2773005389891552...
Loop18 pFBA...10271.0...Ave likelihood of: cpd00129_c is 0.3107495466686879...
Loop19 pFBA...5393.0...Ave likelihood of: cpd00054_c is 0.4643075384694907...
Loop20 pFBA...7614.0...Ave likelihood of: cpd00161_c is 0.37151865506072684...
Loop21 pFBA...26584.0...Ave likelihood of: cpd00065_c is 0.23167439616852797...
Loop22 pFBA...18267.0...Ave likelihood of: cpd00069_c is 0.22151725517570614...
Loop23 pFBA...7856.0...Ave likelihood of: cpd00156_c is 0.30248858451650945...
Loop24 pFBA...24001.0...Ave likelihood of: cpd00098_c is 0.22642037724963374...
Loop25 pFBA...14196.0...Ave likelihood of: cpd00274_c is 0.3016873639105218...
Loop26 pFBA...6121.0...Ave likelihood of: cpd00226_c is 0.3365697300318617...
Loop27 pFBA...4540.0...Ave likelihood of: cpd00246_c is 0.4067184969291486...
Loop28 pFBA...20082.0...Ave likelihood of: cpd00374_c is 0.2616300294081698...
Loop29 pFBA...4069.0...Ave likelihood of: cpd00221_c is 0.4576923813168824...
Loop30 pFBA...3951.0...Ave likelihood of: cpd00159_c is 0.5051549983852921...
Loop31 pFBA...10018.0...Ave likelihood of: cpd00211_c is 0.36571352722730105...
Loop32 pFBA...3581.0...Ave likelihood of: cpd00047_c is 0.38419256176733985...
Loop33 pFBA...4994.0...Ave likelihood of: cpd00106_c is 0.18694661448814073...
Loop34 pFBA...7518.0...Ave likelihood of: cpd00141_c is 0.3707678455061873...
Loop35 pFBA...19797.0...Ave likelihood of: cpd00216_c is 0.29196738871467537...
Loop36 pFBA...4762.0...Ave likelihood of: cpd00036_c is 0.22484912266856075...
Loop37 pFBA...16172.0...Ave likelihood of: cpd00581_c is 0.3402690262287409...
Loop38 pFBA...4256.0...Ave likelihood of: cpd00128_c is 0.36305847387712026...
Loop39 pFBA...5761.0...Ave likelihood of: cpd00018_c is 0.3250943559846272...
Loop40 pFBA...5078.0...Ave likelihood of: cpd00091_c is 0.3704657168078329...
Loop41 pFBA...4153.0...Ave likelihood of: cpd00092_c is 0.39169644790115926...
Loop42 pFBA...61535.0...Ave likelihood of: cpd00305_c is 0.20975735070505822...
Loop43 pFBA...13405.0...Ave likelihood of: cpd00220_c is 0.28116242217420895...
Loop44 pFBA...14339.0...Ave likelihood of: cpd00218_c is 0.19916093467246224...
Loop45 pFBA...13340.0...Ave likelihood of: cpd00215_c is 0.4232914934751133...
Loop46 pFBA...27903.0...Ave likelihood of: cpd00104_c is 0.22673293213184667...
Loop47 pFBA...36244.0...Ave likelihood of: cpd00393_c is 0.21716712293107207...
Loop48 pFBA...6024.0...Ave likelihood of: cpd00363_c is 0.47599180630418164...
Loop49 pFBA...8629.0...Ave likelihood of: cpd00281_c is 0.1959239230814384...
Loop50 pFBA...4057.0...Ave likelihood of: cpd00025_c is 0.41014606939835363...
Loop51 pFBA...20149.0...Ave likelihood of: cpd00811_c is 0.21254187965155094...
Loop52 pFBA...5323.0...Ave likelihood of: cpd00117_c is 0.30764201936580127...
Loop53 pFBA...7121.0...Ave likelihood of: cpd00186_c is 0.3131640666669319...
Loop54 pFBA...21600.0...Ave likelihood of: cpd00637_c is 0.24591236895910576...
Loop55 pFBA...6393.0...Ave likelihood of: cpd00550_c is 0.4256152435970331...
Loop56 pFBA...4089.0...Ave likelihood of: cpd00033_c is 0.22476950435739534...
Loop57 pFBA...5217.0...Ave likelihood of: cpd00035_c is 0.30764201936580127...
Loop58 pFBA...18114.0...Ave likelihood of: cpd00051_c is 0.23788884412903957...
Loop59 pFBA...8118.0...Ave likelihood of: cpd00132_c is 0.19306697136524528...
Loop60 pFBA...5299.0...Ave likelihood of: cpd00041_c is 0.18577661093038722...
Loop61 pFBA...13611.0...Ave likelihood of: cpd00084_c is 0.24249005615313332...
Loop62 pFBA...6629.0...Ave likelihood of: cpd00023_c is 0.2742934923140138...
Loop63 pFBA...9268.0...Ave likelihood of: cpd00053_c is 0.18605836333130554...
Loop64 pFBA...15565.0...Ave likelihood of: cpd00119_c is 0.3468284223745293...
Loop65 pFBA...16826.0...Ave likelihood of: cpd00322_c is 0.24759581979765974...
Loop66 pFBA...13833.0...Ave likelihood of: cpd00107_c is 0.2920615394391707...
Loop67 pFBA...17199.0...Ave likelihood of: cpd00039_c is 0.2855162627868309...
Loop68 pFBA...20600.0...Ave likelihood of: cpd00060_c is 0.24928103154758677...
Loop69 pFBA...21129.0...Ave likelihood of: cpd00066_c is 0.28771460849470226...
Loop70 pFBA...10271.0...Ave likelihood of: cpd00129_c is 0.3107495466686879...
Loop71 pFBA...5393.0...Ave likelihood of: cpd00054_c is 0.4643075384694907...
Loop72 pFBA...7671.0...Ave likelihood of: cpd00161_c is 0.32032887607527066...
Loop73 pFBA...26584.0...Ave likelihood of: cpd00065_c is 0.23167439616852797...
Loop74 pFBA...18574.0...Ave likelihood of: cpd00069_c is 0.2304931144764353...
Loop75 pFBA...7856.0...Ave likelihood of: cpd00156_c is 0.30248858451650945...
Loop76 pFBA...24195.0...Ave likelihood of: cpd00098_c is 0.20443630092633924...
Loop77 pFBA...14496.0...Ave likelihood of: cpd00274_c is 0.22220101409933105...
Loop78 pFBA...6121.0...Ave likelihood of: cpd00226_c is 0.3365697300318617...
Loop79 pFBA...4825.0...Ave likelihood of: cpd00246_c is 0.21516892023736034...
Loop80 pFBA...20748.0...Ave likelihood of: cpd00374_c is 0.28434298810861763...
Loop81 pFBA...4311.0...Ave likelihood of: cpd00221_c is 0.2558688243198331...
Loop82 pFBA...4108.0...Ave likelihood of: cpd00159_c is 0.33033005323970405...
Loop83 pFBA...10036.0...Ave likelihood of: cpd00211_c is 0.279538135355455...
Loop84 pFBA...3622.0...Ave likelihood of: cpd00047_c is 0.42651968467559426...
Loop85 pFBA...4994.0...Ave likelihood of: cpd00106_c is 0.18694661448814073...
Loop86 pFBA...7603.0...Ave likelihood of: cpd00141_c is 0.3191876838315803...
Loop87 pFBA...20193.0...Ave likelihood of: cpd00216_c is 0.2575883297076956...
Loop88 pFBA...4762.0...Ave likelihood of: cpd00036_c is 0.22484912266856075...
Loop89 pFBA...16172.0...Ave likelihood of: cpd00581_c is 0.3402690262287409...
Loop90 pFBA...4256.0...Ave likelihood of: cpd00128_c is 0.36305847387712026...
Loop91 pFBA...5761.0...Ave likelihood of: cpd00018_c is 0.3250943559846272...
Loop92 pFBA...5078.0...Ave likelihood of: cpd00091_c is 0.3704657168078329...
Loop93 pFBA...4153.0...Ave likelihood of: cpd00092_c is 0.39169644790115926...
Loop94 pFBA...61604.0...Ave likelihood of: cpd00305_c is 0.1954121953199626...
Loop95 pFBA...13405.0...Ave likelihood of: cpd00220_c is 0.27356343779112224...
Loop96 pFBA...14489.0...Ave likelihood of: cpd00218_c is 0.17125512513448946...
Loop97 pFBA...13996.0...Ave likelihood of: cpd00215_c is 0.3272574907465135...
Loop98 pFBA...27907.0...Ave likelihood of: cpd00104_c is 0.2010519567115531...
Loop99 pFBA...36244.0...Ave likelihood of: cpd00393_c is 0.21716712293107204...
Loop100 pFBA...6468.0...Ave likelihood of: cpd00363_c is 0.4555424895062601...
Loop101 pFBA...8629.0...Ave likelihood of: cpd00281_c is 0.1959239230814384...
Loop102 pFBA...4180.0...Ave likelihood of: cpd00025_c is 0.32790810040787727...
Loop103 pFBA...20536.0...Ave likelihood of: cpd00811_c is 0.21296369430090392...
Loop104 pFBA...5323.0...Ave likelihood of: cpd00117_c is 0.30764201936580127...
Loop105 pFBA...7121.0...Ave likelihood of: cpd00186_c is 0.3131640666669319...
Loop106 pFBA...21600.0...Ave likelihood of: cpd00637_c is 0.24591236895910576...
Loop107 pFBA...6393.0...Ave likelihood of: cpd00550_c is 0.4256152435970331...
Loop108 pFBA...4089.0...Ave likelihood of: cpd00033_c is 0.22476950435739532...
Loop109 pFBA...5217.0...Ave likelihood of: cpd00035_c is 0.30764201936580127...
Loop110 pFBA...17775.0...Ave likelihood of: cpd00051_c is 0.26534310619936774...
Loop111 pFBA...8118.0...Ave likelihood of: cpd00132_c is 0.19306697136524528...
Loop112 pFBA...5299.0...Ave likelihood of: cpd00041_c is 0.18577661093038722...
Loop113 pFBA...13592.0...Ave likelihood of: cpd00084_c is 0.3205869424347298...
Loop114 pFBA...6629.0...Ave likelihood of: cpd00023_c is 0.2742934923140138...
Loop115 pFBA...9268.0...Ave likelihood of: cpd00053_c is 0.18605836333130554...
Loop116 pFBA...15565.0...Ave likelihood of: cpd00119_c is 0.3468284223745293...
Loop117 pFBA...16826.0...Ave likelihood of: cpd00322_c is 0.24759581979765974...
Loop118 pFBA...13833.0...Ave likelihood of: cpd00107_c is 0.2920615394391707...
Loop119 pFBA...17002.0...Ave likelihood of: cpd00039_c is 0.30193470311731363...
Loop120 pFBA...20600.0...Ave likelihood of: cpd00060_c is 0.24928103154758677...
Loop121 pFBA...20715.0...Ave likelihood of: cpd00066_c is 0.28344059618058715...
Loop122 pFBA...10271.0...Ave likelihood of: cpd00129_c is 0.3107495466686879...
Loop123 pFBA...5393.0...Ave likelihood of: cpd00054_c is 0.4643075384694907...
Loop124 pFBA...7613.0...Ave likelihood of: cpd00161_c is 0.356800752394608...
Loop125 pFBA...26584.0...Ave likelihood of: cpd00065_c is 0.23167439616852797...
Loop126 pFBA...18224.0...Ave likelihood of: cpd00069_c is 0.22345063896068898...
Loop127 pFBA...7856.0...Ave likelihood of: cpd00156_c is 0.30248858451650945...
Loop128 pFBA...23965.0...Ave likelihood of: cpd00098_c is 0.23745338120613732...
Loop129 pFBA...14479.0...Ave likelihood of: cpd00274_c is 0.2719565254632164...
Loop130 pFBA...6121.0...Ave likelihood of: cpd00226_c is 0.3365697300318617...
Loop131 pFBA...4533.0...Ave likelihood of: cpd00246_c is 0.36545634428236806...
Loop132 pFBA...20033.0...Ave likelihood of: cpd00374_c is 0.2638856438239831...
Loop133 pFBA...4274.0...Ave likelihood of: cpd00221_c is 0.3382998054253579...
Loop134 pFBA...4086.0...Ave likelihood of: cpd00159_c is 0.36809597632069985...
Loop135 pFBA...10007.0...Ave likelihood of: cpd00211_c is 0.36868433645788445...
Loop136 pFBA...3622.0...Ave likelihood of: cpd00047_c is 0.42651968467559426...
Loop137 pFBA...4994.0...Ave likelihood of: cpd00106_c is 0.18694661448814073...
Loop138 pFBA...7540.0...Ave likelihood of: cpd00141_c is 0.37042981965277266...
Loop139 pFBA...19713.0...Ave likelihood of: cpd00216_c is 0.2681075010031777...
Loop140 pFBA...4762.0...Ave likelihood of: cpd00036_c is 0.22484912266856075...
Loop141 pFBA...16172.0...Ave likelihood of: cpd00581_c is 0.3402690262287409...
Loop142 pFBA...4256.0...Ave likelihood of: cpd00128_c is 0.36305847387712026...
Loop143 pFBA...5761.0...Ave likelihood of: cpd00018_c is 0.3250943559846272...
Loop144 pFBA...5078.0...Ave likelihood of: cpd00091_c is 0.3704657168078329...
Loop145 pFBA...4153.0...Ave likelihood of: cpd00092_c is 0.39169644790115926...
Loop146 pFBA...61516.0...Ave likelihood of: cpd00305_c is 0.2090304567195116...
Loop147 pFBA...13400.0...Ave likelihood of: cpd00220_c is 0.30702590804380653...
Loop148 pFBA...14311.0...Ave likelihood of: cpd00218_c is 0.20137553791707896...
Loop149 pFBA...13279.0...Ave likelihood of: cpd00215_c is 0.42722062826394946...
Loop150 pFBA...27899.0...Ave likelihood of: cpd00104_c is 0.23070731462036537...
Loop151 pFBA...36244.0...Ave likelihood of: cpd00393_c is 0.21716712293107207...
Loop152 pFBA...6003.0...Ave likelihood of: cpd00363_c is 0.47444524060480314...
Loop153 pFBA...8629.0...Ave likelihood of: cpd00281_c is 0.1959239230814384...
Loop154 pFBA...4043.0...Ave likelihood of: cpd00025_c is 0.4038777456821703...
Loop155 pFBA...20088.0...Ave likelihood of: cpd00811_c is 0.21705310848317763...
32.8170590679mins to complete!
