
The following have been reloaded with a version change:
  1) anaconda2/4.4.0 => anaconda2/5.1.0

Loading in models...Adding Water...Remove no-like rxns...Pruned 1 metabolites from model
Pruned 1 reactions from model
Set-up Universal...61.0seconds to complete

Loop0 pFBA...5566.0...Ave likelihood of: cpd00117_c is 0.47196690567082594...
Loop1 pFBA...6838.0...Ave likelihood of: cpd00186_c is 0.3602979929469365...
Loop2 pFBA...21602.0...Ave likelihood of: cpd00637_c is 0.2523757842011639...
Loop3 pFBA...6446.0...Ave likelihood of: cpd00550_c is 0.3139972759962833...
Loop4 pFBA...4046.0...Ave likelihood of: cpd00033_c is 0.25070334084269513...
Loop5 pFBA...5443.0...Ave likelihood of: cpd00035_c is 0.47196690567082594...
Loop6 pFBA...18356.0...Ave likelihood of: cpd00051_c is 0.2732926927401851...
Loop7 pFBA...8158.0...Ave likelihood of: cpd00132_c is 0.1498232854145545...
Loop8 pFBA...5259.0...Ave likelihood of: cpd00041_c is 0.2061944869375652...
Loop9 pFBA...13622.0...Ave likelihood of: cpd00084_c is 0.2681891705504999...
Loop10 pFBA...6589.0...Ave likelihood of: cpd00023_c is 0.2821104035482692...
Loop11 pFBA...9323.0...Ave likelihood of: cpd00053_c is 0.2681557046417539...
Loop12 pFBA...16687.0...Ave likelihood of: cpd00119_c is 0.3107615258914782...
Loop13 pFBA...17010.0...Ave likelihood of: cpd00322_c is 0.2281443950421611...
Loop14 pFBA...14205.0...Ave likelihood of: cpd00107_c is 0.2646298114889112...
Loop15 pFBA...17777.0...Ave likelihood of: cpd00039_c is 0.30862234370604374...
Loop16 pFBA...20602.0...Ave likelihood of: cpd00060_c is 0.2523757842011639...
Loop17 pFBA...21027.0...Ave likelihood of: cpd00066_c is 0.1942081904515396...
Loop18 pFBA...10261.0...Ave likelihood of: cpd00129_c is 0.20350610075169334...
Loop19 pFBA...5446.0...Ave likelihood of: cpd00054_c is 0.33302741393545204...
Loop20 pFBA...7537.0...Ave likelihood of: cpd00161_c is 0.35409642479108455...
Loop21 pFBA...27283.0...Ave likelihood of: cpd00065_c is 0.24941966624563805...
Loop22 pFBA...18582.0...Ave likelihood of: cpd00069_c is 0.20236408659053967...
Loop23 pFBA...7659.0...Ave likelihood of: cpd00156_c is 0.3350114486717865...
Loop24 pFBA...23956.0...Ave likelihood of: cpd00098_c is 0.2620036534085814...
Loop25 pFBA...14639.0...Ave likelihood of: cpd00274_c is 0.22350850591833904...
Loop26 pFBA...6621.0...Ave likelihood of: cpd00226_c is 0.3272843300637347...
Loop27 pFBA...4616.0...Ave likelihood of: cpd00246_c is 0.2528310280008495...
Loop28 pFBA...20441.0...Ave likelihood of: cpd00374_c is 0.1939477058171881...
Loop29 pFBA...4899.0...Ave likelihood of: cpd00221_c is 0.20461798048660515...
Loop30 pFBA...4289.0...Ave likelihood of: cpd00159_c is 0.4050272862066622...
Loop31 pFBA...10530.0...Ave likelihood of: cpd00211_c is 0.34256774463782913...
Loop32 pFBA...3734.0...Ave likelihood of: cpd00047_c is 0.30976184034858073...
Loop33 pFBA...5009.0...Ave likelihood of: cpd00106_c is 0.16859662023387884...
Loop34 pFBA...7760.0...Ave likelihood of: cpd00141_c is 0.3794571115579276...
Loop35 pFBA...19604.0...Ave likelihood of: cpd00216_c is 0.22539034844041161...
Loop36 pFBA...4801.0...Ave likelihood of: cpd00036_c is 0.229813888409916...
Loop37 pFBA...17171.0...Ave likelihood of: cpd00581_c is 0.3066006305387917...
Loop38 pFBA...4750.0...Ave likelihood of: cpd00128_c is 0.34730261639353244...
Loop39 pFBA...5863.0...Ave likelihood of: cpd00018_c is 0.27981855219696583...
Loop40 pFBA...5863.0...Ave likelihood of: cpd00091_c is 0.27981921769851353...
Loop41 pFBA...4164.0...Ave likelihood of: cpd00092_c is 0.295355923471266...
Loop42 pFBA...63978.0...Ave likelihood of: cpd00305_c is 0.14649768630878046...
Loop43 pFBA...12907.0...Ave likelihood of: cpd00220_c is 0.29573466276275423...
Loop44 pFBA...14526.0...Ave likelihood of: cpd00218_c is 0.16709680672152932...
Loop45 pFBA...14788.0...Ave likelihood of: cpd00215_c is 0.2188539152271633...
Loop46 pFBA...28890.0...Ave likelihood of: cpd00104_c is 0.1784215747913396...
Loop47 pFBA...35942.0...Ave likelihood of: cpd00393_c is 0.16212495793501577...
Loop48 pFBA...6124.0...Ave likelihood of: cpd00363_c is 0.5457307717014256...
Loop49 pFBA...8586.0...Ave likelihood of: cpd00281_c is 0.20199151256704134...
Loop50 pFBA...4069.0...Ave likelihood of: cpd00025_c is 0.27323738425921806...
Loop51 pFBA...19880.0...Ave likelihood of: cpd00811_c is 0.2547932179061354...
Loop52 pFBA...5839.0...Ave likelihood of: cpd00714_c is 0.3268492580998901...
Loop53 pFBA...5566.0...Ave likelihood of: cpd00117_c is 0.47196690567082594...
Loop54 pFBA...6838.0...Ave likelihood of: cpd00186_c is 0.3602979929469365...
Loop55 pFBA...21726.0...Ave likelihood of: cpd00637_c is 0.23606482068785703...
Loop56 pFBA...6499.0...Ave likelihood of: cpd00550_c is 0.22514188412889216...
Loop57 pFBA...4046.0...Ave likelihood of: cpd00033_c is 0.25070334084269513...
Loop58 pFBA...5443.0...Ave likelihood of: cpd00035_c is 0.47196690567082594...
Loop59 pFBA...18392.0...Ave likelihood of: cpd00051_c is 0.24210425781467457...
Loop60 pFBA...8158.0...Ave likelihood of: cpd00132_c is 0.1498232854145545...
Loop61 pFBA...5259.0...Ave likelihood of: cpd00041_c is 0.2061944869375652...
Loop62 pFBA...13737.0...Ave likelihood of: cpd00084_c is 0.2661174445293732...
Loop63 pFBA...6589.0...Ave likelihood of: cpd00023_c is 0.2821104035482692...
Loop64 pFBA...9323.0...Ave likelihood of: cpd00053_c is 0.2681557046417539...
Loop65 pFBA...16687.0...Ave likelihood of: cpd00119_c is 0.3107615258914782...
Loop66 pFBA...17010.0...Ave likelihood of: cpd00322_c is 0.2281443950421611...
Loop67 pFBA...14205.0...Ave likelihood of: cpd00107_c is 0.2646298114889112...
Loop68 pFBA...17925.0...Ave likelihood of: cpd00039_c is 0.29270341559756674...
Loop69 pFBA...20726.0...Ave likelihood of: cpd00060_c is 0.23934349875296615...
Loop70 pFBA...21509.0...Ave likelihood of: cpd00066_c is 0.2057322670444695...
Loop71 pFBA...10261.0...Ave likelihood of: cpd00129_c is 0.20350610075169334...
Loop72 pFBA...5499.0...Ave likelihood of: cpd00054_c is 0.23122679991615952...
Loop73 pFBA...7655.0...Ave likelihood of: cpd00161_c is 0.34472308738859336...
Loop74 pFBA...27283.0...Ave likelihood of: cpd00065_c is 0.24941966624563805...
Loop75 pFBA...18862.0...Ave likelihood of: cpd00069_c is 0.1919411093043795...
Loop76 pFBA...7659.0...Ave likelihood of: cpd00156_c is 0.3350114486717865...
Loop77 pFBA...24383.0...Ave likelihood of: cpd00098_c is 0.24767043603267835...
Loop78 pFBA...14639.0...Ave likelihood of: cpd00274_c is 0.22350850591833904...
Loop79 pFBA...6621.0...Ave likelihood of: cpd00226_c is 0.3272843300637347...
Loop80 pFBA...4815.0...Ave likelihood of: cpd00246_c is 0.2518924069802292...
Loop81 pFBA...20891.0...Ave likelihood of: cpd00374_c is 0.24173061336177515...
Loop82 pFBA...5085.0...Ave likelihood of: cpd00221_c is 0.2999037857074048...
Loop83 pFBA...4345.0...Ave likelihood of: cpd00159_c is 0.34013337712292824...
Loop84 pFBA...10599.0...Ave likelihood of: cpd00211_c is 0.21691915536040626...
Loop85 pFBA...3760.0...Ave likelihood of: cpd00047_c is 0.22082136703704677...
Loop86 pFBA...5009.0...Ave likelihood of: cpd00106_c is 0.16859662023387884...
Loop87 pFBA...7769.0...Ave likelihood of: cpd00141_c is 0.3178863225432209...
Loop88 pFBA...20196.0...Ave likelihood of: cpd00216_c is 0.23486173356166096...
Loop89 pFBA...4801.0...Ave likelihood of: cpd00036_c is 0.229813888409916...
Loop90 pFBA...17171.0...Ave likelihood of: cpd00581_c is 0.3066006305387917...
Loop91 pFBA...4750.0...Ave likelihood of: cpd00128_c is 0.34730261639353244...
Loop92 pFBA...5863.0...Ave likelihood of: cpd00018_c is 0.27981855219696583...
Loop93 pFBA...5863.0...Ave likelihood of: cpd00091_c is 0.27981921769851353...
Loop94 pFBA...4164.0...Ave likelihood of: cpd00092_c is 0.295355923471266...
Loop95 pFBA...63987.0...Ave likelihood of: cpd00305_c is 0.14095686511670866...
Loop96 pFBA...12920.0...Ave likelihood of: cpd00220_c is 0.20913374169677718...
Loop97 pFBA...14622.0...Ave likelihood of: cpd00218_c is 0.18983266404779628...
Loop98 pFBA...15048.0...Ave likelihood of: cpd00215_c is 0.2631892920453002...
Loop99 pFBA...28896.0...Ave likelihood of: cpd00104_c is 0.16155894108196214...
Loop100 pFBA...35942.0...Ave likelihood of: cpd00393_c is 0.1621249579350158...
Loop101 pFBA...6482.0...Ave likelihood of: cpd00363_c is 0.3815460357107468...
Loop102 pFBA...8586.0...Ave likelihood of: cpd00281_c is 0.20199151256704134...
Loop103 pFBA...4224.0...Ave likelihood of: cpd00025_c is 0.3346328930160363...
Loop104 pFBA...20317.0...Ave likelihood of: cpd00811_c is 0.2701579265108434...
Loop105 pFBA...6825.0...Ave likelihood of: cpd00714_c is 0.3790164007682858...
Loop106 pFBA...5566.0...Ave likelihood of: cpd00117_c is 0.47196690567082594...
Loop107 pFBA...6838.0...Ave likelihood of: cpd00186_c is 0.3602979929469365...
Loop108 pFBA...21632.0...Ave likelihood of: cpd00637_c is 0.24675910475533736...
Loop109 pFBA...6460.0...Ave likelihood of: cpd00550_c is 0.285159638771704...
Loop110 pFBA...4046.0...Ave likelihood of: cpd00033_c is 0.25070334084269513...
Loop111 pFBA...5443.0...Ave likelihood of: cpd00035_c is 0.47196690567082594...
Loop112 pFBA...18384.0...Ave likelihood of: cpd00051_c is 0.24820830613492237...
Loop113 pFBA...8158.0...Ave likelihood of: cpd00132_c is 0.1498232854145545...
Loop114 pFBA...5259.0...Ave likelihood of: cpd00041_c is 0.2061944869375652...
Loop115 pFBA...13729.0...Ave likelihood of: cpd00084_c is 0.24777929864852122...
Loop116 pFBA...6589.0...Ave likelihood of: cpd00023_c is 0.2821104035482692...
Loop117 pFBA...9323.0...Ave likelihood of: cpd00053_c is 0.2681557046417539...
Loop118 pFBA...16687.0...Ave likelihood of: cpd00119_c is 0.3107615258914782...
Loop119 pFBA...17010.0...Ave likelihood of: cpd00322_c is 0.2281443950421611...
Loop120 pFBA...14205.0...Ave likelihood of: cpd00107_c is 0.2646298114889112...
Loop121 pFBA...17782.0...Ave likelihood of: cpd00039_c is 0.2972440134984078...
Loop122 pFBA...20632.0...Ave likelihood of: cpd00060_c is 0.2467591047553374...
Loop123 pFBA...21027.0...Ave likelihood of: cpd00066_c is 0.1942081904515396...
Loop124 pFBA...10261.0...Ave likelihood of: cpd00129_c is 0.20350610075169334...
Loop125 pFBA...5460.0...Ave likelihood of: cpd00054_c is 0.2908628315471381...
Loop126 pFBA...7527.0...Ave likelihood of: cpd00161_c is 0.36189860752570907...
Loop127 pFBA...27283.0...Ave likelihood of: cpd00065_c is 0.24941966624563805...
Loop128 pFBA...18528.0...Ave likelihood of: cpd00069_c is 0.20491016121326952...
Loop129 pFBA...7659.0...Ave likelihood of: cpd00156_c is 0.3350114486717865...
Loop130 pFBA...24124.0...Ave likelihood of: cpd00098_c is 0.24848625299352073...
Loop131 pFBA...14639.0...Ave likelihood of: cpd00274_c is 0.22350850591833904...
Loop132 pFBA...6621.0...Ave likelihood of: cpd00226_c is 0.3272843300637347...
Loop133 pFBA...4662.0...Ave likelihood of: cpd00246_c is 0.22683526868100323...
Loop134 pFBA...20460.0...Ave likelihood of: cpd00374_c is 0.21618221680396071...
Loop135 pFBA...5006.0...Ave likelihood of: cpd00221_c is 0.1120801936097516...
Loop136 pFBA...4338.0...Ave likelihood of: cpd00159_c is 0.36516720565255956...
Loop137 pFBA...10563.0...Ave likelihood of: cpd00211_c is 0.3062194323731755...
Loop138 pFBA...3760.0...Ave likelihood of: cpd00047_c is 0.22082136703704677...
Loop139 pFBA...5009.0...Ave likelihood of: cpd00106_c is 0.16859662023387884...
Loop140 pFBA...7742.0...Ave likelihood of: cpd00141_c is 0.3634835189804322...
Loop141 pFBA...19604.0...Ave likelihood of: cpd00216_c is 0.22539034844041164...
Loop142 pFBA...4801.0...Ave likelihood of: cpd00036_c is 0.229813888409916...
Loop143 pFBA...17171.0...Ave likelihood of: cpd00581_c is 0.3066006305387917...
Loop144 pFBA...4750.0...Ave likelihood of: cpd00128_c is 0.34730261639353244...
Loop145 pFBA...5863.0...Ave likelihood of: cpd00018_c is 0.27981855219696583...
Loop146 pFBA...5863.0...Ave likelihood of: cpd00091_c is 0.27981921769851353...
Loop147 pFBA...4164.0...Ave likelihood of: cpd00092_c is 0.295355923471266...
Loop148 pFBA...63973.0...Ave likelihood of: cpd00305_c is 0.14669533070136204...
Loop149 pFBA...12886.0...Ave likelihood of: cpd00220_c is 0.2767518743853386...
Loop150 pFBA...14527.0...Ave likelihood of: cpd00218_c is 0.15964018056069068...
Loop151 pFBA...14766.0...Ave likelihood of: cpd00215_c is 0.23938858000067004...
Loop152 pFBA...28884.0...Ave likelihood of: cpd00104_c is 0.1822711581234675...
Loop153 pFBA...35942.0...Ave likelihood of: cpd00393_c is 0.16212495793501577...
Loop154 pFBA...6193.0...Ave likelihood of: cpd00363_c is 0.4264400322086678...
Loop155 pFBA...8586.0...Ave likelihood of: cpd00281_c is 0.20199151256704134...
Loop156 pFBA...4149.0...Ave likelihood of: cpd00025_c is 0.3156221213042592...
Loop157 pFBA...19991.0...Ave likelihood of: cpd00811_c is 0.2974870610714287...
Loop158 pFBA...6029.0...Ave likelihood of: cpd00714_c is 0.3080426963309618...
32.9122269193mins to complete!
