
The following have been reloaded with a version change:
  1) anaconda2/4.4.0 => anaconda2/5.1.0

Loading in models...Adding Water...Remove no-like rxns...Pruned 1 metabolites from model
Pruned 1 reactions from model
Set-up Universal...62.0seconds to complete

Loop0 pFBA...5324.0...Ave likelihood of: cpd00117_c is 0.30749174990765815...
Loop1 pFBA...7122.0...Ave likelihood of: cpd00186_c is 0.31304754805043045...
Loop2 pFBA...21599.0...Ave likelihood of: cpd00637_c is 0.2525318466101335...
Loop3 pFBA...6394.0...Ave likelihood of: cpd00550_c is 0.42549848807520485...
Loop4 pFBA...4104.0...Ave likelihood of: cpd00033_c is 0.22375102352288848...
Loop5 pFBA...5219.0...Ave likelihood of: cpd00035_c is 0.30749174990765815...
Loop6 pFBA...17849.0...Ave likelihood of: cpd00051_c is 0.25603076392867824...
Loop7 pFBA...8097.0...Ave likelihood of: cpd00132_c is 0.19455315691017147...
Loop8 pFBA...5294.0...Ave likelihood of: cpd00041_c is 0.1873556830718713...
Loop9 pFBA...13491.0...Ave likelihood of: cpd00084_c is 0.2950915875981703...
Loop10 pFBA...6629.0...Ave likelihood of: cpd00023_c is 0.27415366997421203...
Loop11 pFBA...9257.0...Ave likelihood of: cpd00053_c is 0.19270186767047384...
Loop12 pFBA...15572.0...Ave likelihood of: cpd00119_c is 0.31786953333432383...
Loop13 pFBA...16770.0...Ave likelihood of: cpd00322_c is 0.1968971265998535...
Loop14 pFBA...13861.0...Ave likelihood of: cpd00107_c is 0.2914186475405746...
Loop15 pFBA...16895.0...Ave likelihood of: cpd00039_c is 0.3077828062608021...
Loop16 pFBA...20599.0...Ave likelihood of: cpd00060_c is 0.2560886331821072...
Loop17 pFBA...20918.0...Ave likelihood of: cpd00066_c is 0.27730950291899453...
Loop18 pFBA...10256.0...Ave likelihood of: cpd00129_c is 0.31203003292452486...
Loop19 pFBA...5394.0...Ave likelihood of: cpd00054_c is 0.4641801688093144...
Loop20 pFBA...7657.0...Ave likelihood of: cpd00161_c is 0.4016579218199965...
Loop21 pFBA...26569.0...Ave likelihood of: cpd00065_c is 0.19909643662805782...
Loop22 pFBA...18414.0...Ave likelihood of: cpd00069_c is 0.2297138031095384...
Loop23 pFBA...7841.0...Ave likelihood of: cpd00156_c is 0.3049276309546735...
Loop24 pFBA...24021.0...Ave likelihood of: cpd00098_c is 0.18915754000900295...
Loop25 pFBA...14257.0...Ave likelihood of: cpd00274_c is 0.29467887406856946...
Loop26 pFBA...6131.0...Ave likelihood of: cpd00226_c is 0.33496107481875276...
Loop27 pFBA...4603.0...Ave likelihood of: cpd00246_c is 0.4208331306038459...
Loop28 pFBA...20255.0...Ave likelihood of: cpd00374_c is 0.2668729342820575...
Loop29 pFBA...4186.0...Ave likelihood of: cpd00221_c is 0.45076023810461263...
Loop30 pFBA...4025.0...Ave likelihood of: cpd00159_c is 0.39164621397405297...
Loop31 pFBA...10048.0...Ave likelihood of: cpd00211_c is 0.2785689847254387...
Loop32 pFBA...3607.0...Ave likelihood of: cpd00047_c is 0.3764803627381177...
Loop33 pFBA...4994.0...Ave likelihood of: cpd00106_c is 0.18843777195107436...
Loop34 pFBA...7609.0...Ave likelihood of: cpd00141_c is 0.3438670122810284...
Loop35 pFBA...20022.0...Ave likelihood of: cpd00216_c is 0.2696470590806744...
Loop36 pFBA...4763.0...Ave likelihood of: cpd00036_c is 0.2246545338706264...
Loop37 pFBA...16169.0...Ave likelihood of: cpd00581_c is 0.34730873619276825...
Loop38 pFBA...4256.0...Ave likelihood of: cpd00128_c is 0.3630307156597399...
Loop39 pFBA...5761.0...Ave likelihood of: cpd00018_c is 0.393599284098967...
Loop40 pFBA...5091.0...Ave likelihood of: cpd00091_c is 0.37913839335467153...
Loop41 pFBA...4016.0...Ave likelihood of: cpd00092_c is 0.25988751171452984...
Loop42 pFBA...61460.0...Ave likelihood of: cpd00305_c is 0.22193456769831063...
Loop43 pFBA...13409.0...Ave likelihood of: cpd00220_c is 0.24362060505388758...
Loop44 pFBA...14330.0...Ave likelihood of: cpd00218_c is 0.2386320030209336...
Loop45 pFBA...13472.0...Ave likelihood of: cpd00215_c is 0.33397157494085317...
Loop46 pFBA...27914.0...Ave likelihood of: cpd00104_c is 0.2013042061329093...
Loop47 pFBA...36194.0...Ave likelihood of: cpd00393_c is 0.20511054021570962...
Loop48 pFBA...5745.0...Ave likelihood of: cpd00363_c is 0.5163113806069525...
Loop49 pFBA...8629.0...Ave likelihood of: cpd00281_c is 0.19582404998158...
Loop50 pFBA...4078.0...Ave likelihood of: cpd00025_c is 0.41461857033246513...
Loop51 pFBA...20300.0...Ave likelihood of: cpd00811_c is 0.20141783523773657...
Loop52 pFBA...5324.0...Ave likelihood of: cpd00117_c is 0.30749174990765815...
Loop53 pFBA...7122.0...Ave likelihood of: cpd00186_c is 0.31304754805043045...
Loop54 pFBA...21599.0...Ave likelihood of: cpd00637_c is 0.2525318466101335...
Loop55 pFBA...6394.0...Ave likelihood of: cpd00550_c is 0.42549848807520485...
Loop56 pFBA...4104.0...Ave likelihood of: cpd00033_c is 0.22375102352288842...
Loop57 pFBA...5219.0...Ave likelihood of: cpd00035_c is 0.30749174990765815...
Loop58 pFBA...18157.0...Ave likelihood of: cpd00051_c is 0.2298061305868746...
Loop59 pFBA...8097.0...Ave likelihood of: cpd00132_c is 0.19455315691017147...
Loop60 pFBA...5294.0...Ave likelihood of: cpd00041_c is 0.1873556830718713...
Loop61 pFBA...13537.0...Ave likelihood of: cpd00084_c is 0.2632349839311893...
Loop62 pFBA...6629.0...Ave likelihood of: cpd00023_c is 0.27415366997421203...
Loop63 pFBA...9257.0...Ave likelihood of: cpd00053_c is 0.1890659833748045...
Loop64 pFBA...15572.0...Ave likelihood of: cpd00119_c is 0.31786953333432383...
Loop65 pFBA...16770.0...Ave likelihood of: cpd00322_c is 0.1968971265998535...
Loop66 pFBA...13861.0...Ave likelihood of: cpd00107_c is 0.2914186475405746...
Loop67 pFBA...17233.0...Ave likelihood of: cpd00039_c is 0.2997879149884683...
Loop68 pFBA...20599.0...Ave likelihood of: cpd00060_c is 0.2560886331821072...
Loop69 pFBA...21173.0...Ave likelihood of: cpd00066_c is 0.2587298426762407...
Loop70 pFBA...10256.0...Ave likelihood of: cpd00129_c is 0.31203003292452486...
Loop71 pFBA...5394.0...Ave likelihood of: cpd00054_c is 0.4641801688093144...
Loop72 pFBA...7695.0...Ave likelihood of: cpd00161_c is 0.31526899041924755...
Loop73 pFBA...26569.0...Ave likelihood of: cpd00065_c is 0.19909643662805782...
Loop74 pFBA...18609.0...Ave likelihood of: cpd00069_c is 0.2527601464373956...
Loop75 pFBA...7841.0...Ave likelihood of: cpd00156_c is 0.3049276309546735...
Loop76 pFBA...24206.0...Ave likelihood of: cpd00098_c is 0.1845566537400911...
Loop77 pFBA...14449.0...Ave likelihood of: cpd00274_c is 0.1796397155626139...
Loop78 pFBA...6131.0...Ave likelihood of: cpd00226_c is 0.33496107481875276...
Loop79 pFBA...4828.0...Ave likelihood of: cpd00246_c is 0.21361002233135962...
Loop80 pFBA...20816.0...Ave likelihood of: cpd00374_c is 0.24653951621180853...
Loop81 pFBA...4309.0...Ave likelihood of: cpd00221_c is 0.25612435986099813...
Loop82 pFBA...4109.0...Ave likelihood of: cpd00159_c is 0.3619053097058675...
Loop83 pFBA...10048.0...Ave likelihood of: cpd00211_c is 0.2785689847254387...
Loop84 pFBA...3633.0...Ave likelihood of: cpd00047_c is 0.4240139723682824...
Loop85 pFBA...4994.0...Ave likelihood of: cpd00106_c is 0.18843777195107436...
Loop86 pFBA...7627.0...Ave likelihood of: cpd00141_c is 0.33378947296206335...
Loop87 pFBA...20214.0...Ave likelihood of: cpd00216_c is 0.3003936062206388...
Loop88 pFBA...4763.0...Ave likelihood of: cpd00036_c is 0.2246545338706264...
Loop89 pFBA...16169.0...Ave likelihood of: cpd00581_c is 0.34730873619276825...
Loop90 pFBA...4256.0...Ave likelihood of: cpd00128_c is 0.3630307156597399...
Loop91 pFBA...5761.0...Ave likelihood of: cpd00018_c is 0.393599284098967...
Loop92 pFBA...5091.0...Ave likelihood of: cpd00091_c is 0.3791383933546716...
Loop93 pFBA...4016.0...Ave likelihood of: cpd00092_c is 0.25988751171452984...
Loop94 pFBA...61460.0...Ave likelihood of: cpd00305_c is 0.22824348057023292...
Loop95 pFBA...13409.0...Ave likelihood of: cpd00220_c is 0.2583854902086687...
Loop96 pFBA...14473.0...Ave likelihood of: cpd00218_c is 0.16731728671039472...
Loop97 pFBA...14013.0...Ave likelihood of: cpd00215_c is 0.29293773862736977...
Loop98 pFBA...27914.0...Ave likelihood of: cpd00104_c is 0.2059318890325164...
Loop99 pFBA...36194.0...Ave likelihood of: cpd00393_c is 0.20263459281260846...
Loop100 pFBA...6029.0...Ave likelihood of: cpd00363_c is 0.46444157743394326...
Loop101 pFBA...8629.0...Ave likelihood of: cpd00281_c is 0.19582404998158...
Loop102 pFBA...4181.0...Ave likelihood of: cpd00025_c is 0.3221879316197863...
Loop103 pFBA...20700.0...Ave likelihood of: cpd00811_c is 0.2070637379287113...
Loop104 pFBA...5324.0...Ave likelihood of: cpd00117_c is 0.30749174990765815...
Loop105 pFBA...7122.0...Ave likelihood of: cpd00186_c is 0.31304754805043045...
Loop106 pFBA...21599.0...Ave likelihood of: cpd00637_c is 0.2525318466101335...
Loop107 pFBA...6394.0...Ave likelihood of: cpd00550_c is 0.42549848807520485...
Loop108 pFBA...4104.0...Ave likelihood of: cpd00033_c is 0.22375102352288848...
Loop109 pFBA...5219.0...Ave likelihood of: cpd00035_c is 0.30749174990765815...
Loop110 pFBA...17820.0...Ave likelihood of: cpd00051_c is 0.26067463993981843...
Loop111 pFBA...8097.0...Ave likelihood of: cpd00132_c is 0.19455315691017147...
Loop112 pFBA...5294.0...Ave likelihood of: cpd00041_c is 0.1873556830718713...
Loop113 pFBA...13506.0...Ave likelihood of: cpd00084_c is 0.2976084321054835...
Loop114 pFBA...6629.0...Ave likelihood of: cpd00023_c is 0.27415366997421203...
Loop115 pFBA...9257.0...Ave likelihood of: cpd00053_c is 0.19270186767047387...
Loop116 pFBA...15572.0...Ave likelihood of: cpd00119_c is 0.31786953333432383...
Loop117 pFBA...16770.0...Ave likelihood of: cpd00322_c is 0.1968971265998535...
Loop118 pFBA...13861.0...Ave likelihood of: cpd00107_c is 0.2914186475405746...
Loop119 pFBA...17057.0...Ave likelihood of: cpd00039_c is 0.28422868030776616...
Loop120 pFBA...20599.0...Ave likelihood of: cpd00060_c is 0.2560886331821072...
Loop121 pFBA...20753.0...Ave likelihood of: cpd00066_c is 0.2838809617795964...
Loop122 pFBA...10256.0...Ave likelihood of: cpd00129_c is 0.31203003292452486...
Loop123 pFBA...5394.0...Ave likelihood of: cpd00054_c is 0.4641801688093144...
Loop124 pFBA...7618.0...Ave likelihood of: cpd00161_c is 0.3676475516457306...
Loop125 pFBA...26569.0...Ave likelihood of: cpd00065_c is 0.1990964366280578...
Loop126 pFBA...18276.0...Ave likelihood of: cpd00069_c is 0.23710740788407195...
Loop127 pFBA...7841.0...Ave likelihood of: cpd00156_c is 0.3049276309546735...
Loop128 pFBA...23927.0...Ave likelihood of: cpd00098_c is 0.24639003556042097...
Loop129 pFBA...14430.0...Ave likelihood of: cpd00274_c is 0.27327868205196204...
Loop130 pFBA...6131.0...Ave likelihood of: cpd00226_c is 0.33496107481875276...
Loop131 pFBA...4539.0...Ave likelihood of: cpd00246_c is 0.36487511930794503...
Loop132 pFBA...20087.0...Ave likelihood of: cpd00374_c is 0.2618892382975292...
Loop133 pFBA...4269.0...Ave likelihood of: cpd00221_c is 0.4013902401411919...
Loop134 pFBA...4085.0...Ave likelihood of: cpd00159_c is 0.36763944355232975...
Loop135 pFBA...10028.0...Ave likelihood of: cpd00211_c is 0.3693202760393032...
Loop136 pFBA...3633.0...Ave likelihood of: cpd00047_c is 0.4240139723682824...
Loop137 pFBA...4994.0...Ave likelihood of: cpd00106_c is 0.18843777195107436...
Loop138 pFBA...7577.0...Ave likelihood of: cpd00141_c is 0.38164102858688226...
Loop139 pFBA...19741.0...Ave likelihood of: cpd00216_c is 0.28462091542648266...
Loop140 pFBA...4763.0...Ave likelihood of: cpd00036_c is 0.2246545338706264...
Loop141 pFBA...16169.0...Ave likelihood of: cpd00581_c is 0.34730873619276825...
Loop142 pFBA...4256.0...Ave likelihood of: cpd00128_c is 0.3630307156597399...
Loop143 pFBA...5761.0...Ave likelihood of: cpd00018_c is 0.393599284098967...
Loop144 pFBA...5091.0...Ave likelihood of: cpd00091_c is 0.3679872641383577...
Loop145 pFBA...4016.0...Ave likelihood of: cpd00092_c is 0.25988751171452984...
Loop146 pFBA...61436.0...Ave likelihood of: cpd00305_c is 0.22376111403557147...
Loop147 pFBA...13409.0...Ave likelihood of: cpd00220_c is 0.29009836876492734...
Loop148 pFBA...14299.0...Ave likelihood of: cpd00218_c is 0.20232358767223604...
Loop149 pFBA...13256.0...Ave likelihood of: cpd00215_c is 0.41243200687914894...
Loop150 pFBA...27907.0...Ave likelihood of: cpd00104_c is 0.23320964667331048...
Loop151 pFBA...36194.0...Ave likelihood of: cpd00393_c is 0.20263459281260846...
Loop152 pFBA...5593.0...Ave likelihood of: cpd00363_c is 0.48684959849881426...
Loop153 pFBA...8629.0...Ave likelihood of: cpd00281_c is 0.19582404998158...
Loop154 pFBA...4046.0...Ave likelihood of: cpd00025_c is 0.4033784042028148...
Loop155 pFBA...20083.0...Ave likelihood of: cpd00811_c is 0.2174814013414299...
32.1669950962mins to complete!
