
The following have been reloaded with a version change:
  1) anaconda2/4.4.0 => anaconda2/5.1.0

Loading in models...Adding Water...Remove no-like rxns...Pruned 1 metabolites from model
Pruned 1 reactions from model
Set-up Universal...62.0seconds to complete

Loop0 pFBA...6308.0...Ave likelihood of: cpd00117_c is 0.20179349610634537...
Loop1 pFBA...7954.0...Ave likelihood of: cpd00186_c is 0.17590781486306278...
Loop2 pFBA...23370.0...Ave likelihood of: cpd00637_c is 0.10429486365338754...
Loop3 pFBA...7383.0...Ave likelihood of: cpd00550_c is 0.15505837324732338...
Loop4 pFBA...4741.0...Ave likelihood of: cpd00033_c is 0.15721722853169998...
Loop5 pFBA...6138.0...Ave likelihood of: cpd00035_c is 0.19825926877152225...
Loop6 pFBA...19019.0...Ave likelihood of: cpd00051_c is 0.26911377768333294...
Loop7 pFBA...8376.0...Ave likelihood of: cpd00132_c is 0.14132397341350186...
Loop8 pFBA...5884.0...Ave likelihood of: cpd00041_c is 0.1284862267033529...
Loop9 pFBA...14337.0...Ave likelihood of: cpd00084_c is 0.17655729526241987...
Loop10 pFBA...7711.0...Ave likelihood of: cpd00023_c is 0.13714627599801363...
Loop11 pFBA...10115.0...Ave likelihood of: cpd00053_c is 0.11461471472177451...
Loop12 pFBA...22014.0...Ave likelihood of: cpd00119_c is 0.09316450872592534...
Loop13 pFBA...18230.0...Ave likelihood of: cpd00322_c is 0.16801082226764436...
Loop14 pFBA...15077.0...Ave likelihood of: cpd00107_c is 0.1683132666227594...
Loop15 pFBA...20896.0...Ave likelihood of: cpd00039_c is 0.21776447022511936...
Loop16 pFBA...22389.0...Ave likelihood of: cpd00060_c is 0.11748253977305749...
Loop17 pFBA...21132.0...Ave likelihood of: cpd00066_c is 0.1589359347275816...
Loop18 pFBA...11974.0...Ave likelihood of: cpd00129_c is 0.10512843576253353...
Loop19 pFBA...6383.0...Ave likelihood of: cpd00054_c is 0.16417945402657774...
Loop20 pFBA...8633.0...Ave likelihood of: cpd00161_c is 0.23936383411762577...
Loop21 pFBA...30526.0...Ave likelihood of: cpd00065_c is 0.130295317829644...
Loop22 pFBA...19054.0...Ave likelihood of: cpd00069_c is 0.15729363639216204...
Loop23 pFBA...9171.0...Ave likelihood of: cpd00156_c is 0.10951386705369118...
Loop24 pFBA...25019.0...Ave likelihood of: cpd00098_c is 0.16903961388686278...
Loop25 pFBA...15381.0...Ave likelihood of: cpd00274_c is 0.24029281850192882...
Loop26 pFBA...7014.0...Ave likelihood of: cpd00226_c is 0.27847395447963136...
Loop27 pFBA...5048.0...Ave likelihood of: cpd00246_c is 0.26929855924087004...
Loop28 pFBA...20907.0...Ave likelihood of: cpd00374_c is 0.17309242411677955...
Loop29 pFBA...4953.0...Ave likelihood of: cpd00221_c is 0.28661000819351445...
Loop30 pFBA...4399.0...Ave likelihood of: cpd00159_c is 0.31507066762934044...
Loop31 pFBA...10704.0...Ave likelihood of: cpd00211_c is 0.22413064092810556...
Loop32 pFBA...4187.0...Ave likelihood of: cpd00047_c is 0.22456807158573502...
Loop33 pFBA...5340.0...Ave likelihood of: cpd00106_c is 0.08951885338045641...
Loop34 pFBA...7968.0...Ave likelihood of: cpd00141_c is 0.2531906831600758...
Loop35 pFBA...21194.0...Ave likelihood of: cpd00216_c is 0.1411637246366694...
Loop36 pFBA...5138.0...Ave likelihood of: cpd00036_c is 0.041131864908175234...
Loop37 pFBA...22012.0...Ave likelihood of: cpd00581_c is 0.09099789224392707...
Loop38 pFBA...4970.0...Ave likelihood of: cpd00128_c is 0.09603737404431419...
Loop39 pFBA...6075.0...Ave likelihood of: cpd00018_c is 0.14952102959851235...
Loop40 pFBA...5425.0...Ave likelihood of: cpd00091_c is 0.17659141485586738...
Loop41 pFBA...3462.0...Ave likelihood of: cpd00092_c is 0.3035020276512039...
Loop42 pFBA...64515.0...Ave likelihood of: cpd00305_c is 0.10986493449459207...
Loop43 pFBA...14646.0...Ave likelihood of: cpd00220_c is 0.06592101811892649...
Loop44 pFBA...14505.0...Ave likelihood of: cpd00218_c is 0.14155157485905773...
Loop45 pFBA...15031.0...Ave likelihood of: cpd00215_c is 0.20542909748188132...
Loop46 pFBA...29082.0...Ave likelihood of: cpd00104_c is 0.14281363199940175...
Loop47 pFBA...35521.0...Ave likelihood of: cpd00393_c is 0.11370426087683673...
Loop48 pFBA...6324.0...Ave likelihood of: cpd00363_c is 0.3353081932424061...
Loop49 pFBA...9999.0...Ave likelihood of: cpd00281_c is 8.412783120957681e-05...
Loop50 pFBA...4224.0...Ave likelihood of: cpd00025_c is 0.24560927493609225...
Loop51 pFBA...21025.0...Ave likelihood of: cpd00811_c is 0.11766695678127027...
Loop52 pFBA...5638.0...Ave likelihood of: cpd00714_c is 0.29397420406585395...
Loop53 pFBA...6308.0...Ave likelihood of: cpd00117_c is 0.12527935146165023...
Loop54 pFBA...7954.0...Ave likelihood of: cpd00186_c is 0.17590781486306278...
Loop55 pFBA...23431.0...Ave likelihood of: cpd00637_c is 0.08863169084837684...
Loop56 pFBA...7462.0...Ave likelihood of: cpd00550_c is 0.10612656075385167...
Loop57 pFBA...4741.0...Ave likelihood of: cpd00033_c is 0.15721722853169998...
Loop58 pFBA...6189.0...Ave likelihood of: cpd00035_c is 0.12527935146165023...
Loop59 pFBA...19474.0...Ave likelihood of: cpd00051_c is 0.1344269480430753...
Loop60 pFBA...8376.0...Ave likelihood of: cpd00132_c is 0.14132397341350186...
Loop61 pFBA...5884.0...Ave likelihood of: cpd00041_c is 0.1284862267033529...
Loop62 pFBA...14704.0...Ave likelihood of: cpd00084_c is 0.15765251067828864...
Loop63 pFBA...7711.0...Ave likelihood of: cpd00023_c is 0.12861143967429198...
Loop64 pFBA...10115.0...Ave likelihood of: cpd00053_c is 0.11461471472177451...
Loop65 pFBA...22014.0...Ave likelihood of: cpd00119_c is 0.09316450872592534...
Loop66 pFBA...18307.0...Ave likelihood of: cpd00322_c is 0.07670771586736412...
Loop67 pFBA...15077.0...Ave likelihood of: cpd00107_c is 0.1683132666227594...
Loop68 pFBA...21473.0...Ave likelihood of: cpd00039_c is 0.18902850517438738...
Loop69 pFBA...22434.0...Ave likelihood of: cpd00060_c is 0.10933263232072868...
Loop70 pFBA...22352.0...Ave likelihood of: cpd00066_c is 0.12963910146476024...
Loop71 pFBA...11974.0...Ave likelihood of: cpd00129_c is 0.10512843576253353...
Loop72 pFBA...6462.0...Ave likelihood of: cpd00054_c is 0.10848492877060394...
Loop73 pFBA...8874.0...Ave likelihood of: cpd00161_c is 0.15413938027741622...
Loop74 pFBA...30527.0...Ave likelihood of: cpd00065_c is 0.12389713131621417...
Loop75 pFBA...20048.0...Ave likelihood of: cpd00069_c is 0.11279897739706049...
Loop76 pFBA...9171.0...Ave likelihood of: cpd00156_c is 0.10951386705369118...
Loop77 pFBA...25398.0...Ave likelihood of: cpd00098_c is 0.10361934423802652...
Loop78 pFBA...15847.0...Ave likelihood of: cpd00274_c is 0.13508567245547382...
Loop79 pFBA...7014.0...Ave likelihood of: cpd00226_c is 0.27847395447963136...
Loop80 pFBA...5145.0...Ave likelihood of: cpd00246_c is 0.20547616011147182...
Loop81 pFBA...22391.0...Ave likelihood of: cpd00374_c is 0.10966567246936437...
Loop82 pFBA...5511.0...Ave likelihood of: cpd00221_c is 0.08387199595193254...
Loop83 pFBA...4770.0...Ave likelihood of: cpd00159_c is 0.26820579609862094...
Loop84 pFBA...10787.0...Ave likelihood of: cpd00211_c is 0.13859885790437174...
Loop85 pFBA...4284.0...Ave likelihood of: cpd00047_c is 0.09561144854359159...
Loop86 pFBA...5340.0...Ave likelihood of: cpd00106_c is 0.08951885338045641...
Loop87 pFBA...8450.0...Ave likelihood of: cpd00141_c is 0.07549452650866326...
Loop88 pFBA...22119.0...Ave likelihood of: cpd00216_c is 0.13644823373081524...
Loop89 pFBA...5138.0...Ave likelihood of: cpd00036_c is 0.041131864908175234...
Loop90 pFBA...22012.0...Ave likelihood of: cpd00581_c is 0.08892975832929237...
Loop91 pFBA...4970.0...Ave likelihood of: cpd00128_c is 0.09603737404431419...
Loop92 pFBA...6075.0...Ave likelihood of: cpd00018_c is 0.14952102959851235...
Loop93 pFBA...5425.0...Ave likelihood of: cpd00091_c is 0.17659141485586738...
Loop94 pFBA...3463.0...Ave likelihood of: cpd00092_c is 0.39312699439702614...
Loop95 pFBA...64793.0...Ave likelihood of: cpd00305_c is 0.12048970273660398...
Loop96 pFBA...14646.0...Ave likelihood of: cpd00220_c is 0.06592101811892649...
Loop97 pFBA...14890.0...Ave likelihood of: cpd00218_c is 0.10246468262967258...
Loop98 pFBA...15518.0...Ave likelihood of: cpd00215_c is 0.17037308879798663...
Loop99 pFBA...29283.0...Ave likelihood of: cpd00104_c is 0.13674062727989442...
Loop100 pFBA...35525.0...Ave likelihood of: cpd00393_c is 0.12846241847969567...
Loop101 pFBA...7469.0...Ave likelihood of: cpd00363_c is 0.15195447389699723...
Loop102 pFBA...9999.0...Ave likelihood of: cpd00281_c is 8.412783120957681e-05...
Loop103 pFBA...4389.0...Ave likelihood of: cpd00025_c is 0.25685664649362994...
Loop104 pFBA...22088.0...Ave likelihood of: cpd00811_c is 0.09929025297699338...
Loop105 pFBA...6559.0...Ave likelihood of: cpd00714_c is 0.25968187540043564...
Loop106 pFBA...6308.0...Ave likelihood of: cpd00117_c is 0.12527935146165023...
Loop107 pFBA...7954.0...Ave likelihood of: cpd00186_c is 0.17590781486306278...
Loop108 pFBA...23336.0...Ave likelihood of: cpd00637_c is 0.1111499931538413...
Loop109 pFBA...7445.0...Ave likelihood of: cpd00550_c is 0.20367167770276592...
Loop110 pFBA...4741.0...Ave likelihood of: cpd00033_c is 0.15721722853169998...
Loop111 pFBA...6189.0...Ave likelihood of: cpd00035_c is 0.12527935146165023...
Loop112 pFBA...19037.0...Ave likelihood of: cpd00051_c is 0.24585667555892704...
Loop113 pFBA...8376.0...Ave likelihood of: cpd00132_c is 0.14132397341350186...
Loop114 pFBA...5884.0...Ave likelihood of: cpd00041_c is 0.1284862267033529...
Loop115 pFBA...14624.0...Ave likelihood of: cpd00084_c is 0.1740553214129302...
Loop116 pFBA...7711.0...Ave likelihood of: cpd00023_c is 0.12861143967429198...
Loop117 pFBA...10115.0...Ave likelihood of: cpd00053_c is 0.11461471472177451...
Loop118 pFBA...22014.0...Ave likelihood of: cpd00119_c is 0.09099789224392707...
Loop119 pFBA...18203.0...Ave likelihood of: cpd00322_c is 0.17041493286290985...
Loop120 pFBA...15077.0...Ave likelihood of: cpd00107_c is 0.1683132666227594...
Loop121 pFBA...21050.0...Ave likelihood of: cpd00039_c is 0.17535339695012608...
Loop122 pFBA...22355.0...Ave likelihood of: cpd00060_c is 0.11918778100923416...
Loop123 pFBA...21035.0...Ave likelihood of: cpd00066_c is 0.1632168439178962...
Loop124 pFBA...11974.0...Ave likelihood of: cpd00129_c is 0.10512843576253353...
Loop125 pFBA...6445.0...Ave likelihood of: cpd00054_c is 0.2007626005822101...
Loop126 pFBA...8667.0...Ave likelihood of: cpd00161_c is 0.25398640833070957...
Loop127 pFBA...30524.0...Ave likelihood of: cpd00065_c is 0.13425169017451313...
Loop128 pFBA...18974.0...Ave likelihood of: cpd00069_c is 0.16249727825206806...
Loop129 pFBA...9171.0...Ave likelihood of: cpd00156_c is 0.10951386705369118...
Loop130 pFBA...24962.0...Ave likelihood of: cpd00098_c is 0.19930568533141352...
Loop131 pFBA...15501.0...Ave likelihood of: cpd00274_c is 0.22333881173343326...
Loop132 pFBA...7014.0...Ave likelihood of: cpd00226_c is 0.27847395447963136...
Loop133 pFBA...5099.0...Ave likelihood of: cpd00246_c is 0.2761708007912125...
Loop134 pFBA...20809.0...Ave likelihood of: cpd00374_c is 0.17507419095882273...
Loop135 pFBA...4904.0...Ave likelihood of: cpd00221_c is 0.17475528927325984...
Loop136 pFBA...4511.0...Ave likelihood of: cpd00159_c is 0.2514431885128209...
Loop137 pFBA...10679.0...Ave likelihood of: cpd00211_c is 0.22770748839911029...
Loop138 pFBA...4268.0...Ave likelihood of: cpd00047_c is 0.12361994596453432...
Loop139 pFBA...5340.0...Ave likelihood of: cpd00106_c is 0.08951885338045641...
Loop140 pFBA...8270.0...Ave likelihood of: cpd00141_c is 0.17903171991902092...
Loop141 pFBA...21086.0...Ave likelihood of: cpd00216_c is 0.1437365447473921...
Loop142 pFBA...5138.0...Ave likelihood of: cpd00036_c is 0.041131864908175234...
Loop143 pFBA...22012.0...Ave likelihood of: cpd00581_c is 0.09099789224392707...
Loop144 pFBA...4970.0...Ave likelihood of: cpd00128_c is 0.09603737404431419...
Loop145 pFBA...6075.0...Ave likelihood of: cpd00018_c is 0.14952102959851235...
Loop146 pFBA...5425.0...Ave likelihood of: cpd00091_c is 0.17659141485586738...
Loop147 pFBA...3453.0...Ave likelihood of: cpd00092_c is 0.3096124754141703...
Loop148 pFBA...64607.0...Ave likelihood of: cpd00305_c is 0.12121850873578788...
Loop149 pFBA...14628.0...Ave likelihood of: cpd00220_c is 0.1480927415177536...
Loop150 pFBA...14459.0...Ave likelihood of: cpd00218_c is 0.1437082034812812...
Loop151 pFBA...14968.0...Ave likelihood of: cpd00215_c is 0.19913844394253444...
Loop152 pFBA...29146.0...Ave likelihood of: cpd00104_c is 0.13657530630305637...
Loop153 pFBA...35519.0...Ave likelihood of: cpd00393_c is 0.11568602771887986...
Loop154 pFBA...6571.0...Ave likelihood of: cpd00363_c is 0.3823101003166227...
Loop155 pFBA...9999.0...Ave likelihood of: cpd00281_c is 8.412783120957681e-05...
Loop156 pFBA...4206.0...Ave likelihood of: cpd00025_c is 0.259135482565309...
Loop157 pFBA...20954.0...Ave likelihood of: cpd00811_c is 0.12033333398692835...
Loop158 pFBA...5565.0...Ave likelihood of: cpd00714_c is 0.30095757293781555...
33.6066614827mins to complete!
