
The following have been reloaded with a version change:
  1) anaconda2/4.4.0 => anaconda2/5.1.0

Loading in models...Adding Water...Remove no-like rxns...Pruned 1 metabolites from model
Pruned 1 reactions from model
Set-up Universal...61.0seconds to complete

Loop0 pFBA...5324.0...Ave likelihood of: cpd00117_c is 0.30735973847842296...
Loop1 pFBA...7122.0...Ave likelihood of: cpd00186_c is 0.31294186907923277...
Loop2 pFBA...21677.0...Ave likelihood of: cpd00637_c is 0.24844160157940698...
Loop3 pFBA...6399.0...Ave likelihood of: cpd00550_c is 0.42512931836443335...
Loop4 pFBA...4105.0...Ave likelihood of: cpd00033_c is 0.2235347961966489...
Loop5 pFBA...5218.0...Ave likelihood of: cpd00035_c is 0.30735973847842296...
Loop6 pFBA...17880.0...Ave likelihood of: cpd00051_c is 0.2714291424058128...
Loop7 pFBA...8169.0...Ave likelihood of: cpd00132_c is 0.18942648106060525...
Loop8 pFBA...5303.0...Ave likelihood of: cpd00041_c is 0.18190858998170717...
Loop9 pFBA...13556.0...Ave likelihood of: cpd00084_c is 0.2966228119754448...
Loop10 pFBA...6629.0...Ave likelihood of: cpd00023_c is 0.27426987482888615...
Loop11 pFBA...9276.0...Ave likelihood of: cpd00053_c is 0.18459919152688714...
Loop12 pFBA...15579.0...Ave likelihood of: cpd00119_c is 0.32112993075315904...
Loop13 pFBA...16893.0...Ave likelihood of: cpd00322_c is 0.24385497718640983...
Loop14 pFBA...13959.0...Ave likelihood of: cpd00107_c is 0.2850048437123053...
Loop15 pFBA...16908.0...Ave likelihood of: cpd00039_c is 0.2956511490561871...
Loop16 pFBA...20677.0...Ave likelihood of: cpd00060_c is 0.2519407790664409...
Loop17 pFBA...20911.0...Ave likelihood of: cpd00066_c is 0.276618615111307...
Loop18 pFBA...10258.0...Ave likelihood of: cpd00129_c is 0.3118619979370674...
Loop19 pFBA...5399.0...Ave likelihood of: cpd00054_c is 0.46377743821574546...
Loop20 pFBA...7667.0...Ave likelihood of: cpd00161_c is 0.37862933203258475...
Loop21 pFBA...26580.0...Ave likelihood of: cpd00065_c is 0.19781138094802267...
Loop22 pFBA...18400.0...Ave likelihood of: cpd00069_c is 0.2374426854542608...
Loop23 pFBA...7898.0...Ave likelihood of: cpd00156_c is 0.29586137895330045...
Loop24 pFBA...24115.0...Ave likelihood of: cpd00098_c is 0.21442975292670302...
Loop25 pFBA...14406.0...Ave likelihood of: cpd00274_c is 0.2876185743751969...
Loop26 pFBA...6129.0...Ave likelihood of: cpd00226_c is 0.33488042203486384...
Loop27 pFBA...4608.0...Ave likelihood of: cpd00246_c is 0.3973445224116672...
Loop28 pFBA...20242.0...Ave likelihood of: cpd00374_c is 0.2577443693478323...
Loop29 pFBA...4209.0...Ave likelihood of: cpd00221_c is 0.47860433540862896...
Loop30 pFBA...4033.0...Ave likelihood of: cpd00159_c is 0.37528366030564636...
Loop31 pFBA...10147.0...Ave likelihood of: cpd00211_c is 0.25033971280120615...
Loop32 pFBA...3607.0...Ave likelihood of: cpd00047_c is 0.40428525698328954...
Loop33 pFBA...4992.0...Ave likelihood of: cpd00106_c is 0.17560549307727616...
Loop34 pFBA...7632.0...Ave likelihood of: cpd00141_c is 0.308979618839886...
Loop35 pFBA...20032.0...Ave likelihood of: cpd00216_c is 0.2312355920302024...
Loop36 pFBA...4756.0...Ave likelihood of: cpd00036_c is 0.225651258504777...
Loop37 pFBA...16184.0...Ave likelihood of: cpd00581_c is 0.3328073827805467...
Loop38 pFBA...4244.0...Ave likelihood of: cpd00128_c is 0.3672938840002845...
Loop39 pFBA...5766.0...Ave likelihood of: cpd00018_c is 0.3166824587110849...
Loop40 pFBA...5096.0...Ave likelihood of: cpd00091_c is 0.36792825415992214...
Loop41 pFBA...4019.0...Ave likelihood of: cpd00092_c is 0.2596475161787564...
Loop42 pFBA...61599.0...Ave likelihood of: cpd00305_c is 0.20292999912618503...
Loop43 pFBA...13412.0...Ave likelihood of: cpd00220_c is 0.25071818749859665...
Loop44 pFBA...14405.0...Ave likelihood of: cpd00218_c is 0.19973555802231202...
Loop45 pFBA...13516.0...Ave likelihood of: cpd00215_c is 0.32310157247376964...
Loop46 pFBA...28017.0...Ave likelihood of: cpd00104_c is 0.19261251817876257...
Loop47 pFBA...36221.0...Ave likelihood of: cpd00393_c is 0.21460385270837054...
Loop48 pFBA...6118.0...Ave likelihood of: cpd00363_c is 0.5045832083215465...
Loop49 pFBA...8629.0...Ave likelihood of: cpd00281_c is 0.1959070534492044...
Loop50 pFBA...4100.0...Ave likelihood of: cpd00025_c is 0.39198092648346256...
Loop51 pFBA...20343.0...Ave likelihood of: cpd00811_c is 0.19841161219745476...
Loop52 pFBA...5324.0...Ave likelihood of: cpd00117_c is 0.30735973847842296...
Loop53 pFBA...7122.0...Ave likelihood of: cpd00186_c is 0.31294186907923277...
Loop54 pFBA...21677.0...Ave likelihood of: cpd00637_c is 0.24844160157940698...
Loop55 pFBA...6399.0...Ave likelihood of: cpd00550_c is 0.42512931836443335...
Loop56 pFBA...4105.0...Ave likelihood of: cpd00033_c is 0.22353479619664893...
Loop57 pFBA...5218.0...Ave likelihood of: cpd00035_c is 0.30735973847842296...
Loop58 pFBA...18157.0...Ave likelihood of: cpd00051_c is 0.25970683706992115...
Loop59 pFBA...8169.0...Ave likelihood of: cpd00132_c is 0.18942648106060525...
Loop60 pFBA...5303.0...Ave likelihood of: cpd00041_c is 0.18190858998170717...
Loop61 pFBA...13631.0...Ave likelihood of: cpd00084_c is 0.24019542089071913...
Loop62 pFBA...6629.0...Ave likelihood of: cpd00023_c is 0.27426987482888615...
Loop63 pFBA...9276.0...Ave likelihood of: cpd00053_c is 0.18808219514060198...
Loop64 pFBA...15579.0...Ave likelihood of: cpd00119_c is 0.32112993075315904...
Loop65 pFBA...16893.0...Ave likelihood of: cpd00322_c is 0.24385497718640983...
Loop66 pFBA...13959.0...Ave likelihood of: cpd00107_c is 0.2850048437123053...
Loop67 pFBA...17294.0...Ave likelihood of: cpd00039_c is 0.3036062381965897...
Loop68 pFBA...20677.0...Ave likelihood of: cpd00060_c is 0.2519407790664409...
Loop69 pFBA...21168.0...Ave likelihood of: cpd00066_c is 0.2824472436498953...
Loop70 pFBA...10258.0...Ave likelihood of: cpd00129_c is 0.3118619979370674...
Loop71 pFBA...5399.0...Ave likelihood of: cpd00054_c is 0.46377743821574546...
Loop72 pFBA...7711.0...Ave likelihood of: cpd00161_c is 0.292057005596962...
Loop73 pFBA...26580.0...Ave likelihood of: cpd00065_c is 0.19781138094802267...
Loop74 pFBA...18598.0...Ave likelihood of: cpd00069_c is 0.2531337480154698...
Loop75 pFBA...7898.0...Ave likelihood of: cpd00156_c is 0.29586137895330045...
Loop76 pFBA...24283.0...Ave likelihood of: cpd00098_c is 0.17785606007994192...
Loop77 pFBA...14622.0...Ave likelihood of: cpd00274_c is 0.21675129118384442...
Loop78 pFBA...6129.0...Ave likelihood of: cpd00226_c is 0.33488042203486384...
Loop79 pFBA...4829.0...Ave likelihood of: cpd00246_c is 0.21343857218685033...
Loop80 pFBA...20804.0...Ave likelihood of: cpd00374_c is 0.24697510898544742...
Loop81 pFBA...4310.0...Ave likelihood of: cpd00221_c is 0.2559281865274579...
Loop82 pFBA...4111.0...Ave likelihood of: cpd00159_c is 0.3607221683919799...
Loop83 pFBA...10147.0...Ave likelihood of: cpd00211_c is 0.25033971280120615...
Loop84 pFBA...3634.0...Ave likelihood of: cpd00047_c is 0.423618300760936...
Loop85 pFBA...4992.0...Ave likelihood of: cpd00106_c is 0.17560549307727616...
Loop86 pFBA...7659.0...Ave likelihood of: cpd00141_c is 0.3136836494570801...
Loop87 pFBA...20224.0...Ave likelihood of: cpd00216_c is 0.2505761217403187...
Loop88 pFBA...4756.0...Ave likelihood of: cpd00036_c is 0.225651258504777...
Loop89 pFBA...16184.0...Ave likelihood of: cpd00581_c is 0.3328073827805467...
Loop90 pFBA...4244.0...Ave likelihood of: cpd00128_c is 0.3672938840002845...
Loop91 pFBA...5766.0...Ave likelihood of: cpd00018_c is 0.3166824587110849...
Loop92 pFBA...5096.0...Ave likelihood of: cpd00091_c is 0.3790775951950714...
Loop93 pFBA...4019.0...Ave likelihood of: cpd00092_c is 0.2596475161787564...
Loop94 pFBA...61615.0...Ave likelihood of: cpd00305_c is 0.20092596815162106...
Loop95 pFBA...13412.0...Ave likelihood of: cpd00220_c is 0.24355481071292243...
Loop96 pFBA...14495.0...Ave likelihood of: cpd00218_c is 0.1662777071846782...
Loop97 pFBA...14043.0...Ave likelihood of: cpd00215_c is 0.29067339500512124...
Loop98 pFBA...28017.0...Ave likelihood of: cpd00104_c is 0.19261251817876257...
Loop99 pFBA...36221.0...Ave likelihood of: cpd00393_c is 0.21460385270837048...
Loop100 pFBA...6401.0...Ave likelihood of: cpd00363_c is 0.4546296378127841...
Loop101 pFBA...8629.0...Ave likelihood of: cpd00281_c is 0.1959070534492044...
Loop102 pFBA...4184.0...Ave likelihood of: cpd00025_c is 0.32206663401646524...
Loop103 pFBA...20742.0...Ave likelihood of: cpd00811_c is 0.20576645839905142...
Loop104 pFBA...5324.0...Ave likelihood of: cpd00117_c is 0.30735973847842296...
Loop105 pFBA...7122.0...Ave likelihood of: cpd00186_c is 0.31294186907923277...
Loop106 pFBA...21677.0...Ave likelihood of: cpd00637_c is 0.24844160157940698...
Loop107 pFBA...6399.0...Ave likelihood of: cpd00550_c is 0.42512931836443335...
Loop108 pFBA...4105.0...Ave likelihood of: cpd00033_c is 0.2235347961966489...
Loop109 pFBA...5218.0...Ave likelihood of: cpd00035_c is 0.30735973847842296...
Loop110 pFBA...17851.0...Ave likelihood of: cpd00051_c is 0.261769446382073...
Loop111 pFBA...8169.0...Ave likelihood of: cpd00132_c is 0.18942648106060525...
Loop112 pFBA...5303.0...Ave likelihood of: cpd00041_c is 0.18190858998170717...
Loop113 pFBA...13595.0...Ave likelihood of: cpd00084_c is 0.3054251216401477...
Loop114 pFBA...6629.0...Ave likelihood of: cpd00023_c is 0.27426987482888615...
Loop115 pFBA...9276.0...Ave likelihood of: cpd00053_c is 0.18808219514060198...
Loop116 pFBA...15579.0...Ave likelihood of: cpd00119_c is 0.32112993075315904...
Loop117 pFBA...16893.0...Ave likelihood of: cpd00322_c is 0.24385497718640983...
Loop118 pFBA...13959.0...Ave likelihood of: cpd00107_c is 0.2850048437123053...
Loop119 pFBA...17085.0...Ave likelihood of: cpd00039_c is 0.2868205455151714...
Loop120 pFBA...20677.0...Ave likelihood of: cpd00060_c is 0.2519407790664409...
Loop121 pFBA...20746.0...Ave likelihood of: cpd00066_c is 0.28320419765033683...
Loop122 pFBA...10258.0...Ave likelihood of: cpd00129_c is 0.3118619979370674...
Loop123 pFBA...5399.0...Ave likelihood of: cpd00054_c is 0.46377743821574546...
Loop124 pFBA...7625.0...Ave likelihood of: cpd00161_c is 0.3558712948196771...
Loop125 pFBA...26580.0...Ave likelihood of: cpd00065_c is 0.19781138094802267...
Loop126 pFBA...18264.0...Ave likelihood of: cpd00069_c is 0.23754108588487793...
Loop127 pFBA...7898.0...Ave likelihood of: cpd00156_c is 0.29586137895330045...
Loop128 pFBA...23994.0...Ave likelihood of: cpd00098_c is 0.21452956226674721...
Loop129 pFBA...14604.0...Ave likelihood of: cpd00274_c is 0.27441290302090177...
Loop130 pFBA...6129.0...Ave likelihood of: cpd00226_c is 0.33488042203486384...
Loop131 pFBA...4543.0...Ave likelihood of: cpd00246_c is 0.36260511684807284...
Loop132 pFBA...20066.0...Ave likelihood of: cpd00374_c is 0.2625366946831111...
Loop133 pFBA...4271.0...Ave likelihood of: cpd00221_c is 0.33922519369168946...
Loop134 pFBA...4088.0...Ave likelihood of: cpd00159_c is 0.3678221554935287...
Loop135 pFBA...10126.0...Ave likelihood of: cpd00211_c is 0.3626844670885203...
Loop136 pFBA...3634.0...Ave likelihood of: cpd00047_c is 0.423618300760936...
Loop137 pFBA...4992.0...Ave likelihood of: cpd00106_c is 0.17560549307727616...
Loop138 pFBA...7611.0...Ave likelihood of: cpd00141_c is 0.3597981015361956...
Loop139 pFBA...19747.0...Ave likelihood of: cpd00216_c is 0.25480807237623265...
Loop140 pFBA...4756.0...Ave likelihood of: cpd00036_c is 0.225651258504777...
Loop141 pFBA...16184.0...Ave likelihood of: cpd00581_c is 0.3328073827805467...
Loop142 pFBA...4244.0...Ave likelihood of: cpd00128_c is 0.3672938840002845...
Loop143 pFBA...5766.0...Ave likelihood of: cpd00018_c is 0.3166824587110849...
Loop144 pFBA...5096.0...Ave likelihood of: cpd00091_c is 0.36792825415992214...
Loop145 pFBA...4019.0...Ave likelihood of: cpd00092_c is 0.2596475161787564...
Loop146 pFBA...61538.0...Ave likelihood of: cpd00305_c is 0.20716044982900272...
Loop147 pFBA...13411.0...Ave likelihood of: cpd00220_c is 0.2902217012344912...
Loop148 pFBA...14334.0...Ave likelihood of: cpd00218_c is 0.20097000398834036...
Loop149 pFBA...13301.0...Ave likelihood of: cpd00215_c is 0.40990064107544677...
Loop150 pFBA...28017.0...Ave likelihood of: cpd00104_c is 0.18837927602098753...
Loop151 pFBA...36221.0...Ave likelihood of: cpd00393_c is 0.21460385270837054...
Loop152 pFBA...5964.0...Ave likelihood of: cpd00363_c is 0.47503605733989107...
Loop153 pFBA...8629.0...Ave likelihood of: cpd00281_c is 0.1959070534492044...
Loop154 pFBA...4051.0...Ave likelihood of: cpd00025_c is 0.40142980577859233...
Loop155 pFBA...20125.0...Ave likelihood of: cpd00811_c is 0.21450970284841656...
31.9119005839mins to complete!
