
The following have been reloaded with a version change:
  1) anaconda2/4.4.0 => anaconda2/5.1.0

Loading in models...Adding Water...Remove no-like rxns...Pruned 1 metabolites from model
Pruned 1 reactions from model
Set-up Universal...62.0seconds to complete

Loop0 pFBA...5366.0...Ave likelihood of: cpd00117_c is 0.39450475248990496...
Loop1 pFBA...7601.0...Ave likelihood of: cpd00186_c is 0.23323305413083428...
Loop2 pFBA...22259.0...Ave likelihood of: cpd00637_c is 0.21118400835484077...
Loop3 pFBA...6365.0...Ave likelihood of: cpd00550_c is 0.3268571327160557...
Loop4 pFBA...4200.0...Ave likelihood of: cpd00033_c is 0.22635750374324676...
Loop5 pFBA...5239.0...Ave likelihood of: cpd00035_c is 0.39450475248990496...
Loop6 pFBA...18169.0...Ave likelihood of: cpd00051_c is 0.30345166635321125...
Loop7 pFBA...7947.0...Ave likelihood of: cpd00132_c is 0.2714038311689068...
Loop8 pFBA...5442.0...Ave likelihood of: cpd00041_c is 0.24429998274501824...
Loop9 pFBA...13554.0...Ave likelihood of: cpd00084_c is 0.22455460701697313...
Loop10 pFBA...7346.0...Ave likelihood of: cpd00023_c is 0.13088749360226296...
Loop11 pFBA...9677.0...Ave likelihood of: cpd00053_c is 0.20102020665253056...
Loop12 pFBA...21691.0...Ave likelihood of: cpd00119_c is 0.16223787857221883...
Loop13 pFBA...17447.0...Ave likelihood of: cpd00322_c is 0.12573526001273377...
Loop14 pFBA...14879.0...Ave likelihood of: cpd00107_c is 0.21042428626924742...
Loop15 pFBA...17044.0...Ave likelihood of: cpd00039_c is 0.3101001274229682...
Loop16 pFBA...21259.0...Ave likelihood of: cpd00060_c is 0.21382380845927623...
Loop17 pFBA...20534.0...Ave likelihood of: cpd00066_c is 0.24132829292647556...
Loop18 pFBA...10609.0...Ave likelihood of: cpd00129_c is 0.139059481224073...
Loop19 pFBA...5365.0...Ave likelihood of: cpd00054_c is 0.33381153979512074...
Loop20 pFBA...7843.0...Ave likelihood of: cpd00161_c is 0.37658696805079006...
Loop21 pFBA...29294.0...Ave likelihood of: cpd00065_c is 0.17104944261198624...
Loop22 pFBA...18494.0...Ave likelihood of: cpd00069_c is 0.254795545456433...
Loop23 pFBA...8728.0...Ave likelihood of: cpd00156_c is 0.21641785496882063...
Loop24 pFBA...23951.0...Ave likelihood of: cpd00098_c is 0.23193702817912715...
Loop25 pFBA...14824.0...Ave likelihood of: cpd00274_c is 0.2962273537261533...
Loop26 pFBA...6121.0...Ave likelihood of: cpd00226_c is 0.38074813886993814...
Loop27 pFBA...4580.0...Ave likelihood of: cpd00246_c is 0.38550846859284504...
Loop28 pFBA...20376.0...Ave likelihood of: cpd00374_c is 0.26463858862821155...
Loop29 pFBA...4148.0...Ave likelihood of: cpd00221_c is 0.33908014408502585...
Loop30 pFBA...3969.0...Ave likelihood of: cpd00159_c is 0.40442070301610733...
Loop31 pFBA...10131.0...Ave likelihood of: cpd00211_c is 0.2483449712004486...
Loop32 pFBA...3915.0...Ave likelihood of: cpd00047_c is 0.3869146460958101...
Loop33 pFBA...5239.0...Ave likelihood of: cpd00106_c is 0.1389218260441738...
Loop34 pFBA...7652.0...Ave likelihood of: cpd00141_c is 0.3339689191748128...
Loop35 pFBA...19288.0...Ave likelihood of: cpd00216_c is 0.27849843553124864...
Loop36 pFBA...5009.0...Ave likelihood of: cpd00036_c is 0.08068553108278702...
Loop37 pFBA...22326.0...Ave likelihood of: cpd00581_c is 0.13635095359107108...
Loop38 pFBA...4433.0...Ave likelihood of: cpd00128_c is 0.22690702078312952...
Loop39 pFBA...6001.0...Ave likelihood of: cpd00018_c is 0.31550145758297615...
Loop40 pFBA...5187.0...Ave likelihood of: cpd00091_c is 0.40913479784684675...
Loop41 pFBA...3563.0...Ave likelihood of: cpd00092_c is 0.37631902669521033...
Loop42 pFBA...62582.0...Ave likelihood of: cpd00305_c is 0.1823565750811364...
Loop43 pFBA...12628.0...Ave likelihood of: cpd00220_c is 0.2225755145396514...
Loop44 pFBA...14644.0...Ave likelihood of: cpd00218_c is 0.19054459254001396...
Loop45 pFBA...14441.0...Ave likelihood of: cpd00215_c is 0.2726187553872354...
Loop46 pFBA...28428.0...Ave likelihood of: cpd00104_c is 0.19763854451586585...
Loop47 pFBA...36419.0...Ave likelihood of: cpd00393_c is 0.16795722429397336...
Loop48 pFBA...6022.0...Ave likelihood of: cpd00363_c is 0.41915745617102845...
Loop49 pFBA...9190.0...Ave likelihood of: cpd00281_c is 0.11567720019099824...
Loop50 pFBA...4102.0...Ave likelihood of: cpd00025_c is 0.34935841213965174...
Loop51 pFBA...20223.0...Ave likelihood of: cpd00811_c is 0.2258189219128886...
Loop52 pFBA...5366.0...Ave likelihood of: cpd00117_c is 0.39450475248990496...
Loop53 pFBA...7601.0...Ave likelihood of: cpd00186_c is 0.23323305413083428...
Loop54 pFBA...22294.0...Ave likelihood of: cpd00637_c is 0.1906962071591975...
Loop55 pFBA...6421.0...Ave likelihood of: cpd00550_c is 0.3305127931399938...
Loop56 pFBA...4200.0...Ave likelihood of: cpd00033_c is 0.22635750374324676...
Loop57 pFBA...5239.0...Ave likelihood of: cpd00035_c is 0.39450475248990496...
Loop58 pFBA...18549.0...Ave likelihood of: cpd00051_c is 0.33156002537984036...
Loop59 pFBA...7947.0...Ave likelihood of: cpd00132_c is 0.2714038311689068...
Loop60 pFBA...5442.0...Ave likelihood of: cpd00041_c is 0.21515138160218095...
Loop61 pFBA...13754.0...Ave likelihood of: cpd00084_c is 0.25260024537804093...
Loop62 pFBA...7346.0...Ave likelihood of: cpd00023_c is 0.13088749360226296...
Loop63 pFBA...9677.0...Ave likelihood of: cpd00053_c is 0.2010008752289134...
Loop64 pFBA...21691.0...Ave likelihood of: cpd00119_c is 0.15574836342933007...
Loop65 pFBA...17447.0...Ave likelihood of: cpd00322_c is 0.12573526001273377...
Loop66 pFBA...14879.0...Ave likelihood of: cpd00107_c is 0.21042428626924742...
Loop67 pFBA...17442.0...Ave likelihood of: cpd00039_c is 0.2894165959851473...
Loop68 pFBA...21294.0...Ave likelihood of: cpd00060_c is 0.19327318293161908...
Loop69 pFBA...21242.0...Ave likelihood of: cpd00066_c is 0.2713052190568116...
Loop70 pFBA...10609.0...Ave likelihood of: cpd00129_c is 0.15451053469341444...
Loop71 pFBA...5421.0...Ave likelihood of: cpd00054_c is 0.3559368541507626...
Loop72 pFBA...7972.0...Ave likelihood of: cpd00161_c is 0.2422530609131419...
Loop73 pFBA...29294.0...Ave likelihood of: cpd00065_c is 0.17104944261198624...
Loop74 pFBA...18930.0...Ave likelihood of: cpd00069_c is 0.3017380582449658...
Loop75 pFBA...8728.0...Ave likelihood of: cpd00156_c is 0.21641785496882063...
Loop76 pFBA...24332.0...Ave likelihood of: cpd00098_c is 0.23813732978793437...
Loop77 pFBA...15239.0...Ave likelihood of: cpd00274_c is 0.22413972765048307...
Loop78 pFBA...6121.0...Ave likelihood of: cpd00226_c is 0.38074813886993814...
Loop79 pFBA...4821.0...Ave likelihood of: cpd00246_c is 0.3586928030377251...
Loop80 pFBA...21108.0...Ave likelihood of: cpd00374_c is 0.2837876467702175...
Loop81 pFBA...4297.0...Ave likelihood of: cpd00221_c is 0.2965144268558866...
Loop82 pFBA...4135.0...Ave likelihood of: cpd00159_c is 0.3147435418077836...
Loop83 pFBA...10160.0...Ave likelihood of: cpd00211_c is 0.14931573003522852...
Loop84 pFBA...4078.0...Ave likelihood of: cpd00047_c is 0.42155322627599007...
Loop85 pFBA...5239.0...Ave likelihood of: cpd00106_c is 0.1389218260441738...
Loop86 pFBA...7794.0...Ave likelihood of: cpd00141_c is 0.19526951290794317...
Loop87 pFBA...19963.0...Ave likelihood of: cpd00216_c is 0.25235891972347746...
Loop88 pFBA...5009.0...Ave likelihood of: cpd00036_c is 0.08068553108278702...
Loop89 pFBA...22326.0...Ave likelihood of: cpd00581_c is 0.13950392328052189...
Loop90 pFBA...4433.0...Ave likelihood of: cpd00128_c is 0.22690702078312952...
Loop91 pFBA...6001.0...Ave likelihood of: cpd00018_c is 0.31550145758297615...
Loop92 pFBA...5187.0...Ave likelihood of: cpd00091_c is 0.40913479784684675...
Loop93 pFBA...3563.0...Ave likelihood of: cpd00092_c is 0.37631902669521033...
Loop94 pFBA...62661.0...Ave likelihood of: cpd00305_c is 0.176992374682924...
Loop95 pFBA...12628.0...Ave likelihood of: cpd00220_c is 0.2346066234336866...
Loop96 pFBA...14801.0...Ave likelihood of: cpd00218_c is 0.19583644644181566...
Loop97 pFBA...14731.0...Ave likelihood of: cpd00215_c is 0.3121940908213327...
Loop98 pFBA...28514.0...Ave likelihood of: cpd00104_c is 0.16020577005288902...
Loop99 pFBA...36425.0...Ave likelihood of: cpd00393_c is 0.16792002341812007...
Loop100 pFBA...6451.0...Ave likelihood of: cpd00363_c is 0.4674625317572148...
Loop101 pFBA...9190.0...Ave likelihood of: cpd00281_c is 0.11567720019099824...
Loop102 pFBA...4217.0...Ave likelihood of: cpd00025_c is 0.38309532467462354...
Loop103 pFBA...20990.0...Ave likelihood of: cpd00811_c is 0.2845633343215998...
Loop104 pFBA...5366.0...Ave likelihood of: cpd00117_c is 0.39450475248990496...
Loop105 pFBA...7601.0...Ave likelihood of: cpd00186_c is 0.23323305413083428...
Loop106 pFBA...22267.0...Ave likelihood of: cpd00637_c is 0.20476368009430174...
Loop107 pFBA...6402.0...Ave likelihood of: cpd00550_c is 0.30553384925884064...
Loop108 pFBA...4200.0...Ave likelihood of: cpd00033_c is 0.22635750374324676...
Loop109 pFBA...5239.0...Ave likelihood of: cpd00035_c is 0.39450475248990496...
Loop110 pFBA...18263.0...Ave likelihood of: cpd00051_c is 0.2991279773998604...
Loop111 pFBA...7947.0...Ave likelihood of: cpd00132_c is 0.2714038311689068...
Loop112 pFBA...5442.0...Ave likelihood of: cpd00041_c is 0.24429998274501824...
Loop113 pFBA...13692.0...Ave likelihood of: cpd00084_c is 0.2984802938330358...
Loop114 pFBA...7346.0...Ave likelihood of: cpd00023_c is 0.13088749360226296...
Loop115 pFBA...9677.0...Ave likelihood of: cpd00053_c is 0.2010008752289134...
Loop116 pFBA...21691.0...Ave likelihood of: cpd00119_c is 0.15892690145850005...
Loop117 pFBA...17447.0...Ave likelihood of: cpd00322_c is 0.12573526001273377...
Loop118 pFBA...14879.0...Ave likelihood of: cpd00107_c is 0.21042428626924742...
Loop119 pFBA...17213.0...Ave likelihood of: cpd00039_c is 0.2761309352991255...
Loop120 pFBA...21267.0...Ave likelihood of: cpd00060_c is 0.20738885548012612...
Loop121 pFBA...20646.0...Ave likelihood of: cpd00066_c is 0.2535693603434585...
Loop122 pFBA...10609.0...Ave likelihood of: cpd00129_c is 0.139059481224073...
Loop123 pFBA...5402.0...Ave likelihood of: cpd00054_c is 0.31217588946011976...
Loop124 pFBA...7837.0...Ave likelihood of: cpd00161_c is 0.37236918696747245...
Loop125 pFBA...29294.0...Ave likelihood of: cpd00065_c is 0.16858194628306777...
Loop126 pFBA...18533.0...Ave likelihood of: cpd00069_c is 0.24763132558793616...
Loop127 pFBA...8728.0...Ave likelihood of: cpd00156_c is 0.21641785496882063...
Loop128 pFBA...23950.0...Ave likelihood of: cpd00098_c is 0.19497073560434386...
Loop129 pFBA...14998.0...Ave likelihood of: cpd00274_c is 0.33761044424063524...
Loop130 pFBA...6121.0...Ave likelihood of: cpd00226_c is 0.3807481388699381...
Loop131 pFBA...4604.0...Ave likelihood of: cpd00246_c is 0.38818766771734614...
Loop132 pFBA...20476.0...Ave likelihood of: cpd00374_c is 0.28433015853833304...
Loop133 pFBA...4276.0...Ave likelihood of: cpd00221_c is 0.3492441022551261...
Loop134 pFBA...4094.0...Ave likelihood of: cpd00159_c is 0.3339751971565916...
Loop135 pFBA...10129.0...Ave likelihood of: cpd00211_c is 0.24901611284896474...
Loop136 pFBA...4031.0...Ave likelihood of: cpd00047_c is 0.3752671340644336...
Loop137 pFBA...5239.0...Ave likelihood of: cpd00106_c is 0.1389218260441738...
Loop138 pFBA...7781.0...Ave likelihood of: cpd00141_c is 0.3144061904181443...
Loop139 pFBA...19512.0...Ave likelihood of: cpd00216_c is 0.26618205826276475...
Loop140 pFBA...5009.0...Ave likelihood of: cpd00036_c is 0.08068553108278702...
Loop141 pFBA...22326.0...Ave likelihood of: cpd00581_c is 0.13950392328052189...
Loop142 pFBA...4433.0...Ave likelihood of: cpd00128_c is 0.22690702078312952...
Loop143 pFBA...6001.0...Ave likelihood of: cpd00018_c is 0.31550145758297615...
Loop144 pFBA...5187.0...Ave likelihood of: cpd00091_c is 0.40913479784684675...
Loop145 pFBA...3563.0...Ave likelihood of: cpd00092_c is 0.37631902669521033...
Loop146 pFBA...62579.0...Ave likelihood of: cpd00305_c is 0.18824212356566888...
Loop147 pFBA...12623.0...Ave likelihood of: cpd00220_c is 0.27253932253830915...
Loop148 pFBA...14734.0...Ave likelihood of: cpd00218_c is 0.19613222562196259...
Loop149 pFBA...14430.0...Ave likelihood of: cpd00215_c is 0.2734208515037547...
Loop150 pFBA...28418.0...Ave likelihood of: cpd00104_c is 0.1979999284804515...
Loop151 pFBA...36417.0...Ave likelihood of: cpd00393_c is 0.16847922335393037...
Loop152 pFBA...6027.0...Ave likelihood of: cpd00363_c is 0.44636502929691885...
Loop153 pFBA...9190.0...Ave likelihood of: cpd00281_c is 0.11567720019099824...
Loop154 pFBA...4136.0...Ave likelihood of: cpd00025_c is 0.3361120948988899...
Loop155 pFBA...20247.0...Ave likelihood of: cpd00811_c is 0.21092244217843498...
32.9013353467mins to complete!
