
The following have been reloaded with a version change:
  1) anaconda2/4.4.0 => anaconda2/5.1.0

Loading in models...Adding Water...Remove no-like rxns...Pruned 1 metabolites from model
Pruned 1 reactions from model
Set-up Universal...62.0seconds to complete

Loop0 pFBA...5556.0...Ave likelihood of: cpd00117_c is 0.47370493043984485...
Loop1 pFBA...6839.0...Ave likelihood of: cpd00186_c is 0.36011195133509855...
Loop2 pFBA...21364.0...Ave likelihood of: cpd00637_c is 0.27809823845117254...
Loop3 pFBA...6421.0...Ave likelihood of: cpd00550_c is 0.3332629618274231...
Loop4 pFBA...4051.0...Ave likelihood of: cpd00033_c is 0.2552768261309001...
Loop5 pFBA...5436.0...Ave likelihood of: cpd00035_c is 0.47370493043984485...
Loop6 pFBA...18154.0...Ave likelihood of: cpd00051_c is 0.30947941695801057...
Loop7 pFBA...7916.0...Ave likelihood of: cpd00132_c is 0.2495930271616371...
Loop8 pFBA...5185.0...Ave likelihood of: cpd00041_c is 0.2226002401038613...
Loop9 pFBA...13626.0...Ave likelihood of: cpd00084_c is 0.2717272739930802...
Loop10 pFBA...6592.0...Ave likelihood of: cpd00023_c is 0.2816693656639257...
Loop11 pFBA...9082.0...Ave likelihood of: cpd00053_c is 0.3109584483855255...
Loop12 pFBA...16376.0...Ave likelihood of: cpd00119_c is 0.33017622195222174...
Loop13 pFBA...16735.0...Ave likelihood of: cpd00322_c is 0.35382668496820635...
Loop14 pFBA...14209.0...Ave likelihood of: cpd00107_c is 0.26402301717413335...
Loop15 pFBA...17673.0...Ave likelihood of: cpd00039_c is 0.30414367011846866...
Loop16 pFBA...20364.0...Ave likelihood of: cpd00060_c is 0.28166360048259786...
Loop17 pFBA...20599.0...Ave likelihood of: cpd00066_c is 0.24820288878565624...
Loop18 pFBA...10265.0...Ave likelihood of: cpd00129_c is 0.20320066671455492...
Loop19 pFBA...5421.0...Ave likelihood of: cpd00054_c is 0.34006424676267666...
Loop20 pFBA...7328.0...Ave likelihood of: cpd00161_c is 0.4000346017954271...
Loop21 pFBA...27271.0...Ave likelihood of: cpd00065_c is 0.24971799577896084...
Loop22 pFBA...18327.0...Ave likelihood of: cpd00069_c is 0.21091392849509596...
Loop23 pFBA...7657.0...Ave likelihood of: cpd00156_c is 0.3349958640495505...
Loop24 pFBA...23547.0...Ave likelihood of: cpd00098_c is 0.28500307366699795...
Loop25 pFBA...14169.0...Ave likelihood of: cpd00274_c is 0.19403356800967309...
Loop26 pFBA...6694.0...Ave likelihood of: cpd00226_c is 0.32375670292182784...
Loop27 pFBA...4462.0...Ave likelihood of: cpd00246_c is 0.4373134125289694...
Loop28 pFBA...20071.0...Ave likelihood of: cpd00374_c is 0.2164896640174126...
Loop29 pFBA...4768.0...Ave likelihood of: cpd00221_c is 0.42196630420822046...
Loop30 pFBA...4263.0...Ave likelihood of: cpd00159_c is 0.4228401177849069...
Loop31 pFBA...10316.0...Ave likelihood of: cpd00211_c is 0.3566998130372773...
Loop32 pFBA...3738.0...Ave likelihood of: cpd00047_c is 0.30865594695611703...
Loop33 pFBA...5002.0...Ave likelihood of: cpd00106_c is 0.18964834401579...
Loop34 pFBA...7568.0...Ave likelihood of: cpd00141_c is 0.41329041551289347...
Loop35 pFBA...19221.0...Ave likelihood of: cpd00216_c is 0.236147973561512...
Loop36 pFBA...4806.0...Ave likelihood of: cpd00036_c is 0.2276361122154358...
Loop37 pFBA...16945.0...Ave likelihood of: cpd00581_c is 0.3262184614367366...
Loop38 pFBA...4763.0...Ave likelihood of: cpd00128_c is 0.22149006861027776...
Loop39 pFBA...5862.0...Ave likelihood of: cpd00018_c is 0.27984000927251074...
Loop40 pFBA...5862.0...Ave likelihood of: cpd00091_c is 0.27984000927251074...
Loop41 pFBA...3611.0...Ave likelihood of: cpd00092_c is 0.3661652790223043...
Loop42 pFBA...63931.0...Ave likelihood of: cpd00305_c is 0.15684116137798587...
Loop43 pFBA...12519.0...Ave likelihood of: cpd00220_c is 0.31902266572599003...
Loop44 pFBA...14490.0...Ave likelihood of: cpd00218_c is 0.21214855891613904...
Loop45 pFBA...14591.0...Ave likelihood of: cpd00215_c is 0.2970318871230169...
Loop46 pFBA...28615.0...Ave likelihood of: cpd00104_c is 0.22606215733499857...
Loop47 pFBA...35521.0...Ave likelihood of: cpd00393_c is 0.17617792830844378...
Loop48 pFBA...5736.0...Ave likelihood of: cpd00363_c is 0.5627506722948584...
Loop49 pFBA...8588.0...Ave likelihood of: cpd00281_c is 0.20176173192952723...
Loop50 pFBA...4024.0...Ave likelihood of: cpd00025_c is 0.2978782898491459...
Loop51 pFBA...19535.0...Ave likelihood of: cpd00811_c is 0.2565376445700468...
Loop52 pFBA...5440.0...Ave likelihood of: cpd00714_c is 0.36886561728152467...
Loop53 pFBA...5556.0...Ave likelihood of: cpd00117_c is 0.47370493043984485...
Loop54 pFBA...6839.0...Ave likelihood of: cpd00186_c is 0.36011195133509855...
Loop55 pFBA...21644.0...Ave likelihood of: cpd00637_c is 0.2740061466585547...
Loop56 pFBA...6485.0...Ave likelihood of: cpd00550_c is 0.29832193923920197...
Loop57 pFBA...4052.0...Ave likelihood of: cpd00033_c is 0.2427952507367203...
Loop58 pFBA...5436.0...Ave likelihood of: cpd00035_c is 0.47370493043984485...
Loop59 pFBA...18325.0...Ave likelihood of: cpd00051_c is 0.2902955703071975...
Loop60 pFBA...7916.0...Ave likelihood of: cpd00132_c is 0.2495930271616371...
Loop61 pFBA...5185.0...Ave likelihood of: cpd00041_c is 0.2226002401038613...
Loop62 pFBA...13749.0...Ave likelihood of: cpd00084_c is 0.24790917749264688...
Loop63 pFBA...6592.0...Ave likelihood of: cpd00023_c is 0.2816693656639257...
Loop64 pFBA...9082.0...Ave likelihood of: cpd00053_c is 0.3109584483855255...
Loop65 pFBA...16376.0...Ave likelihood of: cpd00119_c is 0.32370217838453114...
Loop66 pFBA...16741.0...Ave likelihood of: cpd00322_c is 0.20499509432509294...
Loop67 pFBA...14209.0...Ave likelihood of: cpd00107_c is 0.26402301717413335...
Loop68 pFBA...17899.0...Ave likelihood of: cpd00039_c is 0.3358694157892776...
Loop69 pFBA...20644.0...Ave likelihood of: cpd00060_c is 0.277307425533959...
Loop70 pFBA...21482.0...Ave likelihood of: cpd00066_c is 0.22393744067837076...
Loop71 pFBA...10265.0...Ave likelihood of: cpd00129_c is 0.20320066671455492...
Loop72 pFBA...5485.0...Ave likelihood of: cpd00054_c is 0.31756851596431185...
Loop73 pFBA...7652.0...Ave likelihood of: cpd00161_c is 0.3544958152446621...
Loop74 pFBA...27271.0...Ave likelihood of: cpd00065_c is 0.24971799577896084...
Loop75 pFBA...18892.0...Ave likelihood of: cpd00069_c is 0.23331649228905468...
Loop76 pFBA...7657.0...Ave likelihood of: cpd00156_c is 0.3349958640495505...
Loop77 pFBA...24466.0...Ave likelihood of: cpd00098_c is 0.2594775039082012...
Loop78 pFBA...14169.0...Ave likelihood of: cpd00274_c is 0.19403356800967309...
Loop79 pFBA...6694.0...Ave likelihood of: cpd00226_c is 0.32375670292182784...
Loop80 pFBA...4775.0...Ave likelihood of: cpd00246_c is 0.3251793218251473...
Loop81 pFBA...20868.0...Ave likelihood of: cpd00374_c is 0.2230556629009051...
Loop82 pFBA...5068.0...Ave likelihood of: cpd00221_c is 0.34402710098061706...
Loop83 pFBA...4327.0...Ave likelihood of: cpd00159_c is 0.33722361990429794...
Loop84 pFBA...10493.0...Ave likelihood of: cpd00211_c is 0.2147893448239567...
Loop85 pFBA...3765.0...Ave likelihood of: cpd00047_c is 0.21939416463398745...
Loop86 pFBA...5002.0...Ave likelihood of: cpd00106_c is 0.18964834401579...
Loop87 pFBA...7727.0...Ave likelihood of: cpd00141_c is 0.3245931464925335...
Loop88 pFBA...20318.0...Ave likelihood of: cpd00216_c is 0.2160418939654031...
Loop89 pFBA...4806.0...Ave likelihood of: cpd00036_c is 0.2276361122154358...
Loop90 pFBA...16945.0...Ave likelihood of: cpd00581_c is 0.3262184614367366...
Loop91 pFBA...4763.0...Ave likelihood of: cpd00128_c is 0.22149006861027776...
Loop92 pFBA...5862.0...Ave likelihood of: cpd00018_c is 0.27984000927251074...
Loop93 pFBA...5862.0...Ave likelihood of: cpd00091_c is 0.27984000927251074...
Loop94 pFBA...3619.0...Ave likelihood of: cpd00092_c is 0.32154640320637673...
Loop95 pFBA...64105.0...Ave likelihood of: cpd00305_c is 0.12077157941643761...
Loop96 pFBA...13018.0...Ave likelihood of: cpd00220_c is 0.21091713247107038...
Loop97 pFBA...14737.0...Ave likelihood of: cpd00218_c is 0.2032461306534558...
Loop98 pFBA...15138.0...Ave likelihood of: cpd00215_c is 0.3384674895358045...
Loop99 pFBA...28676.0...Ave likelihood of: cpd00104_c is 0.16984936665577902...
Loop100 pFBA...35530.0...Ave likelihood of: cpd00393_c is 0.17580370256585034...
Loop101 pFBA...6435.0...Ave likelihood of: cpd00363_c is 0.3849683025599462...
Loop102 pFBA...8588.0...Ave likelihood of: cpd00281_c is 0.20176173192952723...
Loop103 pFBA...4213.0...Ave likelihood of: cpd00025_c is 0.3297385429880845...
Loop104 pFBA...20387.0...Ave likelihood of: cpd00811_c is 0.25813499096295567...
Loop105 pFBA...6434.0...Ave likelihood of: cpd00714_c is 0.4101649238938129...
Loop106 pFBA...5556.0...Ave likelihood of: cpd00117_c is 0.47370493043984485...
Loop107 pFBA...6839.0...Ave likelihood of: cpd00186_c is 0.36011195133509855...
Loop108 pFBA...21540.0...Ave likelihood of: cpd00637_c is 0.25189389476847573...
Loop109 pFBA...6440.0...Ave likelihood of: cpd00550_c is 0.3308578437407448...
Loop110 pFBA...4052.0...Ave likelihood of: cpd00033_c is 0.22865153119259296...
Loop111 pFBA...5436.0...Ave likelihood of: cpd00035_c is 0.47370493043984485...
Loop112 pFBA...18243.0...Ave likelihood of: cpd00051_c is 0.27156458798060124...
Loop113 pFBA...7916.0...Ave likelihood of: cpd00132_c is 0.2571564522271412...
Loop114 pFBA...5185.0...Ave likelihood of: cpd00041_c is 0.2226002401038613...
Loop115 pFBA...13735.0...Ave likelihood of: cpd00084_c is 0.23024080953741...
Loop116 pFBA...6592.0...Ave likelihood of: cpd00023_c is 0.2816693656639257...
Loop117 pFBA...9082.0...Ave likelihood of: cpd00053_c is 0.3109584483855255...
Loop118 pFBA...16376.0...Ave likelihood of: cpd00119_c is 0.33017622195222174...
Loop119 pFBA...16741.0...Ave likelihood of: cpd00322_c is 0.20499509432509294...
Loop120 pFBA...14209.0...Ave likelihood of: cpd00107_c is 0.26402301717413335...
Loop121 pFBA...17727.0...Ave likelihood of: cpd00039_c is 0.2841852621149659...
Loop122 pFBA...20540.0...Ave likelihood of: cpd00060_c is 0.2552082881206925...
Loop123 pFBA...20951.0...Ave likelihood of: cpd00066_c is 0.2260707403467015...
Loop124 pFBA...10265.0...Ave likelihood of: cpd00129_c is 0.20320066671455492...
Loop125 pFBA...5440.0...Ave likelihood of: cpd00054_c is 0.33805040556119575...
Loop126 pFBA...7503.0...Ave likelihood of: cpd00161_c is 0.34626257546244094...
Loop127 pFBA...27271.0...Ave likelihood of: cpd00065_c is 0.24971799577896084...
Loop128 pFBA...18489.0...Ave likelihood of: cpd00069_c is 0.19636530187648962...
Loop129 pFBA...7657.0...Ave likelihood of: cpd00156_c is 0.3349958640495505...
Loop130 pFBA...24054.0...Ave likelihood of: cpd00098_c is 0.23259950496848816...
Loop131 pFBA...14169.0...Ave likelihood of: cpd00274_c is 0.19403356800967309...
Loop132 pFBA...6694.0...Ave likelihood of: cpd00226_c is 0.32375670292182784...
Loop133 pFBA...4642.0...Ave likelihood of: cpd00246_c is 0.22665221295830726...
Loop134 pFBA...20451.0...Ave likelihood of: cpd00374_c is 0.2118840202570024...
Loop135 pFBA...4962.0...Ave likelihood of: cpd00221_c is 0.19118279915405118...
Loop136 pFBA...4314.0...Ave likelihood of: cpd00159_c is 0.4088876773832353...
Loop137 pFBA...10470.0...Ave likelihood of: cpd00211_c is 0.3391712423910815...
Loop138 pFBA...3765.0...Ave likelihood of: cpd00047_c is 0.21939416463398745...
Loop139 pFBA...5002.0...Ave likelihood of: cpd00106_c is 0.18964834401579...
Loop140 pFBA...7679.0...Ave likelihood of: cpd00141_c is 0.3713319396461483...
Loop141 pFBA...19644.0...Ave likelihood of: cpd00216_c is 0.2302494342261194...
Loop142 pFBA...4806.0...Ave likelihood of: cpd00036_c is 0.2276361122154358...
Loop143 pFBA...16945.0...Ave likelihood of: cpd00581_c is 0.3262184614367366...
Loop144 pFBA...4763.0...Ave likelihood of: cpd00128_c is 0.22149006861027776...
Loop145 pFBA...5862.0...Ave likelihood of: cpd00018_c is 0.27984000927251074...
Loop146 pFBA...5862.0...Ave likelihood of: cpd00091_c is 0.27984000927251074...
Loop147 pFBA...3619.0...Ave likelihood of: cpd00092_c is 0.32154640320637673...
Loop148 pFBA...64105.0...Ave likelihood of: cpd00305_c is 0.12201664724547305...
Loop149 pFBA...12846.0...Ave likelihood of: cpd00220_c is 0.3071771871285831...
Loop150 pFBA...14686.0...Ave likelihood of: cpd00218_c is 0.14304104227510708...
Loop151 pFBA...14818.0...Ave likelihood of: cpd00215_c is 0.24083349458078224...
Loop152 pFBA...28648.0...Ave likelihood of: cpd00104_c is 0.19652443055232818...
Loop153 pFBA...35521.0...Ave likelihood of: cpd00393_c is 0.15803370800170752...
Loop154 pFBA...6108.0...Ave likelihood of: cpd00363_c is 0.4338608101883949...
Loop155 pFBA...8588.0...Ave likelihood of: cpd00281_c is 0.20176173192952723...
Loop156 pFBA...4142.0...Ave likelihood of: cpd00025_c is 0.3076133342752438...
Loop157 pFBA...19900.0...Ave likelihood of: cpd00811_c is 0.3024477089079994...
Loop158 pFBA...6139.0...Ave likelihood of: cpd00714_c is 0.29639959132981303...
32.6022319357mins to complete!
