
The following have been reloaded with a version change:
  1) anaconda2/4.4.0 => anaconda2/5.1.0

Loading in models...Adding Water...Remove no-like rxns...Pruned 1 metabolites from model
Pruned 1 reactions from model
Set-up Universal...66.0seconds to complete

Loop0 pFBA...5304.0...Ave likelihood of: cpd00117_c is 0.4068314911073414...
Loop1 pFBA...7609.0...Ave likelihood of: cpd00186_c is 0.2318198406982893...
Loop2 pFBA...22141.0...Ave likelihood of: cpd00637_c is 0.2148716112002118...
Loop3 pFBA...6398.0...Ave likelihood of: cpd00550_c is 0.39579016945586554...
Loop4 pFBA...4172.0...Ave likelihood of: cpd00033_c is 0.25419767737746773...
Loop5 pFBA...5170.0...Ave likelihood of: cpd00035_c is 0.413351628570897...
Loop6 pFBA...18316.0...Ave likelihood of: cpd00051_c is 0.2783125256561442...
Loop7 pFBA...7843.0...Ave likelihood of: cpd00132_c is 0.189149346325629...
Loop8 pFBA...5449.0...Ave likelihood of: cpd00041_c is 0.11841695831304247...
Loop9 pFBA...13735.0...Ave likelihood of: cpd00084_c is 0.27906279085738883...
Loop10 pFBA...7363.0...Ave likelihood of: cpd00023_c is 0.12734391133663897...
Loop11 pFBA...9550.0...Ave likelihood of: cpd00053_c is 0.195997470106089...
Loop12 pFBA...21583.0...Ave likelihood of: cpd00119_c is 0.1566684937253343...
Loop13 pFBA...17135.0...Ave likelihood of: cpd00322_c is 0.275034983846652...
Loop14 pFBA...14690.0...Ave likelihood of: cpd00107_c is 0.24564169816205403...
Loop15 pFBA...16919.0...Ave likelihood of: cpd00039_c is 0.3220701725380133...
Loop16 pFBA...21141.0...Ave likelihood of: cpd00060_c is 0.217985692521954...
Loop17 pFBA...21012.0...Ave likelihood of: cpd00066_c is 0.24314065747506644...
Loop18 pFBA...10594.0...Ave likelihood of: cpd00129_c is 0.14058767587247228...
Loop19 pFBA...5398.0...Ave likelihood of: cpd00054_c is 0.4221761807529233...
Loop20 pFBA...7595.0...Ave likelihood of: cpd00161_c is 0.36117609768016135...
Loop21 pFBA...29378.0...Ave likelihood of: cpd00065_c is 0.15657768934409189...
Loop22 pFBA...18741.0...Ave likelihood of: cpd00069_c is 0.24282564457416694...
Loop23 pFBA...8518.0...Ave likelihood of: cpd00156_c is 0.24243076189713275...
Loop24 pFBA...23900.0...Ave likelihood of: cpd00098_c is 0.2203161887229342...
Loop25 pFBA...14465.0...Ave likelihood of: cpd00274_c is 0.24519339323938863...
Loop26 pFBA...6114.0...Ave likelihood of: cpd00226_c is 0.4042844214869235...
Loop27 pFBA...4733.0...Ave likelihood of: cpd00246_c is 0.31106669885353666...
Loop28 pFBA...20705.0...Ave likelihood of: cpd00374_c is 0.25401921343949635...
Loop29 pFBA...4319.0...Ave likelihood of: cpd00221_c is 0.3878111483689824...
Loop30 pFBA...4004.0...Ave likelihood of: cpd00159_c is 0.3230940559939649...
Loop31 pFBA...10270.0...Ave likelihood of: cpd00211_c is 0.1919788645989701...
Loop32 pFBA...4030.0...Ave likelihood of: cpd00047_c is 0.3499125304827933...
Loop33 pFBA...5202.0...Ave likelihood of: cpd00106_c is 0.15540012584266324...
Loop34 pFBA...7712.0...Ave likelihood of: cpd00141_c is 0.2309875973409972...
Loop35 pFBA...20276.0...Ave likelihood of: cpd00216_c is 0.23038994815347819...
Loop36 pFBA...4995.0...Ave likelihood of: cpd00036_c is 0.0854284352604589...
Loop37 pFBA...22204.0...Ave likelihood of: cpd00581_c is 0.1531869716425491...
Loop38 pFBA...4425.0...Ave likelihood of: cpd00128_c is 0.3824163987766104...
Loop39 pFBA...5919.0...Ave likelihood of: cpd00018_c is 0.23590515630677508...
Loop40 pFBA...4962.0...Ave likelihood of: cpd00091_c is 0.31873018376801615...
Loop41 pFBA...3336.0...Ave likelihood of: cpd00092_c is 0.42715600363323514...
Loop42 pFBA...61611.0...Ave likelihood of: cpd00305_c is 0.19484943490504475...
Loop43 pFBA...12897.0...Ave likelihood of: cpd00220_c is 0.30069222171307486...
Loop44 pFBA...14765.0...Ave likelihood of: cpd00218_c is 0.15379329316461418...
Loop45 pFBA...14498.0...Ave likelihood of: cpd00215_c is 0.3133092634442894...
Loop46 pFBA...28283.0...Ave likelihood of: cpd00104_c is 0.2217751436909965...
Loop47 pFBA...34914.0...Ave likelihood of: cpd00393_c is 0.2085905220904306...
Loop48 pFBA...6223.0...Ave likelihood of: cpd00363_c is 0.45482706486843805...
Loop49 pFBA...9363.0...Ave likelihood of: cpd00281_c is 0.09095993666902782...
Loop50 pFBA...4198.0...Ave likelihood of: cpd00025_c is 0.3589593976499933...
Loop51 pFBA...20476.0...Ave likelihood of: cpd00811_c is 0.22080939588908594...
Loop52 pFBA...5619.0...Ave likelihood of: cpd00714_c is 0.3617836724573834...
Loop53 pFBA...5304.0...Ave likelihood of: cpd00117_c is 0.4068314911073414...
Loop54 pFBA...7609.0...Ave likelihood of: cpd00186_c is 0.2318198406982893...
Loop55 pFBA...22141.0...Ave likelihood of: cpd00637_c is 0.2148716112002118...
Loop56 pFBA...6398.0...Ave likelihood of: cpd00550_c is 0.39579016945586554...
Loop57 pFBA...4172.0...Ave likelihood of: cpd00033_c is 0.25419767737746773...
Loop58 pFBA...5170.0...Ave likelihood of: cpd00035_c is 0.413351628570897...
Loop59 pFBA...18432.0...Ave likelihood of: cpd00051_c is 0.3062202534653363...
Loop60 pFBA...7843.0...Ave likelihood of: cpd00132_c is 0.189149346325629...
Loop61 pFBA...5449.0...Ave likelihood of: cpd00041_c is 0.11841695831304247...
Loop62 pFBA...13777.0...Ave likelihood of: cpd00084_c is 0.2747292146135879...
Loop63 pFBA...7363.0...Ave likelihood of: cpd00023_c is 0.12734391133663897...
Loop64 pFBA...9550.0...Ave likelihood of: cpd00053_c is 0.195997470106089...
Loop65 pFBA...21583.0...Ave likelihood of: cpd00119_c is 0.1531869716425491...
Loop66 pFBA...17139.0...Ave likelihood of: cpd00322_c is 0.26541237551885394...
Loop67 pFBA...14690.0...Ave likelihood of: cpd00107_c is 0.237717772414891...
Loop68 pFBA...16988.0...Ave likelihood of: cpd00039_c is 0.28929434610084226...
Loop69 pFBA...21141.0...Ave likelihood of: cpd00060_c is 0.217985692521954...
Loop70 pFBA...21489.0...Ave likelihood of: cpd00066_c is 0.2771131368214075...
Loop71 pFBA...10594.0...Ave likelihood of: cpd00129_c is 0.14058767587247228...
Loop72 pFBA...5398.0...Ave likelihood of: cpd00054_c is 0.4221761807529233...
Loop73 pFBA...7652.0...Ave likelihood of: cpd00161_c is 0.30171554881726964...
Loop74 pFBA...29378.0...Ave likelihood of: cpd00065_c is 0.15691585819474843...
Loop75 pFBA...19066.0...Ave likelihood of: cpd00069_c is 0.2726797279609361...
Loop76 pFBA...8518.0...Ave likelihood of: cpd00156_c is 0.24243076189713275...
Loop77 pFBA...23963.0...Ave likelihood of: cpd00098_c is 0.21666083564113506...
Loop78 pFBA...14539.0...Ave likelihood of: cpd00274_c is 0.1763279710965916...
Loop79 pFBA...6114.0...Ave likelihood of: cpd00226_c is 0.4042844214869235...
Loop80 pFBA...4859.0...Ave likelihood of: cpd00246_c is 0.26849289171555607...
Loop81 pFBA...21188.0...Ave likelihood of: cpd00374_c is 0.27096286570844563...
Loop82 pFBA...4358.0...Ave likelihood of: cpd00221_c is 0.3614069255864168...
Loop83 pFBA...4054.0...Ave likelihood of: cpd00159_c is 0.3516485957765531...
Loop84 pFBA...10270.0...Ave likelihood of: cpd00211_c is 0.1919988558081326...
Loop85 pFBA...4110.0...Ave likelihood of: cpd00047_c is 0.3352716310080067...
Loop86 pFBA...5202.0...Ave likelihood of: cpd00106_c is 0.15540012584266324...
Loop87 pFBA...7736.0...Ave likelihood of: cpd00141_c is 0.2377709993517391...
Loop88 pFBA...20561.0...Ave likelihood of: cpd00216_c is 0.2674953286888353...
Loop89 pFBA...4995.0...Ave likelihood of: cpd00036_c is 0.0854284352604589...
Loop90 pFBA...22204.0...Ave likelihood of: cpd00581_c is 0.1498568200851024...
Loop91 pFBA...4425.0...Ave likelihood of: cpd00128_c is 0.3824163987766104...
Loop92 pFBA...5919.0...Ave likelihood of: cpd00018_c is 0.23590515630677508...
Loop93 pFBA...4962.0...Ave likelihood of: cpd00091_c is 0.31873018376801615...
Loop94 pFBA...3336.0...Ave likelihood of: cpd00092_c is 0.42715600363323514...
Loop95 pFBA...61617.0...Ave likelihood of: cpd00305_c is 0.18949640037767201...
Loop96 pFBA...12897.0...Ave likelihood of: cpd00220_c is 0.30069222171307486...
Loop97 pFBA...14787.0...Ave likelihood of: cpd00218_c is 0.2016141897983612...
Loop98 pFBA...14646.0...Ave likelihood of: cpd00215_c is 0.2873429213024796...
Loop99 pFBA...28283.0...Ave likelihood of: cpd00104_c is 0.2217751436909965...
Loop100 pFBA...34914.0...Ave likelihood of: cpd00393_c is 0.2085905220904306...
Loop101 pFBA...6443.0...Ave likelihood of: cpd00363_c is 0.34002847751261206...
Loop102 pFBA...9363.0...Ave likelihood of: cpd00281_c is 0.09095993666902782...
Loop103 pFBA...4225.0...Ave likelihood of: cpd00025_c is 0.32118054619008285...
Loop104 pFBA...21059.0...Ave likelihood of: cpd00811_c is 0.24695956671082786...
Loop105 pFBA...6397.0...Ave likelihood of: cpd00714_c is 0.4513194366622012...
Loop106 pFBA...5304.0...Ave likelihood of: cpd00117_c is 0.4068314911073414...
Loop107 pFBA...7609.0...Ave likelihood of: cpd00186_c is 0.2318198406982893...
Loop108 pFBA...22063.0...Ave likelihood of: cpd00637_c is 0.2304825391602699...
Loop109 pFBA...6396.0...Ave likelihood of: cpd00550_c is 0.2739838224602985...
Loop110 pFBA...4172.0...Ave likelihood of: cpd00033_c is 0.25419767737746773...
Loop111 pFBA...5170.0...Ave likelihood of: cpd00035_c is 0.413351628570897...
Loop112 pFBA...18001.0...Ave likelihood of: cpd00051_c is 0.3102794305465585...
Loop113 pFBA...7843.0...Ave likelihood of: cpd00132_c is 0.189149346325629...
Loop114 pFBA...5449.0...Ave likelihood of: cpd00041_c is 0.11841695831304247...
Loop115 pFBA...13690.0...Ave likelihood of: cpd00084_c is 0.31780375166865305...
Loop116 pFBA...7363.0...Ave likelihood of: cpd00023_c is 0.12734391133663897...
Loop117 pFBA...9550.0...Ave likelihood of: cpd00053_c is 0.195997470106089...
Loop118 pFBA...21583.0...Ave likelihood of: cpd00119_c is 0.1566684937253343...
Loop119 pFBA...17000.0...Ave likelihood of: cpd00322_c is 0.2866862892551571...
Loop120 pFBA...14690.0...Ave likelihood of: cpd00107_c is 0.237717772414891...
Loop121 pFBA...16805.0...Ave likelihood of: cpd00039_c is 0.3096211185994691...
Loop122 pFBA...21063.0...Ave likelihood of: cpd00060_c is 0.23332800260669298...
Loop123 pFBA...20190.0...Ave likelihood of: cpd00066_c is 0.23555713927975055...
Loop124 pFBA...10594.0...Ave likelihood of: cpd00129_c is 0.14058767587247228...
Loop125 pFBA...5396.0...Ave likelihood of: cpd00054_c is 0.2783327720231604...
Loop126 pFBA...7523.0...Ave likelihood of: cpd00161_c is 0.3786179110445533...
Loop127 pFBA...29356.0...Ave likelihood of: cpd00065_c is 0.19993075991328238...
Loop128 pFBA...18166.0...Ave likelihood of: cpd00069_c is 0.25202140819134927...
Loop129 pFBA...8518.0...Ave likelihood of: cpd00156_c is 0.24243076189713275...
Loop130 pFBA...23480.0...Ave likelihood of: cpd00098_c is 0.2506667067908344...
Loop131 pFBA...14383.0...Ave likelihood of: cpd00274_c is 0.2961736715717613...
Loop132 pFBA...6114.0...Ave likelihood of: cpd00226_c is 0.4042844214869235...
Loop133 pFBA...4534.0...Ave likelihood of: cpd00246_c is 0.38200551530767574...
Loop134 pFBA...19982.0...Ave likelihood of: cpd00374_c is 0.25980030890263495...
Loop135 pFBA...4309.0...Ave likelihood of: cpd00221_c is 0.3001047033523884...
Loop136 pFBA...3997.0...Ave likelihood of: cpd00159_c is 0.3124953151091841...
Loop137 pFBA...10219.0...Ave likelihood of: cpd00211_c is 0.30338022437038875...
Loop138 pFBA...4017.0...Ave likelihood of: cpd00047_c is 0.3452210610982778...
Loop139 pFBA...5202.0...Ave likelihood of: cpd00106_c is 0.15540012584266324...
Loop140 pFBA...7690.0...Ave likelihood of: cpd00141_c is 0.3352271622874283...
Loop141 pFBA...19432.0...Ave likelihood of: cpd00216_c is 0.2492251733300562...
Loop142 pFBA...4995.0...Ave likelihood of: cpd00036_c is 0.0854284352604589...
Loop143 pFBA...22204.0...Ave likelihood of: cpd00581_c is 0.1498568200851024...
Loop144 pFBA...4425.0...Ave likelihood of: cpd00128_c is 0.3824163987766104...
Loop145 pFBA...5919.0...Ave likelihood of: cpd00018_c is 0.23590515630677508...
Loop146 pFBA...4962.0...Ave likelihood of: cpd00091_c is 0.31873018376801615...
Loop147 pFBA...3321.0...Ave likelihood of: cpd00092_c is 0.4207440688261978...
Loop148 pFBA...61473.0...Ave likelihood of: cpd00305_c is 0.20470793511949528...
Loop149 pFBA...12880.0...Ave likelihood of: cpd00220_c is 0.33337015342473625...
Loop150 pFBA...14452.0...Ave likelihood of: cpd00218_c is 0.22610188480875149...
Loop151 pFBA...14120.0...Ave likelihood of: cpd00215_c is 0.3262404993082714...
Loop152 pFBA...28131.0...Ave likelihood of: cpd00104_c is 0.24402967262296316...
Loop153 pFBA...34900.0...Ave likelihood of: cpd00393_c is 0.21409824940842026...
Loop154 pFBA...5788.0...Ave likelihood of: cpd00363_c is 0.4414608831196724...
Loop155 pFBA...9363.0...Ave likelihood of: cpd00281_c is 0.09095993666902782...
Loop156 pFBA...4082.0...Ave likelihood of: cpd00025_c is 0.34261073697641475...
Loop157 pFBA...19831.0...Ave likelihood of: cpd00811_c is 0.2497950247464855...
Loop158 pFBA...5230.0...Ave likelihood of: cpd00714_c is 0.5197163198637174...
37.5725583514mins to complete!
