
The following have been reloaded with a version change:
  1) anaconda2/4.4.0 => anaconda2/5.1.0

Loading in models...Adding Water...Remove no-like rxns...Pruned 1 metabolites from model
Pruned 1 reactions from model
Set-up Universal...66.0seconds to complete

Loop0 pFBA...5336.0...Ave likelihood of: cpd00117_c is 0.3055641045459645...
Loop1 pFBA...7128.0...Ave likelihood of: cpd00186_c is 0.31196213427156255...
Loop2 pFBA...21734.0...Ave likelihood of: cpd00637_c is 0.24039978793760677...
Loop3 pFBA...6395.0...Ave likelihood of: cpd00550_c is 0.4254505084602107...
Loop4 pFBA...4106.0...Ave likelihood of: cpd00033_c is 0.2234927754952135...
Loop5 pFBA...5230.0...Ave likelihood of: cpd00035_c is 0.3055641045459645...
Loop6 pFBA...17859.0...Ave likelihood of: cpd00051_c is 0.27388740364935943...
Loop7 pFBA...8126.0...Ave likelihood of: cpd00132_c is 0.1925377777713799...
Loop8 pFBA...5304.0...Ave likelihood of: cpd00041_c is 0.18521434273690526...
Loop9 pFBA...13569.0...Ave likelihood of: cpd00084_c is 0.28010257197268246...
Loop10 pFBA...6631.0...Ave likelihood of: cpd00023_c is 0.2737772512408643...
Loop11 pFBA...9272.0...Ave likelihood of: cpd00053_c is 0.18827687993920353...
Loop12 pFBA...15580.0...Ave likelihood of: cpd00119_c is 0.3213527512411351...
Loop13 pFBA...16840.0...Ave likelihood of: cpd00322_c is 0.17327590099775106...
Loop14 pFBA...13896.0...Ave likelihood of: cpd00107_c is 0.2890541955026043...
Loop15 pFBA...16906.0...Ave likelihood of: cpd00039_c is 0.2915891796058009...
Loop16 pFBA...20734.0...Ave likelihood of: cpd00060_c is 0.24356294304204895...
Loop17 pFBA...20921.0...Ave likelihood of: cpd00066_c is 0.26940347926656477...
Loop18 pFBA...10273.0...Ave likelihood of: cpd00129_c is 0.31056717265246836...
Loop19 pFBA...5395.0...Ave likelihood of: cpd00054_c is 0.46412782741113895...
Loop20 pFBA...7669.0...Ave likelihood of: cpd00161_c is 0.3918348285847341...
Loop21 pFBA...26587.0...Ave likelihood of: cpd00065_c is 0.22349638470738095...
Loop22 pFBA...18417.0...Ave likelihood of: cpd00069_c is 0.2622248058658486...
Loop23 pFBA...7859.0...Ave likelihood of: cpd00156_c is 0.3018088304130097...
Loop24 pFBA...24239.0...Ave likelihood of: cpd00098_c is 0.18997635058468626...
Loop25 pFBA...14307.0...Ave likelihood of: cpd00274_c is 0.29240281594026...
Loop26 pFBA...6132.0...Ave likelihood of: cpd00226_c is 0.33469017326849687...
Loop27 pFBA...4610.0...Ave likelihood of: cpd00246_c is 0.39799951399816147...
Loop28 pFBA...20260.0...Ave likelihood of: cpd00374_c is 0.25726940249101804...
Loop29 pFBA...4196.0...Ave likelihood of: cpd00221_c is 0.41972413730454...
Loop30 pFBA...4029.0...Ave likelihood of: cpd00159_c is 0.3759631476262869...
Loop31 pFBA...10079.0...Ave likelihood of: cpd00211_c is 0.25380199943662507...
Loop32 pFBA...3612.0...Ave likelihood of: cpd00047_c is 0.40355605592731325...
Loop33 pFBA...4995.0...Ave likelihood of: cpd00106_c is 0.18650920579504474...
Loop34 pFBA...7625.0...Ave likelihood of: cpd00141_c is 0.29772594411868886...
Loop35 pFBA...20047.0...Ave likelihood of: cpd00216_c is 0.2661153585314231...
Loop36 pFBA...4763.0...Ave likelihood of: cpd00036_c is 0.22457788467998277...
Loop37 pFBA...16181.0...Ave likelihood of: cpd00581_c is 0.34004469721862235...
Loop38 pFBA...4256.0...Ave likelihood of: cpd00128_c is 0.3629325813798025...
Loop39 pFBA...5761.0...Ave likelihood of: cpd00018_c is 0.32239790414008984...
Loop40 pFBA...5088.0...Ave likelihood of: cpd00091_c is 0.36818957420614157...
Loop41 pFBA...4160.0...Ave likelihood of: cpd00092_c is 0.38924587005532124...
Loop42 pFBA...61621.0...Ave likelihood of: cpd00305_c is 0.19986148046261068...
Loop43 pFBA...13405.0...Ave likelihood of: cpd00220_c is 0.27362752623576053...
Loop44 pFBA...14406.0...Ave likelihood of: cpd00218_c is 0.19756129899873578...
Loop45 pFBA...13508.0...Ave likelihood of: cpd00215_c is 0.3235586161572909...
Loop46 pFBA...28039.0...Ave likelihood of: cpd00104_c is 0.19854876669801874...
Loop47 pFBA...36562.0...Ave likelihood of: cpd00393_c is 0.21283389431792393...
Loop48 pFBA...6179.0...Ave likelihood of: cpd00363_c is 0.4452817626501958...
Loop49 pFBA...8631.0...Ave likelihood of: cpd00281_c is 0.19555517945776021...
Loop50 pFBA...4099.0...Ave likelihood of: cpd00025_c is 0.3917435594521735...
Loop51 pFBA...20303.0...Ave likelihood of: cpd00811_c is 0.20127360354472412...
Loop52 pFBA...5336.0...Ave likelihood of: cpd00117_c is 0.3055641045459645...
Loop53 pFBA...7128.0...Ave likelihood of: cpd00186_c is 0.31196213427156255...
Loop54 pFBA...21734.0...Ave likelihood of: cpd00637_c is 0.24039978793760677...
Loop55 pFBA...6395.0...Ave likelihood of: cpd00550_c is 0.4254505084602107...
Loop56 pFBA...4106.0...Ave likelihood of: cpd00033_c is 0.2234927754952135...
Loop57 pFBA...5230.0...Ave likelihood of: cpd00035_c is 0.3055641045459645...
Loop58 pFBA...18158.0...Ave likelihood of: cpd00051_c is 0.25972843945852975...
Loop59 pFBA...8126.0...Ave likelihood of: cpd00132_c is 0.1925377777713799...
Loop60 pFBA...5304.0...Ave likelihood of: cpd00041_c is 0.18521434273690526...
Loop61 pFBA...13640.0...Ave likelihood of: cpd00084_c is 0.23938842903184457...
Loop62 pFBA...6631.0...Ave likelihood of: cpd00023_c is 0.2737772512408643...
Loop63 pFBA...9272.0...Ave likelihood of: cpd00053_c is 0.18479027105144047...
Loop64 pFBA...15580.0...Ave likelihood of: cpd00119_c is 0.3213527512411351...
Loop65 pFBA...16840.0...Ave likelihood of: cpd00322_c is 0.17327590099775106...
Loop66 pFBA...13896.0...Ave likelihood of: cpd00107_c is 0.2890541955026043...
Loop67 pFBA...17263.0...Ave likelihood of: cpd00039_c is 0.283123323608208...
Loop68 pFBA...20734.0...Ave likelihood of: cpd00060_c is 0.24356294304204895...
Loop69 pFBA...21169.0...Ave likelihood of: cpd00066_c is 0.285702184354169...
Loop70 pFBA...10273.0...Ave likelihood of: cpd00129_c is 0.31056717265246836...
Loop71 pFBA...5395.0...Ave likelihood of: cpd00054_c is 0.46412782741113895...
Loop72 pFBA...7708.0...Ave likelihood of: cpd00161_c is 0.3039018396208596...
Loop73 pFBA...26587.0...Ave likelihood of: cpd00065_c is 0.22349638470738095...
Loop74 pFBA...18596.0...Ave likelihood of: cpd00069_c is 0.22950632170224208...
Loop75 pFBA...7859.0...Ave likelihood of: cpd00156_c is 0.3018088304130097...
Loop76 pFBA...24404.0...Ave likelihood of: cpd00098_c is 0.18220490273338863...
Loop77 pFBA...14512.0...Ave likelihood of: cpd00274_c is 0.2200370808594858...
Loop78 pFBA...6132.0...Ave likelihood of: cpd00226_c is 0.33469017326849676...
Loop79 pFBA...4828.0...Ave likelihood of: cpd00246_c is 0.21900098592357234...
Loop80 pFBA...20774.0...Ave likelihood of: cpd00374_c is 0.2191543817956935...
Loop81 pFBA...4311.0...Ave likelihood of: cpd00221_c is 0.2558062279348955...
Loop82 pFBA...4108.0...Ave likelihood of: cpd00159_c is 0.33044134487984594...
Loop83 pFBA...10079.0...Ave likelihood of: cpd00211_c is 0.25380199943662507...
Loop84 pFBA...3638.0...Ave likelihood of: cpd00047_c is 0.4232564121109116...
Loop85 pFBA...4995.0...Ave likelihood of: cpd00106_c is 0.18650920579504474...
Loop86 pFBA...7645.0...Ave likelihood of: cpd00141_c is 0.3162436484673061...
Loop87 pFBA...20243.0...Ave likelihood of: cpd00216_c is 0.2553873221018803...
Loop88 pFBA...4763.0...Ave likelihood of: cpd00036_c is 0.22457788467998277...
Loop89 pFBA...16181.0...Ave likelihood of: cpd00581_c is 0.34004469721862235...
Loop90 pFBA...4256.0...Ave likelihood of: cpd00128_c is 0.3629325813798025...
Loop91 pFBA...5761.0...Ave likelihood of: cpd00018_c is 0.32239790414008984...
Loop92 pFBA...5088.0...Ave likelihood of: cpd00091_c is 0.37934683403057007...
Loop93 pFBA...4160.0...Ave likelihood of: cpd00092_c is 0.38924587005532124...
Loop94 pFBA...61632.0...Ave likelihood of: cpd00305_c is 0.19331453657047887...
Loop95 pFBA...13405.0...Ave likelihood of: cpd00220_c is 0.28926338487780406...
Loop96 pFBA...14493.0...Ave likelihood of: cpd00218_c is 0.1666548827378427...
Loop97 pFBA...14006.0...Ave likelihood of: cpd00215_c is 0.2930843123130042...
Loop98 pFBA...28039.0...Ave likelihood of: cpd00104_c is 0.2007796517170976...
Loop99 pFBA...36562.0...Ave likelihood of: cpd00393_c is 0.21283389431792393...
Loop100 pFBA...6472.0...Ave likelihood of: cpd00363_c is 0.45252783719073814...
Loop101 pFBA...8631.0...Ave likelihood of: cpd00281_c is 0.19555517945776021...
Loop102 pFBA...4181.0...Ave likelihood of: cpd00025_c is 0.32681994086666827...
Loop103 pFBA...20672.0...Ave likelihood of: cpd00811_c is 0.23105528144909426...
Loop104 pFBA...5336.0...Ave likelihood of: cpd00117_c is 0.3055641045459645...
Loop105 pFBA...7128.0...Ave likelihood of: cpd00186_c is 0.31196213427156255...
Loop106 pFBA...21726.0...Ave likelihood of: cpd00637_c is 0.22895381263740552...
Loop107 pFBA...6395.0...Ave likelihood of: cpd00550_c is 0.4254505084602107...
Loop108 pFBA...4106.0...Ave likelihood of: cpd00033_c is 0.2234927754952135...
Loop109 pFBA...5230.0...Ave likelihood of: cpd00035_c is 0.3055641045459645...
Loop110 pFBA...17859.0...Ave likelihood of: cpd00051_c is 0.2579340996422106...
Loop111 pFBA...8126.0...Ave likelihood of: cpd00132_c is 0.1925377777713799...
Loop112 pFBA...5304.0...Ave likelihood of: cpd00041_c is 0.18521434273690526...
Loop113 pFBA...13624.0...Ave likelihood of: cpd00084_c is 0.3092320038577073...
Loop114 pFBA...6631.0...Ave likelihood of: cpd00023_c is 0.2737772512408643...
Loop115 pFBA...9272.0...Ave likelihood of: cpd00053_c is 0.18827687993920353...
Loop116 pFBA...15580.0...Ave likelihood of: cpd00119_c is 0.3213527512411351...
Loop117 pFBA...16840.0...Ave likelihood of: cpd00322_c is 0.17327590099775106...
Loop118 pFBA...13896.0...Ave likelihood of: cpd00107_c is 0.2890541955026043...
Loop119 pFBA...17089.0...Ave likelihood of: cpd00039_c is 0.29824078669843385...
Loop120 pFBA...20726.0...Ave likelihood of: cpd00060_c is 0.2317122923077357...
Loop121 pFBA...20797.0...Ave likelihood of: cpd00066_c is 0.27429977791332816...
Loop122 pFBA...10273.0...Ave likelihood of: cpd00129_c is 0.31056717265246836...
Loop123 pFBA...5395.0...Ave likelihood of: cpd00054_c is 0.46412782741113895...
Loop124 pFBA...7646.0...Ave likelihood of: cpd00161_c is 0.38664975519286043...
Loop125 pFBA...26587.0...Ave likelihood of: cpd00065_c is 0.22349638470738095...
Loop126 pFBA...18313.0...Ave likelihood of: cpd00069_c is 0.26347200572551904...
Loop127 pFBA...7859.0...Ave likelihood of: cpd00156_c is 0.3018088304130097...
Loop128 pFBA...24135.0...Ave likelihood of: cpd00098_c is 0.19239873056272946...
Loop129 pFBA...14495.0...Ave likelihood of: cpd00274_c is 0.2698360662224328...
Loop130 pFBA...6132.0...Ave likelihood of: cpd00226_c is 0.33469017326849687...
Loop131 pFBA...4566.0...Ave likelihood of: cpd00246_c is 0.3592091601046951...
Loop132 pFBA...20128.0...Ave likelihood of: cpd00374_c is 0.25997670679616175...
Loop133 pFBA...4280.0...Ave likelihood of: cpd00221_c is 0.33389092383338154...
Loop134 pFBA...4089.0...Ave likelihood of: cpd00159_c is 0.36279659577698076...
Loop135 pFBA...10075.0...Ave likelihood of: cpd00211_c is 0.3629996822478689...
Loop136 pFBA...3638.0...Ave likelihood of: cpd00047_c is 0.4232564121109116...
Loop137 pFBA...4995.0...Ave likelihood of: cpd00106_c is 0.18650920579504474...
Loop138 pFBA...7614.0...Ave likelihood of: cpd00141_c is 0.36489783466740555...
Loop139 pFBA...19839.0...Ave likelihood of: cpd00216_c is 0.269181042732912...
Loop140 pFBA...4763.0...Ave likelihood of: cpd00036_c is 0.22457788467998277...
Loop141 pFBA...16181.0...Ave likelihood of: cpd00581_c is 0.34004469721862235...
Loop142 pFBA...4256.0...Ave likelihood of: cpd00128_c is 0.3629325813798025...
Loop143 pFBA...5761.0...Ave likelihood of: cpd00018_c is 0.32239790414008984...
Loop144 pFBA...5088.0...Ave likelihood of: cpd00091_c is 0.36818957420614157...
Loop145 pFBA...4160.0...Ave likelihood of: cpd00092_c is 0.38924587005532124...
Loop146 pFBA...61571.0...Ave likelihood of: cpd00305_c is 0.203322285015182...
Loop147 pFBA...13405.0...Ave likelihood of: cpd00220_c is 0.289263384877804...
Loop148 pFBA...14348.0...Ave likelihood of: cpd00218_c is 0.1985372065762723...
Loop149 pFBA...13346.0...Ave likelihood of: cpd00215_c is 0.4068445869922634...
Loop150 pFBA...28039.0...Ave likelihood of: cpd00104_c is 0.1985487666980188...
Loop151 pFBA...36562.0...Ave likelihood of: cpd00393_c is 0.22065291320933184...
Loop152 pFBA...6078.0...Ave likelihood of: cpd00363_c is 0.4689698813722207...
Loop153 pFBA...8631.0...Ave likelihood of: cpd00281_c is 0.19555517945776021...
Loop154 pFBA...4062.0...Ave likelihood of: cpd00025_c is 0.4077390165362918...
Loop155 pFBA...20139.0...Ave likelihood of: cpd00811_c is 0.21342367796447034...
32.5640209993mins to complete!
