
The following have been reloaded with a version change:
  1) anaconda2/4.4.0 => anaconda2/5.1.0

Loading in models...Adding Water...Remove no-like rxns...Pruned 1 metabolites from model
Pruned 1 reactions from model
Set-up Universal...62.0seconds to complete

Loop0 pFBA...5304.0...Ave likelihood of: cpd00117_c is 0.4068314911073414...
Loop1 pFBA...7609.0...Ave likelihood of: cpd00186_c is 0.23177951152929...
Loop2 pFBA...22143.0...Ave likelihood of: cpd00637_c is 0.1965892443870756...
Loop3 pFBA...6398.0...Ave likelihood of: cpd00550_c is 0.39579016945586554...
Loop4 pFBA...4172.0...Ave likelihood of: cpd00033_c is 0.25419767737746773...
Loop5 pFBA...5170.0...Ave likelihood of: cpd00035_c is 0.413351628570897...
Loop6 pFBA...18344.0...Ave likelihood of: cpd00051_c is 0.27748528195556876...
Loop7 pFBA...7843.0...Ave likelihood of: cpd00132_c is 0.189149346325629...
Loop8 pFBA...5449.0...Ave likelihood of: cpd00041_c is 0.11841695831304247...
Loop9 pFBA...13745.0...Ave likelihood of: cpd00084_c is 0.2825771767509257...
Loop10 pFBA...7364.0...Ave likelihood of: cpd00023_c is 0.12729551633383981...
Loop11 pFBA...9550.0...Ave likelihood of: cpd00053_c is 0.1959914207307391...
Loop12 pFBA...21583.0...Ave likelihood of: cpd00119_c is 0.15666299429319805...
Loop13 pFBA...17138.0...Ave likelihood of: cpd00322_c is 0.27475873360158004...
Loop14 pFBA...14701.0...Ave likelihood of: cpd00107_c is 0.24258727967959642...
Loop15 pFBA...16931.0...Ave likelihood of: cpd00039_c is 0.3209927542841168...
Loop16 pFBA...21143.0...Ave likelihood of: cpd00060_c is 0.19961369430072295...
Loop17 pFBA...21061.0...Ave likelihood of: cpd00066_c is 0.24159792593173832...
Loop18 pFBA...10594.0...Ave likelihood of: cpd00129_c is 0.14058767587247228...
Loop19 pFBA...5398.0...Ave likelihood of: cpd00054_c is 0.4221761807529233...
Loop20 pFBA...7601.0...Ave likelihood of: cpd00161_c is 0.36518908403315425...
Loop21 pFBA...29378.0...Ave likelihood of: cpd00065_c is 0.15691585819474843...
Loop22 pFBA...18782.0...Ave likelihood of: cpd00069_c is 0.2410890248687777...
Loop23 pFBA...8518.0...Ave likelihood of: cpd00156_c is 0.24243076189713275...
Loop24 pFBA...23956.0...Ave likelihood of: cpd00098_c is 0.24023522125522173...
Loop25 pFBA...14476.0...Ave likelihood of: cpd00274_c is 0.24476443230774506...
Loop26 pFBA...6122.0...Ave likelihood of: cpd00226_c is 0.4029298279366842...
Loop27 pFBA...4735.0...Ave likelihood of: cpd00246_c is 0.3102367956039137...
Loop28 pFBA...20751.0...Ave likelihood of: cpd00374_c is 0.23270890855220241...
Loop29 pFBA...4320.0...Ave likelihood of: cpd00221_c is 0.32209078443891087...
Loop30 pFBA...4004.0...Ave likelihood of: cpd00159_c is 0.32289289421188316...
Loop31 pFBA...10269.0...Ave likelihood of: cpd00211_c is 0.19225123547607903...
Loop32 pFBA...4031.0...Ave likelihood of: cpd00047_c is 0.3497873631517202...
Loop33 pFBA...5202.0...Ave likelihood of: cpd00106_c is 0.15540012584266324...
Loop34 pFBA...7712.0...Ave likelihood of: cpd00141_c is 0.23078643555891545...
Loop35 pFBA...20321.0...Ave likelihood of: cpd00216_c is 0.22932190323886642...
Loop36 pFBA...4995.0...Ave likelihood of: cpd00036_c is 0.0854284352604589...
Loop37 pFBA...22204.0...Ave likelihood of: cpd00581_c is 0.14985155975871117...
Loop38 pFBA...4425.0...Ave likelihood of: cpd00128_c is 0.3824163987766104...
Loop39 pFBA...5919.0...Ave likelihood of: cpd00018_c is 0.23590515630677508...
Loop40 pFBA...4962.0...Ave likelihood of: cpd00091_c is 0.31873018376801615...
Loop41 pFBA...3342.0...Ave likelihood of: cpd00092_c is 0.39824304828277834...
Loop42 pFBA...61623.0...Ave likelihood of: cpd00305_c is 0.19079817033842067...
Loop43 pFBA...12897.0...Ave likelihood of: cpd00220_c is 0.3006922217130748...
Loop44 pFBA...14765.0...Ave likelihood of: cpd00218_c is 0.1560549592405644...
Loop45 pFBA...14501.0...Ave likelihood of: cpd00215_c is 0.31206087843494035...
Loop46 pFBA...28307.0...Ave likelihood of: cpd00104_c is 0.2262793396400626...
Loop47 pFBA...34915.0...Ave likelihood of: cpd00393_c is 0.20857738863136463...
Loop48 pFBA...6250.0...Ave likelihood of: cpd00363_c is 0.45065887911779823...
Loop49 pFBA...9364.0...Ave likelihood of: cpd00281_c is 0.09092536880988558...
Loop50 pFBA...4199.0...Ave likelihood of: cpd00025_c is 0.3578913527353814...
Loop51 pFBA...20535.0...Ave likelihood of: cpd00811_c is 0.1964112811950984...
Loop52 pFBA...5619.0...Ave likelihood of: cpd00714_c is 0.3617836724573834...
Loop53 pFBA...5304.0...Ave likelihood of: cpd00117_c is 0.4068314911073414...
Loop54 pFBA...7609.0...Ave likelihood of: cpd00186_c is 0.23177951152929...
Loop55 pFBA...22143.0...Ave likelihood of: cpd00637_c is 0.1965892443870756...
Loop56 pFBA...6398.0...Ave likelihood of: cpd00550_c is 0.39579016945586554...
Loop57 pFBA...4172.0...Ave likelihood of: cpd00033_c is 0.25419767737746773...
Loop58 pFBA...5170.0...Ave likelihood of: cpd00035_c is 0.413351628570897...
Loop59 pFBA...18457.0...Ave likelihood of: cpd00051_c is 0.3053787635326118...
Loop60 pFBA...7843.0...Ave likelihood of: cpd00132_c is 0.189149346325629...
Loop61 pFBA...5449.0...Ave likelihood of: cpd00041_c is 0.11841695831304247...
Loop62 pFBA...13778.0...Ave likelihood of: cpd00084_c is 0.26956878414212854...
Loop63 pFBA...7364.0...Ave likelihood of: cpd00023_c is 0.12729551633383981...
Loop64 pFBA...9550.0...Ave likelihood of: cpd00053_c is 0.19600636212500988...
Loop65 pFBA...21583.0...Ave likelihood of: cpd00119_c is 0.15319487565936768...
Loop66 pFBA...17139.0...Ave likelihood of: cpd00322_c is 0.253853157556947...
Loop67 pFBA...14701.0...Ave likelihood of: cpd00107_c is 0.23476188356089978...
Loop68 pFBA...16988.0...Ave likelihood of: cpd00039_c is 0.2892943461008423...
Loop69 pFBA...21143.0...Ave likelihood of: cpd00060_c is 0.19961369430072295...
Loop70 pFBA...21517.0...Ave likelihood of: cpd00066_c is 0.2763197320276959...
Loop71 pFBA...10594.0...Ave likelihood of: cpd00129_c is 0.15620852874719143...
Loop72 pFBA...5398.0...Ave likelihood of: cpd00054_c is 0.4221761807529233...
Loop73 pFBA...7652.0...Ave likelihood of: cpd00161_c is 0.30171554881726964...
Loop74 pFBA...29378.0...Ave likelihood of: cpd00065_c is 0.1565776893440919...
Loop75 pFBA...19093.0...Ave likelihood of: cpd00069_c is 0.27115481500020155...
Loop76 pFBA...8518.0...Ave likelihood of: cpd00156_c is 0.24243076189713275...
Loop77 pFBA...24008.0...Ave likelihood of: cpd00098_c is 0.2156574528596653...
Loop78 pFBA...14539.0...Ave likelihood of: cpd00274_c is 0.1812192487655526...
Loop79 pFBA...6122.0...Ave likelihood of: cpd00226_c is 0.4029298279366841...
Loop80 pFBA...4859.0...Ave likelihood of: cpd00246_c is 0.268492891715556...
Loop81 pFBA...21226.0...Ave likelihood of: cpd00374_c is 0.25976888354085237...
Loop82 pFBA...4358.0...Ave likelihood of: cpd00221_c is 0.3614069255864168...
Loop83 pFBA...4054.0...Ave likelihood of: cpd00159_c is 0.3516485957765531...
Loop84 pFBA...10269.0...Ave likelihood of: cpd00211_c is 0.19223700557677356...
Loop85 pFBA...4110.0...Ave likelihood of: cpd00047_c is 0.3352716310080067...
Loop86 pFBA...5202.0...Ave likelihood of: cpd00106_c is 0.15540012584266324...
Loop87 pFBA...7736.0...Ave likelihood of: cpd00141_c is 0.2377709993517391...
Loop88 pFBA...20588.0...Ave likelihood of: cpd00216_c is 0.27165134816195335...
Loop89 pFBA...4995.0...Ave likelihood of: cpd00036_c is 0.0854284352604589...
Loop90 pFBA...22204.0...Ave likelihood of: cpd00581_c is 0.14986455227546838...
Loop91 pFBA...4425.0...Ave likelihood of: cpd00128_c is 0.3824163987766104...
Loop92 pFBA...5919.0...Ave likelihood of: cpd00018_c is 0.23590515630677508...
Loop93 pFBA...4962.0...Ave likelihood of: cpd00091_c is 0.31873018376801615...
Loop94 pFBA...3342.0...Ave likelihood of: cpd00092_c is 0.39824304828277834...
Loop95 pFBA...61628.0...Ave likelihood of: cpd00305_c is 0.2002885140107042...
Loop96 pFBA...12897.0...Ave likelihood of: cpd00220_c is 0.30069222171307486...
Loop97 pFBA...14787.0...Ave likelihood of: cpd00218_c is 0.2016141897983612...
Loop98 pFBA...14646.0...Ave likelihood of: cpd00215_c is 0.2873429213024796...
Loop99 pFBA...28307.0...Ave likelihood of: cpd00104_c is 0.22627933964006258...
Loop100 pFBA...34915.0...Ave likelihood of: cpd00393_c is 0.20857738863136463...
Loop101 pFBA...6443.0...Ave likelihood of: cpd00363_c is 0.34002847751261206...
Loop102 pFBA...9364.0...Ave likelihood of: cpd00281_c is 0.09092536880988558...
Loop103 pFBA...4225.0...Ave likelihood of: cpd00025_c is 0.32118054619008285...
Loop104 pFBA...21092.0...Ave likelihood of: cpd00811_c is 0.24585781306842971...
Loop105 pFBA...6397.0...Ave likelihood of: cpd00714_c is 0.4513194366622012...
Loop106 pFBA...5304.0...Ave likelihood of: cpd00117_c is 0.4068314911073414...
Loop107 pFBA...7609.0...Ave likelihood of: cpd00186_c is 0.23177951152929...
Loop108 pFBA...22080.0...Ave likelihood of: cpd00637_c is 0.22979730213877836...
Loop109 pFBA...6397.0...Ave likelihood of: cpd00550_c is 0.27745121114125865...
Loop110 pFBA...4172.0...Ave likelihood of: cpd00033_c is 0.25419767737746773...
Loop111 pFBA...5170.0...Ave likelihood of: cpd00035_c is 0.413351628570897...
Loop112 pFBA...18053.0...Ave likelihood of: cpd00051_c is 0.3085431518043068...
Loop113 pFBA...7843.0...Ave likelihood of: cpd00132_c is 0.189149346325629...
Loop114 pFBA...5449.0...Ave likelihood of: cpd00041_c is 0.11841695831304247...
Loop115 pFBA...13697.0...Ave likelihood of: cpd00084_c is 0.3211380594194438...
Loop116 pFBA...7364.0...Ave likelihood of: cpd00023_c is 0.12729551633383981...
Loop117 pFBA...9550.0...Ave likelihood of: cpd00053_c is 0.1959914207307391...
Loop118 pFBA...21583.0...Ave likelihood of: cpd00119_c is 0.15666299429319805...
Loop119 pFBA...17015.0...Ave likelihood of: cpd00322_c is 0.2838857864982696...
Loop120 pFBA...14701.0...Ave likelihood of: cpd00107_c is 0.23476188356089978...
Loop121 pFBA...16817.0...Ave likelihood of: cpd00039_c is 0.3079344724459295...
Loop122 pFBA...21080.0...Ave likelihood of: cpd00060_c is 0.23263430586888673...
Loop123 pFBA...20247.0...Ave likelihood of: cpd00066_c is 0.23405610318353945...
Loop124 pFBA...10594.0...Ave likelihood of: cpd00129_c is 0.15620852874719143...
Loop125 pFBA...5397.0...Ave likelihood of: cpd00054_c is 0.27745121114125865...
Loop126 pFBA...7531.0...Ave likelihood of: cpd00161_c is 0.3858264966325765...
Loop127 pFBA...29358.0...Ave likelihood of: cpd00065_c is 0.19954510979500878...
Loop128 pFBA...18213.0...Ave likelihood of: cpd00069_c is 0.25022594615693605...
Loop129 pFBA...8518.0...Ave likelihood of: cpd00156_c is 0.24243076189713275...
Loop130 pFBA...23536.0...Ave likelihood of: cpd00098_c is 0.23956222946283437...
Loop131 pFBA...14403.0...Ave likelihood of: cpd00274_c is 0.29380518973913106...
Loop132 pFBA...6122.0...Ave likelihood of: cpd00226_c is 0.4029298279366842...
Loop133 pFBA...4537.0...Ave likelihood of: cpd00246_c is 0.38079816018681023...
Loop134 pFBA...20039.0...Ave likelihood of: cpd00374_c is 0.2581099964610044...
Loop135 pFBA...4310.0...Ave likelihood of: cpd00221_c is 0.30923372891357565...
Loop136 pFBA...3998.0...Ave likelihood of: cpd00159_c is 0.30949324291676183...
Loop137 pFBA...10234.0...Ave likelihood of: cpd00211_c is 0.27411722166777...
Loop138 pFBA...4017.0...Ave likelihood of: cpd00047_c is 0.3452210610982779...
Loop139 pFBA...5202.0...Ave likelihood of: cpd00106_c is 0.15540012584266324...
Loop140 pFBA...7698.0...Ave likelihood of: cpd00141_c is 0.33251797518694964...
Loop141 pFBA...19481.0...Ave likelihood of: cpd00216_c is 0.24817728020628618...
Loop142 pFBA...4995.0...Ave likelihood of: cpd00036_c is 0.0854284352604589...
Loop143 pFBA...22204.0...Ave likelihood of: cpd00581_c is 0.14985155975871117...
Loop144 pFBA...4425.0...Ave likelihood of: cpd00128_c is 0.3824163987766104...
Loop145 pFBA...5919.0...Ave likelihood of: cpd00018_c is 0.23590515630677508...
Loop146 pFBA...4962.0...Ave likelihood of: cpd00091_c is 0.31873018376801615...
Loop147 pFBA...3326.0...Ave likelihood of: cpd00092_c is 0.4194217275033451...
Loop148 pFBA...61497.0...Ave likelihood of: cpd00305_c is 0.19757742036912315...
Loop149 pFBA...12884.0...Ave likelihood of: cpd00220_c is 0.3322811664529752...
Loop150 pFBA...14454.0...Ave likelihood of: cpd00218_c is 0.22531965473044424...
Loop151 pFBA...14121.0...Ave likelihood of: cpd00215_c is 0.3053355041657484...
Loop152 pFBA...28183.0...Ave likelihood of: cpd00104_c is 0.24553310331956368...
Loop153 pFBA...34902.0...Ave likelihood of: cpd00393_c is 0.22023759074173918...
Loop154 pFBA...5824.0...Ave likelihood of: cpd00363_c is 0.43775832741568493...
Loop155 pFBA...9364.0...Ave likelihood of: cpd00281_c is 0.09092536880988558...
Loop156 pFBA...4084.0...Ave likelihood of: cpd00025_c is 0.33395532235606196...
Loop157 pFBA...19886.0...Ave likelihood of: cpd00811_c is 0.24787990972718157...
Loop158 pFBA...5230.0...Ave likelihood of: cpd00714_c is 0.5197163198637174...
32.9516403357mins to complete!
