
The following have been reloaded with a version change:
  1) anaconda2/4.4.0 => anaconda2/5.1.0

Loading in models...Adding Water...Remove no-like rxns...Pruned 1 metabolites from model
Pruned 1 reactions from model
Set-up Universal...52.0seconds to complete

Loop0 pFBA...5559.0...Ave likelihood of: cpd00117_c is 0.4736045545815425...
Loop1 pFBA...6841.0...Ave likelihood of: cpd00186_c is 0.359851302978676...
Loop2 pFBA...21381.0...Ave likelihood of: cpd00637_c is 0.2737781235899541...
Loop3 pFBA...6423.0...Ave likelihood of: cpd00550_c is 0.3476670111793758...
Loop4 pFBA...4055.0...Ave likelihood of: cpd00033_c is 0.25559355310208726...
Loop5 pFBA...5437.0...Ave likelihood of: cpd00035_c is 0.4736045545815425...
Loop6 pFBA...18121.0...Ave likelihood of: cpd00051_c is 0.31060355571449155...
Loop7 pFBA...7912.0...Ave likelihood of: cpd00132_c is 0.2499216565778599...
Loop8 pFBA...5182.0...Ave likelihood of: cpd00041_c is 0.22307547383364768...
Loop9 pFBA...13624.0...Ave likelihood of: cpd00084_c is 0.2766710377512991...
Loop10 pFBA...6592.0...Ave likelihood of: cpd00023_c is 0.281549980630481...
Loop11 pFBA...9082.0...Ave likelihood of: cpd00053_c is 0.3109643238092017...
Loop12 pFBA...16375.0...Ave likelihood of: cpd00119_c is 0.309132448711508...
Loop13 pFBA...16741.0...Ave likelihood of: cpd00322_c is 0.3539775868694758...
Loop14 pFBA...14213.0...Ave likelihood of: cpd00107_c is 0.26389029731845415...
Loop15 pFBA...17681.0...Ave likelihood of: cpd00039_c is 0.302829837251115...
Loop16 pFBA...20381.0...Ave likelihood of: cpd00060_c is 0.2773804673214009...
Loop17 pFBA...20576.0...Ave likelihood of: cpd00066_c is 0.24599234243284737...
Loop18 pFBA...10285.0...Ave likelihood of: cpd00129_c is 0.20135493643767494...
Loop19 pFBA...5423.0...Ave likelihood of: cpd00054_c is 0.3547622563054856...
Loop20 pFBA...7349.0...Ave likelihood of: cpd00161_c is 0.39891216247570116...
Loop21 pFBA...27274.0...Ave likelihood of: cpd00065_c is 0.2496607024096892...
Loop22 pFBA...18307.0...Ave likelihood of: cpd00069_c is 0.214576500658837...
Loop23 pFBA...7671.0...Ave likelihood of: cpd00156_c is 0.33296738647988033...
Loop24 pFBA...23625.0...Ave likelihood of: cpd00098_c is 0.265422686048802...
Loop25 pFBA...14169.0...Ave likelihood of: cpd00274_c is 0.1940845995220487...
Loop26 pFBA...6631.0...Ave likelihood of: cpd00226_c is 0.32596579408386134...
Loop27 pFBA...4461.0...Ave likelihood of: cpd00246_c is 0.43742179994632996...
Loop28 pFBA...20045.0...Ave likelihood of: cpd00374_c is 0.21736252834352474...
Loop29 pFBA...4760.0...Ave likelihood of: cpd00221_c is 0.42319922073469923...
Loop30 pFBA...4266.0...Ave likelihood of: cpd00159_c is 0.4224971406959395...
Loop31 pFBA...10332.0...Ave likelihood of: cpd00211_c is 0.3557166145928389...
Loop32 pFBA...3766.0...Ave likelihood of: cpd00047_c is 0.2905024940313315...
Loop33 pFBA...5000.0...Ave likelihood of: cpd00106_c is 0.19005055956267314...
Loop34 pFBA...7572.0...Ave likelihood of: cpd00141_c is 0.41268000811370714...
Loop35 pFBA...19206.0...Ave likelihood of: cpd00216_c is 0.23721337290459932...
Loop36 pFBA...4802.0...Ave likelihood of: cpd00036_c is 0.22813690514502175...
Loop37 pFBA...16944.0...Ave likelihood of: cpd00581_c is 0.3261581211240814...
Loop38 pFBA...4747.0...Ave likelihood of: cpd00128_c is 0.34569397571533234...
Loop39 pFBA...5862.0...Ave likelihood of: cpd00018_c is 0.2797313202163866...
Loop40 pFBA...5862.0...Ave likelihood of: cpd00091_c is 0.2797313202163866...
Loop41 pFBA...3610.0...Ave likelihood of: cpd00092_c is 0.36684666632777946...
Loop42 pFBA...63873.0...Ave likelihood of: cpd00305_c is 0.15941616464044794...
Loop43 pFBA...13722.0...Ave likelihood of: cpd00220_c is 0.2834615818197107...
Loop44 pFBA...14473.0...Ave likelihood of: cpd00218_c is 0.20834790489698776...
Loop45 pFBA...14519.0...Ave likelihood of: cpd00215_c is 0.314465986705652...
Loop46 pFBA...28657.0...Ave likelihood of: cpd00104_c is 0.21351284524261052...
Loop47 pFBA...36066.0...Ave likelihood of: cpd00393_c is 0.16969515188406947...
Loop48 pFBA...5709.0...Ave likelihood of: cpd00363_c is 0.5639053984186776...
Loop49 pFBA...8589.0...Ave likelihood of: cpd00281_c is 0.2016419085001769...
Loop50 pFBA...4023.0...Ave likelihood of: cpd00025_c is 0.27481654343176204...
Loop51 pFBA...19596.0...Ave likelihood of: cpd00811_c is 0.2595067413075979...
Loop52 pFBA...5422.0...Ave likelihood of: cpd00714_c is 0.3707341089572831...
Loop53 pFBA...5559.0...Ave likelihood of: cpd00117_c is 0.4736045545815425...
Loop54 pFBA...6841.0...Ave likelihood of: cpd00186_c is 0.359851302978676...
Loop55 pFBA...21647.0...Ave likelihood of: cpd00637_c is 0.2778559542127648...
Loop56 pFBA...6488.0...Ave likelihood of: cpd00550_c is 0.29819346567715393...
Loop57 pFBA...4056.0...Ave likelihood of: cpd00033_c is 0.23865473360268236...
Loop58 pFBA...5437.0...Ave likelihood of: cpd00035_c is 0.4736045545815425...
Loop59 pFBA...18325.0...Ave likelihood of: cpd00051_c is 0.25887174413597797...
Loop60 pFBA...7912.0...Ave likelihood of: cpd00132_c is 0.2499216565778599...
Loop61 pFBA...5182.0...Ave likelihood of: cpd00041_c is 0.22307547383364768...
Loop62 pFBA...13751.0...Ave likelihood of: cpd00084_c is 0.2529210358207434...
Loop63 pFBA...6592.0...Ave likelihood of: cpd00023_c is 0.281549980630481...
Loop64 pFBA...9082.0...Ave likelihood of: cpd00053_c is 0.3109643238092017...
Loop65 pFBA...16375.0...Ave likelihood of: cpd00119_c is 0.3151938692744788...
Loop66 pFBA...16749.0...Ave likelihood of: cpd00322_c is 0.24024042348115632...
Loop67 pFBA...14213.0...Ave likelihood of: cpd00107_c is 0.26389029731845415...
Loop68 pFBA...17906.0...Ave likelihood of: cpd00039_c is 0.34090444283232324...
Loop69 pFBA...20647.0...Ave likelihood of: cpd00060_c is 0.2812036163117138...
Loop70 pFBA...21442.0...Ave likelihood of: cpd00066_c is 0.22934200722217973...
Loop71 pFBA...10285.0...Ave likelihood of: cpd00129_c is 0.20135493643767494...
Loop72 pFBA...5488.0...Ave likelihood of: cpd00054_c is 0.30751201147956503...
Loop73 pFBA...7653.0...Ave likelihood of: cpd00161_c is 0.36152617045229235...
Loop74 pFBA...27274.0...Ave likelihood of: cpd00065_c is 0.2496607024096892...
Loop75 pFBA...18862.0...Ave likelihood of: cpd00069_c is 0.23813359099072096...
Loop76 pFBA...7671.0...Ave likelihood of: cpd00156_c is 0.33296738647988033...
Loop77 pFBA...24540.0...Ave likelihood of: cpd00098_c is 0.259840686708161...
Loop78 pFBA...14169.0...Ave likelihood of: cpd00274_c is 0.1940845995220487...
Loop79 pFBA...6631.0...Ave likelihood of: cpd00226_c is 0.32596579408386134...
Loop80 pFBA...4795.0...Ave likelihood of: cpd00246_c is 0.35633425756965725...
Loop81 pFBA...20829.0...Ave likelihood of: cpd00374_c is 0.2275303271929669...
Loop82 pFBA...5069.0...Ave likelihood of: cpd00221_c is 0.34971055130848255...
Loop83 pFBA...4331.0...Ave likelihood of: cpd00159_c is 0.38360534170354044...
Loop84 pFBA...10507.0...Ave likelihood of: cpd00211_c is 0.21425608112448719...
Loop85 pFBA...3766.0...Ave likelihood of: cpd00047_c is 0.2191718374406186...
Loop86 pFBA...5000.0...Ave likelihood of: cpd00106_c is 0.19005055956267314...
Loop87 pFBA...7729.0...Ave likelihood of: cpd00141_c is 0.3246199265071178...
Loop88 pFBA...20257.0...Ave likelihood of: cpd00216_c is 0.2263026516107962...
Loop89 pFBA...4802.0...Ave likelihood of: cpd00036_c is 0.22813690514502175...
Loop90 pFBA...16944.0...Ave likelihood of: cpd00581_c is 0.3261581211240814...
Loop91 pFBA...4747.0...Ave likelihood of: cpd00128_c is 0.34569397571533234...
Loop92 pFBA...5862.0...Ave likelihood of: cpd00018_c is 0.2797313202163866...
Loop93 pFBA...5862.0...Ave likelihood of: cpd00091_c is 0.2797313202163866...
Loop94 pFBA...3618.0...Ave likelihood of: cpd00092_c is 0.3216156650379635...
Loop95 pFBA...64045.0...Ave likelihood of: cpd00305_c is 0.12199721480028028...
Loop96 pFBA...14160.0...Ave likelihood of: cpd00220_c is 0.1603848605997856...
Loop97 pFBA...14716.0...Ave likelihood of: cpd00218_c is 0.21018017708233494...
Loop98 pFBA...15064.0...Ave likelihood of: cpd00215_c is 0.3470250273323395...
Loop99 pFBA...28697.0...Ave likelihood of: cpd00104_c is 0.17497195430506776...
Loop100 pFBA...36075.0...Ave likelihood of: cpd00393_c is 0.17054358798297076...
Loop101 pFBA...6412.0...Ave likelihood of: cpd00363_c is 0.3861124635757647...
Loop102 pFBA...8589.0...Ave likelihood of: cpd00281_c is 0.2016419085001769...
Loop103 pFBA...4209.0...Ave likelihood of: cpd00025_c is 0.33687958249513905...
Loop104 pFBA...20473.0...Ave likelihood of: cpd00811_c is 0.3016085537218945...
Loop105 pFBA...6388.0...Ave likelihood of: cpd00714_c is 0.42403502090509015...
Loop106 pFBA...5559.0...Ave likelihood of: cpd00117_c is 0.4736045545815425...
Loop107 pFBA...6841.0...Ave likelihood of: cpd00186_c is 0.359851302978676...
Loop108 pFBA...21548.0...Ave likelihood of: cpd00637_c is 0.25011571056803406...
Loop109 pFBA...6443.0...Ave likelihood of: cpd00550_c is 0.3030372005023143...
Loop110 pFBA...4055.0...Ave likelihood of: cpd00033_c is 0.2288451904211943...
Loop111 pFBA...5437.0...Ave likelihood of: cpd00035_c is 0.4736045545815425...
Loop112 pFBA...18211.0...Ave likelihood of: cpd00051_c is 0.2725705703738013...
Loop113 pFBA...7912.0...Ave likelihood of: cpd00132_c is 0.2499216565778599...
Loop114 pFBA...5182.0...Ave likelihood of: cpd00041_c is 0.22307547383364768...
Loop115 pFBA...13734.0...Ave likelihood of: cpd00084_c is 0.23117587693215513...
Loop116 pFBA...6592.0...Ave likelihood of: cpd00023_c is 0.281549980630481...
Loop117 pFBA...9082.0...Ave likelihood of: cpd00053_c is 0.3109643238092017...
Loop118 pFBA...16375.0...Ave likelihood of: cpd00119_c is 0.309132448711508...
Loop119 pFBA...16749.0...Ave likelihood of: cpd00322_c is 0.24024042348115632...
Loop120 pFBA...14213.0...Ave likelihood of: cpd00107_c is 0.26389029731845415...
Loop121 pFBA...17736.0...Ave likelihood of: cpd00039_c is 0.28494460095726926...
Loop122 pFBA...20548.0...Ave likelihood of: cpd00060_c is 0.25011571056803406...
Loop123 pFBA...20932.0...Ave likelihood of: cpd00066_c is 0.226971346148006...
Loop124 pFBA...10285.0...Ave likelihood of: cpd00129_c is 0.20135493643767494...
Loop125 pFBA...5443.0...Ave likelihood of: cpd00054_c is 0.3093504755127792...
Loop126 pFBA...7512.0...Ave likelihood of: cpd00161_c is 0.3457094582530373...
Loop127 pFBA...27274.0...Ave likelihood of: cpd00065_c is 0.2496607024096892...
Loop128 pFBA...18471.0...Ave likelihood of: cpd00069_c is 0.1973753164206325...
Loop129 pFBA...7671.0...Ave likelihood of: cpd00156_c is 0.33296738647988033...
Loop130 pFBA...24114.0...Ave likelihood of: cpd00098_c is 0.24244175697122478...
Loop131 pFBA...14169.0...Ave likelihood of: cpd00274_c is 0.1940845995220487...
Loop132 pFBA...6631.0...Ave likelihood of: cpd00226_c is 0.32596579408386134...
Loop133 pFBA...4642.0...Ave likelihood of: cpd00246_c is 0.2235626342369115...
Loop134 pFBA...20432.0...Ave likelihood of: cpd00374_c is 0.20383742734988547...
Loop135 pFBA...4959.0...Ave likelihood of: cpd00221_c is 0.19161973984096642...
Loop136 pFBA...4316.0...Ave likelihood of: cpd00159_c is 0.3467567716353433...
Loop137 pFBA...10484.0...Ave likelihood of: cpd00211_c is 0.33733750444355537...
Loop138 pFBA...3766.0...Ave likelihood of: cpd00047_c is 0.2191718374406186...
Loop139 pFBA...5000.0...Ave likelihood of: cpd00106_c is 0.19005055956267314...
Loop140 pFBA...7680.0...Ave likelihood of: cpd00141_c is 0.3714334124565472...
Loop141 pFBA...19631.0...Ave likelihood of: cpd00216_c is 0.23141125036614282...
Loop142 pFBA...4802.0...Ave likelihood of: cpd00036_c is 0.22813690514502175...
Loop143 pFBA...16944.0...Ave likelihood of: cpd00581_c is 0.3261581211240814...
Loop144 pFBA...4747.0...Ave likelihood of: cpd00128_c is 0.34569397571533234...
Loop145 pFBA...5862.0...Ave likelihood of: cpd00018_c is 0.2797313202163866...
Loop146 pFBA...5862.0...Ave likelihood of: cpd00091_c is 0.2797313202163866...
Loop147 pFBA...3618.0...Ave likelihood of: cpd00092_c is 0.3216156650379635...
Loop148 pFBA...64045.0...Ave likelihood of: cpd00305_c is 0.12199721480028028...
Loop149 pFBA...14033.0...Ave likelihood of: cpd00220_c is 0.2626969927368912...
Loop150 pFBA...14668.0...Ave likelihood of: cpd00218_c is 0.14532170113418405...
Loop151 pFBA...14749.0...Ave likelihood of: cpd00215_c is 0.23143750616162823...
Loop152 pFBA...28688.0...Ave likelihood of: cpd00104_c is 0.19787228374734595...
Loop153 pFBA...36066.0...Ave likelihood of: cpd00393_c is 0.15132744055307717...
Loop154 pFBA...6084.0...Ave likelihood of: cpd00363_c is 0.4346395544435409...
Loop155 pFBA...8589.0...Ave likelihood of: cpd00281_c is 0.2016419085001769...
Loop156 pFBA...4141.0...Ave likelihood of: cpd00025_c is 0.3080134775546692...
Loop157 pFBA...19987.0...Ave likelihood of: cpd00811_c is 0.27135748639096546...
Loop158 pFBA...6165.0...Ave likelihood of: cpd00714_c is 0.2935790976389734...
31.7832001011mins to complete!
