
The following have been reloaded with a version change:
  1) anaconda2/4.4.0 => anaconda2/5.1.0

Loading in models...Adding Water...Remove no-like rxns...Pruned 1 metabolites from model
Pruned 1 reactions from model
Set-up Universal...60.0seconds to complete

Loop0 pFBA...5534.0...Ave likelihood of: cpd00117_c is 0.3672345487831057...
Loop1 pFBA...7579.0...Ave likelihood of: cpd00186_c is 0.23686353654847658...
Loop2 pFBA...22423.0...Ave likelihood of: cpd00637_c is 0.19301562923457583...
Loop3 pFBA...6458.0...Ave likelihood of: cpd00550_c is 0.30250591583149...
Loop4 pFBA...4232.0...Ave likelihood of: cpd00033_c is 0.20636298137736026...
Loop5 pFBA...5407.0...Ave likelihood of: cpd00035_c is 0.3672345487831057...
Loop6 pFBA...18724.0...Ave likelihood of: cpd00051_c is 0.29689121682928343...
Loop7 pFBA...8273.0...Ave likelihood of: cpd00132_c is 0.1689483487036695...
Loop8 pFBA...5631.0...Ave likelihood of: cpd00041_c is 0.10066429173574845...
Loop9 pFBA...13686.0...Ave likelihood of: cpd00084_c is 0.20830837621551224...
Loop10 pFBA...7347.0...Ave likelihood of: cpd00023_c is 0.13059317538617765...
Loop11 pFBA...9930.0...Ave likelihood of: cpd00053_c is 0.14613576585856006...
Loop12 pFBA...22139.0...Ave likelihood of: cpd00119_c is 0.10899408426653572...
Loop13 pFBA...17598.0...Ave likelihood of: cpd00322_c is 0.24845383727426296...
Loop14 pFBA...14724.0...Ave likelihood of: cpd00107_c is 0.2542571573239535...
Loop15 pFBA...17058.0...Ave likelihood of: cpd00039_c is 0.30974139897714587...
Loop16 pFBA...21423.0...Ave likelihood of: cpd00060_c is 0.195234199685548...
Loop17 pFBA...21237.0...Ave likelihood of: cpd00066_c is 0.23028331170673105...
Loop18 pFBA...11347.0...Ave likelihood of: cpd00129_c is 0.06528072746468103...
Loop19 pFBA...5458.0...Ave likelihood of: cpd00054_c is 0.3109088579379203...
Loop20 pFBA...7734.0...Ave likelihood of: cpd00161_c is 0.31035450460138686...
Loop21 pFBA...29549.0...Ave likelihood of: cpd00065_c is 0.15102441854790857...
Loop22 pFBA...19104.0...Ave likelihood of: cpd00069_c is 0.22463851687404182...
Loop23 pFBA...8569.0...Ave likelihood of: cpd00156_c is 0.24388757514933398...
Loop24 pFBA...24237.0...Ave likelihood of: cpd00098_c is 0.2208766748834242...
Loop25 pFBA...15470.0...Ave likelihood of: cpd00274_c is 0.25631130847751177...
Loop26 pFBA...6718.0...Ave likelihood of: cpd00226_c is 0.3784112416679236...
Loop27 pFBA...4621.0...Ave likelihood of: cpd00246_c is 0.2974937130710512...
Loop28 pFBA...21029.0...Ave likelihood of: cpd00374_c is 0.22150619319838927...
Loop29 pFBA...4277.0...Ave likelihood of: cpd00221_c is 0.32352390276721044...
Loop30 pFBA...4124.0...Ave likelihood of: cpd00159_c is 0.3761753962632311...
Loop31 pFBA...10402.0...Ave likelihood of: cpd00211_c is 0.335081085176728...
Loop32 pFBA...4012.0...Ave likelihood of: cpd00047_c is 0.3662524701869455...
Loop33 pFBA...5282.0...Ave likelihood of: cpd00106_c is 0.08848464005321574...
Loop34 pFBA...7781.0...Ave likelihood of: cpd00141_c is 0.30579441937862106...
Loop35 pFBA...20281.0...Ave likelihood of: cpd00216_c is 0.17616911230083676...
Loop36 pFBA...5014.0...Ave likelihood of: cpd00036_c is 0.0829585033996077...
Loop37 pFBA...22763.0...Ave likelihood of: cpd00581_c is 0.12456211106434374...
Loop38 pFBA...4921.0...Ave likelihood of: cpd00128_c is 0.13776407849413985...
Loop39 pFBA...6070.0...Ave likelihood of: cpd00018_c is 0.30314473135390635...
Loop40 pFBA...5406.0...Ave likelihood of: cpd00091_c is 0.3473924262642709...
Loop41 pFBA...3940.0...Ave likelihood of: cpd00092_c is 0.19090671091221414...
Loop42 pFBA...63246.0...Ave likelihood of: cpd00305_c is 0.1590659469822133...
Loop43 pFBA...12312.0...Ave likelihood of: cpd00220_c is 0.19971124895466993...
Loop44 pFBA...14712.0...Ave likelihood of: cpd00218_c is 0.14108772298793107...
Loop45 pFBA...14623.0...Ave likelihood of: cpd00215_c is 0.21665422904142906...
Loop46 pFBA...28972.0...Ave likelihood of: cpd00104_c is 0.15868179822123707...
Loop47 pFBA...36585.0...Ave likelihood of: cpd00393_c is 0.21616169302814367...
Loop48 pFBA...6219.0...Ave likelihood of: cpd00363_c is 0.4060984395402619...
Loop49 pFBA...9347.0...Ave likelihood of: cpd00281_c is 0.09328083956155546...
Loop50 pFBA...4020.0...Ave likelihood of: cpd00025_c is 0.28618464531718013...
Loop51 pFBA...20298.0...Ave likelihood of: cpd00811_c is 0.24889412404825467...
Loop52 pFBA...5534.0...Ave likelihood of: cpd00117_c is 0.3672345487831057...
Loop53 pFBA...7579.0...Ave likelihood of: cpd00186_c is 0.23686353654847658...
Loop54 pFBA...22547.0...Ave likelihood of: cpd00637_c is 0.17549746616487388...
Loop55 pFBA...6507.0...Ave likelihood of: cpd00550_c is 0.3064219539686075...
Loop56 pFBA...4232.0...Ave likelihood of: cpd00033_c is 0.20636298137736026...
Loop57 pFBA...5407.0...Ave likelihood of: cpd00035_c is 0.3672345487831057...
Loop58 pFBA...18961.0...Ave likelihood of: cpd00051_c is 0.1987186571858749...
Loop59 pFBA...8273.0...Ave likelihood of: cpd00132_c is 0.1689483487036695...
Loop60 pFBA...5631.0...Ave likelihood of: cpd00041_c is 0.10439259883707247...
Loop61 pFBA...13942.0...Ave likelihood of: cpd00084_c is 0.21121055150137732...
Loop62 pFBA...7347.0...Ave likelihood of: cpd00023_c is 0.13059317538617765...
Loop63 pFBA...9930.0...Ave likelihood of: cpd00053_c is 0.14611973608208562...
Loop64 pFBA...22139.0...Ave likelihood of: cpd00119_c is 0.10899408426653572...
Loop65 pFBA...17668.0...Ave likelihood of: cpd00322_c is 0.19711863411668454...
Loop66 pFBA...14724.0...Ave likelihood of: cpd00107_c is 0.2542571573239535...
Loop67 pFBA...17176.0...Ave likelihood of: cpd00039_c is 0.32209789637467456...
Loop68 pFBA...21547.0...Ave likelihood of: cpd00060_c is 0.17769118449193483...
Loop69 pFBA...21844.0...Ave likelihood of: cpd00066_c is 0.2118083727138468...
Loop70 pFBA...11347.0...Ave likelihood of: cpd00129_c is 0.06528072746468103...
Loop71 pFBA...5507.0...Ave likelihood of: cpd00054_c is 0.3299928735046542...
Loop72 pFBA...7817.0...Ave likelihood of: cpd00161_c is 0.2374143290625146...
Loop73 pFBA...29549.0...Ave likelihood of: cpd00065_c is 0.15102441854790857...
Loop74 pFBA...19519.0...Ave likelihood of: cpd00069_c is 0.20866084333275278...
Loop75 pFBA...8569.0...Ave likelihood of: cpd00156_c is 0.24388757514933398...
Loop76 pFBA...24645.0...Ave likelihood of: cpd00098_c is 0.13007428598891532...
Loop77 pFBA...15729.0...Ave likelihood of: cpd00274_c is 0.25369189379833845...
Loop78 pFBA...6718.0...Ave likelihood of: cpd00226_c is 0.3784112416679236...
Loop79 pFBA...4900.0...Ave likelihood of: cpd00246_c is 0.23931958560738292...
Loop80 pFBA...21691.0...Ave likelihood of: cpd00374_c is 0.21033855575521068...
Loop81 pFBA...4477.0...Ave likelihood of: cpd00221_c is 0.32866506776574644...
Loop82 pFBA...4286.0...Ave likelihood of: cpd00159_c is 0.3717231733226464...
Loop83 pFBA...10579.0...Ave likelihood of: cpd00211_c is 0.18571680066615948...
Loop84 pFBA...4169.0...Ave likelihood of: cpd00047_c is 0.32141430379737856...
Loop85 pFBA...5282.0...Ave likelihood of: cpd00106_c is 0.08848464005321574...
Loop86 pFBA...7926.0...Ave likelihood of: cpd00141_c is 0.18582561546266776...
Loop87 pFBA...20683.0...Ave likelihood of: cpd00216_c is 0.21218086132638805...
Loop88 pFBA...5014.0...Ave likelihood of: cpd00036_c is 0.0829585033996077...
Loop89 pFBA...22763.0...Ave likelihood of: cpd00581_c is 0.12456211106434374...
Loop90 pFBA...4921.0...Ave likelihood of: cpd00128_c is 0.13776407849413985...
Loop91 pFBA...6070.0...Ave likelihood of: cpd00018_c is 0.30314473135390635...
Loop92 pFBA...5406.0...Ave likelihood of: cpd00091_c is 0.3473924262642709...
Loop93 pFBA...3940.0...Ave likelihood of: cpd00092_c is 0.19090671091221414...
Loop94 pFBA...63250.0...Ave likelihood of: cpd00305_c is 0.1631239884967635...
Loop95 pFBA...12312.0...Ave likelihood of: cpd00220_c is 0.18829917758583162...
Loop96 pFBA...14712.0...Ave likelihood of: cpd00218_c is 0.1388832273162446...
Loop97 pFBA...15203.0...Ave likelihood of: cpd00215_c is 0.23878526299429817...
Loop98 pFBA...29035.0...Ave likelihood of: cpd00104_c is 0.1347530352179018...
Loop99 pFBA...36585.0...Ave likelihood of: cpd00393_c is 0.21616169302814367...
Loop100 pFBA...6600.0...Ave likelihood of: cpd00363_c is 0.3100450781381122...
Loop101 pFBA...9347.0...Ave likelihood of: cpd00281_c is 0.09328083956155546...
Loop102 pFBA...4272.0...Ave likelihood of: cpd00025_c is 0.3041246175818891...
Loop103 pFBA...21209.0...Ave likelihood of: cpd00811_c is 0.17207121027412742...
Loop104 pFBA...5534.0...Ave likelihood of: cpd00117_c is 0.3672345487831057...
Loop105 pFBA...7579.0...Ave likelihood of: cpd00186_c is 0.23686353654847658...
Loop106 pFBA...22393.0...Ave likelihood of: cpd00637_c is 0.19527251127683568...
Loop107 pFBA...6505.0...Ave likelihood of: cpd00550_c is 0.2741669961494834...
Loop108 pFBA...4232.0...Ave likelihood of: cpd00033_c is 0.20636298137736026...
Loop109 pFBA...5407.0...Ave likelihood of: cpd00035_c is 0.3672345487831057...
Loop110 pFBA...18760.0...Ave likelihood of: cpd00051_c is 0.23215656193327322...
Loop111 pFBA...8273.0...Ave likelihood of: cpd00132_c is 0.1689483487036695...
Loop112 pFBA...5631.0...Ave likelihood of: cpd00041_c is 0.10439259883707247...
Loop113 pFBA...13901.0...Ave likelihood of: cpd00084_c is 0.19912104992154853...
Loop114 pFBA...7347.0...Ave likelihood of: cpd00023_c is 0.13059317538617765...
Loop115 pFBA...9930.0...Ave likelihood of: cpd00053_c is 0.14611973608208562...
Loop116 pFBA...22139.0...Ave likelihood of: cpd00119_c is 0.10899408426653572...
Loop117 pFBA...17574.0...Ave likelihood of: cpd00322_c is 0.25046666061573764...
Loop118 pFBA...14724.0...Ave likelihood of: cpd00107_c is 0.2542571573239535...
Loop119 pFBA...17142.0...Ave likelihood of: cpd00039_c is 0.2712885489888846...
Loop120 pFBA...21393.0...Ave likelihood of: cpd00060_c is 0.19754312187307796...
Loop121 pFBA...21111.0...Ave likelihood of: cpd00066_c is 0.21443274065231357...
Loop122 pFBA...11347.0...Ave likelihood of: cpd00129_c is 0.07253414162742337...
Loop123 pFBA...5505.0...Ave likelihood of: cpd00054_c is 0.2741669961494834...
Loop124 pFBA...7749.0...Ave likelihood of: cpd00161_c is 0.2925273001870412...
Loop125 pFBA...29549.0...Ave likelihood of: cpd00065_c is 0.15102441854790857...
Loop126 pFBA...19012.0...Ave likelihood of: cpd00069_c is 0.21355245016434574...
Loop127 pFBA...8569.0...Ave likelihood of: cpd00156_c is 0.24388757514933398...
Loop128 pFBA...24155.0...Ave likelihood of: cpd00098_c is 0.19516328128772517...
Loop129 pFBA...15728.0...Ave likelihood of: cpd00274_c is 0.30401433128662997...
Loop130 pFBA...6718.0...Ave likelihood of: cpd00226_c is 0.3784112416679236...
Loop131 pFBA...4607.0...Ave likelihood of: cpd00246_c is 0.28091355416192765...
Loop132 pFBA...20868.0...Ave likelihood of: cpd00374_c is 0.21858338816589487...
Loop133 pFBA...4417.0...Ave likelihood of: cpd00221_c is 0.2933101291934973...
Loop134 pFBA...4247.0...Ave likelihood of: cpd00159_c is 0.3013682533775453...
Loop135 pFBA...10428.0...Ave likelihood of: cpd00211_c is 0.313705722908835...
Loop136 pFBA...4097.0...Ave likelihood of: cpd00047_c is 0.36724866975411663...
Loop137 pFBA...5282.0...Ave likelihood of: cpd00106_c is 0.08848464005321574...
Loop138 pFBA...7925.0...Ave likelihood of: cpd00141_c is 0.23040140528727487...
Loop139 pFBA...20074.0...Ave likelihood of: cpd00216_c is 0.17511455890549094...
Loop140 pFBA...5014.0...Ave likelihood of: cpd00036_c is 0.0829585033996077...
Loop141 pFBA...22763.0...Ave likelihood of: cpd00581_c is 0.12456211106434374...
Loop142 pFBA...4921.0...Ave likelihood of: cpd00128_c is 0.13776407849413985...
Loop143 pFBA...6070.0...Ave likelihood of: cpd00018_c is 0.30314473135390635...
Loop144 pFBA...5406.0...Ave likelihood of: cpd00091_c is 0.3473924262642709...
Loop145 pFBA...3940.0...Ave likelihood of: cpd00092_c is 0.19090671091221414...
Loop146 pFBA...63238.0...Ave likelihood of: cpd00305_c is 0.1654371679319683...
Loop147 pFBA...12312.0...Ave likelihood of: cpd00220_c is 0.1938373886912973...
Loop148 pFBA...14712.0...Ave likelihood of: cpd00218_c is 0.1388832273162446...
Loop149 pFBA...14517.0...Ave likelihood of: cpd00215_c is 0.22335214688993094...
Loop150 pFBA...29007.0...Ave likelihood of: cpd00104_c is 0.16229024455666616...
Loop151 pFBA...36585.0...Ave likelihood of: cpd00393_c is 0.21616169302814367...
Loop152 pFBA...6230.0...Ave likelihood of: cpd00363_c is 0.42554802340040687...
Loop153 pFBA...9347.0...Ave likelihood of: cpd00281_c is 0.09328083956155546...
Loop154 pFBA...4134.0...Ave likelihood of: cpd00025_c is 0.34404161136072053...
Loop155 pFBA...20166.0...Ave likelihood of: cpd00811_c is 0.23996421926988998...
31.7027625163mins to complete!
