
The following have been reloaded with a version change:
  1) anaconda2/4.4.0 => anaconda2/5.1.0

Loading in models...Adding Water...Remove no-like rxns...Pruned 1 metabolites from model
Pruned 1 reactions from model
Set-up Universal...63.0seconds to complete

Loop0 pFBA...6190.0...Ave likelihood of: cpd00117_c is 0.23091055927154086...
Loop1 pFBA...8232.0...Ave likelihood of: cpd00186_c is 0.12807930088551597...
Loop2 pFBA...22923.0...Ave likelihood of: cpd00637_c is 0.18674560607172463...
Loop3 pFBA...7044.0...Ave likelihood of: cpd00550_c is 0.2708283745281403...
Loop4 pFBA...4748.0...Ave likelihood of: cpd00033_c is 0.17925689870819422...
Loop5 pFBA...6028.0...Ave likelihood of: cpd00035_c is 0.22406508752346127...
Loop6 pFBA...19340.0...Ave likelihood of: cpd00051_c is 0.2672499942179095...
Loop7 pFBA...8880.0...Ave likelihood of: cpd00132_c is 0.12868168503227212...
Loop8 pFBA...6002.0...Ave likelihood of: cpd00041_c is 0.05640700337281123...
Loop9 pFBA...14321.0...Ave likelihood of: cpd00084_c is 0.25114513872093547...
Loop10 pFBA...7999.0...Ave likelihood of: cpd00023_c is 0.00012146805188593685...
Loop11 pFBA...10583.0...Ave likelihood of: cpd00053_c is 0.12834049019432242...
Loop12 pFBA...22794.0...Ave likelihood of: cpd00119_c is 0.09009732240272825...
Loop13 pFBA...17962.0...Ave likelihood of: cpd00322_c is 0.24804439318156554...
Loop14 pFBA...14899.0...Ave likelihood of: cpd00107_c is 0.21746097656691787...
Loop15 pFBA...17693.0...Ave likelihood of: cpd00039_c is 0.2992580511448212...
Loop16 pFBA...21923.0...Ave likelihood of: cpd00060_c is 0.18894261320198022...
Loop17 pFBA...21370.0...Ave likelihood of: cpd00066_c is 0.21813596329460938...
Loop18 pFBA...12000.0...Ave likelihood of: cpd00129_c is 0.0...
Loop19 pFBA...6044.0...Ave likelihood of: cpd00054_c is 0.27635548421238804...
Loop20 pFBA...8329.0...Ave likelihood of: cpd00161_c is 0.28414034222696416...
Loop21 pFBA...30010.0...Ave likelihood of: cpd00065_c is 0.11641735599946579...
Loop22 pFBA...19191.0...Ave likelihood of: cpd00069_c is 0.22419476275609523...
Loop23 pFBA...8765.0...Ave likelihood of: cpd00156_c is 0.1642580691723728...
Loop24 pFBA...24938.0...Ave likelihood of: cpd00098_c is 0.1608363508932352...
Loop25 pFBA...16127.0...Ave likelihood of: cpd00274_c is 0.23560334694619095...
Loop26 pFBA...7077.0...Ave likelihood of: cpd00226_c is 0.27745496225936656...
Loop27 pFBA...5056.0...Ave likelihood of: cpd00246_c is 0.3022996002757569...
Loop28 pFBA...21198.0...Ave likelihood of: cpd00374_c is 0.179029807101621...
Loop29 pFBA...4308.0...Ave likelihood of: cpd00221_c is 0.2989962752508167...
Loop30 pFBA...4189.0...Ave likelihood of: cpd00159_c is 0.3342833182621094...
Loop31 pFBA...10477.0...Ave likelihood of: cpd00211_c is 0.291060087712704...
Loop32 pFBA...4066.0...Ave likelihood of: cpd00047_c is 0.33970083116379624...
Loop33 pFBA...5282.0...Ave likelihood of: cpd00106_c is 0.08809465080827153...
Loop34 pFBA...7918.0...Ave likelihood of: cpd00141_c is 0.37704257994067647...
Loop35 pFBA...20406.0...Ave likelihood of: cpd00216_c is 0.20162842542599577...
Loop36 pFBA...5064.0...Ave likelihood of: cpd00036_c is 0.04858760847366136...
Loop37 pFBA...22794.0...Ave likelihood of: cpd00581_c is 0.096837325462216...
Loop38 pFBA...4994.0...Ave likelihood of: cpd00128_c is 0.0911178639517841...
Loop39 pFBA...6200.0...Ave likelihood of: cpd00018_c is 0.11622065348741639...
Loop40 pFBA...5545.0...Ave likelihood of: cpd00091_c is 0.14326514793981676...
Loop41 pFBA...4057.0...Ave likelihood of: cpd00092_c is 0.24682979637772817...
Loop42 pFBA...63338.0...Ave likelihood of: cpd00305_c is 0.16701597655650194...
Loop43 pFBA...12634.0...Ave likelihood of: cpd00220_c is 0.17233250537923808...
Loop44 pFBA...14711.0...Ave likelihood of: cpd00218_c is 0.13872102685342885...
Loop45 pFBA...14621.0...Ave likelihood of: cpd00215_c is 0.21653144558574874...
Loop46 pFBA...29107.0...Ave likelihood of: cpd00104_c is 0.1503248911831045...
Loop47 pFBA...36593.0...Ave likelihood of: cpd00393_c is 0.17691017369124323...
Loop48 pFBA...6369.0...Ave likelihood of: cpd00363_c is 0.38233944618734994...
Loop49 pFBA...9999.0...Ave likelihood of: cpd00281_c is 8.676289420424061e-05...
Loop50 pFBA...4212.0...Ave likelihood of: cpd00025_c is 0.2784423984584443...
Loop51 pFBA...20986.0...Ave likelihood of: cpd00811_c is 0.2009951497674453...
Loop52 pFBA...6190.0...Ave likelihood of: cpd00117_c is 0.23091055927154086...
Loop53 pFBA...8232.0...Ave likelihood of: cpd00186_c is 0.12807930088551597...
Loop54 pFBA...22984.0...Ave likelihood of: cpd00637_c is 0.16169371077642694...
Loop55 pFBA...7171.0...Ave likelihood of: cpd00550_c is 0.19375786259197098...
Loop56 pFBA...4748.0...Ave likelihood of: cpd00033_c is 0.17925689870819422...
Loop57 pFBA...6028.0...Ave likelihood of: cpd00035_c is 0.22406508752346127...
Loop58 pFBA...19614.0...Ave likelihood of: cpd00051_c is 0.19000718290680613...
Loop59 pFBA...8880.0...Ave likelihood of: cpd00132_c is 0.12868168503227212...
Loop60 pFBA...6002.0...Ave likelihood of: cpd00041_c is 0.05640700337281123...
Loop61 pFBA...14477.0...Ave likelihood of: cpd00084_c is 0.1744044909389667...
Loop62 pFBA...7999.0...Ave likelihood of: cpd00023_c is 0.00012146805188593685...
Loop63 pFBA...10583.0...Ave likelihood of: cpd00053_c is 0.1283245075559164...
Loop64 pFBA...22794.0...Ave likelihood of: cpd00119_c is 0.09011081885293781...
Loop65 pFBA...18028.0...Ave likelihood of: cpd00322_c is 0.18410762244313672...
Loop66 pFBA...14899.0...Ave likelihood of: cpd00107_c is 0.21746097656691787...
Loop67 pFBA...17804.0...Ave likelihood of: cpd00039_c is 0.31047800897898237...
Loop68 pFBA...21984.0...Ave likelihood of: cpd00060_c is 0.16359598972673783...
Loop69 pFBA...21737.0...Ave likelihood of: cpd00066_c is 0.19060530179957352...
Loop70 pFBA...12000.0...Ave likelihood of: cpd00129_c is 0.0...
Loop71 pFBA...6171.0...Ave likelihood of: cpd00054_c is 0.2066750534314357...
Loop72 pFBA...8470.0...Ave likelihood of: cpd00161_c is 0.23972088479918074...
Loop73 pFBA...30011.0...Ave likelihood of: cpd00065_c is 0.10020310738204681...
Loop74 pFBA...19513.0...Ave likelihood of: cpd00069_c is 0.19032275182907313...
Loop75 pFBA...8765.0...Ave likelihood of: cpd00156_c is 0.1642580691723728...
Loop76 pFBA...25280.0...Ave likelihood of: cpd00098_c is 0.1132832982803571...
Loop77 pFBA...16387.0...Ave likelihood of: cpd00274_c is 0.2412096893560043...
Loop78 pFBA...7077.0...Ave likelihood of: cpd00226_c is 0.27745496225936656...
Loop79 pFBA...5147.0...Ave likelihood of: cpd00246_c is 0.18001191335938366...
Loop80 pFBA...21813.0...Ave likelihood of: cpd00374_c is 0.1903227518290731...
Loop81 pFBA...4746.0...Ave likelihood of: cpd00221_c is 0.30639588312772176...
Loop82 pFBA...4515.0...Ave likelihood of: cpd00159_c is 0.28067590689291466...
Loop83 pFBA...10601.0...Ave likelihood of: cpd00211_c is 0.15800519116183775...
Loop84 pFBA...4246.0...Ave likelihood of: cpd00047_c is 0.38084857347449314...
Loop85 pFBA...5282.0...Ave likelihood of: cpd00106_c is 0.08809465080827153...
Loop86 pFBA...8193.0...Ave likelihood of: cpd00141_c is 0.1512151275196675...
Loop87 pFBA...20406.0...Ave likelihood of: cpd00216_c is 0.20162842542599574...
Loop88 pFBA...5064.0...Ave likelihood of: cpd00036_c is 0.04858760847366136...
Loop89 pFBA...22794.0...Ave likelihood of: cpd00581_c is 0.096837325462216...
Loop90 pFBA...4994.0...Ave likelihood of: cpd00128_c is 0.0911178639517841...
Loop91 pFBA...6200.0...Ave likelihood of: cpd00018_c is 0.11622065348741639...
Loop92 pFBA...5545.0...Ave likelihood of: cpd00091_c is 0.1432651479398167...
Loop93 pFBA...4057.0...Ave likelihood of: cpd00092_c is 0.24682979637772817...
Loop94 pFBA...63493.0...Ave likelihood of: cpd00305_c is 0.15989250182710718...
Loop95 pFBA...12634.0...Ave likelihood of: cpd00220_c is 0.17233250537923808...
Loop96 pFBA...14711.0...Ave likelihood of: cpd00218_c is 0.13872102685342885...
Loop97 pFBA...15204.0...Ave likelihood of: cpd00215_c is 0.20012532802720445...
Loop98 pFBA...29204.0...Ave likelihood of: cpd00104_c is 0.1311836654303293...
Loop99 pFBA...36593.0...Ave likelihood of: cpd00393_c is 0.17991780853630623...
Loop100 pFBA...7211.0...Ave likelihood of: cpd00363_c is 0.4078451853809539...
Loop101 pFBA...9999.0...Ave likelihood of: cpd00281_c is 8.676289420424061e-05...
Loop102 pFBA...4363.0...Ave likelihood of: cpd00025_c is 0.3368573338905048...
Loop103 pFBA...21950.0...Ave likelihood of: cpd00811_c is 0.15087269121119498...
Loop104 pFBA...6190.0...Ave likelihood of: cpd00117_c is 0.23091055927154086...
Loop105 pFBA...8232.0...Ave likelihood of: cpd00186_c is 0.12807930088551597...
Loop106 pFBA...22883.0...Ave likelihood of: cpd00637_c is 0.17771811072086813...
Loop107 pFBA...7097.0...Ave likelihood of: cpd00550_c is 0.27313658529579743...
Loop108 pFBA...4748.0...Ave likelihood of: cpd00033_c is 0.17925689870819422...
Loop109 pFBA...6028.0...Ave likelihood of: cpd00035_c is 0.22406508752346127...
Loop110 pFBA...19294.0...Ave likelihood of: cpd00051_c is 0.24575344399836893...
Loop111 pFBA...8880.0...Ave likelihood of: cpd00132_c is 0.12868168503227212...
Loop112 pFBA...6002.0...Ave likelihood of: cpd00041_c is 0.05640700337281123...
Loop113 pFBA...14469.0...Ave likelihood of: cpd00084_c is 0.20092710958358295...
Loop114 pFBA...7999.0...Ave likelihood of: cpd00023_c is 0.00012146805188593685...
Loop115 pFBA...10583.0...Ave likelihood of: cpd00053_c is 0.1283245075559164...
Loop116 pFBA...22794.0...Ave likelihood of: cpd00119_c is 0.09214498882097208...
Loop117 pFBA...17922.0...Ave likelihood of: cpd00322_c is 0.2512704972678882...
Loop118 pFBA...14899.0...Ave likelihood of: cpd00107_c is 0.21746097656691787...
Loop119 pFBA...17710.0...Ave likelihood of: cpd00039_c is 0.2782079349166877...
Loop120 pFBA...21883.0...Ave likelihood of: cpd00060_c is 0.17969275639554444...
Loop121 pFBA...21195.0...Ave likelihood of: cpd00066_c is 0.2076397350726462...
Loop122 pFBA...12000.0...Ave likelihood of: cpd00129_c is 0.0...
Loop123 pFBA...6097.0...Ave likelihood of: cpd00054_c is 0.27882693082279325...
Loop124 pFBA...8289.0...Ave likelihood of: cpd00161_c is 0.31136164307975894...
Loop125 pFBA...30000.0...Ave likelihood of: cpd00065_c is 0.13212596847632097...
Loop126 pFBA...19096.0...Ave likelihood of: cpd00069_c is 0.19875205214732508...
Loop127 pFBA...8765.0...Ave likelihood of: cpd00156_c is 0.1642580691723728...
Loop128 pFBA...24819.0...Ave likelihood of: cpd00098_c is 0.17518407474890868...
Loop129 pFBA...16268.0...Ave likelihood of: cpd00274_c is 0.31619815017418434...
Loop130 pFBA...7077.0...Ave likelihood of: cpd00226_c is 0.27745496225936656...
Loop131 pFBA...5056.0...Ave likelihood of: cpd00246_c is 0.35595856903576145...
Loop132 pFBA...21018.0...Ave likelihood of: cpd00374_c is 0.1834100322356544...
Loop133 pFBA...4533.0...Ave likelihood of: cpd00221_c is 0.31904466170927703...
Loop134 pFBA...4397.0...Ave likelihood of: cpd00159_c is 0.31220935317366194...
Loop135 pFBA...10455.0...Ave likelihood of: cpd00211_c is 0.29603058541104804...
Loop136 pFBA...4150.0...Ave likelihood of: cpd00047_c is 0.34882147901439575...
Loop137 pFBA...5282.0...Ave likelihood of: cpd00106_c is 0.08809465080827153...
Loop138 pFBA...8095.0...Ave likelihood of: cpd00141_c is 0.23873187311442592...
Loop139 pFBA...20382.0...Ave likelihood of: cpd00216_c is 0.19886312303846118...
Loop140 pFBA...5060.0...Ave likelihood of: cpd00036_c is 0.24932889962809943...
Loop141 pFBA...22794.0...Ave likelihood of: cpd00581_c is 0.096837325462216...
Loop142 pFBA...4994.0...Ave likelihood of: cpd00128_c is 0.0911178639517841...
Loop143 pFBA...6200.0...Ave likelihood of: cpd00018_c is 0.11622065348741639...
Loop144 pFBA...5545.0...Ave likelihood of: cpd00091_c is 0.1432651479398167...
Loop145 pFBA...4057.0...Ave likelihood of: cpd00092_c is 0.24682979637772817...
Loop146 pFBA...63314.0...Ave likelihood of: cpd00305_c is 0.1640825969948306...
Loop147 pFBA...12634.0...Ave likelihood of: cpd00220_c is 0.18310328696544045...
Loop148 pFBA...14711.0...Ave likelihood of: cpd00218_c is 0.13872102685342885...
Loop149 pFBA...14505.0...Ave likelihood of: cpd00215_c is 0.21857881635385307...
Loop150 pFBA...29027.0...Ave likelihood of: cpd00104_c is 0.1462044402892787...
Loop151 pFBA...36593.0...Ave likelihood of: cpd00393_c is 0.17691017369124323...
Loop152 pFBA...6440.0...Ave likelihood of: cpd00363_c is 0.38651813447905725...
Loop153 pFBA...9999.0...Ave likelihood of: cpd00281_c is 8.676289420424061e-05...
Loop154 pFBA...4175.0...Ave likelihood of: cpd00025_c is 0.27645104846740076...
Loop155 pFBA...20833.0...Ave likelihood of: cpd00811_c is 0.22067865140403498...
32.3526260694mins to complete!
