
The following have been reloaded with a version change:
  1) anaconda2/4.4.0 => anaconda2/5.1.0

Loading in models...Adding Water...Remove no-like rxns...Pruned 1 metabolites from model
Pruned 1 reactions from model
Set-up Universal...69.0seconds to complete

Loop0 pFBA...5366.0...Ave likelihood of: cpd00117_c is 0.39449235054344106...
Loop1 pFBA...7604.0...Ave likelihood of: cpd00186_c is 0.2326501380290568...
Loop2 pFBA...22418.0...Ave likelihood of: cpd00637_c is 0.17731168349157778...
Loop3 pFBA...6386.0...Ave likelihood of: cpd00550_c is 0.2955199349923097...
Loop4 pFBA...4201.0...Ave likelihood of: cpd00033_c is 0.22610170704752...
Loop5 pFBA...5239.0...Ave likelihood of: cpd00035_c is 0.39449235054344106...
Loop6 pFBA...18172.0...Ave likelihood of: cpd00051_c is 0.3087240886309803...
Loop7 pFBA...7955.0...Ave likelihood of: cpd00132_c is 0.19147591232297334...
Loop8 pFBA...5456.0...Ave likelihood of: cpd00041_c is 0.1745596281307734...
Loop9 pFBA...13559.0...Ave likelihood of: cpd00084_c is 0.251963920131188...
Loop10 pFBA...7345.0...Ave likelihood of: cpd00023_c is 0.13095173233541754...
Loop11 pFBA...9678.0...Ave likelihood of: cpd00053_c is 0.1653361164148744...
Loop12 pFBA...21733.0...Ave likelihood of: cpd00119_c is 0.15787470538567622...
Loop13 pFBA...17449.0...Ave likelihood of: cpd00322_c is 0.12560435723563412...
Loop14 pFBA...14905.0...Ave likelihood of: cpd00107_c is 0.1923738659623342...
Loop15 pFBA...20521.0...Ave likelihood of: cpd00039_c is 0.17340611788132243...
Loop16 pFBA...21418.0...Ave likelihood of: cpd00060_c is 0.18485686151249595...
Loop17 pFBA...20679.0...Ave likelihood of: cpd00066_c is 0.24981553333991155...
Loop18 pFBA...10609.0...Ave likelihood of: cpd00129_c is 0.15450948249494437...
Loop19 pFBA...5386.0...Ave likelihood of: cpd00054_c is 0.3002863855567018...
Loop20 pFBA...7857.0...Ave likelihood of: cpd00161_c is 0.328115039342528...
Loop21 pFBA...28550.0...Ave likelihood of: cpd00065_c is 0.18084524588925932...
Loop22 pFBA...18542.0...Ave likelihood of: cpd00069_c is 0.2539426475215735...
Loop23 pFBA...8732.0...Ave likelihood of: cpd00156_c is 0.21621976442204913...
Loop24 pFBA...23955.0...Ave likelihood of: cpd00098_c is 0.22086575228604433...
Loop25 pFBA...14854.0...Ave likelihood of: cpd00274_c is 0.35099961150920395...
Loop26 pFBA...6121.0...Ave likelihood of: cpd00226_c is 0.38087626265555663...
Loop27 pFBA...4580.0...Ave likelihood of: cpd00246_c is 0.38523990722307755...
Loop28 pFBA...20386.0...Ave likelihood of: cpd00374_c is 0.2334106807453227...
Loop29 pFBA...4152.0...Ave likelihood of: cpd00221_c is 0.3385084559707981...
Loop30 pFBA...3974.0...Ave likelihood of: cpd00159_c is 0.41651968808991396...
Loop31 pFBA...10133.0...Ave likelihood of: cpd00211_c is 0.24810987091900852...
Loop32 pFBA...3957.0...Ave likelihood of: cpd00047_c is 0.31260097041403934...
Loop33 pFBA...5238.0...Ave likelihood of: cpd00106_c is 0.16402477209354926...
Loop34 pFBA...7654.0...Ave likelihood of: cpd00141_c is 0.3333080286058524...
Loop35 pFBA...19634.0...Ave likelihood of: cpd00216_c is 0.280181459749263...
Loop36 pFBA...5009.0...Ave likelihood of: cpd00036_c is 0.08030337654630368...
Loop37 pFBA...22368.0...Ave likelihood of: cpd00581_c is 0.13529744527547297...
Loop38 pFBA...4436.0...Ave likelihood of: cpd00128_c is 0.2262134502807637...
Loop39 pFBA...6002.0...Ave likelihood of: cpd00018_c is 0.31534249676361237...
Loop40 pFBA...5188.0...Ave likelihood of: cpd00091_c is 0.4089539665769106...
Loop41 pFBA...3564.0...Ave likelihood of: cpd00092_c is 0.37643950531047804...
Loop42 pFBA...62583.0...Ave likelihood of: cpd00305_c is 0.1741722414343047...
Loop43 pFBA...12629.0...Ave likelihood of: cpd00220_c is 0.22238564585776707...
Loop44 pFBA...14654.0...Ave likelihood of: cpd00218_c is 0.16639491046782007...
Loop45 pFBA...14441.0...Ave likelihood of: cpd00215_c is 0.2724348190065339...
Loop46 pFBA...28429.0...Ave likelihood of: cpd00104_c is 0.18801100269327833...
Loop47 pFBA...36419.0...Ave likelihood of: cpd00393_c is 0.1540693767177701...
Loop48 pFBA...6022.0...Ave likelihood of: cpd00363_c is 0.4188468315933482...
Loop49 pFBA...9189.0...Ave likelihood of: cpd00281_c is 0.11588633191378724...
Loop50 pFBA...4106.0...Ave likelihood of: cpd00025_c is 0.27552962532706304...
Loop51 pFBA...20228.0...Ave likelihood of: cpd00811_c is 0.22542723785895527...
Loop52 pFBA...5366.0...Ave likelihood of: cpd00117_c is 0.39449235054344106...
Loop53 pFBA...7604.0...Ave likelihood of: cpd00186_c is 0.2326501380290568...
Loop54 pFBA...22479.0...Ave likelihood of: cpd00637_c is 0.11973922483109034...
Loop55 pFBA...6426.0...Ave likelihood of: cpd00550_c is 0.38020754366017157...
Loop56 pFBA...4201.0...Ave likelihood of: cpd00033_c is 0.22610170704752...
Loop57 pFBA...5239.0...Ave likelihood of: cpd00035_c is 0.39449235054344106...
Loop58 pFBA...18552.0...Ave likelihood of: cpd00051_c is 0.3078527637709393...
Loop59 pFBA...7955.0...Ave likelihood of: cpd00132_c is 0.19147591232297334...
Loop60 pFBA...5456.0...Ave likelihood of: cpd00041_c is 0.1745596281307734...
Loop61 pFBA...13755.0...Ave likelihood of: cpd00084_c is 0.25239481847637835...
Loop62 pFBA...7345.0...Ave likelihood of: cpd00023_c is 0.13095173233541754...
Loop63 pFBA...9678.0...Ave likelihood of: cpd00053_c is 0.1653361164148744...
Loop64 pFBA...21733.0...Ave likelihood of: cpd00119_c is 0.1547172112779627...
Loop65 pFBA...17449.0...Ave likelihood of: cpd00322_c is 0.12560435723563412...
Loop66 pFBA...14905.0...Ave likelihood of: cpd00107_c is 0.1923738659623342...
Loop67 pFBA...21005.0...Ave likelihood of: cpd00039_c is 0.21915133913299564...
Loop68 pFBA...21479.0...Ave likelihood of: cpd00060_c is 0.12306531440973172...
Loop69 pFBA...21392.0...Ave likelihood of: cpd00066_c is 0.2840691374016415...
Loop70 pFBA...10609.0...Ave likelihood of: cpd00129_c is 0.13905853424544995...
Loop71 pFBA...5426.0...Ave likelihood of: cpd00054_c is 0.40555471323751635...
Loop72 pFBA...7971.0...Ave likelihood of: cpd00161_c is 0.2421202965360381...
Loop73 pFBA...28550.0...Ave likelihood of: cpd00065_c is 0.18084524588925932...
Loop74 pFBA...19000.0...Ave likelihood of: cpd00069_c is 0.2832475706154407...
Loop75 pFBA...8732.0...Ave likelihood of: cpd00156_c is 0.21621976442204913...
Loop76 pFBA...24334.0...Ave likelihood of: cpd00098_c is 0.23429149466149135...
Loop77 pFBA...15260.0...Ave likelihood of: cpd00274_c is 0.212951736291524...
Loop78 pFBA...6121.0...Ave likelihood of: cpd00226_c is 0.38087626265555663...
Loop79 pFBA...4821.0...Ave likelihood of: cpd00246_c is 0.35855482745706424...
Loop80 pFBA...21109.0...Ave likelihood of: cpd00374_c is 0.27328169638508143...
Loop81 pFBA...4297.0...Ave likelihood of: cpd00221_c is 0.2965001069320026...
Loop82 pFBA...4136.0...Ave likelihood of: cpd00159_c is 0.3146691817770016...
Loop83 pFBA...10160.0...Ave likelihood of: cpd00211_c is 0.13440862155106598...
Loop84 pFBA...4079.0...Ave likelihood of: cpd00047_c is 0.4213186153110032...
Loop85 pFBA...5238.0...Ave likelihood of: cpd00106_c is 0.16402477209354926...
Loop86 pFBA...7796.0...Ave likelihood of: cpd00141_c is 0.19478105094603812...
Loop87 pFBA...20312.0...Ave likelihood of: cpd00216_c is 0.23318160817798406...
Loop88 pFBA...5009.0...Ave likelihood of: cpd00036_c is 0.08030337654630368...
Loop89 pFBA...22368.0...Ave likelihood of: cpd00581_c is 0.13529744527547297...
Loop90 pFBA...4436.0...Ave likelihood of: cpd00128_c is 0.2262134502807637...
Loop91 pFBA...6002.0...Ave likelihood of: cpd00018_c is 0.31534249676361237...
Loop92 pFBA...5188.0...Ave likelihood of: cpd00091_c is 0.4089539665769106...
Loop93 pFBA...3564.0...Ave likelihood of: cpd00092_c is 0.37643950531047804...
Loop94 pFBA...62661.0...Ave likelihood of: cpd00305_c is 0.17277043780743248...
Loop95 pFBA...12629.0...Ave likelihood of: cpd00220_c is 0.23440649157980853...
Loop96 pFBA...14807.0...Ave likelihood of: cpd00218_c is 0.1724338342054335...
Loop97 pFBA...14733.0...Ave likelihood of: cpd00215_c is 0.3118517095973839...
Loop98 pFBA...28516.0...Ave likelihood of: cpd00104_c is 0.14319670210295135...
Loop99 pFBA...36425.0...Ave likelihood of: cpd00393_c is 0.16800260068429576...
Loop100 pFBA...6453.0...Ave likelihood of: cpd00363_c is 0.4670080040564002...
Loop101 pFBA...9189.0...Ave likelihood of: cpd00281_c is 0.11588633191378724...
Loop102 pFBA...4227.0...Ave likelihood of: cpd00025_c is 0.3673712490415964...
Loop103 pFBA...20993.0...Ave likelihood of: cpd00811_c is 0.284228629520409...
Loop104 pFBA...5366.0...Ave likelihood of: cpd00117_c is 0.39449235054344106...
Loop105 pFBA...7604.0...Ave likelihood of: cpd00186_c is 0.2326501380290568...
Loop106 pFBA...22452.0...Ave likelihood of: cpd00637_c is 0.17516662608070158...
Loop107 pFBA...6415.0...Ave likelihood of: cpd00550_c is 0.29483667963365806...
Loop108 pFBA...4201.0...Ave likelihood of: cpd00033_c is 0.22610170704751995...
Loop109 pFBA...5239.0...Ave likelihood of: cpd00035_c is 0.39449235054344106...
Loop110 pFBA...18256.0...Ave likelihood of: cpd00051_c is 0.29891319147915935...
Loop111 pFBA...7955.0...Ave likelihood of: cpd00132_c is 0.19147591232297334...
Loop112 pFBA...5456.0...Ave likelihood of: cpd00041_c is 0.20830869475745886...
Loop113 pFBA...13696.0...Ave likelihood of: cpd00084_c is 0.31412321634900653...
Loop114 pFBA...7345.0...Ave likelihood of: cpd00023_c is 0.13095173233541754...
Loop115 pFBA...9678.0...Ave likelihood of: cpd00053_c is 0.1653361164148744...
Loop116 pFBA...21733.0...Ave likelihood of: cpd00119_c is 0.1547172112779627...
Loop117 pFBA...17449.0...Ave likelihood of: cpd00322_c is 0.12560435723563412...
Loop118 pFBA...14905.0...Ave likelihood of: cpd00107_c is 0.1923738659623342...
Loop119 pFBA...20671.0...Ave likelihood of: cpd00039_c is 0.19083686195262628...
Loop120 pFBA...21452.0...Ave likelihood of: cpd00060_c is 0.17707061114679618...
Loop121 pFBA...20792.0...Ave likelihood of: cpd00066_c is 0.26819914402671036...
Loop122 pFBA...10609.0...Ave likelihood of: cpd00129_c is 0.15450948249494437...
Loop123 pFBA...5415.0...Ave likelihood of: cpd00054_c is 0.30124617266917236...
Loop124 pFBA...7851.0...Ave likelihood of: cpd00161_c is 0.3287577107897415...
Loop125 pFBA...28550.0...Ave likelihood of: cpd00065_c is 0.17837774956034083...
Loop126 pFBA...18587.0...Ave likelihood of: cpd00069_c is 0.2567173421159927...
Loop127 pFBA...8732.0...Ave likelihood of: cpd00156_c is 0.21621976442204913...
Loop128 pFBA...23948.0...Ave likelihood of: cpd00098_c is 0.18704311437073365...
Loop129 pFBA...15000.0...Ave likelihood of: cpd00274_c is 0.33732771053203253...
Loop130 pFBA...6121.0...Ave likelihood of: cpd00226_c is 0.38087626265555663...
Loop131 pFBA...4604.0...Ave likelihood of: cpd00246_c is 0.38822508263414707...
Loop132 pFBA...20499.0...Ave likelihood of: cpd00374_c is 0.2742479961666156...
Loop133 pFBA...4276.0...Ave likelihood of: cpd00221_c is 0.3489309424417623...
Loop134 pFBA...4095.0...Ave likelihood of: cpd00159_c is 0.3335689113182008...
Loop135 pFBA...10131.0...Ave likelihood of: cpd00211_c is 0.24875254236622202...
Loop136 pFBA...4044.0...Ave likelihood of: cpd00047_c is 0.29319634604545913...
Loop137 pFBA...5238.0...Ave likelihood of: cpd00106_c is 0.16402477209354926...
Loop138 pFBA...7770.0...Ave likelihood of: cpd00141_c is 0.2447309397426497...
Loop139 pFBA...19852.0...Ave likelihood of: cpd00216_c is 0.26789766572636003...
Loop140 pFBA...5009.0...Ave likelihood of: cpd00036_c is 0.08030337654630368...
Loop141 pFBA...22368.0...Ave likelihood of: cpd00581_c is 0.13844389749118163...
Loop142 pFBA...4436.0...Ave likelihood of: cpd00128_c is 0.2262134502807637...
Loop143 pFBA...6002.0...Ave likelihood of: cpd00018_c is 0.31534249676361237...
Loop144 pFBA...5188.0...Ave likelihood of: cpd00091_c is 0.4089539665769106...
Loop145 pFBA...3564.0...Ave likelihood of: cpd00092_c is 0.37643950531047804...
Loop146 pFBA...62579.0...Ave likelihood of: cpd00305_c is 0.17724138637080905...
Loop147 pFBA...12624.0...Ave likelihood of: cpd00220_c is 0.2722973457604037...
Loop148 pFBA...14739.0...Ave likelihood of: cpd00218_c is 0.18043356917862236...
Loop149 pFBA...14431.0...Ave likelihood of: cpd00215_c is 0.2732028897605207...
Loop150 pFBA...28419.0...Ave likelihood of: cpd00104_c is 0.18835705654947027...
Loop151 pFBA...36418.0...Ave likelihood of: cpd00393_c is 0.15456923228782504...
Loop152 pFBA...6029.0...Ave likelihood of: cpd00363_c is 0.44594509167365004...
Loop153 pFBA...9189.0...Ave likelihood of: cpd00281_c is 0.11588633191378724...
Loop154 pFBA...4141.0...Ave likelihood of: cpd00025_c is 0.32821527007116896...
Loop155 pFBA...20253.0...Ave likelihood of: cpd00811_c is 0.2163810248705084...
33.0909327149mins to complete!
