
The following have been reloaded with a version change:
  1) anaconda2/4.4.0 => anaconda2/5.1.0

Loading in models...Adding Water...Remove no-like rxns...Pruned 1 metabolites from model
Pruned 1 reactions from model
Set-up Universal...69.0seconds to complete

Loop0 pFBA...5437.0...Ave likelihood of: cpd00117_c is 0.36371607930355615...
Loop1 pFBA...6873.0...Ave likelihood of: cpd00186_c is 0.35457763971940964...
Loop2 pFBA...22018.0...Ave likelihood of: cpd00637_c is 0.2234556154207074...
Loop3 pFBA...6519.0...Ave likelihood of: cpd00550_c is 0.44857579140571047...
Loop4 pFBA...4097.0...Ave likelihood of: cpd00033_c is 0.23928252130140343...
Loop5 pFBA...5312.0...Ave likelihood of: cpd00035_c is 0.36371607930355615...
Loop6 pFBA...18313.0...Ave likelihood of: cpd00051_c is 0.30332340675977715...
Loop7 pFBA...8228.0...Ave likelihood of: cpd00132_c is 0.1426673262519531...
Loop8 pFBA...5450.0...Ave likelihood of: cpd00041_c is 0.18046350635587943...
Loop9 pFBA...13503.0...Ave likelihood of: cpd00084_c is 0.3516960306704691...
Loop10 pFBA...6609.0...Ave likelihood of: cpd00023_c is 0.27828629624427076...
Loop11 pFBA...9355.0...Ave likelihood of: cpd00053_c is 0.13450316359848674...
Loop12 pFBA...15798.0...Ave likelihood of: cpd00119_c is 0.33008526819374095...
Loop13 pFBA...17096.0...Ave likelihood of: cpd00322_c is 0.22832921471455683...
Loop14 pFBA...13958.0...Ave likelihood of: cpd00107_c is 0.3123656809089864...
Loop15 pFBA...17007.0...Ave likelihood of: cpd00039_c is 0.2773161104717461...
Loop16 pFBA...21018.0...Ave likelihood of: cpd00060_c is 0.2259948837777609...
Loop17 pFBA...21220.0...Ave likelihood of: cpd00066_c is 0.23869296768860704...
Loop18 pFBA...10338.0...Ave likelihood of: cpd00129_c is 0.19650730270650252...
Loop19 pFBA...5519.0...Ave likelihood of: cpd00054_c is 0.48595710735618636...
Loop20 pFBA...7542.0...Ave likelihood of: cpd00161_c is 0.3880555879617631...
Loop21 pFBA...29448.0...Ave likelihood of: cpd00065_c is 0.19251060669428685...
Loop22 pFBA...18530.0...Ave likelihood of: cpd00069_c is 0.24167901868200525...
Loop23 pFBA...7749.0...Ave likelihood of: cpd00156_c is 0.28973655690981576...
Loop24 pFBA...24055.0...Ave likelihood of: cpd00098_c is 0.26240290848738274...
Loop25 pFBA...14644.0...Ave likelihood of: cpd00274_c is 0.2513688011476553...
Loop26 pFBA...6649.0...Ave likelihood of: cpd00226_c is 0.32697034751218085...
Loop27 pFBA...4593.0...Ave likelihood of: cpd00246_c is 0.39068431918971513...
Loop28 pFBA...20423.0...Ave likelihood of: cpd00374_c is 0.22697575232212489...
Loop29 pFBA...4442.0...Ave likelihood of: cpd00221_c is 0.4077672360465506...
Loop30 pFBA...4230.0...Ave likelihood of: cpd00159_c is 0.3646297774907372...
Loop31 pFBA...10175.0...Ave likelihood of: cpd00211_c is 0.29511439539928475...
Loop32 pFBA...3692.0...Ave likelihood of: cpd00047_c is 0.37192932455477556...
Loop33 pFBA...5131.0...Ave likelihood of: cpd00106_c is 0.136924193566437...
Loop34 pFBA...7790.0...Ave likelihood of: cpd00141_c is 0.35772200362723694...
Loop35 pFBA...20178.0...Ave likelihood of: cpd00216_c is 0.3103275102185444...
Loop36 pFBA...4922.0...Ave likelihood of: cpd00036_c is 0.19897469297976014...
Loop37 pFBA...16319.0...Ave likelihood of: cpd00581_c is 0.33813108145756954...
Loop38 pFBA...4753.0...Ave likelihood of: cpd00128_c is 0.22767212137511625...
Loop39 pFBA...5840.0...Ave likelihood of: cpd00018_c is 0.3758901235779025...
Loop40 pFBA...4976.0...Ave likelihood of: cpd00091_c is 0.48708075435510656...
Loop41 pFBA...3667.0...Ave likelihood of: cpd00092_c is 0.42437606523670207...
Loop42 pFBA...62707.0...Ave likelihood of: cpd00305_c is 0.1983984260864878...
Loop43 pFBA...13161.0...Ave likelihood of: cpd00220_c is 0.24472311307374606...
Loop44 pFBA...14535.0...Ave likelihood of: cpd00218_c is 0.215293137369822...
Loop45 pFBA...14255.0...Ave likelihood of: cpd00215_c is 0.29718528679765505...
Loop46 pFBA...28341.0...Ave likelihood of: cpd00104_c is 0.19866569836846398...
Loop47 pFBA...36949.0...Ave likelihood of: cpd00393_c is 0.24246240350632833...
Loop48 pFBA...6272.0...Ave likelihood of: cpd00363_c is 0.3606641219862168...
Loop49 pFBA...8586.0...Ave likelihood of: cpd00281_c is 0.2019386228233315...
Loop50 pFBA...4070.0...Ave likelihood of: cpd00025_c is 0.3839145258009024...
Loop51 pFBA...20236.0...Ave likelihood of: cpd00811_c is 0.2542895438402641...
Loop52 pFBA...5437.0...Ave likelihood of: cpd00117_c is 0.36371607930355615...
Loop53 pFBA...6873.0...Ave likelihood of: cpd00186_c is 0.35457763971940964...
Loop54 pFBA...22018.0...Ave likelihood of: cpd00637_c is 0.2234556154207074...
Loop55 pFBA...6519.0...Ave likelihood of: cpd00550_c is 0.44857579140571047...
Loop56 pFBA...4097.0...Ave likelihood of: cpd00033_c is 0.23565702855441245...
Loop57 pFBA...5312.0...Ave likelihood of: cpd00035_c is 0.36371607930355615...
Loop58 pFBA...18492.0...Ave likelihood of: cpd00051_c is 0.22074079114430536...
Loop59 pFBA...8228.0...Ave likelihood of: cpd00132_c is 0.1426673262519531...
Loop60 pFBA...5450.0...Ave likelihood of: cpd00041_c is 0.18046350635587943...
Loop61 pFBA...13599.0...Ave likelihood of: cpd00084_c is 0.3137597361020458...
Loop62 pFBA...6609.0...Ave likelihood of: cpd00023_c is 0.27828629624427076...
Loop63 pFBA...9355.0...Ave likelihood of: cpd00053_c is 0.13450316359848674...
Loop64 pFBA...15798.0...Ave likelihood of: cpd00119_c is 0.33008526819374095...
Loop65 pFBA...17096.0...Ave likelihood of: cpd00322_c is 0.22832921471455683...
Loop66 pFBA...13958.0...Ave likelihood of: cpd00107_c is 0.3123656809089864...
Loop67 pFBA...17225.0...Ave likelihood of: cpd00039_c is 0.32922918667614...
Loop68 pFBA...21018.0...Ave likelihood of: cpd00060_c is 0.2259948837777609...
Loop69 pFBA...21519.0...Ave likelihood of: cpd00066_c is 0.22259662609647954...
Loop70 pFBA...10338.0...Ave likelihood of: cpd00129_c is 0.19650730270650252...
Loop71 pFBA...5519.0...Ave likelihood of: cpd00054_c is 0.48595710735618636...
Loop72 pFBA...7653.0...Ave likelihood of: cpd00161_c is 0.321537902883315...
Loop73 pFBA...29448.0...Ave likelihood of: cpd00065_c is 0.19251060669428685...
Loop74 pFBA...18809.0...Ave likelihood of: cpd00069_c is 0.22792468832696133...
Loop75 pFBA...7749.0...Ave likelihood of: cpd00156_c is 0.28973655690981576...
Loop76 pFBA...24497.0...Ave likelihood of: cpd00098_c is 0.21725463667752348...
Loop77 pFBA...14665.0...Ave likelihood of: cpd00274_c is 0.17801707856105958...
Loop78 pFBA...6649.0...Ave likelihood of: cpd00226_c is 0.32697034751218085...
Loop79 pFBA...4829.0...Ave likelihood of: cpd00246_c is 0.3264399970637378...
Loop80 pFBA...20930.0...Ave likelihood of: cpd00374_c is 0.21007997086009028...
Loop81 pFBA...4544.0...Ave likelihood of: cpd00221_c is 0.40263948487412043...
Loop82 pFBA...4285.0...Ave likelihood of: cpd00159_c is 0.2982639099000679...
Loop83 pFBA...10192.0...Ave likelihood of: cpd00211_c is 0.22083026843368586...
Loop84 pFBA...3737.0...Ave likelihood of: cpd00047_c is 0.41422342523127387...
Loop85 pFBA...5131.0...Ave likelihood of: cpd00106_c is 0.136924193566437...
Loop86 pFBA...7853.0...Ave likelihood of: cpd00141_c is 0.3274511870562849...
Loop87 pFBA...20178.0...Ave likelihood of: cpd00216_c is 0.3103275102185444...
Loop88 pFBA...4922.0...Ave likelihood of: cpd00036_c is 0.19897469297976014...
Loop89 pFBA...16319.0...Ave likelihood of: cpd00581_c is 0.33813108145756954...
Loop90 pFBA...4753.0...Ave likelihood of: cpd00128_c is 0.22767212137511625...
Loop91 pFBA...5840.0...Ave likelihood of: cpd00018_c is 0.3758901235779025...
Loop92 pFBA...4976.0...Ave likelihood of: cpd00091_c is 0.48708075435510656...
Loop93 pFBA...3667.0...Ave likelihood of: cpd00092_c is 0.42437606523670207...
Loop94 pFBA...62708.0...Ave likelihood of: cpd00305_c is 0.19116955298795185...
Loop95 pFBA...13161.0...Ave likelihood of: cpd00220_c is 0.244723113073746...
Loop96 pFBA...14549.0...Ave likelihood of: cpd00218_c is 0.18514867155910195...
Loop97 pFBA...14805.0...Ave likelihood of: cpd00215_c is 0.2983663142308548...
Loop98 pFBA...28346.0...Ave likelihood of: cpd00104_c is 0.15843132842504448...
Loop99 pFBA...36949.0...Ave likelihood of: cpd00393_c is 0.24578380629408622...
Loop100 pFBA...6671.0...Ave likelihood of: cpd00363_c is 0.4367491602433982...
Loop101 pFBA...8586.0...Ave likelihood of: cpd00281_c is 0.2019386228233315...
Loop102 pFBA...4186.0...Ave likelihood of: cpd00025_c is 0.33280734404140366...
Loop103 pFBA...20877.0...Ave likelihood of: cpd00811_c is 0.22676791141564442...
Loop104 pFBA...5437.0...Ave likelihood of: cpd00117_c is 0.36371607930355615...
Loop105 pFBA...6873.0...Ave likelihood of: cpd00186_c is 0.35457763971940964...
Loop106 pFBA...22018.0...Ave likelihood of: cpd00637_c is 0.2234556154207074...
Loop107 pFBA...6519.0...Ave likelihood of: cpd00550_c is 0.44857579140571047...
Loop108 pFBA...4097.0...Ave likelihood of: cpd00033_c is 0.23928252130140343...
Loop109 pFBA...5312.0...Ave likelihood of: cpd00035_c is 0.36371607930355615...
Loop110 pFBA...18266.0...Ave likelihood of: cpd00051_c is 0.2598359525406872...
Loop111 pFBA...8228.0...Ave likelihood of: cpd00132_c is 0.14563956221553548...
Loop112 pFBA...5450.0...Ave likelihood of: cpd00041_c is 0.18046350635587943...
Loop113 pFBA...13566.0...Ave likelihood of: cpd00084_c is 0.3509581760466665...
Loop114 pFBA...6609.0...Ave likelihood of: cpd00023_c is 0.27828629624427076...
Loop115 pFBA...9355.0...Ave likelihood of: cpd00053_c is 0.13450316359848674...
Loop116 pFBA...15798.0...Ave likelihood of: cpd00119_c is 0.33008526819374095...
Loop117 pFBA...17096.0...Ave likelihood of: cpd00322_c is 0.22832921471455683...
Loop118 pFBA...13958.0...Ave likelihood of: cpd00107_c is 0.3123656809089864...
Loop119 pFBA...17117.0...Ave likelihood of: cpd00039_c is 0.3130355542794513...
Loop120 pFBA...21018.0...Ave likelihood of: cpd00060_c is 0.2259948837777609...
Loop121 pFBA...21089.0...Ave likelihood of: cpd00066_c is 0.24309308154435735...
Loop122 pFBA...10338.0...Ave likelihood of: cpd00129_c is 0.19650730270650252...
Loop123 pFBA...5519.0...Ave likelihood of: cpd00054_c is 0.48595710735618636...
Loop124 pFBA...7542.0...Ave likelihood of: cpd00161_c is 0.39499476424373176...
Loop125 pFBA...29448.0...Ave likelihood of: cpd00065_c is 0.19251060669428685...
Loop126 pFBA...18435.0...Ave likelihood of: cpd00069_c is 0.2556240480855232...
Loop127 pFBA...7749.0...Ave likelihood of: cpd00156_c is 0.28973655690981576...
Loop128 pFBA...23950.0...Ave likelihood of: cpd00098_c is 0.29114553029350954...
Loop129 pFBA...14665.0...Ave likelihood of: cpd00274_c is 0.17801707856105958...
Loop130 pFBA...6649.0...Ave likelihood of: cpd00226_c is 0.32697034751218085...
Loop131 pFBA...4550.0...Ave likelihood of: cpd00246_c is 0.34597837382091245...
Loop132 pFBA...20273.0...Ave likelihood of: cpd00374_c is 0.22823218644409352...
Loop133 pFBA...4469.0...Ave likelihood of: cpd00221_c is 0.38822469751330335...
Loop134 pFBA...4251.0...Ave likelihood of: cpd00159_c is 0.36045557210001516...
Loop135 pFBA...10128.0...Ave likelihood of: cpd00211_c is 0.3133962164064914...
Loop136 pFBA...3731.0...Ave likelihood of: cpd00047_c is 0.3920911829823147...
Loop137 pFBA...5131.0...Ave likelihood of: cpd00106_c is 0.136924193566437...
Loop138 pFBA...7758.0...Ave likelihood of: cpd00141_c is 0.3587277156372051...
Loop139 pFBA...20050.0...Ave likelihood of: cpd00216_c is 0.2761057092418885...
Loop140 pFBA...4922.0...Ave likelihood of: cpd00036_c is 0.19897469297976014...
Loop141 pFBA...16319.0...Ave likelihood of: cpd00581_c is 0.33813108145756954...
Loop142 pFBA...4753.0...Ave likelihood of: cpd00128_c is 0.22767212137511625...
Loop143 pFBA...5840.0...Ave likelihood of: cpd00018_c is 0.3758901235779025...
Loop144 pFBA...4976.0...Ave likelihood of: cpd00091_c is 0.48708075435510656...
Loop145 pFBA...3667.0...Ave likelihood of: cpd00092_c is 0.42437606523670207...
Loop146 pFBA...62696.0...Ave likelihood of: cpd00305_c is 0.1997578529914365...
Loop147 pFBA...13161.0...Ave likelihood of: cpd00220_c is 0.24472311307374595...
Loop148 pFBA...14521.0...Ave likelihood of: cpd00218_c is 0.2199483302896738...
Loop149 pFBA...14131.0...Ave likelihood of: cpd00215_c is 0.303877126619942...
Loop150 pFBA...28327.0...Ave likelihood of: cpd00104_c is 0.21932306376254904...
Loop151 pFBA...36949.0...Ave likelihood of: cpd00393_c is 0.24246240350632833...
Loop152 pFBA...6197.0...Ave likelihood of: cpd00363_c is 0.4354615596592156...
Loop153 pFBA...8586.0...Ave likelihood of: cpd00281_c is 0.2019386228233315...
Loop154 pFBA...4045.0...Ave likelihood of: cpd00025_c is 0.27718189498029605...
Loop155 pFBA...20075.0...Ave likelihood of: cpd00811_c is 0.26231975162700844...
35.3604132493mins to complete!
