
The following have been reloaded with a version change:
  1) anaconda2/4.4.0 => anaconda2/5.1.0

Loading in models...Adding Water...Remove no-like rxns...Pruned 1 metabolites from model
Pruned 1 reactions from model
Set-up Universal...64.0seconds to complete

Loop0 pFBA...5355.0...Ave likelihood of: cpd00117_c is 0.304811634837207...
Loop1 pFBA...7157.0...Ave likelihood of: cpd00186_c is 0.30715105586299823...
Loop2 pFBA...21731.0...Ave likelihood of: cpd00637_c is 0.2510061675934655...
Loop3 pFBA...6424.0...Ave likelihood of: cpd00550_c is 0.42304199518443025...
Loop4 pFBA...4133.0...Ave likelihood of: cpd00033_c is 0.22273696371627535...
Loop5 pFBA...5250.0...Ave likelihood of: cpd00035_c is 0.304811634837207...
Loop6 pFBA...17810.0...Ave likelihood of: cpd00051_c is 0.2927790734973656...
Loop7 pFBA...8200.0...Ave likelihood of: cpd00132_c is 0.1879884022329165...
Loop8 pFBA...5334.0...Ave likelihood of: cpd00041_c is 0.18038063122728787...
Loop9 pFBA...13535.0...Ave likelihood of: cpd00084_c is 0.29125657297295776...
Loop10 pFBA...6661.0...Ave likelihood of: cpd00023_c is 0.26789519025321207...
Loop11 pFBA...9302.0...Ave likelihood of: cpd00053_c is 0.18759077452886802...
Loop12 pFBA...15622.0...Ave likelihood of: cpd00119_c is 0.32012402933829315...
Loop13 pFBA...16917.0...Ave likelihood of: cpd00322_c is 0.24290193344621652...
Loop14 pFBA...13977.0...Ave likelihood of: cpd00107_c is 0.28379623220712025...
Loop15 pFBA...16981.0...Ave likelihood of: cpd00039_c is 0.2950361677881745...
Loop16 pFBA...20731.0...Ave likelihood of: cpd00060_c is 0.25403033828736266...
Loop17 pFBA...20754.0...Ave likelihood of: cpd00066_c is 0.27764318166699287...
Loop18 pFBA...10290.0...Ave likelihood of: cpd00129_c is 0.30920587936386995...
Loop19 pFBA...5424.0...Ave likelihood of: cpd00054_c is 0.46150035838301484...
Loop20 pFBA...7652.0...Ave likelihood of: cpd00161_c is 0.355683518709916...
Loop21 pFBA...26606.0...Ave likelihood of: cpd00065_c is 0.23430521084974104...
Loop22 pFBA...18281.0...Ave likelihood of: cpd00069_c is 0.22253873562109625...
Loop23 pFBA...7902.0...Ave likelihood of: cpd00156_c is 0.29471561286540465...
Loop24 pFBA...24130.0...Ave likelihood of: cpd00098_c is 0.18026992628203486...
Loop25 pFBA...14419.0...Ave likelihood of: cpd00274_c is 0.2879814231188021...
Loop26 pFBA...6152.0...Ave likelihood of: cpd00226_c is 0.3312144103854968...
Loop27 pFBA...4555.0...Ave likelihood of: cpd00246_c is 0.41341947672401247...
Loop28 pFBA...20086.0...Ave likelihood of: cpd00374_c is 0.2620345432906912...
Loop29 pFBA...4189.0...Ave likelihood of: cpd00221_c is 0.45472942384136483...
Loop30 pFBA...4029.0...Ave likelihood of: cpd00159_c is 0.41825866802226724...
Loop31 pFBA...10128.0...Ave likelihood of: cpd00211_c is 0.3623873409599178...
Loop32 pFBA...3609.0...Ave likelihood of: cpd00047_c is 0.37233332225366367...
Loop33 pFBA...4995.0...Ave likelihood of: cpd00106_c is 0.17512106145540413...
Loop34 pFBA...7610.0...Ave likelihood of: cpd00141_c is 0.35949793282087533...
Loop35 pFBA...19766.0...Ave likelihood of: cpd00216_c is 0.26652482966747837...
Loop36 pFBA...4764.0...Ave likelihood of: cpd00036_c is 0.22332057777974001...
Loop37 pFBA...16196.0...Ave likelihood of: cpd00581_c is 0.3317649031324129...
Loop38 pFBA...4259.0...Ave likelihood of: cpd00128_c is 0.3611837494894097...
Loop39 pFBA...5769.0...Ave likelihood of: cpd00018_c is 0.3158097027846642...
Loop40 pFBA...5099.0...Ave likelihood of: cpd00091_c is 0.37819063127945846...
Loop41 pFBA...4173.0...Ave likelihood of: cpd00092_c is 0.31530032053764706...
Loop42 pFBA...61415.0...Ave likelihood of: cpd00305_c is 0.21299792991931876...
Loop43 pFBA...13437.0...Ave likelihood of: cpd00220_c is 0.3063031622253719...
Loop44 pFBA...14308.0...Ave likelihood of: cpd00218_c is 0.20160525661516532...
Loop45 pFBA...13296.0...Ave likelihood of: cpd00215_c is 0.41005403062219814...
Loop46 pFBA...28049.0...Ave likelihood of: cpd00104_c is 0.1912867958791461...
Loop47 pFBA...36559.0...Ave likelihood of: cpd00393_c is 0.21302279462186108...
Loop48 pFBA...6040.0...Ave likelihood of: cpd00363_c is 0.47261974439899607...
Loop49 pFBA...8661.0...Ave likelihood of: cpd00281_c is 0.1913537073237229...
Loop50 pFBA...4049.0...Ave likelihood of: cpd00025_c is 0.40749322392332654...
Loop51 pFBA...20112.0...Ave likelihood of: cpd00811_c is 0.21709742511317784...
Loop52 pFBA...5355.0...Ave likelihood of: cpd00117_c is 0.304811634837207...
Loop53 pFBA...7157.0...Ave likelihood of: cpd00186_c is 0.30715105586299823...
Loop54 pFBA...21762.0...Ave likelihood of: cpd00637_c is 0.24072210727801896...
Loop55 pFBA...6424.0...Ave likelihood of: cpd00550_c is 0.42304199518443025...
Loop56 pFBA...4133.0...Ave likelihood of: cpd00033_c is 0.22273696371627535...
Loop57 pFBA...5250.0...Ave likelihood of: cpd00035_c is 0.304811634837207...
Loop58 pFBA...18187.0...Ave likelihood of: cpd00051_c is 0.25947290930374656...
Loop59 pFBA...8200.0...Ave likelihood of: cpd00132_c is 0.1879884022329165...
Loop60 pFBA...5334.0...Ave likelihood of: cpd00041_c is 0.18038063122728787...
Loop61 pFBA...13582.0...Ave likelihood of: cpd00084_c is 0.26878406892056866...
Loop62 pFBA...6661.0...Ave likelihood of: cpd00023_c is 0.26789519025321207...
Loop63 pFBA...9302.0...Ave likelihood of: cpd00053_c is 0.18411687129685195...
Loop64 pFBA...15622.0...Ave likelihood of: cpd00119_c is 0.32012402933829315...
Loop65 pFBA...16917.0...Ave likelihood of: cpd00322_c is 0.24290193344621652...
Loop66 pFBA...13977.0...Ave likelihood of: cpd00107_c is 0.28379623220712025...
Loop67 pFBA...17394.0...Ave likelihood of: cpd00039_c is 0.2663138927288179...
Loop68 pFBA...20762.0...Ave likelihood of: cpd00060_c is 0.24384836841149973...
Loop69 pFBA...21139.0...Ave likelihood of: cpd00066_c is 0.2888895856812547...
Loop70 pFBA...10290.0...Ave likelihood of: cpd00129_c is 0.30920587936386995...
Loop71 pFBA...5424.0...Ave likelihood of: cpd00054_c is 0.46150035838301484...
Loop72 pFBA...7742.0...Ave likelihood of: cpd00161_c is 0.2913575074116726...
Loop73 pFBA...26606.0...Ave likelihood of: cpd00065_c is 0.23430521084974104...
Loop74 pFBA...18603.0...Ave likelihood of: cpd00069_c is 0.28335443951594974...
Loop75 pFBA...7902.0...Ave likelihood of: cpd00156_c is 0.29471561286540465...
Loop76 pFBA...24483.0...Ave likelihood of: cpd00098_c is 0.19867281364628653...
Loop77 pFBA...14650.0...Ave likelihood of: cpd00274_c is 0.2161160531227213...
Loop78 pFBA...6152.0...Ave likelihood of: cpd00226_c is 0.3312144103854967...
Loop79 pFBA...4827.0...Ave likelihood of: cpd00246_c is 0.2843676602883393...
Loop80 pFBA...20717.0...Ave likelihood of: cpd00374_c is 0.3346723884266395...
Loop81 pFBA...4324.0...Ave likelihood of: cpd00221_c is 0.25433975805913667...
Loop82 pFBA...4118.0...Ave likelihood of: cpd00159_c is 0.361421395311484...
Loop83 pFBA...10151.0...Ave likelihood of: cpd00211_c is 0.24974365648899413...
Loop84 pFBA...3640.0...Ave likelihood of: cpd00047_c is 0.41788665045109813...
Loop85 pFBA...4995.0...Ave likelihood of: cpd00106_c is 0.17512106145540413...
Loop86 pFBA...7665.0...Ave likelihood of: cpd00141_c is 0.31285852911179757...
Loop87 pFBA...20271.0...Ave likelihood of: cpd00216_c is 0.2549061072502378...
Loop88 pFBA...4764.0...Ave likelihood of: cpd00036_c is 0.22332057777974001...
Loop89 pFBA...16196.0...Ave likelihood of: cpd00581_c is 0.3317649031324129...
Loop90 pFBA...4259.0...Ave likelihood of: cpd00128_c is 0.3611837494894097...
Loop91 pFBA...5769.0...Ave likelihood of: cpd00018_c is 0.3266996925358595...
Loop92 pFBA...5099.0...Ave likelihood of: cpd00091_c is 0.37819063127945846...
Loop93 pFBA...4173.0...Ave likelihood of: cpd00092_c is 0.31530032053764706...
Loop94 pFBA...61451.0...Ave likelihood of: cpd00305_c is 0.22094196984953718...
Loop95 pFBA...13443.0...Ave likelihood of: cpd00220_c is 0.26518288153698344...
Loop96 pFBA...14487.0...Ave likelihood of: cpd00218_c is 0.1715500095775337...
Loop97 pFBA...14015.0...Ave likelihood of: cpd00215_c is 0.29230902092974775...
Loop98 pFBA...28049.0...Ave likelihood of: cpd00104_c is 0.1912867958791461...
Loop99 pFBA...36559.0...Ave likelihood of: cpd00393_c is 0.21302279462186108...
Loop100 pFBA...6480.0...Ave likelihood of: cpd00363_c is 0.4681962938540443...
Loop101 pFBA...8661.0...Ave likelihood of: cpd00281_c is 0.1913537073237229...
Loop102 pFBA...4178.0...Ave likelihood of: cpd00025_c is 0.36176185354910134...
Loop103 pFBA...20832.0...Ave likelihood of: cpd00811_c is 0.1947176355022812...
Loop104 pFBA...5355.0...Ave likelihood of: cpd00117_c is 0.304811634837207...
Loop105 pFBA...7157.0...Ave likelihood of: cpd00186_c is 0.30715105586299823...
Loop106 pFBA...21738.0...Ave likelihood of: cpd00637_c is 0.2505127873316955...
Loop107 pFBA...6424.0...Ave likelihood of: cpd00550_c is 0.42304199518443025...
Loop108 pFBA...4133.0...Ave likelihood of: cpd00033_c is 0.22273696371627535...
Loop109 pFBA...5250.0...Ave likelihood of: cpd00035_c is 0.304811634837207...
Loop110 pFBA...17887.0...Ave likelihood of: cpd00051_c is 0.2611047159000581...
Loop111 pFBA...8200.0...Ave likelihood of: cpd00132_c is 0.1879884022329165...
Loop112 pFBA...5334.0...Ave likelihood of: cpd00041_c is 0.18038063122728787...
Loop113 pFBA...13549.0...Ave likelihood of: cpd00084_c is 0.29933281934039685...
Loop114 pFBA...6661.0...Ave likelihood of: cpd00023_c is 0.26789519025321207...
Loop115 pFBA...9302.0...Ave likelihood of: cpd00053_c is 0.18759077452886802...
Loop116 pFBA...15622.0...Ave likelihood of: cpd00119_c is 0.32012402933829315...
Loop117 pFBA...16917.0...Ave likelihood of: cpd00322_c is 0.24290193344621652...
Loop118 pFBA...13977.0...Ave likelihood of: cpd00107_c is 0.28379623220712025...
Loop119 pFBA...17167.0...Ave likelihood of: cpd00039_c is 0.285553182392815...
Loop120 pFBA...20738.0...Ave likelihood of: cpd00060_c is 0.2535310136850894...
Loop121 pFBA...20771.0...Ave likelihood of: cpd00066_c is 0.27288068728407233...
Loop122 pFBA...10290.0...Ave likelihood of: cpd00129_c is 0.30920587936386995...
Loop123 pFBA...5424.0...Ave likelihood of: cpd00054_c is 0.46150035838301484...
Loop124 pFBA...7659.0...Ave likelihood of: cpd00161_c is 0.35499278634343795...
Loop125 pFBA...26606.0...Ave likelihood of: cpd00065_c is 0.2343052108497411...
Loop126 pFBA...18296.0...Ave likelihood of: cpd00069_c is 0.22188089527206967...
Loop127 pFBA...7902.0...Ave likelihood of: cpd00156_c is 0.29471561286540465...
Loop128 pFBA...24144.0...Ave likelihood of: cpd00098_c is 0.1901028531295675...
Loop129 pFBA...14615.0...Ave likelihood of: cpd00274_c is 0.2168857484959287...
Loop130 pFBA...6152.0...Ave likelihood of: cpd00226_c is 0.3312144103854968...
Loop131 pFBA...4570.0...Ave likelihood of: cpd00246_c is 0.36151678632677303...
Loop132 pFBA...20103.0...Ave likelihood of: cpd00374_c is 0.26126706288349344...
Loop133 pFBA...4282.0...Ave likelihood of: cpd00221_c is 0.41222551169815497...
Loop134 pFBA...4089.0...Ave likelihood of: cpd00159_c is 0.41143092283876054...
Loop135 pFBA...10132.0...Ave likelihood of: cpd00211_c is 0.36137651310653535...
Loop136 pFBA...3640.0...Ave likelihood of: cpd00047_c is 0.41788665045109813...
Loop137 pFBA...4995.0...Ave likelihood of: cpd00106_c is 0.17512106145540413...
Loop138 pFBA...7617.0...Ave likelihood of: cpd00141_c is 0.35875786242822033...
Loop139 pFBA...19795.0...Ave likelihood of: cpd00216_c is 0.27027617779545837...
Loop140 pFBA...4764.0...Ave likelihood of: cpd00036_c is 0.22332057777974001...
Loop141 pFBA...16196.0...Ave likelihood of: cpd00581_c is 0.3317649031324129...
Loop142 pFBA...4259.0...Ave likelihood of: cpd00128_c is 0.3611837494894097...
Loop143 pFBA...5769.0...Ave likelihood of: cpd00018_c is 0.3266996925358595...
Loop144 pFBA...5099.0...Ave likelihood of: cpd00091_c is 0.37819063127945846...
Loop145 pFBA...4173.0...Ave likelihood of: cpd00092_c is 0.31530032053764706...
Loop146 pFBA...61421.0...Ave likelihood of: cpd00305_c is 0.21905013519418234...
Loop147 pFBA...13441.0...Ave likelihood of: cpd00220_c is 0.30148241414276555...
Loop148 pFBA...14318.0...Ave likelihood of: cpd00218_c is 0.20085173039718934...
Loop149 pFBA...13316.0...Ave likelihood of: cpd00215_c is 0.40883509115194283...
Loop150 pFBA...28049.0...Ave likelihood of: cpd00104_c is 0.18683826574242177...
Loop151 pFBA...36559.0...Ave likelihood of: cpd00393_c is 0.21302279462186108...
Loop152 pFBA...6056.0...Ave likelihood of: cpd00363_c is 0.47128284304452267...
Loop153 pFBA...8661.0...Ave likelihood of: cpd00281_c is 0.1913537073237229...
Loop154 pFBA...4054.0...Ave likelihood of: cpd00025_c is 0.4065722474346892...
Loop155 pFBA...20132.0...Ave likelihood of: cpd00811_c is 0.21556246429878237...
32.352860864mins to complete!
