
The following have been reloaded with a version change:
  1) anaconda2/4.4.0 => anaconda2/5.1.0

Loading in models...Adding Water...Remove no-like rxns...Pruned 1 metabolites from model
Pruned 1 reactions from model
Set-up Universal...63.0seconds to complete

Loop0 pFBA...5568.0...Ave likelihood of: cpd00117_c is 0.47161933499952646...
Loop1 pFBA...6841.0...Ave likelihood of: cpd00186_c is 0.3597989387691829...
Loop2 pFBA...21395.0...Ave likelihood of: cpd00637_c is 0.2767929220535866...
Loop3 pFBA...6439.0...Ave likelihood of: cpd00550_c is 0.344952225971652...
Loop4 pFBA...4061.0...Ave likelihood of: cpd00033_c is 0.25407653018679766...
Loop5 pFBA...5446.0...Ave likelihood of: cpd00035_c is 0.47161933499952646...
Loop6 pFBA...18148.0...Ave likelihood of: cpd00051_c is 0.30951427833728495...
Loop7 pFBA...7914.0...Ave likelihood of: cpd00132_c is 0.24984296734137215...
Loop8 pFBA...5183.0...Ave likelihood of: cpd00041_c is 0.22298296028000777...
Loop9 pFBA...13633.0...Ave likelihood of: cpd00084_c is 0.27487780904477...
Loop10 pFBA...6593.0...Ave likelihood of: cpd00023_c is 0.2814871435790892...
Loop11 pFBA...9083.0...Ave likelihood of: cpd00053_c is 0.3108220790676782...
Loop12 pFBA...16375.0...Ave likelihood of: cpd00119_c is 0.3236446860893339...
Loop13 pFBA...16748.0...Ave likelihood of: cpd00322_c is 0.3535309110992329...
Loop14 pFBA...14213.0...Ave likelihood of: cpd00107_c is 0.26391780948180604...
Loop15 pFBA...17690.0...Ave likelihood of: cpd00039_c is 0.33287684872455037...
Loop16 pFBA...20395.0...Ave likelihood of: cpd00060_c is 0.28034154925940186...
Loop17 pFBA...20623.0...Ave likelihood of: cpd00066_c is 0.23828162817190707...
Loop18 pFBA...10266.0...Ave likelihood of: cpd00129_c is 0.20312792849220648...
Loop19 pFBA...5439.0...Ave likelihood of: cpd00054_c is 0.3519920673180122...
Loop20 pFBA...7362.0...Ave likelihood of: cpd00161_c is 0.39773208931564596...
Loop21 pFBA...27275.0...Ave likelihood of: cpd00065_c is 0.24963260942647048...
Loop22 pFBA...18340.0...Ave likelihood of: cpd00069_c is 0.21302261060161995...
Loop23 pFBA...7676.0...Ave likelihood of: cpd00156_c is 0.3322383496142485...
Loop24 pFBA...23666.0...Ave likelihood of: cpd00098_c is 0.2631684477352715...
Loop25 pFBA...14163.0...Ave likelihood of: cpd00274_c is 0.194591625257281...
Loop26 pFBA...6703.0...Ave likelihood of: cpd00226_c is 0.32296647365247083...
Loop27 pFBA...4455.0...Ave likelihood of: cpd00246_c is 0.43920434689106275...
Loop28 pFBA...20080.0...Ave likelihood of: cpd00374_c is 0.22795222032292806...
Loop29 pFBA...4761.0...Ave likelihood of: cpd00221_c is 0.42308376669481795...
Loop30 pFBA...4271.0...Ave likelihood of: cpd00159_c is 0.41330131476133763...
Loop31 pFBA...10348.0...Ave likelihood of: cpd00211_c is 0.3538074689671364...
Loop32 pFBA...3765.0...Ave likelihood of: cpd00047_c is 0.34155240057767017...
Loop33 pFBA...5001.0...Ave likelihood of: cpd00106_c is 0.18996672142020143...
Loop34 pFBA...7575.0...Ave likelihood of: cpd00141_c is 0.4122170620896562...
Loop35 pFBA...19254.0...Ave likelihood of: cpd00216_c is 0.2352434077866588...
Loop36 pFBA...4803.0...Ave likelihood of: cpd00036_c is 0.22800625104873348...
Loop37 pFBA...16943.0...Ave likelihood of: cpd00581_c is 0.32616525130597224...
Loop38 pFBA...4764.0...Ave likelihood of: cpd00128_c is 0.22138327331678548...
Loop39 pFBA...5863.0...Ave likelihood of: cpd00018_c is 0.27967053774896283...
Loop40 pFBA...5863.0...Ave likelihood of: cpd00091_c is 0.27967053774896283...
Loop41 pFBA...3614.0...Ave likelihood of: cpd00092_c is 0.36598157113785396...
Loop42 pFBA...63964.0...Ave likelihood of: cpd00305_c is 0.1565062696563196...
Loop43 pFBA...13698.0...Ave likelihood of: cpd00220_c is 0.3114607982649142...
Loop44 pFBA...14485.0...Ave likelihood of: cpd00218_c is 0.21200395488339643...
Loop45 pFBA...14604.0...Ave likelihood of: cpd00215_c is 0.2968665450224688...
Loop46 pFBA...28671.0...Ave likelihood of: cpd00104_c is 0.21968331872029892...
Loop47 pFBA...36070.0...Ave likelihood of: cpd00393_c is 0.1695847125400529...
Loop48 pFBA...5713.0...Ave likelihood of: cpd00363_c is 0.5636579501524857...
Loop49 pFBA...8589.0...Ave likelihood of: cpd00281_c is 0.20159892275069782...
Loop50 pFBA...3952.0...Ave likelihood of: cpd00025_c is 0.3468865825040939...
Loop51 pFBA...19607.0...Ave likelihood of: cpd00811_c is 0.2577467810408916...
Loop52 pFBA...5420.0...Ave likelihood of: cpd00714_c is 0.3708507575572537...
Loop53 pFBA...5568.0...Ave likelihood of: cpd00117_c is 0.47161933499952646...
Loop54 pFBA...6841.0...Ave likelihood of: cpd00186_c is 0.3597989387691829...
Loop55 pFBA...21671.0...Ave likelihood of: cpd00637_c is 0.27679216057091727...
Loop56 pFBA...6503.0...Ave likelihood of: cpd00550_c is 0.2965042426308774...
Loop57 pFBA...4062.0...Ave likelihood of: cpd00033_c is 0.23688215292954123...
Loop58 pFBA...5446.0...Ave likelihood of: cpd00035_c is 0.47161933499952646...
Loop59 pFBA...18354.0...Ave likelihood of: cpd00051_c is 0.25796297972391646...
Loop60 pFBA...7914.0...Ave likelihood of: cpd00132_c is 0.2498429673413721...
Loop61 pFBA...5183.0...Ave likelihood of: cpd00041_c is 0.22298296028000777...
Loop62 pFBA...13761.0...Ave likelihood of: cpd00084_c is 0.24685563689432996...
Loop63 pFBA...6593.0...Ave likelihood of: cpd00023_c is 0.2814871435790892...
Loop64 pFBA...9083.0...Ave likelihood of: cpd00053_c is 0.31082207906767817...
Loop65 pFBA...16375.0...Ave likelihood of: cpd00119_c is 0.33011757981112055...
Loop66 pFBA...16757.0...Ave likelihood of: cpd00322_c is 0.23979528056165547...
Loop67 pFBA...14213.0...Ave likelihood of: cpd00107_c is 0.26391780948180604...
Loop68 pFBA...17914.0...Ave likelihood of: cpd00039_c is 0.3399259781105045...
Loop69 pFBA...20671.0...Ave likelihood of: cpd00060_c is 0.28012700587900063...
Loop70 pFBA...21492.0...Ave likelihood of: cpd00066_c is 0.22786613084590734...
Loop71 pFBA...10266.0...Ave likelihood of: cpd00129_c is 0.20312792849220648...
Loop72 pFBA...5503.0...Ave likelihood of: cpd00054_c is 0.31563354860706305...
Loop73 pFBA...7657.0...Ave likelihood of: cpd00161_c is 0.3647338144654638...
Loop74 pFBA...27275.0...Ave likelihood of: cpd00065_c is 0.24963260942647048...
Loop75 pFBA...18894.0...Ave likelihood of: cpd00069_c is 0.23684469275143302...
Loop76 pFBA...7676.0...Ave likelihood of: cpd00156_c is 0.3322383496142485...
Loop77 pFBA...24567.0...Ave likelihood of: cpd00098_c is 0.25890838706956654...
Loop78 pFBA...14163.0...Ave likelihood of: cpd00274_c is 0.194591625257281...
Loop79 pFBA...6703.0...Ave likelihood of: cpd00226_c is 0.32296647365247083...
Loop80 pFBA...4793.0...Ave likelihood of: cpd00246_c is 0.35586843119441774...
Loop81 pFBA...20854.0...Ave likelihood of: cpd00374_c is 0.21793336993832604...
Loop82 pFBA...5086.0...Ave likelihood of: cpd00221_c is 0.3493409058474488...
Loop83 pFBA...4348.0...Ave likelihood of: cpd00159_c is 0.3832307226378361...
Loop84 pFBA...10516.0...Ave likelihood of: cpd00211_c is 0.21369322375582103...
Loop85 pFBA...3766.0...Ave likelihood of: cpd00047_c is 0.21910141680479023...
Loop86 pFBA...5001.0...Ave likelihood of: cpd00106_c is 0.18996672142020143...
Loop87 pFBA...7734.0...Ave likelihood of: cpd00141_c is 0.3236670469598186...
Loop88 pFBA...20370.0...Ave likelihood of: cpd00216_c is 0.21926441691190834...
Loop89 pFBA...4803.0...Ave likelihood of: cpd00036_c is 0.22800625104873348...
Loop90 pFBA...16943.0...Ave likelihood of: cpd00581_c is 0.32616525130597224...
Loop91 pFBA...4764.0...Ave likelihood of: cpd00128_c is 0.22138327331678548...
Loop92 pFBA...5863.0...Ave likelihood of: cpd00018_c is 0.27967053774896283...
Loop93 pFBA...5863.0...Ave likelihood of: cpd00091_c is 0.27967053774896283...
Loop94 pFBA...3624.0...Ave likelihood of: cpd00092_c is 0.3207613492743163...
Loop95 pFBA...64135.0...Ave likelihood of: cpd00305_c is 0.12045203717443341...
Loop96 pFBA...14142.0...Ave likelihood of: cpd00220_c is 0.17859975837351372...
Loop97 pFBA...14732.0...Ave likelihood of: cpd00218_c is 0.20924785404908453...
Loop98 pFBA...15150.0...Ave likelihood of: cpd00215_c is 0.34454853315075956...
Loop99 pFBA...28722.0...Ave likelihood of: cpd00104_c is 0.16901027536434818...
Loop100 pFBA...36080.0...Ave likelihood of: cpd00393_c is 0.16956174776058205...
Loop101 pFBA...6430.0...Ave likelihood of: cpd00363_c is 0.38427653710397813...
Loop102 pFBA...8589.0...Ave likelihood of: cpd00281_c is 0.20159892275069782...
Loop103 pFBA...4209.0...Ave likelihood of: cpd00025_c is 0.3916907869291557...
Loop104 pFBA...20477.0...Ave likelihood of: cpd00811_c is 0.2999640946171387...
Loop105 pFBA...6378.0...Ave likelihood of: cpd00714_c is 0.42488973835137067...
Loop106 pFBA...5568.0...Ave likelihood of: cpd00117_c is 0.47161933499952646...
Loop107 pFBA...6841.0...Ave likelihood of: cpd00186_c is 0.3597989387691829...
Loop108 pFBA...21574.0...Ave likelihood of: cpd00637_c is 0.2474485916532459...
Loop109 pFBA...6459.0...Ave likelihood of: cpd00550_c is 0.30034335122592143...
Loop110 pFBA...4061.0...Ave likelihood of: cpd00033_c is 0.22687620683506723...
Loop111 pFBA...5446.0...Ave likelihood of: cpd00035_c is 0.47161933499952646...
Loop112 pFBA...18238.0...Ave likelihood of: cpd00051_c is 0.2715826484618191...
Loop113 pFBA...7914.0...Ave likelihood of: cpd00132_c is 0.2498429673413721...
Loop114 pFBA...5183.0...Ave likelihood of: cpd00041_c is 0.22298296028000777...
Loop115 pFBA...13747.0...Ave likelihood of: cpd00084_c is 0.22926981009104505...
Loop116 pFBA...6593.0...Ave likelihood of: cpd00023_c is 0.2814871435790892...
Loop117 pFBA...9083.0...Ave likelihood of: cpd00053_c is 0.31082207906767817...
Loop118 pFBA...16375.0...Ave likelihood of: cpd00119_c is 0.33011757981112055...
Loop119 pFBA...16757.0...Ave likelihood of: cpd00322_c is 0.23979528056165547...
Loop120 pFBA...14213.0...Ave likelihood of: cpd00107_c is 0.26391780948180604...
Loop121 pFBA...17745.0...Ave likelihood of: cpd00039_c is 0.2835405370046099...
Loop122 pFBA...20574.0...Ave likelihood of: cpd00060_c is 0.2474485916532459...
Loop123 pFBA...20982.0...Ave likelihood of: cpd00066_c is 0.22522943448796628...
Loop124 pFBA...10266.0...Ave likelihood of: cpd00129_c is 0.20312792849220648...
Loop125 pFBA...5459.0...Ave likelihood of: cpd00054_c is 0.30660050437646147...
Loop126 pFBA...7523.0...Ave likelihood of: cpd00161_c is 0.367611682844976...
Loop127 pFBA...27275.0...Ave likelihood of: cpd00065_c is 0.24963260942647048...
Loop128 pFBA...18507.0...Ave likelihood of: cpd00069_c is 0.19574495109628723...
Loop129 pFBA...7676.0...Ave likelihood of: cpd00156_c is 0.3322383496142485...
Loop130 pFBA...24153.0...Ave likelihood of: cpd00098_c is 0.24021563429257226...
Loop131 pFBA...14163.0...Ave likelihood of: cpd00274_c is 0.194591625257281...
Loop132 pFBA...6703.0...Ave likelihood of: cpd00226_c is 0.32296647365247083...
Loop133 pFBA...4642.0...Ave likelihood of: cpd00246_c is 0.26080755932990835...
Loop134 pFBA...20469.0...Ave likelihood of: cpd00374_c is 0.21433416057109425...
Loop135 pFBA...4968.0...Ave likelihood of: cpd00221_c is 0.19025123631789317...
Loop136 pFBA...4333.0...Ave likelihood of: cpd00159_c is 0.4075172192573249...
Loop137 pFBA...10493.0...Ave likelihood of: cpd00211_c is 0.33648405352727...
Loop138 pFBA...3766.0...Ave likelihood of: cpd00047_c is 0.21910141680479023...
Loop139 pFBA...5001.0...Ave likelihood of: cpd00106_c is 0.18996672142020143...
Loop140 pFBA...7679.0...Ave likelihood of: cpd00141_c is 0.37122404055748903...
Loop141 pFBA...19680.0...Ave likelihood of: cpd00216_c is 0.22913104173855225...
Loop142 pFBA...4803.0...Ave likelihood of: cpd00036_c is 0.22800625104873348...
Loop143 pFBA...16943.0...Ave likelihood of: cpd00581_c is 0.32616525130597224...
Loop144 pFBA...4764.0...Ave likelihood of: cpd00128_c is 0.22138327331678548...
Loop145 pFBA...5863.0...Ave likelihood of: cpd00018_c is 0.27967053774896283...
Loop146 pFBA...5863.0...Ave likelihood of: cpd00091_c is 0.27967053774896283...
Loop147 pFBA...3624.0...Ave likelihood of: cpd00092_c is 0.3207613492743163...
Loop148 pFBA...64135.0...Ave likelihood of: cpd00305_c is 0.12169381075355128...
Loop149 pFBA...13988.0...Ave likelihood of: cpd00220_c is 0.26330718019754124...
Loop150 pFBA...14685.0...Ave likelihood of: cpd00218_c is 0.13396615746662632...
Loop151 pFBA...14834.0...Ave likelihood of: cpd00215_c is 0.2342678405571465...
Loop152 pFBA...28713.0...Ave likelihood of: cpd00104_c is 0.19633268656724218...
Loop153 pFBA...36070.0...Ave likelihood of: cpd00393_c is 0.1512602584207468...
Loop154 pFBA...6089.0...Ave likelihood of: cpd00363_c is 0.4334606705054539...
Loop155 pFBA...8589.0...Ave likelihood of: cpd00281_c is 0.20159892275069782...
Loop156 pFBA...4142.0...Ave likelihood of: cpd00025_c is 0.30793880571883836...
Loop157 pFBA...19994.0...Ave likelihood of: cpd00811_c is 0.2709824282203254...
Loop158 pFBA...6164.0...Ave likelihood of: cpd00714_c is 0.2937037694190032...
32.9379444321mins to complete!
