
The following have been reloaded with a version change:
  1) anaconda2/4.4.0 => anaconda2/5.1.0

Loading in models...Adding Water...Remove no-like rxns...Pruned 1 metabolites from model
Pruned 1 reactions from model
Set-up Universal...63.0seconds to complete

Loop0 pFBA...5572.0...Ave likelihood of: cpd00117_c is 0.23022009469251464...
Loop1 pFBA...6840.0...Ave likelihood of: cpd00186_c is 0.3600494213003191...
Loop2 pFBA...21472.0...Ave likelihood of: cpd00637_c is 0.26981854725659427...
Loop3 pFBA...6407.0...Ave likelihood of: cpd00550_c is 0.3298856264527005...
Loop4 pFBA...4053.0...Ave likelihood of: cpd00033_c is 0.24870773038870655...
Loop5 pFBA...5453.0...Ave likelihood of: cpd00035_c is 0.23208552749910652...
Loop6 pFBA...18195.0...Ave likelihood of: cpd00051_c is 0.30837586789579147...
Loop7 pFBA...7927.0...Ave likelihood of: cpd00132_c is 0.2531366326043174...
Loop8 pFBA...5179.0...Ave likelihood of: cpd00041_c is 0.22357590071859162...
Loop9 pFBA...13600.0...Ave likelihood of: cpd00084_c is 0.2733640002487808...
Loop10 pFBA...6592.0...Ave likelihood of: cpd00023_c is 0.28160537975177835...
Loop11 pFBA...9082.0...Ave likelihood of: cpd00053_c is 0.3109943754228843...
Loop12 pFBA...16375.0...Ave likelihood of: cpd00119_c is 0.3186699590793781...
Loop13 pFBA...16985.0...Ave likelihood of: cpd00322_c is 0.3438274005951828...
Loop14 pFBA...14229.0...Ave likelihood of: cpd00107_c is 0.2614797638975248...
Loop15 pFBA...17661.0...Ave likelihood of: cpd00039_c is 0.3332889072182268...
Loop16 pFBA...20472.0...Ave likelihood of: cpd00060_c is 0.27336879129944425...
Loop17 pFBA...20621.0...Ave likelihood of: cpd00066_c is 0.22957106399257607...
Loop18 pFBA...10265.0...Ave likelihood of: cpd00129_c is 0.20317845476077287...
Loop19 pFBA...5407.0...Ave likelihood of: cpd00054_c is 0.33635397206942014...
Loop20 pFBA...7335.0...Ave likelihood of: cpd00161_c is 0.39967106759427257...
Loop21 pFBA...27285.0...Ave likelihood of: cpd00065_c is 0.24935811974691963...
Loop22 pFBA...18341.0...Ave likelihood of: cpd00069_c is 0.20812196940605487...
Loop23 pFBA...7657.0...Ave likelihood of: cpd00156_c is 0.3350059557729076...
Loop24 pFBA...23621.0...Ave likelihood of: cpd00098_c is 0.24591917720615525...
Loop25 pFBA...14184.0...Ave likelihood of: cpd00274_c is 0.19296294628017494...
Loop26 pFBA...6703.0...Ave likelihood of: cpd00226_c is 0.3231086183650524...
Loop27 pFBA...4462.0...Ave likelihood of: cpd00246_c is 0.4373315732061748...
Loop28 pFBA...20095.0...Ave likelihood of: cpd00374_c is 0.21940369860309097...
Loop29 pFBA...4748.0...Ave likelihood of: cpd00221_c is 0.4249438656585652...
Loop30 pFBA...4264.0...Ave likelihood of: cpd00159_c is 0.4227801236037737...
Loop31 pFBA...10440.0...Ave likelihood of: cpd00211_c is 0.325493841809733...
Loop32 pFBA...3735.0...Ave likelihood of: cpd00047_c is 0.30937334694137225...
Loop33 pFBA...5005.0...Ave likelihood of: cpd00106_c is 0.17663558429454262...
Loop34 pFBA...7599.0...Ave likelihood of: cpd00141_c is 0.4083765060099516...
Loop35 pFBA...19121.0...Ave likelihood of: cpd00216_c is 0.24549239424361152...
Loop36 pFBA...4804.0...Ave likelihood of: cpd00036_c is 0.2289107970553198...
Loop37 pFBA...16935.0...Ave likelihood of: cpd00581_c is 0.32102524718622893...
Loop38 pFBA...4763.0...Ave likelihood of: cpd00128_c is 0.22151481326446898...
Loop39 pFBA...5861.0...Ave likelihood of: cpd00018_c is 0.27986184279091475...
Loop40 pFBA...5861.0...Ave likelihood of: cpd00091_c is 0.27986184279091475...
Loop41 pFBA...3613.0...Ave likelihood of: cpd00092_c is 0.3659796216946592...
Loop42 pFBA...63917.0...Ave likelihood of: cpd00305_c is 0.16170386819228308...
Loop43 pFBA...12520.0...Ave likelihood of: cpd00220_c is 0.3180737428755873...
Loop44 pFBA...14406.0...Ave likelihood of: cpd00218_c is 0.2144176458197213...
Loop45 pFBA...14602.0...Ave likelihood of: cpd00215_c is 0.2974261625285278...
Loop46 pFBA...28944.0...Ave likelihood of: cpd00104_c is 0.20317486481506952...
Loop47 pFBA...35753.0...Ave likelihood of: cpd00393_c is 0.1733646820787339...
Loop48 pFBA...5762.0...Ave likelihood of: cpd00363_c is 0.561705363937142...
Loop49 pFBA...8588.0...Ave likelihood of: cpd00281_c is 0.20170660889072192...
Loop50 pFBA...4024.0...Ave likelihood of: cpd00025_c is 0.2746739855652825...
Loop51 pFBA...19570.0...Ave likelihood of: cpd00811_c is 0.26900699064336975...
Loop52 pFBA...5446.0...Ave likelihood of: cpd00714_c is 0.3682050064202794...
Loop53 pFBA...5572.0...Ave likelihood of: cpd00117_c is 0.23022009469251464...
Loop54 pFBA...6840.0...Ave likelihood of: cpd00186_c is 0.3600494213003191...
Loop55 pFBA...21735.0...Ave likelihood of: cpd00637_c is 0.2793884878039191...
Loop56 pFBA...6488.0...Ave likelihood of: cpd00550_c is 0.29731286603638596...
Loop57 pFBA...4053.0...Ave likelihood of: cpd00033_c is 0.24870773038870655...
Loop58 pFBA...5453.0...Ave likelihood of: cpd00035_c is 0.23208552749910652...
Loop59 pFBA...18355.0...Ave likelihood of: cpd00051_c is 0.2851612772201912...
Loop60 pFBA...7927.0...Ave likelihood of: cpd00132_c is 0.2531366326043174...
Loop61 pFBA...5179.0...Ave likelihood of: cpd00041_c is 0.22357590071859162...
Loop62 pFBA...13758.0...Ave likelihood of: cpd00084_c is 0.2518750660352542...
Loop63 pFBA...6592.0...Ave likelihood of: cpd00023_c is 0.28160537975177835...
Loop64 pFBA...9082.0...Ave likelihood of: cpd00053_c is 0.3109943754228843...
Loop65 pFBA...16375.0...Ave likelihood of: cpd00119_c is 0.31242152850919425...
Loop66 pFBA...17010.0...Ave likelihood of: cpd00322_c is 0.22790686199969165...
Loop67 pFBA...14229.0...Ave likelihood of: cpd00107_c is 0.2614797638975248...
Loop68 pFBA...17891.0...Ave likelihood of: cpd00039_c is 0.33389020827574695...
Loop69 pFBA...20735.0...Ave likelihood of: cpd00060_c is 0.28279566448445465...
Loop70 pFBA...21413.0...Ave likelihood of: cpd00066_c is 0.23040416810555747...
Loop71 pFBA...10265.0...Ave likelihood of: cpd00129_c is 0.20317845476077287...
Loop72 pFBA...5488.0...Ave likelihood of: cpd00054_c is 0.31649434126453996...
Loop73 pFBA...7645.0...Ave likelihood of: cpd00161_c is 0.38544706571684284...
Loop74 pFBA...27285.0...Ave likelihood of: cpd00065_c is 0.24935811974691963...
Loop75 pFBA...18872.0...Ave likelihood of: cpd00069_c is 0.2389445630204841...
Loop76 pFBA...7657.0...Ave likelihood of: cpd00156_c is 0.3350059557729076...
Loop77 pFBA...24500.0...Ave likelihood of: cpd00098_c is 0.27500362819296104...
Loop78 pFBA...14184.0...Ave likelihood of: cpd00274_c is 0.19296294628017494...
Loop79 pFBA...6703.0...Ave likelihood of: cpd00226_c is 0.3231086183650524...
Loop80 pFBA...4773.0...Ave likelihood of: cpd00246_c is 0.3595084155427638...
Loop81 pFBA...20804.0...Ave likelihood of: cpd00374_c is 0.22232276172465631...
Loop82 pFBA...5065.0...Ave likelihood of: cpd00221_c is 0.3606398317235028...
Loop83 pFBA...4328.0...Ave likelihood of: cpd00159_c is 0.3866919218809531...
Loop84 pFBA...10613.0...Ave likelihood of: cpd00211_c is 0.21572736799747702...
Loop85 pFBA...3762.0...Ave likelihood of: cpd00047_c is 0.2204104471998767...
Loop86 pFBA...5005.0...Ave likelihood of: cpd00106_c is 0.17663558429454262...
Loop87 pFBA...7766.0...Ave likelihood of: cpd00141_c is 0.31836422031825656...
Loop88 pFBA...20282.0...Ave likelihood of: cpd00216_c is 0.22324316949447934...
Loop89 pFBA...4804.0...Ave likelihood of: cpd00036_c is 0.2289107970553198...
Loop90 pFBA...16935.0...Ave likelihood of: cpd00581_c is 0.32102524718622893...
Loop91 pFBA...4763.0...Ave likelihood of: cpd00128_c is 0.22151481326446898...
Loop92 pFBA...5861.0...Ave likelihood of: cpd00018_c is 0.27986184279091475...
Loop93 pFBA...5861.0...Ave likelihood of: cpd00091_c is 0.27986184279091475...
Loop94 pFBA...3623.0...Ave likelihood of: cpd00092_c is 0.3208581233509929...
Loop95 pFBA...64050.0...Ave likelihood of: cpd00305_c is 0.13929194077991033...
Loop96 pFBA...13072.0...Ave likelihood of: cpd00220_c is 0.1865849427958366...
Loop97 pFBA...14604.0...Ave likelihood of: cpd00218_c is 0.24016045718014628...
Loop98 pFBA...15161.0...Ave likelihood of: cpd00215_c is 0.36182198064109244...
Loop99 pFBA...28986.0...Ave likelihood of: cpd00104_c is 0.15900282921056366...
Loop100 pFBA...35763.0...Ave likelihood of: cpd00393_c is 0.17303545751309712...
Loop101 pFBA...6450.0...Ave likelihood of: cpd00363_c is 0.5147972106596059...
Loop102 pFBA...8588.0...Ave likelihood of: cpd00281_c is 0.20170660889072192...
Loop103 pFBA...4198.0...Ave likelihood of: cpd00025_c is 0.3844286070327122...
Loop104 pFBA...20379.0...Ave likelihood of: cpd00811_c is 0.30289370305395524...
Loop105 pFBA...6329.0...Ave likelihood of: cpd00714_c is 0.42855453003452043...
Loop106 pFBA...5572.0...Ave likelihood of: cpd00117_c is 0.23022009469251464...
Loop107 pFBA...6840.0...Ave likelihood of: cpd00186_c is 0.3600494213003191...
Loop108 pFBA...21652.0...Ave likelihood of: cpd00637_c is 0.24596187086037366...
Loop109 pFBA...6440.0...Ave likelihood of: cpd00550_c is 0.2863429348912028...
Loop110 pFBA...4053.0...Ave likelihood of: cpd00033_c is 0.24870773038870655...
Loop111 pFBA...5453.0...Ave likelihood of: cpd00035_c is 0.23208552749910652...
Loop112 pFBA...18286.0...Ave likelihood of: cpd00051_c is 0.28322777305374625...
Loop113 pFBA...7927.0...Ave likelihood of: cpd00132_c is 0.2531366326043174...
Loop114 pFBA...5179.0...Ave likelihood of: cpd00041_c is 0.22357590071859162...
Loop115 pFBA...13715.0...Ave likelihood of: cpd00084_c is 0.23519356845695144...
Loop116 pFBA...6592.0...Ave likelihood of: cpd00023_c is 0.28160537975177835...
Loop117 pFBA...9082.0...Ave likelihood of: cpd00053_c is 0.3109943754228843...
Loop118 pFBA...16375.0...Ave likelihood of: cpd00119_c is 0.3186699590793781...
Loop119 pFBA...17007.0...Ave likelihood of: cpd00322_c is 0.3258641153859145...
Loop120 pFBA...14229.0...Ave likelihood of: cpd00107_c is 0.2614797638975248...
Loop121 pFBA...17725.0...Ave likelihood of: cpd00039_c is 0.29958828191562537...
Loop122 pFBA...20652.0...Ave likelihood of: cpd00060_c is 0.24919821126643116...
Loop123 pFBA...20977.0...Ave likelihood of: cpd00066_c is 0.21952616656152835...
Loop124 pFBA...10265.0...Ave likelihood of: cpd00129_c is 0.20317845476077287...
Loop125 pFBA...5440.0...Ave likelihood of: cpd00054_c is 0.2920697935890269...
Loop126 pFBA...7510.0...Ave likelihood of: cpd00161_c is 0.3457327955662169...
Loop127 pFBA...27285.0...Ave likelihood of: cpd00065_c is 0.24935811974691963...
Loop128 pFBA...18502.0...Ave likelihood of: cpd00069_c is 0.17757973241782427...
Loop129 pFBA...7657.0...Ave likelihood of: cpd00156_c is 0.3350059557729076...
Loop130 pFBA...24119.0...Ave likelihood of: cpd00098_c is 0.2373313907959157...
Loop131 pFBA...14184.0...Ave likelihood of: cpd00274_c is 0.19296294628017494...
Loop132 pFBA...6703.0...Ave likelihood of: cpd00226_c is 0.3231086183650524...
Loop133 pFBA...4645.0...Ave likelihood of: cpd00246_c is 0.22166780655454543...
Loop134 pFBA...20460.0...Ave likelihood of: cpd00374_c is 0.21483977955977737...
Loop135 pFBA...4964.0...Ave likelihood of: cpd00221_c is 0.19081952601699087...
Loop136 pFBA...4316.0...Ave likelihood of: cpd00159_c is 0.4089072050289621...
Loop137 pFBA...10564.0...Ave likelihood of: cpd00211_c is 0.3326080075092206...
Loop138 pFBA...3762.0...Ave likelihood of: cpd00047_c is 0.22041044719987676...
Loop139 pFBA...5005.0...Ave likelihood of: cpd00106_c is 0.17663558429454262...
Loop140 pFBA...7725.0...Ave likelihood of: cpd00141_c is 0.3656517123164665...
Loop141 pFBA...19582.0...Ave likelihood of: cpd00216_c is 0.23347764416799677...
Loop142 pFBA...4804.0...Ave likelihood of: cpd00036_c is 0.2289107970553198...
Loop143 pFBA...16935.0...Ave likelihood of: cpd00581_c is 0.32102524718622893...
Loop144 pFBA...4763.0...Ave likelihood of: cpd00128_c is 0.22151481326446898...
Loop145 pFBA...5861.0...Ave likelihood of: cpd00018_c is 0.27986184279091475...
Loop146 pFBA...5861.0...Ave likelihood of: cpd00091_c is 0.27986184279091475...
Loop147 pFBA...3623.0...Ave likelihood of: cpd00092_c is 0.3208581233509929...
Loop148 pFBA...64050.0...Ave likelihood of: cpd00305_c is 0.13929194077991033...
Loop149 pFBA...12865.0...Ave likelihood of: cpd00220_c is 0.2991761168195492...
Loop150 pFBA...14566.0...Ave likelihood of: cpd00218_c is 0.17412830740626006...
Loop151 pFBA...14871.0...Ave likelihood of: cpd00215_c is 0.21447970434271724...
Loop152 pFBA...28979.0...Ave likelihood of: cpd00104_c is 0.18337620869719337...
Loop153 pFBA...35754.0...Ave likelihood of: cpd00393_c is 0.15488547530874444...
Loop154 pFBA...6142.0...Ave likelihood of: cpd00363_c is 0.43217793957844614...
Loop155 pFBA...8588.0...Ave likelihood of: cpd00281_c is 0.20170660889072192...
Loop156 pFBA...4143.0...Ave likelihood of: cpd00025_c is 0.3072782744568028...
Loop157 pFBA...19982.0...Ave likelihood of: cpd00811_c is 0.27183850597124926...
Loop158 pFBA...6189.0...Ave likelihood of: cpd00714_c is 0.29105809456828335...
33.1799505671mins to complete!
