
The following have been reloaded with a version change:
  1) anaconda2/4.4.0 => anaconda2/5.1.0

Loading in models...Adding Water...Remove no-like rxns...Pruned 1 metabolites from model
Pruned 1 reactions from model
Set-up Universal...62.0seconds to complete

Loop0 pFBA...5537.0...Ave likelihood of: cpd00117_c is 0.28117316769899414...
Loop1 pFBA...7578.0...Ave likelihood of: cpd00186_c is 0.23692100351586856...
Loop2 pFBA...22402.0...Ave likelihood of: cpd00637_c is 0.21337040049271175...
Loop3 pFBA...6452.0...Ave likelihood of: cpd00550_c is 0.36661115925131443...
Loop4 pFBA...4224.0...Ave likelihood of: cpd00033_c is 0.17526630246500383...
Loop5 pFBA...5410.0...Ave likelihood of: cpd00035_c is 0.28117316769899414...
Loop6 pFBA...18561.0...Ave likelihood of: cpd00051_c is 0.2196953318128531...
Loop7 pFBA...8263.0...Ave likelihood of: cpd00132_c is 0.17058151811044112...
Loop8 pFBA...5607.0...Ave likelihood of: cpd00041_c is 0.10256588393274375...
Loop9 pFBA...13631.0...Ave likelihood of: cpd00084_c is 0.25456700062546117...
Loop10 pFBA...7346.0...Ave likelihood of: cpd00023_c is 0.13073151120830903...
Loop11 pFBA...9926.0...Ave likelihood of: cpd00053_c is 0.144268429589597...
Loop12 pFBA...22133.0...Ave likelihood of: cpd00119_c is 0.1236879385768387...
Loop13 pFBA...17536.0...Ave likelihood of: cpd00322_c is 0.24500392552023997...
Loop14 pFBA...14681.0...Ave likelihood of: cpd00107_c is 0.2566419817706666...
Loop15 pFBA...16992.0...Ave likelihood of: cpd00039_c is 0.2771692735147246...
Loop16 pFBA...21402.0...Ave likelihood of: cpd00060_c is 0.21566470587435377...
Loop17 pFBA...20995.0...Ave likelihood of: cpd00066_c is 0.2118761438276321...
Loop18 pFBA...11344.0...Ave likelihood of: cpd00129_c is 0.07292750978184842...
Loop19 pFBA...5452.0...Ave likelihood of: cpd00054_c is 0.3825507748709368...
Loop20 pFBA...7696.0...Ave likelihood of: cpd00161_c is 0.3105325056458433...
Loop21 pFBA...29615.0...Ave likelihood of: cpd00065_c is 0.12297301100942663...
Loop22 pFBA...18991.0...Ave likelihood of: cpd00069_c is 0.2327198220786857...
Loop23 pFBA...8521.0...Ave likelihood of: cpd00156_c is 0.23907100251969243...
Loop24 pFBA...24208.0...Ave likelihood of: cpd00098_c is 0.19815704597944261...
Loop25 pFBA...15434.0...Ave likelihood of: cpd00274_c is 0.2597969954791214...
Loop26 pFBA...6696.0...Ave likelihood of: cpd00226_c is 0.3806800491235687...
Loop27 pFBA...4558.0...Ave likelihood of: cpd00246_c is 0.39180141406938823...
Loop28 pFBA...20909.0...Ave likelihood of: cpd00374_c is 0.19753202225577443...
Loop29 pFBA...4250.0...Ave likelihood of: cpd00221_c is 0.41448403350393104...
Loop30 pFBA...4103.0...Ave likelihood of: cpd00159_c is 0.37996383645971404...
Loop31 pFBA...10388.0...Ave likelihood of: cpd00211_c is 0.33685082196997307...
Loop32 pFBA...4002.0...Ave likelihood of: cpd00047_c is 0.36869149637870957...
Loop33 pFBA...5268.0...Ave likelihood of: cpd00106_c is 0.09000714543963544...
Loop34 pFBA...7755.0...Ave likelihood of: cpd00141_c is 0.3094630202551877...
Loop35 pFBA...20020.0...Ave likelihood of: cpd00216_c is 0.21806307994438281...
Loop36 pFBA...4995.0...Ave likelihood of: cpd00036_c is 0.08591993965243987...
Loop37 pFBA...22758.0...Ave likelihood of: cpd00581_c is 0.14015991184929247...
Loop38 pFBA...4917.0...Ave likelihood of: cpd00128_c is 0.1419971501348773...
Loop39 pFBA...6075.0...Ave likelihood of: cpd00018_c is 0.3022409405956679...
Loop40 pFBA...6075.0...Ave likelihood of: cpd00091_c is 0.30224231668520923...
Loop41 pFBA...3931.0...Ave likelihood of: cpd00092_c is 0.1952911884007055...
Loop42 pFBA...63127.0...Ave likelihood of: cpd00305_c is 0.15998210038394525...
Loop43 pFBA...12370.0...Ave likelihood of: cpd00220_c is 0.19736859747900465...
Loop44 pFBA...14653.0...Ave likelihood of: cpd00218_c is 0.13561462133012303...
Loop45 pFBA...14572.0...Ave likelihood of: cpd00215_c is 0.22516718345261713...
Loop46 pFBA...28778.0...Ave likelihood of: cpd00104_c is 0.18340719431331967...
Loop47 pFBA...36573.0...Ave likelihood of: cpd00393_c is 0.21578175363984264...
Loop48 pFBA...5747.0...Ave likelihood of: cpd00363_c is 0.4260370809995021...
Loop49 pFBA...9346.0...Ave likelihood of: cpd00281_c is 0.09337965086307788...
Loop50 pFBA...4087.0...Ave likelihood of: cpd00025_c is 0.36811789907279463...
Loop51 pFBA...20259.0...Ave likelihood of: cpd00811_c is 0.22799443670566905...
Loop52 pFBA...5537.0...Ave likelihood of: cpd00117_c is 0.28117316769899414...
Loop53 pFBA...7578.0...Ave likelihood of: cpd00186_c is 0.23692100351586856...
Loop54 pFBA...22492.0...Ave likelihood of: cpd00637_c is 0.1780790849814191...
Loop55 pFBA...6524.0...Ave likelihood of: cpd00550_c is 0.3014394567879997...
Loop56 pFBA...4224.0...Ave likelihood of: cpd00033_c is 0.17526630246500383...
Loop57 pFBA...5410.0...Ave likelihood of: cpd00035_c is 0.28117316769899414...
Loop58 pFBA...18922.0...Ave likelihood of: cpd00051_c is 0.22018632874978933...
Loop59 pFBA...8263.0...Ave likelihood of: cpd00132_c is 0.17058151811044112...
Loop60 pFBA...5607.0...Ave likelihood of: cpd00041_c is 0.10636462037469722...
Loop61 pFBA...13902.0...Ave likelihood of: cpd00084_c is 0.21281533814223808...
Loop62 pFBA...7346.0...Ave likelihood of: cpd00023_c is 0.13073151120830903...
Loop63 pFBA...9926.0...Ave likelihood of: cpd00053_c is 0.144268429589597...
Loop64 pFBA...22133.0...Ave likelihood of: cpd00119_c is 0.1236879385768387...
Loop65 pFBA...17670.0...Ave likelihood of: cpd00322_c is 0.19710297820505981...
Loop66 pFBA...14681.0...Ave likelihood of: cpd00107_c is 0.2566419817706666...
Loop67 pFBA...17142.0...Ave likelihood of: cpd00039_c is 0.3240641529251523...
Loop68 pFBA...21492.0...Ave likelihood of: cpd00060_c is 0.18012597101568828...
Loop69 pFBA...21439.0...Ave likelihood of: cpd00066_c is 0.18556730340897248...
Loop70 pFBA...11344.0...Ave likelihood of: cpd00129_c is 0.06563475880366357...
Loop71 pFBA...5524.0...Ave likelihood of: cpd00054_c is 0.32462710731015354...
Loop72 pFBA...7839.0...Ave likelihood of: cpd00161_c is 0.23517900446089413...
Loop73 pFBA...29615.0...Ave likelihood of: cpd00065_c is 0.1247297683095613...
Loop74 pFBA...19254.0...Ave likelihood of: cpd00069_c is 0.19655207073466588...
Loop75 pFBA...8521.0...Ave likelihood of: cpd00156_c is 0.23907100251969243...
Loop76 pFBA...24606.0...Ave likelihood of: cpd00098_c is 0.1322104689882419...
Loop77 pFBA...15733.0...Ave likelihood of: cpd00274_c is 0.2535459597233761...
Loop78 pFBA...6696.0...Ave likelihood of: cpd00226_c is 0.3806800491235687...
Loop79 pFBA...4909.0...Ave likelihood of: cpd00246_c is 0.30288535338417283...
Loop80 pFBA...21454.0...Ave likelihood of: cpd00374_c is 0.22846680095552488...
Loop81 pFBA...4501.0...Ave likelihood of: cpd00221_c is 0.284293819967276...
Loop82 pFBA...4294.0...Ave likelihood of: cpd00159_c is 0.3066232852654273...
Loop83 pFBA...10580.0...Ave likelihood of: cpd00211_c is 0.18548287005478728...
Loop84 pFBA...4167.0...Ave likelihood of: cpd00047_c is 0.25336281028805924...
Loop85 pFBA...5268.0...Ave likelihood of: cpd00106_c is 0.09000714543963544...
Loop86 pFBA...7928.0...Ave likelihood of: cpd00141_c is 0.18561767667777387...
Loop87 pFBA...20100.0...Ave likelihood of: cpd00216_c is 0.22099280597655807...
Loop88 pFBA...4995.0...Ave likelihood of: cpd00036_c is 0.08591993965243987...
Loop89 pFBA...22758.0...Ave likelihood of: cpd00581_c is 0.14015991184929247...
Loop90 pFBA...4917.0...Ave likelihood of: cpd00128_c is 0.1419971501348773...
Loop91 pFBA...6075.0...Ave likelihood of: cpd00018_c is 0.3022409405956679...
Loop92 pFBA...6075.0...Ave likelihood of: cpd00091_c is 0.30224231668520923...
Loop93 pFBA...3931.0...Ave likelihood of: cpd00092_c is 0.1952911884007055...
Loop94 pFBA...63142.0...Ave likelihood of: cpd00305_c is 0.17148213250871985...
Loop95 pFBA...12370.0...Ave likelihood of: cpd00220_c is 0.19736859747900465...
Loop96 pFBA...14653.0...Ave likelihood of: cpd00218_c is 0.1378019539322218...
Loop97 pFBA...14816.0...Ave likelihood of: cpd00215_c is 0.29527287467328084...
Loop98 pFBA...28956.0...Ave likelihood of: cpd00104_c is 0.1354556854534088...
Loop99 pFBA...36573.0...Ave likelihood of: cpd00393_c is 0.21578175363984267...
Loop100 pFBA...6251.0...Ave likelihood of: cpd00363_c is 0.3268397422523901...
Loop101 pFBA...9346.0...Ave likelihood of: cpd00281_c is 0.09337965086307788...
Loop102 pFBA...4257.0...Ave likelihood of: cpd00025_c is 0.35105609121124093...
Loop103 pFBA...21156.0...Ave likelihood of: cpd00811_c is 0.20728460413699953...
Loop104 pFBA...5537.0...Ave likelihood of: cpd00117_c is 0.28117316769899414...
Loop105 pFBA...7578.0...Ave likelihood of: cpd00186_c is 0.23692100351586856...
Loop106 pFBA...22358.0...Ave likelihood of: cpd00637_c is 0.19879897451031062...
Loop107 pFBA...6481.0...Ave likelihood of: cpd00550_c is 0.28297198498457027...
Loop108 pFBA...4224.0...Ave likelihood of: cpd00033_c is 0.17526630246500383...
Loop109 pFBA...5410.0...Ave likelihood of: cpd00035_c is 0.28117316769899414...
Loop110 pFBA...18523.0...Ave likelihood of: cpd00051_c is 0.24491880341679473...
Loop111 pFBA...8263.0...Ave likelihood of: cpd00132_c is 0.17058151811044112...
Loop112 pFBA...5607.0...Ave likelihood of: cpd00041_c is 0.10636462037469722...
Loop113 pFBA...13796.0...Ave likelihood of: cpd00084_c is 0.22098641434917238...
Loop114 pFBA...7346.0...Ave likelihood of: cpd00023_c is 0.13073151120830903...
Loop115 pFBA...9926.0...Ave likelihood of: cpd00053_c is 0.14426842958959699...
Loop116 pFBA...22133.0...Ave likelihood of: cpd00119_c is 0.1236879385768387...
Loop117 pFBA...17512.0...Ave likelihood of: cpd00322_c is 0.24078466616965272...
Loop118 pFBA...14681.0...Ave likelihood of: cpd00107_c is 0.2566419817706666...
Loop119 pFBA...17011.0...Ave likelihood of: cpd00039_c is 0.29388033669043817...
Loop120 pFBA...21358.0...Ave likelihood of: cpd00060_c is 0.2009365978921419...
Loop121 pFBA...20918.0...Ave likelihood of: cpd00066_c is 0.24522678296090047...
Loop122 pFBA...11344.0...Ave likelihood of: cpd00129_c is 0.06563475880366357...
Loop123 pFBA...5481.0...Ave likelihood of: cpd00054_c is 0.28912354987553923...
Loop124 pFBA...7666.0...Ave likelihood of: cpd00161_c is 0.31425827201300127...
Loop125 pFBA...29615.0...Ave likelihood of: cpd00065_c is 0.12297301100942663...
Loop126 pFBA...18921.0...Ave likelihood of: cpd00069_c is 0.23919044455946967...
Loop127 pFBA...8521.0...Ave likelihood of: cpd00156_c is 0.23907100251969243...
Loop128 pFBA...24132.0...Ave likelihood of: cpd00098_c is 0.1947808086316648...
Loop129 pFBA...15513.0...Ave likelihood of: cpd00274_c is 0.3485209742778669...
Loop130 pFBA...6696.0...Ave likelihood of: cpd00226_c is 0.3806800491235687...
Loop131 pFBA...4532.0...Ave likelihood of: cpd00246_c is 0.32975730093183664...
Loop132 pFBA...20805.0...Ave likelihood of: cpd00374_c is 0.22078727126246536...
Loop133 pFBA...4426.0...Ave likelihood of: cpd00221_c is 0.3256345709812429...
Loop134 pFBA...4240.0...Ave likelihood of: cpd00159_c is 0.3345617027457004...
Loop135 pFBA...10380.0...Ave likelihood of: cpd00211_c is 0.3419307911354808...
Loop136 pFBA...4094.0...Ave likelihood of: cpd00047_c is 0.36708301211407424...
Loop137 pFBA...5268.0...Ave likelihood of: cpd00106_c is 0.09000714543963542...
Loop138 pFBA...7882.0...Ave likelihood of: cpd00141_c is 0.2263469442946326...
Loop139 pFBA...19885.0...Ave likelihood of: cpd00216_c is 0.22146202470038664...
Loop140 pFBA...4995.0...Ave likelihood of: cpd00036_c is 0.08591993965243987...
Loop141 pFBA...22758.0...Ave likelihood of: cpd00581_c is 0.14015991184929247...
Loop142 pFBA...4917.0...Ave likelihood of: cpd00128_c is 0.1419971501348773...
Loop143 pFBA...6075.0...Ave likelihood of: cpd00018_c is 0.3022409405956679...
Loop144 pFBA...6075.0...Ave likelihood of: cpd00091_c is 0.30224231668520923...
Loop145 pFBA...3931.0...Ave likelihood of: cpd00092_c is 0.1952911884007055...
Loop146 pFBA...63120.0...Ave likelihood of: cpd00305_c is 0.15894747456693153...
Loop147 pFBA...12370.0...Ave likelihood of: cpd00220_c is 0.1860903919087758...
Loop148 pFBA...14653.0...Ave likelihood of: cpd00218_c is 0.13561462133012303...
Loop149 pFBA...14499.0...Ave likelihood of: cpd00215_c is 0.22443631525818925...
Loop150 pFBA...28735.0...Ave likelihood of: cpd00104_c is 0.19340964273339525...
Loop151 pFBA...36573.0...Ave likelihood of: cpd00393_c is 0.21578175363984267...
Loop152 pFBA...5675.0...Ave likelihood of: cpd00363_c is 0.4594410927668228...
Loop153 pFBA...9346.0...Ave likelihood of: cpd00281_c is 0.09337965086307788...
Loop154 pFBA...4064.0...Ave likelihood of: cpd00025_c is 0.37252107750670865...
Loop155 pFBA...20163.0...Ave likelihood of: cpd00811_c is 0.23323064889735054...
32.2346663515mins to complete!
