
The following have been reloaded with a version change:
  1) anaconda2/4.4.0 => anaconda2/5.1.0

Loading in models...Adding Water...Remove no-like rxns...Pruned 1 metabolites from model
Pruned 1 reactions from model
Set-up Universal...58.0seconds to complete

Loop0 pFBA...5779.0...Ave likelihood of: cpd00117_c is 0.16938670512757828...
Loop1 pFBA...7694.0...Ave likelihood of: cpd00186_c is 0.21759415509023208...
Loop2 pFBA...23238.0...Ave likelihood of: cpd00637_c is 0.09906392013744234...
Loop3 pFBA...6930.0...Ave likelihood of: cpd00550_c is 0.1111169728797688...
Loop4 pFBA...4406.0...Ave likelihood of: cpd00033_c is 0.19575736333788937...
Loop5 pFBA...5653.0...Ave likelihood of: cpd00035_c is 0.16938670512757828...
Loop6 pFBA...19402.0...Ave likelihood of: cpd00051_c is 0.1404229856070342...
Loop7 pFBA...8646.0...Ave likelihood of: cpd00132_c is 0.09180511320650098...
Loop8 pFBA...5907.0...Ave likelihood of: cpd00041_c is 0.09736905946144044...
Loop9 pFBA...14114.0...Ave likelihood of: cpd00084_c is 0.15619424341445565...
Loop10 pFBA...7465.0...Ave likelihood of: cpd00023_c is 0.10700083355976082...
Loop11 pFBA...10085.0...Ave likelihood of: cpd00053_c is 0.07163322974368254...
Loop12 pFBA...22852.0...Ave likelihood of: cpd00119_c is 0.05904812784649756...
Loop13 pFBA...17670.0...Ave likelihood of: cpd00322_c is 0.06891910928082938...
Loop14 pFBA...14599.0...Ave likelihood of: cpd00107_c is 0.17362598088835482...
Loop15 pFBA...21095.0...Ave likelihood of: cpd00039_c is 0.16907191665554283...
Loop16 pFBA...22238.0...Ave likelihood of: cpd00060_c is 0.10131537286783873...
Loop17 pFBA...21592.0...Ave likelihood of: cpd00066_c is 0.10813139949538055...
Loop18 pFBA...10688.0...Ave likelihood of: cpd00129_c is 0.14583072160570387...
Loop19 pFBA...5930.0...Ave likelihood of: cpd00054_c is 0.11370108852813554...
Loop20 pFBA...8301.0...Ave likelihood of: cpd00161_c is 0.18700205551020777...
Loop21 pFBA...30731.0...Ave likelihood of: cpd00065_c is 0.07864244980353599...
Loop22 pFBA...19523.0...Ave likelihood of: cpd00069_c is 0.13835943071940543...
Loop23 pFBA...8404.0...Ave likelihood of: cpd00156_c is 0.08865332376038848...
Loop24 pFBA...25212.0...Ave likelihood of: cpd00098_c is 0.1341048653626071...
Loop25 pFBA...16107.0...Ave likelihood of: cpd00274_c is 0.09612265480154161...
Loop26 pFBA...6929.0...Ave likelihood of: cpd00226_c is 0.20130432242166535...
Loop27 pFBA...4912.0...Ave likelihood of: cpd00246_c is 0.21090012375337966...
Loop28 pFBA...21504.0...Ave likelihood of: cpd00374_c is 0.1833677323924599...
Loop29 pFBA...4478.0...Ave likelihood of: cpd00221_c is 0.3038001939212368...
Loop30 pFBA...4346.0...Ave likelihood of: cpd00159_c is 0.297965871226809...
Loop31 pFBA...10827.0...Ave likelihood of: cpd00211_c is 0.15273956387798682...
Loop32 pFBA...4247.0...Ave likelihood of: cpd00047_c is 0.24630229032603715...
Loop33 pFBA...5434.0...Ave likelihood of: cpd00106_c is 0.002417498524101668...
Loop34 pFBA...7996.0...Ave likelihood of: cpd00141_c is 0.2743026949195699...
Loop35 pFBA...21161.0...Ave likelihood of: cpd00216_c is 0.13651677125778186...
Loop36 pFBA...5172.0...Ave likelihood of: cpd00036_c is 0.02904507724028361...
Loop37 pFBA...23380.0...Ave likelihood of: cpd00581_c is 0.06386838318090553...
Loop38 pFBA...5221.0...Ave likelihood of: cpd00128_c is 0.21657452639772173...
Loop39 pFBA...6711.0...Ave likelihood of: cpd00018_c is 0.08192270403093661...
Loop40 pFBA...6063.0...Ave likelihood of: cpd00091_c is 0.1068484211884349...
Loop41 pFBA...4387.0...Ave likelihood of: cpd00092_c is 0.2724860970218844...
Loop42 pFBA...65102.0...Ave likelihood of: cpd00305_c is 0.09237448170029797...
Loop43 pFBA...14744.0...Ave likelihood of: cpd00220_c is 0.056795118098675296...
Loop44 pFBA...15041.0...Ave likelihood of: cpd00218_c is 0.09680970993362516...
Loop45 pFBA...15576.0...Ave likelihood of: cpd00215_c is 0.12025089509355594...
Loop46 pFBA...29619.0...Ave likelihood of: cpd00104_c is 0.06547014901480522...
Loop47 pFBA...37561.0...Ave likelihood of: cpd00393_c is 0.07630333278508597...
Loop48 pFBA...6546.0...Ave likelihood of: cpd00363_c is 0.30736962282661956...
Loop49 pFBA...9465.0...Ave likelihood of: cpd00281_c is 0.07642916682840059...
Loop50 pFBA...4360.0...Ave likelihood of: cpd00025_c is 0.18017967520475012...
Loop51 pFBA...20800.0...Ave likelihood of: cpd00811_c is 0.11625347815868053...
Loop52 pFBA...5779.0...Ave likelihood of: cpd00117_c is 0.16938670512757828...
Loop53 pFBA...7694.0...Ave likelihood of: cpd00186_c is 0.21759415509023208...
Loop54 pFBA...23374.0...Ave likelihood of: cpd00637_c is 0.0881268108432923...
Loop55 pFBA...6964.0...Ave likelihood of: cpd00550_c is 0.087770448964818...
Loop56 pFBA...4406.0...Ave likelihood of: cpd00033_c is 0.19575736333788937...
Loop57 pFBA...5653.0...Ave likelihood of: cpd00035_c is 0.16938670512757828...
Loop58 pFBA...20009.0...Ave likelihood of: cpd00051_c is 0.11183692484488937...
Loop59 pFBA...8646.0...Ave likelihood of: cpd00132_c is 0.09180511320650099...
Loop60 pFBA...5907.0...Ave likelihood of: cpd00041_c is 0.09736905946144044...
Loop61 pFBA...14325.0...Ave likelihood of: cpd00084_c is 0.13116169057504273...
Loop62 pFBA...7465.0...Ave likelihood of: cpd00023_c is 0.10700083355976082...
Loop63 pFBA...10085.0...Ave likelihood of: cpd00053_c is 0.07163322974368254...
Loop64 pFBA...22852.0...Ave likelihood of: cpd00119_c is 0.05904812784649756...
Loop65 pFBA...17670.0...Ave likelihood of: cpd00322_c is 0.06891910928082938...
Loop66 pFBA...14599.0...Ave likelihood of: cpd00107_c is 0.17362598088835482...
Loop67 pFBA...21360.0...Ave likelihood of: cpd00039_c is 0.07976439241865826...
Loop68 pFBA...22374.0...Ave likelihood of: cpd00060_c is 0.08930183498786953...
Loop69 pFBA...22135.0...Ave likelihood of: cpd00066_c is 0.09185663561198179...
Loop70 pFBA...10688.0...Ave likelihood of: cpd00129_c is 0.13124764944513348...
Loop71 pFBA...5964.0...Ave likelihood of: cpd00054_c is 0.09014262326116443...
Loop72 pFBA...8362.0...Ave likelihood of: cpd00161_c is 0.09862130295734976...
Loop73 pFBA...30731.0...Ave likelihood of: cpd00065_c is 0.07755019355626465...
Loop74 pFBA...19966.0...Ave likelihood of: cpd00069_c is 0.12833202210260816...
Loop75 pFBA...8404.0...Ave likelihood of: cpd00156_c is 0.08865332376038848...
Loop76 pFBA...25457.0...Ave likelihood of: cpd00098_c is 0.09892333824572096...
Loop77 pFBA...16259.0...Ave likelihood of: cpd00274_c is 0.05325880619984306...
Loop78 pFBA...6929.0...Ave likelihood of: cpd00226_c is 0.20130432242166535...
Loop79 pFBA...5109.0...Ave likelihood of: cpd00246_c is 0.15919289653708416...
Loop80 pFBA...22260.0...Ave likelihood of: cpd00374_c is 0.11711375618504813...
Loop81 pFBA...4831.0...Ave likelihood of: cpd00221_c is 0.18695716769003864...
Loop82 pFBA...4641.0...Ave likelihood of: cpd00159_c is 0.17607110769813544...
Loop83 pFBA...10829.0...Ave likelihood of: cpd00211_c is 0.06105195482063681...
Loop84 pFBA...4294.0...Ave likelihood of: cpd00047_c is 0.09620144897028914...
Loop85 pFBA...5434.0...Ave likelihood of: cpd00106_c is 0.002341951695223491...
Loop86 pFBA...8282.0...Ave likelihood of: cpd00141_c is 0.09413273934683189...
Loop87 pFBA...21660.0...Ave likelihood of: cpd00216_c is 0.13241204611976548...
Loop88 pFBA...5172.0...Ave likelihood of: cpd00036_c is 0.03049733110229779...
Loop89 pFBA...23380.0...Ave likelihood of: cpd00581_c is 0.06386838318090553...
Loop90 pFBA...5221.0...Ave likelihood of: cpd00128_c is 0.21657452639772173...
Loop91 pFBA...6711.0...Ave likelihood of: cpd00018_c is 0.08192270403093661...
Loop92 pFBA...6063.0...Ave likelihood of: cpd00091_c is 0.1068484211884349...
Loop93 pFBA...4387.0...Ave likelihood of: cpd00092_c is 0.2724860970218844...
Loop94 pFBA...65102.0...Ave likelihood of: cpd00305_c is 0.09237448170029795...
Loop95 pFBA...14744.0...Ave likelihood of: cpd00220_c is 0.056795118098675296...
Loop96 pFBA...15041.0...Ave likelihood of: cpd00218_c is 0.09680970993362516...
Loop97 pFBA...15955.0...Ave likelihood of: cpd00215_c is 0.19157390830680032...
Loop98 pFBA...29619.0...Ave likelihood of: cpd00104_c is 0.06629888507828378...
Loop99 pFBA...37561.0...Ave likelihood of: cpd00393_c is 0.07630333278508597...
Loop100 pFBA...7126.0...Ave likelihood of: cpd00363_c is 0.1200666308940784...
Loop101 pFBA...9465.0...Ave likelihood of: cpd00281_c is 0.07642916682840059...
Loop102 pFBA...4490.0...Ave likelihood of: cpd00025_c is 0.16016156882128008...
Loop103 pFBA...21609.0...Ave likelihood of: cpd00811_c is 0.10432406500895534...
Loop104 pFBA...5779.0...Ave likelihood of: cpd00117_c is 0.16938670512757828...
Loop105 pFBA...7694.0...Ave likelihood of: cpd00186_c is 0.21759415509023208...
Loop106 pFBA...23160.0...Ave likelihood of: cpd00637_c is 0.1049056150158979...
Loop107 pFBA...6964.0...Ave likelihood of: cpd00550_c is 0.087770448964818...
Loop108 pFBA...4406.0...Ave likelihood of: cpd00033_c is 0.19575736333788937...
Loop109 pFBA...5653.0...Ave likelihood of: cpd00035_c is 0.16938670512757828...
Loop110 pFBA...19291.0...Ave likelihood of: cpd00051_c is 0.14832819560213473...
Loop111 pFBA...8646.0...Ave likelihood of: cpd00132_c is 0.09180511320650099...
Loop112 pFBA...5907.0...Ave likelihood of: cpd00041_c is 0.09736905946144044...
Loop113 pFBA...14296.0...Ave likelihood of: cpd00084_c is 0.15656062472465168...
Loop114 pFBA...7465.0...Ave likelihood of: cpd00023_c is 0.10700083355976082...
Loop115 pFBA...10085.0...Ave likelihood of: cpd00053_c is 0.07163322974368254...
Loop116 pFBA...22852.0...Ave likelihood of: cpd00119_c is 0.05904812784649755...
Loop117 pFBA...17670.0...Ave likelihood of: cpd00322_c is 0.06891910928082938...
Loop118 pFBA...14599.0...Ave likelihood of: cpd00107_c is 0.16802514279518208...
Loop119 pFBA...21090.0...Ave likelihood of: cpd00039_c is 0.17352079967168846...
Loop120 pFBA...22160.0...Ave likelihood of: cpd00060_c is 0.10609772427744217...
Loop121 pFBA...21407.0...Ave likelihood of: cpd00066_c is 0.11491925310901123...
Loop122 pFBA...10688.0...Ave likelihood of: cpd00129_c is 0.13124764944513348...
Loop123 pFBA...5964.0...Ave likelihood of: cpd00054_c is 0.09014262326116443...
Loop124 pFBA...8277.0...Ave likelihood of: cpd00161_c is 0.19512267294851207...
Loop125 pFBA...30731.0...Ave likelihood of: cpd00065_c is 0.07864244980353599...
Loop126 pFBA...19366.0...Ave likelihood of: cpd00069_c is 0.16166181882932754...
Loop127 pFBA...8404.0...Ave likelihood of: cpd00156_c is 0.08865332376038848...
Loop128 pFBA...25127.0...Ave likelihood of: cpd00098_c is 0.14238772789108037...
Loop129 pFBA...16078.0...Ave likelihood of: cpd00274_c is 0.19842863813405848...
Loop130 pFBA...6929.0...Ave likelihood of: cpd00226_c is 0.20130432242166535...
Loop131 pFBA...4919.0...Ave likelihood of: cpd00246_c is 0.2535258324254843...
Loop132 pFBA...21330.0...Ave likelihood of: cpd00374_c is 0.17139931272964318...
Loop133 pFBA...4667.0...Ave likelihood of: cpd00221_c is 0.15021516823265493...
Loop134 pFBA...4544.0...Ave likelihood of: cpd00159_c is 0.23594604419682907...
Loop135 pFBA...10791.0...Ave likelihood of: cpd00211_c is 0.14913222242141153...
Loop136 pFBA...4291.0...Ave likelihood of: cpd00047_c is 0.1243379531789118...
Loop137 pFBA...5434.0...Ave likelihood of: cpd00106_c is 0.002341951695223491...
Loop138 pFBA...8120.0...Ave likelihood of: cpd00141_c is 0.1790246870007314...
Loop139 pFBA...20935.0...Ave likelihood of: cpd00216_c is 0.14561674566905347...
Loop140 pFBA...5172.0...Ave likelihood of: cpd00036_c is 0.02904507724028361...
Loop141 pFBA...23380.0...Ave likelihood of: cpd00581_c is 0.06386838318090553...
Loop142 pFBA...5221.0...Ave likelihood of: cpd00128_c is 0.21657452639772173...
Loop143 pFBA...6711.0...Ave likelihood of: cpd00018_c is 0.08192270403093661...
Loop144 pFBA...6063.0...Ave likelihood of: cpd00091_c is 0.10684842118843492...
Loop145 pFBA...4387.0...Ave likelihood of: cpd00092_c is 0.2724860970218844...
Loop146 pFBA...65102.0...Ave likelihood of: cpd00305_c is 0.09237448170029797...
Loop147 pFBA...14744.0...Ave likelihood of: cpd00220_c is 0.05846556274863633...
Loop148 pFBA...15032.0...Ave likelihood of: cpd00218_c is 0.08479859326394759...
Loop149 pFBA...15377.0...Ave likelihood of: cpd00215_c is 0.15273656451901385...
Loop150 pFBA...29619.0...Ave likelihood of: cpd00104_c is 0.06547014901480522...
Loop151 pFBA...37561.0...Ave likelihood of: cpd00393_c is 0.07630333278508597...
Loop152 pFBA...6555.0...Ave likelihood of: cpd00363_c is 0.28464697661124655...
Loop153 pFBA...9465.0...Ave likelihood of: cpd00281_c is 0.07642916682840059...
Loop154 pFBA...4335.0...Ave likelihood of: cpd00025_c is 0.26274718769215466...
Loop155 pFBA...20589.0...Ave likelihood of: cpd00811_c is 0.1318404012714621...
31.7008537968mins to complete!
