
The following have been reloaded with a version change:
  1) anaconda2/4.4.0 => anaconda2/5.1.0

Loading in models...Adding Water...Remove no-like rxns...Pruned 1 metabolites from model
Pruned 1 reactions from model
Set-up Universal...61.0seconds to complete

Loop0 pFBA...5559.0...Ave likelihood of: cpd00117_c is 0.4736046859370966...
Loop1 pFBA...6841.0...Ave likelihood of: cpd00186_c is 0.3597987109667297...
Loop2 pFBA...21350.0...Ave likelihood of: cpd00637_c is 0.27890287571476324...
Loop3 pFBA...6416.0...Ave likelihood of: cpd00550_c is 0.3479626883483519...
Loop4 pFBA...4057.0...Ave likelihood of: cpd00033_c is 0.253848337205678...
Loop5 pFBA...5437.0...Ave likelihood of: cpd00035_c is 0.4736046859370966...
Loop6 pFBA...18123.0...Ave likelihood of: cpd00051_c is 0.31120440313541403...
Loop7 pFBA...7914.0...Ave likelihood of: cpd00132_c is 0.24978391840629505...
Loop8 pFBA...5183.0...Ave likelihood of: cpd00041_c is 0.222909071548072...
Loop9 pFBA...13607.0...Ave likelihood of: cpd00084_c is 0.2778228482825106...
Loop10 pFBA...6593.0...Ave likelihood of: cpd00023_c is 0.2814868702161454...
Loop11 pFBA...9082.0...Ave likelihood of: cpd00053_c is 0.3108947899140611...
Loop12 pFBA...16374.0...Ave likelihood of: cpd00119_c is 0.3236719460967039...
Loop13 pFBA...16733.0...Ave likelihood of: cpd00322_c is 0.33899863145018905...
Loop14 pFBA...14214.0...Ave likelihood of: cpd00107_c is 0.26382730813781524...
Loop15 pFBA...17663.0...Ave likelihood of: cpd00039_c is 0.3154569629138011...
Loop16 pFBA...20350.0...Ave likelihood of: cpd00060_c is 0.2824785536085422...
Loop17 pFBA...20485.0...Ave likelihood of: cpd00066_c is 0.2726386922759374...
Loop18 pFBA...10285.0...Ave likelihood of: cpd00129_c is 0.20132624988570422...
Loop19 pFBA...5416.0...Ave likelihood of: cpd00054_c is 0.3553661498025721...
Loop20 pFBA...7304.0...Ave likelihood of: cpd00161_c is 0.40092906348503...
Loop21 pFBA...27276.0...Ave likelihood of: cpd00065_c is 0.24960640298373105...
Loop22 pFBA...18240.0...Ave likelihood of: cpd00069_c is 0.2243495593302397...
Loop23 pFBA...7671.0...Ave likelihood of: cpd00156_c is 0.33294951463689465...
Loop24 pFBA...23588.0...Ave likelihood of: cpd00098_c is 0.2662709138411568...
Loop25 pFBA...14172.0...Ave likelihood of: cpd00274_c is 0.3146951116697814...
Loop26 pFBA...6687.0...Ave likelihood of: cpd00226_c is 0.32420923211417046...
Loop27 pFBA...4437.0...Ave likelihood of: cpd00246_c is 0.4406109096234129...
Loop28 pFBA...19967.0...Ave likelihood of: cpd00374_c is 0.24309755149445494...
Loop29 pFBA...4761.0...Ave likelihood of: cpd00221_c is 0.4230731575148502...
Loop30 pFBA...4265.0...Ave likelihood of: cpd00159_c is 0.4250342870950764...
Loop31 pFBA...10269.0...Ave likelihood of: cpd00211_c is 0.3593327902743195...
Loop32 pFBA...3761.0...Ave likelihood of: cpd00047_c is 0.2936120852856557...
Loop33 pFBA...5000.0...Ave likelihood of: cpd00106_c is 0.18990999818218035...
Loop34 pFBA...7540.0...Ave likelihood of: cpd00141_c is 0.4142085137216201...
Loop35 pFBA...19041.0...Ave likelihood of: cpd00216_c is 0.23130820759090404...
Loop36 pFBA...4803.0...Ave likelihood of: cpd00036_c is 0.22807539422684558...
Loop37 pFBA...16942.0...Ave likelihood of: cpd00581_c is 0.32618595144050344...
Loop38 pFBA...4763.0...Ave likelihood of: cpd00128_c is 0.22142251010890138...
Loop39 pFBA...5862.0...Ave likelihood of: cpd00018_c is 0.2797051584478886...
Loop40 pFBA...5862.0...Ave likelihood of: cpd00091_c is 0.2797051584478886...
Loop41 pFBA...3604.0...Ave likelihood of: cpd00092_c is 0.3431137445302875...
Loop42 pFBA...63886.0...Ave likelihood of: cpd00305_c is 0.1497167025093172...
Loop43 pFBA...13647.0...Ave likelihood of: cpd00220_c is 0.28435586524123885...
Loop44 pFBA...14479.0...Ave likelihood of: cpd00218_c is 0.2129350785315064...
Loop45 pFBA...14518.0...Ave likelihood of: cpd00215_c is 0.29960287929664237...
Loop46 pFBA...28615.0...Ave likelihood of: cpd00104_c is 0.21135840343829132...
Loop47 pFBA...36058.0...Ave likelihood of: cpd00393_c is 0.17093326646190507...
Loop48 pFBA...5664.0...Ave likelihood of: cpd00363_c is 0.567543372685286...
Loop49 pFBA...8589.0...Ave likelihood of: cpd00281_c is 0.20159682963279438...
Loop50 pFBA...4012.0...Ave likelihood of: cpd00025_c is 0.2935757498195188...
Loop51 pFBA...19553.0...Ave likelihood of: cpd00811_c is 0.2602582226378335...
Loop52 pFBA...5421.0...Ave likelihood of: cpd00714_c is 0.3707637958821618...
Loop53 pFBA...5559.0...Ave likelihood of: cpd00117_c is 0.4736046859370966...
Loop54 pFBA...6841.0...Ave likelihood of: cpd00186_c is 0.3597987109667297...
Loop55 pFBA...21639.0...Ave likelihood of: cpd00637_c is 0.279288758906298...
Loop56 pFBA...6487.0...Ave likelihood of: cpd00550_c is 0.3078117812001152...
Loop57 pFBA...4058.0...Ave likelihood of: cpd00033_c is 0.23766324752667858...
Loop58 pFBA...5437.0...Ave likelihood of: cpd00035_c is 0.4736046859370966...
Loop59 pFBA...18328.0...Ave likelihood of: cpd00051_c is 0.2843539771283794...
Loop60 pFBA...7914.0...Ave likelihood of: cpd00132_c is 0.24978391840629505...
Loop61 pFBA...5183.0...Ave likelihood of: cpd00041_c is 0.222909071548072...
Loop62 pFBA...13761.0...Ave likelihood of: cpd00084_c is 0.24916625893793717...
Loop63 pFBA...6593.0...Ave likelihood of: cpd00023_c is 0.2814868702161454...
Loop64 pFBA...9082.0...Ave likelihood of: cpd00053_c is 0.3108947899140611...
Loop65 pFBA...16374.0...Ave likelihood of: cpd00119_c is 0.330145385018638...
Loop66 pFBA...16745.0...Ave likelihood of: cpd00322_c is 0.20480158907224152...
Loop67 pFBA...14214.0...Ave likelihood of: cpd00107_c is 0.26382730813781524...
Loop68 pFBA...17929.0...Ave likelihood of: cpd00039_c is 0.33773759366611744...
Loop69 pFBA...20639.0...Ave likelihood of: cpd00060_c is 0.28265368371239796...
Loop70 pFBA...21401.0...Ave likelihood of: cpd00066_c is 0.23088897301596348...
Loop71 pFBA...10285.0...Ave likelihood of: cpd00129_c is 0.2013262498857042...
Loop72 pFBA...5487.0...Ave likelihood of: cpd00054_c is 0.3078117812001152...
Loop73 pFBA...7641.0...Ave likelihood of: cpd00161_c is 0.3625589205548684...
Loop74 pFBA...27276.0...Ave likelihood of: cpd00065_c is 0.24960640298373105...
Loop75 pFBA...18857.0...Ave likelihood of: cpd00069_c is 0.23946020715020694...
Loop76 pFBA...7671.0...Ave likelihood of: cpd00156_c is 0.33294951463689465...
Loop77 pFBA...24535.0...Ave likelihood of: cpd00098_c is 0.28276838120257974...
Loop78 pFBA...14173.0...Ave likelihood of: cpd00274_c is 0.19389513825300517...
Loop79 pFBA...6687.0...Ave likelihood of: cpd00226_c is 0.32420923211417046...
Loop80 pFBA...4774.0...Ave likelihood of: cpd00246_c is 0.3596814565954679...
Loop81 pFBA...20801.0...Ave likelihood of: cpd00374_c is 0.2225230040870603...
Loop82 pFBA...5066.0...Ave likelihood of: cpd00221_c is 0.36066396737188083...
Loop83 pFBA...4331.0...Ave likelihood of: cpd00159_c is 0.3866146792203894...
Loop84 pFBA...10464.0...Ave likelihood of: cpd00211_c is 0.20722886113569827...
Loop85 pFBA...3766.0...Ave likelihood of: cpd00047_c is 0.21915762928499286...
Loop86 pFBA...5000.0...Ave likelihood of: cpd00106_c is 0.18990999818218035...
Loop87 pFBA...7727.0...Ave likelihood of: cpd00141_c is 0.3246722782447829...
Loop88 pFBA...20308.0...Ave likelihood of: cpd00216_c is 0.21622963286051744...
Loop89 pFBA...4803.0...Ave likelihood of: cpd00036_c is 0.22807539422684558...
Loop90 pFBA...16942.0...Ave likelihood of: cpd00581_c is 0.32618595144050344...
Loop91 pFBA...4763.0...Ave likelihood of: cpd00128_c is 0.22142251010890138...
Loop92 pFBA...5862.0...Ave likelihood of: cpd00018_c is 0.2797051584478886...
Loop93 pFBA...5862.0...Ave likelihood of: cpd00091_c is 0.2797051584478886...
Loop94 pFBA...3616.0...Ave likelihood of: cpd00092_c is 0.3220803014665146...
Loop95 pFBA...64108.0...Ave likelihood of: cpd00305_c is 0.11950759043938729...
Loop96 pFBA...14210.0...Ave likelihood of: cpd00220_c is 0.15259857804855784...
Loop97 pFBA...14722.0...Ave likelihood of: cpd00218_c is 0.21891350882391575...
Loop98 pFBA...15075.0...Ave likelihood of: cpd00215_c is 0.34935345784954214...
Loop99 pFBA...28677.0...Ave likelihood of: cpd00104_c is 0.16273759696696194...
Loop100 pFBA...36070.0...Ave likelihood of: cpd00393_c is 0.17002085314344326...
Loop101 pFBA...6401.0...Ave likelihood of: cpd00363_c is 0.5164309366460376...
Loop102 pFBA...8589.0...Ave likelihood of: cpd00281_c is 0.20159682963279438...
Loop103 pFBA...4198.0...Ave likelihood of: cpd00025_c is 0.39592809147926944...
Loop104 pFBA...20409.0...Ave likelihood of: cpd00811_c is 0.30309031408821235...
Loop105 pFBA...6357.0...Ave likelihood of: cpd00714_c is 0.42652117998876427...
Loop106 pFBA...5559.0...Ave likelihood of: cpd00117_c is 0.4736046859370966...
Loop107 pFBA...6841.0...Ave likelihood of: cpd00186_c is 0.3597987109667297...
Loop108 pFBA...21553.0...Ave likelihood of: cpd00637_c is 0.25006139964899526...
Loop109 pFBA...6445.0...Ave likelihood of: cpd00550_c is 0.3298786355058369...
Loop110 pFBA...4058.0...Ave likelihood of: cpd00033_c is 0.228030414501443...
Loop111 pFBA...5437.0...Ave likelihood of: cpd00035_c is 0.4736046859370966...
Loop112 pFBA...18237.0...Ave likelihood of: cpd00051_c is 0.27163984336603547...
Loop113 pFBA...7914.0...Ave likelihood of: cpd00132_c is 0.24978391840629505...
Loop114 pFBA...5183.0...Ave likelihood of: cpd00041_c is 0.222909071548072...
Loop115 pFBA...13729.0...Ave likelihood of: cpd00084_c is 0.30354374298002657...
Loop116 pFBA...6593.0...Ave likelihood of: cpd00023_c is 0.2814868702161454...
Loop117 pFBA...9082.0...Ave likelihood of: cpd00053_c is 0.3108947899140611...
Loop118 pFBA...16374.0...Ave likelihood of: cpd00119_c is 0.330145385018638...
Loop119 pFBA...16745.0...Ave likelihood of: cpd00322_c is 0.20480158907224152...
Loop120 pFBA...14214.0...Ave likelihood of: cpd00107_c is 0.26382730813781524...
Loop121 pFBA...17742.0...Ave likelihood of: cpd00039_c is 0.2842303612867856...
Loop122 pFBA...20553.0...Ave likelihood of: cpd00060_c is 0.25006139964899526...
Loop123 pFBA...20946.0...Ave likelihood of: cpd00066_c is 0.23368069445707643...
Loop124 pFBA...10285.0...Ave likelihood of: cpd00129_c is 0.2013262498857042...
Loop125 pFBA...5445.0...Ave likelihood of: cpd00054_c is 0.3370499101907463...
Loop126 pFBA...7505.0...Ave likelihood of: cpd00161_c is 0.3470636092531811...
Loop127 pFBA...27276.0...Ave likelihood of: cpd00065_c is 0.24960640298373105...
Loop128 pFBA...18484.0...Ave likelihood of: cpd00069_c is 0.19669240549269806...
Loop129 pFBA...7671.0...Ave likelihood of: cpd00156_c is 0.33294951463689465...
Loop130 pFBA...24126.0...Ave likelihood of: cpd00098_c is 0.23926764640294013...
Loop131 pFBA...14173.0...Ave likelihood of: cpd00274_c is 0.19389513825300517...
Loop132 pFBA...6687.0...Ave likelihood of: cpd00226_c is 0.32420923211417046...
Loop133 pFBA...4640.0...Ave likelihood of: cpd00246_c is 0.22323612143920454...
Loop134 pFBA...20445.0...Ave likelihood of: cpd00374_c is 0.2144934971731839...
Loop135 pFBA...4959.0...Ave likelihood of: cpd00221_c is 0.19159276202514736...
Loop136 pFBA...4317.0...Ave likelihood of: cpd00159_c is 0.34672781530152236...
Loop137 pFBA...10455.0...Ave likelihood of: cpd00211_c is 0.3299001068954762...
Loop138 pFBA...3766.0...Ave likelihood of: cpd00047_c is 0.21915762928499283...
Loop139 pFBA...5000.0...Ave likelihood of: cpd00106_c is 0.18990999818218035...
Loop140 pFBA...7678.0...Ave likelihood of: cpd00141_c is 0.3714576366789786...
Loop141 pFBA...19622.0...Ave likelihood of: cpd00216_c is 0.23421175219489884...
Loop142 pFBA...4803.0...Ave likelihood of: cpd00036_c is 0.22807539422684558...
Loop143 pFBA...16942.0...Ave likelihood of: cpd00581_c is 0.32618595144050344...
Loop144 pFBA...4763.0...Ave likelihood of: cpd00128_c is 0.22142251010890138...
Loop145 pFBA...5862.0...Ave likelihood of: cpd00018_c is 0.2797051584478886...
Loop146 pFBA...5862.0...Ave likelihood of: cpd00091_c is 0.2797051584478886...
Loop147 pFBA...3616.0...Ave likelihood of: cpd00092_c is 0.3220803014665146...
Loop148 pFBA...64108.0...Ave likelihood of: cpd00305_c is 0.12072705564795246...
Loop149 pFBA...14051.0...Ave likelihood of: cpd00220_c is 0.27321575298970624...
Loop150 pFBA...14658.0...Ave likelihood of: cpd00218_c is 0.13881110929624485...
Loop151 pFBA...14785.0...Ave likelihood of: cpd00215_c is 0.24357448633859485...
Loop152 pFBA...28668.0...Ave likelihood of: cpd00104_c is 0.1802582750496798...
Loop153 pFBA...36061.0...Ave likelihood of: cpd00393_c is 0.1513860441115249...
Loop154 pFBA...6087.0...Ave likelihood of: cpd00363_c is 0.4345333197005078...
Loop155 pFBA...8589.0...Ave likelihood of: cpd00281_c is 0.20159682963279438...
Loop156 pFBA...4135.0...Ave likelihood of: cpd00025_c is 0.3119028256150151...
Loop157 pFBA...19989.0...Ave likelihood of: cpd00811_c is 0.2712648573196631...
Loop158 pFBA...6023.0...Ave likelihood of: cpd00714_c is 0.30856682395307855...
33.8047589501mins to complete!
