
The following have been reloaded with a version change:
  1) anaconda2/4.4.0 => anaconda2/5.1.0

Loading in models...Adding Water...Remove no-like rxns...Pruned 1 metabolites from model
Pruned 1 reactions from model
Set-up Universal...62.0seconds to complete

Loop0 pFBA...5547.0...Ave likelihood of: cpd00117_c is 0.2803527758363042...
Loop1 pFBA...7588.0...Ave likelihood of: cpd00186_c is 0.23536959263116689...
Loop2 pFBA...22506.0...Ave likelihood of: cpd00637_c is 0.19615125809700804...
Loop3 pFBA...6478.0...Ave likelihood of: cpd00550_c is 0.36103557783549123...
Loop4 pFBA...4245.0...Ave likelihood of: cpd00033_c is 0.20481762030332445...
Loop5 pFBA...5420.0...Ave likelihood of: cpd00035_c is 0.2803527758363042...
Loop6 pFBA...18771.0...Ave likelihood of: cpd00051_c is 0.20669375135496607...
Loop7 pFBA...8284.0...Ave likelihood of: cpd00132_c is 0.16850342957800382...
Loop8 pFBA...5636.0...Ave likelihood of: cpd00041_c is 0.10397307487804995...
Loop9 pFBA...13721.0...Ave likelihood of: cpd00084_c is 0.1880811578757623...
Loop10 pFBA...7357.0...Ave likelihood of: cpd00023_c is 0.1286390648937084...
Loop11 pFBA...9941.0...Ave likelihood of: cpd00053_c is 0.14135432056437222...
Loop12 pFBA...22148.0...Ave likelihood of: cpd00119_c is 0.10841579263311218...
Loop13 pFBA...17611.0...Ave likelihood of: cpd00322_c is 0.24799914909264942...
Loop14 pFBA...14813.0...Ave likelihood of: cpd00107_c is 0.2459199094490601...
Loop15 pFBA...17915.0...Ave likelihood of: cpd00039_c is 0.29567225387761237...
Loop16 pFBA...21506.0...Ave likelihood of: cpd00060_c is 0.1982604114098791...
Loop17 pFBA...21312.0...Ave likelihood of: cpd00066_c is 0.17925881419097392...
Loop18 pFBA...11357.0...Ave likelihood of: cpd00129_c is 0.06430375693457399...
Loop19 pFBA...5478.0...Ave likelihood of: cpd00054_c is 0.37673277687181694...
Loop20 pFBA...7759.0...Ave likelihood of: cpd00161_c is 0.3052834482968154...
Loop21 pFBA...29629.0...Ave likelihood of: cpd00065_c is 0.12207316327854541...
Loop22 pFBA...19066.0...Ave likelihood of: cpd00069_c is 0.19998172554721444...
Loop23 pFBA...8579.0...Ave likelihood of: cpd00156_c is 0.24252210498818078...
Loop24 pFBA...24296.0...Ave likelihood of: cpd00098_c is 0.19134398048686085...
Loop25 pFBA...15483.0...Ave likelihood of: cpd00274_c is 0.2640245594894734...
Loop26 pFBA...6728.0...Ave likelihood of: cpd00226_c is 0.29495137433093943...
Loop27 pFBA...4648.0...Ave likelihood of: cpd00246_c is 0.2480063592582152...
Loop28 pFBA...20993.0...Ave likelihood of: cpd00374_c is 0.22940951748860006...
Loop29 pFBA...4281.0...Ave likelihood of: cpd00221_c is 0.3228558558420328...
Loop30 pFBA...4130.0...Ave likelihood of: cpd00159_c is 0.37529517955230174...
Loop31 pFBA...10361.0...Ave likelihood of: cpd00211_c is 0.31095943670520854...
Loop32 pFBA...4039.0...Ave likelihood of: cpd00047_c is 0.3198723131288014...
Loop33 pFBA...5280.0...Ave likelihood of: cpd00106_c is 0.08835459877018823...
Loop34 pFBA...7789.0...Ave likelihood of: cpd00141_c is 0.30494265831230055...
Loop35 pFBA...20321.0...Ave likelihood of: cpd00216_c is 0.18488227233952523...
Loop36 pFBA...5015.0...Ave likelihood of: cpd00036_c is 0.08240889652668808...
Loop37 pFBA...22766.0...Ave likelihood of: cpd00581_c is 0.12390120634043111...
Loop38 pFBA...4922.0...Ave likelihood of: cpd00128_c is 0.13701818345232036...
Loop39 pFBA...6077.0...Ave likelihood of: cpd00018_c is 0.3015317233413387...
Loop40 pFBA...5414.0...Ave likelihood of: cpd00091_c is 0.3457600798538556...
Loop41 pFBA...4229.0...Ave likelihood of: cpd00092_c is 0.3379033109185006...
Loop42 pFBA...63582.0...Ave likelihood of: cpd00305_c is 0.14597508464731848...
Loop43 pFBA...13146.0...Ave likelihood of: cpd00220_c is 0.2164492335120504...
Loop44 pFBA...14852.0...Ave likelihood of: cpd00218_c is 0.11672688599457604...
Loop45 pFBA...15017.0...Ave likelihood of: cpd00215_c is 0.21662337047310162...
Loop46 pFBA...28979.0...Ave likelihood of: cpd00104_c is 0.14687663617484908...
Loop47 pFBA...36731.0...Ave likelihood of: cpd00393_c is 0.11267000666690516...
Loop48 pFBA...6251.0...Ave likelihood of: cpd00363_c is 0.40362973586464057...
Loop49 pFBA...9357.0...Ave likelihood of: cpd00281_c is 0.09188504635264887...
Loop50 pFBA...4169.0...Ave likelihood of: cpd00025_c is 0.24452431311925604...
Loop51 pFBA...20342.0...Ave likelihood of: cpd00811_c is 0.2179696980142063...
Loop52 pFBA...5547.0...Ave likelihood of: cpd00117_c is 0.2803527758363042...
Loop53 pFBA...7588.0...Ave likelihood of: cpd00186_c is 0.23536959263116689...
Loop54 pFBA...22572.0...Ave likelihood of: cpd00637_c is 0.1765654842443115...
Loop55 pFBA...6533.0...Ave likelihood of: cpd00550_c is 0.30126850344692807...
Loop56 pFBA...4245.0...Ave likelihood of: cpd00033_c is 0.20481762030332445...
Loop57 pFBA...5420.0...Ave likelihood of: cpd00035_c is 0.2803527758363042...
Loop58 pFBA...18975.0...Ave likelihood of: cpd00051_c is 0.22216427366393074...
Loop59 pFBA...8284.0...Ave likelihood of: cpd00132_c is 0.16850342957800382...
Loop60 pFBA...5636.0...Ave likelihood of: cpd00041_c is 0.10397307487804995...
Loop61 pFBA...13982.0...Ave likelihood of: cpd00084_c is 0.21348259126289776...
Loop62 pFBA...7357.0...Ave likelihood of: cpd00023_c is 0.1286390648937084...
Loop63 pFBA...9941.0...Ave likelihood of: cpd00053_c is 0.14135432056437222...
Loop64 pFBA...22148.0...Ave likelihood of: cpd00119_c is 0.10841579263311218...
Loop65 pFBA...17678.0...Ave likelihood of: cpd00322_c is 0.19663137937321357...
Loop66 pFBA...14813.0...Ave likelihood of: cpd00107_c is 0.2459199094490601...
Loop67 pFBA...18073.0...Ave likelihood of: cpd00039_c is 0.2597790618554693...
Loop68 pFBA...21572.0...Ave likelihood of: cpd00060_c is 0.1785949725689588...
Loop69 pFBA...21992.0...Ave likelihood of: cpd00066_c is 0.1568812985528876...
Loop70 pFBA...11357.0...Ave likelihood of: cpd00129_c is 0.06430375693457399...
Loop71 pFBA...5533.0...Ave likelihood of: cpd00054_c is 0.3244430037120764...
Loop72 pFBA...7847.0...Ave likelihood of: cpd00161_c is 0.23475096849041827...
Loop73 pFBA...29629.0...Ave likelihood of: cpd00065_c is 0.12207316327854538...
Loop74 pFBA...19529.0...Ave likelihood of: cpd00069_c is 0.1998874965731912...
Loop75 pFBA...8579.0...Ave likelihood of: cpd00156_c is 0.24252210498818078...
Loop76 pFBA...24650.0...Ave likelihood of: cpd00098_c is 0.12052154391120165...
Loop77 pFBA...15746.0...Ave likelihood of: cpd00274_c is 0.25290260188056246...
Loop78 pFBA...6728.0...Ave likelihood of: cpd00226_c is 0.29495137433093943...
Loop79 pFBA...4936.0...Ave likelihood of: cpd00246_c is 0.25619322547386203...
Loop80 pFBA...21708.0...Ave likelihood of: cpd00374_c is 0.22097411592390806...
Loop81 pFBA...4486.0...Ave likelihood of: cpd00221_c is 0.28535909987913766...
Loop82 pFBA...4298.0...Ave likelihood of: cpd00159_c is 0.3543289808789459...
Loop83 pFBA...10475.0...Ave likelihood of: cpd00211_c is 0.1989914990221792...
Loop84 pFBA...4186.0...Ave likelihood of: cpd00047_c is 0.19342017833459949...
Loop85 pFBA...5280.0...Ave likelihood of: cpd00106_c is 0.08835459877018823...
Loop86 pFBA...7933.0...Ave likelihood of: cpd00141_c is 0.18502002655234803...
Loop87 pFBA...21328.0...Ave likelihood of: cpd00216_c is 0.1889290968448949...
Loop88 pFBA...5015.0...Ave likelihood of: cpd00036_c is 0.08240889652668808...
Loop89 pFBA...22766.0...Ave likelihood of: cpd00581_c is 0.12390120634043111...
Loop90 pFBA...4922.0...Ave likelihood of: cpd00128_c is 0.13701818345232036...
Loop91 pFBA...6077.0...Ave likelihood of: cpd00018_c is 0.3015317233413387...
Loop92 pFBA...5414.0...Ave likelihood of: cpd00091_c is 0.3457600798538556...
Loop93 pFBA...4229.0...Ave likelihood of: cpd00092_c is 0.3379033109185006...
Loop94 pFBA...63638.0...Ave likelihood of: cpd00305_c is 0.1477926102354317...
Loop95 pFBA...13146.0...Ave likelihood of: cpd00220_c is 0.2164492335120504...
Loop96 pFBA...14900.0...Ave likelihood of: cpd00218_c is 0.11434184080325388...
Loop97 pFBA...15305.0...Ave likelihood of: cpd00215_c is 0.20465695636290476...
Loop98 pFBA...29045.0...Ave likelihood of: cpd00104_c is 0.1353966433922038...
Loop99 pFBA...36731.0...Ave likelihood of: cpd00393_c is 0.11267000666690516...
Loop100 pFBA...6631.0...Ave likelihood of: cpd00363_c is 0.3067513063699668...
Loop101 pFBA...9357.0...Ave likelihood of: cpd00281_c is 0.09188504635264887...
Loop102 pFBA...4283.0...Ave likelihood of: cpd00025_c is 0.2805920504619253...
Loop103 pFBA...21298.0...Ave likelihood of: cpd00811_c is 0.16755298524000084...
Loop104 pFBA...5547.0...Ave likelihood of: cpd00117_c is 0.2803527758363042...
Loop105 pFBA...7588.0...Ave likelihood of: cpd00186_c is 0.23536959263116689...
Loop106 pFBA...22446.0...Ave likelihood of: cpd00637_c is 0.19382494136469705...
Loop107 pFBA...6527.0...Ave likelihood of: cpd00550_c is 0.2520044042472059...
Loop108 pFBA...4245.0...Ave likelihood of: cpd00033_c is 0.20481762030332448...
Loop109 pFBA...5420.0...Ave likelihood of: cpd00035_c is 0.2803527758363042...
Loop110 pFBA...18775.0...Ave likelihood of: cpd00051_c is 0.2275318752638169...
Loop111 pFBA...8284.0...Ave likelihood of: cpd00132_c is 0.16850342957800382...
Loop112 pFBA...5636.0...Ave likelihood of: cpd00041_c is 0.10397307487804995...
Loop113 pFBA...13941.0...Ave likelihood of: cpd00084_c is 0.2219812328447695...
Loop114 pFBA...7357.0...Ave likelihood of: cpd00023_c is 0.1286390648937084...
Loop115 pFBA...9941.0...Ave likelihood of: cpd00053_c is 0.14135432056437222...
Loop116 pFBA...22148.0...Ave likelihood of: cpd00119_c is 0.10841579263311218...
Loop117 pFBA...17587.0...Ave likelihood of: cpd00322_c is 0.249938425041674...
Loop118 pFBA...14813.0...Ave likelihood of: cpd00107_c is 0.2459199094490601...
Loop119 pFBA...17991.0...Ave likelihood of: cpd00039_c is 0.25885188024068717...
Loop120 pFBA...21446.0...Ave likelihood of: cpd00060_c is 0.19607871975265864...
Loop121 pFBA...21144.0...Ave likelihood of: cpd00066_c is 0.19505237850290771...
Loop122 pFBA...11357.0...Ave likelihood of: cpd00129_c is 0.06430375693457399...
Loop123 pFBA...5527.0...Ave likelihood of: cpd00054_c is 0.257254496002356...
Loop124 pFBA...7772.0...Ave likelihood of: cpd00161_c is 0.29086893474241243...
Loop125 pFBA...29629.0...Ave likelihood of: cpd00065_c is 0.12207316327854538...
Loop126 pFBA...18963.0...Ave likelihood of: cpd00069_c is 0.2042835651358736...
Loop127 pFBA...8579.0...Ave likelihood of: cpd00156_c is 0.24252210498818078...
Loop128 pFBA...24184.0...Ave likelihood of: cpd00098_c is 0.21439848335490658...
Loop129 pFBA...15745.0...Ave likelihood of: cpd00274_c is 0.3034376169450812...
Loop130 pFBA...6728.0...Ave likelihood of: cpd00226_c is 0.29495137433093943...
Loop131 pFBA...4614.0...Ave likelihood of: cpd00246_c is 0.28039877104270206...
Loop132 pFBA...20861.0...Ave likelihood of: cpd00374_c is 0.238490794154017...
Loop133 pFBA...4423.0...Ave likelihood of: cpd00221_c is 0.29283163375521337...
Loop134 pFBA...4256.0...Ave likelihood of: cpd00159_c is 0.30074256985747944...
Loop135 pFBA...10321.0...Ave likelihood of: cpd00211_c is 0.31750996516975777...
Loop136 pFBA...4147.0...Ave likelihood of: cpd00047_c is 0.35549223026330273...
Loop137 pFBA...5280.0...Ave likelihood of: cpd00106_c is 0.08835459877018823...
Loop138 pFBA...7933.0...Ave likelihood of: cpd00141_c is 0.22967375742484536...
Loop139 pFBA...20108.0...Ave likelihood of: cpd00216_c is 0.19012269511116459...
Loop140 pFBA...5015.0...Ave likelihood of: cpd00036_c is 0.08240889652668808...
Loop141 pFBA...22766.0...Ave likelihood of: cpd00581_c is 0.12390120634043111...
Loop142 pFBA...4922.0...Ave likelihood of: cpd00128_c is 0.13701818345232036...
Loop143 pFBA...6077.0...Ave likelihood of: cpd00018_c is 0.3015317233413387...
Loop144 pFBA...5414.0...Ave likelihood of: cpd00091_c is 0.3457600798538556...
Loop145 pFBA...4229.0...Ave likelihood of: cpd00092_c is 0.3379033109185006...
Loop146 pFBA...63560.0...Ave likelihood of: cpd00305_c is 0.14717044740188023...
Loop147 pFBA...13080.0...Ave likelihood of: cpd00220_c is 0.24971609521544716...
Loop148 pFBA...14797.0...Ave likelihood of: cpd00218_c is 0.12109390497094215...
Loop149 pFBA...14896.0...Ave likelihood of: cpd00215_c is 0.18450461136413862...
Loop150 pFBA...29017.0...Ave likelihood of: cpd00104_c is 0.16147254894168048...
Loop151 pFBA...36731.0...Ave likelihood of: cpd00393_c is 0.11267000666690516...
Loop152 pFBA...6268.0...Ave likelihood of: cpd00363_c is 0.4230883217330635...
Loop153 pFBA...9357.0...Ave likelihood of: cpd00281_c is 0.09188504635264887...
Loop154 pFBA...4136.0...Ave likelihood of: cpd00025_c is 0.24614279235336378...
Loop155 pFBA...20198.0...Ave likelihood of: cpd00811_c is 0.23165058856702714...
32.0444197178mins to complete!
