
The following have been reloaded with a version change:
  1) anaconda2/4.4.0 => anaconda2/5.1.0

Loading in models...Adding Water...Remove no-like rxns...Pruned 1 metabolites from model
Pruned 1 reactions from model
Set-up Universal...61.0seconds to complete

Loop0 pFBA...6142.0...Ave likelihood of: cpd00117_c is 0.3610635402251032...
Loop1 pFBA...8258.0...Ave likelihood of: cpd00186_c is 0.12373306707258515...
Loop2 pFBA...23011.0...Ave likelihood of: cpd00637_c is 0.1862479782201423...
Loop3 pFBA...7145.0...Ave likelihood of: cpd00550_c is 0.24478983954199773...
Loop4 pFBA...4713.0...Ave likelihood of: cpd00033_c is 0.19269518839536032...
Loop5 pFBA...6015.0...Ave likelihood of: cpd00035_c is 0.3610635402251032...
Loop6 pFBA...19510.0...Ave likelihood of: cpd00051_c is 0.20206178423428303...
Loop7 pFBA...8876.0...Ave likelihood of: cpd00132_c is 0.12978369490539066...
Loop8 pFBA...5984.0...Ave likelihood of: cpd00041_c is 0.07822973685872446...
Loop9 pFBA...14547.0...Ave likelihood of: cpd00084_c is 0.19887187886288385...
Loop10 pFBA...7999.0...Ave likelihood of: cpd00023_c is 0.00012835150487910976...
Loop11 pFBA...10594.0...Ave likelihood of: cpd00053_c is 0.12850961031794242...
Loop12 pFBA...22817.0...Ave likelihood of: cpd00119_c is 0.09151466418199937...
Loop13 pFBA...17969.0...Ave likelihood of: cpd00322_c is 0.11606814742775745...
Loop14 pFBA...14929.0...Ave likelihood of: cpd00107_c is 0.20000397041350584...
Loop15 pFBA...21119.0...Ave likelihood of: cpd00039_c is 0.219974515834818...
Loop16 pFBA...22011.0...Ave likelihood of: cpd00060_c is 0.18838875957899445...
Loop17 pFBA...21611.0...Ave likelihood of: cpd00066_c is 0.13805961891732943...
Loop18 pFBA...11995.0...Ave likelihood of: cpd00129_c is 0.0005495420241014875...
Loop19 pFBA...6145.0...Ave likelihood of: cpd00054_c is 0.2522077134675128...
Loop20 pFBA...8444.0...Ave likelihood of: cpd00161_c is 0.2655109953580205...
Loop21 pFBA...30217.0...Ave likelihood of: cpd00065_c is 0.12331215745089091...
Loop22 pFBA...19348.0...Ave likelihood of: cpd00069_c is 0.19145616550117636...
Loop23 pFBA...8777.0...Ave likelihood of: cpd00156_c is 0.17426542914884713...
Loop24 pFBA...25138.0...Ave likelihood of: cpd00098_c is 0.13376648047529852...
Loop25 pFBA...16395.0...Ave likelihood of: cpd00274_c is 0.23791379551225456...
Loop26 pFBA...7101.0...Ave likelihood of: cpd00226_c is 0.2707157350593441...
Loop27 pFBA...5086.0...Ave likelihood of: cpd00246_c is 0.2821529278845568...
Loop28 pFBA...21349.0...Ave likelihood of: cpd00374_c is 0.16782250257629963...
Loop29 pFBA...4558.0...Ave likelihood of: cpd00221_c is 0.3148700009330379...
Loop30 pFBA...4375.0...Ave likelihood of: cpd00159_c is 0.28814500219733613...
Loop31 pFBA...10566.0...Ave likelihood of: cpd00211_c is 0.26398267371942385...
Loop32 pFBA...4107.0...Ave likelihood of: cpd00047_c is 0.3123720529100689...
Loop33 pFBA...5271.0...Ave likelihood of: cpd00106_c is 0.08938624633087555...
Loop34 pFBA...8115.0...Ave likelihood of: cpd00141_c is 0.17858640146238233...
Loop35 pFBA...20812.0...Ave likelihood of: cpd00216_c is 0.17786461406746065...
Loop36 pFBA...5049.0...Ave likelihood of: cpd00036_c is 0.04823847551877222...
Loop37 pFBA...22818.0...Ave likelihood of: cpd00581_c is 0.09618302141549886...
Loop38 pFBA...5008.0...Ave likelihood of: cpd00128_c is 0.08637237124066753...
Loop39 pFBA...6207.0...Ave likelihood of: cpd00018_c is 0.11574193388281835...
Loop40 pFBA...5553.0...Ave likelihood of: cpd00091_c is 0.142678529141871...
Loop41 pFBA...4076.0...Ave likelihood of: cpd00092_c is 0.15280152341193523...
Loop42 pFBA...63437.0...Ave likelihood of: cpd00305_c is 0.1575871922128652...
Loop43 pFBA...12949.0...Ave likelihood of: cpd00220_c is 0.15221521764947918...
Loop44 pFBA...14727.0...Ave likelihood of: cpd00218_c is 0.13724753539907708...
Loop45 pFBA...14747.0...Ave likelihood of: cpd00215_c is 0.20890632758080693...
Loop46 pFBA...29247.0...Ave likelihood of: cpd00104_c is 0.14555656681792878...
Loop47 pFBA...36795.0...Ave likelihood of: cpd00393_c is 0.19247025167719542...
Loop48 pFBA...6103.0...Ave likelihood of: cpd00363_c is 0.3770131594947322...
Loop49 pFBA...9999.0...Ave likelihood of: cpd00281_c is 9.167964634222125e-05...
Loop50 pFBA...4271.0...Ave likelihood of: cpd00025_c is 0.21181576739870384...
Loop51 pFBA...21187.0...Ave likelihood of: cpd00811_c is 0.19165699063156988...
Loop52 pFBA...6142.0...Ave likelihood of: cpd00117_c is 0.3610635402251032...
Loop53 pFBA...8258.0...Ave likelihood of: cpd00186_c is 0.12373306707258515...
Loop54 pFBA...23044.0...Ave likelihood of: cpd00637_c is 0.18343115156675455...
Loop55 pFBA...7157.0...Ave likelihood of: cpd00550_c is 0.3096715312848325...
Loop56 pFBA...4713.0...Ave likelihood of: cpd00033_c is 0.1926951883953603...
Loop57 pFBA...6015.0...Ave likelihood of: cpd00035_c is 0.3610635402251032...
Loop58 pFBA...19648.0...Ave likelihood of: cpd00051_c is 0.19702678525948317...
Loop59 pFBA...8876.0...Ave likelihood of: cpd00132_c is 0.12978369490539066...
Loop60 pFBA...5984.0...Ave likelihood of: cpd00041_c is 0.07822973685872446...
Loop61 pFBA...14592.0...Ave likelihood of: cpd00084_c is 0.15769625185897768...
Loop62 pFBA...7999.0...Ave likelihood of: cpd00023_c is 0.00012835150487910976...
Loop63 pFBA...10594.0...Ave likelihood of: cpd00053_c is 0.12850961031794245...
Loop64 pFBA...22817.0...Ave likelihood of: cpd00119_c is 0.09151466418199937...
Loop65 pFBA...17969.0...Ave likelihood of: cpd00322_c is 0.11606814742775745...
Loop66 pFBA...14929.0...Ave likelihood of: cpd00107_c is 0.20000397041350584...
Loop67 pFBA...21148.0...Ave likelihood of: cpd00039_c is 0.2470549100502381...
Loop68 pFBA...22044.0...Ave likelihood of: cpd00060_c is 0.18566811682976375...
Loop69 pFBA...22067.0...Ave likelihood of: cpd00066_c is 0.16113038640584196...
Loop70 pFBA...11995.0...Ave likelihood of: cpd00129_c is 0.0004945878216913388...
Loop71 pFBA...6157.0...Ave likelihood of: cpd00054_c is 0.33179092637660623...
Loop72 pFBA...8502.0...Ave likelihood of: cpd00161_c is 0.23477665934290834...
Loop73 pFBA...30217.0...Ave likelihood of: cpd00065_c is 0.11136509968084986...
Loop74 pFBA...19695.0...Ave likelihood of: cpd00069_c is 0.18882652066385303...
Loop75 pFBA...8777.0...Ave likelihood of: cpd00156_c is 0.17426542914884713...
Loop76 pFBA...25398.0...Ave likelihood of: cpd00098_c is 0.11350893991596332...
Loop77 pFBA...16397.0...Ave likelihood of: cpd00274_c is 0.23154177815344593...
Loop78 pFBA...7101.0...Ave likelihood of: cpd00226_c is 0.2707157350593441...
Loop79 pFBA...5152.0...Ave likelihood of: cpd00246_c is 0.20161021896206316...
Loop80 pFBA...22016.0...Ave likelihood of: cpd00374_c is 0.2047270560067919...
Loop81 pFBA...4757.0...Ave likelihood of: cpd00221_c is 0.24195839967097083...
Loop82 pFBA...4527.0...Ave likelihood of: cpd00159_c is 0.27568933304731746...
Loop83 pFBA...10612.0...Ave likelihood of: cpd00211_c is 0.12911249043201886...
Loop84 pFBA...4230.0...Ave likelihood of: cpd00047_c is 0.2440990052358527...
Loop85 pFBA...5271.0...Ave likelihood of: cpd00106_c is 0.08938624633087555...
Loop86 pFBA...8205.0...Ave likelihood of: cpd00141_c is 0.1472710616461785...
Loop87 pFBA...20812.0...Ave likelihood of: cpd00216_c is 0.17786461406746065...
Loop88 pFBA...5049.0...Ave likelihood of: cpd00036_c is 0.04823847551877222...
Loop89 pFBA...22818.0...Ave likelihood of: cpd00581_c is 0.09618302141549886...
Loop90 pFBA...5008.0...Ave likelihood of: cpd00128_c is 0.08637237124066753...
Loop91 pFBA...6207.0...Ave likelihood of: cpd00018_c is 0.11574193388281835...
Loop92 pFBA...5553.0...Ave likelihood of: cpd00091_c is 0.142678529141871...
Loop93 pFBA...4076.0...Ave likelihood of: cpd00092_c is 0.15280152341193523...
Loop94 pFBA...63554.0...Ave likelihood of: cpd00305_c is 0.15614659981634485...
Loop95 pFBA...12949.0...Ave likelihood of: cpd00220_c is 0.16172866875257166...
Loop96 pFBA...14727.0...Ave likelihood of: cpd00218_c is 0.13724753539907708...
Loop97 pFBA...15251.0...Ave likelihood of: cpd00215_c is 0.19664986496019748...
Loop98 pFBA...29253.0...Ave likelihood of: cpd00104_c is 0.1325604608196798...
Loop99 pFBA...36795.0...Ave likelihood of: cpd00393_c is 0.19247025167719545...
Loop100 pFBA...6803.0...Ave likelihood of: cpd00363_c is 0.4196460819830403...
Loop101 pFBA...9999.0...Ave likelihood of: cpd00281_c is 9.167964634222125e-05...
Loop102 pFBA...4366.0...Ave likelihood of: cpd00025_c is 0.28535531285906246...
Loop103 pFBA...21935.0...Ave likelihood of: cpd00811_c is 0.11864101729934423...
Loop104 pFBA...6142.0...Ave likelihood of: cpd00117_c is 0.3610635402251032...
Loop105 pFBA...8258.0...Ave likelihood of: cpd00186_c is 0.12373306707258515...
Loop106 pFBA...22937.0...Ave likelihood of: cpd00637_c is 0.15453074100339018...
Loop107 pFBA...7153.0...Ave likelihood of: cpd00550_c is 0.24543567909659636...
Loop108 pFBA...4713.0...Ave likelihood of: cpd00033_c is 0.1926951883953603...
Loop109 pFBA...6015.0...Ave likelihood of: cpd00035_c is 0.3610635402251032...
Loop110 pFBA...19450.0...Ave likelihood of: cpd00051_c is 0.21782418647378324...
Loop111 pFBA...8876.0...Ave likelihood of: cpd00132_c is 0.12978369490539066...
Loop112 pFBA...5984.0...Ave likelihood of: cpd00041_c is 0.0811271345201587...
Loop113 pFBA...14591.0...Ave likelihood of: cpd00084_c is 0.17936856711937843...
Loop114 pFBA...7999.0...Ave likelihood of: cpd00023_c is 0.00012835150487910976...
Loop115 pFBA...10594.0...Ave likelihood of: cpd00053_c is 0.1284927219620373...
Loop116 pFBA...22817.0...Ave likelihood of: cpd00119_c is 0.09151466418199937...
Loop117 pFBA...17949.0...Ave likelihood of: cpd00322_c is 0.23994164938776155...
Loop118 pFBA...14929.0...Ave likelihood of: cpd00107_c is 0.20000397041350584...
Loop119 pFBA...21115.0...Ave likelihood of: cpd00039_c is 0.2124962697903077...
Loop120 pFBA...21937.0...Ave likelihood of: cpd00060_c is 0.17242377417220375...
Loop121 pFBA...21240.0...Ave likelihood of: cpd00066_c is 0.170164789311269...
Loop122 pFBA...11995.0...Ave likelihood of: cpd00129_c is 0.0004945878216913388...
Loop123 pFBA...6153.0...Ave likelihood of: cpd00054_c is 0.25044457050673097...
Loop124 pFBA...8420.0...Ave likelihood of: cpd00161_c is 0.27239006994441844...
Loop125 pFBA...30199.0...Ave likelihood of: cpd00065_c is 0.13095502452081845...
Loop126 pFBA...19107.0...Ave likelihood of: cpd00069_c is 0.18687483736255428...
Loop127 pFBA...8777.0...Ave likelihood of: cpd00156_c is 0.17426542914884713...
Loop128 pFBA...24959.0...Ave likelihood of: cpd00098_c is 0.1383965109730364...
Loop129 pFBA...16397.0...Ave likelihood of: cpd00274_c is 0.23154177815344593...
Loop130 pFBA...7101.0...Ave likelihood of: cpd00226_c is 0.2707157350593441...
Loop131 pFBA...5095.0...Ave likelihood of: cpd00246_c is 0.26739917739176383...
Loop132 pFBA...21053.0...Ave likelihood of: cpd00374_c is 0.1733161511007087...
Loop133 pFBA...4548.0...Ave likelihood of: cpd00221_c is 0.3166658464294285...
Loop134 pFBA...4413.0...Ave likelihood of: cpd00159_c is 0.30959224287738446...
Loop135 pFBA...10513.0...Ave likelihood of: cpd00211_c is 0.25084275651236443...
Loop136 pFBA...4159.0...Ave likelihood of: cpd00047_c is 0.3393182718755674...
Loop137 pFBA...5271.0...Ave likelihood of: cpd00106_c is 0.08938624633087555...
Loop138 pFBA...8124.0...Ave likelihood of: cpd00141_c is 0.21610219738243697...
Loop139 pFBA...20522.0...Ave likelihood of: cpd00216_c is 0.17704881686309454...
Loop140 pFBA...5049.0...Ave likelihood of: cpd00036_c is 0.04823847551877222...
Loop141 pFBA...22818.0...Ave likelihood of: cpd00581_c is 0.09618302141549886...
Loop142 pFBA...5008.0...Ave likelihood of: cpd00128_c is 0.08637237124066753...
Loop143 pFBA...6207.0...Ave likelihood of: cpd00018_c is 0.11574193388281835...
Loop144 pFBA...5553.0...Ave likelihood of: cpd00091_c is 0.142678529141871...
Loop145 pFBA...4076.0...Ave likelihood of: cpd00092_c is 0.15280152341193523...
Loop146 pFBA...63376.0...Ave likelihood of: cpd00305_c is 0.15937303393437058...
Loop147 pFBA...12949.0...Ave likelihood of: cpd00220_c is 0.16694572258329976...
Loop148 pFBA...14727.0...Ave likelihood of: cpd00218_c is 0.13724753539907708...
Loop149 pFBA...14549.0...Ave likelihood of: cpd00215_c is 0.21631375004876335...
Loop150 pFBA...29203.0...Ave likelihood of: cpd00104_c is 0.1339212343746052...
Loop151 pFBA...36795.0...Ave likelihood of: cpd00393_c is 0.19247025167719542...
Loop152 pFBA...6172.0...Ave likelihood of: cpd00363_c is 0.41259936307187356...
Loop153 pFBA...9999.0...Ave likelihood of: cpd00281_c is 9.167964634222125e-05...
Loop154 pFBA...4219.0...Ave likelihood of: cpd00025_c is 0.24490282380612832...
Loop155 pFBA...20919.0...Ave likelihood of: cpd00811_c is 0.2002363887700529...
31.8996073167mins to complete!
