
The following have been reloaded with a version change:
  1) anaconda2/4.4.0 => anaconda2/5.1.0

Loading in models...Adding Water...Remove no-like rxns...Pruned 1 metabolites from model
Pruned 1 reactions from model
Set-up Universal...63.0seconds to complete

Loop0 pFBA...5568.0...Ave likelihood of: cpd00117_c is 0.4716358837213972...
Loop1 pFBA...6842.0...Ave likelihood of: cpd00186_c is 0.3597450536892488...
Loop2 pFBA...21387.0...Ave likelihood of: cpd00637_c is 0.27738755288294104...
Loop3 pFBA...6437.0...Ave likelihood of: cpd00550_c is 0.3451871511082199...
Loop4 pFBA...4058.0...Ave likelihood of: cpd00033_c is 0.25478942271190685...
Loop5 pFBA...5446.0...Ave likelihood of: cpd00035_c is 0.4716358837213972...
Loop6 pFBA...18131.0...Ave likelihood of: cpd00051_c is 0.3100679334575536...
Loop7 pFBA...7913.0...Ave likelihood of: cpd00132_c is 0.24986823652955992...
Loop8 pFBA...5183.0...Ave likelihood of: cpd00041_c is 0.22301260027403583...
Loop9 pFBA...13632.0...Ave likelihood of: cpd00084_c is 0.27110564575479373...
Loop10 pFBA...6593.0...Ave likelihood of: cpd00023_c is 0.28142248148316823...
Loop11 pFBA...9083.0...Ave likelihood of: cpd00053_c is 0.31085657816724815...
Loop12 pFBA...16375.0...Ave likelihood of: cpd00119_c is 0.3300671933975412...
Loop13 pFBA...16748.0...Ave likelihood of: cpd00322_c is 0.3535758583099573...
Loop14 pFBA...14215.0...Ave likelihood of: cpd00107_c is 0.263782684925688...
Loop15 pFBA...17686.0...Ave likelihood of: cpd00039_c is 0.30401749957446533...
Loop16 pFBA...20387.0...Ave likelihood of: cpd00060_c is 0.28094380356092746...
Loop17 pFBA...20610.0...Ave likelihood of: cpd00066_c is 0.23875202319406455...
Loop18 pFBA...10266.0...Ave likelihood of: cpd00129_c is 0.20309371955877395...
Loop19 pFBA...5437.0...Ave likelihood of: cpd00054_c is 0.3525315585786076...
Loop20 pFBA...7354.0...Ave likelihood of: cpd00161_c is 0.39804720793257464...
Loop21 pFBA...27274.0...Ave likelihood of: cpd00065_c is 0.2496598842755113...
Loop22 pFBA...18331.0...Ave likelihood of: cpd00069_c is 0.21347396516158712...
Loop23 pFBA...7672.0...Ave likelihood of: cpd00156_c is 0.3329021122561462...
Loop24 pFBA...23643.0...Ave likelihood of: cpd00098_c is 0.25953176098209296...
Loop25 pFBA...14163.0...Ave likelihood of: cpd00274_c is 0.19459862589030133...
Loop26 pFBA...6688.0...Ave likelihood of: cpd00226_c is 0.3241479683813682...
Loop27 pFBA...4462.0...Ave likelihood of: cpd00246_c is 0.4372944673039789...
Loop28 pFBA...20067.0...Ave likelihood of: cpd00374_c is 0.22557820538360068...
Loop29 pFBA...4761.0...Ave likelihood of: cpd00221_c is 0.4230467117842006...
Loop30 pFBA...4284.0...Ave likelihood of: cpd00159_c is 0.42116452623058925...
Loop31 pFBA...10342.0...Ave likelihood of: cpd00211_c is 0.34750719401779023...
Loop32 pFBA...3766.0...Ave likelihood of: cpd00047_c is 0.29036669632039...
Loop33 pFBA...5000.0...Ave likelihood of: cpd00106_c is 0.19004552807383465...
Loop34 pFBA...7572.0...Ave likelihood of: cpd00141_c is 0.41251815261914904...
Loop35 pFBA...19244.0...Ave likelihood of: cpd00216_c is 0.2358022305472146...
Loop36 pFBA...4802.0...Ave likelihood of: cpd00036_c is 0.22805402636189698...
Loop37 pFBA...16943.0...Ave likelihood of: cpd00581_c is 0.32610722157486477...
Loop38 pFBA...4763.0...Ave likelihood of: cpd00128_c is 0.22141531341169848...
Loop39 pFBA...5862.0...Ave likelihood of: cpd00018_c is 0.2796988084209449...
Loop40 pFBA...5862.0...Ave likelihood of: cpd00091_c is 0.2796988084209449...
Loop41 pFBA...3608.0...Ave likelihood of: cpd00092_c is 0.367146241373563...
Loop42 pFBA...63925.0...Ave likelihood of: cpd00305_c is 0.15833341483569252...
Loop43 pFBA...13725.0...Ave likelihood of: cpd00220_c is 0.2823854858298808...
Loop44 pFBA...14481.0...Ave likelihood of: cpd00218_c is 0.21245015777355888...
Loop45 pFBA...14570.0...Ave likelihood of: cpd00215_c is 0.29755423420108074...
Loop46 pFBA...28672.0...Ave likelihood of: cpd00104_c is 0.20697218399754896...
Loop47 pFBA...36069.0...Ave likelihood of: cpd00393_c is 0.16964297918864604...
Loop48 pFBA...5714.0...Ave likelihood of: cpd00363_c is 0.5636196699469501...
Loop49 pFBA...8589.0...Ave likelihood of: cpd00281_c is 0.20155083768066784...
Loop50 pFBA...4024.0...Ave likelihood of: cpd00025_c is 0.282132322045116...
Loop51 pFBA...19599.0...Ave likelihood of: cpd00811_c is 0.25857471676631133...
Loop52 pFBA...5421.0...Ave likelihood of: cpd00714_c is 0.37072697492799866...
Loop53 pFBA...5568.0...Ave likelihood of: cpd00117_c is 0.4716358837213972...
Loop54 pFBA...6842.0...Ave likelihood of: cpd00186_c is 0.3597450536892488...
Loop55 pFBA...21659.0...Ave likelihood of: cpd00637_c is 0.27736603013221683...
Loop56 pFBA...6502.0...Ave likelihood of: cpd00550_c is 0.30677948112691217...
Loop57 pFBA...4059.0...Ave likelihood of: cpd00033_c is 0.23772347177558906...
Loop58 pFBA...5446.0...Ave likelihood of: cpd00035_c is 0.4716358837213972...
Loop59 pFBA...18318.0...Ave likelihood of: cpd00051_c is 0.28431011184917954...
Loop60 pFBA...7913.0...Ave likelihood of: cpd00132_c is 0.24986823652955992...
Loop61 pFBA...5183.0...Ave likelihood of: cpd00041_c is 0.22301260027403583...
Loop62 pFBA...13756.0...Ave likelihood of: cpd00084_c is 0.25278187965884646...
Loop63 pFBA...6593.0...Ave likelihood of: cpd00023_c is 0.28142248148316823...
Loop64 pFBA...9083.0...Ave likelihood of: cpd00053_c is 0.31085657816724815...
Loop65 pFBA...16375.0...Ave likelihood of: cpd00119_c is 0.32359528764464823...
Loop66 pFBA...16757.0...Ave likelihood of: cpd00322_c is 0.23981432783579268...
Loop67 pFBA...14215.0...Ave likelihood of: cpd00107_c is 0.263782684925688...
Loop68 pFBA...17908.0...Ave likelihood of: cpd00039_c is 0.3404423105748667...
Loop69 pFBA...20659.0...Ave likelihood of: cpd00060_c is 0.28070778953140013...
Loop70 pFBA...21479.0...Ave likelihood of: cpd00066_c is 0.22833991125944195...
Loop71 pFBA...10266.0...Ave likelihood of: cpd00129_c is 0.20309371955877395...
Loop72 pFBA...5502.0...Ave likelihood of: cpd00054_c is 0.30677948112691217...
Loop73 pFBA...7652.0...Ave likelihood of: cpd00161_c is 0.36549420713105274...
Loop74 pFBA...27274.0...Ave likelihood of: cpd00065_c is 0.2496598842755113...
Loop75 pFBA...18879.0...Ave likelihood of: cpd00069_c is 0.23727451662361923...
Loop76 pFBA...7672.0...Ave likelihood of: cpd00156_c is 0.3329021122561462...
Loop77 pFBA...24547.0...Ave likelihood of: cpd00098_c is 0.2667634391757409...
Loop78 pFBA...14163.0...Ave likelihood of: cpd00274_c is 0.19459862589030133...
Loop79 pFBA...6688.0...Ave likelihood of: cpd00226_c is 0.3241479683813682...
Loop80 pFBA...4793.0...Ave likelihood of: cpd00246_c is 0.35590075555216644...
Loop81 pFBA...20842.0...Ave likelihood of: cpd00374_c is 0.2208748548159451...
Loop82 pFBA...5086.0...Ave likelihood of: cpd00221_c is 0.3491718469106909...
Loop83 pFBA...4348.0...Ave likelihood of: cpd00159_c is 0.3830596997498794...
Loop84 pFBA...10514.0...Ave likelihood of: cpd00211_c is 0.2138412851642681...
Loop85 pFBA...3766.0...Ave likelihood of: cpd00047_c is 0.21903153382601506...
Loop86 pFBA...5000.0...Ave likelihood of: cpd00106_c is 0.19004552807383465...
Loop87 pFBA...7734.0...Ave likelihood of: cpd00141_c is 0.3237043358104669...
Loop88 pFBA...20336.0...Ave likelihood of: cpd00216_c is 0.21553008636447438...
Loop89 pFBA...4802.0...Ave likelihood of: cpd00036_c is 0.22805402636189698...
Loop90 pFBA...16943.0...Ave likelihood of: cpd00581_c is 0.32610722157486477...
Loop91 pFBA...4763.0...Ave likelihood of: cpd00128_c is 0.22141531341169848...
Loop92 pFBA...5862.0...Ave likelihood of: cpd00018_c is 0.2796988084209449...
Loop93 pFBA...5862.0...Ave likelihood of: cpd00091_c is 0.2796988084209449...
Loop94 pFBA...3616.0...Ave likelihood of: cpd00092_c is 0.3220263629414833...
Loop95 pFBA...64097.0...Ave likelihood of: cpd00305_c is 0.11842828461241545...
Loop96 pFBA...14211.0...Ave likelihood of: cpd00220_c is 0.15259520870213777...
Loop97 pFBA...14725.0...Ave likelihood of: cpd00218_c is 0.20967944605709737...
Loop98 pFBA...15117.0...Ave likelihood of: cpd00215_c is 0.34520665517223303...
Loop99 pFBA...28720.0...Ave likelihood of: cpd00104_c is 0.16940590323396978...
Loop100 pFBA...36078.0...Ave likelihood of: cpd00393_c is 0.16994482076132333...
Loop101 pFBA...6434.0...Ave likelihood of: cpd00363_c is 0.3840776128527718...
Loop102 pFBA...8589.0...Ave likelihood of: cpd00281_c is 0.20155083768066784...
Loop103 pFBA...4209.0...Ave likelihood of: cpd00025_c is 0.39172722150260225...
Loop104 pFBA...20470.0...Ave likelihood of: cpd00811_c is 0.3006124230782635...
Loop105 pFBA...6379.0...Ave likelihood of: cpd00714_c is 0.42477778900827806...
Loop106 pFBA...5568.0...Ave likelihood of: cpd00117_c is 0.4716358837213972...
Loop107 pFBA...6842.0...Ave likelihood of: cpd00186_c is 0.3597450536892488...
Loop108 pFBA...21562.0...Ave likelihood of: cpd00637_c is 0.24934355399061695...
Loop109 pFBA...6458.0...Ave likelihood of: cpd00550_c is 0.301247526998067...
Loop110 pFBA...4059.0...Ave likelihood of: cpd00033_c is 0.22753649992470748...
Loop111 pFBA...5446.0...Ave likelihood of: cpd00035_c is 0.4716358837213972...
Loop112 pFBA...18222.0...Ave likelihood of: cpd00051_c is 0.2720770020415414...
Loop113 pFBA...7913.0...Ave likelihood of: cpd00132_c is 0.24986823652955992...
Loop114 pFBA...5183.0...Ave likelihood of: cpd00041_c is 0.22301260027403583...
Loop115 pFBA...13745.0...Ave likelihood of: cpd00084_c is 0.23353852804983244...
Loop116 pFBA...6593.0...Ave likelihood of: cpd00023_c is 0.28142248148316823...
Loop117 pFBA...9083.0...Ave likelihood of: cpd00053_c is 0.31085657816724815...
Loop118 pFBA...16375.0...Ave likelihood of: cpd00119_c is 0.3300671933975412...
Loop119 pFBA...16757.0...Ave likelihood of: cpd00322_c is 0.23981432783579268...
Loop120 pFBA...14215.0...Ave likelihood of: cpd00107_c is 0.263782684925688...
Loop121 pFBA...17740.0...Ave likelihood of: cpd00039_c is 0.28400696228118005...
Loop122 pFBA...20562.0...Ave likelihood of: cpd00060_c is 0.24934355399061695...
Loop123 pFBA...20972.0...Ave likelihood of: cpd00066_c is 0.22568664058273233...
Loop124 pFBA...10266.0...Ave likelihood of: cpd00129_c is 0.18616924292887613...
Loop125 pFBA...5458.0...Ave likelihood of: cpd00054_c is 0.3075235171438601...
Loop126 pFBA...7518.0...Ave likelihood of: cpd00161_c is 0.368511258561518...
Loop127 pFBA...27274.0...Ave likelihood of: cpd00065_c is 0.2496598842755113...
Loop128 pFBA...18499.0...Ave likelihood of: cpd00069_c is 0.19620273825905396...
Loop129 pFBA...7672.0...Ave likelihood of: cpd00156_c is 0.3329021122561462...
Loop130 pFBA...24134.0...Ave likelihood of: cpd00098_c is 0.2409753527518373...
Loop131 pFBA...14163.0...Ave likelihood of: cpd00274_c is 0.19459862589030133...
Loop132 pFBA...6688.0...Ave likelihood of: cpd00226_c is 0.3241479683813682...
Loop133 pFBA...4642.0...Ave likelihood of: cpd00246_c is 0.22696634358294165...
Loop134 pFBA...20460.0...Ave likelihood of: cpd00374_c is 0.2054838869818201...
Loop135 pFBA...4969.0...Ave likelihood of: cpd00221_c is 0.19020799045594206...
Loop136 pFBA...4334.0...Ave likelihood of: cpd00159_c is 0.3456827154133088...
Loop137 pFBA...10490.0...Ave likelihood of: cpd00211_c is 0.33691026140547525...
Loop138 pFBA...3766.0...Ave likelihood of: cpd00047_c is 0.21903153382601512...
Loop139 pFBA...5000.0...Ave likelihood of: cpd00106_c is 0.19004552807383465...
Loop140 pFBA...7679.0...Ave likelihood of: cpd00141_c is 0.37126595357059...
Loop141 pFBA...19670.0...Ave likelihood of: cpd00216_c is 0.22975762098786695...
Loop142 pFBA...4802.0...Ave likelihood of: cpd00036_c is 0.22805402636189698...
Loop143 pFBA...16943.0...Ave likelihood of: cpd00581_c is 0.32610722157486477...
Loop144 pFBA...4763.0...Ave likelihood of: cpd00128_c is 0.22141531341169848...
Loop145 pFBA...5862.0...Ave likelihood of: cpd00018_c is 0.2796988084209449...
Loop146 pFBA...5862.0...Ave likelihood of: cpd00091_c is 0.2796988084209449...
Loop147 pFBA...3616.0...Ave likelihood of: cpd00092_c is 0.3220263629414833...
Loop148 pFBA...64097.0...Ave likelihood of: cpd00305_c is 0.12084518838001575...
Loop149 pFBA...14051.0...Ave likelihood of: cpd00220_c is 0.2732101323917754...
Loop150 pFBA...14678.0...Ave likelihood of: cpd00218_c is 0.1344243485294422...
Loop151 pFBA...14800.0...Ave likelihood of: cpd00215_c is 0.23514495621443873...
Loop152 pFBA...28711.0...Ave likelihood of: cpd00104_c is 0.19426226316086598...
Loop153 pFBA...36069.0...Ave likelihood of: cpd00393_c is 0.15129182520219708...
Loop154 pFBA...6092.0...Ave likelihood of: cpd00363_c is 0.4333017035472588...
Loop155 pFBA...8589.0...Ave likelihood of: cpd00281_c is 0.20155083768066784...
Loop156 pFBA...4142.0...Ave likelihood of: cpd00025_c is 0.3079195262600206...
Loop157 pFBA...19989.0...Ave likelihood of: cpd00811_c is 0.27131643199704863...
Loop158 pFBA...6165.0...Ave likelihood of: cpd00714_c is 0.29358992702044234...
32.8249661684mins to complete!
