
The following have been reloaded with a version change:
  1) anaconda2/4.4.0 => anaconda2/5.1.0

Loading in models...Adding Water...Remove no-like rxns...Pruned 1 metabolites from model
Pruned 1 reactions from model
Set-up Universal...61.0seconds to complete

Loop0 pFBA...5548.0...Ave likelihood of: cpd00117_c is 0.2802439094228414...
Loop1 pFBA...7589.0...Ave likelihood of: cpd00186_c is 0.23518581170540445...
Loop2 pFBA...22424.0...Ave likelihood of: cpd00637_c is 0.19850138496470457...
Loop3 pFBA...6477.0...Ave likelihood of: cpd00550_c is 0.2922793688041105...
Loop4 pFBA...4240.0...Ave likelihood of: cpd00033_c is 0.20663633116989638...
Loop5 pFBA...5421.0...Ave likelihood of: cpd00035_c is 0.2802439094228414...
Loop6 pFBA...18626.0...Ave likelihood of: cpd00051_c is 0.24095361876254667...
Loop7 pFBA...8285.0...Ave likelihood of: cpd00132_c is 0.16812395295585056...
Loop8 pFBA...5638.0...Ave likelihood of: cpd00041_c is 0.10002559145955588...
Loop9 pFBA...13696.0...Ave likelihood of: cpd00084_c is 0.20914736681634655...
Loop10 pFBA...7357.0...Ave likelihood of: cpd00023_c is 0.1286390648937084...
Loop11 pFBA...9941.0...Ave likelihood of: cpd00053_c is 0.14499451302931068...
Loop12 pFBA...22148.0...Ave likelihood of: cpd00119_c is 0.10846001812465676...
Loop13 pFBA...17440.0...Ave likelihood of: cpd00322_c is 0.26379332199248645...
Loop14 pFBA...14722.0...Ave likelihood of: cpd00107_c is 0.25470707511239354...
Loop15 pFBA...17049.0...Ave likelihood of: cpd00039_c is 0.31751177340526304...
Loop16 pFBA...21424.0...Ave likelihood of: cpd00060_c is 0.20073173760475743...
Loop17 pFBA...21109.0...Ave likelihood of: cpd00066_c is 0.23492976480248354...
Loop18 pFBA...11357.0...Ave likelihood of: cpd00129_c is 0.06430503213447696...
Loop19 pFBA...5477.0...Ave likelihood of: cpd00054_c is 0.3001788112042216...
Loop20 pFBA...7752.0...Ave likelihood of: cpd00161_c is 0.3129923811848763...
Loop21 pFBA...29606.0...Ave likelihood of: cpd00065_c is 0.12312521493903829...
Loop22 pFBA...18989.0...Ave likelihood of: cpd00069_c is 0.23408867215609336...
Loop23 pFBA...8577.0...Ave likelihood of: cpd00156_c is 0.24262036538318205...
Loop24 pFBA...24273.0...Ave likelihood of: cpd00098_c is 0.18861411993989202...
Loop25 pFBA...15454.0...Ave likelihood of: cpd00274_c is 0.25667995727696474...
Loop26 pFBA...6647.0...Ave likelihood of: cpd00226_c is 0.4008657385440633...
Loop27 pFBA...4609.0...Ave likelihood of: cpd00246_c is 0.3879309387805903...
Loop28 pFBA...20914.0...Ave likelihood of: cpd00374_c is 0.22565747175129594...
Loop29 pFBA...4281.0...Ave likelihood of: cpd00221_c is 0.32284856203660556...
Loop30 pFBA...4131.0...Ave likelihood of: cpd00159_c is 0.37517828104493517...
Loop31 pFBA...10199.0...Ave likelihood of: cpd00211_c is 0.2914814475398682...
Loop32 pFBA...4016.0...Ave likelihood of: cpd00047_c is 0.36470286848872013...
Loop33 pFBA...5283.0...Ave likelihood of: cpd00106_c is 0.08799883943691952...
Loop34 pFBA...7790.0...Ave likelihood of: cpd00141_c is 0.3048298711643746...
Loop35 pFBA...20160.0...Ave likelihood of: cpd00216_c is 0.209650051705431...
Loop36 pFBA...5015.0...Ave likelihood of: cpd00036_c is 0.08240889652668808...
Loop37 pFBA...22766.0...Ave likelihood of: cpd00581_c is 0.12395174975933923...
Loop38 pFBA...4900.0...Ave likelihood of: cpd00128_c is 0.14204669693301053...
Loop39 pFBA...6079.0...Ave likelihood of: cpd00018_c is 0.30127239379723747...
Loop40 pFBA...5436.0...Ave likelihood of: cpd00091_c is 0.34413607307738264...
Loop41 pFBA...3938.0...Ave likelihood of: cpd00092_c is 0.19058704872946663...
Loop42 pFBA...62993.0...Ave likelihood of: cpd00305_c is 0.16249099081159943...
Loop43 pFBA...12370.0...Ave likelihood of: cpd00220_c is 0.19338987901507274...
Loop44 pFBA...14699.0...Ave likelihood of: cpd00218_c is 0.1425156746449732...
Loop45 pFBA...14595.0...Ave likelihood of: cpd00215_c is 0.21792623406436595...
Loop46 pFBA...28813.0...Ave likelihood of: cpd00104_c is 0.16341524001423197...
Loop47 pFBA...36577.0...Ave likelihood of: cpd00393_c is 0.21498111981246065...
Loop48 pFBA...6272.0...Ave likelihood of: cpd00363_c is 0.4035799298481216...
Loop49 pFBA...9357.0...Ave likelihood of: cpd00281_c is 0.09188504635264887...
Loop50 pFBA...4136.0...Ave likelihood of: cpd00025_c is 0.36510071875806255...
Loop51 pFBA...20324.0...Ave likelihood of: cpd00811_c is 0.21897610549242782...
Loop52 pFBA...5548.0...Ave likelihood of: cpd00117_c is 0.2802439094228414...
Loop53 pFBA...7589.0...Ave likelihood of: cpd00186_c is 0.23518581170540445...
Loop54 pFBA...22514.0...Ave likelihood of: cpd00637_c is 0.1841726598927349...
Loop55 pFBA...6536.0...Ave likelihood of: cpd00550_c is 0.30039784201546965...
Loop56 pFBA...4240.0...Ave likelihood of: cpd00033_c is 0.20663633116989638...
Loop57 pFBA...5421.0...Ave likelihood of: cpd00035_c is 0.2802439094228414...
Loop58 pFBA...18894.0...Ave likelihood of: cpd00051_c is 0.22070991354063357...
Loop59 pFBA...8285.0...Ave likelihood of: cpd00132_c is 0.16812395295585056...
Loop60 pFBA...5638.0...Ave likelihood of: cpd00041_c is 0.10002559145955588...
Loop61 pFBA...13948.0...Ave likelihood of: cpd00084_c is 0.21322103828083236...
Loop62 pFBA...7357.0...Ave likelihood of: cpd00023_c is 0.1286390648937084...
Loop63 pFBA...9941.0...Ave likelihood of: cpd00053_c is 0.14499451302931068...
Loop64 pFBA...22148.0...Ave likelihood of: cpd00119_c is 0.10846001812465676...
Loop65 pFBA...17522.0...Ave likelihood of: cpd00322_c is 0.20225369288686826...
Loop66 pFBA...14722.0...Ave likelihood of: cpd00107_c is 0.25470707511239354...
Loop67 pFBA...17159.0...Ave likelihood of: cpd00039_c is 0.3170035579132923...
Loop68 pFBA...21514.0...Ave likelihood of: cpd00060_c is 0.1863651915581246...
Loop69 pFBA...21557.0...Ave likelihood of: cpd00066_c is 0.16757694072455598...
Loop70 pFBA...11357.0...Ave likelihood of: cpd00129_c is 0.0714500357049744...
Loop71 pFBA...5536.0...Ave likelihood of: cpd00054_c is 0.32350536832435195...
Loop72 pFBA...7848.0...Ave likelihood of: cpd00161_c is 0.2347043895022466...
Loop73 pFBA...29606.0...Ave likelihood of: cpd00065_c is 0.12587684613040498...
Loop74 pFBA...19277.0...Ave likelihood of: cpd00069_c is 0.18680008741587623...
Loop75 pFBA...8577.0...Ave likelihood of: cpd00156_c is 0.24262036538318205...
Loop76 pFBA...24633.0...Ave likelihood of: cpd00098_c is 0.1279088734458774...
Loop77 pFBA...15715.0...Ave likelihood of: cpd00274_c is 0.2538102696498643...
Loop78 pFBA...6647.0...Ave likelihood of: cpd00226_c is 0.4008657385440633...
Loop79 pFBA...4932.0...Ave likelihood of: cpd00246_c is 0.2734634470694202...
Loop80 pFBA...21487.0...Ave likelihood of: cpd00374_c is 0.23178157360357202...
Loop81 pFBA...4487.0...Ave likelihood of: cpd00221_c is 0.28469858451446534...
Loop82 pFBA...4300.0...Ave likelihood of: cpd00159_c is 0.36068598569101373...
Loop83 pFBA...10302.0...Ave likelihood of: cpd00211_c is 0.14652191322744237...
Loop84 pFBA...4175.0...Ave likelihood of: cpd00047_c is 0.25260972871890913...
Loop85 pFBA...5283.0...Ave likelihood of: cpd00106_c is 0.08799883943691952...
Loop86 pFBA...7934.0...Ave likelihood of: cpd00141_c is 0.1849455390062945...
Loop87 pFBA...20296.0...Ave likelihood of: cpd00216_c is 0.2283382381525063...
Loop88 pFBA...5015.0...Ave likelihood of: cpd00036_c is 0.08240889652668808...
Loop89 pFBA...22766.0...Ave likelihood of: cpd00581_c is 0.12395174975933923...
Loop90 pFBA...4900.0...Ave likelihood of: cpd00128_c is 0.14204669693301053...
Loop91 pFBA...6079.0...Ave likelihood of: cpd00018_c is 0.30127239379723747...
Loop92 pFBA...5436.0...Ave likelihood of: cpd00091_c is 0.34413607307738264...
Loop93 pFBA...3938.0...Ave likelihood of: cpd00092_c is 0.19058704872946663...
Loop94 pFBA...62996.0...Ave likelihood of: cpd00305_c is 0.16614599967936827...
Loop95 pFBA...12370.0...Ave likelihood of: cpd00220_c is 0.18786445390035633...
Loop96 pFBA...14699.0...Ave likelihood of: cpd00218_c is 0.14028886722864545...
Loop97 pFBA...15179.0...Ave likelihood of: cpd00215_c is 0.20111709281031262...
Loop98 pFBA...28862.0...Ave likelihood of: cpd00104_c is 0.14093603112206207...
Loop99 pFBA...36577.0...Ave likelihood of: cpd00393_c is 0.21498111981246062...
Loop100 pFBA...6672.0...Ave likelihood of: cpd00363_c is 0.3041939370467115...
Loop101 pFBA...9357.0...Ave likelihood of: cpd00281_c is 0.09188504635264887...
Loop102 pFBA...4285.0...Ave likelihood of: cpd00025_c is 0.30559496175823364...
Loop103 pFBA...21287.0...Ave likelihood of: cpd00811_c is 0.18559651967771054...
Loop104 pFBA...5548.0...Ave likelihood of: cpd00117_c is 0.2802439094228414...
Loop105 pFBA...7589.0...Ave likelihood of: cpd00186_c is 0.23518581170540445...
Loop106 pFBA...22358.0...Ave likelihood of: cpd00637_c is 0.1978270122061461...
Loop107 pFBA...6506.0...Ave likelihood of: cpd00550_c is 0.2757374260174022...
Loop108 pFBA...4240.0...Ave likelihood of: cpd00033_c is 0.20663633116989638...
Loop109 pFBA...5421.0...Ave likelihood of: cpd00035_c is 0.2802439094228414...
Loop110 pFBA...18587.0...Ave likelihood of: cpd00051_c is 0.26702680616104346...
Loop111 pFBA...8285.0...Ave likelihood of: cpd00132_c is 0.16812395295585053...
Loop112 pFBA...5638.0...Ave likelihood of: cpd00041_c is 0.10373024299509498...
Loop113 pFBA...13868.0...Ave likelihood of: cpd00084_c is 0.21154519564005428...
Loop114 pFBA...7357.0...Ave likelihood of: cpd00023_c is 0.1286390648937084...
Loop115 pFBA...9941.0...Ave likelihood of: cpd00053_c is 0.14499451302931068...
Loop116 pFBA...22148.0...Ave likelihood of: cpd00119_c is 0.10846001812465676...
Loop117 pFBA...17416.0...Ave likelihood of: cpd00322_c is 0.264193544609752...
Loop118 pFBA...14722.0...Ave likelihood of: cpd00107_c is 0.25470707511239354...
Loop119 pFBA...17065.0...Ave likelihood of: cpd00039_c is 0.2883456351773144...
Loop120 pFBA...21358.0...Ave likelihood of: cpd00060_c is 0.2001273263015664...
Loop121 pFBA...20985.0...Ave likelihood of: cpd00066_c is 0.23938218894859864...
Loop122 pFBA...11357.0...Ave likelihood of: cpd00129_c is 0.06430503213447696...
Loop123 pFBA...5506.0...Ave likelihood of: cpd00054_c is 0.2817317178873457...
Loop124 pFBA...7708.0...Ave likelihood of: cpd00161_c is 0.3061535818518527...
Loop125 pFBA...29606.0...Ave likelihood of: cpd00065_c is 0.12312521493903829...
Loop126 pFBA...18884.0...Ave likelihood of: cpd00069_c is 0.24229038938607686...
Loop127 pFBA...8577.0...Ave likelihood of: cpd00156_c is 0.24262036538318205...
Loop128 pFBA...24160.0...Ave likelihood of: cpd00098_c is 0.20361850466475442...
Loop129 pFBA...15586.0...Ave likelihood of: cpd00274_c is 0.3318876815296206...
Loop130 pFBA...6647.0...Ave likelihood of: cpd00226_c is 0.4008657385440633...
Loop131 pFBA...4571.0...Ave likelihood of: cpd00246_c is 0.3145067159955035...
Loop132 pFBA...20787.0...Ave likelihood of: cpd00374_c is 0.20214382418148802...
Loop133 pFBA...4416.0...Ave likelihood of: cpd00221_c is 0.31436864295912215...
Loop134 pFBA...4250.0...Ave likelihood of: cpd00159_c is 0.32219839755387875...
Loop135 pFBA...10177.0...Ave likelihood of: cpd00211_c is 0.29584216055674895...
Loop136 pFBA...4100.0...Ave likelihood of: cpd00047_c is 0.3658498362552863...
Loop137 pFBA...5283.0...Ave likelihood of: cpd00106_c is 0.08799883943691952...
Loop138 pFBA...7911.0...Ave likelihood of: cpd00141_c is 0.220944475068485...
Loop139 pFBA...19957.0...Ave likelihood of: cpd00216_c is 0.19488020227277286...
Loop140 pFBA...5015.0...Ave likelihood of: cpd00036_c is 0.08240889652668808...
Loop141 pFBA...22766.0...Ave likelihood of: cpd00581_c is 0.12395174975933923...
Loop142 pFBA...4900.0...Ave likelihood of: cpd00128_c is 0.14204669693301053...
Loop143 pFBA...6079.0...Ave likelihood of: cpd00018_c is 0.30127239379723747...
Loop144 pFBA...5436.0...Ave likelihood of: cpd00091_c is 0.34413607307738264...
Loop145 pFBA...3938.0...Ave likelihood of: cpd00092_c is 0.19058704872946663...
Loop146 pFBA...62987.0...Ave likelihood of: cpd00305_c is 0.16192861775770856...
Loop147 pFBA...12370.0...Ave likelihood of: cpd00220_c is 0.1992501783791658...
Loop148 pFBA...14699.0...Ave likelihood of: cpd00218_c is 0.14028886722864545...
Loop149 pFBA...14492.0...Ave likelihood of: cpd00215_c is 0.22465664265733065...
Loop150 pFBA...28764.0...Ave likelihood of: cpd00104_c is 0.19506290986582234...
Loop151 pFBA...36577.0...Ave likelihood of: cpd00393_c is 0.21834019980953032...
Loop152 pFBA...6185.0...Ave likelihood of: cpd00363_c is 0.4308236989096393...
Loop153 pFBA...9357.0...Ave likelihood of: cpd00281_c is 0.09188504635264887...
Loop154 pFBA...4104.0...Ave likelihood of: cpd00025_c is 0.36149730371876804...
Loop155 pFBA...20179.0...Ave likelihood of: cpd00811_c is 0.22659209416341416...
31.7980120341mins to complete!
