
The following have been reloaded with a version change:
  1) anaconda2/4.4.0 => anaconda2/5.1.0

Loading in models...Adding Water...Remove no-like rxns...Pruned 1 metabolites from model
Pruned 1 reactions from model
Set-up Universal...62.0seconds to complete

Loop0 pFBA...5304.0...Ave likelihood of: cpd00117_c is 0.4068094002715743...
Loop1 pFBA...7601.0...Ave likelihood of: cpd00186_c is 0.23313094721121264...
Loop2 pFBA...22295.0...Ave likelihood of: cpd00637_c is 0.2132816420829277...
Loop3 pFBA...6336.0...Ave likelihood of: cpd00550_c is 0.4779728242714872...
Loop4 pFBA...4144.0...Ave likelihood of: cpd00033_c is 0.24930949714274622...
Loop5 pFBA...5172.0...Ave likelihood of: cpd00035_c is 0.41309264630198755...
Loop6 pFBA...18265.0...Ave likelihood of: cpd00051_c is 0.35885884937139073...
Loop7 pFBA...7824.0...Ave likelihood of: cpd00132_c is 0.21738574507073294...
Loop8 pFBA...5351.0...Ave likelihood of: cpd00041_c is 0.17813875126024475...
Loop9 pFBA...13715.0...Ave likelihood of: cpd00084_c is 0.2950999603253761...
Loop10 pFBA...7364.0...Ave likelihood of: cpd00023_c is 0.12715316937781523...
Loop11 pFBA...9500.0...Ave likelihood of: cpd00053_c is 0.25695259179531016...
Loop12 pFBA...21377.0...Ave likelihood of: cpd00119_c is 0.18264861702017673...
Loop13 pFBA...17254.0...Ave likelihood of: cpd00322_c is 0.15691112666135099...
Loop14 pFBA...14690.0...Ave likelihood of: cpd00107_c is 0.24453457101763215...
Loop15 pFBA...17004.0...Ave likelihood of: cpd00039_c is 0.3218443224043563...
Loop16 pFBA...21295.0...Ave likelihood of: cpd00060_c is 0.2157331552103177...
Loop17 pFBA...21060.0...Ave likelihood of: cpd00066_c is 0.24149461312419435...
Loop18 pFBA...10572.0...Ave likelihood of: cpd00129_c is 0.15866729840404473...
Loop19 pFBA...5336.0...Ave likelihood of: cpd00054_c is 0.5178038929607778...
Loop20 pFBA...7901.0...Ave likelihood of: cpd00161_c is 0.35690599772251397...
Loop21 pFBA...29343.0...Ave likelihood of: cpd00065_c is 0.17819978119088065...
Loop22 pFBA...18762.0...Ave likelihood of: cpd00069_c is 0.24439707174663833...
Loop23 pFBA...8391.0...Ave likelihood of: cpd00156_c is 0.21271714970069355...
Loop24 pFBA...23879.0...Ave likelihood of: cpd00098_c is 0.25157733951073263...
Loop25 pFBA...14449.0...Ave likelihood of: cpd00274_c is 0.2689097155153125...
Loop26 pFBA...6117.0...Ave likelihood of: cpd00226_c is 0.4299672358228165...
Loop27 pFBA...4734.0...Ave likelihood of: cpd00246_c is 0.3253864035912771...
Loop28 pFBA...20721.0...Ave likelihood of: cpd00374_c is 0.2766520810738475...
Loop29 pFBA...4317.0...Ave likelihood of: cpd00221_c is 0.324071218597491...
Loop30 pFBA...3995.0...Ave likelihood of: cpd00159_c is 0.33931219033625254...
Loop31 pFBA...10214.0...Ave likelihood of: cpd00211_c is 0.22477232576175493...
Loop32 pFBA...3997.0...Ave likelihood of: cpd00047_c is 0.41820861132831955...
Loop33 pFBA...5055.0...Ave likelihood of: cpd00106_c is 0.1916363772549841...
Loop34 pFBA...7711.0...Ave likelihood of: cpd00141_c is 0.2315449125752598...
Loop35 pFBA...20294.0...Ave likelihood of: cpd00216_c is 0.2528727923911186...
Loop36 pFBA...4970.0...Ave likelihood of: cpd00036_c is 0.14894279898115367...
Loop37 pFBA...21988.0...Ave likelihood of: cpd00581_c is 0.1892866444534649...
Loop38 pFBA...4231.0...Ave likelihood of: cpd00128_c is 0.4006516233461144...
Loop39 pFBA...5681.0...Ave likelihood of: cpd00018_c is 0.28576894409976444...
Loop40 pFBA...4721.0...Ave likelihood of: cpd00091_c is 0.36041617140974974...
Loop41 pFBA...3285.0...Ave likelihood of: cpd00092_c is 0.45190547233198686...
Loop42 pFBA...61565.0...Ave likelihood of: cpd00305_c is 0.18884232458501057...
Loop43 pFBA...12239.0...Ave likelihood of: cpd00220_c is 0.31781322320696326...
Loop44 pFBA...14669.0...Ave likelihood of: cpd00218_c is 0.18504413290773847...
Loop45 pFBA...14315.0...Ave likelihood of: cpd00215_c is 0.3309690468901022...
Loop46 pFBA...28161.0...Ave likelihood of: cpd00104_c is 0.1983809374764716...
Loop47 pFBA...34881.0...Ave likelihood of: cpd00393_c is 0.23043046701608275...
Loop48 pFBA...6227.0...Ave likelihood of: cpd00363_c is 0.5190902508639456...
Loop49 pFBA...9364.0...Ave likelihood of: cpd00281_c is 0.09082369241272517...
Loop50 pFBA...4165.0...Ave likelihood of: cpd00025_c is 0.3769827859346121...
Loop51 pFBA...20465.0...Ave likelihood of: cpd00811_c is 0.18873599174783975...
Loop52 pFBA...5612.0...Ave likelihood of: cpd00714_c is 0.43227842502694735...
Loop53 pFBA...5304.0...Ave likelihood of: cpd00117_c is 0.4068094002715743...
Loop54 pFBA...7601.0...Ave likelihood of: cpd00186_c is 0.23313094721121264...
Loop55 pFBA...22295.0...Ave likelihood of: cpd00637_c is 0.2132816420829277...
Loop56 pFBA...6336.0...Ave likelihood of: cpd00550_c is 0.4779728242714872...
Loop57 pFBA...4144.0...Ave likelihood of: cpd00033_c is 0.24930949714274622...
Loop58 pFBA...5172.0...Ave likelihood of: cpd00035_c is 0.41309264630198755...
Loop59 pFBA...18365.0...Ave likelihood of: cpd00051_c is 0.3241863714019535...
Loop60 pFBA...7824.0...Ave likelihood of: cpd00132_c is 0.21738574507073294...
Loop61 pFBA...5351.0...Ave likelihood of: cpd00041_c is 0.17813875126024475...
Loop62 pFBA...13762.0...Ave likelihood of: cpd00084_c is 0.284735786621149...
Loop63 pFBA...7364.0...Ave likelihood of: cpd00023_c is 0.12715316937781523...
Loop64 pFBA...9500.0...Ave likelihood of: cpd00053_c is 0.25693539321557435...
Loop65 pFBA...21377.0...Ave likelihood of: cpd00119_c is 0.18264861702017673...
Loop66 pFBA...17254.0...Ave likelihood of: cpd00322_c is 0.15691112666135099...
Loop67 pFBA...14690.0...Ave likelihood of: cpd00107_c is 0.24453457101763215...
Loop68 pFBA...17069.0...Ave likelihood of: cpd00039_c is 0.3034864066486076...
Loop69 pFBA...21295.0...Ave likelihood of: cpd00060_c is 0.2157331552103177...
Loop70 pFBA...21495.0...Ave likelihood of: cpd00066_c is 0.2744037467745197...
Loop71 pFBA...10572.0...Ave likelihood of: cpd00129_c is 0.14280056856364026...
Loop72 pFBA...5336.0...Ave likelihood of: cpd00054_c is 0.5178038929607778...
Loop73 pFBA...7918.0...Ave likelihood of: cpd00161_c is 0.3028053790262974...
Loop74 pFBA...29343.0...Ave likelihood of: cpd00065_c is 0.17819978119088065...
Loop75 pFBA...19069.0...Ave likelihood of: cpd00069_c is 0.27338761095583414...
Loop76 pFBA...8391.0...Ave likelihood of: cpd00156_c is 0.21271714970069355...
Loop77 pFBA...23941.0...Ave likelihood of: cpd00098_c is 0.24672799833202025...
Loop78 pFBA...14478.0...Ave likelihood of: cpd00274_c is 0.20802369532683412...
Loop79 pFBA...6117.0...Ave likelihood of: cpd00226_c is 0.4299672358228165...
Loop80 pFBA...4846.0...Ave likelihood of: cpd00246_c is 0.33415218150803083...
Loop81 pFBA...21179.0...Ave likelihood of: cpd00374_c is 0.2844355924179153...
Loop82 pFBA...4353.0...Ave likelihood of: cpd00221_c is 0.4080750468494199...
Loop83 pFBA...4022.0...Ave likelihood of: cpd00159_c is 0.40076978369422844...
Loop84 pFBA...10214.0...Ave likelihood of: cpd00211_c is 0.22477232576175493...
Loop85 pFBA...4072.0...Ave likelihood of: cpd00047_c is 0.3570717342049358...
Loop86 pFBA...5055.0...Ave likelihood of: cpd00106_c is 0.1916363772549841...
Loop87 pFBA...7717.0...Ave likelihood of: cpd00141_c is 0.2610197831441787...
Loop88 pFBA...20582.0...Ave likelihood of: cpd00216_c is 0.29319103139362884...
Loop89 pFBA...4970.0...Ave likelihood of: cpd00036_c is 0.14894279898115367...
Loop90 pFBA...21988.0...Ave likelihood of: cpd00581_c is 0.1892866444534649...
Loop91 pFBA...4231.0...Ave likelihood of: cpd00128_c is 0.4006516233461144...
Loop92 pFBA...5681.0...Ave likelihood of: cpd00018_c is 0.28576894409976444...
Loop93 pFBA...4721.0...Ave likelihood of: cpd00091_c is 0.36041617140974974...
Loop94 pFBA...3285.0...Ave likelihood of: cpd00092_c is 0.45190547233198686...
Loop95 pFBA...61573.0...Ave likelihood of: cpd00305_c is 0.19693364605353506...
Loop96 pFBA...12239.0...Ave likelihood of: cpd00220_c is 0.33331630726583955...
Loop97 pFBA...14737.0...Ave likelihood of: cpd00218_c is 0.19501694371053366...
Loop98 pFBA...14501.0...Ave likelihood of: cpd00215_c is 0.3600653379688456...
Loop99 pFBA...28161.0...Ave likelihood of: cpd00104_c is 0.19838093747647156...
Loop100 pFBA...34881.0...Ave likelihood of: cpd00393_c is 0.23043046701608275...
Loop101 pFBA...6412.0...Ave likelihood of: cpd00363_c is 0.3696834596764806...
Loop102 pFBA...9364.0...Ave likelihood of: cpd00281_c is 0.09082369241272517...
Loop103 pFBA...4198.0...Ave likelihood of: cpd00025_c is 0.3432086013125355...
Loop104 pFBA...20991.0...Ave likelihood of: cpd00811_c is 0.2902574078612544...
Loop105 pFBA...6327.0...Ave likelihood of: cpd00714_c is 0.48660537837260004...
Loop106 pFBA...5304.0...Ave likelihood of: cpd00117_c is 0.4068094002715743...
Loop107 pFBA...7601.0...Ave likelihood of: cpd00186_c is 0.23313094721121264...
Loop108 pFBA...22199.0...Ave likelihood of: cpd00637_c is 0.21251300261190612...
Loop109 pFBA...6336.0...Ave likelihood of: cpd00550_c is 0.4779728242714872...
Loop110 pFBA...4144.0...Ave likelihood of: cpd00033_c is 0.25401344991902447...
Loop111 pFBA...5172.0...Ave likelihood of: cpd00035_c is 0.41309264630198755...
Loop112 pFBA...17996.0...Ave likelihood of: cpd00051_c is 0.304809832065856...
Loop113 pFBA...7824.0...Ave likelihood of: cpd00132_c is 0.21738574507073294...
Loop114 pFBA...5351.0...Ave likelihood of: cpd00041_c is 0.18473648278840196...
Loop115 pFBA...13670.0...Ave likelihood of: cpd00084_c is 0.30965791017718597...
Loop116 pFBA...7364.0...Ave likelihood of: cpd00023_c is 0.12715316937781523...
Loop117 pFBA...9500.0...Ave likelihood of: cpd00053_c is 0.25693539321557435...
Loop118 pFBA...21377.0...Ave likelihood of: cpd00119_c is 0.18264861702017673...
Loop119 pFBA...17254.0...Ave likelihood of: cpd00322_c is 0.15691112666135099...
Loop120 pFBA...14690.0...Ave likelihood of: cpd00107_c is 0.24453457101763215...
Loop121 pFBA...16887.0...Ave likelihood of: cpd00039_c is 0.30830769121308016...
Loop122 pFBA...21199.0...Ave likelihood of: cpd00060_c is 0.21510462459497814...
Loop123 pFBA...20250.0...Ave likelihood of: cpd00066_c is 0.23392564663218385...
Loop124 pFBA...10572.0...Ave likelihood of: cpd00129_c is 0.14280056856364026...
Loop125 pFBA...5336.0...Ave likelihood of: cpd00054_c is 0.5178038929607778...
Loop126 pFBA...7756.0...Ave likelihood of: cpd00161_c is 0.3662122346972365...
Loop127 pFBA...29326.0...Ave likelihood of: cpd00065_c is 0.19756913798586578...
Loop128 pFBA...18216.0...Ave likelihood of: cpd00069_c is 0.2500772744278917...
Loop129 pFBA...8391.0...Ave likelihood of: cpd00156_c is 0.21271714970069355...
Loop130 pFBA...23460.0...Ave likelihood of: cpd00098_c is 0.27588757158432364...
Loop131 pFBA...14393.0...Ave likelihood of: cpd00274_c is 0.3301003225004194...
Loop132 pFBA...6117.0...Ave likelihood of: cpd00226_c is 0.42996723582281654...
Loop133 pFBA...4535.0...Ave likelihood of: cpd00246_c is 0.3842068482990422...
Loop134 pFBA...20032.0...Ave likelihood of: cpd00374_c is 0.27939787429098817...
Loop135 pFBA...4305.0...Ave likelihood of: cpd00221_c is 0.3675186072113291...
Loop136 pFBA...3994.0...Ave likelihood of: cpd00159_c is 0.3717672317191923...
Loop137 pFBA...10182.0...Ave likelihood of: cpd00211_c is 0.3122496489028853...
Loop138 pFBA...4005.0...Ave likelihood of: cpd00047_c is 0.4213803298241802...
Loop139 pFBA...5055.0...Ave likelihood of: cpd00106_c is 0.1916363772549841...
Loop140 pFBA...7707.0...Ave likelihood of: cpd00141_c is 0.3447873702776078...
Loop141 pFBA...19457.0...Ave likelihood of: cpd00216_c is 0.2644775049855138...
Loop142 pFBA...4959.0...Ave likelihood of: cpd00036_c is 0.29832082273367183...
Loop143 pFBA...21988.0...Ave likelihood of: cpd00581_c is 0.1892866444534649...
Loop144 pFBA...4231.0...Ave likelihood of: cpd00128_c is 0.4006516233461144...
Loop145 pFBA...5681.0...Ave likelihood of: cpd00018_c is 0.28576894409976444...
Loop146 pFBA...4721.0...Ave likelihood of: cpd00091_c is 0.36041617140974974...
Loop147 pFBA...3282.0...Ave likelihood of: cpd00092_c is 0.43887112887730756...
Loop148 pFBA...61426.0...Ave likelihood of: cpd00305_c is 0.21433713868552107...
Loop149 pFBA...12223.0...Ave likelihood of: cpd00220_c is 0.3372253751052627...
Loop150 pFBA...14400.0...Ave likelihood of: cpd00218_c is 0.21853361024400872...
Loop151 pFBA...13914.0...Ave likelihood of: cpd00215_c is 0.34102665785956554...
Loop152 pFBA...28053.0...Ave likelihood of: cpd00104_c is 0.25456446450224446...
Loop153 pFBA...34878.0...Ave likelihood of: cpd00393_c is 0.2602799536093169...
Loop154 pFBA...5749.0...Ave likelihood of: cpd00363_c is 0.5574550502470047...
Loop155 pFBA...9364.0...Ave likelihood of: cpd00281_c is 0.09082369241272517...
Loop156 pFBA...4065.0...Ave likelihood of: cpd00025_c is 0.36350030145346623...
Loop157 pFBA...19818.0...Ave likelihood of: cpd00811_c is 0.23671745585920406...
Loop158 pFBA...5221.0...Ave likelihood of: cpd00714_c is 0.533168158358294...
33.0324608485mins to complete!
