
The following have been reloaded with a version change:
  1) anaconda2/4.4.0 => anaconda2/5.1.0

Loading in models...Adding Water...Remove no-like rxns...Pruned 1 metabolites from model
Pruned 1 reactions from model
Set-up Universal...62.0seconds to complete

Loop0 pFBA...5364.0...Ave likelihood of: cpd00117_c is 0.3948198733265411...
Loop1 pFBA...7602.0...Ave likelihood of: cpd00186_c is 0.23299927259869316...
Loop2 pFBA...22323.0...Ave likelihood of: cpd00637_c is 0.2123623419487559...
Loop3 pFBA...6387.0...Ave likelihood of: cpd00550_c is 0.2984988761367822...
Loop4 pFBA...4197.0...Ave likelihood of: cpd00033_c is 0.22636903004972944...
Loop5 pFBA...5237.0...Ave likelihood of: cpd00035_c is 0.3948198733265411...
Loop6 pFBA...18114.0...Ave likelihood of: cpd00051_c is 0.34778024084033754...
Loop7 pFBA...7954.0...Ave likelihood of: cpd00132_c is 0.19155463395577857...
Loop8 pFBA...5455.0...Ave likelihood of: cpd00041_c is 0.2088906240873543...
Loop9 pFBA...13564.0...Ave likelihood of: cpd00084_c is 0.32954699755740313...
Loop10 pFBA...7345.0...Ave likelihood of: cpd00023_c is 0.13095633410769106...
Loop11 pFBA...9677.0...Ave likelihood of: cpd00053_c is 0.16547964138112745...
Loop12 pFBA...21137.0...Ave likelihood of: cpd00119_c is 0.16688446986392413...
Loop13 pFBA...17445.0...Ave likelihood of: cpd00322_c is 0.1258061452704077...
Loop14 pFBA...14894.0...Ave likelihood of: cpd00107_c is 0.24092215428591737...
Loop15 pFBA...20533.0...Ave likelihood of: cpd00039_c is 0.17310924067078018...
Loop16 pFBA...21323.0...Ave likelihood of: cpd00060_c is 0.21508493607630408...
Loop17 pFBA...20658.0...Ave likelihood of: cpd00066_c is 0.2502970483604185...
Loop18 pFBA...10610.0...Ave likelihood of: cpd00129_c is 0.13902392853642045...
Loop19 pFBA...5387.0...Ave likelihood of: cpd00054_c is 0.2999312517531028...
Loop20 pFBA...7797.0...Ave likelihood of: cpd00161_c is 0.3713732521089351...
Loop21 pFBA...29289.0...Ave likelihood of: cpd00065_c is 0.2082872157564243...
Loop22 pFBA...18517.0...Ave likelihood of: cpd00069_c is 0.25440150826996416...
Loop23 pFBA...8729.0...Ave likelihood of: cpd00156_c is 0.21644509384049884...
Loop24 pFBA...23744.0...Ave likelihood of: cpd00098_c is 0.21320221847847803...
Loop25 pFBA...14864.0...Ave likelihood of: cpd00274_c is 0.350474097422428...
Loop26 pFBA...6121.0...Ave likelihood of: cpd00226_c is 0.38053242027022405...
Loop27 pFBA...4516.0...Ave likelihood of: cpd00246_c is 0.399963366297988...
Loop28 pFBA...20334.0...Ave likelihood of: cpd00374_c is 0.24835002349171242...
Loop29 pFBA...4161.0...Ave likelihood of: cpd00221_c is 0.3377350470913612...
Loop30 pFBA...3974.0...Ave likelihood of: cpd00159_c is 0.448376023927223...
Loop31 pFBA...10114.0...Ave likelihood of: cpd00211_c is 0.23437816391724034...
Loop32 pFBA...4010.0...Ave likelihood of: cpd00047_c is 0.30457992241874654...
Loop33 pFBA...5238.0...Ave likelihood of: cpd00106_c is 0.16420872434132497...
Loop34 pFBA...7655.0...Ave likelihood of: cpd00141_c is 0.33267507239094035...
Loop35 pFBA...19758.0...Ave likelihood of: cpd00216_c is 0.2424388495552518...
Loop36 pFBA...5009.0...Ave likelihood of: cpd00036_c is 0.08031165289929526...
Loop37 pFBA...21773.0...Ave likelihood of: cpd00581_c is 0.1523078718804696...
Loop38 pFBA...4435.0...Ave likelihood of: cpd00128_c is 0.22653179971876414...
Loop39 pFBA...5999.0...Ave likelihood of: cpd00018_c is 0.31584643928589035...
Loop40 pFBA...5187.0...Ave likelihood of: cpd00091_c is 0.40932822828908655...
Loop41 pFBA...3563.0...Ave likelihood of: cpd00092_c is 0.37593646970032724...
Loop42 pFBA...62587.0...Ave likelihood of: cpd00305_c is 0.17692040317494392...
Loop43 pFBA...13750.0...Ave likelihood of: cpd00220_c is 0.2964977055818828...
Loop44 pFBA...14601.0...Ave likelihood of: cpd00218_c is 0.18562923950954496...
Loop45 pFBA...14382.0...Ave likelihood of: cpd00215_c is 0.31116470005867214...
Loop46 pFBA...28438.0...Ave likelihood of: cpd00104_c is 0.2092152371260021...
Loop47 pFBA...36417.0...Ave likelihood of: cpd00393_c is 0.15334031203537263...
Loop48 pFBA...5959.0...Ave likelihood of: cpd00363_c is 0.5007120922499655...
Loop49 pFBA...9190.0...Ave likelihood of: cpd00281_c is 0.11572191390269658...
Loop50 pFBA...4074.0...Ave likelihood of: cpd00025_c is 0.25779056958671354...
Loop51 pFBA...19984.0...Ave likelihood of: cpd00811_c is 0.27103906424319346...
Loop52 pFBA...5364.0...Ave likelihood of: cpd00117_c is 0.3948198733265411...
Loop53 pFBA...7602.0...Ave likelihood of: cpd00186_c is 0.23299927259869316...
Loop54 pFBA...22488.0...Ave likelihood of: cpd00637_c is 0.1195494208614268...
Loop55 pFBA...6425.0...Ave likelihood of: cpd00550_c is 0.38031121336091345...
Loop56 pFBA...4197.0...Ave likelihood of: cpd00033_c is 0.22636903004972944...
Loop57 pFBA...5237.0...Ave likelihood of: cpd00035_c is 0.3948198733265411...
Loop58 pFBA...18603.0...Ave likelihood of: cpd00051_c is 0.3041863223345919...
Loop59 pFBA...7954.0...Ave likelihood of: cpd00132_c is 0.19155463395577857...
Loop60 pFBA...5455.0...Ave likelihood of: cpd00041_c is 0.2088906240873543...
Loop61 pFBA...13753.0...Ave likelihood of: cpd00084_c is 0.2525941190922384...
Loop62 pFBA...7345.0...Ave likelihood of: cpd00023_c is 0.13095633410769106...
Loop63 pFBA...9677.0...Ave likelihood of: cpd00053_c is 0.16547964138112745...
Loop64 pFBA...21137.0...Ave likelihood of: cpd00119_c is 0.17383798944158765...
Loop65 pFBA...17445.0...Ave likelihood of: cpd00322_c is 0.1258061452704077...
Loop66 pFBA...14894.0...Ave likelihood of: cpd00107_c is 0.1927791132591147...
Loop67 pFBA...21048.0...Ave likelihood of: cpd00039_c is 0.24806753558490785...
Loop68 pFBA...21488.0...Ave likelihood of: cpd00060_c is 0.12118708416089838...
Loop69 pFBA...21430.0...Ave likelihood of: cpd00066_c is 0.24950227411044573...
Loop70 pFBA...10610.0...Ave likelihood of: cpd00129_c is 0.15447103170713383...
Loop71 pFBA...5425.0...Ave likelihood of: cpd00054_c is 0.40566529425164105...
Loop72 pFBA...7973.0...Ave likelihood of: cpd00161_c is 0.24199771546760873...
Loop73 pFBA...29297.0...Ave likelihood of: cpd00065_c is 0.1708990880743447...
Loop74 pFBA...19035.0...Ave likelihood of: cpd00069_c is 0.2835516046459677...
Loop75 pFBA...8729.0...Ave likelihood of: cpd00156_c is 0.21644509384049884...
Loop76 pFBA...24332.0...Ave likelihood of: cpd00098_c is 0.18287878392243762...
Loop77 pFBA...15267.0...Ave likelihood of: cpd00274_c is 0.19425200624590927...
Loop78 pFBA...6121.0...Ave likelihood of: cpd00226_c is 0.38053242027022405...
Loop79 pFBA...4849.0...Ave likelihood of: cpd00246_c is 0.33077010265380463...
Loop80 pFBA...21212.0...Ave likelihood of: cpd00374_c is 0.2649844140834575...
Loop81 pFBA...4297.0...Ave likelihood of: cpd00221_c is 0.3053189624462044...
Loop82 pFBA...4134.0...Ave likelihood of: cpd00159_c is 0.3147125874374479...
Loop83 pFBA...10158.0...Ave likelihood of: cpd00211_c is 0.13477921195075596...
Loop84 pFBA...4077.0...Ave likelihood of: cpd00047_c is 0.40605018206235877...
Loop85 pFBA...5238.0...Ave likelihood of: cpd00106_c is 0.1389996824601229...
Loop86 pFBA...7794.0...Ave likelihood of: cpd00141_c is 0.1949150918324947...
Loop87 pFBA...20434.0...Ave likelihood of: cpd00216_c is 0.23214376497887043...
Loop88 pFBA...5009.0...Ave likelihood of: cpd00036_c is 0.08031165289929526...
Loop89 pFBA...21773.0...Ave likelihood of: cpd00581_c is 0.14886442628786922...
Loop90 pFBA...4435.0...Ave likelihood of: cpd00128_c is 0.22653179971876414...
Loop91 pFBA...5999.0...Ave likelihood of: cpd00018_c is 0.31584643928589035...
Loop92 pFBA...5187.0...Ave likelihood of: cpd00091_c is 0.40932822828908655...
Loop93 pFBA...3563.0...Ave likelihood of: cpd00092_c is 0.37593646970032724...
Loop94 pFBA...62663.0...Ave likelihood of: cpd00305_c is 0.17550018536308243...
Loop95 pFBA...13798.0...Ave likelihood of: cpd00220_c is 0.17620472276815155...
Loop96 pFBA...14808.0...Ave likelihood of: cpd00218_c is 0.17237378367284148...
Loop97 pFBA...14738.0...Ave likelihood of: cpd00215_c is 0.27491653570732905...
Loop98 pFBA...28516.0...Ave likelihood of: cpd00104_c is 0.16589581984626137...
Loop99 pFBA...36423.0...Ave likelihood of: cpd00393_c is 0.16995232330629756...
Loop100 pFBA...6458.0...Ave likelihood of: cpd00363_c is 0.4524732234265797...
Loop101 pFBA...9190.0...Ave likelihood of: cpd00281_c is 0.11572191390269658...
Loop102 pFBA...4240.0...Ave likelihood of: cpd00025_c is 0.36262436108295315...
Loop103 pFBA...21113.0...Ave likelihood of: cpd00811_c is 0.2897275687672359...
Loop104 pFBA...5364.0...Ave likelihood of: cpd00117_c is 0.3948198733265411...
Loop105 pFBA...7602.0...Ave likelihood of: cpd00186_c is 0.23299927259869316...
Loop106 pFBA...22459.0...Ave likelihood of: cpd00637_c is 0.16551036983765346...
Loop107 pFBA...6414.0...Ave likelihood of: cpd00550_c is 0.2950603163647048...
Loop108 pFBA...4197.0...Ave likelihood of: cpd00033_c is 0.2222532295033707...
Loop109 pFBA...5237.0...Ave likelihood of: cpd00035_c is 0.3948198733265411...
Loop110 pFBA...18260.0...Ave likelihood of: cpd00051_c is 0.2987055645817998...
Loop111 pFBA...7954.0...Ave likelihood of: cpd00132_c is 0.19155463395577857...
Loop112 pFBA...5455.0...Ave likelihood of: cpd00041_c is 0.17503795861116025...
Loop113 pFBA...13695.0...Ave likelihood of: cpd00084_c is 0.3141236487478117...
Loop114 pFBA...7345.0...Ave likelihood of: cpd00023_c is 0.13095633410769106...
Loop115 pFBA...9677.0...Ave likelihood of: cpd00053_c is 0.16547964138112745...
Loop116 pFBA...21137.0...Ave likelihood of: cpd00119_c is 0.17029027537135116...
Loop117 pFBA...17445.0...Ave likelihood of: cpd00322_c is 0.1258061452704077...
Loop118 pFBA...14894.0...Ave likelihood of: cpd00107_c is 0.1927791132591147...
Loop119 pFBA...20674.0...Ave likelihood of: cpd00039_c is 0.19073633192360565...
Loop120 pFBA...21459.0...Ave likelihood of: cpd00060_c is 0.1691084213558633...
Loop121 pFBA...20799.0...Ave likelihood of: cpd00066_c is 0.26808342507030475...
Loop122 pFBA...10610.0...Ave likelihood of: cpd00129_c is 0.15447103170713383...
Loop123 pFBA...5414.0...Ave likelihood of: cpd00054_c is 0.30147467106828535...
Loop124 pFBA...7854.0...Ave likelihood of: cpd00161_c is 0.3285287043388948...
Loop125 pFBA...29297.0...Ave likelihood of: cpd00065_c is 0.16847982087897026...
Loop126 pFBA...18592.0...Ave likelihood of: cpd00069_c is 0.25657226112141596...
Loop127 pFBA...8729.0...Ave likelihood of: cpd00156_c is 0.21644509384049884...
Loop128 pFBA...23948.0...Ave likelihood of: cpd00098_c is 0.201053212746234...
Loop129 pFBA...15005.0...Ave likelihood of: cpd00274_c is 0.33713806518057293...
Loop130 pFBA...6121.0...Ave likelihood of: cpd00226_c is 0.38053242027022405...
Loop131 pFBA...4605.0...Ave likelihood of: cpd00246_c is 0.3877496337902017...
Loop132 pFBA...20504.0...Ave likelihood of: cpd00374_c is 0.27406801384991547...
Loop133 pFBA...4276.0...Ave likelihood of: cpd00221_c is 0.35535730455944803...
Loop134 pFBA...4093.0...Ave likelihood of: cpd00159_c is 0.35071249525076176...
Loop135 pFBA...10130.0...Ave likelihood of: cpd00211_c is 0.24860261984623255...
Loop136 pFBA...4064.0...Ave likelihood of: cpd00047_c is 0.3155712420957392...
Loop137 pFBA...5238.0...Ave likelihood of: cpd00106_c is 0.1389996824601229...
Loop138 pFBA...7770.0...Ave likelihood of: cpd00141_c is 0.24459652226183692...
Loop139 pFBA...19970.0...Ave likelihood of: cpd00216_c is 0.22221117397052195...
Loop140 pFBA...5009.0...Ave likelihood of: cpd00036_c is 0.08031165289929526...
Loop141 pFBA...21773.0...Ave likelihood of: cpd00581_c is 0.1523078718804696...
Loop142 pFBA...4435.0...Ave likelihood of: cpd00128_c is 0.22653179971876414...
Loop143 pFBA...5999.0...Ave likelihood of: cpd00018_c is 0.31584643928589035...
Loop144 pFBA...5187.0...Ave likelihood of: cpd00091_c is 0.40932822828908655...
Loop145 pFBA...3563.0...Ave likelihood of: cpd00092_c is 0.37593646970032724...
Loop146 pFBA...62581.0...Ave likelihood of: cpd00305_c is 0.17878409735249176...
Loop147 pFBA...13795.0...Ave likelihood of: cpd00220_c is 0.23380279496409462...
Loop148 pFBA...14741.0...Ave likelihood of: cpd00218_c is 0.18031440698412665...
Loop149 pFBA...14433.0...Ave likelihood of: cpd00215_c is 0.2729833799733502...
Loop150 pFBA...28428.0...Ave likelihood of: cpd00104_c is 0.19229495197819016...
Loop151 pFBA...36415.0...Ave likelihood of: cpd00393_c is 0.1540523628917734...
Loop152 pFBA...6034.0...Ave likelihood of: cpd00363_c is 0.4457074139407569...
Loop153 pFBA...9190.0...Ave likelihood of: cpd00281_c is 0.11572191390269658...
Loop154 pFBA...4142.0...Ave likelihood of: cpd00025_c is 0.3276074452733479...
Loop155 pFBA...20246.0...Ave likelihood of: cpd00811_c is 0.2106910574520941...
32.8470312317mins to complete!
