
The following have been reloaded with a version change:
  1) anaconda2/4.4.0 => anaconda2/5.1.0

Loading in models...Adding Water...Remove no-like rxns...Pruned 1 metabolites from model
Pruned 1 reactions from model
Set-up Universal...63.0seconds to complete

Loop0 pFBA...5547.0...Ave likelihood of: cpd00117_c is 0.28038343126920806...
Loop1 pFBA...7587.0...Ave likelihood of: cpd00186_c is 0.23543601273579196...
Loop2 pFBA...22513.0...Ave likelihood of: cpd00637_c is 0.19533141502988594...
Loop3 pFBA...6483.0...Ave likelihood of: cpd00550_c is 0.2974813000672018...
Loop4 pFBA...4244.0...Ave likelihood of: cpd00033_c is 0.20481887625086134...
Loop5 pFBA...5420.0...Ave likelihood of: cpd00035_c is 0.28038343126920806...
Loop6 pFBA...18788.0...Ave likelihood of: cpd00051_c is 0.219244254906525...
Loop7 pFBA...8284.0...Ave likelihood of: cpd00132_c is 0.16852124195948137...
Loop8 pFBA...5636.0...Ave likelihood of: cpd00041_c is 0.10027883546970265...
Loop9 pFBA...13729.0...Ave likelihood of: cpd00084_c is 0.24677897284470762...
Loop10 pFBA...7356.0...Ave likelihood of: cpd00023_c is 0.12871876901925847...
Loop11 pFBA...9941.0...Ave likelihood of: cpd00053_c is 0.14507860514569487...
Loop12 pFBA...22148.0...Ave likelihood of: cpd00119_c is 0.10842042988788028...
Loop13 pFBA...17618.0...Ave likelihood of: cpd00322_c is 0.24660569744983463...
Loop14 pFBA...14825.0...Ave likelihood of: cpd00107_c is 0.24452557189150084...
Loop15 pFBA...17076.0...Ave likelihood of: cpd00039_c is 0.30794422447235226...
Loop16 pFBA...21513.0...Ave likelihood of: cpd00060_c is 0.19743175282590622...
Loop17 pFBA...21307.0...Ave likelihood of: cpd00066_c is 0.2273069081243827...
Loop18 pFBA...11357.0...Ave likelihood of: cpd00129_c is 0.07149289888594336...
Loop19 pFBA...5483.0...Ave likelihood of: cpd00054_c is 0.305744669513513...
Loop20 pFBA...7774.0...Ave likelihood of: cpd00161_c is 0.29505969662373294...
Loop21 pFBA...29629.0...Ave likelihood of: cpd00065_c is 0.12207247089479052...
Loop22 pFBA...19093.0...Ave likelihood of: cpd00069_c is 0.21900548129151257...
Loop23 pFBA...8576.0...Ave likelihood of: cpd00156_c is 0.24266656967090572...
Loop24 pFBA...24335.0...Ave likelihood of: cpd00098_c is 0.19287661536857115...
Loop25 pFBA...15517.0...Ave likelihood of: cpd00274_c is 0.25257329248058613...
Loop26 pFBA...6728.0...Ave likelihood of: cpd00226_c is 0.29496078468500225...
Loop27 pFBA...4666.0...Ave likelihood of: cpd00246_c is 0.26579422373114814...
Loop28 pFBA...21012.0...Ave likelihood of: cpd00374_c is 0.2217392512904802...
Loop29 pFBA...4324.0...Ave likelihood of: cpd00221_c is 0.3190721668629178...
Loop30 pFBA...4152.0...Ave likelihood of: cpd00159_c is 0.3695330512621521...
Loop31 pFBA...10370.0...Ave likelihood of: cpd00211_c is 0.33041340376821504...
Loop32 pFBA...4059.0...Ave likelihood of: cpd00047_c is 0.3015388913726412...
Loop33 pFBA...5280.0...Ave likelihood of: cpd00106_c is 0.08835884410820621...
Loop34 pFBA...7804.0...Ave likelihood of: cpd00141_c is 0.31261813449656806...
Loop35 pFBA...20374.0...Ave likelihood of: cpd00216_c is 0.17395384447301196...
Loop36 pFBA...5015.0...Ave likelihood of: cpd00036_c is 0.08242987129656969...
Loop37 pFBA...22766.0...Ave likelihood of: cpd00581_c is 0.12390650606016607...
Loop38 pFBA...4922.0...Ave likelihood of: cpd00128_c is 0.13704664921144538...
Loop39 pFBA...6077.0...Ave likelihood of: cpd00018_c is 0.30155829138318874...
Loop40 pFBA...5417.0...Ave likelihood of: cpd00091_c is 0.3455653898524629...
Loop41 pFBA...3938.0...Ave likelihood of: cpd00092_c is 0.19062267349242168...
Loop42 pFBA...63136.0...Ave likelihood of: cpd00305_c is 0.16119105351458737...
Loop43 pFBA...12374.0...Ave likelihood of: cpd00220_c is 0.18576510693621875...
Loop44 pFBA...14710.0...Ave likelihood of: cpd00218_c is 0.13887073314746173...
Loop45 pFBA...14663.0...Ave likelihood of: cpd00215_c is 0.21899451706428685...
Loop46 pFBA...29001.0...Ave likelihood of: cpd00104_c is 0.1523549317881375...
Loop47 pFBA...36593.0...Ave likelihood of: cpd00393_c is 0.21441427827453996...
Loop48 pFBA...6291.0...Ave likelihood of: cpd00363_c is 0.39983151973088155...
Loop49 pFBA...9356.0...Ave likelihood of: cpd00281_c is 0.0919419778708989...
Loop50 pFBA...4181.0...Ave likelihood of: cpd00025_c is 0.24195469351809612...
Loop51 pFBA...20393.0...Ave likelihood of: cpd00811_c is 0.21527361492610986...
Loop52 pFBA...5547.0...Ave likelihood of: cpd00117_c is 0.28038343126920806...
Loop53 pFBA...7587.0...Ave likelihood of: cpd00186_c is 0.23543601273579196...
Loop54 pFBA...22571.0...Ave likelihood of: cpd00637_c is 0.17824018652732876...
Loop55 pFBA...6532.0...Ave likelihood of: cpd00550_c is 0.30129696920605303...
Loop56 pFBA...4244.0...Ave likelihood of: cpd00033_c is 0.20481887625086134...
Loop57 pFBA...5420.0...Ave likelihood of: cpd00035_c is 0.28038343126920806...
Loop58 pFBA...18974.0...Ave likelihood of: cpd00051_c is 0.1985002613463238...
Loop59 pFBA...8284.0...Ave likelihood of: cpd00132_c is 0.16852124195948137...
Loop60 pFBA...5636.0...Ave likelihood of: cpd00041_c is 0.10027883546970265...
Loop61 pFBA...13966.0...Ave likelihood of: cpd00084_c is 0.21166669963261137...
Loop62 pFBA...7356.0...Ave likelihood of: cpd00023_c is 0.12871876901925847...
Loop63 pFBA...9941.0...Ave likelihood of: cpd00053_c is 0.14506305642303605...
Loop64 pFBA...22148.0...Ave likelihood of: cpd00119_c is 0.10842042988788028...
Loop65 pFBA...17677.0...Ave likelihood of: cpd00322_c is 0.19667110419073758...
Loop66 pFBA...14825.0...Ave likelihood of: cpd00107_c is 0.24452557189150084...
Loop67 pFBA...17161.0...Ave likelihood of: cpd00039_c is 0.3223067344369732...
Loop68 pFBA...21571.0...Ave likelihood of: cpd00060_c is 0.18036209350979696...
Loop69 pFBA...21843.0...Ave likelihood of: cpd00066_c is 0.15889001506945183...
Loop70 pFBA...11357.0...Ave likelihood of: cpd00129_c is 0.06434360899734902...
Loop71 pFBA...5532.0...Ave likelihood of: cpd00054_c is 0.3244736591449802...
Loop72 pFBA...7846.0...Ave likelihood of: cpd00161_c is 0.2348364786308913...
Loop73 pFBA...29629.0...Ave likelihood of: cpd00065_c is 0.12482410208615721...
Loop74 pFBA...19471.0...Ave likelihood of: cpd00069_c is 0.20853748264870361...
Loop75 pFBA...8576.0...Ave likelihood of: cpd00156_c is 0.24266656967090572...
Loop76 pFBA...24650.0...Ave likelihood of: cpd00098_c is 0.12998400223544457...
Loop77 pFBA...15744.0...Ave likelihood of: cpd00274_c is 0.2530369315863805...
Loop78 pFBA...6728.0...Ave likelihood of: cpd00226_c is 0.29496078468500225...
Loop79 pFBA...4933.0...Ave likelihood of: cpd00246_c is 0.22528338393824926...
Loop80 pFBA...21698.0...Ave likelihood of: cpd00374_c is 0.20932766872218367...
Loop81 pFBA...4486.0...Ave likelihood of: cpd00221_c is 0.2850844133299633...
Loop82 pFBA...4299.0...Ave likelihood of: cpd00159_c is 0.3540638021346012...
Loop83 pFBA...10475.0...Ave likelihood of: cpd00211_c is 0.19882599170921753...
Loop84 pFBA...4186.0...Ave likelihood of: cpd00047_c is 0.1934322547172586...
Loop85 pFBA...5280.0...Ave likelihood of: cpd00106_c is 0.08835884410820621...
Loop86 pFBA...7933.0...Ave likelihood of: cpd00141_c is 0.18504100132222964...
Loop87 pFBA...20692.0...Ave likelihood of: cpd00216_c is 0.19666172281125405...
Loop88 pFBA...5015.0...Ave likelihood of: cpd00036_c is 0.08242987129656969...
Loop89 pFBA...22766.0...Ave likelihood of: cpd00581_c is 0.12390650606016607...
Loop90 pFBA...4922.0...Ave likelihood of: cpd00128_c is 0.13704664921144538...
Loop91 pFBA...6077.0...Ave likelihood of: cpd00018_c is 0.30155829138318874...
Loop92 pFBA...5417.0...Ave likelihood of: cpd00091_c is 0.3455653898524629...
Loop93 pFBA...3938.0...Ave likelihood of: cpd00092_c is 0.19062267349242168...
Loop94 pFBA...63137.0...Ave likelihood of: cpd00305_c is 0.16204620453908752...
Loop95 pFBA...12374.0...Ave likelihood of: cpd00220_c is 0.19702359826568655...
Loop96 pFBA...14710.0...Ave likelihood of: cpd00218_c is 0.13887073314746173...
Loop97 pFBA...15216.0...Ave likelihood of: cpd00215_c is 0.20430672456909982...
Loop98 pFBA...29045.0...Ave likelihood of: cpd00104_c is 0.13541875220954616...
Loop99 pFBA...36593.0...Ave likelihood of: cpd00393_c is 0.21441427827454...
Loop100 pFBA...6631.0...Ave likelihood of: cpd00363_c is 0.3067701493820114...
Loop101 pFBA...9356.0...Ave likelihood of: cpd00281_c is 0.0919419778708989...
Loop102 pFBA...4285.0...Ave likelihood of: cpd00025_c is 0.2853565089440348...
Loop103 pFBA...21308.0...Ave likelihood of: cpd00811_c is 0.16701456086558836...
Loop104 pFBA...5547.0...Ave likelihood of: cpd00117_c is 0.28038343126920806...
Loop105 pFBA...7587.0...Ave likelihood of: cpd00186_c is 0.23543601273579196...
Loop106 pFBA...22434.0...Ave likelihood of: cpd00637_c is 0.19412247134090133...
Loop107 pFBA...6524.0...Ave likelihood of: cpd00550_c is 0.2646563664219309...
Loop108 pFBA...4244.0...Ave likelihood of: cpd00033_c is 0.20481887625086134...
Loop109 pFBA...5420.0...Ave likelihood of: cpd00035_c is 0.28038343126920806...
Loop110 pFBA...18774.0...Ave likelihood of: cpd00051_c is 0.22753375929265282...
Loop111 pFBA...8284.0...Ave likelihood of: cpd00132_c is 0.16852124195948137...
Loop112 pFBA...5636.0...Ave likelihood of: cpd00041_c is 0.10027883546970265...
Loop113 pFBA...13927.0...Ave likelihood of: cpd00084_c is 0.22642597066787598...
Loop114 pFBA...7356.0...Ave likelihood of: cpd00023_c is 0.12871876901925847...
Loop115 pFBA...9941.0...Ave likelihood of: cpd00053_c is 0.14507860514569487...
Loop116 pFBA...22148.0...Ave likelihood of: cpd00119_c is 0.10842042988788028...
Loop117 pFBA...17586.0...Ave likelihood of: cpd00322_c is 0.2499912838488109...
Loop118 pFBA...14825.0...Ave likelihood of: cpd00107_c is 0.24452557189150084...
Loop119 pFBA...17127.0...Ave likelihood of: cpd00039_c is 0.2753636927070775...
Loop120 pFBA...21434.0...Ave likelihood of: cpd00060_c is 0.196379709379749...
Loop121 pFBA...21137.0...Ave likelihood of: cpd00066_c is 0.21321027276109453...
Loop122 pFBA...11357.0...Ave likelihood of: cpd00129_c is 0.06434360899734902...
Loop123 pFBA...5524.0...Ave likelihood of: cpd00054_c is 0.27977958736032704...
Loop124 pFBA...7772.0...Ave likelihood of: cpd00161_c is 0.29087325231384076...
Loop125 pFBA...29629.0...Ave likelihood of: cpd00065_c is 0.12207247089479052...
Loop126 pFBA...18942.0...Ave likelihood of: cpd00069_c is 0.21510108095181177...
Loop127 pFBA...8576.0...Ave likelihood of: cpd00156_c is 0.24266656967090572...
Loop128 pFBA...24183.0...Ave likelihood of: cpd00098_c is 0.21440772777882472...
Loop129 pFBA...15743.0...Ave likelihood of: cpd00274_c is 0.2967960523462531...
Loop130 pFBA...6728.0...Ave likelihood of: cpd00226_c is 0.29496078468500225...
Loop131 pFBA...4614.0...Ave likelihood of: cpd00246_c is 0.28041251313331417...
Loop132 pFBA...20841.0...Ave likelihood of: cpd00374_c is 0.19998001870307064...
Loop133 pFBA...4422.0...Ave likelihood of: cpd00221_c is 0.2928535991386339...
Loop134 pFBA...4255.0...Ave likelihood of: cpd00159_c is 0.30075363987491693...
Loop135 pFBA...10322.0...Ave likelihood of: cpd00211_c is 0.3173570226610574...
Loop136 pFBA...4147.0...Ave likelihood of: cpd00047_c is 0.3557384963751565...
Loop137 pFBA...5280.0...Ave likelihood of: cpd00106_c is 0.08835884410820621...
Loop138 pFBA...7932.0...Ave likelihood of: cpd00141_c is 0.22973953034055541...
Loop139 pFBA...20093.0...Ave likelihood of: cpd00216_c is 0.1746631218456904...
Loop140 pFBA...5015.0...Ave likelihood of: cpd00036_c is 0.08242987129656969...
Loop141 pFBA...22766.0...Ave likelihood of: cpd00581_c is 0.12390650606016607...
Loop142 pFBA...4922.0...Ave likelihood of: cpd00128_c is 0.13704664921144538...
Loop143 pFBA...6077.0...Ave likelihood of: cpd00018_c is 0.30155829138318874...
Loop144 pFBA...5417.0...Ave likelihood of: cpd00091_c is 0.3455653898524629...
Loop145 pFBA...3938.0...Ave likelihood of: cpd00092_c is 0.19062267349242168...
Loop146 pFBA...63129.0...Ave likelihood of: cpd00305_c is 0.16441846759670986...
Loop147 pFBA...12374.0...Ave likelihood of: cpd00220_c is 0.19702359826568655...
Loop148 pFBA...14710.0...Ave likelihood of: cpd00218_c is 0.13887073314746173...
Loop149 pFBA...14517.0...Ave likelihood of: cpd00215_c is 0.21793053012226038...
Loop150 pFBA...29018.0...Ave likelihood of: cpd00104_c is 0.16149345619286293...
Loop151 pFBA...36593.0...Ave likelihood of: cpd00393_c is 0.21441427827453996...
Loop152 pFBA...6268.0...Ave likelihood of: cpd00363_c is 0.42310308175631345...
Loop153 pFBA...9356.0...Ave likelihood of: cpd00281_c is 0.0919419778708989...
Loop154 pFBA...4136.0...Ave likelihood of: cpd00025_c is 0.2461575523766138...
Loop155 pFBA...20198.0...Ave likelihood of: cpd00811_c is 0.23166408042896178...
33.9682896336mins to complete!
