
The following have been reloaded with a version change:
  1) anaconda2/4.4.0 => anaconda2/5.1.0

Loading in models...Adding Water...Remove no-like rxns...Pruned 1 metabolites from model
Pruned 1 reactions from model
Set-up Universal...60.0seconds to complete

Loop0 pFBA...6190.0...Ave likelihood of: cpd00117_c is 0.23091055927154086...
Loop1 pFBA...8232.0...Ave likelihood of: cpd00186_c is 0.12807930088551597...
Loop2 pFBA...22905.0...Ave likelihood of: cpd00637_c is 0.18754172083745832...
Loop3 pFBA...7028.0...Ave likelihood of: cpd00550_c is 0.27272456058468303...
Loop4 pFBA...4744.0...Ave likelihood of: cpd00033_c is 0.18024407547773727...
Loop5 pFBA...6028.0...Ave likelihood of: cpd00035_c is 0.22406363998332227...
Loop6 pFBA...19341.0...Ave likelihood of: cpd00051_c is 0.267211754596831...
Loop7 pFBA...8880.0...Ave likelihood of: cpd00132_c is 0.128680365216263...
Loop8 pFBA...6002.0...Ave likelihood of: cpd00041_c is 0.0564827322572697...
Loop9 pFBA...14255.0...Ave likelihood of: cpd00084_c is 0.2529958854696272...
Loop10 pFBA...7999.0...Ave likelihood of: cpd00023_c is 0.00012146805188593685...
Loop11 pFBA...10583.0...Ave likelihood of: cpd00053_c is 0.1283393093063143...
Loop12 pFBA...22794.0...Ave likelihood of: cpd00119_c is 0.08818216692155255...
Loop13 pFBA...17961.0...Ave likelihood of: cpd00322_c is 0.2481201144273678...
Loop14 pFBA...14899.0...Ave likelihood of: cpd00107_c is 0.20022298087255025...
Loop15 pFBA...17694.0...Ave likelihood of: cpd00039_c is 0.2992233060290955...
Loop16 pFBA...21905.0...Ave likelihood of: cpd00060_c is 0.18974809402378137...
Loop17 pFBA...21370.0...Ave likelihood of: cpd00066_c is 0.19940922162663172...
Loop18 pFBA...12000.0...Ave likelihood of: cpd00129_c is 4.077471417593255e-05...
Loop19 pFBA...6028.0...Ave likelihood of: cpd00054_c is 0.2782903679435541...
Loop20 pFBA...8312.0...Ave likelihood of: cpd00161_c is 0.2854288019412549...
Loop21 pFBA...29954.0...Ave likelihood of: cpd00065_c is 0.11444237532580885...
Loop22 pFBA...19189.0...Ave likelihood of: cpd00069_c is 0.2242829659126484...
Loop23 pFBA...8765.0...Ave likelihood of: cpd00156_c is 0.16425871527306393...
Loop24 pFBA...24922.0...Ave likelihood of: cpd00098_c is 0.1739766626178922...
Loop25 pFBA...16127.0...Ave likelihood of: cpd00274_c is 0.24320200737205805...
Loop26 pFBA...7078.0...Ave likelihood of: cpd00226_c is 0.2774423726555948...
Loop27 pFBA...5056.0...Ave likelihood of: cpd00246_c is 0.2969414506465159...
Loop28 pFBA...21196.0...Ave likelihood of: cpd00374_c is 0.17911109104110262...
Loop29 pFBA...4308.0...Ave likelihood of: cpd00221_c is 0.29900526685198564...
Loop30 pFBA...4189.0...Ave likelihood of: cpd00159_c is 0.334253909258603...
Loop31 pFBA...10489.0...Ave likelihood of: cpd00211_c is 0.27142956521306555...
Loop32 pFBA...4065.0...Ave likelihood of: cpd00047_c is 0.3398027932883626...
Loop33 pFBA...5283.0...Ave likelihood of: cpd00106_c is 0.0880543987530171...
Loop34 pFBA...7916.0...Ave likelihood of: cpd00141_c is 0.37729627215551353...
Loop35 pFBA...20467.0...Ave likelihood of: cpd00216_c is 0.2073579324308243...
Loop36 pFBA...5064.0...Ave likelihood of: cpd00036_c is 0.04858760847366136...
Loop37 pFBA...22794.0...Ave likelihood of: cpd00581_c is 0.0968999071904602...
Loop38 pFBA...4994.0...Ave likelihood of: cpd00128_c is 0.0911178639517841...
Loop39 pFBA...6200.0...Ave likelihood of: cpd00018_c is 0.11622065348741639...
Loop40 pFBA...5545.0...Ave likelihood of: cpd00091_c is 0.14327068323019604...
Loop41 pFBA...4057.0...Ave likelihood of: cpd00092_c is 0.24684529519079018...
Loop42 pFBA...63333.0...Ave likelihood of: cpd00305_c is 0.16574289812070847...
Loop43 pFBA...12633.0...Ave likelihood of: cpd00220_c is 0.17765574678894513...
Loop44 pFBA...14711.0...Ave likelihood of: cpd00218_c is 0.1386700384500263...
Loop45 pFBA...14623.0...Ave likelihood of: cpd00215_c is 0.22163885939031588...
Loop46 pFBA...29107.0...Ave likelihood of: cpd00104_c is 0.1474583614596748...
Loop47 pFBA...36567.0...Ave likelihood of: cpd00393_c is 0.17789801070909064...
Loop48 pFBA...6366.0...Ave likelihood of: cpd00363_c is 0.409709925385561...
Loop49 pFBA...9999.0...Ave likelihood of: cpd00281_c is 8.676289420424061e-05...
Loop50 pFBA...4212.0...Ave likelihood of: cpd00025_c is 0.27831071005938646...
Loop51 pFBA...20961.0...Ave likelihood of: cpd00811_c is 0.20821748974922866...
Loop52 pFBA...6190.0...Ave likelihood of: cpd00117_c is 0.23091055927154086...
Loop53 pFBA...8232.0...Ave likelihood of: cpd00186_c is 0.12807930088551597...
Loop54 pFBA...22964.0...Ave likelihood of: cpd00637_c is 0.16246363312367385...
Loop55 pFBA...7164.0...Ave likelihood of: cpd00550_c is 0.1630100975124756...
Loop56 pFBA...4744.0...Ave likelihood of: cpd00033_c is 0.18024407547773727...
Loop57 pFBA...6028.0...Ave likelihood of: cpd00035_c is 0.22406363998332227...
Loop58 pFBA...19615.0...Ave likelihood of: cpd00051_c is 0.18997965037962958...
Loop59 pFBA...8880.0...Ave likelihood of: cpd00132_c is 0.128680365216263...
Loop60 pFBA...6002.0...Ave likelihood of: cpd00041_c is 0.0564827322572697...
Loop61 pFBA...14392.0...Ave likelihood of: cpd00084_c is 0.2118211746413482...
Loop62 pFBA...7999.0...Ave likelihood of: cpd00023_c is 0.00012146805188593685...
Loop63 pFBA...10583.0...Ave likelihood of: cpd00053_c is 0.12832332666790827...
Loop64 pFBA...22794.0...Ave likelihood of: cpd00119_c is 0.08818216692155255...
Loop65 pFBA...18028.0...Ave likelihood of: cpd00322_c is 0.18421966780053028...
Loop66 pFBA...14899.0...Ave likelihood of: cpd00107_c is 0.20022298087255025...
Loop67 pFBA...17805.0...Ave likelihood of: cpd00039_c is 0.31044327344697487...
Loop68 pFBA...21964.0...Ave likelihood of: cpd00060_c is 0.16437496998395235...
Loop69 pFBA...21737.0...Ave likelihood of: cpd00066_c is 0.19078836681497774...
Loop70 pFBA...12000.0...Ave likelihood of: cpd00129_c is 4.077471417593255e-05...
Loop71 pFBA...6164.0...Ave likelihood of: cpd00054_c is 0.16729983692069866...
Loop72 pFBA...8463.0...Ave likelihood of: cpd00161_c is 0.24113323487061486...
Loop73 pFBA...29955.0...Ave likelihood of: cpd00065_c is 0.10100520095519817...
Loop74 pFBA...19511.0...Ave likelihood of: cpd00069_c is 0.19040959801398702...
Loop75 pFBA...8765.0...Ave likelihood of: cpd00156_c is 0.16425871527306393...
Loop76 pFBA...25280.0...Ave likelihood of: cpd00098_c is 0.11328578308212578...
Loop77 pFBA...16387.0...Ave likelihood of: cpd00274_c is 0.24120832954557064...
Loop78 pFBA...7078.0...Ave likelihood of: cpd00226_c is 0.2774423726555948...
Loop79 pFBA...5147.0...Ave likelihood of: cpd00246_c is 0.1971558777880681...
Loop80 pFBA...21812.0...Ave likelihood of: cpd00374_c is 0.1875246041046842...
Loop81 pFBA...4746.0...Ave likelihood of: cpd00221_c is 0.3064177937919448...
Loop82 pFBA...4515.0...Ave likelihood of: cpd00159_c is 0.28068888739799025...
Loop83 pFBA...10602.0...Ave likelihood of: cpd00211_c is 0.13100065147357387...
Loop84 pFBA...4245.0...Ave likelihood of: cpd00047_c is 0.3809646360822184...
Loop85 pFBA...5283.0...Ave likelihood of: cpd00106_c is 0.08805439875301709...
Loop86 pFBA...8193.0...Ave likelihood of: cpd00141_c is 0.1512151275196675...
Loop87 pFBA...20467.0...Ave likelihood of: cpd00216_c is 0.20735793243082434...
Loop88 pFBA...5064.0...Ave likelihood of: cpd00036_c is 0.04858760847366136...
Loop89 pFBA...22794.0...Ave likelihood of: cpd00581_c is 0.0968999071904602...
Loop90 pFBA...4994.0...Ave likelihood of: cpd00128_c is 0.0911178639517841...
Loop91 pFBA...6200.0...Ave likelihood of: cpd00018_c is 0.11622065348741639...
Loop92 pFBA...5545.0...Ave likelihood of: cpd00091_c is 0.14327068323019604...
Loop93 pFBA...4057.0...Ave likelihood of: cpd00092_c is 0.24684529519079018...
Loop94 pFBA...63488.0...Ave likelihood of: cpd00305_c is 0.16257944413177622...
Loop95 pFBA...12633.0...Ave likelihood of: cpd00220_c is 0.18320748887609967...
Loop96 pFBA...14711.0...Ave likelihood of: cpd00218_c is 0.1386700384500263...
Loop97 pFBA...15206.0...Ave likelihood of: cpd00215_c is 0.20495716369143063...
Loop98 pFBA...29204.0...Ave likelihood of: cpd00104_c is 0.13117806825660497...
Loop99 pFBA...36567.0...Ave likelihood of: cpd00393_c is 0.17789801070909061...
Loop100 pFBA...7188.0...Ave likelihood of: cpd00363_c is 0.3589011651631954...
Loop101 pFBA...9999.0...Ave likelihood of: cpd00281_c is 8.676289420424061e-05...
Loop102 pFBA...4363.0...Ave likelihood of: cpd00025_c is 0.33682883959628496...
Loop103 pFBA...21950.0...Ave likelihood of: cpd00811_c is 0.1508796801429678...
Loop104 pFBA...6190.0...Ave likelihood of: cpd00117_c is 0.23091055927154086...
Loop105 pFBA...8232.0...Ave likelihood of: cpd00186_c is 0.12807930088551597...
Loop106 pFBA...22866.0...Ave likelihood of: cpd00637_c is 0.17850706182624893...
Loop107 pFBA...7086.0...Ave likelihood of: cpd00550_c is 0.27444227675638266...
Loop108 pFBA...4744.0...Ave likelihood of: cpd00033_c is 0.18024407547773727...
Loop109 pFBA...6028.0...Ave likelihood of: cpd00035_c is 0.22406363998332227...
Loop110 pFBA...19292.0...Ave likelihood of: cpd00051_c is 0.250285620965397...
Loop111 pFBA...8880.0...Ave likelihood of: cpd00132_c is 0.128680365216263...
Loop112 pFBA...6002.0...Ave likelihood of: cpd00041_c is 0.0564827322572697...
Loop113 pFBA...14383.0...Ave likelihood of: cpd00084_c is 0.24256063162375935...
Loop114 pFBA...7999.0...Ave likelihood of: cpd00023_c is 0.00012146805188593685...
Loop115 pFBA...10583.0...Ave likelihood of: cpd00053_c is 0.12832332666790827...
Loop116 pFBA...22794.0...Ave likelihood of: cpd00119_c is 0.08818216692155255...
Loop117 pFBA...17921.0...Ave likelihood of: cpd00322_c is 0.25134621851369043...
Loop118 pFBA...14899.0...Ave likelihood of: cpd00107_c is 0.20022298087255025...
Loop119 pFBA...17711.0...Ave likelihood of: cpd00039_c is 0.2668244631883663...
Loop120 pFBA...21866.0...Ave likelihood of: cpd00060_c is 0.18049047362431836...
Loop121 pFBA...21196.0...Ave likelihood of: cpd00066_c is 0.20759981520003928...
Loop122 pFBA...12000.0...Ave likelihood of: cpd00129_c is 4.077471417593255e-05...
Loop123 pFBA...6086.0...Ave likelihood of: cpd00054_c is 0.28015982418880736...
Loop124 pFBA...8274.0...Ave likelihood of: cpd00161_c is 0.31266385515709194...
Loop125 pFBA...29946.0...Ave likelihood of: cpd00065_c is 0.13631363560953877...
Loop126 pFBA...19093.0...Ave likelihood of: cpd00069_c is 0.20194645727093505...
Loop127 pFBA...8765.0...Ave likelihood of: cpd00156_c is 0.16425871527306393...
Loop128 pFBA...24803.0...Ave likelihood of: cpd00098_c is 0.17323849179908066...
Loop129 pFBA...16268.0...Ave likelihood of: cpd00274_c is 0.316149206141934...
Loop130 pFBA...7078.0...Ave likelihood of: cpd00226_c is 0.2774423726555948...
Loop131 pFBA...5056.0...Ave likelihood of: cpd00246_c is 0.35594646354927134...
Loop132 pFBA...21016.0...Ave likelihood of: cpd00374_c is 0.18349131617513603...
Loop133 pFBA...4533.0...Ave likelihood of: cpd00221_c is 0.31905569685616614...
Loop134 pFBA...4397.0...Ave likelihood of: cpd00159_c is 0.312174342455202...
Loop135 pFBA...10466.0...Ave likelihood of: cpd00211_c is 0.2761171037356317...
Loop136 pFBA...4150.0...Ave likelihood of: cpd00047_c is 0.34892880756657085...
Loop137 pFBA...5283.0...Ave likelihood of: cpd00106_c is 0.0880543987530171...
Loop138 pFBA...8095.0...Ave likelihood of: cpd00141_c is 0.2386930554336756...
Loop139 pFBA...20412.0...Ave likelihood of: cpd00216_c is 0.2103504410337891...
Loop140 pFBA...5060.0...Ave likelihood of: cpd00036_c is 0.24926203442388098...
Loop141 pFBA...22794.0...Ave likelihood of: cpd00581_c is 0.0968999071904602...
Loop142 pFBA...4994.0...Ave likelihood of: cpd00128_c is 0.0911178639517841...
Loop143 pFBA...6200.0...Ave likelihood of: cpd00018_c is 0.11622065348741639...
Loop144 pFBA...5545.0...Ave likelihood of: cpd00091_c is 0.14327068323019604...
Loop145 pFBA...4057.0...Ave likelihood of: cpd00092_c is 0.24684529519079018...
Loop146 pFBA...63309.0...Ave likelihood of: cpd00305_c is 0.16412987821374536...
Loop147 pFBA...12633.0...Ave likelihood of: cpd00220_c is 0.18320748887609967...
Loop148 pFBA...14711.0...Ave likelihood of: cpd00218_c is 0.1408711501714553...
Loop149 pFBA...14507.0...Ave likelihood of: cpd00215_c is 0.21853290576762732...
Loop150 pFBA...29027.0...Ave likelihood of: cpd00104_c is 0.14354312466043812...
Loop151 pFBA...36567.0...Ave likelihood of: cpd00393_c is 0.17789801070909061...
Loop152 pFBA...6441.0...Ave likelihood of: cpd00363_c is 0.3864394285419705...
Loop153 pFBA...9999.0...Ave likelihood of: cpd00281_c is 8.676289420424061e-05...
Loop154 pFBA...4175.0...Ave likelihood of: cpd00025_c is 0.2763774967427605...
Loop155 pFBA...20808.0...Ave likelihood of: cpd00811_c is 0.2225184133362166...
31.4139430165mins to complete!
