
The following have been reloaded with a version change:
  1) anaconda2/4.4.0 => anaconda2/5.1.0

Loading in models...Adding Water...Remove no-like rxns...Pruned 1 metabolites from model
Pruned 1 reactions from model
Set-up Universal...63.0seconds to complete

Loop0 pFBA...5547.0...Ave likelihood of: cpd00117_c is 0.2803527758363042...
Loop1 pFBA...7588.0...Ave likelihood of: cpd00186_c is 0.23536959263116689...
Loop2 pFBA...22491.0...Ave likelihood of: cpd00637_c is 0.19643164835684473...
Loop3 pFBA...6478.0...Ave likelihood of: cpd00550_c is 0.29179810045903604...
Loop4 pFBA...4244.0...Ave likelihood of: cpd00033_c is 0.20516816039189992...
Loop5 pFBA...5420.0...Ave likelihood of: cpd00035_c is 0.2803527758363042...
Loop6 pFBA...18750.0...Ave likelihood of: cpd00051_c is 0.21421837707295202...
Loop7 pFBA...8284.0...Ave likelihood of: cpd00132_c is 0.16850795793855636...
Loop8 pFBA...5636.0...Ave likelihood of: cpd00041_c is 0.10397810638977496...
Loop9 pFBA...13714.0...Ave likelihood of: cpd00084_c is 0.24889519838109608...
Loop10 pFBA...7357.0...Ave likelihood of: cpd00023_c is 0.1286390648937084...
Loop11 pFBA...9941.0...Ave likelihood of: cpd00053_c is 0.14135076070896874...
Loop12 pFBA...22148.0...Ave likelihood of: cpd00119_c is 0.10841331344809903...
Loop13 pFBA...17609.0...Ave likelihood of: cpd00322_c is 0.24832024547429354...
Loop14 pFBA...14810.0...Ave likelihood of: cpd00107_c is 0.24594395661249122...
Loop15 pFBA...17059.0...Ave likelihood of: cpd00039_c is 0.30953946348328637...
Loop16 pFBA...21491.0...Ave likelihood of: cpd00060_c is 0.1985438166187463...
Loop17 pFBA...21257.0...Ave likelihood of: cpd00066_c is 0.2292630966465248...
Loop18 pFBA...11357.0...Ave likelihood of: cpd00129_c is 0.06430375693457399...
Loop19 pFBA...5478.0...Ave likelihood of: cpd00054_c is 0.30800910604009357...
Loop20 pFBA...7759.0...Ave likelihood of: cpd00161_c is 0.3030601417217766...
Loop21 pFBA...29629.0...Ave likelihood of: cpd00065_c is 0.12235394418680796...
Loop22 pFBA...19048.0...Ave likelihood of: cpd00069_c is 0.22088592418378053...
Loop23 pFBA...8577.0...Ave likelihood of: cpd00156_c is 0.2425521037090455...
Loop24 pFBA...24284.0...Ave likelihood of: cpd00098_c is 0.19462623860103345...
Loop25 pFBA...15490.0...Ave likelihood of: cpd00274_c is 0.2551207835729894...
Loop26 pFBA...6723.0...Ave likelihood of: cpd00226_c is 0.2955332692018932...
Loop27 pFBA...4651.0...Ave likelihood of: cpd00246_c is 0.24871762156771382...
Loop28 pFBA...20961.0...Ave likelihood of: cpd00374_c is 0.22376642246164535...
Loop29 pFBA...4290.0...Ave likelihood of: cpd00221_c is 0.32207688841038123...
Loop30 pFBA...4135.0...Ave likelihood of: cpd00159_c is 0.37448625183481743...
Loop31 pFBA...10361.0...Ave likelihood of: cpd00211_c is 0.3108527990144843...
Loop32 pFBA...4029.0...Ave likelihood of: cpd00047_c is 0.3212525117178422...
Loop33 pFBA...5280.0...Ave likelihood of: cpd00106_c is 0.08835884410820621...
Loop34 pFBA...7792.0...Ave likelihood of: cpd00141_c is 0.3157535081487567...
Loop35 pFBA...20298.0...Ave likelihood of: cpd00216_c is 0.17570267101716805...
Loop36 pFBA...5015.0...Ave likelihood of: cpd00036_c is 0.08240889652668808...
Loop37 pFBA...22766.0...Ave likelihood of: cpd00581_c is 0.12389837298613036...
Loop38 pFBA...4922.0...Ave likelihood of: cpd00128_c is 0.13701818345232036...
Loop39 pFBA...6077.0...Ave likelihood of: cpd00018_c is 0.3015317233413387...
Loop40 pFBA...5417.0...Ave likelihood of: cpd00091_c is 0.34553882181061285...
Loop41 pFBA...3938.0...Ave likelihood of: cpd00092_c is 0.19059610545057168...
Loop42 pFBA...63113.0...Ave likelihood of: cpd00305_c is 0.1622095648938845...
Loop43 pFBA...12268.0...Ave likelihood of: cpd00220_c is 0.20127585425040173...
Loop44 pFBA...14710.0...Ave likelihood of: cpd00218_c is 0.13918415675355145...
Loop45 pFBA...14633.0...Ave likelihood of: cpd00215_c is 0.22098309268198263...
Loop46 pFBA...28970.0...Ave likelihood of: cpd00104_c is 0.14356256378004859...
Loop47 pFBA...36582.0...Ave likelihood of: cpd00393_c is 0.21503148168345507...
Loop48 pFBA...6251.0...Ave likelihood of: cpd00363_c is 0.4043366284914884...
Loop49 pFBA...9357.0...Ave likelihood of: cpd00281_c is 0.09188504635264887...
Loop50 pFBA...4172.0...Ave likelihood of: cpd00025_c is 0.2437153854017718...
Loop51 pFBA...20340.0...Ave likelihood of: cpd00811_c is 0.22383447336959428...
Loop52 pFBA...5547.0...Ave likelihood of: cpd00117_c is 0.2803527758363042...
Loop53 pFBA...7588.0...Ave likelihood of: cpd00186_c is 0.23536959263116689...
Loop54 pFBA...22566.0...Ave likelihood of: cpd00637_c is 0.1748522984589061...
Loop55 pFBA...6533.0...Ave likelihood of: cpd00550_c is 0.30126850344692807...
Loop56 pFBA...4244.0...Ave likelihood of: cpd00033_c is 0.20516816039189992...
Loop57 pFBA...5420.0...Ave likelihood of: cpd00035_c is 0.2803527758363042...
Loop58 pFBA...18965.0...Ave likelihood of: cpd00051_c is 0.19876240254848368...
Loop59 pFBA...8284.0...Ave likelihood of: cpd00132_c is 0.16850795793855636...
Loop60 pFBA...5636.0...Ave likelihood of: cpd00041_c is 0.10026460259014014...
Loop61 pFBA...13964.0...Ave likelihood of: cpd00084_c is 0.21198891699461594...
Loop62 pFBA...7357.0...Ave likelihood of: cpd00023_c is 0.1286390648937084...
Loop63 pFBA...9941.0...Ave likelihood of: cpd00053_c is 0.14135076070896874...
Loop64 pFBA...22148.0...Ave likelihood of: cpd00119_c is 0.10841331344809903...
Loop65 pFBA...17677.0...Ave likelihood of: cpd00322_c is 0.1966924829876604...
Loop66 pFBA...14810.0...Ave likelihood of: cpd00107_c is 0.24594395661249122...
Loop67 pFBA...17162.0...Ave likelihood of: cpd00039_c is 0.3226213007905521...
Loop68 pFBA...21566.0...Ave likelihood of: cpd00060_c is 0.17683925639593912...
Loop69 pFBA...21836.0...Ave likelihood of: cpd00066_c is 0.1720659635219301...
Loop70 pFBA...11357.0...Ave likelihood of: cpd00129_c is 0.07144861881619333...
Loop71 pFBA...5533.0...Ave likelihood of: cpd00054_c is 0.3244430037120764...
Loop72 pFBA...7846.0...Ave likelihood of: cpd00161_c is 0.23482705978388033...
Loop73 pFBA...29629.0...Ave likelihood of: cpd00065_c is 0.12235394418680796...
Loop74 pFBA...19463.0...Ave likelihood of: cpd00069_c is 0.20912535878752644...
Loop75 pFBA...8577.0...Ave likelihood of: cpd00156_c is 0.2425521037090455...
Loop76 pFBA...24634.0...Ave likelihood of: cpd00098_c is 0.13297488051811662...
Loop77 pFBA...15744.0...Ave likelihood of: cpd00274_c is 0.25302521039144665...
Loop78 pFBA...6723.0...Ave likelihood of: cpd00226_c is 0.2955332692018932...
Loop79 pFBA...4931.0...Ave likelihood of: cpd00246_c is 0.22206461770968022...
Loop80 pFBA...21686.0...Ave likelihood of: cpd00374_c is 0.21000796135774044...
Loop81 pFBA...4486.0...Ave likelihood of: cpd00221_c is 0.28505738436562483...
Loop82 pFBA...4299.0...Ave likelihood of: cpd00159_c is 0.36210920111024764...
Loop83 pFBA...10477.0...Ave likelihood of: cpd00211_c is 0.1983888458391165...
Loop84 pFBA...4186.0...Ave likelihood of: cpd00047_c is 0.19342017833459949...
Loop85 pFBA...5280.0...Ave likelihood of: cpd00106_c is 0.08835884410820621...
Loop86 pFBA...7933.0...Ave likelihood of: cpd00141_c is 0.18502002655234803...
Loop87 pFBA...20682.0...Ave likelihood of: cpd00216_c is 0.19705493461449386...
Loop88 pFBA...5015.0...Ave likelihood of: cpd00036_c is 0.08240889652668808...
Loop89 pFBA...22766.0...Ave likelihood of: cpd00581_c is 0.12389837298613036...
Loop90 pFBA...4922.0...Ave likelihood of: cpd00128_c is 0.13701818345232036...
Loop91 pFBA...6077.0...Ave likelihood of: cpd00018_c is 0.3015317233413387...
Loop92 pFBA...5417.0...Ave likelihood of: cpd00091_c is 0.34553882181061285...
Loop93 pFBA...3938.0...Ave likelihood of: cpd00092_c is 0.19059610545057168...
Loop94 pFBA...63116.0...Ave likelihood of: cpd00305_c is 0.16665894221306776...
Loop95 pFBA...12268.0...Ave likelihood of: cpd00220_c is 0.20127585425040173...
Loop96 pFBA...14710.0...Ave likelihood of: cpd00218_c is 0.1413934290829729...
Loop97 pFBA...15216.0...Ave likelihood of: cpd00215_c is 0.19484134064399208...
Loop98 pFBA...29039.0...Ave likelihood of: cpd00104_c is 0.1341318173234655...
Loop99 pFBA...36582.0...Ave likelihood of: cpd00393_c is 0.21503148168345507...
Loop100 pFBA...6631.0...Ave likelihood of: cpd00363_c is 0.3067513063699668...
Loop101 pFBA...9357.0...Ave likelihood of: cpd00281_c is 0.09188504635264887...
Loop102 pFBA...4285.0...Ave likelihood of: cpd00025_c is 0.29268394990415414...
Loop103 pFBA...21295.0...Ave likelihood of: cpd00811_c is 0.16731092316707563...
Loop104 pFBA...5547.0...Ave likelihood of: cpd00117_c is 0.2803527758363042...
Loop105 pFBA...7588.0...Ave likelihood of: cpd00186_c is 0.23536959263116689...
Loop106 pFBA...22424.0...Ave likelihood of: cpd00637_c is 0.194475188772281...
Loop107 pFBA...6524.0...Ave likelihood of: cpd00550_c is 0.27225193767678507...
Loop108 pFBA...4244.0...Ave likelihood of: cpd00033_c is 0.20516816039189992...
Loop109 pFBA...5420.0...Ave likelihood of: cpd00035_c is 0.2803527758363042...
Loop110 pFBA...18757.0...Ave likelihood of: cpd00051_c is 0.22310997143281644...
Loop111 pFBA...8284.0...Ave likelihood of: cpd00132_c is 0.16850795793855636...
Loop112 pFBA...5636.0...Ave likelihood of: cpd00041_c is 0.10397810638977496...
Loop113 pFBA...13923.0...Ave likelihood of: cpd00084_c is 0.1974618583446987...
Loop114 pFBA...7357.0...Ave likelihood of: cpd00023_c is 0.1286390648937084...
Loop115 pFBA...9941.0...Ave likelihood of: cpd00053_c is 0.14135076070896874...
Loop116 pFBA...22148.0...Ave likelihood of: cpd00119_c is 0.10841331344809903...
Loop117 pFBA...17582.0...Ave likelihood of: cpd00322_c is 0.25078499297046025...
Loop118 pFBA...14810.0...Ave likelihood of: cpd00107_c is 0.24594395661249122...
Loop119 pFBA...17125.0...Ave likelihood of: cpd00039_c is 0.2720428915557223...
Loop120 pFBA...21424.0...Ave likelihood of: cpd00060_c is 0.19673652817660991...
Loop121 pFBA...21118.0...Ave likelihood of: cpd00066_c is 0.21394827167757252...
Loop122 pFBA...11357.0...Ave likelihood of: cpd00129_c is 0.06430375693457399...
Loop123 pFBA...5524.0...Ave likelihood of: cpd00054_c is 0.2800305644675503...
Loop124 pFBA...7766.0...Ave likelihood of: cpd00161_c is 0.2918117473536189...
Loop125 pFBA...29629.0...Ave likelihood of: cpd00065_c is 0.12510557537817465...
Loop126 pFBA...18923.0...Ave likelihood of: cpd00069_c is 0.2158202341919926...
Loop127 pFBA...8577.0...Ave likelihood of: cpd00156_c is 0.2425521037090455...
Loop128 pFBA...24160.0...Ave likelihood of: cpd00098_c is 0.19344599885558766...
Loop129 pFBA...15742.0...Ave likelihood of: cpd00274_c is 0.3046528358162201...
Loop130 pFBA...6723.0...Ave likelihood of: cpd00226_c is 0.2955332692018932...
Loop131 pFBA...4613.0...Ave likelihood of: cpd00246_c is 0.28071541653858356...
Loop132 pFBA...20818.0...Ave likelihood of: cpd00374_c is 0.2177834840285997...
Loop133 pFBA...4422.0...Ave likelihood of: cpd00221_c is 0.2936439068154997...
Loop134 pFBA...4255.0...Ave likelihood of: cpd00159_c is 0.30155484291776574...
Loop135 pFBA...10314.0...Ave likelihood of: cpd00211_c is 0.30915209218211465...
Loop136 pFBA...4140.0...Ave likelihood of: cpd00047_c is 0.3576675562216898...
Loop137 pFBA...5280.0...Ave likelihood of: cpd00106_c is 0.08835884410820621...
Loop138 pFBA...7933.0...Ave likelihood of: cpd00141_c is 0.23058856939615957...
Loop139 pFBA...20069.0...Ave likelihood of: cpd00216_c is 0.1751622243030859...
Loop140 pFBA...5015.0...Ave likelihood of: cpd00036_c is 0.08240889652668808...
Loop141 pFBA...22766.0...Ave likelihood of: cpd00581_c is 0.12389837298613036...
Loop142 pFBA...4922.0...Ave likelihood of: cpd00128_c is 0.13701818345232036...
Loop143 pFBA...6077.0...Ave likelihood of: cpd00018_c is 0.3015317233413387...
Loop144 pFBA...5417.0...Ave likelihood of: cpd00091_c is 0.34553882181061285...
Loop145 pFBA...3938.0...Ave likelihood of: cpd00092_c is 0.19059610545057168...
Loop146 pFBA...63106.0...Ave likelihood of: cpd00305_c is 0.16620949116577297...
Loop147 pFBA...12268.0...Ave likelihood of: cpd00220_c is 0.2012758542504017...
Loop148 pFBA...14710.0...Ave likelihood of: cpd00218_c is 0.1391841567535514...
Loop149 pFBA...14513.0...Ave likelihood of: cpd00215_c is 0.21817563602542253...
Loop150 pFBA...29008.0...Ave likelihood of: cpd00104_c is 0.15860434342710789...
Loop151 pFBA...36582.0...Ave likelihood of: cpd00393_c is 0.21503148168345507...
Loop152 pFBA...6255.0...Ave likelihood of: cpd00363_c is 0.4249142825093615...
Loop153 pFBA...9357.0...Ave likelihood of: cpd00281_c is 0.09188504635264887...
Loop154 pFBA...4135.0...Ave likelihood of: cpd00025_c is 0.24648289307116253...
Loop155 pFBA...20181.0...Ave likelihood of: cpd00811_c is 0.2324409083013597...
32.5763554017mins to complete!
