
The following have been reloaded with a version change:
  1) anaconda2/4.4.0 => anaconda2/5.1.0

Loading in models...Adding Water...Remove no-like rxns...Pruned 1 metabolites from model
Pruned 1 reactions from model
Set-up Universal...63.0seconds to complete

Loop0 pFBA...5325.0...Ave likelihood of: cpd00117_c is 0.3072380106953579...
Loop1 pFBA...7121.0...Ave likelihood of: cpd00186_c is 0.3132101193706719...
Loop2 pFBA...21677.0...Ave likelihood of: cpd00637_c is 0.2466703702319234...
Loop3 pFBA...6393.0...Ave likelihood of: cpd00550_c is 0.42561741429624456...
Loop4 pFBA...4103.0...Ave likelihood of: cpd00033_c is 0.2237581776880712...
Loop5 pFBA...5219.0...Ave likelihood of: cpd00035_c is 0.3072380106953579...
Loop6 pFBA...17821.0...Ave likelihood of: cpd00051_c is 0.2704023987979872...
Loop7 pFBA...8187.0...Ave likelihood of: cpd00132_c is 0.1509375348433874...
Loop8 pFBA...5315.0...Ave likelihood of: cpd00041_c is 0.171846808294341...
Loop9 pFBA...13524.0...Ave likelihood of: cpd00084_c is 0.3003793441224594...
Loop10 pFBA...6629.0...Ave likelihood of: cpd00023_c is 0.27428446843598886...
Loop11 pFBA...9268.0...Ave likelihood of: cpd00053_c is 0.18833675037367548...
Loop12 pFBA...15599.0...Ave likelihood of: cpd00119_c is 0.3211828481368535...
Loop13 pFBA...17018.0...Ave likelihood of: cpd00322_c is 0.23823357094402545...
Loop14 pFBA...14086.0...Ave likelihood of: cpd00107_c is 0.2769314118717132...
Loop15 pFBA...16813.0...Ave likelihood of: cpd00039_c is 0.27335159469391995...
Loop16 pFBA...20677.0...Ave likelihood of: cpd00060_c is 0.25014460079857015...
Loop17 pFBA...20839.0...Ave likelihood of: cpd00066_c is 0.2798146478475594...
Loop18 pFBA...10271.0...Ave likelihood of: cpd00129_c is 0.3107769535127332...
Loop19 pFBA...5393.0...Ave likelihood of: cpd00054_c is 0.46430990650499404...
Loop20 pFBA...7640.0...Ave likelihood of: cpd00161_c is 0.382812007096058...
Loop21 pFBA...26565.0...Ave likelihood of: cpd00065_c is 0.20621148824649227...
Loop22 pFBA...18352.0...Ave likelihood of: cpd00069_c is 0.25586463406399174...
Loop23 pFBA...7956.0...Ave likelihood of: cpd00156_c is 0.28454542066048183...
Loop24 pFBA...23996.0...Ave likelihood of: cpd00098_c is 0.24636064116929363...
Loop25 pFBA...14501.0...Ave likelihood of: cpd00274_c is 0.2864569023190602...
Loop26 pFBA...6130.0...Ave likelihood of: cpd00226_c is 0.33518483881389904...
Loop27 pFBA...4568.0...Ave likelihood of: cpd00246_c is 0.4025301238177413...
Loop28 pFBA...20177.0...Ave likelihood of: cpd00374_c is 0.25773559386701034...
Loop29 pFBA...4117.0...Ave likelihood of: cpd00221_c is 0.4263482354023895...
Loop30 pFBA...3989.0...Ave likelihood of: cpd00159_c is 0.3823438757909519...
Loop31 pFBA...10254.0...Ave likelihood of: cpd00211_c is 0.35110023861090206...
Loop32 pFBA...3589.0...Ave likelihood of: cpd00047_c is 0.38196502585168784...
Loop33 pFBA...4995.0...Ave likelihood of: cpd00106_c is 0.17504619341281216...
Loop34 pFBA...7571.0...Ave likelihood of: cpd00141_c is 0.30533024997000224...
Loop35 pFBA...19895.0...Ave likelihood of: cpd00216_c is 0.2776365560658433...
Loop36 pFBA...4763.0...Ave likelihood of: cpd00036_c is 0.2247137264377812...
Loop37 pFBA...16205.0...Ave likelihood of: cpd00581_c is 0.332417845876904...
Loop38 pFBA...4256.0...Ave likelihood of: cpd00128_c is 0.3630600061353872...
Loop39 pFBA...5763.0...Ave likelihood of: cpd00018_c is 0.31678626016923306...
Loop40 pFBA...5091.0...Ave likelihood of: cpd00091_c is 0.3680446180459467...
Loop41 pFBA...4015.0...Ave likelihood of: cpd00092_c is 0.25998578643616677...
Loop42 pFBA...61584.0...Ave likelihood of: cpd00305_c is 0.19667303653825416...
Loop43 pFBA...13407.0...Ave likelihood of: cpd00220_c is 0.23049294803054796...
Loop44 pFBA...14366.0...Ave likelihood of: cpd00218_c is 0.2011067881789091...
Loop45 pFBA...13405.0...Ave likelihood of: cpd00215_c is 0.4036464591756358...
Loop46 pFBA...28023.0...Ave likelihood of: cpd00104_c is 0.19757116884018708...
Loop47 pFBA...36230.0...Ave likelihood of: cpd00393_c is 0.21641994855523125...
Loop48 pFBA...6095.0...Ave likelihood of: cpd00363_c is 0.4443411566686528...
Loop49 pFBA...8629.0...Ave likelihood of: cpd00281_c is 0.19591747745427776...
Loop50 pFBA...4074.0...Ave likelihood of: cpd00025_c is 0.39703705342812234...
Loop51 pFBA...20191.0...Ave likelihood of: cpd00811_c is 0.2094289783354889...
Loop52 pFBA...5325.0...Ave likelihood of: cpd00117_c is 0.3072380106953579...
Loop53 pFBA...7121.0...Ave likelihood of: cpd00186_c is 0.3132101193706719...
Loop54 pFBA...21677.0...Ave likelihood of: cpd00637_c is 0.2466703702319234...
Loop55 pFBA...6393.0...Ave likelihood of: cpd00550_c is 0.42561741429624456...
Loop56 pFBA...4103.0...Ave likelihood of: cpd00033_c is 0.2237581776880712...
Loop57 pFBA...5219.0...Ave likelihood of: cpd00035_c is 0.3072380106953579...
Loop58 pFBA...18159.0...Ave likelihood of: cpd00051_c is 0.22359976333518142...
Loop59 pFBA...8187.0...Ave likelihood of: cpd00132_c is 0.1509375348433874...
Loop60 pFBA...5315.0...Ave likelihood of: cpd00041_c is 0.171846808294341...
Loop61 pFBA...13623.0...Ave likelihood of: cpd00084_c is 0.24109432241244083...
Loop62 pFBA...6629.0...Ave likelihood of: cpd00023_c is 0.27428446843598886...
Loop63 pFBA...9268.0...Ave likelihood of: cpd00053_c is 0.18484903277416295...
Loop64 pFBA...15599.0...Ave likelihood of: cpd00119_c is 0.3211828481368535...
Loop65 pFBA...17018.0...Ave likelihood of: cpd00322_c is 0.23823357094402545...
Loop66 pFBA...14086.0...Ave likelihood of: cpd00107_c is 0.2769314118717132...
Loop67 pFBA...17304.0...Ave likelihood of: cpd00039_c is 0.25884766129056047...
Loop68 pFBA...20677.0...Ave likelihood of: cpd00060_c is 0.25014460079857015...
Loop69 pFBA...21172.0...Ave likelihood of: cpd00066_c is 0.2586719943851016...
Loop70 pFBA...10271.0...Ave likelihood of: cpd00129_c is 0.3107769535127332...
Loop71 pFBA...5393.0...Ave likelihood of: cpd00054_c is 0.46430990650499404...
Loop72 pFBA...7709.0...Ave likelihood of: cpd00161_c is 0.3521826851191314...
Loop73 pFBA...26565.0...Ave likelihood of: cpd00065_c is 0.20621148824649227...
Loop74 pFBA...18605.0...Ave likelihood of: cpd00069_c is 0.2531922366513127...
Loop75 pFBA...7956.0...Ave likelihood of: cpd00156_c is 0.28454542066048183...
Loop76 pFBA...24213.0...Ave likelihood of: cpd00098_c is 0.18438611403896216...
Loop77 pFBA...14715.0...Ave likelihood of: cpd00274_c is 0.16375359195740252...
Loop78 pFBA...6130.0...Ave likelihood of: cpd00226_c is 0.33518483881389904...
Loop79 pFBA...4827.0...Ave likelihood of: cpd00246_c is 0.2135722446574268...
Loop80 pFBA...20817.0...Ave likelihood of: cpd00374_c is 0.24653470446324127...
Loop81 pFBA...4310.0...Ave likelihood of: cpd00221_c is 0.2559156715797103...
Loop82 pFBA...4109.0...Ave likelihood of: cpd00159_c is 0.36095366393868883...
Loop83 pFBA...10264.0...Ave likelihood of: cpd00211_c is 0.25026395945372637...
Loop84 pFBA...3632.0...Ave likelihood of: cpd00047_c is 0.4243272097049452...
Loop85 pFBA...4995.0...Ave likelihood of: cpd00106_c is 0.17504619341281216...
Loop86 pFBA...7689.0...Ave likelihood of: cpd00141_c is 0.29735793200560695...
Loop87 pFBA...20229.0...Ave likelihood of: cpd00216_c is 0.25041408365972934...
Loop88 pFBA...4763.0...Ave likelihood of: cpd00036_c is 0.2247137264377812...
Loop89 pFBA...16205.0...Ave likelihood of: cpd00581_c is 0.332417845876904...
Loop90 pFBA...4256.0...Ave likelihood of: cpd00128_c is 0.3630600061353872...
Loop91 pFBA...5763.0...Ave likelihood of: cpd00018_c is 0.31678626016923306...
Loop92 pFBA...5091.0...Ave likelihood of: cpd00091_c is 0.3680446180459467...
Loop93 pFBA...4015.0...Ave likelihood of: cpd00092_c is 0.25998578643616677...
Loop94 pFBA...61627.0...Ave likelihood of: cpd00305_c is 0.19763323790454274...
Loop95 pFBA...13407.0...Ave likelihood of: cpd00220_c is 0.2368955299202854...
Loop96 pFBA...14484.0...Ave likelihood of: cpd00218_c is 0.16507934294986307...
Loop97 pFBA...14010.0...Ave likelihood of: cpd00215_c is 0.29311332495226394...
Loop98 pFBA...28023.0...Ave likelihood of: cpd00104_c is 0.20216584718530764...
Loop99 pFBA...36230.0...Ave likelihood of: cpd00393_c is 0.21641994855523125...
Loop100 pFBA...6470.0...Ave likelihood of: cpd00363_c is 0.45247986451774164...
Loop101 pFBA...8629.0...Ave likelihood of: cpd00281_c is 0.19591747745427776...
Loop102 pFBA...4181.0...Ave likelihood of: cpd00025_c is 0.31776816492583343...
Loop103 pFBA...20699.0...Ave likelihood of: cpd00811_c is 0.20708307930342404...
Loop104 pFBA...5325.0...Ave likelihood of: cpd00117_c is 0.3072380106953579...
Loop105 pFBA...7121.0...Ave likelihood of: cpd00186_c is 0.3132101193706719...
Loop106 pFBA...21677.0...Ave likelihood of: cpd00637_c is 0.2466703702319234...
Loop107 pFBA...6393.0...Ave likelihood of: cpd00550_c is 0.42561741429624456...
Loop108 pFBA...4103.0...Ave likelihood of: cpd00033_c is 0.2237581776880712...
Loop109 pFBA...5219.0...Ave likelihood of: cpd00035_c is 0.3072380106953579...
Loop110 pFBA...17861.0...Ave likelihood of: cpd00051_c is 0.2796780611901552...
Loop111 pFBA...8187.0...Ave likelihood of: cpd00132_c is 0.1509375348433874...
Loop112 pFBA...5315.0...Ave likelihood of: cpd00041_c is 0.171846808294341...
Loop113 pFBA...13595.0...Ave likelihood of: cpd00084_c is 0.3051187515475435...
Loop114 pFBA...6629.0...Ave likelihood of: cpd00023_c is 0.27428446843598886...
Loop115 pFBA...9268.0...Ave likelihood of: cpd00053_c is 0.18833675037367548...
Loop116 pFBA...15599.0...Ave likelihood of: cpd00119_c is 0.3211828481368535...
Loop117 pFBA...17018.0...Ave likelihood of: cpd00322_c is 0.23823357094402545...
Loop118 pFBA...14086.0...Ave likelihood of: cpd00107_c is 0.2769314118717132...
Loop119 pFBA...17108.0...Ave likelihood of: cpd00039_c is 0.27022348785896155...
Loop120 pFBA...20677.0...Ave likelihood of: cpd00060_c is 0.25014460079857015...
Loop121 pFBA...20758.0...Ave likelihood of: cpd00066_c is 0.2787997633430698...
Loop122 pFBA...10271.0...Ave likelihood of: cpd00129_c is 0.3107769535127332...
Loop123 pFBA...5393.0...Ave likelihood of: cpd00054_c is 0.46430990650499404...
Loop124 pFBA...7626.0...Ave likelihood of: cpd00161_c is 0.3558274822183672...
Loop125 pFBA...26565.0...Ave likelihood of: cpd00065_c is 0.20621148824649227...
Loop126 pFBA...18281.0...Ave likelihood of: cpd00069_c is 0.23686006875484664...
Loop127 pFBA...7956.0...Ave likelihood of: cpd00156_c is 0.28454542066048183...
Loop128 pFBA...23936.0...Ave likelihood of: cpd00098_c is 0.2327560942685611...
Loop129 pFBA...14683.0...Ave likelihood of: cpd00274_c is 0.24568475859920416...
Loop130 pFBA...6130.0...Ave likelihood of: cpd00226_c is 0.33518483881389904...
Loop131 pFBA...4545.0...Ave likelihood of: cpd00246_c is 0.3623706407620703...
Loop132 pFBA...20091.0...Ave likelihood of: cpd00374_c is 0.2616581380530614...
Loop133 pFBA...4274.0...Ave likelihood of: cpd00221_c is 0.33657692675772044...
Loop134 pFBA...4086.0...Ave likelihood of: cpd00159_c is 0.3653721062572962...
Loop135 pFBA...10235.0...Ave likelihood of: cpd00211_c is 0.35626651631935946...
Loop136 pFBA...3632.0...Ave likelihood of: cpd00047_c is 0.4243272097049452...
Loop137 pFBA...4995.0...Ave likelihood of: cpd00106_c is 0.17504619341281216...
Loop138 pFBA...7635.0...Ave likelihood of: cpd00141_c is 0.364860012384444...
Loop139 pFBA...19753.0...Ave likelihood of: cpd00216_c is 0.2742316615029009...
Loop140 pFBA...4763.0...Ave likelihood of: cpd00036_c is 0.2247137264377812...
Loop141 pFBA...16205.0...Ave likelihood of: cpd00581_c is 0.332417845876904...
Loop142 pFBA...4256.0...Ave likelihood of: cpd00128_c is 0.3630600061353872...
Loop143 pFBA...5763.0...Ave likelihood of: cpd00018_c is 0.3277099243129998...
Loop144 pFBA...5091.0...Ave likelihood of: cpd00091_c is 0.3680446180459467...
Loop145 pFBA...4015.0...Ave likelihood of: cpd00092_c is 0.25998578643616677...
Loop146 pFBA...61551.0...Ave likelihood of: cpd00305_c is 0.19843818142197708...
Loop147 pFBA...13407.0...Ave likelihood of: cpd00220_c is 0.2584314871857659...
Loop148 pFBA...14318.0...Ave likelihood of: cpd00218_c is 0.20072417600499265...
Loop149 pFBA...13299.0...Ave likelihood of: cpd00215_c is 0.409876382294658...
Loop150 pFBA...28023.0...Ave likelihood of: cpd00104_c is 0.19757116884018708...
Loop151 pFBA...36230.0...Ave likelihood of: cpd00393_c is 0.21641994855523125...
Loop152 pFBA...6040.0...Ave likelihood of: cpd00363_c is 0.47212526098413177...
Loop153 pFBA...8629.0...Ave likelihood of: cpd00281_c is 0.19591747745427776...
Loop154 pFBA...4050.0...Ave likelihood of: cpd00025_c is 0.41056715208311967...
Loop155 pFBA...20085.0...Ave likelihood of: cpd00811_c is 0.21727406670759097...
32.3106695016mins to complete!
