
The following have been reloaded with a version change:
  1) anaconda2/4.4.0 => anaconda2/5.1.0

Loading in models...Adding Water...Remove no-like rxns...Pruned 1 metabolites from model
Pruned 1 reactions from model
Set-up Universal...48.0seconds to complete

Loop0 pFBA...5366.0...Ave likelihood of: cpd00117_c is 0.39450475248990496...
Loop1 pFBA...7601.0...Ave likelihood of: cpd00186_c is 0.23323305413083428...
Loop2 pFBA...22417.0...Ave likelihood of: cpd00637_c is 0.17376711281583518...
Loop3 pFBA...6385.0...Ave likelihood of: cpd00550_c is 0.29582819570442903...
Loop4 pFBA...4200.0...Ave likelihood of: cpd00033_c is 0.2263366678053958...
Loop5 pFBA...5239.0...Ave likelihood of: cpd00035_c is 0.39450475248990496...
Loop6 pFBA...18170.0...Ave likelihood of: cpd00051_c is 0.30343120925059397...
Loop7 pFBA...8024.0...Ave likelihood of: cpd00132_c is 0.22824215041426063...
Loop8 pFBA...5503.0...Ave likelihood of: cpd00041_c is 0.163741295624302...
Loop9 pFBA...13557.0...Ave likelihood of: cpd00084_c is 0.25242922144254515...
Loop10 pFBA...7346.0...Ave likelihood of: cpd00023_c is 0.13088749360226296...
Loop11 pFBA...9689.0...Ave likelihood of: cpd00053_c is 0.15860638322080292...
Loop12 pFBA...21700.0...Ave likelihood of: cpd00119_c is 0.1587171849640206...
Loop13 pFBA...17447.0...Ave likelihood of: cpd00322_c is 0.12573526001273377...
Loop14 pFBA...14902.0...Ave likelihood of: cpd00107_c is 0.19247748906757708...
Loop15 pFBA...20516.0...Ave likelihood of: cpd00039_c is 0.17358109720701304...
Loop16 pFBA...21417.0...Ave likelihood of: cpd00060_c is 0.17376711281583515...
Loop17 pFBA...20703.0...Ave likelihood of: cpd00066_c is 0.2279409840202779...
Loop18 pFBA...10609.0...Ave likelihood of: cpd00129_c is 0.139059481224073...
Loop19 pFBA...5385.0...Ave likelihood of: cpd00054_c is 0.30378478105900236...
Loop20 pFBA...7857.0...Ave likelihood of: cpd00161_c is 0.3282946112516432...
Loop21 pFBA...29308.0...Ave likelihood of: cpd00065_c is 0.16416636837427365...
Loop22 pFBA...18621.0...Ave likelihood of: cpd00069_c is 0.23736657542514358...
Loop23 pFBA...8728.0...Ave likelihood of: cpd00156_c is 0.21641785496882063...
Loop24 pFBA...23951.0...Ave likelihood of: cpd00098_c is 0.22393994907098763...
Loop25 pFBA...14852.0...Ave likelihood of: cpd00274_c is 0.3513732677361583...
Loop26 pFBA...6121.0...Ave likelihood of: cpd00226_c is 0.38074813886993814...
Loop27 pFBA...4580.0...Ave likelihood of: cpd00246_c is 0.385488003149529...
Loop28 pFBA...20440.0...Ave likelihood of: cpd00374_c is 0.20522084361332266...
Loop29 pFBA...4148.0...Ave likelihood of: cpd00221_c is 0.33908014408502585...
Loop30 pFBA...3971.0...Ave likelihood of: cpd00159_c is 0.4168072300735224...
Loop31 pFBA...10131.0...Ave likelihood of: cpd00211_c is 0.2483449712004486...
Loop32 pFBA...3982.0...Ave likelihood of: cpd00047_c is 0.3190741697924745...
Loop33 pFBA...5325.0...Ave likelihood of: cpd00106_c is 0.08174809998548015...
Loop34 pFBA...7652.0...Ave likelihood of: cpd00141_c is 0.3339689191748128...
Loop35 pFBA...19627.0...Ave likelihood of: cpd00216_c is 0.28049845386869354...
Loop36 pFBA...5102.0...Ave likelihood of: cpd00036_c is 0.08885398260926063...
Loop37 pFBA...22335.0...Ave likelihood of: cpd00581_c is 0.13609983165529427...
Loop38 pFBA...4433.0...Ave likelihood of: cpd00128_c is 0.22690702078312952...
Loop39 pFBA...6001.0...Ave likelihood of: cpd00018_c is 0.31550145758297615...
Loop40 pFBA...5187.0...Ave likelihood of: cpd00091_c is 0.40913479784684675...
Loop41 pFBA...3564.0...Ave likelihood of: cpd00092_c is 0.3762886174886171...
Loop42 pFBA...62689.0...Ave likelihood of: cpd00305_c is 0.17939888464061696...
Loop43 pFBA...12628.0...Ave likelihood of: cpd00220_c is 0.22257551453965135...
Loop44 pFBA...14654.0...Ave likelihood of: cpd00218_c is 0.166417615764484...
Loop45 pFBA...14441.0...Ave likelihood of: cpd00215_c is 0.2725927992152249...
Loop46 pFBA...28429.0...Ave likelihood of: cpd00104_c is 0.18799707255360534...
Loop47 pFBA...36420.0...Ave likelihood of: cpd00393_c is 0.15403719470346997...
Loop48 pFBA...6022.0...Ave likelihood of: cpd00363_c is 0.41915745617102845...
Loop49 pFBA...9190.0...Ave likelihood of: cpd00281_c is 0.11567720019099824...
Loop50 pFBA...4105.0...Ave likelihood of: cpd00025_c is 0.2701980231410014...
Loop51 pFBA...20223.0...Ave likelihood of: cpd00811_c is 0.23246065491032653...
Loop52 pFBA...5366.0...Ave likelihood of: cpd00117_c is 0.39450475248990496...
Loop53 pFBA...7601.0...Ave likelihood of: cpd00186_c is 0.23323305413083428...
Loop54 pFBA...22479.0...Ave likelihood of: cpd00637_c is 0.1214444615495168...
Loop55 pFBA...6425.0...Ave likelihood of: cpd00550_c is 0.3806297394252521...
Loop56 pFBA...4200.0...Ave likelihood of: cpd00033_c is 0.2263366678053958...
Loop57 pFBA...5239.0...Ave likelihood of: cpd00035_c is 0.39450475248990496...
Loop58 pFBA...18551.0...Ave likelihood of: cpd00051_c is 0.3080608153731609...
Loop59 pFBA...8024.0...Ave likelihood of: cpd00132_c is 0.22824215041426063...
Loop60 pFBA...5503.0...Ave likelihood of: cpd00041_c is 0.163741295624302...
Loop61 pFBA...13754.0...Ave likelihood of: cpd00084_c is 0.25260024537804093...
Loop62 pFBA...7346.0...Ave likelihood of: cpd00023_c is 0.13088749360226296...
Loop63 pFBA...9689.0...Ave likelihood of: cpd00053_c is 0.15860638322080292...
Loop64 pFBA...21700.0...Ave likelihood of: cpd00119_c is 0.1587171849640206...
Loop65 pFBA...17447.0...Ave likelihood of: cpd00322_c is 0.12573526001273377...
Loop66 pFBA...14902.0...Ave likelihood of: cpd00107_c is 0.19247748906757708...
Loop67 pFBA...21001.0...Ave likelihood of: cpd00039_c is 0.21921623876896823...
Loop68 pFBA...21479.0...Ave likelihood of: cpd00060_c is 0.12313119018214896...
Loop69 pFBA...21394.0...Ave likelihood of: cpd00066_c is 0.2771926257742685...
Loop70 pFBA...10609.0...Ave likelihood of: cpd00129_c is 0.139059481224073...
Loop71 pFBA...5425.0...Ave likelihood of: cpd00054_c is 0.4060050553869356...
Loop72 pFBA...7972.0...Ave likelihood of: cpd00161_c is 0.2422530609131419...
Loop73 pFBA...29308.0...Ave likelihood of: cpd00065_c is 0.16416636837427362...
Loop74 pFBA...19067.0...Ave likelihood of: cpd00069_c is 0.24689639956307693...
Loop75 pFBA...8728.0...Ave likelihood of: cpd00156_c is 0.21641785496882063...
Loop76 pFBA...24332.0...Ave likelihood of: cpd00098_c is 0.23451306413883793...
Loop77 pFBA...15262.0...Ave likelihood of: cpd00274_c is 0.2129398840628538...
Loop78 pFBA...6121.0...Ave likelihood of: cpd00226_c is 0.3807481388699381...
Loop79 pFBA...4821.0...Ave likelihood of: cpd00246_c is 0.3586786136636927...
Loop80 pFBA...21163.0...Ave likelihood of: cpd00374_c is 0.26122944525765934...
Loop81 pFBA...4297.0...Ave likelihood of: cpd00221_c is 0.2965144268558866...
Loop82 pFBA...4135.0...Ave likelihood of: cpd00159_c is 0.3147435418077836...
Loop83 pFBA...10160.0...Ave likelihood of: cpd00211_c is 0.14931573003522852...
Loop84 pFBA...4078.0...Ave likelihood of: cpd00047_c is 0.42155322627599007...
Loop85 pFBA...5325.0...Ave likelihood of: cpd00106_c is 0.08174809998548015...
Loop86 pFBA...7794.0...Ave likelihood of: cpd00141_c is 0.19526951290794317...
Loop87 pFBA...20306.0...Ave likelihood of: cpd00216_c is 0.2334246645140838...
Loop88 pFBA...5102.0...Ave likelihood of: cpd00036_c is 0.08885398260926063...
Loop89 pFBA...22335.0...Ave likelihood of: cpd00581_c is 0.13609983165529427...
Loop90 pFBA...4433.0...Ave likelihood of: cpd00128_c is 0.22690702078312952...
Loop91 pFBA...6001.0...Ave likelihood of: cpd00018_c is 0.31550145758297615...
Loop92 pFBA...5187.0...Ave likelihood of: cpd00091_c is 0.40913479784684675...
Loop93 pFBA...3564.0...Ave likelihood of: cpd00092_c is 0.3762886174886171...
Loop94 pFBA...62715.0...Ave likelihood of: cpd00305_c is 0.17710558564112777...
Loop95 pFBA...12628.0...Ave likelihood of: cpd00220_c is 0.2225755145396514...
Loop96 pFBA...14809.0...Ave likelihood of: cpd00218_c is 0.17240880232644604...
Loop97 pFBA...14731.0...Ave likelihood of: cpd00215_c is 0.3121750871953965...
Loop98 pFBA...28515.0...Ave likelihood of: cpd00104_c is 0.16207802378230615...
Loop99 pFBA...36431.0...Ave likelihood of: cpd00393_c is 0.16430867704192845...
Loop100 pFBA...6451.0...Ave likelihood of: cpd00363_c is 0.4674625317572148...
Loop101 pFBA...9190.0...Ave likelihood of: cpd00281_c is 0.11567720019099824...
Loop102 pFBA...4226.0...Ave likelihood of: cpd00025_c is 0.3737014195399625...
Loop103 pFBA...20990.0...Ave likelihood of: cpd00811_c is 0.2947689485191591...
Loop104 pFBA...5366.0...Ave likelihood of: cpd00117_c is 0.39450475248990496...
Loop105 pFBA...7601.0...Ave likelihood of: cpd00186_c is 0.23323305413083428...
Loop106 pFBA...22451.0...Ave likelihood of: cpd00637_c is 0.17129982938768526...
Loop107 pFBA...6415.0...Ave likelihood of: cpd00550_c is 0.2983927006791987...
Loop108 pFBA...4200.0...Ave likelihood of: cpd00033_c is 0.2263366678053958...
Loop109 pFBA...5239.0...Ave likelihood of: cpd00035_c is 0.39450475248990496...
Loop110 pFBA...18264.0...Ave likelihood of: cpd00051_c is 0.29910982997011926...
Loop111 pFBA...8024.0...Ave likelihood of: cpd00132_c is 0.22824215041426063...
Loop112 pFBA...5503.0...Ave likelihood of: cpd00041_c is 0.1971478802457305...
Loop113 pFBA...13694.0...Ave likelihood of: cpd00084_c is 0.3001899869279484...
Loop114 pFBA...7346.0...Ave likelihood of: cpd00023_c is 0.13088749360226296...
Loop115 pFBA...9689.0...Ave likelihood of: cpd00053_c is 0.15860638322080292...
Loop116 pFBA...21700.0...Ave likelihood of: cpd00119_c is 0.1587171849640206...
Loop117 pFBA...17447.0...Ave likelihood of: cpd00322_c is 0.12573526001273377...
Loop118 pFBA...14902.0...Ave likelihood of: cpd00107_c is 0.19247748906757708...
Loop119 pFBA...20668.0...Ave likelihood of: cpd00039_c is 0.19094337098320513...
Loop120 pFBA...21451.0...Ave likelihood of: cpd00060_c is 0.17528354635018958...
Loop121 pFBA...20815.0...Ave likelihood of: cpd00066_c is 0.2638004537761225...
Loop122 pFBA...10609.0...Ave likelihood of: cpd00129_c is 0.15451053469341444...
Loop123 pFBA...5415.0...Ave likelihood of: cpd00054_c is 0.30487949852005086...
Loop124 pFBA...7851.0...Ave likelihood of: cpd00161_c is 0.3289657529001594...
Loop125 pFBA...29308.0...Ave likelihood of: cpd00065_c is 0.1666338647031921...
Loop126 pFBA...18639.0...Ave likelihood of: cpd00069_c is 0.2196386839097585...
Loop127 pFBA...8728.0...Ave likelihood of: cpd00156_c is 0.21641785496882063...
Loop128 pFBA...23951.0...Ave likelihood of: cpd00098_c is 0.1862248190391877...
Loop129 pFBA...14998.0...Ave likelihood of: cpd00274_c is 0.337584278179148...
Loop130 pFBA...6121.0...Ave likelihood of: cpd00226_c is 0.38074813886993814...
Loop131 pFBA...4604.0...Ave likelihood of: cpd00246_c is 0.3881654968204205...
Loop132 pFBA...20569.0...Ave likelihood of: cpd00374_c is 0.18918774256950613...
Loop133 pFBA...4276.0...Ave likelihood of: cpd00221_c is 0.3492441022551261...
Loop134 pFBA...4094.0...Ave likelihood of: cpd00159_c is 0.3339751971565916...
Loop135 pFBA...10129.0...Ave likelihood of: cpd00211_c is 0.24901611284896474...
Loop136 pFBA...4044.0...Ave likelihood of: cpd00047_c is 0.3299579155998795...
Loop137 pFBA...5325.0...Ave likelihood of: cpd00106_c is 0.08174809998548015...
Loop138 pFBA...7781.0...Ave likelihood of: cpd00141_c is 0.3144061904181443...
Loop139 pFBA...19844.0...Ave likelihood of: cpd00216_c is 0.26822053849131433...
Loop140 pFBA...5102.0...Ave likelihood of: cpd00036_c is 0.08885398260926063...
Loop141 pFBA...22335.0...Ave likelihood of: cpd00581_c is 0.13609983165529427...
Loop142 pFBA...4433.0...Ave likelihood of: cpd00128_c is 0.22690702078312952...
Loop143 pFBA...6001.0...Ave likelihood of: cpd00018_c is 0.31550145758297615...
Loop144 pFBA...5187.0...Ave likelihood of: cpd00091_c is 0.40913479784684675...
Loop145 pFBA...3564.0...Ave likelihood of: cpd00092_c is 0.3762886174886171...
Loop146 pFBA...62688.0...Ave likelihood of: cpd00305_c is 0.17530139974741205...
Loop147 pFBA...12623.0...Ave likelihood of: cpd00220_c is 0.2725393225383091...
Loop148 pFBA...14740.0...Ave likelihood of: cpd00218_c is 0.18043261359946647...
Loop149 pFBA...14431.0...Ave likelihood of: cpd00215_c is 0.27339489533174416...
Loop150 pFBA...28418.0...Ave likelihood of: cpd00104_c is 0.188358456518191...
Loop151 pFBA...36419.0...Ave likelihood of: cpd00393_c is 0.15455919376342697...
Loop152 pFBA...6027.0...Ave likelihood of: cpd00363_c is 0.44636502929691885...
Loop153 pFBA...9190.0...Ave likelihood of: cpd00281_c is 0.11567720019099824...
Loop154 pFBA...4140.0...Ave likelihood of: cpd00025_c is 0.33560907759851966...
Loop155 pFBA...20248.0...Ave likelihood of: cpd00811_c is 0.21089367993377467...
31.6910715659mins to complete!
