
The following have been reloaded with a version change:
  1) anaconda2/4.4.0 => anaconda2/5.1.0

Loading in models...Adding Water...Remove no-like rxns...Pruned 1 metabolites from model
Pruned 1 reactions from model
Set-up Universal...58.0seconds to complete

Loop0 pFBA...5557.0...Ave likelihood of: cpd00117_c is 0.47398891357604245...
Loop1 pFBA...6841.0...Ave likelihood of: cpd00186_c is 0.3598515261238188...
Loop2 pFBA...21373.0...Ave likelihood of: cpd00637_c is 0.26820945168362925...
Loop3 pFBA...6422.0...Ave likelihood of: cpd00550_c is 0.34767246338990326...
Loop4 pFBA...4055.0...Ave likelihood of: cpd00033_c is 0.2593723921991545...
Loop5 pFBA...5435.0...Ave likelihood of: cpd00035_c is 0.47398891357604245...
Loop6 pFBA...18116.0...Ave likelihood of: cpd00051_c is 0.31056632420695635...
Loop7 pFBA...7928.0...Ave likelihood of: cpd00132_c is 0.21767408485978357...
Loop8 pFBA...5182.0...Ave likelihood of: cpd00041_c is 0.22309652621339...
Loop9 pFBA...13625.0...Ave likelihood of: cpd00084_c is 0.27246415184305606...
Loop10 pFBA...6592.0...Ave likelihood of: cpd00023_c is 0.28155024840465226...
Loop11 pFBA...9082.0...Ave likelihood of: cpd00053_c is 0.31094023449275926...
Loop12 pFBA...16375.0...Ave likelihood of: cpd00119_c is 0.30927400267556443...
Loop13 pFBA...16725.0...Ave likelihood of: cpd00322_c is 0.3545380166958382...
Loop14 pFBA...14214.0...Ave likelihood of: cpd00107_c is 0.2638016416170558...
Loop15 pFBA...17679.0...Ave likelihood of: cpd00039_c is 0.3022063775854553...
Loop16 pFBA...20373.0...Ave likelihood of: cpd00060_c is 0.27178557770607764...
Loop17 pFBA...20594.0...Ave likelihood of: cpd00066_c is 0.24103941763503356...
Loop18 pFBA...10271.0...Ave likelihood of: cpd00129_c is 0.20263551670472693...
Loop19 pFBA...5422.0...Ave likelihood of: cpd00054_c is 0.35476781978561556...
Loop20 pFBA...7351.0...Ave likelihood of: cpd00161_c is 0.3988734561635445...
Loop21 pFBA...27273.0...Ave likelihood of: cpd00065_c is 0.2496907972667954...
Loop22 pFBA...18318.0...Ave likelihood of: cpd00069_c is 0.20936754125129772...
Loop23 pFBA...7671.0...Ave likelihood of: cpd00156_c is 0.3329441751757927...
Loop24 pFBA...23626.0...Ave likelihood of: cpd00098_c is 0.26538906656638384...
Loop25 pFBA...14170.0...Ave likelihood of: cpd00274_c is 0.1941195615689178...
Loop26 pFBA...6631.0...Ave likelihood of: cpd00226_c is 0.3259604346344816...
Loop27 pFBA...4461.0...Ave likelihood of: cpd00246_c is 0.4373848868888196...
Loop28 pFBA...20064.0...Ave likelihood of: cpd00374_c is 0.19633676197191927...
Loop29 pFBA...4761.0...Ave likelihood of: cpd00221_c is 0.4230623205565779...
Loop30 pFBA...4265.0...Ave likelihood of: cpd00159_c is 0.4223370480916664...
Loop31 pFBA...10326.0...Ave likelihood of: cpd00211_c is 0.3562051111083892...
Loop32 pFBA...3766.0...Ave likelihood of: cpd00047_c is 0.2595548705948447...
Loop33 pFBA...5005.0...Ave likelihood of: cpd00106_c is 0.1769373459417377...
Loop34 pFBA...7570.0...Ave likelihood of: cpd00141_c is 0.41303235221007084...
Loop35 pFBA...19185.0...Ave likelihood of: cpd00216_c is 0.23754895215110525...
Loop36 pFBA...4801.0...Ave likelihood of: cpd00036_c is 0.22830826706441698...
Loop37 pFBA...16944.0...Ave likelihood of: cpd00581_c is 0.3199609730204531...
Loop38 pFBA...4747.0...Ave likelihood of: cpd00128_c is 0.3456901093869382...
Loop39 pFBA...5863.0...Ave likelihood of: cpd00018_c is 0.279696516790369...
Loop40 pFBA...5863.0...Ave likelihood of: cpd00091_c is 0.279696516790369...
Loop41 pFBA...3610.0...Ave likelihood of: cpd00092_c is 0.3667674313025163...
Loop42 pFBA...63878.0...Ave likelihood of: cpd00305_c is 0.15934339472369025...
Loop43 pFBA...13726.0...Ave likelihood of: cpd00220_c is 0.28277366862484127...
Loop44 pFBA...14473.0...Ave likelihood of: cpd00218_c is 0.20835977601971878...
Loop45 pFBA...14519.0...Ave likelihood of: cpd00215_c is 0.3144161315271127...
Loop46 pFBA...28663.0...Ave likelihood of: cpd00104_c is 0.20625695372660927...
Loop47 pFBA...36053.0...Ave likelihood of: cpd00393_c is 0.16984798994018002...
Loop48 pFBA...5714.0...Ave likelihood of: cpd00363_c is 0.5635931560948014...
Loop49 pFBA...8589.0...Ave likelihood of: cpd00281_c is 0.20164209976744213...
Loop50 pFBA...4024.0...Ave likelihood of: cpd00025_c is 0.28997879448794983...
Loop51 pFBA...19597.0...Ave likelihood of: cpd00811_c is 0.2594522115367647...
Loop52 pFBA...5421.0...Ave likelihood of: cpd00714_c is 0.3707498346368107...
Loop53 pFBA...5557.0...Ave likelihood of: cpd00117_c is 0.47398891357604245...
Loop54 pFBA...6841.0...Ave likelihood of: cpd00186_c is 0.3598515261238188...
Loop55 pFBA...21641.0...Ave likelihood of: cpd00637_c is 0.23878852913906276...
Loop56 pFBA...6486.0...Ave likelihood of: cpd00550_c is 0.30761080607256674...
Loop57 pFBA...4056.0...Ave likelihood of: cpd00033_c is 0.24301422691734156...
Loop58 pFBA...5435.0...Ave likelihood of: cpd00035_c is 0.47398891357604245...
Loop59 pFBA...18323.0...Ave likelihood of: cpd00051_c is 0.25887305049055154...
Loop60 pFBA...7928.0...Ave likelihood of: cpd00132_c is 0.21767408485978357...
Loop61 pFBA...5182.0...Ave likelihood of: cpd00041_c is 0.22309652621339...
Loop62 pFBA...13763.0...Ave likelihood of: cpd00084_c is 0.2486828608877873...
Loop63 pFBA...6592.0...Ave likelihood of: cpd00023_c is 0.28155024840465226...
Loop64 pFBA...9082.0...Ave likelihood of: cpd00053_c is 0.31094023449275926...
Loop65 pFBA...16375.0...Ave likelihood of: cpd00119_c is 0.31533819880645786...
Loop66 pFBA...16733.0...Ave likelihood of: cpd00322_c is 0.20543180859713628...
Loop67 pFBA...14214.0...Ave likelihood of: cpd00107_c is 0.2638016416170558...
Loop68 pFBA...17942.0...Ave likelihood of: cpd00039_c is 0.2869971213774641...
Loop69 pFBA...20641.0...Ave likelihood of: cpd00060_c is 0.2421050364882164...
Loop70 pFBA...21500.0...Ave likelihood of: cpd00066_c is 0.2262577154621541...
Loop71 pFBA...10271.0...Ave likelihood of: cpd00129_c is 0.20263551670472693...
Loop72 pFBA...5486.0...Ave likelihood of: cpd00054_c is 0.30761080607256674...
Loop73 pFBA...7659.0...Ave likelihood of: cpd00161_c is 0.3409775027793726...
Loop74 pFBA...27273.0...Ave likelihood of: cpd00065_c is 0.2496907972667954...
Loop75 pFBA...18886.0...Ave likelihood of: cpd00069_c is 0.23264135416435247...
Loop76 pFBA...7671.0...Ave likelihood of: cpd00156_c is 0.3329441751757927...
Loop77 pFBA...24652.0...Ave likelihood of: cpd00098_c is 0.26677501087226313...
Loop78 pFBA...14170.0...Ave likelihood of: cpd00274_c is 0.1941195615689178...
Loop79 pFBA...6631.0...Ave likelihood of: cpd00226_c is 0.3259604346344816...
Loop80 pFBA...4814.0...Ave likelihood of: cpd00246_c is 0.3937425986473567...
Loop81 pFBA...20884.0...Ave likelihood of: cpd00374_c is 0.22509093800210425...
Loop82 pFBA...5072.0...Ave likelihood of: cpd00221_c is 0.34537064943084284...
Loop83 pFBA...4333.0...Ave likelihood of: cpd00159_c is 0.3792165596506535...
Loop84 pFBA...10499.0...Ave likelihood of: cpd00211_c is 0.2147697460446549...
Loop85 pFBA...3766.0...Ave likelihood of: cpd00047_c is 0.21915408916657197...
Loop86 pFBA...5005.0...Ave likelihood of: cpd00106_c is 0.1769373459417377...
Loop87 pFBA...7723.0...Ave likelihood of: cpd00141_c is 0.3252117771303577...
Loop88 pFBA...20234.0...Ave likelihood of: cpd00216_c is 0.21893946475742684...
Loop89 pFBA...4801.0...Ave likelihood of: cpd00036_c is 0.22830826706441698...
Loop90 pFBA...16944.0...Ave likelihood of: cpd00581_c is 0.3199609730204531...
Loop91 pFBA...4747.0...Ave likelihood of: cpd00128_c is 0.3456901093869382...
Loop92 pFBA...5863.0...Ave likelihood of: cpd00018_c is 0.279696516790369...
Loop93 pFBA...5863.0...Ave likelihood of: cpd00091_c is 0.279696516790369...
Loop94 pFBA...3618.0...Ave likelihood of: cpd00092_c is 0.321598680780881...
Loop95 pFBA...64049.0...Ave likelihood of: cpd00305_c is 0.12321069280432541...
Loop96 pFBA...14171.0...Ave likelihood of: cpd00220_c is 0.16118399748381898...
Loop97 pFBA...14731.0...Ave likelihood of: cpd00218_c is 0.2231091270373752...
Loop98 pFBA...15080.0...Ave likelihood of: cpd00215_c is 0.26730446355918813...
Loop99 pFBA...28709.0...Ave likelihood of: cpd00104_c is 0.1904580615478058...
Loop100 pFBA...36062.0...Ave likelihood of: cpd00393_c is 0.1706947303124782...
Loop101 pFBA...6414.0...Ave likelihood of: cpd00363_c is 0.3860753168649546...
Loop102 pFBA...8589.0...Ave likelihood of: cpd00281_c is 0.20164209976744213...
Loop103 pFBA...4224.0...Ave likelihood of: cpd00025_c is 0.33241436116623035...
Loop104 pFBA...20561.0...Ave likelihood of: cpd00811_c is 0.2857749808709003...
Loop105 pFBA...6492.0...Ave likelihood of: cpd00714_c is 0.415502309464619...
Loop106 pFBA...5557.0...Ave likelihood of: cpd00117_c is 0.47398891357604245...
Loop107 pFBA...6841.0...Ave likelihood of: cpd00186_c is 0.3598515261238188...
Loop108 pFBA...21540.0...Ave likelihood of: cpd00637_c is 0.2504054661843295...
Loop109 pFBA...6442.0...Ave likelihood of: cpd00550_c is 0.30307964764615175...
Loop110 pFBA...4055.0...Ave likelihood of: cpd00033_c is 0.22881871905834905...
Loop111 pFBA...5435.0...Ave likelihood of: cpd00035_c is 0.47398891357604245...
Loop112 pFBA...18206.0...Ave likelihood of: cpd00051_c is 0.27256374217157137...
Loop113 pFBA...7928.0...Ave likelihood of: cpd00132_c is 0.21767408485978357...
Loop114 pFBA...5182.0...Ave likelihood of: cpd00041_c is 0.22309652621339...
Loop115 pFBA...13734.0...Ave likelihood of: cpd00084_c is 0.23500808499618536...
Loop116 pFBA...6592.0...Ave likelihood of: cpd00023_c is 0.28155024840465226...
Loop117 pFBA...9082.0...Ave likelihood of: cpd00053_c is 0.31094023449275926...
Loop118 pFBA...16375.0...Ave likelihood of: cpd00119_c is 0.31533819880645786...
Loop119 pFBA...16733.0...Ave likelihood of: cpd00322_c is 0.20543180859713628...
Loop120 pFBA...14214.0...Ave likelihood of: cpd00107_c is 0.2638016416170558...
Loop121 pFBA...17735.0...Ave likelihood of: cpd00039_c is 0.2850964628518902...
Loop122 pFBA...20540.0...Ave likelihood of: cpd00060_c is 0.2504054661843295...
Loop123 pFBA...20939.0...Ave likelihood of: cpd00066_c is 0.22103714923366405...
Loop124 pFBA...10271.0...Ave likelihood of: cpd00129_c is 0.20263551670472693...
Loop125 pFBA...5442.0...Ave likelihood of: cpd00054_c is 0.3093938069721132...
Loop126 pFBA...7511.0...Ave likelihood of: cpd00161_c is 0.34578985322617733...
Loop127 pFBA...27273.0...Ave likelihood of: cpd00065_c is 0.2496907972667954...
Loop128 pFBA...18472.0...Ave likelihood of: cpd00069_c is 0.1790815065533211...
Loop129 pFBA...7671.0...Ave likelihood of: cpd00156_c is 0.3329441751757927...
Loop130 pFBA...24114.0...Ave likelihood of: cpd00098_c is 0.23844496205256546...
Loop131 pFBA...14170.0...Ave likelihood of: cpd00274_c is 0.1941195615689178...
Loop132 pFBA...6631.0...Ave likelihood of: cpd00226_c is 0.3259604346344816...
Loop133 pFBA...4642.0...Ave likelihood of: cpd00246_c is 0.22800337125810594...
Loop134 pFBA...20431.0...Ave likelihood of: cpd00374_c is 0.21302951416532073...
Loop135 pFBA...4959.0...Ave likelihood of: cpd00221_c is 0.19166041411105342...
Loop136 pFBA...4315.0...Ave likelihood of: cpd00159_c is 0.3467948913884635...
Loop137 pFBA...10479.0...Ave likelihood of: cpd00211_c is 0.33765698817886525...
Loop138 pFBA...3766.0...Ave likelihood of: cpd00047_c is 0.21915408916657197...
Loop139 pFBA...5005.0...Ave likelihood of: cpd00106_c is 0.1769373459417377...
Loop140 pFBA...7674.0...Ave likelihood of: cpd00141_c is 0.3718550967731327...
Loop141 pFBA...19628.0...Ave likelihood of: cpd00216_c is 0.22416667794716127...
Loop142 pFBA...4801.0...Ave likelihood of: cpd00036_c is 0.22830826706441698...
Loop143 pFBA...16944.0...Ave likelihood of: cpd00581_c is 0.3199609730204531...
Loop144 pFBA...4747.0...Ave likelihood of: cpd00128_c is 0.3456901093869382...
Loop145 pFBA...5863.0...Ave likelihood of: cpd00018_c is 0.279696516790369...
Loop146 pFBA...5863.0...Ave likelihood of: cpd00091_c is 0.279696516790369...
Loop147 pFBA...3618.0...Ave likelihood of: cpd00092_c is 0.321598680780881...
Loop148 pFBA...64049.0...Ave likelihood of: cpd00305_c is 0.12321069280432541...
Loop149 pFBA...14035.0...Ave likelihood of: cpd00220_c is 0.2736470275385969...
Loop150 pFBA...14669.0...Ave likelihood of: cpd00218_c is 0.15415530658164614...
Loop151 pFBA...14764.0...Ave likelihood of: cpd00215_c is 0.23927105731167947...
Loop152 pFBA...28704.0...Ave likelihood of: cpd00104_c is 0.19152437817895182...
Loop153 pFBA...36053.0...Ave likelihood of: cpd00393_c is 0.15150595146139217...
Loop154 pFBA...6087.0...Ave likelihood of: cpd00363_c is 0.43453286884775716...
Loop155 pFBA...8589.0...Ave likelihood of: cpd00281_c is 0.20164209976744213...
Loop156 pFBA...4142.0...Ave likelihood of: cpd00025_c is 0.30796609489159327...
Loop157 pFBA...19988.0...Ave likelihood of: cpd00811_c is 0.2713426890727167...
Loop158 pFBA...6157.0...Ave likelihood of: cpd00714_c is 0.2944243187178854...
32.3942836523mins to complete!
