
The following have been reloaded with a version change:
  1) anaconda2/4.4.0 => anaconda2/5.1.0

Loading in models...Adding Water...Remove no-like rxns...Pruned 1 metabolites from model
Pruned 1 reactions from model
Set-up Universal...68.0seconds to complete

Loop0 pFBA...5411.0...Ave likelihood of: cpd00117_c is 0.36982602520339514...
Loop1 pFBA...7585.0...Ave likelihood of: cpd00186_c is 0.23582548291865502...
Loop2 pFBA...22493.0...Ave likelihood of: cpd00637_c is 0.18531509077815697...
Loop3 pFBA...6460.0...Ave likelihood of: cpd00550_c is 0.21094523607308935...
Loop4 pFBA...4234.0...Ave likelihood of: cpd00033_c is 0.2426962440361207...
Loop5 pFBA...5285.0...Ave likelihood of: cpd00035_c is 0.36982602520339514...
Loop6 pFBA...18689.0...Ave likelihood of: cpd00051_c is 0.20407553226095837...
Loop7 pFBA...8290.0...Ave likelihood of: cpd00132_c is 0.1271138499313031...
Loop8 pFBA...5603.0...Ave likelihood of: cpd00041_c is 0.08238071760849033...
Loop9 pFBA...13764.0...Ave likelihood of: cpd00084_c is 0.24190493338185795...
Loop10 pFBA...7356.0...Ave likelihood of: cpd00023_c is 0.12887842695386836...
Loop11 pFBA...9954.0...Ave likelihood of: cpd00053_c is 0.10169756347962731...
Loop12 pFBA...22363.0...Ave likelihood of: cpd00119_c is 0.1301201584306596...
Loop13 pFBA...17297.0...Ave likelihood of: cpd00322_c is 0.24633801436787314...
Loop14 pFBA...14120.0...Ave likelihood of: cpd00107_c is 0.25433536264850676...
Loop15 pFBA...17356.0...Ave likelihood of: cpd00039_c is 0.2550484344264932...
Loop16 pFBA...21493.0...Ave likelihood of: cpd00060_c is 0.18737414734235874...
Loop17 pFBA...21257.0...Ave likelihood of: cpd00066_c is 0.16625416862153855...
Loop18 pFBA...10578.0...Ave likelihood of: cpd00129_c is 0.1421788744902075...
Loop19 pFBA...5460.0...Ave likelihood of: cpd00054_c is 0.21697224281803473...
Loop20 pFBA...7767.0...Ave likelihood of: cpd00161_c is 0.30331928349385784...
Loop21 pFBA...29652.0...Ave likelihood of: cpd00065_c is 0.1214257616565262...
Loop22 pFBA...19114.0...Ave likelihood of: cpd00069_c is 0.21021570528466973...
Loop23 pFBA...8024.0...Ave likelihood of: cpd00156_c is 0.1668904638129974...
Loop24 pFBA...24271.0...Ave likelihood of: cpd00098_c is 0.19147592770296631...
Loop25 pFBA...15617.0...Ave likelihood of: cpd00274_c is 0.24215720494272883...
Loop26 pFBA...6720.0...Ave likelihood of: cpd00226_c is 0.28792675533905987...
Loop27 pFBA...4632.0...Ave likelihood of: cpd00246_c is 0.27909245859766707...
Loop28 pFBA...21025.0...Ave likelihood of: cpd00374_c is 0.19398827076321074...
Loop29 pFBA...4298.0...Ave likelihood of: cpd00221_c is 0.3226387143566698...
Loop30 pFBA...4116.0...Ave likelihood of: cpd00159_c is 0.3161600580872227...
Loop31 pFBA...10494.0...Ave likelihood of: cpd00211_c is 0.2508902995095267...
Loop32 pFBA...4058.0...Ave likelihood of: cpd00047_c is 0.35057864695813556...
Loop33 pFBA...5253.0...Ave likelihood of: cpd00106_c is 0.05747504542757127...
Loop34 pFBA...7768.0...Ave likelihood of: cpd00141_c is 0.24361248317823225...
Loop35 pFBA...20274.0...Ave likelihood of: cpd00216_c is 0.16318083052805135...
Loop36 pFBA...4951.0...Ave likelihood of: cpd00036_c is 0.10788995769750667...
Loop37 pFBA...22940.0...Ave likelihood of: cpd00581_c is 0.1024855552155109...
Loop38 pFBA...4910.0...Ave likelihood of: cpd00128_c is 0.1383960486069157...
Loop39 pFBA...6080.0...Ave likelihood of: cpd00018_c is 0.1272653626559332...
Loop40 pFBA...5429.0...Ave likelihood of: cpd00091_c is 0.15138359498222165...
Loop41 pFBA...3922.0...Ave likelihood of: cpd00092_c is 0.19215242026840382...
Loop42 pFBA...63323.0...Ave likelihood of: cpd00305_c is 0.13099116810208902...
Loop43 pFBA...13693.0...Ave likelihood of: cpd00220_c is 0.10425340183350863...
Loop44 pFBA...14669.0...Ave likelihood of: cpd00218_c is 0.12143186877638237...
Loop45 pFBA...14709.0...Ave likelihood of: cpd00215_c is 0.20795878527078052...
Loop46 pFBA...28973.0...Ave likelihood of: cpd00104_c is 0.1480588102745577...
Loop47 pFBA...36954.0...Ave likelihood of: cpd00393_c is 0.1660013230637267...
Loop48 pFBA...6172.0...Ave likelihood of: cpd00363_c is 0.44852389301920687...
Loop49 pFBA...9356.0...Ave likelihood of: cpd00281_c is 0.0920560192527631...
Loop50 pFBA...4157.0...Ave likelihood of: cpd00025_c is 0.2585947339589259...
Loop51 pFBA...20338.0...Ave likelihood of: cpd00811_c is 0.21797779765125955...
Loop52 pFBA...5411.0...Ave likelihood of: cpd00117_c is 0.36982602520339514...
Loop53 pFBA...7585.0...Ave likelihood of: cpd00186_c is 0.23582548291865502...
Loop54 pFBA...22565.0...Ave likelihood of: cpd00637_c is 0.17481270135754076...
Loop55 pFBA...6463.0...Ave likelihood of: cpd00550_c is 0.18639970843496692...
Loop56 pFBA...4234.0...Ave likelihood of: cpd00033_c is 0.2426962440361207...
Loop57 pFBA...5285.0...Ave likelihood of: cpd00035_c is 0.36982602520339514...
Loop58 pFBA...18919.0...Ave likelihood of: cpd00051_c is 0.2369822049890765...
Loop59 pFBA...8290.0...Ave likelihood of: cpd00132_c is 0.1271138499313031...
Loop60 pFBA...5603.0...Ave likelihood of: cpd00041_c is 0.08238071760849033...
Loop61 pFBA...13930.0...Ave likelihood of: cpd00084_c is 0.21565052575320048...
Loop62 pFBA...7356.0...Ave likelihood of: cpd00023_c is 0.12887842695386836...
Loop63 pFBA...9954.0...Ave likelihood of: cpd00053_c is 0.09896676254049044...
Loop64 pFBA...22363.0...Ave likelihood of: cpd00119_c is 0.1301201584306596...
Loop65 pFBA...17300.0...Ave likelihood of: cpd00322_c is 0.16882633177185674...
Loop66 pFBA...14120.0...Ave likelihood of: cpd00107_c is 0.25433536264850676...
Loop67 pFBA...17464.0...Ave likelihood of: cpd00039_c is 0.28649311647245873...
Loop68 pFBA...21565.0...Ave likelihood of: cpd00060_c is 0.1767992093275128...
Loop69 pFBA...21876.0...Ave likelihood of: cpd00066_c is 0.13302940586015602...
Loop70 pFBA...10578.0...Ave likelihood of: cpd00129_c is 0.1421788744902075...
Loop71 pFBA...5463.0...Ave likelihood of: cpd00054_c is 0.1924126022554497...
Loop72 pFBA...7857.0...Ave likelihood of: cpd00161_c is 0.234208539164101...
Loop73 pFBA...29652.0...Ave likelihood of: cpd00065_c is 0.12569941102211302...
Loop74 pFBA...19544.0...Ave likelihood of: cpd00069_c is 0.19584650999540126...
Loop75 pFBA...8024.0...Ave likelihood of: cpd00156_c is 0.1668904638129974...
Loop76 pFBA...24606.0...Ave likelihood of: cpd00098_c is 0.15339263135430856...
Loop77 pFBA...15646.0...Ave likelihood of: cpd00274_c is 0.15454247283982414...
Loop78 pFBA...6720.0...Ave likelihood of: cpd00226_c is 0.28792675533905987...
Loop79 pFBA...4939.0...Ave likelihood of: cpd00246_c is 0.26042343946647833...
Loop80 pFBA...21745.0...Ave likelihood of: cpd00374_c is 0.15924846563389713...
Loop81 pFBA...4370.0...Ave likelihood of: cpd00221_c is 0.26184659337390426...
Loop82 pFBA...4181.0...Ave likelihood of: cpd00159_c is 0.2812842708166106...
Loop83 pFBA...10612.0...Ave likelihood of: cpd00211_c is 0.14725091423291373...
Loop84 pFBA...4112.0...Ave likelihood of: cpd00047_c is 0.3852306691806793...
Loop85 pFBA...5253.0...Ave likelihood of: cpd00106_c is 0.05747504542757127...
Loop86 pFBA...7814.0...Ave likelihood of: cpd00141_c is 0.15285232062952156...
Loop87 pFBA...20668.0...Ave likelihood of: cpd00216_c is 0.1687058365212374...
Loop88 pFBA...4951.0...Ave likelihood of: cpd00036_c is 0.10788995769750667...
Loop89 pFBA...22940.0...Ave likelihood of: cpd00581_c is 0.1024855552155109...
Loop90 pFBA...4910.0...Ave likelihood of: cpd00128_c is 0.1383960486069157...
Loop91 pFBA...6080.0...Ave likelihood of: cpd00018_c is 0.1272653626559332...
Loop92 pFBA...5429.0...Ave likelihood of: cpd00091_c is 0.15138359498222165...
Loop93 pFBA...3922.0...Ave likelihood of: cpd00092_c is 0.19215242026840382...
Loop94 pFBA...63323.0...Ave likelihood of: cpd00305_c is 0.12974363316778342...
Loop95 pFBA...13693.0...Ave likelihood of: cpd00220_c is 0.10425340183350863...
Loop96 pFBA...14669.0...Ave likelihood of: cpd00218_c is 0.11947329024773104...
Loop97 pFBA...15215.0...Ave likelihood of: cpd00215_c is 0.18119541388406288...
Loop98 pFBA...29052.0...Ave likelihood of: cpd00104_c is 0.1335643501900471...
Loop99 pFBA...36954.0...Ave likelihood of: cpd00393_c is 0.16600132306372672...
Loop100 pFBA...6442.0...Ave likelihood of: cpd00363_c is 0.28294751536191226...
Loop101 pFBA...9356.0...Ave likelihood of: cpd00281_c is 0.0920560192527631...
Loop102 pFBA...4281.0...Ave likelihood of: cpd00025_c is 0.29957962142328876...
Loop103 pFBA...21283.0...Ave likelihood of: cpd00811_c is 0.17381710202056902...
Loop104 pFBA...5411.0...Ave likelihood of: cpd00117_c is 0.36982602520339514...
Loop105 pFBA...7585.0...Ave likelihood of: cpd00186_c is 0.23582548291865502...
Loop106 pFBA...22440.0...Ave likelihood of: cpd00637_c is 0.19630285038098047...
Loop107 pFBA...6463.0...Ave likelihood of: cpd00550_c is 0.18639970843496692...
Loop108 pFBA...4234.0...Ave likelihood of: cpd00033_c is 0.2426962440361207...
Loop109 pFBA...5285.0...Ave likelihood of: cpd00035_c is 0.36982602520339514...
Loop110 pFBA...18694.0...Ave likelihood of: cpd00051_c is 0.25635384380699...
Loop111 pFBA...8290.0...Ave likelihood of: cpd00132_c is 0.1271138499313031...
Loop112 pFBA...5603.0...Ave likelihood of: cpd00041_c is 0.08238071760849033...
Loop113 pFBA...13889.0...Ave likelihood of: cpd00084_c is 0.24598515059705847...
Loop114 pFBA...7356.0...Ave likelihood of: cpd00023_c is 0.12887842695386836...
Loop115 pFBA...9954.0...Ave likelihood of: cpd00053_c is 0.10169756347962731...
Loop116 pFBA...22363.0...Ave likelihood of: cpd00119_c is 0.1301201584306596...
Loop117 pFBA...17287.0...Ave likelihood of: cpd00322_c is 0.2592715058476353...
Loop118 pFBA...14120.0...Ave likelihood of: cpd00107_c is 0.25433536264850676...
Loop119 pFBA...17383.0...Ave likelihood of: cpd00039_c is 0.2658573418477414...
Loop120 pFBA...21440.0...Ave likelihood of: cpd00060_c is 0.19848399316299137...
Loop121 pFBA...21135.0...Ave likelihood of: cpd00066_c is 0.1655615647174104...
Loop122 pFBA...10578.0...Ave likelihood of: cpd00129_c is 0.1421788744902075...
Loop123 pFBA...5463.0...Ave likelihood of: cpd00054_c is 0.1924126022554497...
Loop124 pFBA...7765.0...Ave likelihood of: cpd00161_c is 0.2944441872005556...
Loop125 pFBA...29652.0...Ave likelihood of: cpd00065_c is 0.1214257616565262...
Loop126 pFBA...19006.0...Ave likelihood of: cpd00069_c is 0.20251035128052253...
Loop127 pFBA...8024.0...Ave likelihood of: cpd00156_c is 0.1668904638129974...
Loop128 pFBA...24161.0...Ave likelihood of: cpd00098_c is 0.1996622964573275...
Loop129 pFBA...15633.0...Ave likelihood of: cpd00274_c is 0.2971946949377384...
Loop130 pFBA...6720.0...Ave likelihood of: cpd00226_c is 0.28792675533905987...
Loop131 pFBA...4595.0...Ave likelihood of: cpd00246_c is 0.2932887742208934...
Loop132 pFBA...20864.0...Ave likelihood of: cpd00374_c is 0.19214911133693385...
Loop133 pFBA...4321.0...Ave likelihood of: cpd00221_c is 0.298873260895199...
Loop134 pFBA...4150.0...Ave likelihood of: cpd00159_c is 0.30710453574322405...
Loop135 pFBA...10474.0...Ave likelihood of: cpd00211_c is 0.25620935641709236...
Loop136 pFBA...4095.0...Ave likelihood of: cpd00047_c is 0.34299036998683713...
Loop137 pFBA...5253.0...Ave likelihood of: cpd00106_c is 0.05747504542757127...
Loop138 pFBA...7814.0...Ave likelihood of: cpd00141_c is 0.15285232062952156...
Loop139 pFBA...20073.0...Ave likelihood of: cpd00216_c is 0.1570067252719889...
Loop140 pFBA...4951.0...Ave likelihood of: cpd00036_c is 0.10788995769750667...
Loop141 pFBA...22940.0...Ave likelihood of: cpd00581_c is 0.1024855552155109...
Loop142 pFBA...4910.0...Ave likelihood of: cpd00128_c is 0.1383960486069157...
Loop143 pFBA...6080.0...Ave likelihood of: cpd00018_c is 0.1272653626559332...
Loop144 pFBA...5429.0...Ave likelihood of: cpd00091_c is 0.15138359498222165...
Loop145 pFBA...3922.0...Ave likelihood of: cpd00092_c is 0.19215242026840382...
Loop146 pFBA...63323.0...Ave likelihood of: cpd00305_c is 0.13099116810208902...
Loop147 pFBA...13693.0...Ave likelihood of: cpd00220_c is 0.10731967835802358...
Loop148 pFBA...14669.0...Ave likelihood of: cpd00218_c is 0.12143186877638239...
Loop149 pFBA...14605.0...Ave likelihood of: cpd00215_c is 0.214547935504501...
Loop150 pFBA...29016.0...Ave likelihood of: cpd00104_c is 0.17945381716901074...
Loop151 pFBA...36954.0...Ave likelihood of: cpd00393_c is 0.1660013230637267...
Loop152 pFBA...6150.0...Ave likelihood of: cpd00363_c is 0.43292856177308353...
Loop153 pFBA...9356.0...Ave likelihood of: cpd00281_c is 0.0920560192527631...
Loop154 pFBA...4124.0...Ave likelihood of: cpd00025_c is 0.2595109830734095...
Loop155 pFBA...20197.0...Ave likelihood of: cpd00811_c is 0.23795804918882904...
34.6454372803mins to complete!
