
The following have been reloaded with a version change:
  1) anaconda2/4.4.0 => anaconda2/5.1.0

Loading in models...Adding Water...Remove no-like rxns...Pruned 1 metabolites from model
Pruned 1 reactions from model
Set-up Universal...63.0seconds to complete

Loop0 pFBA...5327.0...Ave likelihood of: cpd00117_c is 0.3070982868620427...
Loop1 pFBA...7077.0...Ave likelihood of: cpd00186_c is 0.3205405940821298...
Loop2 pFBA...21495.0...Ave likelihood of: cpd00637_c is 0.2521007459168807...
Loop3 pFBA...6393.0...Ave likelihood of: cpd00550_c is 0.42550066294322536...
Loop4 pFBA...4103.0...Ave likelihood of: cpd00033_c is 0.22334483350707754...
Loop5 pFBA...5223.0...Ave likelihood of: cpd00035_c is 0.3070982868620427...
Loop6 pFBA...17954.0...Ave likelihood of: cpd00051_c is 0.24931549884043683...
Loop7 pFBA...8162.0...Ave likelihood of: cpd00132_c is 0.1896115243685849...
Loop8 pFBA...5297.0...Ave likelihood of: cpd00041_c is 0.18210821282060893...
Loop9 pFBA...13582.0...Ave likelihood of: cpd00084_c is 0.27149922193280945...
Loop10 pFBA...6632.0...Ave likelihood of: cpd00023_c is 0.27358966742345775...
Loop11 pFBA...9278.0...Ave likelihood of: cpd00053_c is 0.2091481943262231...
Loop12 pFBA...15813.0...Ave likelihood of: cpd00119_c is 0.36282258465175193...
Loop13 pFBA...16855.0...Ave likelihood of: cpd00322_c is 0.1730364993845349...
Loop14 pFBA...13953.0...Ave likelihood of: cpd00107_c is 0.28526443500045656...
Loop15 pFBA...17012.0...Ave likelihood of: cpd00039_c is 0.3019943390949972...
Loop16 pFBA...20495.0...Ave likelihood of: cpd00060_c is 0.25529189459937296...
Loop17 pFBA...21017.0...Ave likelihood of: cpd00066_c is 0.28103976410094206...
Loop18 pFBA...10269.0...Ave likelihood of: cpd00129_c is 0.3109487899867757...
Loop19 pFBA...5393.0...Ave likelihood of: cpd00054_c is 0.46418254139260945...
Loop20 pFBA...7702.0...Ave likelihood of: cpd00161_c is 0.3395319491142471...
Loop21 pFBA...29453.0...Ave likelihood of: cpd00065_c is 0.20136568581502162...
Loop22 pFBA...18435.0...Ave likelihood of: cpd00069_c is 0.2618936176400112...
Loop23 pFBA...7901.0...Ave likelihood of: cpd00156_c is 0.2953748280725134...
Loop24 pFBA...23846.0...Ave likelihood of: cpd00098_c is 0.23097638578616556...
Loop25 pFBA...14479.0...Ave likelihood of: cpd00274_c is 0.2808337291649141...
Loop26 pFBA...6120.0...Ave likelihood of: cpd00226_c is 0.3633242599703168...
Loop27 pFBA...4626.0...Ave likelihood of: cpd00246_c is 0.27482893405586234...
Loop28 pFBA...20329.0...Ave likelihood of: cpd00374_c is 0.2533192087789622...
Loop29 pFBA...4216.0...Ave likelihood of: cpd00221_c is 0.345741421688626...
Loop30 pFBA...4067.0...Ave likelihood of: cpd00159_c is 0.36078248310902333...
Loop31 pFBA...10208.0...Ave likelihood of: cpd00211_c is 0.2799691846684047...
Loop32 pFBA...3620.0...Ave likelihood of: cpd00047_c is 0.42589941139341847...
Loop33 pFBA...4980.0...Ave likelihood of: cpd00106_c is 0.1759036074085297...
Loop34 pFBA...7653.0...Ave likelihood of: cpd00141_c is 0.32163546614002797...
Loop35 pFBA...20134.0...Ave likelihood of: cpd00216_c is 0.27985845395616...
Loop36 pFBA...4752.0...Ave likelihood of: cpd00036_c is 0.22617665169209275...
Loop37 pFBA...16341.0...Ave likelihood of: cpd00581_c is 0.3552150267203922...
Loop38 pFBA...4233.0...Ave likelihood of: cpd00128_c is 0.36819260184221037...
Loop39 pFBA...5761.0...Ave likelihood of: cpd00018_c is 0.3172397856192342...
Loop40 pFBA...5093.0...Ave likelihood of: cpd00091_c is 0.3679242106537498...
Loop41 pFBA...4139.0...Ave likelihood of: cpd00092_c is 0.31839488236612434...
Loop42 pFBA...61414.0...Ave likelihood of: cpd00305_c is 0.20667336925276011...
Loop43 pFBA...13418.0...Ave likelihood of: cpd00220_c is 0.2658701730638844...
Loop44 pFBA...14280.0...Ave likelihood of: cpd00218_c is 0.2075862186272428...
Loop45 pFBA...13597.0...Ave likelihood of: cpd00215_c is 0.3668667462131639...
Loop46 pFBA...27855.0...Ave likelihood of: cpd00104_c is 0.201294412069315...
Loop47 pFBA...35533.0...Ave likelihood of: cpd00393_c is 0.2271158498826666...
Loop48 pFBA...6246.0...Ave likelihood of: cpd00363_c is 0.4104580058470533...
Loop49 pFBA...8632.0...Ave likelihood of: cpd00281_c is 0.19542119101675554...
Loop50 pFBA...4097.0...Ave likelihood of: cpd00025_c is 0.31795107225368757...
Loop51 pFBA...20250.0...Ave likelihood of: cpd00811_c is 0.20502742983431033...
Loop52 pFBA...5327.0...Ave likelihood of: cpd00117_c is 0.3070982868620427...
Loop53 pFBA...7077.0...Ave likelihood of: cpd00186_c is 0.3205405940821298...
Loop54 pFBA...21495.0...Ave likelihood of: cpd00637_c is 0.2521007459168807...
Loop55 pFBA...6393.0...Ave likelihood of: cpd00550_c is 0.42550066294322536...
Loop56 pFBA...4103.0...Ave likelihood of: cpd00033_c is 0.22334483350707754...
Loop57 pFBA...5223.0...Ave likelihood of: cpd00035_c is 0.3070982868620427...
Loop58 pFBA...18155.0...Ave likelihood of: cpd00051_c is 0.2239962551254607...
Loop59 pFBA...8162.0...Ave likelihood of: cpd00132_c is 0.1896115243685849...
Loop60 pFBA...5297.0...Ave likelihood of: cpd00041_c is 0.18210821282060893...
Loop61 pFBA...13623.0...Ave likelihood of: cpd00084_c is 0.2608218713497174...
Loop62 pFBA...6632.0...Ave likelihood of: cpd00023_c is 0.27358966742345775...
Loop63 pFBA...9278.0...Ave likelihood of: cpd00053_c is 0.2091481943262231...
Loop64 pFBA...15813.0...Ave likelihood of: cpd00119_c is 0.36282258465175193...
Loop65 pFBA...16855.0...Ave likelihood of: cpd00322_c is 0.1730364993845349...
Loop66 pFBA...13953.0...Ave likelihood of: cpd00107_c is 0.28526443500045656...
Loop67 pFBA...17306.0...Ave likelihood of: cpd00039_c is 0.273694993916594...
Loop68 pFBA...20495.0...Ave likelihood of: cpd00060_c is 0.25529189459937296...
Loop69 pFBA...21175.0...Ave likelihood of: cpd00066_c is 0.272046810728497...
Loop70 pFBA...10269.0...Ave likelihood of: cpd00129_c is 0.3109487899867757...
Loop71 pFBA...5393.0...Ave likelihood of: cpd00054_c is 0.46418254139260945...
Loop72 pFBA...7726.0...Ave likelihood of: cpd00161_c is 0.2919269212076595...
Loop73 pFBA...29453.0...Ave likelihood of: cpd00065_c is 0.20136568581502162...
Loop74 pFBA...18573.0...Ave likelihood of: cpd00069_c is 0.26153824579220036...
Loop75 pFBA...7901.0...Ave likelihood of: cpd00156_c is 0.2953748280725134...
Loop76 pFBA...23866.0...Ave likelihood of: cpd00098_c is 0.2231190294330566...
Loop77 pFBA...14617.0...Ave likelihood of: cpd00274_c is 0.21747802378046757...
Loop78 pFBA...6120.0...Ave likelihood of: cpd00226_c is 0.3633242599703168...
Loop79 pFBA...4820.0...Ave likelihood of: cpd00246_c is 0.30999051891212365...
Loop80 pFBA...20752.0...Ave likelihood of: cpd00374_c is 0.239626432752045...
Loop81 pFBA...4318.0...Ave likelihood of: cpd00221_c is 0.2560509618715746...
Loop82 pFBA...4106.0...Ave likelihood of: cpd00159_c is 0.35355328624653254...
Loop83 pFBA...10344.0...Ave likelihood of: cpd00211_c is 0.20927131781677116...
Loop84 pFBA...3635.0...Ave likelihood of: cpd00047_c is 0.4245653718183333...
Loop85 pFBA...4980.0...Ave likelihood of: cpd00106_c is 0.1759036074085297...
Loop86 pFBA...7657.0...Ave likelihood of: cpd00141_c is 0.31374267004954953...
Loop87 pFBA...20307.0...Ave likelihood of: cpd00216_c is 0.25389750845629383...
Loop88 pFBA...4752.0...Ave likelihood of: cpd00036_c is 0.22617665169209275...
Loop89 pFBA...16341.0...Ave likelihood of: cpd00581_c is 0.3552150267203922...
Loop90 pFBA...4233.0...Ave likelihood of: cpd00128_c is 0.36819260184221037...
Loop91 pFBA...5761.0...Ave likelihood of: cpd00018_c is 0.3281790885716216...
Loop92 pFBA...5093.0...Ave likelihood of: cpd00091_c is 0.3679242106537498...
Loop93 pFBA...4139.0...Ave likelihood of: cpd00092_c is 0.31839488236612434...
Loop94 pFBA...61414.0...Ave likelihood of: cpd00305_c is 0.21111180622879627...
Loop95 pFBA...13418.0...Ave likelihood of: cpd00220_c is 0.2886590450407887...
Loop96 pFBA...14327.0...Ave likelihood of: cpd00218_c is 0.18352545881810642...
Loop97 pFBA...13912.0...Ave likelihood of: cpd00215_c is 0.34755212323329204...
Loop98 pFBA...27855.0...Ave likelihood of: cpd00104_c is 0.20592186981803487...
Loop99 pFBA...35533.0...Ave likelihood of: cpd00393_c is 0.2271158498826666...
Loop100 pFBA...6452.0...Ave likelihood of: cpd00363_c is 0.43877566409144697...
Loop101 pFBA...8632.0...Ave likelihood of: cpd00281_c is 0.19542119101675554...
Loop102 pFBA...4175.0...Ave likelihood of: cpd00025_c is 0.4241119121896615...
Loop103 pFBA...20380.0...Ave likelihood of: cpd00811_c is 0.21877899073685325...
Loop104 pFBA...5327.0...Ave likelihood of: cpd00117_c is 0.3070982868620427...
Loop105 pFBA...7077.0...Ave likelihood of: cpd00186_c is 0.3205405940821298...
Loop106 pFBA...21495.0...Ave likelihood of: cpd00637_c is 0.2521007459168807...
Loop107 pFBA...6393.0...Ave likelihood of: cpd00550_c is 0.42550066294322536...
Loop108 pFBA...4103.0...Ave likelihood of: cpd00033_c is 0.22334483350707754...
Loop109 pFBA...5223.0...Ave likelihood of: cpd00035_c is 0.3070982868620427...
Loop110 pFBA...17852.0...Ave likelihood of: cpd00051_c is 0.26153202114711827...
Loop111 pFBA...8162.0...Ave likelihood of: cpd00132_c is 0.1896115243685849...
Loop112 pFBA...5297.0...Ave likelihood of: cpd00041_c is 0.18210821282060893...
Loop113 pFBA...13585.0...Ave likelihood of: cpd00084_c is 0.30619441085939664...
Loop114 pFBA...6632.0...Ave likelihood of: cpd00023_c is 0.27358966742345775...
Loop115 pFBA...9278.0...Ave likelihood of: cpd00053_c is 0.2091481943262231...
Loop116 pFBA...15813.0...Ave likelihood of: cpd00119_c is 0.36282258465175193...
Loop117 pFBA...16855.0...Ave likelihood of: cpd00322_c is 0.1730364993845349...
Loop118 pFBA...13953.0...Ave likelihood of: cpd00107_c is 0.28526443500045656...
Loop119 pFBA...17098.0...Ave likelihood of: cpd00039_c is 0.26078223596500094...
Loop120 pFBA...20495.0...Ave likelihood of: cpd00060_c is 0.25529189459937296...
Loop121 pFBA...20754.0...Ave likelihood of: cpd00066_c is 0.27407009695903134...
Loop122 pFBA...10269.0...Ave likelihood of: cpd00129_c is 0.3109487899867757...
Loop123 pFBA...5393.0...Ave likelihood of: cpd00054_c is 0.46418254139260945...
Loop124 pFBA...7647.0...Ave likelihood of: cpd00161_c is 0.3546815898693387...
Loop125 pFBA...29453.0...Ave likelihood of: cpd00065_c is 0.20136568581502162...
Loop126 pFBA...18238.0...Ave likelihood of: cpd00069_c is 0.23795261034200788...
Loop127 pFBA...7901.0...Ave likelihood of: cpd00156_c is 0.2953748280725134...
Loop128 pFBA...23659.0...Ave likelihood of: cpd00098_c is 0.23968323536598932...
Loop129 pFBA...14601.0...Ave likelihood of: cpd00274_c is 0.2742352382547591...
Loop130 pFBA...6120.0...Ave likelihood of: cpd00226_c is 0.3633242599703168...
Loop131 pFBA...4507.0...Ave likelihood of: cpd00246_c is 0.3808975676960838...
Loop132 pFBA...20051.0...Ave likelihood of: cpd00374_c is 0.2627358523206023...
Loop133 pFBA...4260.0...Ave likelihood of: cpd00221_c is 0.42201278228902706...
Loop134 pFBA...4086.0...Ave likelihood of: cpd00159_c is 0.36873835234864...
Loop135 pFBA...10096.0...Ave likelihood of: cpd00211_c is 0.2954551116921057...
Loop136 pFBA...3635.0...Ave likelihood of: cpd00047_c is 0.4245653718183333...
Loop137 pFBA...4980.0...Ave likelihood of: cpd00106_c is 0.1759036074085297...
Loop138 pFBA...7606.0...Ave likelihood of: cpd00141_c is 0.35952840416645027...
Loop139 pFBA...19819.0...Ave likelihood of: cpd00216_c is 0.2641277998707372...
Loop140 pFBA...4752.0...Ave likelihood of: cpd00036_c is 0.22617665169209275...
Loop141 pFBA...16341.0...Ave likelihood of: cpd00581_c is 0.3552150267203922...
Loop142 pFBA...4233.0...Ave likelihood of: cpd00128_c is 0.36819260184221037...
Loop143 pFBA...5761.0...Ave likelihood of: cpd00018_c is 0.3281790885716216...
Loop144 pFBA...5093.0...Ave likelihood of: cpd00091_c is 0.3790734291584089...
Loop145 pFBA...4139.0...Ave likelihood of: cpd00092_c is 0.31839488236612434...
Loop146 pFBA...61393.0...Ave likelihood of: cpd00305_c is 0.2092452325292354...
Loop147 pFBA...13413.0...Ave likelihood of: cpd00220_c is 0.3049825780117916...
Loop148 pFBA...14145.0...Ave likelihood of: cpd00218_c is 0.2237707263143398...
Loop149 pFBA...13249.0...Ave likelihood of: cpd00215_c is 0.38736282609747397...
Loop150 pFBA...27841.0...Ave likelihood of: cpd00104_c is 0.2281709333718187...
Loop151 pFBA...35533.0...Ave likelihood of: cpd00393_c is 0.2271158498826666...
Loop152 pFBA...6018.0...Ave likelihood of: cpd00363_c is 0.45895881545371975...
Loop153 pFBA...8632.0...Ave likelihood of: cpd00281_c is 0.19542119101675554...
Loop154 pFBA...4026.0...Ave likelihood of: cpd00025_c is 0.36430974105760705...
Loop155 pFBA...19902.0...Ave likelihood of: cpd00811_c is 0.23083730820714532...
32.5671691497mins to complete!
