
The following have been reloaded with a version change:
  1) anaconda2/4.4.0 => anaconda2/5.1.0

Loading in models...Adding Water...Remove no-like rxns...Pruned 1 metabolites from model
Pruned 1 reactions from model
Set-up Universal...62.0seconds to complete

Loop0 pFBA...5325.0...Ave likelihood of: cpd00117_c is 0.3073209834897089...
Loop1 pFBA...7127.0...Ave likelihood of: cpd00186_c is 0.3121706800442223...
Loop2 pFBA...21477.0...Ave likelihood of: cpd00637_c is 0.2171241222742266...
Loop3 pFBA...6393.0...Ave likelihood of: cpd00550_c is 0.4256152435970331...
Loop4 pFBA...4079.0...Ave likelihood of: cpd00033_c is 0.23514852239027442...
Loop5 pFBA...5219.0...Ave likelihood of: cpd00035_c is 0.3073209834897089...
Loop6 pFBA...17875.0...Ave likelihood of: cpd00051_c is 0.27946671845011506...
Loop7 pFBA...8166.0...Ave likelihood of: cpd00132_c is 0.19245342806853355...
Loop8 pFBA...5311.0...Ave likelihood of: cpd00041_c is 0.185124721177631...
Loop9 pFBA...13423.0...Ave likelihood of: cpd00084_c is 0.263829605445079...
Loop10 pFBA...6629.0...Ave likelihood of: cpd00023_c is 0.27426819407442354...
Loop11 pFBA...9268.0...Ave likelihood of: cpd00053_c is 0.2052978024868512...
Loop12 pFBA...15590.0...Ave likelihood of: cpd00119_c is 0.31917938949342317...
Loop13 pFBA...16894.0...Ave likelihood of: cpd00322_c is 0.2439882292873979...
Loop14 pFBA...13958.0...Ave likelihood of: cpd00107_c is 0.28518765600462764...
Loop15 pFBA...16850.0...Ave likelihood of: cpd00039_c is 0.29779136241824233...
Loop16 pFBA...20477.0...Ave likelihood of: cpd00060_c is 0.21994391606999575...
Loop17 pFBA...20922.0...Ave likelihood of: cpd00066_c is 0.2694102542387132...
Loop18 pFBA...10258.0...Ave likelihood of: cpd00129_c is 0.31186129762270803...
Loop19 pFBA...5393.0...Ave likelihood of: cpd00054_c is 0.4643075384694907...
Loop20 pFBA...7522.0...Ave likelihood of: cpd00161_c is 0.3721065307102515...
Loop21 pFBA...25893.0...Ave likelihood of: cpd00065_c is 0.20780943787655964...
Loop22 pFBA...18417.0...Ave likelihood of: cpd00069_c is 0.2622324930487212...
Loop23 pFBA...7893.0...Ave likelihood of: cpd00156_c is 0.29616022308846185...
Loop24 pFBA...24203.0...Ave likelihood of: cpd00098_c is 0.2144740545524305...
Loop25 pFBA...14389.0...Ave likelihood of: cpd00274_c is 0.2888351203821755...
Loop26 pFBA...6128.0...Ave likelihood of: cpd00226_c is 0.337529099292027...
Loop27 pFBA...4608.0...Ave likelihood of: cpd00246_c is 0.39767349964905296...
Loop28 pFBA...20260.0...Ave likelihood of: cpd00374_c is 0.2572685136595989...
Loop29 pFBA...4190.0...Ave likelihood of: cpd00221_c is 0.42022770390764413...
Loop30 pFBA...4026.0...Ave likelihood of: cpd00159_c is 0.37649988440839216...
Loop31 pFBA...10138.0...Ave likelihood of: cpd00211_c is 0.2769675638339618...
Loop32 pFBA...3606.0...Ave likelihood of: cpd00047_c is 0.37678558225405395...
Loop33 pFBA...4991.0...Ave likelihood of: cpd00106_c is 0.1656977385329794...
Loop34 pFBA...7597.0...Ave likelihood of: cpd00141_c is 0.4228767128731872...
Loop35 pFBA...20032.0...Ave likelihood of: cpd00216_c is 0.2683820234196734...
Loop36 pFBA...4748.0...Ave likelihood of: cpd00036_c is 0.23055123449764872...
Loop37 pFBA...16186.0...Ave likelihood of: cpd00581_c is 0.34361545315101466...
Loop38 pFBA...4256.0...Ave likelihood of: cpd00128_c is 0.3630904212582179...
Loop39 pFBA...5760.0...Ave likelihood of: cpd00018_c is 0.3168931477739278...
Loop40 pFBA...5090.0...Ave likelihood of: cpd00091_c is 0.36803816498582637...
Loop41 pFBA...4155.0...Ave likelihood of: cpd00092_c is 0.3931063893449881...
Loop42 pFBA...61504.0...Ave likelihood of: cpd00305_c is 0.2009218045426499...
Loop43 pFBA...13385.0...Ave likelihood of: cpd00220_c is 0.24716026086952708...
Loop44 pFBA...14390.0...Ave likelihood of: cpd00218_c is 0.21624154286226602...
Loop45 pFBA...13510.0...Ave likelihood of: cpd00215_c is 0.33179441606959337...
Loop46 pFBA...27981.0...Ave likelihood of: cpd00104_c is 0.19359167000020952...
Loop47 pFBA...36561.0...Ave likelihood of: cpd00393_c is 0.2129065511377281...
Loop48 pFBA...5787.0...Ave likelihood of: cpd00363_c is 0.5164165377421643...
Loop49 pFBA...8629.0...Ave likelihood of: cpd00281_c is 0.19590585291030255...
Loop50 pFBA...4082.0...Ave likelihood of: cpd00025_c is 0.3949017281734244...
Loop51 pFBA...20300.0...Ave likelihood of: cpd00811_c is 0.2014118993933901...
Loop52 pFBA...5325.0...Ave likelihood of: cpd00117_c is 0.3073209834897089...
Loop53 pFBA...7127.0...Ave likelihood of: cpd00186_c is 0.3121706800442223...
Loop54 pFBA...21477.0...Ave likelihood of: cpd00637_c is 0.2171241222742266...
Loop55 pFBA...6393.0...Ave likelihood of: cpd00550_c is 0.4256152435970331...
Loop56 pFBA...4079.0...Ave likelihood of: cpd00033_c is 0.2351485223902744...
Loop57 pFBA...5219.0...Ave likelihood of: cpd00035_c is 0.3073209834897089...
Loop58 pFBA...18155.0...Ave likelihood of: cpd00051_c is 0.2545845838990309...
Loop59 pFBA...8166.0...Ave likelihood of: cpd00132_c is 0.19245342806853355...
Loop60 pFBA...5311.0...Ave likelihood of: cpd00041_c is 0.185124721177631...
Loop61 pFBA...13561.0...Ave likelihood of: cpd00084_c is 0.26949253964424197...
Loop62 pFBA...6629.0...Ave likelihood of: cpd00023_c is 0.27426819407442354...
Loop63 pFBA...9268.0...Ave likelihood of: cpd00053_c is 0.2052978024868512...
Loop64 pFBA...15590.0...Ave likelihood of: cpd00119_c is 0.3191793894934231...
Loop65 pFBA...16894.0...Ave likelihood of: cpd00322_c is 0.2439882292873979...
Loop66 pFBA...13958.0...Ave likelihood of: cpd00107_c is 0.28518765600462764...
Loop67 pFBA...17276.0...Ave likelihood of: cpd00039_c is 0.2761797567071193...
Loop68 pFBA...20477.0...Ave likelihood of: cpd00060_c is 0.21994391606999575...
Loop69 pFBA...21173.0...Ave likelihood of: cpd00066_c is 0.26254326035319797...
Loop70 pFBA...10258.0...Ave likelihood of: cpd00129_c is 0.31186129762270803...
Loop71 pFBA...5393.0...Ave likelihood of: cpd00054_c is 0.4643075384694907...
Loop72 pFBA...7605.0...Ave likelihood of: cpd00161_c is 0.3585997184682672...
Loop73 pFBA...25893.0...Ave likelihood of: cpd00065_c is 0.2046582320907945...
Loop74 pFBA...18596.0...Ave likelihood of: cpd00069_c is 0.22948435137320786...
Loop75 pFBA...7893.0...Ave likelihood of: cpd00156_c is 0.29616022308846185...
Loop76 pFBA...24373.0...Ave likelihood of: cpd00098_c is 0.2128010452706414...
Loop77 pFBA...14619.0...Ave likelihood of: cpd00274_c is 0.20249699598166487...
Loop78 pFBA...6128.0...Ave likelihood of: cpd00226_c is 0.337529099292027...
Loop79 pFBA...4823.0...Ave likelihood of: cpd00246_c is 0.21123338171697617...
Loop80 pFBA...20775.0...Ave likelihood of: cpd00374_c is 0.2191255121316671...
Loop81 pFBA...4309.0...Ave likelihood of: cpd00221_c is 0.2619332084193952...
Loop82 pFBA...4107.0...Ave likelihood of: cpd00159_c is 0.3337663051517195...
Loop83 pFBA...10138.0...Ave likelihood of: cpd00211_c is 0.2769675638339618...
Loop84 pFBA...3633.0...Ave likelihood of: cpd00047_c is 0.42413553056831943...
Loop85 pFBA...4991.0...Ave likelihood of: cpd00106_c is 0.1656977385329794...
Loop86 pFBA...7631.0...Ave likelihood of: cpd00141_c is 0.31661402580050385...
Loop87 pFBA...20232.0...Ave likelihood of: cpd00216_c is 0.2576620808950736...
Loop88 pFBA...4748.0...Ave likelihood of: cpd00036_c is 0.23055123449764872...
Loop89 pFBA...16186.0...Ave likelihood of: cpd00581_c is 0.34361545315101466...
Loop90 pFBA...4256.0...Ave likelihood of: cpd00128_c is 0.3630904212582179...
Loop91 pFBA...5760.0...Ave likelihood of: cpd00018_c is 0.3278204976971667...
Loop92 pFBA...5090.0...Ave likelihood of: cpd00091_c is 0.36803816498582637...
Loop93 pFBA...4155.0...Ave likelihood of: cpd00092_c is 0.3931063893449881...
Loop94 pFBA...61511.0...Ave likelihood of: cpd00305_c is 0.2020354481663059...
Loop95 pFBA...13385.0...Ave likelihood of: cpd00220_c is 0.24716026086952705...
Loop96 pFBA...14489.0...Ave likelihood of: cpd00218_c is 0.18778383063720225...
Loop97 pFBA...14012.0...Ave likelihood of: cpd00215_c is 0.29295772597896175...
Loop98 pFBA...27981.0...Ave likelihood of: cpd00104_c is 0.19359167000020952...
Loop99 pFBA...36561.0...Ave likelihood of: cpd00393_c is 0.21290655113772813...
Loop100 pFBA...6065.0...Ave likelihood of: cpd00363_c is 0.46668881449726546...
Loop101 pFBA...8629.0...Ave likelihood of: cpd00281_c is 0.19590585291030255...
Loop102 pFBA...4165.0...Ave likelihood of: cpd00025_c is 0.32867192029512254...
Loop103 pFBA...20595.0...Ave likelihood of: cpd00811_c is 0.2523506450213572...
Loop104 pFBA...5325.0...Ave likelihood of: cpd00117_c is 0.3073209834897089...
Loop105 pFBA...7127.0...Ave likelihood of: cpd00186_c is 0.3121706800442223...
Loop106 pFBA...21475.0...Ave likelihood of: cpd00637_c is 0.26944238461912134...
Loop107 pFBA...6393.0...Ave likelihood of: cpd00550_c is 0.4256152435970331...
Loop108 pFBA...4079.0...Ave likelihood of: cpd00033_c is 0.23514852239027442...
Loop109 pFBA...5219.0...Ave likelihood of: cpd00035_c is 0.3073209834897089...
Loop110 pFBA...17858.0...Ave likelihood of: cpd00051_c is 0.26144374814139604...
Loop111 pFBA...8166.0...Ave likelihood of: cpd00132_c is 0.19245342806853355...
Loop112 pFBA...5311.0...Ave likelihood of: cpd00041_c is 0.185124721177631...
Loop113 pFBA...13468.0...Ave likelihood of: cpd00084_c is 0.31262208580872064...
Loop114 pFBA...6629.0...Ave likelihood of: cpd00023_c is 0.27426819407442354...
Loop115 pFBA...9268.0...Ave likelihood of: cpd00053_c is 0.2052978024868512...
Loop116 pFBA...15590.0...Ave likelihood of: cpd00119_c is 0.3191793894934231...
Loop117 pFBA...16894.0...Ave likelihood of: cpd00322_c is 0.2439882292873979...
Loop118 pFBA...13958.0...Ave likelihood of: cpd00107_c is 0.28518765600462764...
Loop119 pFBA...17068.0...Ave likelihood of: cpd00039_c is 0.2888174147231746...
Loop120 pFBA...20475.0...Ave likelihood of: cpd00060_c is 0.2728104144268603...
Loop121 pFBA...20761.0...Ave likelihood of: cpd00066_c is 0.2772517681723913...
Loop122 pFBA...10258.0...Ave likelihood of: cpd00129_c is 0.31186129762270803...
Loop123 pFBA...5393.0...Ave likelihood of: cpd00054_c is 0.4643075384694907...
Loop124 pFBA...7511.0...Ave likelihood of: cpd00161_c is 0.3588190127336222...
Loop125 pFBA...25893.0...Ave likelihood of: cpd00065_c is 0.2046582320907945...
Loop126 pFBA...18280.0...Ave likelihood of: cpd00069_c is 0.2369022407794683...
Loop127 pFBA...7893.0...Ave likelihood of: cpd00156_c is 0.29616022308846185...
Loop128 pFBA...24049.0...Ave likelihood of: cpd00098_c is 0.19628052821077385...
Loop129 pFBA...14582.0...Ave likelihood of: cpd00274_c is 0.24759131443003998...
Loop130 pFBA...6128.0...Ave likelihood of: cpd00226_c is 0.33752909929202707...
Loop131 pFBA...4544.0...Ave likelihood of: cpd00246_c is 0.365772562538643...
Loop132 pFBA...20090.0...Ave likelihood of: cpd00374_c is 0.2617023460351068...
Loop133 pFBA...4274.0...Ave likelihood of: cpd00221_c is 0.3398080197574175...
Loop134 pFBA...4086.0...Ave likelihood of: cpd00159_c is 0.3685648436529094...
Loop135 pFBA...10122.0...Ave likelihood of: cpd00211_c is 0.3623548781051811...
Loop136 pFBA...3633.0...Ave likelihood of: cpd00047_c is 0.42413553056831943...
Loop137 pFBA...4991.0...Ave likelihood of: cpd00106_c is 0.1656977385329794...
Loop138 pFBA...7587.0...Ave likelihood of: cpd00141_c is 0.3719929815444673...
Loop139 pFBA...19759.0...Ave likelihood of: cpd00216_c is 0.2726978030105555...
Loop140 pFBA...4748.0...Ave likelihood of: cpd00036_c is 0.23055123449764872...
Loop141 pFBA...16186.0...Ave likelihood of: cpd00581_c is 0.34361545315101466...
Loop142 pFBA...4256.0...Ave likelihood of: cpd00128_c is 0.3630904212582179...
Loop143 pFBA...5760.0...Ave likelihood of: cpd00018_c is 0.3278204976971667...
Loop144 pFBA...5090.0...Ave likelihood of: cpd00091_c is 0.37919083665206355...
Loop145 pFBA...4155.0...Ave likelihood of: cpd00092_c is 0.3931063893449881...
Loop146 pFBA...61444.0...Ave likelihood of: cpd00305_c is 0.2095495552299086...
Loop147 pFBA...13384.0...Ave likelihood of: cpd00220_c is 0.31140554385529173...
Loop148 pFBA...14320.0...Ave likelihood of: cpd00218_c is 0.20280947123554352...
Loop149 pFBA...13302.0...Ave likelihood of: cpd00215_c is 0.4097010090844901...
Loop150 pFBA...27981.0...Ave likelihood of: cpd00104_c is 0.19359167000020952...
Loop151 pFBA...36561.0...Ave likelihood of: cpd00393_c is 0.21548785800479103...
Loop152 pFBA...5637.0...Ave likelihood of: cpd00363_c is 0.4851323206556352...
Loop153 pFBA...8629.0...Ave likelihood of: cpd00281_c is 0.19590585291030255...
Loop154 pFBA...4034.0...Ave likelihood of: cpd00025_c is 0.4040595291146115...
Loop155 pFBA...20089.0...Ave likelihood of: cpd00811_c is 0.21701407877467194...
31.9375320514mins to complete!
