
The following have been reloaded with a version change:
  1) anaconda2/4.4.0 => anaconda2/5.1.0

Loading in models...Adding Water...Remove no-like rxns...Pruned 1 metabolites from model
Pruned 1 reactions from model
Set-up Universal...62.0seconds to complete

Loop0 pFBA...5326.0...Ave likelihood of: cpd00117_c is 0.30724891412295563...
Loop1 pFBA...7123.0...Ave likelihood of: cpd00186_c is 0.3128872831447415...
Loop2 pFBA...21641.0...Ave likelihood of: cpd00637_c is 0.24967664532649378...
Loop3 pFBA...6394.0...Ave likelihood of: cpd00550_c is 0.4255157877362505...
Loop4 pFBA...4105.0...Ave likelihood of: cpd00033_c is 0.22339291572318648...
Loop5 pFBA...5220.0...Ave likelihood of: cpd00035_c is 0.30724891412295563...
Loop6 pFBA...17879.0...Ave likelihood of: cpd00051_c is 0.2718502512781772...
Loop7 pFBA...8174.0...Ave likelihood of: cpd00132_c is 0.18879433771086837...
Loop8 pFBA...5316.0...Ave likelihood of: cpd00041_c is 0.1812369376726118...
Loop9 pFBA...13563.0...Ave likelihood of: cpd00084_c is 0.26108826121934336...
Loop10 pFBA...6630.0...Ave likelihood of: cpd00023_c is 0.27396135208738526...
Loop11 pFBA...9280.0...Ave likelihood of: cpd00053_c is 0.1840681194203796...
Loop12 pFBA...15589.0...Ave likelihood of: cpd00119_c is 0.3211320444148594...
Loop13 pFBA...16893.0...Ave likelihood of: cpd00322_c is 0.24384329737856122...
Loop14 pFBA...13958.0...Ave likelihood of: cpd00107_c is 0.2851487661574107...
Loop15 pFBA...16963.0...Ave likelihood of: cpd00039_c is 0.29472095665550396...
Loop16 pFBA...20641.0...Ave likelihood of: cpd00060_c is 0.253193217795881...
Loop17 pFBA...20923.0...Ave likelihood of: cpd00066_c is 0.27296515564111196...
Loop18 pFBA...10259.0...Ave likelihood of: cpd00129_c is 0.31178694734046186...
Loop19 pFBA...5394.0...Ave likelihood of: cpd00054_c is 0.4641990411668187...
Loop20 pFBA...7669.0...Ave likelihood of: cpd00161_c is 0.38616805920821895...
Loop21 pFBA...26590.0...Ave likelihood of: cpd00065_c is 0.241686053184877...
Loop22 pFBA...18418.0...Ave likelihood of: cpd00069_c is 0.26220129532476705...
Loop23 pFBA...7895.0...Ave likelihood of: cpd00156_c is 0.2960233699783502...
Loop24 pFBA...24025.0...Ave likelihood of: cpd00098_c is 0.22638148482748746...
Loop25 pFBA...14390.0...Ave likelihood of: cpd00274_c is 0.2887845215935805...
Loop26 pFBA...6131.0...Ave likelihood of: cpd00226_c is 0.33513187957707297...
Loop27 pFBA...4604.0...Ave likelihood of: cpd00246_c is 0.399477472343229...
Loop28 pFBA...20256.0...Ave likelihood of: cpd00374_c is 0.26684729590493594...
Loop29 pFBA...4186.0...Ave likelihood of: cpd00221_c is 0.45088871154696714...
Loop30 pFBA...4025.0...Ave likelihood of: cpd00159_c is 0.3917936565938048...
Loop31 pFBA...10144.0...Ave likelihood of: cpd00211_c is 0.3300413062633594...
Loop32 pFBA...3607.0...Ave likelihood of: cpd00047_c is 0.37669867926125516...
Loop33 pFBA...4996.0...Ave likelihood of: cpd00106_c is 0.17504470352488477...
Loop34 pFBA...7624.0...Ave likelihood of: cpd00141_c is 0.29791823425339253...
Loop35 pFBA...20044.0...Ave likelihood of: cpd00216_c is 0.26604441785588234...
Loop36 pFBA...4763.0...Ave likelihood of: cpd00036_c is 0.2246087438975724...
Loop37 pFBA...16192.0...Ave likelihood of: cpd00581_c is 0.3326400578703878...
Loop38 pFBA...4256.0...Ave likelihood of: cpd00128_c is 0.36301547968496933...
Loop39 pFBA...5761.0...Ave likelihood of: cpd00018_c is 0.32777402174927334...
Loop40 pFBA...5091.0...Ave likelihood of: cpd00091_c is 0.3679706770936653...
Loop41 pFBA...4160.0...Ave likelihood of: cpd00092_c is 0.38976380471912053...
Loop42 pFBA...61680.0...Ave likelihood of: cpd00305_c is 0.208145884249439...
Loop43 pFBA...13418.0...Ave likelihood of: cpd00220_c is 0.28072061182272245...
Loop44 pFBA...14382.0...Ave likelihood of: cpd00218_c is 0.20103575491203218...
Loop45 pFBA...13475.0...Ave likelihood of: cpd00215_c is 0.32536072220717727...
Loop46 pFBA...27988.0...Ave likelihood of: cpd00104_c is 0.20208528100042894...
Loop47 pFBA...36209.0...Ave likelihood of: cpd00393_c is 0.2151574530559878...
Loop48 pFBA...6176.0...Ave likelihood of: cpd00363_c is 0.445487815229423...
Loop49 pFBA...8630.0...Ave likelihood of: cpd00281_c is 0.19568668006241804...
Loop50 pFBA...4078.0...Ave likelihood of: cpd00025_c is 0.405960023204001...
Loop51 pFBA...20300.0...Ave likelihood of: cpd00811_c is 0.20141783523773657...
Loop52 pFBA...5326.0...Ave likelihood of: cpd00117_c is 0.30724891412295563...
Loop53 pFBA...7123.0...Ave likelihood of: cpd00186_c is 0.3128872831447415...
Loop54 pFBA...21641.0...Ave likelihood of: cpd00637_c is 0.24967664532649378...
Loop55 pFBA...6394.0...Ave likelihood of: cpd00550_c is 0.4255157877362505...
Loop56 pFBA...4105.0...Ave likelihood of: cpd00033_c is 0.22339291572318648...
Loop57 pFBA...5220.0...Ave likelihood of: cpd00035_c is 0.30724891412295563...
Loop58 pFBA...18162.0...Ave likelihood of: cpd00051_c is 0.2595603571539161...
Loop59 pFBA...8174.0...Ave likelihood of: cpd00132_c is 0.18879433771086837...
Loop60 pFBA...5316.0...Ave likelihood of: cpd00041_c is 0.1812369376726118...
Loop61 pFBA...13632.0...Ave likelihood of: cpd00084_c is 0.24021819856940346...
Loop62 pFBA...6630.0...Ave likelihood of: cpd00023_c is 0.27396135208738526...
Loop63 pFBA...9280.0...Ave likelihood of: cpd00053_c is 0.1840681194203796...
Loop64 pFBA...15589.0...Ave likelihood of: cpd00119_c is 0.3211320444148594...
Loop65 pFBA...16893.0...Ave likelihood of: cpd00322_c is 0.24384329737856122...
Loop66 pFBA...13958.0...Ave likelihood of: cpd00107_c is 0.2851487661574107...
Loop67 pFBA...17368.0...Ave likelihood of: cpd00039_c is 0.2664942690945724...
Loop68 pFBA...20641.0...Ave likelihood of: cpd00060_c is 0.253193217795881...
Loop69 pFBA...21173.0...Ave likelihood of: cpd00066_c is 0.28561819678041034...
Loop70 pFBA...10259.0...Ave likelihood of: cpd00129_c is 0.31178694734046186...
Loop71 pFBA...5394.0...Ave likelihood of: cpd00054_c is 0.4641990411668187...
Loop72 pFBA...7711.0...Ave likelihood of: cpd00161_c is 0.2921562707658293...
Loop73 pFBA...26590.0...Ave likelihood of: cpd00065_c is 0.241686053184877...
Loop74 pFBA...18630.0...Ave likelihood of: cpd00069_c is 0.25007812009374125...
Loop75 pFBA...7895.0...Ave likelihood of: cpd00156_c is 0.2960233699783502...
Loop76 pFBA...24211.0...Ave likelihood of: cpd00098_c is 0.19145857666463603...
Loop77 pFBA...14621.0...Ave likelihood of: cpd00274_c is 0.21681813091438515...
Loop78 pFBA...6131.0...Ave likelihood of: cpd00226_c is 0.33513187957707297...
Loop79 pFBA...4829.0...Ave likelihood of: cpd00246_c is 0.21320220473829693...
Loop80 pFBA...20816.0...Ave likelihood of: cpd00374_c is 0.24658384080273998...
Loop81 pFBA...4309.0...Ave likelihood of: cpd00221_c is 0.25594808848839834...
Loop82 pFBA...4108.0...Ave likelihood of: cpd00159_c is 0.36199872225423013...
Loop83 pFBA...10145.0...Ave likelihood of: cpd00211_c is 0.25015683460979465...
Loop84 pFBA...3632.0...Ave likelihood of: cpd00047_c is 0.42429230929501754...
Loop85 pFBA...4996.0...Ave likelihood of: cpd00106_c is 0.17504470352488477...
Loop86 pFBA...7659.0...Ave likelihood of: cpd00141_c is 0.3137607434454937...
Loop87 pFBA...20246.0...Ave likelihood of: cpd00216_c is 0.2552901908022019...
Loop88 pFBA...4763.0...Ave likelihood of: cpd00036_c is 0.2246087438975724...
Loop89 pFBA...16192.0...Ave likelihood of: cpd00581_c is 0.3326400578703878...
Loop90 pFBA...4256.0...Ave likelihood of: cpd00128_c is 0.36301547968496933...
Loop91 pFBA...5761.0...Ave likelihood of: cpd00018_c is 0.32777402174927334...
Loop92 pFBA...5091.0...Ave likelihood of: cpd00091_c is 0.3679706770936654...
Loop93 pFBA...4160.0...Ave likelihood of: cpd00092_c is 0.38976380471912053...
Loop94 pFBA...61691.0...Ave likelihood of: cpd00305_c is 0.19876956443848576...
Loop95 pFBA...13418.0...Ave likelihood of: cpd00220_c is 0.28072061182272245...
Loop96 pFBA...14478.0...Ave likelihood of: cpd00218_c is 0.17406656056697362...
Loop97 pFBA...14014.0...Ave likelihood of: cpd00215_c is 0.29296432688631...
Loop98 pFBA...27988.0...Ave likelihood of: cpd00104_c is 0.20208528100042894...
Loop99 pFBA...36209.0...Ave likelihood of: cpd00393_c is 0.2151574530559878...
Loop100 pFBA...6471.0...Ave likelihood of: cpd00363_c is 0.4524947887404479...
Loop101 pFBA...8630.0...Ave likelihood of: cpd00281_c is 0.19568668006241804...
Loop102 pFBA...4181.0...Ave likelihood of: cpd00025_c is 0.322262673012704...
Loop103 pFBA...20697.0...Ave likelihood of: cpd00811_c is 0.20714330395151848...
Loop104 pFBA...5326.0...Ave likelihood of: cpd00117_c is 0.30724891412295563...
Loop105 pFBA...7123.0...Ave likelihood of: cpd00186_c is 0.3128872831447415...
Loop106 pFBA...21641.0...Ave likelihood of: cpd00637_c is 0.24967664532649378...
Loop107 pFBA...6394.0...Ave likelihood of: cpd00550_c is 0.4255157877362505...
Loop108 pFBA...4105.0...Ave likelihood of: cpd00033_c is 0.22339291572318648...
Loop109 pFBA...5220.0...Ave likelihood of: cpd00035_c is 0.30724891412295563...
Loop110 pFBA...17857.0...Ave likelihood of: cpd00051_c is 0.26159394928893454...
Loop111 pFBA...8174.0...Ave likelihood of: cpd00132_c is 0.18879433771086837...
Loop112 pFBA...5316.0...Ave likelihood of: cpd00041_c is 0.1812369376726118...
Loop113 pFBA...13595.0...Ave likelihood of: cpd00084_c is 0.30534656809672606...
Loop114 pFBA...6630.0...Ave likelihood of: cpd00023_c is 0.27396135208738526...
Loop115 pFBA...9280.0...Ave likelihood of: cpd00053_c is 0.18754110280566977...
Loop116 pFBA...15589.0...Ave likelihood of: cpd00119_c is 0.3211320444148594...
Loop117 pFBA...16893.0...Ave likelihood of: cpd00322_c is 0.24384329737856122...
Loop118 pFBA...13958.0...Ave likelihood of: cpd00107_c is 0.2851487661574107...
Loop119 pFBA...17136.0...Ave likelihood of: cpd00039_c is 0.28616373421225716...
Loop120 pFBA...20641.0...Ave likelihood of: cpd00060_c is 0.253193217795881...
Loop121 pFBA...20756.0...Ave likelihood of: cpd00066_c is 0.27326355070616337...
Loop122 pFBA...10259.0...Ave likelihood of: cpd00129_c is 0.31178694734046186...
Loop123 pFBA...5394.0...Ave likelihood of: cpd00054_c is 0.4641990411668187...
Loop124 pFBA...7629.0...Ave likelihood of: cpd00161_c is 0.35569680706094514...
Loop125 pFBA...26590.0...Ave likelihood of: cpd00065_c is 0.241686053184877...
Loop126 pFBA...18277.0...Ave likelihood of: cpd00069_c is 0.237070271414768...
Loop127 pFBA...7895.0...Ave likelihood of: cpd00156_c is 0.2960233699783502...
Loop128 pFBA...23931.0...Ave likelihood of: cpd00098_c is 0.2462780096267613...
Loop129 pFBA...14605.0...Ave likelihood of: cpd00274_c is 0.2855320152286728...
Loop130 pFBA...6131.0...Ave likelihood of: cpd00226_c is 0.33513187957707297...
Loop131 pFBA...4539.0...Ave likelihood of: cpd00246_c is 0.3648871803010138...
Loop132 pFBA...20087.0...Ave likelihood of: cpd00374_c is 0.26190227455418047...
Loop133 pFBA...4269.0...Ave likelihood of: cpd00221_c is 0.4013952145078445...
Loop134 pFBA...4085.0...Ave likelihood of: cpd00159_c is 0.3677008928942774...
Loop135 pFBA...10116.0...Ave likelihood of: cpd00211_c is 0.3645204726987086...
Loop136 pFBA...3632.0...Ave likelihood of: cpd00047_c is 0.42429230929501754...
Loop137 pFBA...4996.0...Ave likelihood of: cpd00106_c is 0.17504470352488477...
Loop138 pFBA...7610.0...Ave likelihood of: cpd00141_c is 0.35968399347484714...
Loop139 pFBA...19763.0...Ave likelihood of: cpd00216_c is 0.2659338799644859...
Loop140 pFBA...4763.0...Ave likelihood of: cpd00036_c is 0.2246087438975724...
Loop141 pFBA...16192.0...Ave likelihood of: cpd00581_c is 0.3326400578703878...
Loop142 pFBA...4256.0...Ave likelihood of: cpd00128_c is 0.36301547968496933...
Loop143 pFBA...5761.0...Ave likelihood of: cpd00018_c is 0.32777402174927334...
Loop144 pFBA...5091.0...Ave likelihood of: cpd00091_c is 0.3679706770936654...
Loop145 pFBA...4160.0...Ave likelihood of: cpd00092_c is 0.38976380471912053...
Loop146 pFBA...61613.0...Ave likelihood of: cpd00305_c is 0.19800424717124537...
Loop147 pFBA...13417.0...Ave likelihood of: cpd00220_c is 0.2958851181413961...
Loop148 pFBA...14299.0...Ave likelihood of: cpd00218_c is 0.20231707082263645...
Loop149 pFBA...13258.0...Ave likelihood of: cpd00215_c is 0.41237099905727403...
Loop150 pFBA...27985.0...Ave likelihood of: cpd00104_c is 0.21729959641561844...
Loop151 pFBA...36209.0...Ave likelihood of: cpd00393_c is 0.21515745305598782...
Loop152 pFBA...6036.0...Ave likelihood of: cpd00363_c is 0.4724578220798601...
Loop153 pFBA...8630.0...Ave likelihood of: cpd00281_c is 0.19568668006241804...
Loop154 pFBA...4046.0...Ave likelihood of: cpd00025_c is 0.40354507497008996...
Loop155 pFBA...20083.0...Ave likelihood of: cpd00811_c is 0.21748140134142993...
32.1095546643mins to complete!
