
The following have been reloaded with a version change:
  1) anaconda2/4.4.0 => anaconda2/5.1.0

Loading in models...Adding Water...Remove no-like rxns...Pruned 1 metabolites from model
Pruned 1 reactions from model
Set-up Universal...63.0seconds to complete

Loop0 pFBA...5569.0...Ave likelihood of: cpd00117_c is 0.47161620776400703...
Loop1 pFBA...6841.0...Ave likelihood of: cpd00186_c is 0.359851302978676...
Loop2 pFBA...21378.0...Ave likelihood of: cpd00637_c is 0.27847562377705515...
Loop3 pFBA...6429.0...Ave likelihood of: cpd00550_c is 0.3469597948622238...
Loop4 pFBA...4054.0...Ave likelihood of: cpd00033_c is 0.3273210838730222...
Loop5 pFBA...5446.0...Ave likelihood of: cpd00035_c is 0.47161620776400703...
Loop6 pFBA...18093.0...Ave likelihood of: cpd00051_c is 0.3115427335631457...
Loop7 pFBA...7912.0...Ave likelihood of: cpd00132_c is 0.24995432644201585...
Loop8 pFBA...5181.0...Ave likelihood of: cpd00041_c is 0.22311301236426517...
Loop9 pFBA...13623.0...Ave likelihood of: cpd00084_c is 0.27662990710638097...
Loop10 pFBA...6592.0...Ave likelihood of: cpd00023_c is 0.281549980630481...
Loop11 pFBA...9082.0...Ave likelihood of: cpd00053_c is 0.31092669642436205...
Loop12 pFBA...16374.0...Ave likelihood of: cpd00119_c is 0.3302232739047004...
Loop13 pFBA...16747.0...Ave likelihood of: cpd00322_c is 0.35411863592604814...
Loop14 pFBA...14210.0...Ave likelihood of: cpd00107_c is 0.2640012277668421...
Loop15 pFBA...17677.0...Ave likelihood of: cpd00039_c is 0.2962693338183086...
Loop16 pFBA...20378.0...Ave likelihood of: cpd00060_c is 0.28204582408188916...
Loop17 pFBA...20571.0...Ave likelihood of: cpd00066_c is 0.24005346187890939...
Loop18 pFBA...10265.0...Ave likelihood of: cpd00129_c is 0.20315649078829365...
Loop19 pFBA...5429.0...Ave likelihood of: cpd00054_c is 0.35434191815716476...
Loop20 pFBA...7344.0...Ave likelihood of: cpd00161_c is 0.39860082659855617...
Loop21 pFBA...26533.0...Ave likelihood of: cpd00065_c is 0.26916124486644655...
Loop22 pFBA...18300.0...Ave likelihood of: cpd00069_c is 0.21463789744089018...
Loop23 pFBA...7675.0...Ave likelihood of: cpd00156_c is 0.3323404125202966...
Loop24 pFBA...23612.0...Ave likelihood of: cpd00098_c is 0.26108850422513913...
Loop25 pFBA...14162.0...Ave likelihood of: cpd00274_c is 0.19461151468467228...
Loop26 pFBA...6627.0...Ave likelihood of: cpd00226_c is 0.3263446177517987...
Loop27 pFBA...4454.0...Ave likelihood of: cpd00246_c is 0.4383619134132855...
Loop28 pFBA...20024.0...Ave likelihood of: cpd00374_c is 0.22671339859427897...
Loop29 pFBA...4760.0...Ave likelihood of: cpd00221_c is 0.42317873381338533...
Loop30 pFBA...4282.0...Ave likelihood of: cpd00159_c is 0.42213366840675104...
Loop31 pFBA...10338.0...Ave likelihood of: cpd00211_c is 0.39041911304950744...
Loop32 pFBA...3764.0...Ave likelihood of: cpd00047_c is 0.291606510417931...
Loop33 pFBA...4999.0...Ave likelihood of: cpd00106_c is 0.19007002410093837...
Loop34 pFBA...7562.0...Ave likelihood of: cpd00141_c is 0.4128258142613364...
Loop35 pFBA...19206.0...Ave likelihood of: cpd00216_c is 0.23727753923352762...
Loop36 pFBA...4802.0...Ave likelihood of: cpd00036_c is 0.4170901474922626...
Loop37 pFBA...16942.0...Ave likelihood of: cpd00581_c is 0.3262731024218701...
Loop38 pFBA...4746.0...Ave likelihood of: cpd00128_c is 0.3461352969310203...
Loop39 pFBA...5862.0...Ave likelihood of: cpd00018_c is 0.27975359418049545...
Loop40 pFBA...5862.0...Ave likelihood of: cpd00091_c is 0.27975359418049545...
Loop41 pFBA...3607.0...Ave likelihood of: cpd00092_c is 0.3681646577047658...
Loop42 pFBA...63843.0...Ave likelihood of: cpd00305_c is 0.1598467088262971...
Loop43 pFBA...13660.0...Ave likelihood of: cpd00220_c is 0.283197976358599...
Loop44 pFBA...14449.0...Ave likelihood of: cpd00218_c is 0.2150600888626728...
Loop45 pFBA...14494.0...Ave likelihood of: cpd00215_c is 0.29947260108302937...
Loop46 pFBA...28667.0...Ave likelihood of: cpd00104_c is 0.20733009475860045...
Loop47 pFBA...36063.0...Ave likelihood of: cpd00393_c is 0.17008364483678778...
Loop48 pFBA...5589.0...Ave likelihood of: cpd00363_c is 0.5692551166554487...
Loop49 pFBA...8589.0...Ave likelihood of: cpd00281_c is 0.2016419085001769...
Loop50 pFBA...4020.0...Ave likelihood of: cpd00025_c is 0.299206770341013...
Loop51 pFBA...19586.0...Ave likelihood of: cpd00811_c is 0.2600352829407361...
Loop52 pFBA...5367.0...Ave likelihood of: cpd00714_c is 0.37649437671207897...
Loop53 pFBA...5569.0...Ave likelihood of: cpd00117_c is 0.47161620776400703...
Loop54 pFBA...6841.0...Ave likelihood of: cpd00186_c is 0.359851302978676...
Loop55 pFBA...21647.0...Ave likelihood of: cpd00637_c is 0.27834323406490813...
Loop56 pFBA...6502.0...Ave likelihood of: cpd00550_c is 0.2974886936581716...
Loop57 pFBA...4055.0...Ave likelihood of: cpd00033_c is 0.23869717103905128...
Loop58 pFBA...5446.0...Ave likelihood of: cpd00035_c is 0.47161620776400703...
Loop59 pFBA...18309.0...Ave likelihood of: cpd00051_c is 0.2797143563395364...
Loop60 pFBA...7912.0...Ave likelihood of: cpd00132_c is 0.24995432644201585...
Loop61 pFBA...5181.0...Ave likelihood of: cpd00041_c is 0.22311301236426517...
Loop62 pFBA...13755.0...Ave likelihood of: cpd00084_c is 0.252787364308399...
Loop63 pFBA...6592.0...Ave likelihood of: cpd00023_c is 0.281549980630481...
Loop64 pFBA...9082.0...Ave likelihood of: cpd00053_c is 0.310926696424362...
Loop65 pFBA...16374.0...Ave likelihood of: cpd00119_c is 0.32374830774970625...
Loop66 pFBA...16757.0...Ave likelihood of: cpd00322_c is 0.23983443302277968...
Loop67 pFBA...14210.0...Ave likelihood of: cpd00107_c is 0.2640012277668421...
Loop68 pFBA...17905.0...Ave likelihood of: cpd00039_c is 0.3416808735236378...
Loop69 pFBA...20647.0...Ave likelihood of: cpd00060_c is 0.2816967670054492...
Loop70 pFBA...21446.0...Ave likelihood of: cpd00066_c is 0.2297025583264025...
Loop71 pFBA...10265.0...Ave likelihood of: cpd00129_c is 0.18622678322260253...
Loop72 pFBA...5502.0...Ave likelihood of: cpd00054_c is 0.3166815126038601...
Loop73 pFBA...7651.0...Ave likelihood of: cpd00161_c is 0.3658801266102938...
Loop74 pFBA...26533.0...Ave likelihood of: cpd00065_c is 0.26916124486644655...
Loop75 pFBA...18856.0...Ave likelihood of: cpd00069_c is 0.23845107432504617...
Loop76 pFBA...7675.0...Ave likelihood of: cpd00156_c is 0.3323404125202966...
Loop77 pFBA...24527.0...Ave likelihood of: cpd00098_c is 0.2680521231593238...
Loop78 pFBA...14162.0...Ave likelihood of: cpd00274_c is 0.19461151468467228...
Loop79 pFBA...6627.0...Ave likelihood of: cpd00226_c is 0.3263446177517987...
Loop80 pFBA...4788.0...Ave likelihood of: cpd00246_c is 0.36441807024165734...
Loop81 pFBA...20811.0...Ave likelihood of: cpd00374_c is 0.2219936515320464...
Loop82 pFBA...5085.0...Ave likelihood of: cpd00221_c is 0.35782779434090173...
Loop83 pFBA...4347.0...Ave likelihood of: cpd00159_c is 0.38377850618941023...
Loop84 pFBA...10513.0...Ave likelihood of: cpd00211_c is 0.2139089577146818...
Loop85 pFBA...3765.0...Ave likelihood of: cpd00047_c is 0.21938446755143212...
Loop86 pFBA...4999.0...Ave likelihood of: cpd00106_c is 0.19007002410093837...
Loop87 pFBA...7734.0...Ave likelihood of: cpd00141_c is 0.3237418447193554...
Loop88 pFBA...20276.0...Ave likelihood of: cpd00216_c is 0.22578427573335494...
Loop89 pFBA...4802.0...Ave likelihood of: cpd00036_c is 0.22819386222626828...
Loop90 pFBA...16942.0...Ave likelihood of: cpd00581_c is 0.3262731024218701...
Loop91 pFBA...4746.0...Ave likelihood of: cpd00128_c is 0.3461352969310203...
Loop92 pFBA...5862.0...Ave likelihood of: cpd00018_c is 0.27975359418049545...
Loop93 pFBA...5862.0...Ave likelihood of: cpd00091_c is 0.27975359418049545...
Loop94 pFBA...3616.0...Ave likelihood of: cpd00092_c is 0.3220188701077237...
Loop95 pFBA...64033.0...Ave likelihood of: cpd00305_c is 0.12088700451802939...
Loop96 pFBA...14045.0...Ave likelihood of: cpd00220_c is 0.17828727991781057...
Loop97 pFBA...14704.0...Ave likelihood of: cpd00218_c is 0.21987850162936196...
Loop98 pFBA...15049.0...Ave likelihood of: cpd00215_c is 0.34815742444006437...
Loop99 pFBA...28715.0...Ave likelihood of: cpd00104_c is 0.17235741274250646...
Loop100 pFBA...36073.0...Ave likelihood of: cpd00393_c is 0.17067940059891185...
Loop101 pFBA...6322.0...Ave likelihood of: cpd00363_c is 0.5155298055263433...
Loop102 pFBA...8589.0...Ave likelihood of: cpd00281_c is 0.2016419085001769...
Loop103 pFBA...4205.0...Ave likelihood of: cpd00025_c is 0.39278557275387427...
Loop104 pFBA...20456.0...Ave likelihood of: cpd00811_c is 0.30184662770367787...
Loop105 pFBA...6323.0...Ave likelihood of: cpd00714_c is 0.42926332712756105...
Loop106 pFBA...5569.0...Ave likelihood of: cpd00117_c is 0.47161620776400703...
Loop107 pFBA...6841.0...Ave likelihood of: cpd00186_c is 0.359851302978676...
Loop108 pFBA...21553.0...Ave likelihood of: cpd00637_c is 0.24684937698153875...
Loop109 pFBA...6456.0...Ave likelihood of: cpd00550_c is 0.30236035132885997...
Loop110 pFBA...4055.0...Ave likelihood of: cpd00033_c is 0.22834987992917213...
Loop111 pFBA...5446.0...Ave likelihood of: cpd00035_c is 0.47161620776400703...
Loop112 pFBA...18191.0...Ave likelihood of: cpd00051_c is 0.27302151443157213...
Loop113 pFBA...7912.0...Ave likelihood of: cpd00132_c is 0.24995432644201585...
Loop114 pFBA...5181.0...Ave likelihood of: cpd00041_c is 0.22311301236426517...
Loop115 pFBA...13741.0...Ave likelihood of: cpd00084_c is 0.23456091927703943...
Loop116 pFBA...6592.0...Ave likelihood of: cpd00023_c is 0.281549980630481...
Loop117 pFBA...9082.0...Ave likelihood of: cpd00053_c is 0.310926696424362...
Loop118 pFBA...16374.0...Ave likelihood of: cpd00119_c is 0.32374830774970625...
Loop119 pFBA...16757.0...Ave likelihood of: cpd00322_c is 0.23983443302277968...
Loop120 pFBA...14210.0...Ave likelihood of: cpd00107_c is 0.26400122776684215...
Loop121 pFBA...17739.0...Ave likelihood of: cpd00039_c is 0.2847774337393072...
Loop122 pFBA...20553.0...Ave likelihood of: cpd00060_c is 0.25005521304623407...
Loop123 pFBA...20950.0...Ave likelihood of: cpd00066_c is 0.22659414181488247...
Loop124 pFBA...10265.0...Ave likelihood of: cpd00129_c is 0.20315649078829365...
Loop125 pFBA...5456.0...Ave likelihood of: cpd00054_c is 0.30865952531487784...
Loop126 pFBA...7520.0...Ave likelihood of: cpd00161_c is 0.3683807453465903...
Loop127 pFBA...26533.0...Ave likelihood of: cpd00065_c is 0.26916124486644655...
Loop128 pFBA...18482.0...Ave likelihood of: cpd00069_c is 0.19704372650674734...
Loop129 pFBA...7675.0...Ave likelihood of: cpd00156_c is 0.3323404125202966...
Loop130 pFBA...24122.0...Ave likelihood of: cpd00098_c is 0.23785723941617734...
Loop131 pFBA...14162.0...Ave likelihood of: cpd00274_c is 0.19461151468467228...
Loop132 pFBA...6627.0...Ave likelihood of: cpd00226_c is 0.3263446177517987...
Loop133 pFBA...4641.0...Ave likelihood of: cpd00246_c is 0.22832911532990863...
Loop134 pFBA...20436.0...Ave likelihood of: cpd00374_c is 0.21972221663529523...
Loop135 pFBA...4968.0...Ave likelihood of: cpd00221_c is 0.19028639329023098...
Loop136 pFBA...4333.0...Ave likelihood of: cpd00159_c is 0.4076890885711014...
Loop137 pFBA...10490.0...Ave likelihood of: cpd00211_c is 0.380456587643125...
Loop138 pFBA...3765.0...Ave likelihood of: cpd00047_c is 0.21938446755143207...
Loop139 pFBA...4999.0...Ave likelihood of: cpd00106_c is 0.19007002410093837...
Loop140 pFBA...7678.0...Ave likelihood of: cpd00141_c is 0.37130233333011137...
Loop141 pFBA...19654.0...Ave likelihood of: cpd00216_c is 0.23093274955619708...
Loop142 pFBA...4802.0...Ave likelihood of: cpd00036_c is 0.22819386222626828...
Loop143 pFBA...16942.0...Ave likelihood of: cpd00581_c is 0.3262731024218701...
Loop144 pFBA...4746.0...Ave likelihood of: cpd00128_c is 0.3461352969310203...
Loop145 pFBA...5862.0...Ave likelihood of: cpd00018_c is 0.27975359418049545...
Loop146 pFBA...5862.0...Ave likelihood of: cpd00091_c is 0.27975359418049545...
Loop147 pFBA...3616.0...Ave likelihood of: cpd00092_c is 0.3220188701077237...
Loop148 pFBA...64033.0...Ave likelihood of: cpd00305_c is 0.12212054538045827...
Loop149 pFBA...13951.0...Ave likelihood of: cpd00220_c is 0.27151885573663415...
Loop150 pFBA...14657.0...Ave likelihood of: cpd00218_c is 0.15453366079333278...
Loop151 pFBA...14738.0...Ave likelihood of: cpd00215_c is 0.22774848572998874...
Loop152 pFBA...28707.0...Ave likelihood of: cpd00104_c is 0.19262195087539066...
Loop153 pFBA...36064.0...Ave likelihood of: cpd00393_c is 0.15136152614175075...
Loop154 pFBA...5984.0...Ave likelihood of: cpd00363_c is 0.43696577748465454...
Loop155 pFBA...8589.0...Ave likelihood of: cpd00281_c is 0.2016419085001769...
Loop156 pFBA...4141.0...Ave likelihood of: cpd00025_c is 0.3080189026272646...
Loop157 pFBA...19988.0...Ave likelihood of: cpd00811_c is 0.27116837151508005...
Loop158 pFBA...6110.0...Ave likelihood of: cpd00714_c is 0.2993503284610102...
32.8184886495mins to complete!
