
The following have been reloaded with a version change:
  1) anaconda2/4.4.0 => anaconda2/5.1.0

Loading in models...Adding Water...Remove no-like rxns...Pruned 1 metabolites from model
Pruned 1 reactions from model
Set-up Universal...63.0seconds to complete

Loop0 pFBA...5325.0...Ave likelihood of: cpd00117_c is 0.3073029320638186...
Loop1 pFBA...7126.0...Ave likelihood of: cpd00186_c is 0.3122912560935284...
Loop2 pFBA...21780.0...Ave likelihood of: cpd00637_c is 0.23782888207656058...
Loop3 pFBA...6416.0...Ave likelihood of: cpd00550_c is 0.42370334839638496...
Loop4 pFBA...4111.0...Ave likelihood of: cpd00033_c is 0.22306563416358557...
Loop5 pFBA...5219.0...Ave likelihood of: cpd00035_c is 0.3073029320638186...
Loop6 pFBA...17900.0...Ave likelihood of: cpd00051_c is 0.26640854561662924...
Loop7 pFBA...8205.0...Ave likelihood of: cpd00132_c is 0.14048750868062188...
Loop8 pFBA...5328.0...Ave likelihood of: cpd00041_c is 0.17077721020424294...
Loop9 pFBA...13575.0...Ave likelihood of: cpd00084_c is 0.28676696926408024...
Loop10 pFBA...6629.0...Ave likelihood of: cpd00023_c is 0.27418186527324606...
Loop11 pFBA...9278.0...Ave likelihood of: cpd00053_c is 0.15194642754685242...
Loop12 pFBA...15599.0...Ave likelihood of: cpd00119_c is 0.32086499665698043...
Loop13 pFBA...17024.0...Ave likelihood of: cpd00322_c is 0.23819440137365583...
Loop14 pFBA...14092.0...Ave likelihood of: cpd00107_c is 0.27617327225870986...
Loop15 pFBA...16924.0...Ave likelihood of: cpd00039_c is 0.26959793330012183...
Loop16 pFBA...20780.0...Ave likelihood of: cpd00060_c is 0.2409175688567757...
Loop17 pFBA...20923.0...Ave likelihood of: cpd00066_c is 0.2733863492044181...
Loop18 pFBA...10268.0...Ave likelihood of: cpd00129_c is 0.3109851658699742...
Loop19 pFBA...5416.0...Ave likelihood of: cpd00054_c is 0.4622218346142381...
Loop20 pFBA...7663.0...Ave likelihood of: cpd00161_c is 0.36110212104809364...
Loop21 pFBA...26609.0...Ave likelihood of: cpd00065_c is 0.21989956153624338...
Loop22 pFBA...18418.0...Ave likelihood of: cpd00069_c is 0.22353534317347037...
Loop23 pFBA...7971.0...Ave likelihood of: cpd00156_c is 0.2814891639654137...
Loop24 pFBA...24256.0...Ave likelihood of: cpd00098_c is 0.20872870084511289...
Loop25 pFBA...14584.0...Ave likelihood of: cpd00274_c is 0.21040918387327018...
Loop26 pFBA...6132.0...Ave likelihood of: cpd00226_c is 0.3346010983871838...
Loop27 pFBA...4595.0...Ave likelihood of: cpd00246_c is 0.44997915444186204...
Loop28 pFBA...20223.0...Ave likelihood of: cpd00374_c is 0.26325850559705666...
Loop29 pFBA...4228.0...Ave likelihood of: cpd00221_c is 0.4882154813300027...
Loop30 pFBA...4038.0...Ave likelihood of: cpd00159_c is 0.4186955190224885...
Loop31 pFBA...10268.0...Ave likelihood of: cpd00211_c is 0.33882499956614665...
Loop32 pFBA...3612.0...Ave likelihood of: cpd00047_c is 0.4317756661850186...
Loop33 pFBA...5017.0...Ave likelihood of: cpd00106_c is 0.16128741513020167...
Loop34 pFBA...7640.0...Ave likelihood of: cpd00141_c is 0.4180397647952816...
Loop35 pFBA...20026.0...Ave likelihood of: cpd00216_c is 0.25125136205463533...
Loop36 pFBA...4770.0...Ave likelihood of: cpd00036_c is 0.22357673746711884...
Loop37 pFBA...16204.0...Ave likelihood of: cpd00581_c is 0.33210941147293643...
Loop38 pFBA...4279.0...Ave likelihood of: cpd00128_c is 0.34559589689664116...
Loop39 pFBA...5786.0...Ave likelihood of: cpd00018_c is 0.32693762096792106...
Loop40 pFBA...5114.0...Ave likelihood of: cpd00091_c is 0.3784727795182966...
Loop41 pFBA...4167.0...Ave likelihood of: cpd00092_c is 0.3890726554368331...
Loop42 pFBA...61639.0...Ave likelihood of: cpd00305_c is 0.20614503514927687...
Loop43 pFBA...13438.0...Ave likelihood of: cpd00220_c is 0.28012422393731434...
Loop44 pFBA...14401.0...Ave likelihood of: cpd00218_c is 0.19805248813762089...
Loop45 pFBA...13535.0...Ave likelihood of: cpd00215_c is 0.3231960144404205...
Loop46 pFBA...28101.0...Ave likelihood of: cpd00104_c is 0.18457629176631318...
Loop47 pFBA...36585.0...Ave likelihood of: cpd00393_c is 0.20815665539005337...
Loop48 pFBA...6169.0...Ave likelihood of: cpd00363_c is 0.4819417082833741...
Loop49 pFBA...8629.0...Ave likelihood of: cpd00281_c is 0.19584418948089005...
Loop50 pFBA...4029.0...Ave likelihood of: cpd00025_c is 0.3376975632993616...
Loop51 pFBA...20323.0...Ave likelihood of: cpd00811_c is 0.20054590574294817...
Loop52 pFBA...5325.0...Ave likelihood of: cpd00117_c is 0.3073029320638186...
Loop53 pFBA...7126.0...Ave likelihood of: cpd00186_c is 0.3122912560935284...
Loop54 pFBA...21780.0...Ave likelihood of: cpd00637_c is 0.23782888207656058...
Loop55 pFBA...6416.0...Ave likelihood of: cpd00550_c is 0.42370334839638496...
Loop56 pFBA...4111.0...Ave likelihood of: cpd00033_c is 0.22306563416358555...
Loop57 pFBA...5219.0...Ave likelihood of: cpd00035_c is 0.3073029320638186...
Loop58 pFBA...18170.0...Ave likelihood of: cpd00051_c is 0.2528429791170251...
Loop59 pFBA...8205.0...Ave likelihood of: cpd00132_c is 0.14048750868062188...
Loop60 pFBA...5328.0...Ave likelihood of: cpd00041_c is 0.17077721020424294...
Loop61 pFBA...13630.0...Ave likelihood of: cpd00084_c is 0.2403877207746986...
Loop62 pFBA...6629.0...Ave likelihood of: cpd00023_c is 0.27418186527324606...
Loop63 pFBA...9278.0...Ave likelihood of: cpd00053_c is 0.15194642754685242...
Loop64 pFBA...15599.0...Ave likelihood of: cpd00119_c is 0.32086499665698043...
Loop65 pFBA...17024.0...Ave likelihood of: cpd00322_c is 0.23819440137365583...
Loop66 pFBA...14092.0...Ave likelihood of: cpd00107_c is 0.27617327225870986...
Loop67 pFBA...17314.0...Ave likelihood of: cpd00039_c is 0.27005231360066434...
Loop68 pFBA...20780.0...Ave likelihood of: cpd00060_c is 0.2409175688567757...
Loop69 pFBA...21172.0...Ave likelihood of: cpd00066_c is 0.2587333958111516...
Loop70 pFBA...10268.0...Ave likelihood of: cpd00129_c is 0.3109851658699742...
Loop71 pFBA...5416.0...Ave likelihood of: cpd00054_c is 0.4622218346142381...
Loop72 pFBA...7714.0...Ave likelihood of: cpd00161_c is 0.3210192247045967...
Loop73 pFBA...26609.0...Ave likelihood of: cpd00065_c is 0.21989956153624338...
Loop74 pFBA...18611.0...Ave likelihood of: cpd00069_c is 0.22907264065519564...
Loop75 pFBA...7971.0...Ave likelihood of: cpd00156_c is 0.2814891639654137...
Loop76 pFBA...24424.0...Ave likelihood of: cpd00098_c is 0.1818310098272145...
Loop77 pFBA...14726.0...Ave likelihood of: cpd00274_c is 0.23119572901540253...
Loop78 pFBA...6132.0...Ave likelihood of: cpd00226_c is 0.3346010983871838...
Loop79 pFBA...4832.0...Ave likelihood of: cpd00246_c is 0.2492532131887279...
Loop80 pFBA...20790.0...Ave likelihood of: cpd00374_c is 0.21874423349139677...
Loop81 pFBA...4311.0...Ave likelihood of: cpd00221_c is 0.2558224057914983...
Loop82 pFBA...4119.0...Ave likelihood of: cpd00159_c is 0.32979748437916856...
Loop83 pFBA...10286.0...Ave likelihood of: cpd00211_c is 0.24966875865547544...
Loop84 pFBA...3634.0...Ave likelihood of: cpd00047_c is 0.4234065398726566...
Loop85 pFBA...5017.0...Ave likelihood of: cpd00106_c is 0.16128741513020167...
Loop86 pFBA...7691.0...Ave likelihood of: cpd00141_c is 0.2968189984805765...
Loop87 pFBA...20246.0...Ave likelihood of: cpd00216_c is 0.25530128662478635...
Loop88 pFBA...4770.0...Ave likelihood of: cpd00036_c is 0.22357673746711884...
Loop89 pFBA...16204.0...Ave likelihood of: cpd00581_c is 0.33210941147293643...
Loop90 pFBA...4279.0...Ave likelihood of: cpd00128_c is 0.34559589689664116...
Loop91 pFBA...5786.0...Ave likelihood of: cpd00018_c is 0.32693762096792106...
Loop92 pFBA...5114.0...Ave likelihood of: cpd00091_c is 0.3784727795182966...
Loop93 pFBA...4167.0...Ave likelihood of: cpd00092_c is 0.3890726554368331...
Loop94 pFBA...61648.0...Ave likelihood of: cpd00305_c is 0.21753278964714187...
Loop95 pFBA...13438.0...Ave likelihood of: cpd00220_c is 0.2881277731926662...
Loop96 pFBA...14490.0...Ave likelihood of: cpd00218_c is 0.17120159447697827...
Loop97 pFBA...14034.0...Ave likelihood of: cpd00215_c is 0.300301756165753...
Loop98 pFBA...28101.0...Ave likelihood of: cpd00104_c is 0.18047459639372845...
Loop99 pFBA...36585.0...Ave likelihood of: cpd00393_c is 0.20815665539005337...
Loop100 pFBA...6481.0...Ave likelihood of: cpd00363_c is 0.4518936991947721...
Loop101 pFBA...8629.0...Ave likelihood of: cpd00281_c is 0.19584418948089005...
Loop102 pFBA...4192.0...Ave likelihood of: cpd00025_c is 0.3266328429933762...
Loop103 pFBA...20692.0...Ave likelihood of: cpd00811_c is 0.23076150274466814...
Loop104 pFBA...5325.0...Ave likelihood of: cpd00117_c is 0.3073029320638186...
Loop105 pFBA...7126.0...Ave likelihood of: cpd00186_c is 0.3122912560935284...
Loop106 pFBA...21756.0...Ave likelihood of: cpd00637_c is 0.24787371923041468...
Loop107 pFBA...6416.0...Ave likelihood of: cpd00550_c is 0.42370334839638496...
Loop108 pFBA...4111.0...Ave likelihood of: cpd00033_c is 0.22306563416358557...
Loop109 pFBA...5219.0...Ave likelihood of: cpd00035_c is 0.3073029320638186...
Loop110 pFBA...17864.0...Ave likelihood of: cpd00051_c is 0.26384813364421...
Loop111 pFBA...8205.0...Ave likelihood of: cpd00132_c is 0.14048750868062188...
Loop112 pFBA...5328.0...Ave likelihood of: cpd00041_c is 0.17077721020424294...
Loop113 pFBA...13602.0...Ave likelihood of: cpd00084_c is 0.3049249409223976...
Loop114 pFBA...6629.0...Ave likelihood of: cpd00023_c is 0.27418186527324606...
Loop115 pFBA...9278.0...Ave likelihood of: cpd00053_c is 0.15194642754685242...
Loop116 pFBA...15599.0...Ave likelihood of: cpd00119_c is 0.32086499665698043...
Loop117 pFBA...17024.0...Ave likelihood of: cpd00322_c is 0.23819440137365583...
Loop118 pFBA...14092.0...Ave likelihood of: cpd00107_c is 0.27617327225870986...
Loop119 pFBA...17122.0...Ave likelihood of: cpd00039_c is 0.2697547100437213...
Loop120 pFBA...20756.0...Ave likelihood of: cpd00060_c is 0.2508601495825883...
Loop121 pFBA...20758.0...Ave likelihood of: cpd00066_c is 0.2732024833217104...
Loop122 pFBA...10268.0...Ave likelihood of: cpd00129_c is 0.3109851658699742...
Loop123 pFBA...5416.0...Ave likelihood of: cpd00054_c is 0.4622218346142381...
Loop124 pFBA...7622.0...Ave likelihood of: cpd00161_c is 0.3560625904848074...
Loop125 pFBA...26609.0...Ave likelihood of: cpd00065_c is 0.21989956153624338...
Loop126 pFBA...18283.0...Ave likelihood of: cpd00069_c is 0.23663446237340116...
Loop127 pFBA...7971.0...Ave likelihood of: cpd00156_c is 0.2814891639654137...
Loop128 pFBA...24119.0...Ave likelihood of: cpd00098_c is 0.19735664300735745...
Loop129 pFBA...14685.0...Ave likelihood of: cpd00274_c is 0.2454896850573081...
Loop130 pFBA...6132.0...Ave likelihood of: cpd00226_c is 0.3346010983871838...
Loop131 pFBA...4545.0...Ave likelihood of: cpd00246_c is 0.3616438113013145...
Loop132 pFBA...20088.0...Ave likelihood of: cpd00374_c is 0.2618154390797917...
Loop133 pFBA...4275.0...Ave likelihood of: cpd00221_c is 0.3366424760023408...
Loop134 pFBA...4098.0...Ave likelihood of: cpd00159_c is 0.3648717849727419...
Loop135 pFBA...10250.0...Ave likelihood of: cpd00211_c is 0.3413631364469507...
Loop136 pFBA...3634.0...Ave likelihood of: cpd00047_c is 0.4234065398726566...
Loop137 pFBA...5017.0...Ave likelihood of: cpd00106_c is 0.16128741513020167...
Loop138 pFBA...7638.0...Ave likelihood of: cpd00141_c is 0.3461551074699698...
Loop139 pFBA...19768.0...Ave likelihood of: cpd00216_c is 0.24736542902391012...
Loop140 pFBA...4770.0...Ave likelihood of: cpd00036_c is 0.22357673746711884...
Loop141 pFBA...16204.0...Ave likelihood of: cpd00581_c is 0.33210941147293643...
Loop142 pFBA...4279.0...Ave likelihood of: cpd00128_c is 0.34559589689664116...
Loop143 pFBA...5786.0...Ave likelihood of: cpd00018_c is 0.32693762096792106...
Loop144 pFBA...5114.0...Ave likelihood of: cpd00091_c is 0.3673412271795232...
Loop145 pFBA...4167.0...Ave likelihood of: cpd00092_c is 0.3890726554368331...
Loop146 pFBA...61572.0...Ave likelihood of: cpd00305_c is 0.2098287585073927...
Loop147 pFBA...13437.0...Ave likelihood of: cpd00220_c is 0.30160020739692955...
Loop148 pFBA...14320.0...Ave likelihood of: cpd00218_c is 0.20071809127640955...
Loop149 pFBA...13322.0...Ave likelihood of: cpd00215_c is 0.4092045860540341...
Loop150 pFBA...28101.0...Ave likelihood of: cpd00104_c is 0.18457629176631318...
Loop151 pFBA...36585.0...Ave likelihood of: cpd00393_c is 0.20815665539005337...
Loop152 pFBA...6045.0...Ave likelihood of: cpd00363_c is 0.44313239171954105...
Loop153 pFBA...8629.0...Ave likelihood of: cpd00281_c is 0.19584418948089005...
Loop154 pFBA...4059.0...Ave likelihood of: cpd00025_c is 0.4010210435571476...
Loop155 pFBA...20107.0...Ave likelihood of: cpd00811_c is 0.2165087069614501...
32.4430293163mins to complete!
