
The following have been reloaded with a version change:
  1) anaconda2/4.4.0 => anaconda2/5.1.0

Loading in models...Adding Water...Remove no-like rxns...Pruned 1 metabolites from model
Pruned 1 reactions from model
Set-up Universal...63.0seconds to complete

Loop0 pFBA...5540.0...Ave likelihood of: cpd00117_c is 0.28069121992759705...
Loop1 pFBA...7579.0...Ave likelihood of: cpd00186_c is 0.2368671813149815...
Loop2 pFBA...22586.0...Ave likelihood of: cpd00637_c is 0.1784483028915516...
Loop3 pFBA...6459.0...Ave likelihood of: cpd00550_c is 0.29406718322637504...
Loop4 pFBA...4232.0...Ave likelihood of: cpd00033_c is 0.21366174228664422...
Loop5 pFBA...5413.0...Ave likelihood of: cpd00035_c is 0.28069121992759705...
Loop6 pFBA...18610.0...Ave likelihood of: cpd00051_c is 0.21669734406660504...
Loop7 pFBA...8347.0...Ave likelihood of: cpd00132_c is 0.14265756957259418...
Loop8 pFBA...5633.0...Ave likelihood of: cpd00041_c is 0.10384036379311352...
Loop9 pFBA...13674.0...Ave likelihood of: cpd00084_c is 0.2434660262889185...
Loop10 pFBA...7347.0...Ave likelihood of: cpd00023_c is 0.13059281713685775...
Loop11 pFBA...9930.0...Ave likelihood of: cpd00053_c is 0.1455959526399207...
Loop12 pFBA...22353.0...Ave likelihood of: cpd00119_c is 0.1120186864037084...
Loop13 pFBA...17609.0...Ave likelihood of: cpd00322_c is 0.13660705068005552...
Loop14 pFBA...14718.0...Ave likelihood of: cpd00107_c is 0.2550121818188386...
Loop15 pFBA...17079.0...Ave likelihood of: cpd00039_c is 0.2751990596963087...
Loop16 pFBA...21586.0...Ave likelihood of: cpd00060_c is 0.18054769469027576...
Loop17 pFBA...21239.0...Ave likelihood of: cpd00066_c is 0.22052182913693086...
Loop18 pFBA...11347.0...Ave likelihood of: cpd00129_c is 0.07253167369290092...
Loop19 pFBA...5459.0...Ave likelihood of: cpd00054_c is 0.3104042489611736...
Loop20 pFBA...8052.0...Ave likelihood of: cpd00161_c is 0.27777531307733316...
Loop21 pFBA...29570.0...Ave likelihood of: cpd00065_c is 0.12525247010878332...
Loop22 pFBA...18987.0...Ave likelihood of: cpd00069_c is 0.23010999579949026...
Loop23 pFBA...8571.0...Ave likelihood of: cpd00156_c is 0.2434637055268522...
Loop24 pFBA...24274.0...Ave likelihood of: cpd00098_c is 0.1761177148870119...
Loop25 pFBA...15394.0...Ave likelihood of: cpd00274_c is 0.2616588150837156...
Loop26 pFBA...6720.0...Ave likelihood of: cpd00226_c is 0.2955690297006974...
Loop27 pFBA...4640.0...Ave likelihood of: cpd00246_c is 0.2373368901387633...
Loop28 pFBA...20897.0...Ave likelihood of: cpd00374_c is 0.18856341805980553...
Loop29 pFBA...4227.0...Ave likelihood of: cpd00221_c is 0.3781403398825555...
Loop30 pFBA...4103.0...Ave likelihood of: cpd00159_c is 0.38091816784180005...
Loop31 pFBA...10221.0...Ave likelihood of: cpd00211_c is 0.2899164321501672...
Loop32 pFBA...4041.0...Ave likelihood of: cpd00047_c is 0.2599796244336763...
Loop33 pFBA...5284.0...Ave likelihood of: cpd00106_c is 0.08772062570703443...
Loop34 pFBA...7749.0...Ave likelihood of: cpd00141_c is 0.31037357220555045...
Loop35 pFBA...20288.0...Ave likelihood of: cpd00216_c is 0.17603045999818023...
Loop36 pFBA...5014.0...Ave likelihood of: cpd00036_c is 0.08294990561467257...
Loop37 pFBA...22983.0...Ave likelihood of: cpd00581_c is 0.12098018131600508...
Loop38 pFBA...4921.0...Ave likelihood of: cpd00128_c is 0.13778078695483764...
Loop39 pFBA...6080.0...Ave likelihood of: cpd00018_c is 0.3011219381394552...
Loop40 pFBA...5437.0...Ave likelihood of: cpd00091_c is 0.34398186833504607...
Loop41 pFBA...3935.0...Ave likelihood of: cpd00092_c is 0.1913410354926993...
Loop42 pFBA...63255.0...Ave likelihood of: cpd00305_c is 0.16382291134851695...
Loop43 pFBA...12372.0...Ave likelihood of: cpd00220_c is 0.19728548124343814...
Loop44 pFBA...14713.0...Ave likelihood of: cpd00218_c is 0.13877212430369248...
Loop45 pFBA...14578.0...Ave likelihood of: cpd00215_c is 0.22019174566157645...
Loop46 pFBA...28792.0...Ave likelihood of: cpd00104_c is 0.16803935129962533...
Loop47 pFBA...36544.0...Ave likelihood of: cpd00393_c is 0.21002441280014433...
Loop48 pFBA...6262.0...Ave likelihood of: cpd00363_c is 0.40611931833987874...
Loop49 pFBA...9347.0...Ave likelihood of: cpd00281_c is 0.09328058366918411...
Loop50 pFBA...4163.0...Ave likelihood of: cpd00025_c is 0.2390834916304833...
Loop51 pFBA...20310.0...Ave likelihood of: cpd00811_c is 0.2256081951782493...
Loop52 pFBA...5540.0...Ave likelihood of: cpd00117_c is 0.28069121992759705...
Loop53 pFBA...7579.0...Ave likelihood of: cpd00186_c is 0.2368671813149815...
Loop54 pFBA...22716.0...Ave likelihood of: cpd00637_c is 0.16358938362239536...
Loop55 pFBA...6533.0...Ave likelihood of: cpd00550_c is 0.2989973382268896...
Loop56 pFBA...4232.0...Ave likelihood of: cpd00033_c is 0.21366174228664422...
Loop57 pFBA...5413.0...Ave likelihood of: cpd00035_c is 0.28069121992759705...
Loop58 pFBA...18857.0...Ave likelihood of: cpd00051_c is 0.2254618416697801...
Loop59 pFBA...8347.0...Ave likelihood of: cpd00132_c is 0.14265756957259418...
Loop60 pFBA...5633.0...Ave likelihood of: cpd00041_c is 0.10013177937193089...
Loop61 pFBA...13941.0...Ave likelihood of: cpd00084_c is 0.21737797972057035...
Loop62 pFBA...7347.0...Ave likelihood of: cpd00023_c is 0.13059281713685775...
Loop63 pFBA...9930.0...Ave likelihood of: cpd00053_c is 0.1455959526399207...
Loop64 pFBA...22353.0...Ave likelihood of: cpd00119_c is 0.1120186864037084...
Loop65 pFBA...17609.0...Ave likelihood of: cpd00322_c is 0.13660705068005552...
Loop66 pFBA...14718.0...Ave likelihood of: cpd00107_c is 0.2550121818188386...
Loop67 pFBA...17225.0...Ave likelihood of: cpd00039_c is 0.31743184248828366...
Loop68 pFBA...21716.0...Ave likelihood of: cpd00060_c is 0.1654697213651815...
Loop69 pFBA...21852.0...Ave likelihood of: cpd00066_c is 0.15148992498350017...
Loop70 pFBA...11347.0...Ave likelihood of: cpd00129_c is 0.06527850632361083...
Loop71 pFBA...5533.0...Ave likelihood of: cpd00054_c is 0.3219971334751119...
Loop72 pFBA...8086.0...Ave likelihood of: cpd00161_c is 0.19625417544626714...
Loop73 pFBA...29570.0...Ave likelihood of: cpd00065_c is 0.12907826395441843...
Loop74 pFBA...19441.0...Ave likelihood of: cpd00069_c is 0.21078331725593757...
Loop75 pFBA...8571.0...Ave likelihood of: cpd00156_c is 0.2434637055268522...
Loop76 pFBA...24635.0...Ave likelihood of: cpd00098_c is 0.12542525611085997...
Loop77 pFBA...15706.0...Ave likelihood of: cpd00274_c is 0.26161538159135056...
Loop78 pFBA...6720.0...Ave likelihood of: cpd00226_c is 0.2955690297006974...
Loop79 pFBA...4936.0...Ave likelihood of: cpd00246_c is 0.1780767039282352...
Loop80 pFBA...21633.0...Ave likelihood of: cpd00374_c is 0.1984956560052176...
Loop81 pFBA...4482.0...Ave likelihood of: cpd00221_c is 0.28520720847526354...
Loop82 pFBA...4300.0...Ave likelihood of: cpd00159_c is 0.3530684459350858...
Loop83 pFBA...10330.0...Ave likelihood of: cpd00211_c is 0.1574602986896966...
Loop84 pFBA...4184.0...Ave likelihood of: cpd00047_c is 0.21553340505493726...
Loop85 pFBA...5284.0...Ave likelihood of: cpd00106_c is 0.08772062570703443...
Loop86 pFBA...7932.0...Ave likelihood of: cpd00141_c is 0.18528792293944948...
Loop87 pFBA...20689.0...Ave likelihood of: cpd00216_c is 0.19705428512715753...
Loop88 pFBA...5014.0...Ave likelihood of: cpd00036_c is 0.08294990561467257...
Loop89 pFBA...22983.0...Ave likelihood of: cpd00581_c is 0.12098018131600508...
Loop90 pFBA...4921.0...Ave likelihood of: cpd00128_c is 0.13778078695483764...
Loop91 pFBA...6080.0...Ave likelihood of: cpd00018_c is 0.3011219381394552...
Loop92 pFBA...5437.0...Ave likelihood of: cpd00091_c is 0.34398186833504607...
Loop93 pFBA...3935.0...Ave likelihood of: cpd00092_c is 0.1913410354926993...
Loop94 pFBA...63259.0...Ave likelihood of: cpd00305_c is 0.1683433902086822...
Loop95 pFBA...12372.0...Ave likelihood of: cpd00220_c is 0.19728548124343817...
Loop96 pFBA...14713.0...Ave likelihood of: cpd00218_c is 0.14097485643549712...
Loop97 pFBA...15124.0...Ave likelihood of: cpd00215_c is 0.1991468369440823...
Loop98 pFBA...28859.0...Ave likelihood of: cpd00104_c is 0.14200473976755001...
Loop99 pFBA...36544.0...Ave likelihood of: cpd00393_c is 0.21002441280014433...
Loop100 pFBA...6694.0...Ave likelihood of: cpd00363_c is 0.3021890886857376...
Loop101 pFBA...9347.0...Ave likelihood of: cpd00281_c is 0.09328058366918411...
Loop102 pFBA...4287.0...Ave likelihood of: cpd00025_c is 0.27922688931440665...
Loop103 pFBA...21303.0...Ave likelihood of: cpd00811_c is 0.1669737830873849...
Loop104 pFBA...5540.0...Ave likelihood of: cpd00117_c is 0.28069121992759705...
Loop105 pFBA...7579.0...Ave likelihood of: cpd00186_c is 0.2368671813149815...
Loop106 pFBA...22527.0...Ave likelihood of: cpd00637_c is 0.17041045482401465...
Loop107 pFBA...6507.0...Ave likelihood of: cpd00550_c is 0.27385003508395067...
Loop108 pFBA...4232.0...Ave likelihood of: cpd00033_c is 0.21366174228664422...
Loop109 pFBA...5413.0...Ave likelihood of: cpd00035_c is 0.28069121992759705...
Loop110 pFBA...18641.0...Ave likelihood of: cpd00051_c is 0.21642567184411704...
Loop111 pFBA...8347.0...Ave likelihood of: cpd00132_c is 0.14265756957259418...
Loop112 pFBA...5633.0...Ave likelihood of: cpd00041_c is 0.10013177937193089...
Loop113 pFBA...13887.0...Ave likelihood of: cpd00084_c is 0.2556938518540535...
Loop114 pFBA...7347.0...Ave likelihood of: cpd00023_c is 0.13059281713685775...
Loop115 pFBA...9930.0...Ave likelihood of: cpd00053_c is 0.14561193527832675...
Loop116 pFBA...22353.0...Ave likelihood of: cpd00119_c is 0.1120186864037084...
Loop117 pFBA...17609.0...Ave likelihood of: cpd00322_c is 0.13660705068005552...
Loop118 pFBA...14718.0...Ave likelihood of: cpd00107_c is 0.2550121818188386...
Loop119 pFBA...17184.0...Ave likelihood of: cpd00039_c is 0.2767158238753986...
Loop120 pFBA...21527.0...Ave likelihood of: cpd00060_c is 0.17234693726519662...
Loop121 pFBA...21114.0...Ave likelihood of: cpd00066_c is 0.22489035916681632...
Loop122 pFBA...11347.0...Ave likelihood of: cpd00129_c is 0.06527850632361083...
Loop123 pFBA...5507.0...Ave likelihood of: cpd00054_c is 0.27385003508395067...
Loop124 pFBA...8039.0...Ave likelihood of: cpd00161_c is 0.2608754533218686...
Loop125 pFBA...29570.0...Ave likelihood of: cpd00065_c is 0.12346314910722926...
Loop126 pFBA...18877.0...Ave likelihood of: cpd00069_c is 0.23447852582937578...
Loop127 pFBA...8571.0...Ave likelihood of: cpd00156_c is 0.2434637055268522...
Loop128 pFBA...24162.0...Ave likelihood of: cpd00098_c is 0.1780522884574503...
Loop129 pFBA...15687.0...Ave likelihood of: cpd00274_c is 0.308242630598298...
Loop130 pFBA...6720.0...Ave likelihood of: cpd00226_c is 0.2955690297006974...
Loop131 pFBA...4607.0...Ave likelihood of: cpd00246_c is 0.28028530732403334...
Loop132 pFBA...20766.0...Ave likelihood of: cpd00374_c is 0.20271747571287646...
Loop133 pFBA...4408.0...Ave likelihood of: cpd00221_c is 0.26131352783400147...
Loop134 pFBA...4256.0...Ave likelihood of: cpd00159_c is 0.3008578449493728...
Loop135 pFBA...10201.0...Ave likelihood of: cpd00211_c is 0.2942248807683974...
Loop136 pFBA...4149.0...Ave likelihood of: cpd00047_c is 0.25132615267073555...
Loop137 pFBA...5284.0...Ave likelihood of: cpd00106_c is 0.08772062570703446...
Loop138 pFBA...7927.0...Ave likelihood of: cpd00141_c is 0.22106986911328624...
Loop139 pFBA...20080.0...Ave likelihood of: cpd00216_c is 0.17498557576827994...
Loop140 pFBA...5014.0...Ave likelihood of: cpd00036_c is 0.08294990561467257...
Loop141 pFBA...22983.0...Ave likelihood of: cpd00581_c is 0.12098018131600508...
Loop142 pFBA...4921.0...Ave likelihood of: cpd00128_c is 0.13778078695483764...
Loop143 pFBA...6080.0...Ave likelihood of: cpd00018_c is 0.3011219381394552...
Loop144 pFBA...5437.0...Ave likelihood of: cpd00091_c is 0.34398186833504607...
Loop145 pFBA...3935.0...Ave likelihood of: cpd00092_c is 0.1913410354926993...
Loop146 pFBA...63248.0...Ave likelihood of: cpd00305_c is 0.16752360514475256...
Loop147 pFBA...12372.0...Ave likelihood of: cpd00220_c is 0.19728548124343814...
Loop148 pFBA...14713.0...Ave likelihood of: cpd00218_c is 0.13877212430369248...
Loop149 pFBA...14475.0...Ave likelihood of: cpd00215_c is 0.2322992391766721...
Loop150 pFBA...28820.0...Ave likelihood of: cpd00104_c is 0.1661485352641289...
Loop151 pFBA...36544.0...Ave likelihood of: cpd00393_c is 0.21002441280014433...
Loop152 pFBA...6296.0...Ave likelihood of: cpd00363_c is 0.425553997365003...
Loop153 pFBA...9347.0...Ave likelihood of: cpd00281_c is 0.09328058366918411...
Loop154 pFBA...4135.0...Ave likelihood of: cpd00025_c is 0.24642381149857928...
Loop155 pFBA...20166.0...Ave likelihood of: cpd00811_c is 0.23340070820453152...
32.2008593837mins to complete!
