
The following have been reloaded with a version change:
  1) anaconda2/4.4.0 => anaconda2/5.1.0

Loading in models...Adding Water...Remove no-like rxns...Pruned 1 metabolites from model
Pruned 1 reactions from model
Set-up Universal...44.0seconds to complete

Loop0 pFBA...5434.0...Ave likelihood of: cpd00117_c is 0.33892899504123103...
Loop1 pFBA...6863.0...Ave likelihood of: cpd00186_c is 0.3561318751397213...
Loop2 pFBA...21434.0...Ave likelihood of: cpd00637_c is 0.2624364459695249...
Loop3 pFBA...6430.0...Ave likelihood of: cpd00550_c is 0.3026593328809908...
Loop4 pFBA...4081.0...Ave likelihood of: cpd00033_c is 0.2718865064448538...
Loop5 pFBA...5303.0...Ave likelihood of: cpd00035_c is 0.33892899504123103...
Loop6 pFBA...17756.0...Ave likelihood of: cpd00051_c is 0.26058683432817886...
Loop7 pFBA...7781.0...Ave likelihood of: cpd00132_c is 0.2725428238679833...
Loop8 pFBA...5027.0...Ave likelihood of: cpd00041_c is 0.28468276903710604...
Loop9 pFBA...13224.0...Ave likelihood of: cpd00084_c is 0.2962456085215423...
Loop10 pFBA...6616.0...Ave likelihood of: cpd00023_c is 0.27673260695246726...
Loop11 pFBA...9066.0...Ave likelihood of: cpd00053_c is 0.31348228517593835...
Loop12 pFBA...15183.0...Ave likelihood of: cpd00119_c is 0.3163754686048935...
Loop13 pFBA...16643.0...Ave likelihood of: cpd00322_c is 0.27021126047829913...
Loop14 pFBA...14049.0...Ave likelihood of: cpd00107_c is 0.2520355611307093...
Loop15 pFBA...16606.0...Ave likelihood of: cpd00039_c is 0.3304242881993374...
Loop16 pFBA...20434.0...Ave likelihood of: cpd00060_c is 0.2677038766818455...
Loop17 pFBA...20334.0...Ave likelihood of: cpd00066_c is 0.28889307959138427...
Loop18 pFBA...10243.0...Ave likelihood of: cpd00129_c is 0.3130869276607128...
Loop19 pFBA...5430.0...Ave likelihood of: cpd00054_c is 0.3102258162030156...
Loop20 pFBA...7407.0...Ave likelihood of: cpd00161_c is 0.3801222647271553...
Loop21 pFBA...25986.0...Ave likelihood of: cpd00065_c is 0.24667631932177278...
Loop22 pFBA...17741.0...Ave likelihood of: cpd00069_c is 0.2593440246654466...
Loop23 pFBA...7953.0...Ave likelihood of: cpd00156_c is 0.22075767609053615...
Loop24 pFBA...23668.0...Ave likelihood of: cpd00098_c is 0.254419776905078...
Loop25 pFBA...14110.0...Ave likelihood of: cpd00274_c is 0.23466940573022885...
Loop26 pFBA...6107.0...Ave likelihood of: cpd00226_c is 0.3271634020834479...
Loop27 pFBA...4589.0...Ave likelihood of: cpd00246_c is 0.3903992924288481...
Loop28 pFBA...19570.0...Ave likelihood of: cpd00374_c is 0.3034114460687641...
Loop29 pFBA...4247.0...Ave likelihood of: cpd00221_c is 0.4344584520380949...
Loop30 pFBA...4163.0...Ave likelihood of: cpd00159_c is 0.39682776544405746...
Loop31 pFBA...10148.0...Ave likelihood of: cpd00211_c is 0.28653973994090776...
Loop32 pFBA...3906.0...Ave likelihood of: cpd00047_c is 0.37538537827793916...
Loop33 pFBA...4848.0...Ave likelihood of: cpd00106_c is 0.23428477863472455...
Loop34 pFBA...7789.0...Ave likelihood of: cpd00141_c is 0.320448242167536...
Loop35 pFBA...18725.0...Ave likelihood of: cpd00216_c is 0.3020113869937475...
Loop36 pFBA...4617.0...Ave likelihood of: cpd00036_c is 0.24406345969395354...
Loop37 pFBA...15832.0...Ave likelihood of: cpd00581_c is 0.33062937301613793...
Loop38 pFBA...4227.0...Ave likelihood of: cpd00128_c is 0.3654122797610073...
Loop39 pFBA...5766.0...Ave likelihood of: cpd00018_c is 0.3935781867963827...
Loop40 pFBA...4979.0...Ave likelihood of: cpd00091_c is 0.47100431139105786...
Loop41 pFBA...3567.0...Ave likelihood of: cpd00092_c is 0.41574246574831236...
Loop42 pFBA...61084.0...Ave likelihood of: cpd00305_c is 0.23609913471779567...
Loop43 pFBA...13524.0...Ave likelihood of: cpd00220_c is 0.23607224019606765...
Loop44 pFBA...14295.0...Ave likelihood of: cpd00218_c is 0.25083019492995107...
Loop45 pFBA...13929.0...Ave likelihood of: cpd00215_c is 0.3135718355244681...
Loop46 pFBA...27957.0...Ave likelihood of: cpd00104_c is 0.1838847570320756...
Loop47 pFBA...35178.0...Ave likelihood of: cpd00393_c is 0.2530635744952188...
Loop48 pFBA...6238.0...Ave likelihood of: cpd00363_c is 0.5179293783049748...
Loop49 pFBA...8616.0...Ave likelihood of: cpd00281_c is 0.19766614782319092...
Loop50 pFBA...4003.0...Ave likelihood of: cpd00025_c is 0.39737224461743165...
Loop51 pFBA...19996.0...Ave likelihood of: cpd00811_c is 0.3017142937255599...
Loop52 pFBA...5434.0...Ave likelihood of: cpd00117_c is 0.33892899504123103...
Loop53 pFBA...6863.0...Ave likelihood of: cpd00186_c is 0.3561318751397213...
Loop54 pFBA...21438.0...Ave likelihood of: cpd00637_c is 0.24436838043639084...
Loop55 pFBA...6494.0...Ave likelihood of: cpd00550_c is 0.27848162427735335...
Loop56 pFBA...4081.0...Ave likelihood of: cpd00033_c is 0.2718865064448538...
Loop57 pFBA...5303.0...Ave likelihood of: cpd00035_c is 0.33892899504123103...
Loop58 pFBA...18010.0...Ave likelihood of: cpd00051_c is 0.2811678182143853...
Loop59 pFBA...7781.0...Ave likelihood of: cpd00132_c is 0.2725428238679833...
Loop60 pFBA...5027.0...Ave likelihood of: cpd00041_c is 0.28468276903710604...
Loop61 pFBA...13225.0...Ave likelihood of: cpd00084_c is 0.2928788848537941...
Loop62 pFBA...6616.0...Ave likelihood of: cpd00023_c is 0.27673260695246726...
Loop63 pFBA...9066.0...Ave likelihood of: cpd00053_c is 0.31348228517593835...
Loop64 pFBA...15183.0...Ave likelihood of: cpd00119_c is 0.3306293730161379...
Loop65 pFBA...16643.0...Ave likelihood of: cpd00322_c is 0.27021126047829913...
Loop66 pFBA...14049.0...Ave likelihood of: cpd00107_c is 0.2520355611307093...
Loop67 pFBA...16924.0...Ave likelihood of: cpd00039_c is 0.3616320005645811...
Loop68 pFBA...20438.0...Ave likelihood of: cpd00060_c is 0.24988001828446615...
Loop69 pFBA...21086.0...Ave likelihood of: cpd00066_c is 0.31278058437889056...
Loop70 pFBA...10243.0...Ave likelihood of: cpd00129_c is 0.3130869276607128...
Loop71 pFBA...5494.0...Ave likelihood of: cpd00054_c is 0.2842833247831315...
Loop72 pFBA...7480.0...Ave likelihood of: cpd00161_c is 0.40294771742298563...
Loop73 pFBA...25986.0...Ave likelihood of: cpd00065_c is 0.24667631932177278...
Loop74 pFBA...18265.0...Ave likelihood of: cpd00069_c is 0.2815963085879443...
Loop75 pFBA...7953.0...Ave likelihood of: cpd00156_c is 0.22075767609053615...
Loop76 pFBA...24008.0...Ave likelihood of: cpd00098_c is 0.29388036889411745...
Loop77 pFBA...14243.0...Ave likelihood of: cpd00274_c is 0.18433751630147857...
Loop78 pFBA...6107.0...Ave likelihood of: cpd00226_c is 0.3271634020834479...
Loop79 pFBA...4739.0...Ave likelihood of: cpd00246_c is 0.3304487377903923...
Loop80 pFBA...20281.0...Ave likelihood of: cpd00374_c is 0.2694851001669105...
Loop81 pFBA...4354.0...Ave likelihood of: cpd00221_c is 0.4522720230588173...
Loop82 pFBA...4215.0...Ave likelihood of: cpd00159_c is 0.4392327943175514...
Loop83 pFBA...10171.0...Ave likelihood of: cpd00211_c is 0.21708425357825845...
Loop84 pFBA...4080.0...Ave likelihood of: cpd00047_c is 0.4165869609168344...
Loop85 pFBA...4848.0...Ave likelihood of: cpd00106_c is 0.23428477863472455...
Loop86 pFBA...7915.0...Ave likelihood of: cpd00141_c is 0.20964440975083712...
Loop87 pFBA...19802.0...Ave likelihood of: cpd00216_c is 0.2509101703978136...
Loop88 pFBA...4617.0...Ave likelihood of: cpd00036_c is 0.24406345969395354...
Loop89 pFBA...15832.0...Ave likelihood of: cpd00581_c is 0.3163754686048935...
Loop90 pFBA...4227.0...Ave likelihood of: cpd00128_c is 0.3654122797610073...
Loop91 pFBA...5766.0...Ave likelihood of: cpd00018_c is 0.3935781867963827...
Loop92 pFBA...4979.0...Ave likelihood of: cpd00091_c is 0.47100431139105786...
Loop93 pFBA...3567.0...Ave likelihood of: cpd00092_c is 0.41574246574831236...
Loop94 pFBA...61099.0...Ave likelihood of: cpd00305_c is 0.2399001888917749...
Loop95 pFBA...13524.0...Ave likelihood of: cpd00220_c is 0.23607224019606765...
Loop96 pFBA...14687.0...Ave likelihood of: cpd00218_c is 0.2352006365932522...
Loop97 pFBA...14279.0...Ave likelihood of: cpd00215_c is 0.28845220611873323...
Loop98 pFBA...27957.0...Ave likelihood of: cpd00104_c is 0.1797525153010177...
Loop99 pFBA...35178.0...Ave likelihood of: cpd00393_c is 0.2530635744952188...
Loop100 pFBA...6469.0...Ave likelihood of: cpd00363_c is 0.35597718945646806...
Loop101 pFBA...8616.0...Ave likelihood of: cpd00281_c is 0.19766614782319092...
Loop102 pFBA...4072.0...Ave likelihood of: cpd00025_c is 0.39061889895320295...
Loop103 pFBA...20807.0...Ave likelihood of: cpd00811_c is 0.2583511829046641...
Loop104 pFBA...5434.0...Ave likelihood of: cpd00117_c is 0.33892899504123103...
Loop105 pFBA...6863.0...Ave likelihood of: cpd00186_c is 0.3561318751397213...
Loop106 pFBA...21438.0...Ave likelihood of: cpd00637_c is 0.24667642830646017...
Loop107 pFBA...6472.0...Ave likelihood of: cpd00550_c is 0.3204170070874729...
Loop108 pFBA...4081.0...Ave likelihood of: cpd00033_c is 0.2718865064448539...
Loop109 pFBA...5303.0...Ave likelihood of: cpd00035_c is 0.33892899504123103...
Loop110 pFBA...17852.0...Ave likelihood of: cpd00051_c is 0.2572584253156009...
Loop111 pFBA...7781.0...Ave likelihood of: cpd00132_c is 0.2725428238679833...
Loop112 pFBA...5027.0...Ave likelihood of: cpd00041_c is 0.28468276903710604...
Loop113 pFBA...13225.0...Ave likelihood of: cpd00084_c is 0.2928788848537941...
Loop114 pFBA...6616.0...Ave likelihood of: cpd00023_c is 0.27673260695246726...
Loop115 pFBA...9066.0...Ave likelihood of: cpd00053_c is 0.31348228517593835...
Loop116 pFBA...15183.0...Ave likelihood of: cpd00119_c is 0.3306293730161379...
Loop117 pFBA...16643.0...Ave likelihood of: cpd00322_c is 0.27021126047829913...
Loop118 pFBA...14049.0...Ave likelihood of: cpd00107_c is 0.2520355611307093...
Loop119 pFBA...16889.0...Ave likelihood of: cpd00039_c is 0.30720956209892564...
Loop120 pFBA...20438.0...Ave likelihood of: cpd00060_c is 0.24988001828446615...
Loop121 pFBA...20442.0...Ave likelihood of: cpd00066_c is 0.26622998374576856...
Loop122 pFBA...10243.0...Ave likelihood of: cpd00129_c is 0.3130869276607128...
Loop123 pFBA...5472.0...Ave likelihood of: cpd00054_c is 0.3265788726083858...
Loop124 pFBA...7431.0...Ave likelihood of: cpd00161_c is 0.38477985877287274...
Loop125 pFBA...25986.0...Ave likelihood of: cpd00065_c is 0.24667631932177286...
Loop126 pFBA...17761.0...Ave likelihood of: cpd00069_c is 0.25982250167805826...
Loop127 pFBA...7953.0...Ave likelihood of: cpd00156_c is 0.22075767609053615...
Loop128 pFBA...23734.0...Ave likelihood of: cpd00098_c is 0.2573646573175889...
Loop129 pFBA...14233.0...Ave likelihood of: cpd00274_c is 0.22695662053908056...
Loop130 pFBA...6107.0...Ave likelihood of: cpd00226_c is 0.3271634020834479...
Loop131 pFBA...4632.0...Ave likelihood of: cpd00246_c is 0.3298977765235983...
Loop132 pFBA...19696.0...Ave likelihood of: cpd00374_c is 0.3164051460398698...
Loop133 pFBA...4316.0...Ave likelihood of: cpd00221_c is 0.36146939571979514...
Loop134 pFBA...4202.0...Ave likelihood of: cpd00159_c is 0.4339928444736661...
Loop135 pFBA...10134.0...Ave likelihood of: cpd00211_c is 0.2870445506943545...
Loop136 pFBA...3991.0...Ave likelihood of: cpd00047_c is 0.38215576346115715...
Loop137 pFBA...4848.0...Ave likelihood of: cpd00106_c is 0.23428477863472455...
Loop138 pFBA...7915.0...Ave likelihood of: cpd00141_c is 0.20964440975083712...
Loop139 pFBA...18975.0...Ave likelihood of: cpd00216_c is 0.29698462473613...
Loop140 pFBA...4617.0...Ave likelihood of: cpd00036_c is 0.24406345969395354...
Loop141 pFBA...15832.0...Ave likelihood of: cpd00581_c is 0.3163754686048935...
Loop142 pFBA...4227.0...Ave likelihood of: cpd00128_c is 0.3654122797610073...
Loop143 pFBA...5766.0...Ave likelihood of: cpd00018_c is 0.3935781867963827...
Loop144 pFBA...4979.0...Ave likelihood of: cpd00091_c is 0.47100431139105786...
Loop145 pFBA...3567.0...Ave likelihood of: cpd00092_c is 0.41574246574831236...
Loop146 pFBA...61092.0...Ave likelihood of: cpd00305_c is 0.23613023461910432...
Loop147 pFBA...13524.0...Ave likelihood of: cpd00220_c is 0.23607224019606765...
Loop148 pFBA...14448.0...Ave likelihood of: cpd00218_c is 0.26482086983110603...
Loop149 pFBA...13923.0...Ave likelihood of: cpd00215_c is 0.3014633034131403...
Loop150 pFBA...27940.0...Ave likelihood of: cpd00104_c is 0.17856451848520902...
Loop151 pFBA...35178.0...Ave likelihood of: cpd00393_c is 0.2530635744952188...
Loop152 pFBA...6155.0...Ave likelihood of: cpd00363_c is 0.44706619083129945...
Loop153 pFBA...8616.0...Ave likelihood of: cpd00281_c is 0.19766614782319092...
Loop154 pFBA...4019.0...Ave likelihood of: cpd00025_c is 0.38627381490523105...
Loop155 pFBA...20019.0...Ave likelihood of: cpd00811_c is 0.2666065809144678...
31.3356954654mins to complete!
