
The following have been reloaded with a version change:
  1) anaconda2/4.4.0 => anaconda2/5.1.0

Loading in models...Adding Water...Remove no-like rxns...Pruned 1 metabolites from model
Pruned 1 reactions from model
Set-up Universal...69.0seconds to complete

Loop0 pFBA...5366.0...Ave likelihood of: cpd00117_c is 0.39450475248990496...
Loop1 pFBA...7601.0...Ave likelihood of: cpd00186_c is 0.23323305413083428...
Loop2 pFBA...22410.0...Ave likelihood of: cpd00637_c is 0.18128928098758715...
Loop3 pFBA...6385.0...Ave likelihood of: cpd00550_c is 0.2959585269679097...
Loop4 pFBA...4206.0...Ave likelihood of: cpd00033_c is 0.2258706904931836...
Loop5 pFBA...5239.0...Ave likelihood of: cpd00035_c is 0.39450475248990496...
Loop6 pFBA...18171.0...Ave likelihood of: cpd00051_c is 0.3032818811947198...
Loop7 pFBA...7954.0...Ave likelihood of: cpd00132_c is 0.1915609616660166...
Loop8 pFBA...5455.0...Ave likelihood of: cpd00041_c is 0.20852753454146541...
Loop9 pFBA...13557.0...Ave likelihood of: cpd00084_c is 0.25223508423187463...
Loop10 pFBA...7346.0...Ave likelihood of: cpd00023_c is 0.13088749360226296...
Loop11 pFBA...9678.0...Ave likelihood of: cpd00053_c is 0.1653499686700427...
Loop12 pFBA...21700.0...Ave likelihood of: cpd00119_c is 0.16201317631573345...
Loop13 pFBA...17447.0...Ave likelihood of: cpd00322_c is 0.12573697445757342...
Loop14 pFBA...14902.0...Ave likelihood of: cpd00107_c is 0.19290579984342648...
Loop15 pFBA...20516.0...Ave likelihood of: cpd00039_c is 0.17361628698703702...
Loop16 pFBA...21410.0...Ave likelihood of: cpd00060_c is 0.18128928098758715...
Loop17 pFBA...20677.0...Ave likelihood of: cpd00066_c is 0.24987679538954072...
Loop18 pFBA...10609.0...Ave likelihood of: cpd00129_c is 0.139059481224073...
Loop19 pFBA...5385.0...Ave likelihood of: cpd00054_c is 0.30073205159642447...
Loop20 pFBA...7853.0...Ave likelihood of: cpd00161_c is 0.32846552087633946...
Loop21 pFBA...29295.0...Ave likelihood of: cpd00065_c is 0.17508794710581305...
Loop22 pFBA...18542.0...Ave likelihood of: cpd00069_c is 0.253978368467912...
Loop23 pFBA...8723.0...Ave likelihood of: cpd00156_c is 0.21691856221282135...
Loop24 pFBA...23945.0...Ave likelihood of: cpd00098_c is 0.23206447941582728...
Loop25 pFBA...14854.0...Ave likelihood of: cpd00274_c is 0.3511822667344589...
Loop26 pFBA...6121.0...Ave likelihood of: cpd00226_c is 0.38056153362824585...
Loop27 pFBA...4580.0...Ave likelihood of: cpd00246_c is 0.3852055440710504...
Loop28 pFBA...20386.0...Ave likelihood of: cpd00374_c is 0.23726509596081327...
Loop29 pFBA...4164.0...Ave likelihood of: cpd00221_c is 0.34626676234777715...
Loop30 pFBA...3978.0...Ave likelihood of: cpd00159_c is 0.41590899890971866...
Loop31 pFBA...10130.0...Ave likelihood of: cpd00211_c is 0.2485163037121302...
Loop32 pFBA...3981.0...Ave likelihood of: cpd00047_c is 0.3191116288927236...
Loop33 pFBA...5239.0...Ave likelihood of: cpd00106_c is 0.16404446722396046...
Loop34 pFBA...7652.0...Ave likelihood of: cpd00141_c is 0.33363384614627856...
Loop35 pFBA...19632.0...Ave likelihood of: cpd00216_c is 0.2505061108700363...
Loop36 pFBA...5009.0...Ave likelihood of: cpd00036_c is 0.08022701009637177...
Loop37 pFBA...22335.0...Ave likelihood of: cpd00581_c is 0.13926380970034585...
Loop38 pFBA...4435.0...Ave likelihood of: cpd00128_c is 0.22631532014020264...
Loop39 pFBA...6001.0...Ave likelihood of: cpd00018_c is 0.31550145758297615...
Loop40 pFBA...5187.0...Ave likelihood of: cpd00091_c is 0.40913479784684675...
Loop41 pFBA...3564.0...Ave likelihood of: cpd00092_c is 0.3760927738987622...
Loop42 pFBA...62583.0...Ave likelihood of: cpd00305_c is 0.17701718809529296...
Loop43 pFBA...12629.0...Ave likelihood of: cpd00220_c is 0.22235320723948085...
Loop44 pFBA...14753.0...Ave likelihood of: cpd00218_c is 0.16768720353940683...
Loop45 pFBA...14441.0...Ave likelihood of: cpd00215_c is 0.2723878620735394...
Loop46 pFBA...28428.0...Ave likelihood of: cpd00104_c is 0.194508896545871...
Loop47 pFBA...36731.0...Ave likelihood of: cpd00393_c is 0.14910034488250729...
Loop48 pFBA...6022.0...Ave likelihood of: cpd00363_c is 0.41887643011834863...
Loop49 pFBA...9190.0...Ave likelihood of: cpd00281_c is 0.11567720019099824...
Loop50 pFBA...4106.0...Ave likelihood of: cpd00025_c is 0.2699184098928356...
Loop51 pFBA...20218.0...Ave likelihood of: cpd00811_c is 0.22604572580833787...
Loop52 pFBA...5366.0...Ave likelihood of: cpd00117_c is 0.39450475248990496...
Loop53 pFBA...7601.0...Ave likelihood of: cpd00186_c is 0.23323305413083428...
Loop54 pFBA...22472.0...Ave likelihood of: cpd00637_c is 0.1200271447788276...
Loop55 pFBA...6426.0...Ave likelihood of: cpd00550_c is 0.3800852514481849...
Loop56 pFBA...4206.0...Ave likelihood of: cpd00033_c is 0.2258706904931836...
Loop57 pFBA...5239.0...Ave likelihood of: cpd00035_c is 0.39450475248990496...
Loop58 pFBA...18548.0...Ave likelihood of: cpd00051_c is 0.30845454879976286...
Loop59 pFBA...7954.0...Ave likelihood of: cpd00132_c is 0.1915609616660166...
Loop60 pFBA...5455.0...Ave likelihood of: cpd00041_c is 0.1747416281101791...
Loop61 pFBA...13752.0...Ave likelihood of: cpd00084_c is 0.2568714293492232...
Loop62 pFBA...7346.0...Ave likelihood of: cpd00023_c is 0.13088749360226296...
Loop63 pFBA...9678.0...Ave likelihood of: cpd00053_c is 0.1653499686700427...
Loop64 pFBA...21700.0...Ave likelihood of: cpd00119_c is 0.16201317631573345...
Loop65 pFBA...17447.0...Ave likelihood of: cpd00322_c is 0.12573697445757342...
Loop66 pFBA...14902.0...Ave likelihood of: cpd00107_c is 0.19290579984342648...
Loop67 pFBA...21002.0...Ave likelihood of: cpd00039_c is 0.21924565475515864...
Loop68 pFBA...21472.0...Ave likelihood of: cpd00060_c is 0.12336123213379503...
Loop69 pFBA...21386.0...Ave likelihood of: cpd00066_c is 0.2846315526402354...
Loop70 pFBA...10609.0...Ave likelihood of: cpd00129_c is 0.139059481224073...
Loop71 pFBA...5426.0...Ave likelihood of: cpd00054_c is 0.40542426821139715...
Loop72 pFBA...7969.0...Ave likelihood of: cpd00161_c is 0.2424301227051384...
Loop73 pFBA...29295.0...Ave likelihood of: cpd00065_c is 0.17508794710581305...
Loop74 pFBA...18996.0...Ave likelihood of: cpd00069_c is 0.2838026480540463...
Loop75 pFBA...8723.0...Ave likelihood of: cpd00156_c is 0.21691856221282135...
Loop76 pFBA...24322.0...Ave likelihood of: cpd00098_c is 0.2388070495223182...
Loop77 pFBA...15262.0...Ave likelihood of: cpd00274_c is 0.21293803629995275...
Loop78 pFBA...6121.0...Ave likelihood of: cpd00226_c is 0.38056153362824585...
Loop79 pFBA...4820.0...Ave likelihood of: cpd00246_c is 0.358629008920969...
Loop80 pFBA...21099.0...Ave likelihood of: cpd00374_c is 0.2738667059853876...
Loop81 pFBA...4297.0...Ave likelihood of: cpd00221_c is 0.2965195867200077...
Loop82 pFBA...4135.0...Ave likelihood of: cpd00159_c is 0.3953769146801915...
Loop83 pFBA...10157.0...Ave likelihood of: cpd00211_c is 0.13475794656055268...
Loop84 pFBA...4078.0...Ave likelihood of: cpd00047_c is 0.42140749177212256...
Loop85 pFBA...5239.0...Ave likelihood of: cpd00106_c is 0.13888666539905034...
Loop86 pFBA...7795.0...Ave likelihood of: cpd00141_c is 0.19481099192152793...
Loop87 pFBA...20309.0...Ave likelihood of: cpd00216_c is 0.2287915849505414...
Loop88 pFBA...5009.0...Ave likelihood of: cpd00036_c is 0.08022701009637177...
Loop89 pFBA...22335.0...Ave likelihood of: cpd00581_c is 0.1360987231162471...
Loop90 pFBA...4435.0...Ave likelihood of: cpd00128_c is 0.22631532014020264...
Loop91 pFBA...6001.0...Ave likelihood of: cpd00018_c is 0.31550145758297615...
Loop92 pFBA...5187.0...Ave likelihood of: cpd00091_c is 0.40913479784684675...
Loop93 pFBA...3564.0...Ave likelihood of: cpd00092_c is 0.3760927738987622...
Loop94 pFBA...62661.0...Ave likelihood of: cpd00305_c is 0.17137529266090454...
Loop95 pFBA...12629.0...Ave likelihood of: cpd00220_c is 0.22235320723948085...
Loop96 pFBA...14828.0...Ave likelihood of: cpd00218_c is 0.11842902488295891...
Loop97 pFBA...14732.0...Ave likelihood of: cpd00215_c is 0.33808175089727227...
Loop98 pFBA...28516.0...Ave likelihood of: cpd00104_c is 0.16602156619210032...
Loop99 pFBA...36737.0...Ave likelihood of: cpd00393_c is 0.16339998569734665...
Loop100 pFBA...6451.0...Ave likelihood of: cpd00363_c is 0.4682097325157122...
Loop101 pFBA...9190.0...Ave likelihood of: cpd00281_c is 0.11567720019099824...
Loop102 pFBA...4226.0...Ave likelihood of: cpd00025_c is 0.3678202112286782...
Loop103 pFBA...20971.0...Ave likelihood of: cpd00811_c is 0.2956257209434133...
Loop104 pFBA...5366.0...Ave likelihood of: cpd00117_c is 0.39450475248990496...
Loop105 pFBA...7601.0...Ave likelihood of: cpd00186_c is 0.23323305413083428...
Loop106 pFBA...22445.0...Ave likelihood of: cpd00637_c is 0.17357221720602264...
Loop107 pFBA...6416.0...Ave likelihood of: cpd00550_c is 0.2985309121136055...
Loop108 pFBA...4206.0...Ave likelihood of: cpd00033_c is 0.2258706904931836...
Loop109 pFBA...5239.0...Ave likelihood of: cpd00035_c is 0.39450475248990496...
Loop110 pFBA...18265.0...Ave likelihood of: cpd00051_c is 0.29420160327044576...
Loop111 pFBA...7954.0...Ave likelihood of: cpd00132_c is 0.1915609616660166...
Loop112 pFBA...5455.0...Ave likelihood of: cpd00041_c is 0.20852753454146541...
Loop113 pFBA...13692.0...Ave likelihood of: cpd00084_c is 0.3004329079355969...
Loop114 pFBA...7346.0...Ave likelihood of: cpd00023_c is 0.13088749360226296...
Loop115 pFBA...9678.0...Ave likelihood of: cpd00053_c is 0.1653301415688969...
Loop116 pFBA...21700.0...Ave likelihood of: cpd00119_c is 0.15870678496235113...
Loop117 pFBA...17447.0...Ave likelihood of: cpd00322_c is 0.12573697445757342...
Loop118 pFBA...14902.0...Ave likelihood of: cpd00107_c is 0.19290579984342648...
Loop119 pFBA...20668.0...Ave likelihood of: cpd00039_c is 0.1909564991202988...
Loop120 pFBA...21445.0...Ave likelihood of: cpd00060_c is 0.17734552627571884...
Loop121 pFBA...20792.0...Ave likelihood of: cpd00066_c is 0.2682363637709239...
Loop122 pFBA...10609.0...Ave likelihood of: cpd00129_c is 0.139059481224073...
Loop123 pFBA...5416.0...Ave likelihood of: cpd00054_c is 0.30502071455085783...
Loop124 pFBA...7847.0...Ave likelihood of: cpd00161_c is 0.32909566403410256...
Loop125 pFBA...29295.0...Ave likelihood of: cpd00065_c is 0.16678846609140976...
Loop126 pFBA...18587.0...Ave likelihood of: cpd00069_c is 0.25672921738302756...
Loop127 pFBA...8723.0...Ave likelihood of: cpd00156_c is 0.21691856221282135...
Loop128 pFBA...23949.0...Ave likelihood of: cpd00098_c is 0.19815675480048972...
Loop129 pFBA...15002.0...Ave likelihood of: cpd00274_c is 0.33733661386416186...
Loop130 pFBA...6121.0...Ave likelihood of: cpd00226_c is 0.38056153362824585...
Loop131 pFBA...4604.0...Ave likelihood of: cpd00246_c is 0.3881811890857207...
Loop132 pFBA...20499.0...Ave likelihood of: cpd00374_c is 0.27424161699657285...
Loop133 pFBA...4276.0...Ave likelihood of: cpd00221_c is 0.34920338587556515...
Loop134 pFBA...4094.0...Ave likelihood of: cpd00159_c is 0.33393682080859344...
Loop135 pFBA...10128.0...Ave likelihood of: cpd00211_c is 0.24914644686989335...
Loop136 pFBA...4044.0...Ave likelihood of: cpd00047_c is 0.3294963703292972...
Loop137 pFBA...5239.0...Ave likelihood of: cpd00106_c is 0.16404446722396046...
Loop138 pFBA...7781.0...Ave likelihood of: cpd00141_c is 0.31435611826384524...
Loop139 pFBA...19852.0...Ave likelihood of: cpd00216_c is 0.24390091106387493...
Loop140 pFBA...5009.0...Ave likelihood of: cpd00036_c is 0.08022701009637177...
Loop141 pFBA...22335.0...Ave likelihood of: cpd00581_c is 0.13926380970034585...
Loop142 pFBA...4435.0...Ave likelihood of: cpd00128_c is 0.22631532014020264...
Loop143 pFBA...6001.0...Ave likelihood of: cpd00018_c is 0.31550145758297615...
Loop144 pFBA...5187.0...Ave likelihood of: cpd00091_c is 0.40913479784684675...
Loop145 pFBA...3564.0...Ave likelihood of: cpd00092_c is 0.3760927738987622...
Loop146 pFBA...62580.0...Ave likelihood of: cpd00305_c is 0.1772744965513796...
Loop147 pFBA...12625.0...Ave likelihood of: cpd00220_c is 0.2723445796225735...
Loop148 pFBA...14775.0...Ave likelihood of: cpd00218_c is 0.14556868012667695...
Loop149 pFBA...14431.0...Ave likelihood of: cpd00215_c is 0.27314095999379295...
Loop150 pFBA...28418.0...Ave likelihood of: cpd00104_c is 0.18853963277630803...
Loop151 pFBA...36729.0...Ave likelihood of: cpd00393_c is 0.1495904562274342...
Loop152 pFBA...6028.0...Ave likelihood of: cpd00363_c is 0.44602713326632865...
Loop153 pFBA...9190.0...Ave likelihood of: cpd00281_c is 0.11567720019099824...
Loop154 pFBA...4141.0...Ave likelihood of: cpd00025_c is 0.3279498819166658...
Loop155 pFBA...20246.0...Ave likelihood of: cpd00811_c is 0.20552743276991975...
32.7790249348mins to complete!
