
The following have been reloaded with a version change:
  1) anaconda2/4.4.0 => anaconda2/5.1.0

Loading in models...Adding Water...Remove no-like rxns...Pruned 1 metabolites from model
Pruned 1 reactions from model
Set-up Universal...63.0seconds to complete

Loop0 pFBA...5568.0...Ave likelihood of: cpd00117_c is 0.4716380731914865...
Loop1 pFBA...6841.0...Ave likelihood of: cpd00186_c is 0.3599030981088598...
Loop2 pFBA...21349.0...Ave likelihood of: cpd00637_c is 0.2794319623162599...
Loop3 pFBA...6421.0...Ave likelihood of: cpd00550_c is 0.34838175060296434...
Loop4 pFBA...4055.0...Ave likelihood of: cpd00033_c is 0.25253472834478174...
Loop5 pFBA...5446.0...Ave likelihood of: cpd00035_c is 0.4716380731914865...
Loop6 pFBA...18097.0...Ave likelihood of: cpd00051_c is 0.3122009394315...
Loop7 pFBA...7912.0...Ave likelihood of: cpd00132_c is 0.24991628715836078...
Loop8 pFBA...5182.0...Ave likelihood of: cpd00041_c is 0.2230686192274081...
Loop9 pFBA...13609.0...Ave likelihood of: cpd00084_c is 0.2655598515752173...
Loop10 pFBA...6592.0...Ave likelihood of: cpd00023_c is 0.2816121347867015...
Loop11 pFBA...9082.0...Ave likelihood of: cpd00053_c is 0.31097622289865184...
Loop12 pFBA...16373.0...Ave likelihood of: cpd00119_c is 0.3236753851362525...
Loop13 pFBA...16745.0...Ave likelihood of: cpd00322_c is 0.33879853792345677...
Loop14 pFBA...14204.0...Ave likelihood of: cpd00107_c is 0.2651571489935193...
Loop15 pFBA...17659.0...Ave likelihood of: cpd00039_c is 0.29395600095993935...
Loop16 pFBA...20349.0...Ave likelihood of: cpd00060_c is 0.28301442337159644...
Loop17 pFBA...20416.0...Ave likelihood of: cpd00066_c is 0.22969819001021402...
Loop18 pFBA...10265.0...Ave likelihood of: cpd00129_c is 0.20318474530515482...
Loop19 pFBA...5421.0...Ave likelihood of: cpd00054_c is 0.3557941282753678...
Loop20 pFBA...7284.0...Ave likelihood of: cpd00161_c is 0.4863973430105261...
Loop21 pFBA...27272.0...Ave likelihood of: cpd00065_c is 0.24970986962331732...
Loop22 pFBA...18183.0...Ave likelihood of: cpd00069_c is 0.24215055941742328...
Loop23 pFBA...7671.0...Ave likelihood of: cpd00156_c is 0.3329612142620647...
Loop24 pFBA...23568.0...Ave likelihood of: cpd00098_c is 0.26731492771765697...
Loop25 pFBA...14167.0...Ave likelihood of: cpd00274_c is 0.3149293566122574...
Loop26 pFBA...6632.0...Ave likelihood of: cpd00226_c is 0.3259363022247551...
Loop27 pFBA...4435.0...Ave likelihood of: cpd00246_c is 0.44081790671271914...
Loop28 pFBA...19879.0...Ave likelihood of: cpd00374_c is 0.24155193119531423...
Loop29 pFBA...4760.0...Ave likelihood of: cpd00221_c is 0.4231484988816826...
Loop30 pFBA...4281.0...Ave likelihood of: cpd00159_c is 0.4242369719079641...
Loop31 pFBA...10273.0...Ave likelihood of: cpd00211_c is 0.3888472434353692...
Loop32 pFBA...3761.0...Ave likelihood of: cpd00047_c is 0.2937642463969425...
Loop33 pFBA...5000.0...Ave likelihood of: cpd00106_c is 0.19005018414437114...
Loop34 pFBA...7539.0...Ave likelihood of: cpd00141_c is 0.4143694754333484...
Loop35 pFBA...18965.0...Ave likelihood of: cpd00216_c is 0.2333092040667927...
Loop36 pFBA...4801.0...Ave likelihood of: cpd00036_c is 0.4188702562381187...
Loop37 pFBA...16941.0...Ave likelihood of: cpd00581_c is 0.32618852928446107...
Loop38 pFBA...4747.0...Ave likelihood of: cpd00128_c is 0.345670942782297...
Loop39 pFBA...5862.0...Ave likelihood of: cpd00018_c is 0.2797609862126251...
Loop40 pFBA...5862.0...Ave likelihood of: cpd00091_c is 0.2797609862126251...
Loop41 pFBA...3605.0...Ave likelihood of: cpd00092_c is 0.3428151756899474...
Loop42 pFBA...63822.0...Ave likelihood of: cpd00305_c is 0.1579261295534052...
Loop43 pFBA...13534.0...Ave likelihood of: cpd00220_c is 0.28539154530877975...
Loop44 pFBA...14460.0...Ave likelihood of: cpd00218_c is 0.21164531651124843...
Loop45 pFBA...14431.0...Ave likelihood of: cpd00215_c is 0.3136514754988475...
Loop46 pFBA...28627.0...Ave likelihood of: cpd00104_c is 0.20875378413738926...
Loop47 pFBA...36063.0...Ave likelihood of: cpd00393_c is 0.16722486505219736...
Loop48 pFBA...5661.0...Ave likelihood of: cpd00363_c is 0.5678713307151795...
Loop49 pFBA...8588.0...Ave likelihood of: cpd00281_c is 0.20168630432604875...
Loop50 pFBA...4011.0...Ave likelihood of: cpd00025_c is 0.30214484879947906...
Loop51 pFBA...19548.0...Ave likelihood of: cpd00811_c is 0.26121136873701467...
Loop52 pFBA...5421.0...Ave likelihood of: cpd00714_c is 0.370774393061782...
Loop53 pFBA...5568.0...Ave likelihood of: cpd00117_c is 0.4716380731914865...
Loop54 pFBA...6841.0...Ave likelihood of: cpd00186_c is 0.3599030981088598...
Loop55 pFBA...21650.0...Ave likelihood of: cpd00637_c is 0.23847727584243983...
Loop56 pFBA...6502.0...Ave likelihood of: cpd00550_c is 0.30639211617839657...
Loop57 pFBA...4056.0...Ave likelihood of: cpd00033_c is 0.2386334506583151...
Loop58 pFBA...5446.0...Ave likelihood of: cpd00035_c is 0.4716380731914865...
Loop59 pFBA...18326.0...Ave likelihood of: cpd00051_c is 0.2588375907811328...
Loop60 pFBA...7912.0...Ave likelihood of: cpd00132_c is 0.24991628715836078...
Loop61 pFBA...5182.0...Ave likelihood of: cpd00041_c is 0.2230686192274081...
Loop62 pFBA...13771.0...Ave likelihood of: cpd00084_c is 0.24785291068326787...
Loop63 pFBA...6592.0...Ave likelihood of: cpd00023_c is 0.2816121347867015...
Loop64 pFBA...9082.0...Ave likelihood of: cpd00053_c is 0.31097622289865184...
Loop65 pFBA...16373.0...Ave likelihood of: cpd00119_c is 0.3236753851362525...
Loop66 pFBA...16758.0...Ave likelihood of: cpd00322_c is 0.23978380697456916...
Loop67 pFBA...14204.0...Ave likelihood of: cpd00107_c is 0.2651571489935193...
Loop68 pFBA...17930.0...Ave likelihood of: cpd00039_c is 0.28807120276534776...
Loop69 pFBA...20650.0...Ave likelihood of: cpd00060_c is 0.24178946022914044...
Loop70 pFBA...21505.0...Ave likelihood of: cpd00066_c is 0.22733744086519914...
Loop71 pFBA...10265.0...Ave likelihood of: cpd00129_c is 0.20318474530515485...
Loop72 pFBA...5502.0...Ave likelihood of: cpd00054_c is 0.30639211617839657...
Loop73 pFBA...7657.0...Ave likelihood of: cpd00161_c is 0.3450307001001773...
Loop74 pFBA...27272.0...Ave likelihood of: cpd00065_c is 0.24970986962331726...
Loop75 pFBA...18880.0...Ave likelihood of: cpd00069_c is 0.23640032239014666...
Loop76 pFBA...7671.0...Ave likelihood of: cpd00156_c is 0.3329612142620647...
Loop77 pFBA...24621.0...Ave likelihood of: cpd00098_c is 0.2753294280840227...
Loop78 pFBA...14169.0...Ave likelihood of: cpd00274_c is 0.19405710962312606...
Loop79 pFBA...6632.0...Ave likelihood of: cpd00226_c is 0.3259363022247551...
Loop80 pFBA...4808.0...Ave likelihood of: cpd00246_c is 0.35341770167113096...
Loop81 pFBA...20857.0...Ave likelihood of: cpd00374_c is 0.2175350010416275...
Loop82 pFBA...5089.0...Ave likelihood of: cpd00221_c is 0.3547959181894504...
Loop83 pFBA...4351.0...Ave likelihood of: cpd00159_c is 0.3807466300379589...
Loop84 pFBA...10474.0...Ave likelihood of: cpd00211_c is 0.20672264359505652...
Loop85 pFBA...3766.0...Ave likelihood of: cpd00047_c is 0.21911973407270305...
Loop86 pFBA...5000.0...Ave likelihood of: cpd00106_c is 0.19005018414437114...
Loop87 pFBA...7733.0...Ave likelihood of: cpd00141_c is 0.32393239919273126...
Loop88 pFBA...20290.0...Ave likelihood of: cpd00216_c is 0.2176912175153342...
Loop89 pFBA...4802.0...Ave likelihood of: cpd00036_c is 0.22812786952770595...
Loop90 pFBA...16941.0...Ave likelihood of: cpd00581_c is 0.32618852928446107...
Loop91 pFBA...4747.0...Ave likelihood of: cpd00128_c is 0.345670942782297...
Loop92 pFBA...5862.0...Ave likelihood of: cpd00018_c is 0.2797609862126251...
Loop93 pFBA...5862.0...Ave likelihood of: cpd00091_c is 0.2797609862126251...
Loop94 pFBA...3619.0...Ave likelihood of: cpd00092_c is 0.3215839045743107...
Loop95 pFBA...64047.0...Ave likelihood of: cpd00305_c is 0.1219802925629937...
Loop96 pFBA...14058.0...Ave likelihood of: cpd00220_c is 0.17787252382621632...
Loop97 pFBA...14727.0...Ave likelihood of: cpd00218_c is 0.215537857074623...
Loop98 pFBA...15074.0...Ave likelihood of: cpd00215_c is 0.3450848038200356...
Loop99 pFBA...28687.0...Ave likelihood of: cpd00104_c is 0.1629739911772487...
Loop100 pFBA...36076.0...Ave likelihood of: cpd00393_c is 0.17051333039583236...
Loop101 pFBA...6433.0...Ave likelihood of: cpd00363_c is 0.3841281202212352...
Loop102 pFBA...8588.0...Ave likelihood of: cpd00281_c is 0.20168630432604875...
Loop103 pFBA...4217.0...Ave likelihood of: cpd00025_c is 0.3883051676678107...
Loop104 pFBA...20517.0...Ave likelihood of: cpd00811_c is 0.29963202607482176...
Loop105 pFBA...6489.0...Ave likelihood of: cpd00714_c is 0.41591180186170607...
Loop106 pFBA...5568.0...Ave likelihood of: cpd00117_c is 0.4716380731914865...
Loop107 pFBA...6841.0...Ave likelihood of: cpd00186_c is 0.3599030981088598...
Loop108 pFBA...21535.0...Ave likelihood of: cpd00637_c is 0.2519882247355278...
Loop109 pFBA...6457.0...Ave likelihood of: cpd00550_c is 0.3022681801308427...
Loop110 pFBA...4055.0...Ave likelihood of: cpd00033_c is 0.23013982505343666...
Loop111 pFBA...5446.0...Ave likelihood of: cpd00035_c is 0.4716380731914865...
Loop112 pFBA...18212.0...Ave likelihood of: cpd00051_c is 0.27252550667859654...
Loop113 pFBA...7912.0...Ave likelihood of: cpd00132_c is 0.24991628715836078...
Loop114 pFBA...5182.0...Ave likelihood of: cpd00041_c is 0.2230686192274081...
Loop115 pFBA...13742.0...Ave likelihood of: cpd00084_c is 0.23434779723987592...
Loop116 pFBA...6592.0...Ave likelihood of: cpd00023_c is 0.2816121347867015...
Loop117 pFBA...9082.0...Ave likelihood of: cpd00053_c is 0.31097622289865184...
Loop118 pFBA...16373.0...Ave likelihood of: cpd00119_c is 0.3301488928389776...
Loop119 pFBA...16758.0...Ave likelihood of: cpd00322_c is 0.23978380697456916...
Loop120 pFBA...14204.0...Ave likelihood of: cpd00107_c is 0.2651571489935193...
Loop121 pFBA...17738.0...Ave likelihood of: cpd00039_c is 0.2847325242702666...
Loop122 pFBA...20535.0...Ave likelihood of: cpd00060_c is 0.2519882247355278...
Loop123 pFBA...20889.0...Ave likelihood of: cpd00066_c is 0.2622296141505021...
Loop124 pFBA...10265.0...Ave likelihood of: cpd00129_c is 0.20318474530515485...
Loop125 pFBA...5457.0...Ave likelihood of: cpd00054_c is 0.30856543388356866...
Loop126 pFBA...7512.0...Ave likelihood of: cpd00161_c is 0.3675352279514575...
Loop127 pFBA...27272.0...Ave likelihood of: cpd00065_c is 0.24970986962331726...
Loop128 pFBA...18486.0...Ave likelihood of: cpd00069_c is 0.19686298590915824...
Loop129 pFBA...7671.0...Ave likelihood of: cpd00156_c is 0.3329612142620647...
Loop130 pFBA...24073.0...Ave likelihood of: cpd00098_c is 0.23774449390206737...
Loop131 pFBA...14169.0...Ave likelihood of: cpd00274_c is 0.19405710962312606...
Loop132 pFBA...6632.0...Ave likelihood of: cpd00226_c is 0.3259363022247551...
Loop133 pFBA...4618.0...Ave likelihood of: cpd00246_c is 0.37397822185408014...
Loop134 pFBA...20380.0...Ave likelihood of: cpd00374_c is 0.23240786715089395...
Loop135 pFBA...4969.0...Ave likelihood of: cpd00221_c is 0.19025318835537036...
Loop136 pFBA...4333.0...Ave likelihood of: cpd00159_c is 0.3457557566233264...
Loop137 pFBA...10448.0...Ave likelihood of: cpd00211_c is 0.3351159920262974...
Loop138 pFBA...3766.0...Ave likelihood of: cpd00047_c is 0.21911973407270305...
Loop139 pFBA...5000.0...Ave likelihood of: cpd00106_c is 0.19005018414437114...
Loop140 pFBA...7677.0...Ave likelihood of: cpd00141_c is 0.37147298397198636...
Loop141 pFBA...19572.0...Ave likelihood of: cpd00216_c is 0.22636311829672884...
Loop142 pFBA...4802.0...Ave likelihood of: cpd00036_c is 0.22812786952770595...
Loop143 pFBA...16941.0...Ave likelihood of: cpd00581_c is 0.32618852928446107...
Loop144 pFBA...4747.0...Ave likelihood of: cpd00128_c is 0.345670942782297...
Loop145 pFBA...5862.0...Ave likelihood of: cpd00018_c is 0.2797609862126251...
Loop146 pFBA...5862.0...Ave likelihood of: cpd00091_c is 0.2797609862126251...
Loop147 pFBA...3619.0...Ave likelihood of: cpd00092_c is 0.3215839045743107...
Loop148 pFBA...64047.0...Ave likelihood of: cpd00305_c is 0.1219802925629937...
Loop149 pFBA...13956.0...Ave likelihood of: cpd00220_c is 0.27736317093062923...
Loop150 pFBA...14640.0...Ave likelihood of: cpd00218_c is 0.15161154086831974...
Loop151 pFBA...14750.0...Ave likelihood of: cpd00215_c is 0.2275673947308718...
Loop152 pFBA...28679.0...Ave likelihood of: cpd00104_c is 0.18040519416328063...
Loop153 pFBA...36067.0...Ave likelihood of: cpd00393_c is 0.15132972612716072...
Loop154 pFBA...6092.0...Ave likelihood of: cpd00363_c is 0.4333592018624049...
Loop155 pFBA...8588.0...Ave likelihood of: cpd00281_c is 0.20168630432604875...
Loop156 pFBA...4122.0...Ave likelihood of: cpd00025_c is 0.3054908642890852...
Loop157 pFBA...19983.0...Ave likelihood of: cpd00811_c is 0.23822852249784846...
Loop158 pFBA...5969.0...Ave likelihood of: cpd00714_c is 0.3142009120697344...
32.9923042973mins to complete!
