
The following have been reloaded with a version change:
  1) anaconda2/4.4.0 => anaconda2/5.1.0

Loading in models...Adding Water...Remove no-like rxns...Pruned 1 metabolites from model
Pruned 1 reactions from model
Set-up Universal...62.0seconds to complete

Loop0 pFBA...6190.0...Ave likelihood of: cpd00117_c is 0.23093524143557137...
Loop1 pFBA...8232.0...Ave likelihood of: cpd00186_c is 0.12807930088551597...
Loop2 pFBA...22910.0...Ave likelihood of: cpd00637_c is 0.18739459367907974...
Loop3 pFBA...7036.0...Ave likelihood of: cpd00550_c is 0.23330215760628475...
Loop4 pFBA...4745.0...Ave likelihood of: cpd00033_c is 0.18836520044601474...
Loop5 pFBA...6027.0...Ave likelihood of: cpd00035_c is 0.22428804725673623...
Loop6 pFBA...19394.0...Ave likelihood of: cpd00051_c is 0.20494999685195317...
Loop7 pFBA...8881.0...Ave likelihood of: cpd00132_c is 0.1286754182667908...
Loop8 pFBA...6002.0...Ave likelihood of: cpd00041_c is 0.05647202049585932...
Loop9 pFBA...14320.0...Ave likelihood of: cpd00084_c is 0.23971860337833856...
Loop10 pFBA...7999.0...Ave likelihood of: cpd00023_c is 0.00012146805188593685...
Loop11 pFBA...10583.0...Ave likelihood of: cpd00053_c is 0.12851667052880955...
Loop12 pFBA...22792.0...Ave likelihood of: cpd00119_c is 0.11426721785988113...
Loop13 pFBA...18008.0...Ave likelihood of: cpd00322_c is 0.2270968347140979...
Loop14 pFBA...14899.0...Ave likelihood of: cpd00107_c is 0.20022703438312223...
Loop15 pFBA...17690.0...Ave likelihood of: cpd00039_c is 0.2993455942167462...
Loop16 pFBA...21910.0...Ave likelihood of: cpd00060_c is 0.18959923595765715...
Loop17 pFBA...21421.0...Ave likelihood of: cpd00066_c is 0.17726232942646422...
Loop18 pFBA...12000.0...Ave likelihood of: cpd00129_c is 4.0123442719166084e-05...
Loop19 pFBA...6036.0...Ave likelihood of: cpd00054_c is 0.23860447937006396...
Loop20 pFBA...8315.0...Ave likelihood of: cpd00161_c is 0.28504412914555327...
Loop21 pFBA...29955.0...Ave likelihood of: cpd00065_c is 0.11888866993853468...
Loop22 pFBA...19248.0...Ave likelihood of: cpd00069_c is 0.18656660071366976...
Loop23 pFBA...8765.0...Ave likelihood of: cpd00156_c is 0.16441740716830597...
Loop24 pFBA...24929.0...Ave likelihood of: cpd00098_c is 0.1720681876872284...
Loop25 pFBA...16126.0...Ave likelihood of: cpd00274_c is 0.243262575219041...
Loop26 pFBA...7077.0...Ave likelihood of: cpd00226_c is 0.2774093852606514...
Loop27 pFBA...5056.0...Ave likelihood of: cpd00246_c is 0.29692442899252647...
Loop28 pFBA...21202.0...Ave likelihood of: cpd00374_c is 0.15669717424492982...
Loop29 pFBA...4308.0...Ave likelihood of: cpd00221_c is 0.2990568040555336...
Loop30 pFBA...4188.0...Ave likelihood of: cpd00159_c is 0.3343214867459011...
Loop31 pFBA...10485.0...Ave likelihood of: cpd00211_c is 0.2961614265283687...
Loop32 pFBA...4065.0...Ave likelihood of: cpd00047_c is 0.339773459837107...
Loop33 pFBA...5283.0...Ave likelihood of: cpd00106_c is 0.08806654012019896...
Loop34 pFBA...7914.0...Ave likelihood of: cpd00141_c is 0.37763092174253143...
Loop35 pFBA...20743.0...Ave likelihood of: cpd00216_c is 0.19050200247337143...
Loop36 pFBA...5064.0...Ave likelihood of: cpd00036_c is 0.04858760847366136...
Loop37 pFBA...22792.0...Ave likelihood of: cpd00581_c is 0.09705636321282118...
Loop38 pFBA...4994.0...Ave likelihood of: cpd00128_c is 0.0911178639517841...
Loop39 pFBA...6200.0...Ave likelihood of: cpd00018_c is 0.11622178024113411...
Loop40 pFBA...5545.0...Ave likelihood of: cpd00091_c is 0.14342602257423662...
Loop41 pFBA...4057.0...Ave likelihood of: cpd00092_c is 0.24683182453442007...
Loop42 pFBA...63331.0...Ave likelihood of: cpd00305_c is 0.16697914756591717...
Loop43 pFBA...12634.0...Ave likelihood of: cpd00220_c is 0.17233366828288305...
Loop44 pFBA...14711.0...Ave likelihood of: cpd00218_c is 0.13877497861548743...
Loop45 pFBA...14620.0...Ave likelihood of: cpd00215_c is 0.22181739599028333...
Loop46 pFBA...29132.0...Ave likelihood of: cpd00104_c is 0.15520627525782807...
Loop47 pFBA...36564.0...Ave likelihood of: cpd00393_c is 0.17799160825639604...
Loop48 pFBA...6369.0...Ave likelihood of: cpd00363_c is 0.3822675973426828...
Loop49 pFBA...9999.0...Ave likelihood of: cpd00281_c is 8.676289420424061e-05...
Loop50 pFBA...4241.0...Ave likelihood of: cpd00025_c is 0.3162937242547442...
Loop51 pFBA...20962.0...Ave likelihood of: cpd00811_c is 0.20269382512421705...
Loop52 pFBA...6190.0...Ave likelihood of: cpd00117_c is 0.23093524143557137...
Loop53 pFBA...8232.0...Ave likelihood of: cpd00186_c is 0.12807930088551597...
Loop54 pFBA...22969.0...Ave likelihood of: cpd00637_c is 0.1622295858075248...
Loop55 pFBA...7164.0...Ave likelihood of: cpd00550_c is 0.1630076887337468...
Loop56 pFBA...4745.0...Ave likelihood of: cpd00033_c is 0.18836520044601468...
Loop57 pFBA...6027.0...Ave likelihood of: cpd00035_c is 0.22428804725673623...
Loop58 pFBA...19615.0...Ave likelihood of: cpd00051_c is 0.1899762873721774...
Loop59 pFBA...8881.0...Ave likelihood of: cpd00132_c is 0.1286754182667908...
Loop60 pFBA...6002.0...Ave likelihood of: cpd00041_c is 0.05647202049585932...
Loop61 pFBA...14468.0...Ave likelihood of: cpd00084_c is 0.18679415787294296...
Loop62 pFBA...7999.0...Ave likelihood of: cpd00023_c is 0.00012146805188593685...
Loop63 pFBA...10583.0...Ave likelihood of: cpd00053_c is 0.12851667052880955...
Loop64 pFBA...22792.0...Ave likelihood of: cpd00119_c is 0.11427987078195256...
Loop65 pFBA...18028.0...Ave likelihood of: cpd00322_c is 0.1839017846219385...
Loop66 pFBA...14899.0...Ave likelihood of: cpd00107_c is 0.20022703438312223...
Loop67 pFBA...17806.0...Ave likelihood of: cpd00039_c is 0.3104465999545123...
Loop68 pFBA...21969.0...Ave likelihood of: cpd00060_c is 0.16413816916996626...
Loop69 pFBA...22037.0...Ave likelihood of: cpd00066_c is 0.17109948036748635...
Loop70 pFBA...12000.0...Ave likelihood of: cpd00129_c is 4.458160302129565e-05...
Loop71 pFBA...6164.0...Ave likelihood of: cpd00054_c is 0.16729736475305598...
Loop72 pFBA...8465.0...Ave likelihood of: cpd00161_c is 0.2407187688216769...
Loop73 pFBA...29955.0...Ave likelihood of: cpd00065_c is 0.10220655846990433...
Loop74 pFBA...19704.0...Ave likelihood of: cpd00069_c is 0.20137065132886756...
Loop75 pFBA...8765.0...Ave likelihood of: cpd00156_c is 0.16441740716830594...
Loop76 pFBA...25294.0...Ave likelihood of: cpd00098_c is 0.12214349208450005...
Loop77 pFBA...16387.0...Ave likelihood of: cpd00274_c is 0.23411531544585154...
Loop78 pFBA...7077.0...Ave likelihood of: cpd00226_c is 0.2774093852606514...
Loop79 pFBA...5147.0...Ave likelihood of: cpd00246_c is 0.19715461956613312...
Loop80 pFBA...22018.0...Ave likelihood of: cpd00374_c is 0.21155834599912138...
Loop81 pFBA...4746.0...Ave likelihood of: cpd00221_c is 0.30639274919343645...
Loop82 pFBA...4515.0...Ave likelihood of: cpd00159_c is 0.2806731117623359...
Loop83 pFBA...10600.0...Ave likelihood of: cpd00211_c is 0.15809115959932607...
Loop84 pFBA...4245.0...Ave likelihood of: cpd00047_c is 0.3808698733096442...
Loop85 pFBA...5283.0...Ave likelihood of: cpd00106_c is 0.08806654012019896...
Loop86 pFBA...8194.0...Ave likelihood of: cpd00141_c is 0.151208029330794...
Loop87 pFBA...20860.0...Ave likelihood of: cpd00216_c is 0.19196482730453732...
Loop88 pFBA...5064.0...Ave likelihood of: cpd00036_c is 0.04858760847366136...
Loop89 pFBA...22792.0...Ave likelihood of: cpd00581_c is 0.09704551785104566...
Loop90 pFBA...4994.0...Ave likelihood of: cpd00128_c is 0.0911178639517841...
Loop91 pFBA...6200.0...Ave likelihood of: cpd00018_c is 0.11622178024113411...
Loop92 pFBA...5545.0...Ave likelihood of: cpd00091_c is 0.14342602257423662...
Loop93 pFBA...4057.0...Ave likelihood of: cpd00092_c is 0.24683182453442007...
Loop94 pFBA...63487.0...Ave likelihood of: cpd00305_c is 0.1646023604755135...
Loop95 pFBA...12634.0...Ave likelihood of: cpd00220_c is 0.18310452255056323...
Loop96 pFBA...14711.0...Ave likelihood of: cpd00218_c is 0.14097775605382853...
Loop97 pFBA...15213.0...Ave likelihood of: cpd00215_c is 0.19516678268083024...
Loop98 pFBA...29213.0...Ave likelihood of: cpd00104_c is 0.130969070756371...
Loop99 pFBA...36564.0...Ave likelihood of: cpd00393_c is 0.17799160825639604...
Loop100 pFBA...7215.0...Ave likelihood of: cpd00363_c is 0.37414135827496126...
Loop101 pFBA...9999.0...Ave likelihood of: cpd00281_c is 8.676289420424061e-05...
Loop102 pFBA...4368.0...Ave likelihood of: cpd00025_c is 0.2823769850372971...
Loop103 pFBA...21952.0...Ave likelihood of: cpd00811_c is 0.15261581321909154...
Loop104 pFBA...6190.0...Ave likelihood of: cpd00117_c is 0.23093524143557137...
Loop105 pFBA...8232.0...Ave likelihood of: cpd00186_c is 0.12807930088551597...
Loop106 pFBA...22872.0...Ave likelihood of: cpd00637_c is 0.17814991014069545...
Loop107 pFBA...7110.0...Ave likelihood of: cpd00550_c is 0.25643584370568...
Loop108 pFBA...4745.0...Ave likelihood of: cpd00033_c is 0.18836520044601474...
Loop109 pFBA...6027.0...Ave likelihood of: cpd00035_c is 0.22428804725673623...
Loop110 pFBA...19414.0...Ave likelihood of: cpd00051_c is 0.20654714001678406...
Loop111 pFBA...8881.0...Ave likelihood of: cpd00132_c is 0.1286754182667908...
Loop112 pFBA...6002.0...Ave likelihood of: cpd00041_c is 0.05647202049585932...
Loop113 pFBA...14466.0...Ave likelihood of: cpd00084_c is 0.1932951978456594...
Loop114 pFBA...7999.0...Ave likelihood of: cpd00023_c is 0.00012146805188593685...
Loop115 pFBA...10583.0...Ave likelihood of: cpd00053_c is 0.1285006878904035...
Loop116 pFBA...22792.0...Ave likelihood of: cpd00119_c is 0.11426721785988113...
Loop117 pFBA...17977.0...Ave likelihood of: cpd00322_c is 0.2406360580875453...
Loop118 pFBA...14899.0...Ave likelihood of: cpd00107_c is 0.20022703438312223...
Loop119 pFBA...17771.0...Ave likelihood of: cpd00039_c is 0.2659231783027863...
Loop120 pFBA...21872.0...Ave likelihood of: cpd00060_c is 0.18012935358670318...
Loop121 pFBA...21215.0...Ave likelihood of: cpd00066_c is 0.19269946327265217...
Loop122 pFBA...12000.0...Ave likelihood of: cpd00129_c is 4.0123442719166084e-05...
Loop123 pFBA...6110.0...Ave likelihood of: cpd00054_c is 0.2618919254866519...
Loop124 pFBA...8341.0...Ave likelihood of: cpd00161_c is 0.28215883157026955...
Loop125 pFBA...29948.0...Ave likelihood of: cpd00065_c is 0.14113452932392703...
Loop126 pFBA...19103.0...Ave likelihood of: cpd00069_c is 0.1873126309202253...
Loop127 pFBA...8765.0...Ave likelihood of: cpd00156_c is 0.16441740716830594...
Loop128 pFBA...24816.0...Ave likelihood of: cpd00098_c is 0.16376240766010758...
Loop129 pFBA...16386.0...Ave likelihood of: cpd00274_c is 0.2890231497551992...
Loop130 pFBA...7077.0...Ave likelihood of: cpd00226_c is 0.2774093852606514...
Loop131 pFBA...5089.0...Ave likelihood of: cpd00246_c is 0.2636910629502067...
Loop132 pFBA...21026.0...Ave likelihood of: cpd00374_c is 0.17705562791503976...
Loop133 pFBA...4539.0...Ave likelihood of: cpd00221_c is 0.31816938920391485...
Loop134 pFBA...4403.0...Ave likelihood of: cpd00159_c is 0.31126001694744615...
Loop135 pFBA...10470.0...Ave likelihood of: cpd00211_c is 0.30083547333139654...
Loop136 pFBA...4151.0...Ave likelihood of: cpd00047_c is 0.3483701950595969...
Loop137 pFBA...5283.0...Ave likelihood of: cpd00106_c is 0.08806654012019895...
Loop138 pFBA...8115.0...Ave likelihood of: cpd00141_c is 0.23488172806201382...
Loop139 pFBA...20547.0...Ave likelihood of: cpd00216_c is 0.18559722745443755...
Loop140 pFBA...5064.0...Ave likelihood of: cpd00036_c is 0.04858760847366136...
Loop141 pFBA...22792.0...Ave likelihood of: cpd00581_c is 0.09704551785104566...
Loop142 pFBA...4994.0...Ave likelihood of: cpd00128_c is 0.0911178639517841...
Loop143 pFBA...6200.0...Ave likelihood of: cpd00018_c is 0.11622178024113411...
Loop144 pFBA...5545.0...Ave likelihood of: cpd00091_c is 0.14342602257423662...
Loop145 pFBA...4057.0...Ave likelihood of: cpd00092_c is 0.24683182453442007...
Loop146 pFBA...63312.0...Ave likelihood of: cpd00305_c is 0.16253000920445998...
Loop147 pFBA...12634.0...Ave likelihood of: cpd00220_c is 0.1831045225505632...
Loop148 pFBA...14711.0...Ave likelihood of: cpd00218_c is 0.13877497861548743...
Loop149 pFBA...14511.0...Ave likelihood of: cpd00215_c is 0.22334477352197363...
Loop150 pFBA...29144.0...Ave likelihood of: cpd00104_c is 0.13358142899826472...
Loop151 pFBA...36564.0...Ave likelihood of: cpd00393_c is 0.177991608256396...
Loop152 pFBA...6570.0...Ave likelihood of: cpd00363_c is 0.36115268609704476...
Loop153 pFBA...9999.0...Ave likelihood of: cpd00281_c is 8.676289420424061e-05...
Loop154 pFBA...4210.0...Ave likelihood of: cpd00025_c is 0.258004354080264...
Loop155 pFBA...20818.0...Ave likelihood of: cpd00811_c is 0.2102594732782425...
32.2297363798mins to complete!
