
The following have been reloaded with a version change:
  1) anaconda2/4.4.0 => anaconda2/5.1.0

Loading in models...Adding Water...Remove no-like rxns...Pruned 1 metabolites from model
Pruned 1 reactions from model
Set-up Universal...62.0seconds to complete

Loop0 pFBA...5366.0...Ave likelihood of: cpd00117_c is 0.39449235054344106...
Loop1 pFBA...7604.0...Ave likelihood of: cpd00186_c is 0.2326501380290568...
Loop2 pFBA...22418.0...Ave likelihood of: cpd00637_c is 0.17909833783071732...
Loop3 pFBA...6386.0...Ave likelihood of: cpd00550_c is 0.2955199349923097...
Loop4 pFBA...4201.0...Ave likelihood of: cpd00033_c is 0.22610170704751995...
Loop5 pFBA...5239.0...Ave likelihood of: cpd00035_c is 0.39449235054344106...
Loop6 pFBA...18172.0...Ave likelihood of: cpd00051_c is 0.3087240886309803...
Loop7 pFBA...7955.0...Ave likelihood of: cpd00132_c is 0.19135451194130548...
Loop8 pFBA...5457.0...Ave likelihood of: cpd00041_c is 0.20817054949556096...
Loop9 pFBA...13559.0...Ave likelihood of: cpd00084_c is 0.251963920131188...
Loop10 pFBA...7345.0...Ave likelihood of: cpd00023_c is 0.13095173233541754...
Loop11 pFBA...9678.0...Ave likelihood of: cpd00053_c is 0.1652532201161474...
Loop12 pFBA...21733.0...Ave likelihood of: cpd00119_c is 0.15787470538567622...
Loop13 pFBA...17445.0...Ave likelihood of: cpd00322_c is 0.12584675228116543...
Loop14 pFBA...14908.0...Ave likelihood of: cpd00107_c is 0.19206898557806273...
Loop15 pFBA...20521.0...Ave likelihood of: cpd00039_c is 0.17340611788132243...
Loop16 pFBA...21418.0...Ave likelihood of: cpd00060_c is 0.18096394551645398...
Loop17 pFBA...20686.0...Ave likelihood of: cpd00066_c is 0.24951801683231814...
Loop18 pFBA...10609.0...Ave likelihood of: cpd00129_c is 0.13905853424544995...
Loop19 pFBA...5386.0...Ave likelihood of: cpd00054_c is 0.3002863855567018...
Loop20 pFBA...7857.0...Ave likelihood of: cpd00161_c is 0.328115039342528...
Loop21 pFBA...28550.0...Ave likelihood of: cpd00065_c is 0.17832417604537035...
Loop22 pFBA...18553.0...Ave likelihood of: cpd00069_c is 0.253578813181217...
Loop23 pFBA...8732.0...Ave likelihood of: cpd00156_c is 0.21586869004016085...
Loop24 pFBA...23955.0...Ave likelihood of: cpd00098_c is 0.2243715578778863...
Loop25 pFBA...14854.0...Ave likelihood of: cpd00274_c is 0.35099961150920395...
Loop26 pFBA...6122.0...Ave likelihood of: cpd00226_c is 0.3794544527684782...
Loop27 pFBA...4581.0...Ave likelihood of: cpd00246_c is 0.39955620123818925...
Loop28 pFBA...20397.0...Ave likelihood of: cpd00374_c is 0.2330536563237097...
Loop29 pFBA...4152.0...Ave likelihood of: cpd00221_c is 0.3385084559707981...
Loop30 pFBA...3974.0...Ave likelihood of: cpd00159_c is 0.41651968808991396...
Loop31 pFBA...10141.0...Ave likelihood of: cpd00211_c is 0.2478734330699817...
Loop32 pFBA...3964.0...Ave likelihood of: cpd00047_c is 0.3112352285514162...
Loop33 pFBA...5240.0...Ave likelihood of: cpd00106_c is 0.16388780836563796...
Loop34 pFBA...7654.0...Ave likelihood of: cpd00141_c is 0.3333080286058524...
Loop35 pFBA...19783.0...Ave likelihood of: cpd00216_c is 0.24233367297449368...
Loop36 pFBA...5011.0...Ave likelihood of: cpd00036_c is 0.08007270079403203...
Loop37 pFBA...22368.0...Ave likelihood of: cpd00581_c is 0.13844389749118163...
Loop38 pFBA...4436.0...Ave likelihood of: cpd00128_c is 0.2262134502807637...
Loop39 pFBA...6002.0...Ave likelihood of: cpd00018_c is 0.31534249676361237...
Loop40 pFBA...5188.0...Ave likelihood of: cpd00091_c is 0.4089539665769106...
Loop41 pFBA...3566.0...Ave likelihood of: cpd00092_c is 0.3748255589521728...
Loop42 pFBA...62612.0...Ave likelihood of: cpd00305_c is 0.17384921562048805...
Loop43 pFBA...12629.0...Ave likelihood of: cpd00220_c is 0.2223836265558454...
Loop44 pFBA...14654.0...Ave likelihood of: cpd00218_c is 0.1663892891738182...
Loop45 pFBA...14441.0...Ave likelihood of: cpd00215_c is 0.2724348190065339...
Loop46 pFBA...28435.0...Ave likelihood of: cpd00104_c is 0.1878836900053408...
Loop47 pFBA...36420.0...Ave likelihood of: cpd00393_c is 0.15395323221162185...
Loop48 pFBA...6022.0...Ave likelihood of: cpd00363_c is 0.4188468315933482...
Loop49 pFBA...9221.0...Ave likelihood of: cpd00281_c is 0.11130901159253458...
Loop50 pFBA...4106.0...Ave likelihood of: cpd00025_c is 0.24408347566915795...
Loop51 pFBA...20228.0...Ave likelihood of: cpd00811_c is 0.22542723785895533...
Loop52 pFBA...5366.0...Ave likelihood of: cpd00117_c is 0.39449235054344106...
Loop53 pFBA...7604.0...Ave likelihood of: cpd00186_c is 0.2326501380290568...
Loop54 pFBA...22479.0...Ave likelihood of: cpd00637_c is 0.12137948818494086...
Loop55 pFBA...6426.0...Ave likelihood of: cpd00550_c is 0.38020754366017157...
Loop56 pFBA...4201.0...Ave likelihood of: cpd00033_c is 0.22610170704751995...
Loop57 pFBA...5239.0...Ave likelihood of: cpd00035_c is 0.39449235054344106...
Loop58 pFBA...18552.0...Ave likelihood of: cpd00051_c is 0.3078527637709393...
Loop59 pFBA...7955.0...Ave likelihood of: cpd00132_c is 0.19135451194130548...
Loop60 pFBA...5457.0...Ave likelihood of: cpd00041_c is 0.17442608771093876...
Loop61 pFBA...13755.0...Ave likelihood of: cpd00084_c is 0.25239481847637835...
Loop62 pFBA...7345.0...Ave likelihood of: cpd00023_c is 0.13095173233541754...
Loop63 pFBA...9678.0...Ave likelihood of: cpd00053_c is 0.1652333930150016...
Loop64 pFBA...21733.0...Ave likelihood of: cpd00119_c is 0.15787470538567622...
Loop65 pFBA...17445.0...Ave likelihood of: cpd00322_c is 0.12584675228116543...
Loop66 pFBA...14908.0...Ave likelihood of: cpd00107_c is 0.19206898557806273...
Loop67 pFBA...21005.0...Ave likelihood of: cpd00039_c is 0.21915133913299564...
Loop68 pFBA...21479.0...Ave likelihood of: cpd00060_c is 0.12137948818494086...
Loop69 pFBA...21400.0...Ave likelihood of: cpd00066_c is 0.28002995439524236...
Loop70 pFBA...10609.0...Ave likelihood of: cpd00129_c is 0.15450948249494437...
Loop71 pFBA...5426.0...Ave likelihood of: cpd00054_c is 0.40555471323751635...
Loop72 pFBA...7971.0...Ave likelihood of: cpd00161_c is 0.2421202965360381...
Loop73 pFBA...28550.0...Ave likelihood of: cpd00065_c is 0.1807916723742889...
Loop74 pFBA...19011.0...Ave likelihood of: cpd00069_c is 0.2829589534252082...
Loop75 pFBA...8732.0...Ave likelihood of: cpd00156_c is 0.21586869004016085...
Loop76 pFBA...24334.0...Ave likelihood of: cpd00098_c is 0.23789597919474503...
Loop77 pFBA...15260.0...Ave likelihood of: cpd00274_c is 0.212951736291524...
Loop78 pFBA...6122.0...Ave likelihood of: cpd00226_c is 0.3794544527684782...
Loop79 pFBA...4822.0...Ave likelihood of: cpd00246_c is 0.3577586139203004...
Loop80 pFBA...21121.0...Ave likelihood of: cpd00374_c is 0.27298655619654794...
Loop81 pFBA...4297.0...Ave likelihood of: cpd00221_c is 0.2965001069320026...
Loop82 pFBA...4136.0...Ave likelihood of: cpd00159_c is 0.3146691817770016...
Loop83 pFBA...10167.0...Ave likelihood of: cpd00211_c is 0.1340768839511223...
Loop84 pFBA...4087.0...Ave likelihood of: cpd00047_c is 0.4198257149295708...
Loop85 pFBA...5240.0...Ave likelihood of: cpd00106_c is 0.16388780836563796...
Loop86 pFBA...7796.0...Ave likelihood of: cpd00141_c is 0.19478105094603812...
Loop87 pFBA...20437.0...Ave likelihood of: cpd00216_c is 0.24189078337498152...
Loop88 pFBA...5011.0...Ave likelihood of: cpd00036_c is 0.08007270079403203...
Loop89 pFBA...22368.0...Ave likelihood of: cpd00581_c is 0.13529744527547297...
Loop90 pFBA...4436.0...Ave likelihood of: cpd00128_c is 0.2262134502807637...
Loop91 pFBA...6002.0...Ave likelihood of: cpd00018_c is 0.31534249676361237...
Loop92 pFBA...5188.0...Ave likelihood of: cpd00091_c is 0.4089539665769106...
Loop93 pFBA...3566.0...Ave likelihood of: cpd00092_c is 0.3748255589521728...
Loop94 pFBA...62689.0...Ave likelihood of: cpd00305_c is 0.1710418518743358...
Loop95 pFBA...12629.0...Ave likelihood of: cpd00220_c is 0.21682403589194926...
Loop96 pFBA...14807.0...Ave likelihood of: cpd00218_c is 0.1724283758474897...
Loop97 pFBA...14733.0...Ave likelihood of: cpd00215_c is 0.33715763518304603...
Loop98 pFBA...28522.0...Ave likelihood of: cpd00104_c is 0.1465076412548018...
Loop99 pFBA...36425.0...Ave likelihood of: cpd00393_c is 0.16794453963219375...
Loop100 pFBA...6453.0...Ave likelihood of: cpd00363_c is 0.4670080040564002...
Loop101 pFBA...9221.0...Ave likelihood of: cpd00281_c is 0.11130901159253458...
Loop102 pFBA...4227.0...Ave likelihood of: cpd00025_c is 0.3663759821206415...
Loop103 pFBA...20993.0...Ave likelihood of: cpd00811_c is 0.2822841902095948...
Loop104 pFBA...5366.0...Ave likelihood of: cpd00117_c is 0.39449235054344106...
Loop105 pFBA...7604.0...Ave likelihood of: cpd00186_c is 0.2326501380290568...
Loop106 pFBA...22452.0...Ave likelihood of: cpd00637_c is 0.1732605320522363...
Loop107 pFBA...6415.0...Ave likelihood of: cpd00550_c is 0.29483667963365806...
Loop108 pFBA...4201.0...Ave likelihood of: cpd00033_c is 0.22610170704752...
Loop109 pFBA...5239.0...Ave likelihood of: cpd00035_c is 0.39449235054344106...
Loop110 pFBA...18256.0...Ave likelihood of: cpd00051_c is 0.29891319147915935...
Loop111 pFBA...7955.0...Ave likelihood of: cpd00132_c is 0.19135451194130548...
Loop112 pFBA...5457.0...Ave likelihood of: cpd00041_c is 0.17442608771093876...
Loop113 pFBA...13696.0...Ave likelihood of: cpd00084_c is 0.31412321634900653...
Loop114 pFBA...7345.0...Ave likelihood of: cpd00023_c is 0.13095173233541754...
Loop115 pFBA...9678.0...Ave likelihood of: cpd00053_c is 0.1652333930150016...
Loop116 pFBA...21733.0...Ave likelihood of: cpd00119_c is 0.15787470538567622...
Loop117 pFBA...17445.0...Ave likelihood of: cpd00322_c is 0.12584675228116543...
Loop118 pFBA...14908.0...Ave likelihood of: cpd00107_c is 0.19206898557806273...
Loop119 pFBA...20671.0...Ave likelihood of: cpd00039_c is 0.19082458803286936...
Loop120 pFBA...21452.0...Ave likelihood of: cpd00060_c is 0.17702706535771967...
Loop121 pFBA...20799.0...Ave likelihood of: cpd00066_c is 0.267880966650534...
Loop122 pFBA...10609.0...Ave likelihood of: cpd00129_c is 0.15450948249494437...
Loop123 pFBA...5415.0...Ave likelihood of: cpd00054_c is 0.30124617266917236...
Loop124 pFBA...7851.0...Ave likelihood of: cpd00161_c is 0.3287577107897415...
Loop125 pFBA...28550.0...Ave likelihood of: cpd00065_c is 0.18079167237428886...
Loop126 pFBA...18598.0...Ave likelihood of: cpd00069_c is 0.2563645330586773...
Loop127 pFBA...8732.0...Ave likelihood of: cpd00156_c is 0.21586869004016085...
Loop128 pFBA...23952.0...Ave likelihood of: cpd00098_c is 0.1848853293272703...
Loop129 pFBA...15000.0...Ave likelihood of: cpd00274_c is 0.33732771053203253...
Loop130 pFBA...6122.0...Ave likelihood of: cpd00226_c is 0.3794544527684782...
Loop131 pFBA...4605.0...Ave likelihood of: cpd00246_c is 0.3869809989829534...
Loop132 pFBA...20511.0...Ave likelihood of: cpd00374_c is 0.2738157552027535...
Loop133 pFBA...4276.0...Ave likelihood of: cpd00221_c is 0.3489309424417623...
Loop134 pFBA...4095.0...Ave likelihood of: cpd00159_c is 0.3335689113182008...
Loop135 pFBA...10138.0...Ave likelihood of: cpd00211_c is 0.2485161045171952...
Loop136 pFBA...4053.0...Ave likelihood of: cpd00047_c is 0.2918899842638196...
Loop137 pFBA...5240.0...Ave likelihood of: cpd00106_c is 0.13875770511429092...
Loop138 pFBA...7770.0...Ave likelihood of: cpd00141_c is 0.2447309397426497...
Loop139 pFBA...19967.0...Ave likelihood of: cpd00216_c is 0.22292801944715734...
Loop140 pFBA...5011.0...Ave likelihood of: cpd00036_c is 0.08007270079403203...
Loop141 pFBA...22368.0...Ave likelihood of: cpd00581_c is 0.13844389749118163...
Loop142 pFBA...4436.0...Ave likelihood of: cpd00128_c is 0.2262134502807637...
Loop143 pFBA...6002.0...Ave likelihood of: cpd00018_c is 0.31534249676361237...
Loop144 pFBA...5188.0...Ave likelihood of: cpd00091_c is 0.4089539665769106...
Loop145 pFBA...3566.0...Ave likelihood of: cpd00092_c is 0.3748255589521728...
Loop146 pFBA...62608.0...Ave likelihood of: cpd00305_c is 0.17411608766212755...
Loop147 pFBA...12624.0...Ave likelihood of: cpd00220_c is 0.27229585985898963...
Loop148 pFBA...14740.0...Ave likelihood of: cpd00218_c is 0.18042811082067853...
Loop149 pFBA...14431.0...Ave likelihood of: cpd00215_c is 0.2732028897605207...
Loop150 pFBA...28425.0...Ave likelihood of: cpd00104_c is 0.19026339468206996...
Loop151 pFBA...36418.0...Ave likelihood of: cpd00393_c is 0.15445308778167682...
Loop152 pFBA...6029.0...Ave likelihood of: cpd00363_c is 0.44594509167365004...
Loop153 pFBA...9221.0...Ave likelihood of: cpd00281_c is 0.11130901159253458...
Loop154 pFBA...4142.0...Ave likelihood of: cpd00025_c is 0.3269170958264452...
Loop155 pFBA...20253.0...Ave likelihood of: cpd00811_c is 0.20499254987732374...
32.3498320659mins to complete!
