
The following have been reloaded with a version change:
  1) anaconda2/4.4.0 => anaconda2/5.1.0

Loading in models...Adding Water...Remove no-like rxns...Pruned 1 metabolites from model
Pruned 1 reactions from model
Set-up Universal...62.0seconds to complete

Loop0 pFBA...5554.0...Ave likelihood of: cpd00117_c is 0.27974008524768706...
Loop1 pFBA...7595.0...Ave likelihood of: cpd00186_c is 0.23412285779259912...
Loop2 pFBA...22437.0...Ave likelihood of: cpd00637_c is 0.19031288673075786...
Loop3 pFBA...6483.0...Ave likelihood of: cpd00550_c is 0.3000077986727833...
Loop4 pFBA...4246.0...Ave likelihood of: cpd00033_c is 0.20625602967588536...
Loop5 pFBA...5427.0...Ave likelihood of: cpd00035_c is 0.27974008524768706...
Loop6 pFBA...18691.0...Ave likelihood of: cpd00051_c is 0.21551009645299934...
Loop7 pFBA...8290.0...Ave likelihood of: cpd00132_c is 0.16827527888630556...
Loop8 pFBA...5639.0...Ave likelihood of: cpd00041_c is 0.1038983829178228...
Loop9 pFBA...13704.0...Ave likelihood of: cpd00084_c is 0.208645549016407...
Loop10 pFBA...7363.0...Ave likelihood of: cpd00023_c is 0.12736352019834202...
Loop11 pFBA...9948.0...Ave likelihood of: cpd00053_c is 0.14484292260623283...
Loop12 pFBA...22155.0...Ave likelihood of: cpd00119_c is 0.10834660227576405...
Loop13 pFBA...17478.0...Ave likelihood of: cpd00322_c is 0.2532383321763388...
Loop14 pFBA...14723.0...Ave likelihood of: cpd00107_c is 0.25454622938838223...
Loop15 pFBA...17054.0...Ave likelihood of: cpd00039_c is 0.31091068542346795...
Loop16 pFBA...21437.0...Ave likelihood of: cpd00060_c is 0.19245123377267648...
Loop17 pFBA...21240.0...Ave likelihood of: cpd00066_c is 0.22999131968806355...
Loop18 pFBA...11363.0...Ave likelihood of: cpd00129_c is 0.07074139976310417...
Loop19 pFBA...5483.0...Ave likelihood of: cpd00054_c is 0.3000077986727833...
Loop20 pFBA...7762.0...Ave likelihood of: cpd00161_c is 0.30001732181133783...
Loop21 pFBA...29612.0...Ave likelihood of: cpd00065_c is 0.1255528078989348...
Loop22 pFBA...19020.0...Ave likelihood of: cpd00069_c is 0.2221225362428497...
Loop23 pFBA...8580.0...Ave likelihood of: cpd00156_c is 0.24240881945615272...
Loop24 pFBA...24295.0...Ave likelihood of: cpd00098_c is 0.1914210549271583...
Loop25 pFBA...15461.0...Ave likelihood of: cpd00274_c is 0.25647535185149994...
Loop26 pFBA...6655.0...Ave likelihood of: cpd00226_c is 0.3794330447967269...
Loop27 pFBA...4652.0...Ave likelihood of: cpd00246_c is 0.3489663499898477...
Loop28 pFBA...20930.0...Ave likelihood of: cpd00374_c is 0.2250566896357719...
Loop29 pFBA...4281.0...Ave likelihood of: cpd00221_c is 0.3226174210327795...
Loop30 pFBA...4132.0...Ave likelihood of: cpd00159_c is 0.3749391292447175...
Loop31 pFBA...10209.0...Ave likelihood of: cpd00211_c is 0.29081521754131995...
Loop32 pFBA...4016.0...Ave likelihood of: cpd00047_c is 0.3645222696670005...
Loop33 pFBA...5279.0...Ave likelihood of: cpd00106_c is 0.08834001135537212...
Loop34 pFBA...7791.0...Ave likelihood of: cpd00141_c is 0.3045995768382391...
Loop35 pFBA...20288.0...Ave likelihood of: cpd00216_c is 0.17701983093215326...
Loop36 pFBA...5015.0...Ave likelihood of: cpd00036_c is 0.08207322687001273...
Loop37 pFBA...22767.0...Ave likelihood of: cpd00581_c is 0.12382213164631894...
Loop38 pFBA...4901.0...Ave likelihood of: cpd00128_c is 0.14159114525609398...
Loop39 pFBA...6080.0...Ave likelihood of: cpd00018_c is 0.3008481667152831...
Loop40 pFBA...5437.0...Ave likelihood of: cpd00091_c is 0.34371184599542826...
Loop41 pFBA...3939.0...Ave likelihood of: cpd00092_c is 0.19016267507709936...
Loop42 pFBA...63009.0...Ave likelihood of: cpd00305_c is 0.1629570243891531...
Loop43 pFBA...12372.0...Ave likelihood of: cpd00220_c is 0.18769671856681075...
Loop44 pFBA...14699.0...Ave likelihood of: cpd00218_c is 0.14022557105624256...
Loop45 pFBA...14595.0...Ave likelihood of: cpd00215_c is 0.21793802445512728...
Loop46 pFBA...28824.0...Ave likelihood of: cpd00104_c is 0.16690524775261661...
Loop47 pFBA...36586.0...Ave likelihood of: cpd00393_c is 0.21448804591148102...
Loop48 pFBA...6281.0...Ave likelihood of: cpd00363_c is 0.4021079425108207...
Loop49 pFBA...9363.0...Ave likelihood of: cpd00281_c is 0.09097394299881571...
Loop50 pFBA...4164.0...Ave likelihood of: cpd00025_c is 0.23911874493861685...
Loop51 pFBA...20340.0...Ave likelihood of: cpd00811_c is 0.22430446697154757...
Loop52 pFBA...5554.0...Ave likelihood of: cpd00117_c is 0.27974008524768706...
Loop53 pFBA...7595.0...Ave likelihood of: cpd00186_c is 0.23412285779259912...
Loop54 pFBA...22522.0...Ave likelihood of: cpd00637_c is 0.1838639541866112...
Loop55 pFBA...6542.0...Ave likelihood of: cpd00550_c is 0.29985091900043787...
Loop56 pFBA...4246.0...Ave likelihood of: cpd00033_c is 0.20625602967588536...
Loop57 pFBA...5427.0...Ave likelihood of: cpd00035_c is 0.27974008524768706...
Loop58 pFBA...18908.0...Ave likelihood of: cpd00051_c is 0.2203496174169052...
Loop59 pFBA...8290.0...Ave likelihood of: cpd00132_c is 0.16827527888630556...
Loop60 pFBA...5639.0...Ave likelihood of: cpd00041_c is 0.1001877263850434...
Loop61 pFBA...13957.0...Ave likelihood of: cpd00084_c is 0.20941846689815338...
Loop62 pFBA...7363.0...Ave likelihood of: cpd00023_c is 0.12736352019834202...
Loop63 pFBA...9948.0...Ave likelihood of: cpd00053_c is 0.14484292260623283...
Loop64 pFBA...22155.0...Ave likelihood of: cpd00119_c is 0.10834660227576405...
Loop65 pFBA...17527.0...Ave likelihood of: cpd00322_c is 0.20210564581559373...
Loop66 pFBA...14723.0...Ave likelihood of: cpd00107_c is 0.25454622938838223...
Loop67 pFBA...17166.0...Ave likelihood of: cpd00039_c is 0.32249925518084893...
Loop68 pFBA...21522.0...Ave likelihood of: cpd00060_c is 0.18605281078407085...
Loop69 pFBA...21815.0...Ave likelihood of: cpd00066_c is 0.16011722323862448...
Loop70 pFBA...11363.0...Ave likelihood of: cpd00129_c is 0.06366725978679375...
Loop71 pFBA...5542.0...Ave likelihood of: cpd00054_c is 0.3229163743081639...
Loop72 pFBA...7856.0...Ave likelihood of: cpd00161_c is 0.23449779833941067...
Loop73 pFBA...29612.0...Ave likelihood of: cpd00065_c is 0.1255528078989348...
Loop74 pFBA...19432.0...Ave likelihood of: cpd00069_c is 0.21000860911178298...
Loop75 pFBA...8580.0...Ave likelihood of: cpd00156_c is 0.24240881945615272...
Loop76 pFBA...24651.0...Ave likelihood of: cpd00098_c is 0.12276730904482643...
Loop77 pFBA...15722.0...Ave likelihood of: cpd00274_c is 0.26130006229248925...
Loop78 pFBA...6655.0...Ave likelihood of: cpd00226_c is 0.3794330447967269...
Loop79 pFBA...4935.0...Ave likelihood of: cpd00246_c is 0.22654143019642978...
Loop80 pFBA...21650.0...Ave likelihood of: cpd00374_c is 0.21100262688087032...
Loop81 pFBA...4490.0...Ave likelihood of: cpd00221_c is 0.2844086879927912...
Loop82 pFBA...4303.0...Ave likelihood of: cpd00159_c is 0.3605191076844112...
Loop83 pFBA...10302.0...Ave likelihood of: cpd00211_c is 0.15973641563340324...
Loop84 pFBA...4176.0...Ave likelihood of: cpd00047_c is 0.2524745188640329...
Loop85 pFBA...5279.0...Ave likelihood of: cpd00106_c is 0.08834001135537212...
Loop86 pFBA...7937.0...Ave likelihood of: cpd00141_c is 0.1846110725231794...
Loop87 pFBA...20677.0...Ave likelihood of: cpd00216_c is 0.21305115136052485...
Loop88 pFBA...5015.0...Ave likelihood of: cpd00036_c is 0.08207322687001273...
Loop89 pFBA...22767.0...Ave likelihood of: cpd00581_c is 0.12382213164631894...
Loop90 pFBA...4901.0...Ave likelihood of: cpd00128_c is 0.14159114525609398...
Loop91 pFBA...6080.0...Ave likelihood of: cpd00018_c is 0.3008481667152831...
Loop92 pFBA...5437.0...Ave likelihood of: cpd00091_c is 0.34371184599542826...
Loop93 pFBA...3939.0...Ave likelihood of: cpd00092_c is 0.19016267507709936...
Loop94 pFBA...63011.0...Ave likelihood of: cpd00305_c is 0.16659776956062847...
Loop95 pFBA...12372.0...Ave likelihood of: cpd00220_c is 0.18769671856681075...
Loop96 pFBA...14699.0...Ave likelihood of: cpd00218_c is 0.14022557105624256...
Loop97 pFBA...15179.0...Ave likelihood of: cpd00215_c is 0.20603475328867962...
Loop98 pFBA...28869.0...Ave likelihood of: cpd00104_c is 0.13907085114579998...
Loop99 pFBA...36586.0...Ave likelihood of: cpd00393_c is 0.21448804591148102...
Loop100 pFBA...6678.0...Ave likelihood of: cpd00363_c is 0.30372185927640283...
Loop101 pFBA...9363.0...Ave likelihood of: cpd00281_c is 0.09097394299881571...
Loop102 pFBA...4289.0...Ave likelihood of: cpd00025_c is 0.2907503584606947...
Loop103 pFBA...21304.0...Ave likelihood of: cpd00811_c is 0.1852286199724554...
Loop104 pFBA...5554.0...Ave likelihood of: cpd00117_c is 0.27974008524768706...
Loop105 pFBA...7595.0...Ave likelihood of: cpd00186_c is 0.23412285779259912...
Loop106 pFBA...22372.0...Ave likelihood of: cpd00637_c is 0.197511888539161...
Loop107 pFBA...6531.0...Ave likelihood of: cpd00550_c is 0.26439859458230486...
Loop108 pFBA...4246.0...Ave likelihood of: cpd00033_c is 0.20625602967588536...
Loop109 pFBA...5427.0...Ave likelihood of: cpd00035_c is 0.27974008524768706...
Loop110 pFBA...18708.0...Ave likelihood of: cpd00051_c is 0.2242321612553921...
Loop111 pFBA...8290.0...Ave likelihood of: cpd00132_c is 0.16827527888630556...
Loop112 pFBA...5639.0...Ave likelihood of: cpd00041_c is 0.1038983829178228...
Loop113 pFBA...13921.0...Ave likelihood of: cpd00084_c is 0.19839120536501492...
Loop114 pFBA...7363.0...Ave likelihood of: cpd00023_c is 0.12736352019834202...
Loop115 pFBA...9948.0...Ave likelihood of: cpd00053_c is 0.14482737388357406...
Loop116 pFBA...22155.0...Ave likelihood of: cpd00119_c is 0.10834660227576405...
Loop117 pFBA...17454.0...Ave likelihood of: cpd00322_c is 0.25593797562559034...
Loop118 pFBA...14723.0...Ave likelihood of: cpd00107_c is 0.25454622938838223...
Loop119 pFBA...17129.0...Ave likelihood of: cpd00039_c is 0.27255112329918807...
Loop120 pFBA...21372.0...Ave likelihood of: cpd00060_c is 0.1998085384058954...
Loop121 pFBA...21116.0...Ave likelihood of: cpd00066_c is 0.2345662919490186...
Loop122 pFBA...11363.0...Ave likelihood of: cpd00129_c is 0.06366725978679375...
Loop123 pFBA...5531.0...Ave likelihood of: cpd00054_c is 0.2795070857012937...
Loop124 pFBA...7776.0...Ave likelihood of: cpd00161_c is 0.29106861599191025...
Loop125 pFBA...29612.0...Ave likelihood of: cpd00065_c is 0.12280117670756811...
Loop126 pFBA...18906.0...Ave likelihood of: cpd00069_c is 0.2165492649617471...
Loop127 pFBA...8580.0...Ave likelihood of: cpd00156_c is 0.24240881945615272...
Loop128 pFBA...24183.0...Ave likelihood of: cpd00098_c is 0.20319413145864043...
Loop129 pFBA...15721.0...Ave likelihood of: cpd00274_c is 0.30438970662448483...
Loop130 pFBA...6655.0...Ave likelihood of: cpd00226_c is 0.3794330447967269...
Loop131 pFBA...4618.0...Ave likelihood of: cpd00246_c is 0.2806438538030604...
Loop132 pFBA...20804.0...Ave likelihood of: cpd00374_c is 0.20153401095845883...
Loop133 pFBA...4425.0...Ave likelihood of: cpd00221_c is 0.2931060874008866...
Loop134 pFBA...4259.0...Ave likelihood of: cpd00159_c is 0.3009364770039111...
Loop135 pFBA...10186.0...Ave likelihood of: cpd00211_c is 0.2951501845352155...
Loop136 pFBA...4101.0...Ave likelihood of: cpd00047_c is 0.36564757639635936...
Loop137 pFBA...5279.0...Ave likelihood of: cpd00106_c is 0.08834001135537212...
Loop138 pFBA...7936.0...Ave likelihood of: cpd00141_c is 0.23297489816445346...
Loop139 pFBA...20081.0...Ave likelihood of: cpd00216_c is 0.17594087340060993...
Loop140 pFBA...5015.0...Ave likelihood of: cpd00036_c is 0.08207322687001273...
Loop141 pFBA...22767.0...Ave likelihood of: cpd00581_c is 0.12382213164631894...
Loop142 pFBA...4901.0...Ave likelihood of: cpd00128_c is 0.14159114525609398...
Loop143 pFBA...6080.0...Ave likelihood of: cpd00018_c is 0.3008481667152831...
Loop144 pFBA...5437.0...Ave likelihood of: cpd00091_c is 0.34371184599542826...
Loop145 pFBA...3939.0...Ave likelihood of: cpd00092_c is 0.19016267507709936...
Loop146 pFBA...63002.0...Ave likelihood of: cpd00305_c is 0.16163105249663293...
Loop147 pFBA...12372.0...Ave likelihood of: cpd00220_c is 0.19907227726782958...
Loop148 pFBA...14699.0...Ave likelihood of: cpd00218_c is 0.14245137377142103...
Loop149 pFBA...14492.0...Ave likelihood of: cpd00215_c is 0.22464089079094507...
Loop150 pFBA...28849.0...Ave likelihood of: cpd00104_c is 0.17061970679280636...
Loop151 pFBA...36586.0...Ave likelihood of: cpd00393_c is 0.21448804591148102...
Loop152 pFBA...6315.0...Ave likelihood of: cpd00363_c is 0.42157513532915575...
Loop153 pFBA...9363.0...Ave likelihood of: cpd00281_c is 0.09097394299881571...
Loop154 pFBA...4135.0...Ave likelihood of: cpd00025_c is 0.34409785294145995...
Loop155 pFBA...20196.0...Ave likelihood of: cpd00811_c is 0.22598654027335324...
32.2604848345mins to complete!
