
The following have been reloaded with a version change:
  1) anaconda2/4.4.0 => anaconda2/5.1.0

Loading in models...Adding Water...Remove no-like rxns...Pruned 1 metabolites from model
Pruned 1 reactions from model
Set-up Universal...58.0seconds to complete

Loop0 pFBA...5524.0...Ave likelihood of: cpd00117_c is 0.40076680121560876...
Loop1 pFBA...7585.0...Ave likelihood of: cpd00186_c is 0.23582548291865502...
Loop2 pFBA...22500.0...Ave likelihood of: cpd00637_c is 0.18490104819536213...
Loop3 pFBA...6517.0...Ave likelihood of: cpd00550_c is 0.2540815276164574...
Loop4 pFBA...4233.0...Ave likelihood of: cpd00033_c is 0.24276726424112588...
Loop5 pFBA...5400.0...Ave likelihood of: cpd00035_c is 0.40076680121560876...
Loop6 pFBA...18754.0...Ave likelihood of: cpd00051_c is 0.20474916960662842...
Loop7 pFBA...8324.0...Ave likelihood of: cpd00132_c is 0.09085940421758797...
Loop8 pFBA...5650.0...Ave likelihood of: cpd00041_c is 0.07700842390026731...
Loop9 pFBA...13766.0...Ave likelihood of: cpd00084_c is 0.24276612951698712...
Loop10 pFBA...7356.0...Ave likelihood of: cpd00023_c is 0.12887842695386836...
Loop11 pFBA...9954.0...Ave likelihood of: cpd00053_c is 0.1016463236813438...
Loop12 pFBA...22363.0...Ave likelihood of: cpd00119_c is 0.13008892897001212...
Loop13 pFBA...17329.0...Ave likelihood of: cpd00322_c is 0.24564974941983334...
Loop14 pFBA...14179.0...Ave likelihood of: cpd00107_c is 0.2515920485057848...
Loop15 pFBA...17394.0...Ave likelihood of: cpd00039_c is 0.2836711879164912...
Loop16 pFBA...21500.0...Ave likelihood of: cpd00060_c is 0.18695550428642171...
Loop17 pFBA...21256.0...Ave likelihood of: cpd00066_c is 0.17373340555675565...
Loop18 pFBA...10579.0...Ave likelihood of: cpd00129_c is 0.14212065326903095...
Loop19 pFBA...5517.0...Ave likelihood of: cpd00054_c is 0.25408152761645747...
Loop20 pFBA...7753.0...Ave likelihood of: cpd00161_c is 0.3011505511321478...
Loop21 pFBA...29651.0...Ave likelihood of: cpd00065_c is 0.12147772421392647...
Loop22 pFBA...19128.0...Ave likelihood of: cpd00069_c is 0.20761968021173327...
Loop23 pFBA...8078.0...Ave likelihood of: cpd00156_c is 0.16416646623370287...
Loop24 pFBA...24267.0...Ave likelihood of: cpd00098_c is 0.19155372071416266...
Loop25 pFBA...15653.0...Ave likelihood of: cpd00274_c is 0.24731771540502173...
Loop26 pFBA...6718.0...Ave likelihood of: cpd00226_c is 0.28802473750763513...
Loop27 pFBA...4632.0...Ave likelihood of: cpd00246_c is 0.2791041971091316...
Loop28 pFBA...21025.0...Ave likelihood of: cpd00374_c is 0.19389801156465206...
Loop29 pFBA...4397.0...Ave likelihood of: cpd00221_c is 0.2892220899388362...
Loop30 pFBA...4215.0...Ave likelihood of: cpd00159_c is 0.33625564615341985...
Loop31 pFBA...10526.0...Ave likelihood of: cpd00211_c is 0.24915679499206023...
Loop32 pFBA...4053.0...Ave likelihood of: cpd00047_c is 0.3617046584326823...
Loop33 pFBA...5307.0...Ave likelihood of: cpd00106_c is 0.05230334484722175...
Loop34 pFBA...7859.0...Ave likelihood of: cpd00141_c is 0.21862293783081274...
Loop35 pFBA...20274.0...Ave likelihood of: cpd00216_c is 0.16319077130698564...
Loop36 pFBA...5017.0...Ave likelihood of: cpd00036_c is 0.08218310427561715...
Loop37 pFBA...22940.0...Ave likelihood of: cpd00581_c is 0.10243232747232511...
Loop38 pFBA...4910.0...Ave likelihood of: cpd00128_c is 0.1383960486069157...
Loop39 pFBA...6080.0...Ave likelihood of: cpd00018_c is 0.12721698003903348...
Loop40 pFBA...5430.0...Ave likelihood of: cpd00091_c is 0.1513230306931769...
Loop41 pFBA...3924.0...Ave likelihood of: cpd00092_c is 0.19195802080631033...
Loop42 pFBA...63462.0...Ave likelihood of: cpd00305_c is 0.12815188303641215...
Loop43 pFBA...13695.0...Ave likelihood of: cpd00220_c is 0.1042908790374364...
Loop44 pFBA...14694.0...Ave likelihood of: cpd00218_c is 0.11682551777823907...
Loop45 pFBA...14712.0...Ave likelihood of: cpd00215_c is 0.20782720137859795...
Loop46 pFBA...28974.0...Ave likelihood of: cpd00104_c is 0.14799729624263577...
Loop47 pFBA...36953.0...Ave likelihood of: cpd00393_c is 0.16595063392536116...
Loop48 pFBA...6226.0...Ave likelihood of: cpd00363_c is 0.40523872629257524...
Loop49 pFBA...9356.0...Ave likelihood of: cpd00281_c is 0.0920560192527631...
Loop50 pFBA...4157.0...Ave likelihood of: cpd00025_c is 0.2586105592758661...
Loop51 pFBA...20338.0...Ave likelihood of: cpd00811_c is 0.21802191078204025...
Loop52 pFBA...5524.0...Ave likelihood of: cpd00117_c is 0.40076680121560876...
Loop53 pFBA...7585.0...Ave likelihood of: cpd00186_c is 0.23582548291865502...
Loop54 pFBA...22572.0...Ave likelihood of: cpd00637_c is 0.17635743548374813...
Loop55 pFBA...6538.0...Ave likelihood of: cpd00550_c is 0.29952117763935593...
Loop56 pFBA...4233.0...Ave likelihood of: cpd00033_c is 0.24276726424112588...
Loop57 pFBA...5400.0...Ave likelihood of: cpd00035_c is 0.40076680121560876...
Loop58 pFBA...18976.0...Ave likelihood of: cpd00051_c is 0.22149407050025804...
Loop59 pFBA...8324.0...Ave likelihood of: cpd00132_c is 0.09085940421758797...
Loop60 pFBA...5650.0...Ave likelihood of: cpd00041_c is 0.07700842390026731...
Loop61 pFBA...13964.0...Ave likelihood of: cpd00084_c is 0.20259385075794203...
Loop62 pFBA...7356.0...Ave likelihood of: cpd00023_c is 0.12887842695386836...
Loop63 pFBA...9954.0...Ave likelihood of: cpd00053_c is 0.1016463236813438...
Loop64 pFBA...22363.0...Ave likelihood of: cpd00119_c is 0.13008892897001212...
Loop65 pFBA...17335.0...Ave likelihood of: cpd00322_c is 0.16797695798778625...
Loop66 pFBA...14179.0...Ave likelihood of: cpd00107_c is 0.2515920485057848...
Loop67 pFBA...17504.0...Ave likelihood of: cpd00039_c is 0.3040199455729295...
Loop68 pFBA...21572.0...Ave likelihood of: cpd00060_c is 0.17838453244333147...
Loop69 pFBA...21876.0...Ave likelihood of: cpd00066_c is 0.12274588340017019...
Loop70 pFBA...10579.0...Ave likelihood of: cpd00129_c is 0.14212065326903095...
Loop71 pFBA...5538.0...Ave likelihood of: cpd00054_c is 0.32256126822699865...
Loop72 pFBA...7855.0...Ave likelihood of: cpd00161_c is 0.2334937661607774...
Loop73 pFBA...29651.0...Ave likelihood of: cpd00065_c is 0.12398095933976519...
Loop74 pFBA...19577.0...Ave likelihood of: cpd00069_c is 0.19393505927372076...
Loop75 pFBA...8078.0...Ave likelihood of: cpd00156_c is 0.16416646623370287...
Loop76 pFBA...24606.0...Ave likelihood of: cpd00098_c is 0.13225212058920038...
Loop77 pFBA...15768.0...Ave likelihood of: cpd00274_c is 0.2060813044399623...
Loop78 pFBA...6718.0...Ave likelihood of: cpd00226_c is 0.28802473750763513...
Loop79 pFBA...4939.0...Ave likelihood of: cpd00246_c is 0.26209756074017365...
Loop80 pFBA...21773.0...Ave likelihood of: cpd00374_c is 0.17289230664025304...
Loop81 pFBA...4484.0...Ave likelihood of: cpd00221_c is 0.28501175040327953...
Loop82 pFBA...4295.0...Ave likelihood of: cpd00159_c is 0.29509772803933...
Loop83 pFBA...10640.0...Ave likelihood of: cpd00211_c is 0.14518477118930578...
Loop84 pFBA...4170.0...Ave likelihood of: cpd00047_c is 0.2619896060191497...
Loop85 pFBA...5307.0...Ave likelihood of: cpd00106_c is 0.05230334484722175...
Loop86 pFBA...7929.0...Ave likelihood of: cpd00141_c is 0.18533532136112524...
Loop87 pFBA...20670.0...Ave likelihood of: cpd00216_c is 0.16871677137806518...
Loop88 pFBA...5017.0...Ave likelihood of: cpd00036_c is 0.08218310427561715...
Loop89 pFBA...22940.0...Ave likelihood of: cpd00581_c is 0.10243232747232511...
Loop90 pFBA...4910.0...Ave likelihood of: cpd00128_c is 0.1383960486069157...
Loop91 pFBA...6080.0...Ave likelihood of: cpd00018_c is 0.12721698003903348...
Loop92 pFBA...5430.0...Ave likelihood of: cpd00091_c is 0.1513230306931769...
Loop93 pFBA...3924.0...Ave likelihood of: cpd00092_c is 0.19195802080631033...
Loop94 pFBA...63462.0...Ave likelihood of: cpd00305_c is 0.12938411268099304...
Loop95 pFBA...13695.0...Ave likelihood of: cpd00220_c is 0.10429087903743639...
Loop96 pFBA...14694.0...Ave likelihood of: cpd00218_c is 0.11874069020083315...
Loop97 pFBA...15216.0...Ave likelihood of: cpd00215_c is 0.1726328555541864...
Loop98 pFBA...29060.0...Ave likelihood of: cpd00104_c is 0.15317740782683104...
Loop99 pFBA...36953.0...Ave likelihood of: cpd00393_c is 0.16891403810259975...
Loop100 pFBA...6596.0...Ave likelihood of: cpd00363_c is 0.3085268401452813...
Loop101 pFBA...9356.0...Ave likelihood of: cpd00281_c is 0.0920560192527631...
Loop102 pFBA...4281.0...Ave likelihood of: cpd00025_c is 0.2868338650520883...
Loop103 pFBA...21291.0...Ave likelihood of: cpd00811_c is 0.16050064934653238...
Loop104 pFBA...5524.0...Ave likelihood of: cpd00117_c is 0.40076680121560876...
Loop105 pFBA...7585.0...Ave likelihood of: cpd00186_c is 0.23582548291865502...
Loop106 pFBA...22446.0...Ave likelihood of: cpd00637_c is 0.1958888077981856...
Loop107 pFBA...6538.0...Ave likelihood of: cpd00550_c is 0.29952117763935593...
Loop108 pFBA...4233.0...Ave likelihood of: cpd00033_c is 0.24276726424112588...
Loop109 pFBA...5400.0...Ave likelihood of: cpd00035_c is 0.40076680121560876...
Loop110 pFBA...18762.0...Ave likelihood of: cpd00051_c is 0.23009921835402344...
Loop111 pFBA...8324.0...Ave likelihood of: cpd00132_c is 0.09085940421758797...
Loop112 pFBA...5650.0...Ave likelihood of: cpd00041_c is 0.07700842390026731...
Loop113 pFBA...13911.0...Ave likelihood of: cpd00084_c is 0.22926766366979062...
Loop114 pFBA...7356.0...Ave likelihood of: cpd00023_c is 0.12887842695386836...
Loop115 pFBA...9954.0...Ave likelihood of: cpd00053_c is 0.10166459947944277...
Loop116 pFBA...22363.0...Ave likelihood of: cpd00119_c is 0.13008892897001212...
Loop117 pFBA...17318.0...Ave likelihood of: cpd00322_c is 0.25856029873466085...
Loop118 pFBA...14179.0...Ave likelihood of: cpd00107_c is 0.2515920485057848...
Loop119 pFBA...17419.0...Ave likelihood of: cpd00039_c is 0.24658328640078744...
Loop120 pFBA...21446.0...Ave likelihood of: cpd00060_c is 0.19806535010705434...
Loop121 pFBA...21135.0...Ave likelihood of: cpd00066_c is 0.16548927079994163...
Loop122 pFBA...10579.0...Ave likelihood of: cpd00129_c is 0.14212065326903095...
Loop123 pFBA...5538.0...Ave likelihood of: cpd00054_c is 0.32256126822699865...
Loop124 pFBA...7755.0...Ave likelihood of: cpd00161_c is 0.2951721391627443...
Loop125 pFBA...29651.0...Ave likelihood of: cpd00065_c is 0.12398095933976519...
Loop126 pFBA...19018.0...Ave likelihood of: cpd00069_c is 0.20004038596803933...
Loop127 pFBA...8078.0...Ave likelihood of: cpd00156_c is 0.16416646623370287...
Loop128 pFBA...24157.0...Ave likelihood of: cpd00098_c is 0.2145370922626959...
Loop129 pFBA...15747.0...Ave likelihood of: cpd00274_c is 0.30624310583855785...
Loop130 pFBA...6718.0...Ave likelihood of: cpd00226_c is 0.28802473750763513...
Loop131 pFBA...4595.0...Ave likelihood of: cpd00246_c is 0.2932580121298367...
Loop132 pFBA...20888.0...Ave likelihood of: cpd00374_c is 0.18960378401408107...
Loop133 pFBA...4421.0...Ave likelihood of: cpd00221_c is 0.2984978555361695...
Loop134 pFBA...4248.0...Ave likelihood of: cpd00159_c is 0.3066924155107902...
Loop135 pFBA...10504.0...Ave likelihood of: cpd00211_c is 0.25447552415076785...
Loop136 pFBA...4136.0...Ave likelihood of: cpd00047_c is 0.36442094956746446...
Loop137 pFBA...5307.0...Ave likelihood of: cpd00106_c is 0.05230334484722175...
Loop138 pFBA...7922.0...Ave likelihood of: cpd00141_c is 0.294542342978953...
Loop139 pFBA...20073.0...Ave likelihood of: cpd00216_c is 0.15692925223617277...
Loop140 pFBA...5017.0...Ave likelihood of: cpd00036_c is 0.08218310427561715...
Loop141 pFBA...22940.0...Ave likelihood of: cpd00581_c is 0.10243232747232511...
Loop142 pFBA...4910.0...Ave likelihood of: cpd00128_c is 0.1383960486069157...
Loop143 pFBA...6080.0...Ave likelihood of: cpd00018_c is 0.12721698003903348...
Loop144 pFBA...5430.0...Ave likelihood of: cpd00091_c is 0.1513230306931769...
Loop145 pFBA...3924.0...Ave likelihood of: cpd00092_c is 0.19195802080631033...
Loop146 pFBA...63457.0...Ave likelihood of: cpd00305_c is 0.12860802820933834...
Loop147 pFBA...13695.0...Ave likelihood of: cpd00220_c is 0.10429087903743639...
Loop148 pFBA...14694.0...Ave likelihood of: cpd00218_c is 0.11682551777823907...
Loop149 pFBA...14608.0...Ave likelihood of: cpd00215_c is 0.21441635161231845...
Loop150 pFBA...29024.0...Ave likelihood of: cpd00104_c is 0.17479690389969973...
Loop151 pFBA...36953.0...Ave likelihood of: cpd00393_c is 0.16595063392536116...
Loop152 pFBA...6209.0...Ave likelihood of: cpd00363_c is 0.43062718024456903...
Loop153 pFBA...9356.0...Ave likelihood of: cpd00281_c is 0.0920560192527631...
Loop154 pFBA...4124.0...Ave likelihood of: cpd00025_c is 0.26950800004701925...
Loop155 pFBA...20196.0...Ave likelihood of: cpd00811_c is 0.2254780544675661...
31.8679295023mins to complete!
