
The following have been reloaded with a version change:
  1) anaconda2/4.4.0 => anaconda2/5.1.0

Loading in models...Adding Water...Remove no-like rxns...Pruned 1 metabolites from model
Pruned 1 reactions from model
Set-up Universal...63.0seconds to complete

Loop0 pFBA...5557.0...Ave likelihood of: cpd00117_c is 0.47398891357604245...
Loop1 pFBA...6841.0...Ave likelihood of: cpd00186_c is 0.3598515261238188...
Loop2 pFBA...21371.0...Ave likelihood of: cpd00637_c is 0.2682820022606636...
Loop3 pFBA...6420.0...Ave likelihood of: cpd00550_c is 0.3477706919279882...
Loop4 pFBA...4055.0...Ave likelihood of: cpd00033_c is 0.25557418447785746...
Loop5 pFBA...5435.0...Ave likelihood of: cpd00035_c is 0.47398891357604245...
Loop6 pFBA...18116.0...Ave likelihood of: cpd00051_c is 0.31056451979800315...
Loop7 pFBA...7913.0...Ave likelihood of: cpd00132_c is 0.24991716643302397...
Loop8 pFBA...5182.0...Ave likelihood of: cpd00041_c is 0.22309652621339...
Loop9 pFBA...13623.0...Ave likelihood of: cpd00084_c is 0.27669315014945...
Loop10 pFBA...6592.0...Ave likelihood of: cpd00023_c is 0.28155024840465226...
Loop11 pFBA...9082.0...Ave likelihood of: cpd00053_c is 0.3109591340136086...
Loop12 pFBA...16375.0...Ave likelihood of: cpd00119_c is 0.30924803041944526...
Loop13 pFBA...16725.0...Ave likelihood of: cpd00322_c is 0.3545384875226478...
Loop14 pFBA...14214.0...Ave likelihood of: cpd00107_c is 0.2638016416170558...
Loop15 pFBA...17687.0...Ave likelihood of: cpd00039_c is 0.3021176996051077...
Loop16 pFBA...20371.0...Ave likelihood of: cpd00060_c is 0.2718590956241391...
Loop17 pFBA...20576.0...Ave likelihood of: cpd00066_c is 0.2460296762090978...
Loop18 pFBA...10271.0...Ave likelihood of: cpd00129_c is 0.20263551670472693...
Loop19 pFBA...5420.0...Ave likelihood of: cpd00054_c is 0.35486805298774304...
Loop20 pFBA...7348.0...Ave likelihood of: cpd00161_c is 0.3990131968697739...
Loop21 pFBA...27268.0...Ave likelihood of: cpd00065_c is 0.2497838762020023...
Loop22 pFBA...18307.0...Ave likelihood of: cpd00069_c is 0.21463237399290122...
Loop23 pFBA...7671.0...Ave likelihood of: cpd00156_c is 0.33287437528423386...
Loop24 pFBA...23621.0...Ave likelihood of: cpd00098_c is 0.25125916076590354...
Loop25 pFBA...14170.0...Ave likelihood of: cpd00274_c is 0.19411711627094128...
Loop26 pFBA...6632.0...Ave likelihood of: cpd00226_c is 0.32588670559228855...
Loop27 pFBA...4461.0...Ave likelihood of: cpd00246_c is 0.43731607311610604...
Loop28 pFBA...20047.0...Ave likelihood of: cpd00374_c is 0.21731764402620132...
Loop29 pFBA...4760.0...Ave likelihood of: cpd00221_c is 0.4232284732579009...
Loop30 pFBA...4265.0...Ave likelihood of: cpd00159_c is 0.4222842763409855...
Loop31 pFBA...10325.0...Ave likelihood of: cpd00211_c is 0.3562389749343388...
Loop32 pFBA...3767.0...Ave likelihood of: cpd00047_c is 0.2903815861652318...
Loop33 pFBA...5000.0...Ave likelihood of: cpd00106_c is 0.19007986238106678...
Loop34 pFBA...7570.0...Ave likelihood of: cpd00141_c is 0.4131215908534033...
Loop35 pFBA...19227.0...Ave likelihood of: cpd00216_c is 0.2368738598951462...
Loop36 pFBA...4801.0...Ave likelihood of: cpd00036_c is 0.22830826706441698...
Loop37 pFBA...16944.0...Ave likelihood of: cpd00581_c is 0.3261207442619103...
Loop38 pFBA...4747.0...Ave likelihood of: cpd00128_c is 0.34561747933164794...
Loop39 pFBA...5863.0...Ave likelihood of: cpd00018_c is 0.279696516790369...
Loop40 pFBA...5863.0...Ave likelihood of: cpd00091_c is 0.279696516790369...
Loop41 pFBA...3610.0...Ave likelihood of: cpd00092_c is 0.36669861752980276...
Loop42 pFBA...63878.0...Ave likelihood of: cpd00305_c is 0.15934934107192256...
Loop43 pFBA...13725.0...Ave likelihood of: cpd00220_c is 0.28335526528289195...
Loop44 pFBA...14473.0...Ave likelihood of: cpd00218_c is 0.20833685665234122...
Loop45 pFBA...14521.0...Ave likelihood of: cpd00215_c is 0.31438260996313255...
Loop46 pFBA...28645.0...Ave likelihood of: cpd00104_c is 0.20772519332899525...
Loop47 pFBA...36053.0...Ave likelihood of: cpd00393_c is 0.16985124897551623...
Loop48 pFBA...5714.0...Ave likelihood of: cpd00363_c is 0.5635923980135218...
Loop49 pFBA...8589.0...Ave likelihood of: cpd00281_c is 0.20164209976744213...
Loop50 pFBA...4024.0...Ave likelihood of: cpd00025_c is 0.2982049196681367...
Loop51 pFBA...19594.0...Ave likelihood of: cpd00811_c is 0.25953656455180363...
Loop52 pFBA...5421.0...Ave likelihood of: cpd00714_c is 0.3707498346368107...
Loop53 pFBA...5557.0...Ave likelihood of: cpd00117_c is 0.47398891357604245...
Loop54 pFBA...6841.0...Ave likelihood of: cpd00186_c is 0.3598515261238188...
Loop55 pFBA...21639.0...Ave likelihood of: cpd00637_c is 0.23886406124666018...
Loop56 pFBA...6486.0...Ave likelihood of: cpd00550_c is 0.2984846308739599...
Loop57 pFBA...4055.0...Ave likelihood of: cpd00033_c is 0.24310482830386484...
Loop58 pFBA...5435.0...Ave likelihood of: cpd00035_c is 0.47398891357604245...
Loop59 pFBA...18323.0...Ave likelihood of: cpd00051_c is 0.25887142913757905...
Loop60 pFBA...7913.0...Ave likelihood of: cpd00132_c is 0.24991716643302392...
Loop61 pFBA...5182.0...Ave likelihood of: cpd00041_c is 0.22309652621339...
Loop62 pFBA...13761.0...Ave likelihood of: cpd00084_c is 0.24907596440165572...
Loop63 pFBA...6592.0...Ave likelihood of: cpd00023_c is 0.28155024840465226...
Loop64 pFBA...9082.0...Ave likelihood of: cpd00053_c is 0.3109591340136086...
Loop65 pFBA...16375.0...Ave likelihood of: cpd00119_c is 0.3153117172904148...
Loop66 pFBA...16732.0...Ave likelihood of: cpd00322_c is 0.2054324976119796...
Loop67 pFBA...14214.0...Ave likelihood of: cpd00107_c is 0.2638016416170558...
Loop68 pFBA...17934.0...Ave likelihood of: cpd00039_c is 0.2882099533099546...
Loop69 pFBA...20639.0...Ave likelihood of: cpd00060_c is 0.24218161765286383...
Loop70 pFBA...21495.0...Ave likelihood of: cpd00066_c is 0.2265804243362732...
Loop71 pFBA...10271.0...Ave likelihood of: cpd00129_c is 0.20263551670472693...
Loop72 pFBA...5486.0...Ave likelihood of: cpd00054_c is 0.3177417038335702...
Loop73 pFBA...7657.0...Ave likelihood of: cpd00161_c is 0.3412977076354394...
Loop74 pFBA...27268.0...Ave likelihood of: cpd00065_c is 0.2497838762020023...
Loop75 pFBA...18884.0...Ave likelihood of: cpd00069_c is 0.23579211988436116...
Loop76 pFBA...7671.0...Ave likelihood of: cpd00156_c is 0.33287437528423386...
Loop77 pFBA...24642.0...Ave likelihood of: cpd00098_c is 0.26712618113548386...
Loop78 pFBA...14170.0...Ave likelihood of: cpd00274_c is 0.19411711627094128...
Loop79 pFBA...6632.0...Ave likelihood of: cpd00226_c is 0.32588670559228855...
Loop80 pFBA...4813.0...Ave likelihood of: cpd00246_c is 0.38502017870582417...
Loop81 pFBA...20879.0...Ave likelihood of: cpd00374_c is 0.22278957131067523...
Loop82 pFBA...5070.0...Ave likelihood of: cpd00221_c is 0.3458244754160014...
Loop83 pFBA...4333.0...Ave likelihood of: cpd00159_c is 0.37959306275082716...
Loop84 pFBA...10499.0...Ave likelihood of: cpd00211_c is 0.21479817944645496...
Loop85 pFBA...3767.0...Ave likelihood of: cpd00047_c is 0.21909010593264297...
Loop86 pFBA...5000.0...Ave likelihood of: cpd00106_c is 0.19007986238106678...
Loop87 pFBA...7723.0...Ave likelihood of: cpd00141_c is 0.3251922347768097...
Loop88 pFBA...20276.0...Ave likelihood of: cpd00216_c is 0.22590101514039676...
Loop89 pFBA...4801.0...Ave likelihood of: cpd00036_c is 0.22830826706441698...
Loop90 pFBA...16944.0...Ave likelihood of: cpd00581_c is 0.3261207442619103...
Loop91 pFBA...4747.0...Ave likelihood of: cpd00128_c is 0.34561747933164794...
Loop92 pFBA...5863.0...Ave likelihood of: cpd00018_c is 0.279696516790369...
Loop93 pFBA...5863.0...Ave likelihood of: cpd00091_c is 0.279696516790369...
Loop94 pFBA...3619.0...Ave likelihood of: cpd00092_c is 0.32151928027390386...
Loop95 pFBA...64049.0...Ave likelihood of: cpd00305_c is 0.11951762392049242...
Loop96 pFBA...14161.0...Ave likelihood of: cpd00220_c is 0.16036069912080697...
Loop97 pFBA...14727.0...Ave likelihood of: cpd00218_c is 0.20715126524729233...
Loop98 pFBA...15081.0...Ave likelihood of: cpd00215_c is 0.33863899132421965...
Loop99 pFBA...28688.0...Ave likelihood of: cpd00104_c is 0.17076811115562573...
Loop100 pFBA...36062.0...Ave likelihood of: cpd00393_c is 0.17069769965578455...
Loop101 pFBA...6414.0...Ave likelihood of: cpd00363_c is 0.3860753168649546...
Loop102 pFBA...8589.0...Ave likelihood of: cpd00281_c is 0.20164209976744213...
Loop103 pFBA...4223.0...Ave likelihood of: cpd00025_c is 0.3400468155646584...
Loop104 pFBA...20552.0...Ave likelihood of: cpd00811_c is 0.28613102849888805...
Loop105 pFBA...6483.0...Ave likelihood of: cpd00714_c is 0.41633202763833355...
Loop106 pFBA...5557.0...Ave likelihood of: cpd00117_c is 0.47398891357604245...
Loop107 pFBA...6841.0...Ave likelihood of: cpd00186_c is 0.3598515261238188...
Loop108 pFBA...21538.0...Ave likelihood of: cpd00637_c is 0.2504770745460778...
Loop109 pFBA...6441.0...Ave likelihood of: cpd00550_c is 0.3031798808482792...
Loop110 pFBA...4055.0...Ave likelihood of: cpd00033_c is 0.2323597977542673...
Loop111 pFBA...5435.0...Ave likelihood of: cpd00035_c is 0.47398891357604245...
Loop112 pFBA...18206.0...Ave likelihood of: cpd00051_c is 0.27256199415039795...
Loop113 pFBA...7913.0...Ave likelihood of: cpd00132_c is 0.24991716643302392...
Loop114 pFBA...5182.0...Ave likelihood of: cpd00041_c is 0.22309652621339...
Loop115 pFBA...13731.0...Ave likelihood of: cpd00084_c is 0.23132168502049463...
Loop116 pFBA...6592.0...Ave likelihood of: cpd00023_c is 0.28155024840465226...
Loop117 pFBA...9082.0...Ave likelihood of: cpd00053_c is 0.3109591340136086...
Loop118 pFBA...16375.0...Ave likelihood of: cpd00119_c is 0.30924803041944526...
Loop119 pFBA...16732.0...Ave likelihood of: cpd00322_c is 0.2054324976119796...
Loop120 pFBA...14214.0...Ave likelihood of: cpd00107_c is 0.2638016416170558...
Loop121 pFBA...17742.0...Ave likelihood of: cpd00039_c is 0.2850066180560117...
Loop122 pFBA...20538.0...Ave likelihood of: cpd00060_c is 0.2504770745460778...
Loop123 pFBA...20931.0...Ave likelihood of: cpd00066_c is 0.22698203421313923...
Loop124 pFBA...10271.0...Ave likelihood of: cpd00129_c is 0.20263551670472693...
Loop125 pFBA...5441.0...Ave likelihood of: cpd00054_c is 0.30949612836595164...
Loop126 pFBA...7509.0...Ave likelihood of: cpd00161_c is 0.34590464023486583...
Loop127 pFBA...27268.0...Ave likelihood of: cpd00065_c is 0.2497838762020023...
Loop128 pFBA...18469.0...Ave likelihood of: cpd00069_c is 0.19745979907457126...
Loop129 pFBA...7671.0...Ave likelihood of: cpd00156_c is 0.33287437528423386...
Loop130 pFBA...24110.0...Ave likelihood of: cpd00098_c is 0.2385265033004364...
Loop131 pFBA...14170.0...Ave likelihood of: cpd00274_c is 0.19411711627094128...
Loop132 pFBA...6632.0...Ave likelihood of: cpd00226_c is 0.32588670559228855...
Loop133 pFBA...4642.0...Ave likelihood of: cpd00246_c is 0.22796143330588933...
Loop134 pFBA...20430.0...Ave likelihood of: cpd00374_c is 0.21305679349089518...
Loop135 pFBA...4958.0...Ave likelihood of: cpd00221_c is 0.19174349046171496...
Loop136 pFBA...4315.0...Ave likelihood of: cpd00159_c is 0.3466920339371577...
Loop137 pFBA...10479.0...Ave likelihood of: cpd00211_c is 0.3376390002073111...
Loop138 pFBA...3767.0...Ave likelihood of: cpd00047_c is 0.21909010593264297...
Loop139 pFBA...5000.0...Ave likelihood of: cpd00106_c is 0.19007986238106678...
Loop140 pFBA...7675.0...Ave likelihood of: cpd00141_c is 0.37183839694373716...
Loop141 pFBA...19650.0...Ave likelihood of: cpd00216_c is 0.23104050900885104...
Loop142 pFBA...4801.0...Ave likelihood of: cpd00036_c is 0.22830826706441698...
Loop143 pFBA...16944.0...Ave likelihood of: cpd00581_c is 0.3261207442619103...
Loop144 pFBA...4747.0...Ave likelihood of: cpd00128_c is 0.34561747933164794...
Loop145 pFBA...5863.0...Ave likelihood of: cpd00018_c is 0.279696516790369...
Loop146 pFBA...5863.0...Ave likelihood of: cpd00091_c is 0.279696516790369...
Loop147 pFBA...3619.0...Ave likelihood of: cpd00092_c is 0.32151928027390386...
Loop148 pFBA...64049.0...Ave likelihood of: cpd00305_c is 0.12321404527885815...
Loop149 pFBA...14033.0...Ave likelihood of: cpd00220_c is 0.2742932460475422...
Loop150 pFBA...14668.0...Ave likelihood of: cpd00218_c is 0.1456643084331267...
Loop151 pFBA...14750.0...Ave likelihood of: cpd00215_c is 0.2313896710981379...
Loop152 pFBA...28679.0...Ave likelihood of: cpd00104_c is 0.19319204787785715...
Loop153 pFBA...36053.0...Ave likelihood of: cpd00393_c is 0.1513776372563605...
Loop154 pFBA...6087.0...Ave likelihood of: cpd00363_c is 0.4345322371133575...
Loop155 pFBA...8589.0...Ave likelihood of: cpd00281_c is 0.20164209976744213...
Loop156 pFBA...4142.0...Ave likelihood of: cpd00025_c is 0.3078923658494003...
Loop157 pFBA...19986.0...Ave likelihood of: cpd00811_c is 0.2715033908848804...
Loop158 pFBA...6155.0...Ave likelihood of: cpd00714_c is 0.29469208443436723...
32.9642893831mins to complete!
