
The following have been reloaded with a version change:
  1) anaconda2/4.4.0 => anaconda2/5.1.0

Loading in models...Adding Water...Remove no-like rxns...Pruned 1 metabolites from model
Pruned 1 reactions from model
Set-up Universal...72.0seconds to complete

Loop0 pFBA...5241.0...Ave likelihood of: cpd00117_c is 0.4148379789295935...
Loop1 pFBA...7580.0...Ave likelihood of: cpd00186_c is 0.2366705300672993...
Loop2 pFBA...22039.0...Ave likelihood of: cpd00637_c is 0.24104981194054856...
Loop3 pFBA...6290.0...Ave likelihood of: cpd00550_c is 0.48276835193067813...
Loop4 pFBA...4104.0...Ave likelihood of: cpd00033_c is 0.281150563914763...
Loop5 pFBA...5092.0...Ave likelihood of: cpd00035_c is 0.42271722103924353...
Loop6 pFBA...18271.0...Ave likelihood of: cpd00051_c is 0.293747878825084...
Loop7 pFBA...7780.0...Ave likelihood of: cpd00132_c is 0.21973521931429651...
Loop8 pFBA...5328.0...Ave likelihood of: cpd00041_c is 0.1809102081635545...
Loop9 pFBA...13678.0...Ave likelihood of: cpd00084_c is 0.2740941528331672...
Loop10 pFBA...7335.0...Ave likelihood of: cpd00023_c is 0.13309886402403315...
Loop11 pFBA...9469.0...Ave likelihood of: cpd00053_c is 0.26079546652890173...
Loop12 pFBA...21306.0...Ave likelihood of: cpd00119_c is 0.18610418747495394...
Loop13 pFBA...17074.0...Ave likelihood of: cpd00322_c is 0.2963613556614277...
Loop14 pFBA...14687.0...Ave likelihood of: cpd00107_c is 0.25948052348690115...
Loop15 pFBA...16933.0...Ave likelihood of: cpd00039_c is 0.3394942979812612...
Loop16 pFBA...21039.0...Ave likelihood of: cpd00060_c is 0.24402573554475288...
Loop17 pFBA...20487.0...Ave likelihood of: cpd00066_c is 0.2698780315829581...
Loop18 pFBA...10542.0...Ave likelihood of: cpd00129_c is 0.1458359148508703...
Loop19 pFBA...5290.0...Ave likelihood of: cpd00054_c is 0.5229990479249013...
Loop20 pFBA...7532.0...Ave likelihood of: cpd00161_c is 0.3921347545134502...
Loop21 pFBA...29316.0...Ave likelihood of: cpd00065_c is 0.19670234741976134...
Loop22 pFBA...18408.0...Ave likelihood of: cpd00069_c is 0.282260216109099...
Loop23 pFBA...8380.0...Ave likelihood of: cpd00156_c is 0.21365770436352857...
Loop24 pFBA...23611.0...Ave likelihood of: cpd00098_c is 0.2721539050779694...
Loop25 pFBA...14423.0...Ave likelihood of: cpd00274_c is 0.2694286468640366...
Loop26 pFBA...6089.0...Ave likelihood of: cpd00226_c is 0.4443277313977014...
Loop27 pFBA...4591.0...Ave likelihood of: cpd00246_c is 0.3874518455846075...
Loop28 pFBA...20261.0...Ave likelihood of: cpd00374_c is 0.28535812921812637...
Loop29 pFBA...4300.0...Ave likelihood of: cpd00221_c is 0.36565562977499105...
Loop30 pFBA...3957.0...Ave likelihood of: cpd00159_c is 0.3798009292864987...
Loop31 pFBA...10206.0...Ave likelihood of: cpd00211_c is 0.2751263862096266...
Loop32 pFBA...3957.0...Ave likelihood of: cpd00047_c is 0.35104536041007955...
Loop33 pFBA...5052.0...Ave likelihood of: cpd00106_c is 0.17220599440241255...
Loop34 pFBA...7680.0...Ave likelihood of: cpd00141_c is 0.23304283913885876...
Loop35 pFBA...19518.0...Ave likelihood of: cpd00216_c is 0.2738138450833438...
Loop36 pFBA...4969.0...Ave likelihood of: cpd00036_c is 0.15034732115335828...
Loop37 pFBA...21946.0...Ave likelihood of: cpd00581_c is 0.19287033826554278...
Loop38 pFBA...4234.0...Ave likelihood of: cpd00128_c is 0.3826392306040078...
Loop39 pFBA...5641.0...Ave likelihood of: cpd00018_c is 0.4226583259408684...
Loop40 pFBA...4687.0...Ave likelihood of: cpd00091_c is 0.5336266916971395...
Loop41 pFBA...3292.0...Ave likelihood of: cpd00092_c is 0.41241842935325096...
Loop42 pFBA...61462.0...Ave likelihood of: cpd00305_c is 0.20386106526934472...
Loop43 pFBA...12233.0...Ave likelihood of: cpd00220_c is 0.3354207177383307...
Loop44 pFBA...14395.0...Ave likelihood of: cpd00218_c is 0.2046664767537517...
Loop45 pFBA...14110.0...Ave likelihood of: cpd00215_c is 0.3663044282857712...
Loop46 pFBA...28088.0...Ave likelihood of: cpd00104_c is 0.1936949043423495...
Loop47 pFBA...34825.0...Ave likelihood of: cpd00393_c is 0.2544891256755104...
Loop48 pFBA...6083.0...Ave likelihood of: cpd00363_c is 0.4576317805052225...
Loop49 pFBA...9177.0...Ave likelihood of: cpd00281_c is 0.11761379767694678...
Loop50 pFBA...4108.0...Ave likelihood of: cpd00025_c is 0.4017941548243656...
Loop51 pFBA...20070.0...Ave likelihood of: cpd00811_c is 0.29198134302990786...
Loop52 pFBA...5169.0...Ave likelihood of: cpd00714_c is 0.43771020176625475...
Loop53 pFBA...5241.0...Ave likelihood of: cpd00117_c is 0.4148379789295935...
Loop54 pFBA...7580.0...Ave likelihood of: cpd00186_c is 0.2366705300672993...
Loop55 pFBA...22043.0...Ave likelihood of: cpd00637_c is 0.23363769793658098...
Loop56 pFBA...6290.0...Ave likelihood of: cpd00550_c is 0.48276835193067813...
Loop57 pFBA...4104.0...Ave likelihood of: cpd00033_c is 0.281150563914763...
Loop58 pFBA...5092.0...Ave likelihood of: cpd00035_c is 0.42271722103924353...
Loop59 pFBA...18381.0...Ave likelihood of: cpd00051_c is 0.3172285418214014...
Loop60 pFBA...7780.0...Ave likelihood of: cpd00132_c is 0.21973521931429651...
Loop61 pFBA...5328.0...Ave likelihood of: cpd00041_c is 0.1809102081635545...
Loop62 pFBA...13734.0...Ave likelihood of: cpd00084_c is 0.29298282508239026...
Loop63 pFBA...7335.0...Ave likelihood of: cpd00023_c is 0.13309886402403315...
Loop64 pFBA...9469.0...Ave likelihood of: cpd00053_c is 0.26079546652890173...
Loop65 pFBA...21306.0...Ave likelihood of: cpd00119_c is 0.18610418747495394...
Loop66 pFBA...17087.0...Ave likelihood of: cpd00322_c is 0.2164996270377524...
Loop67 pFBA...14687.0...Ave likelihood of: cpd00107_c is 0.25948052348690115...
Loop68 pFBA...17001.0...Ave likelihood of: cpd00039_c is 0.3049219827926497...
Loop69 pFBA...21043.0...Ave likelihood of: cpd00060_c is 0.23702375152986477...
Loop70 pFBA...21402.0...Ave likelihood of: cpd00066_c is 0.2720735706869246...
Loop71 pFBA...10542.0...Ave likelihood of: cpd00129_c is 0.1458359148508703...
Loop72 pFBA...5290.0...Ave likelihood of: cpd00054_c is 0.5229990479249013...
Loop73 pFBA...7599.0...Ave likelihood of: cpd00161_c is 0.3465820855611044...
Loop74 pFBA...29316.0...Ave likelihood of: cpd00065_c is 0.18231413139904631...
Loop75 pFBA...19004.0...Ave likelihood of: cpd00069_c is 0.29084836793504076...
Loop76 pFBA...8380.0...Ave likelihood of: cpd00156_c is 0.21365770436352857...
Loop77 pFBA...23901.0...Ave likelihood of: cpd00098_c is 0.24798164574970785...
Loop78 pFBA...14458.0...Ave likelihood of: cpd00274_c is 0.20824885431578893...
Loop79 pFBA...6089.0...Ave likelihood of: cpd00226_c is 0.4443277313977015...
Loop80 pFBA...4801.0...Ave likelihood of: cpd00246_c is 0.3618731760778067...
Loop81 pFBA...21008.0...Ave likelihood of: cpd00374_c is 0.3116960165655091...
Loop82 pFBA...4340.0...Ave likelihood of: cpd00221_c is 0.41662933388988777...
Loop83 pFBA...3984.0...Ave likelihood of: cpd00159_c is 0.4028501407084016...
Loop84 pFBA...10207.0...Ave likelihood of: cpd00211_c is 0.22587502381869756...
Loop85 pFBA...4070.0...Ave likelihood of: cpd00047_c is 0.3572969003048904...
Loop86 pFBA...5052.0...Ave likelihood of: cpd00106_c is 0.17220599440241255...
Loop87 pFBA...7683.0...Ave likelihood of: cpd00141_c is 0.29554465580584577...
Loop88 pFBA...20468.0...Ave likelihood of: cpd00216_c is 0.30366546653127713...
Loop89 pFBA...4969.0...Ave likelihood of: cpd00036_c is 0.15034732115335828...
Loop90 pFBA...21946.0...Ave likelihood of: cpd00581_c is 0.19287033826554278...
Loop91 pFBA...4234.0...Ave likelihood of: cpd00128_c is 0.3826392306040078...
Loop92 pFBA...5641.0...Ave likelihood of: cpd00018_c is 0.4226583259408684...
Loop93 pFBA...4687.0...Ave likelihood of: cpd00091_c is 0.5336266916971395...
Loop94 pFBA...3295.0...Ave likelihood of: cpd00092_c is 0.4326196601776272...
Loop95 pFBA...61502.0...Ave likelihood of: cpd00305_c is 0.16240636708689904...
Loop96 pFBA...12233.0...Ave likelihood of: cpd00220_c is 0.33542071773833076...
Loop97 pFBA...14685.0...Ave likelihood of: cpd00218_c is 0.17571874164767595...
Loop98 pFBA...14484.0...Ave likelihood of: cpd00215_c is 0.3905811002958734...
Loop99 pFBA...28088.0...Ave likelihood of: cpd00104_c is 0.19974787010304795...
Loop100 pFBA...34825.0...Ave likelihood of: cpd00393_c is 0.2544891256755104...
Loop101 pFBA...6325.0...Ave likelihood of: cpd00363_c is 0.47501065023841077...
Loop102 pFBA...9177.0...Ave likelihood of: cpd00281_c is 0.11761379767694678...
Loop103 pFBA...4190.0...Ave likelihood of: cpd00025_c is 0.40830542034442374...
Loop104 pFBA...20844.0...Ave likelihood of: cpd00811_c is 0.3049638405321598...
Loop105 pFBA...5886.0...Ave likelihood of: cpd00714_c is 0.5596388801547245...
Loop106 pFBA...5241.0...Ave likelihood of: cpd00117_c is 0.4148379789295935...
Loop107 pFBA...7580.0...Ave likelihood of: cpd00186_c is 0.2366705300672993...
Loop108 pFBA...22043.0...Ave likelihood of: cpd00637_c is 0.23363769793658098...
Loop109 pFBA...6290.0...Ave likelihood of: cpd00550_c is 0.48276835193067813...
Loop110 pFBA...4104.0...Ave likelihood of: cpd00033_c is 0.281150563914763...
Loop111 pFBA...5092.0...Ave likelihood of: cpd00035_c is 0.42271722103924353...
Loop112 pFBA...18285.0...Ave likelihood of: cpd00051_c is 0.2936250615658016...
Loop113 pFBA...7780.0...Ave likelihood of: cpd00132_c is 0.21973521931429651...
Loop114 pFBA...5328.0...Ave likelihood of: cpd00041_c is 0.18761058624368612...
Loop115 pFBA...13699.0...Ave likelihood of: cpd00084_c is 0.2831166911110069...
Loop116 pFBA...7335.0...Ave likelihood of: cpd00023_c is 0.13309886402403315...
Loop117 pFBA...9469.0...Ave likelihood of: cpd00053_c is 0.26079546652890173...
Loop118 pFBA...21306.0...Ave likelihood of: cpd00119_c is 0.1861041874749539...
Loop119 pFBA...17062.0...Ave likelihood of: cpd00322_c is 0.2814637083595...
Loop120 pFBA...14687.0...Ave likelihood of: cpd00107_c is 0.25948052348690115...
Loop121 pFBA...16924.0...Ave likelihood of: cpd00039_c is 0.32641347324336695...
Loop122 pFBA...21043.0...Ave likelihood of: cpd00060_c is 0.23702375152986477...
Loop123 pFBA...20728.0...Ave likelihood of: cpd00066_c is 0.24282035838734342...
Loop124 pFBA...10542.0...Ave likelihood of: cpd00129_c is 0.1458359148508703...
Loop125 pFBA...5290.0...Ave likelihood of: cpd00054_c is 0.5229990479249013...
Loop126 pFBA...7555.0...Ave likelihood of: cpd00161_c is 0.371627014400617...
Loop127 pFBA...29316.0...Ave likelihood of: cpd00065_c is 0.18231413139904631...
Loop128 pFBA...18571.0...Ave likelihood of: cpd00069_c is 0.25331608041564324...
Loop129 pFBA...8380.0...Ave likelihood of: cpd00156_c is 0.21365770436352857...
Loop130 pFBA...23721.0...Ave likelihood of: cpd00098_c is 0.2432946273380461...
Loop131 pFBA...14456.0...Ave likelihood of: cpd00274_c is 0.29733409067570027...
Loop132 pFBA...6089.0...Ave likelihood of: cpd00226_c is 0.4443277313977014...
Loop133 pFBA...4666.0...Ave likelihood of: cpd00246_c is 0.3677220222443141...
Loop134 pFBA...20504.0...Ave likelihood of: cpd00374_c is 0.3138107124137563...
Loop135 pFBA...4337.0...Ave likelihood of: cpd00221_c is 0.32436241948731015...
Loop136 pFBA...3978.0...Ave likelihood of: cpd00159_c is 0.35229610797763045...
Loop137 pFBA...10207.0...Ave likelihood of: cpd00211_c is 0.22587502381869756...
Loop138 pFBA...4030.0...Ave likelihood of: cpd00047_c is 0.2949645081577886...
Loop139 pFBA...5052.0...Ave likelihood of: cpd00106_c is 0.17220599440241255...
Loop140 pFBA...7683.0...Ave likelihood of: cpd00141_c is 0.29554465580584577...
Loop141 pFBA...19902.0...Ave likelihood of: cpd00216_c is 0.2616211327358489...
Loop142 pFBA...4969.0...Ave likelihood of: cpd00036_c is 0.15034732115335828...
Loop143 pFBA...21946.0...Ave likelihood of: cpd00581_c is 0.19287033826554278...
Loop144 pFBA...4234.0...Ave likelihood of: cpd00128_c is 0.3826392306040078...
Loop145 pFBA...5641.0...Ave likelihood of: cpd00018_c is 0.4226583259408684...
Loop146 pFBA...4687.0...Ave likelihood of: cpd00091_c is 0.5336266916971395...
Loop147 pFBA...3295.0...Ave likelihood of: cpd00092_c is 0.4326196601776272...
Loop148 pFBA...61484.0...Ave likelihood of: cpd00305_c is 0.1893529275188908...
Loop149 pFBA...12233.0...Ave likelihood of: cpd00220_c is 0.3198197541225944...
Loop150 pFBA...14595.0...Ave likelihood of: cpd00218_c is 0.2167970041058261...
Loop151 pFBA...14168.0...Ave likelihood of: cpd00215_c is 0.3075149771299467...
Loop152 pFBA...28088.0...Ave likelihood of: cpd00104_c is 0.19369490434234954...
Loop153 pFBA...34825.0...Ave likelihood of: cpd00393_c is 0.2544891256755104...
Loop154 pFBA...6053.0...Ave likelihood of: cpd00363_c is 0.42506381606037896...
Loop155 pFBA...9177.0...Ave likelihood of: cpd00281_c is 0.11761379767694678...
Loop156 pFBA...4137.0...Ave likelihood of: cpd00025_c is 0.3870360026583987...
Loop157 pFBA...20196.0...Ave likelihood of: cpd00811_c is 0.20765464237656145...
Loop158 pFBA...5571.0...Ave likelihood of: cpd00714_c is 0.4622654088769027...
38.217025133mins to complete!
