
The following have been reloaded with a version change:
  1) anaconda2/4.4.0 => anaconda2/5.1.0

Loading in models...Adding Water...Remove no-like rxns...Pruned 1 metabolites from model
Pruned 1 reactions from model
Set-up Universal...60.0seconds to complete

Loop0 pFBA...5364.0...Ave likelihood of: cpd00117_c is 0.39482494765759873...
Loop1 pFBA...7603.0...Ave likelihood of: cpd00186_c is 0.23277568767548948...
Loop2 pFBA...22402.0...Ave likelihood of: cpd00637_c is 0.18388236858155457...
Loop3 pFBA...6386.0...Ave likelihood of: cpd00550_c is 0.2948967073003927...
Loop4 pFBA...4200.0...Ave likelihood of: cpd00033_c is 0.226138303531984...
Loop5 pFBA...5236.0...Ave likelihood of: cpd00035_c is 0.39482494765759873...
Loop6 pFBA...18176.0...Ave likelihood of: cpd00051_c is 0.3082500752028486...
Loop7 pFBA...7949.0...Ave likelihood of: cpd00132_c is 0.19223889779191236...
Loop8 pFBA...5450.0...Ave likelihood of: cpd00041_c is 0.17530583895096102...
Loop9 pFBA...13564.0...Ave likelihood of: cpd00084_c is 0.251291825617323...
Loop10 pFBA...7344.0...Ave likelihood of: cpd00023_c is 0.13110239191113676...
Loop11 pFBA...9676.0...Ave likelihood of: cpd00053_c is 0.16542214476904876...
Loop12 pFBA...21693.0...Ave likelihood of: cpd00119_c is 0.15634945037031853...
Loop13 pFBA...17439.0...Ave likelihood of: cpd00322_c is 0.12621616718316672...
Loop14 pFBA...14905.0...Ave likelihood of: cpd00107_c is 0.19239168421953887...
Loop15 pFBA...20274.0...Ave likelihood of: cpd00039_c is 0.17505396543629842...
Loop16 pFBA...21402.0...Ave likelihood of: cpd00060_c is 0.18388236858155457...
Loop17 pFBA...20675.0...Ave likelihood of: cpd00066_c is 0.24998679861821022...
Loop18 pFBA...10611.0...Ave likelihood of: cpd00129_c is 0.13892296533412568...
Loop19 pFBA...5386.0...Ave likelihood of: cpd00054_c is 0.2996531058052378...
Loop20 pFBA...7864.0...Ave likelihood of: cpd00161_c is 0.3272191704534722...
Loop21 pFBA...28550.0...Ave likelihood of: cpd00065_c is 0.17806506019934035...
Loop22 pFBA...18542.0...Ave likelihood of: cpd00069_c is 0.25375024299882065...
Loop23 pFBA...8730.0...Ave likelihood of: cpd00156_c is 0.21641048607311325...
Loop24 pFBA...23959.0...Ave likelihood of: cpd00098_c is 0.21617968309852317...
Loop25 pFBA...14859.0...Ave likelihood of: cpd00274_c is 0.35075225143353067...
Loop26 pFBA...6120.0...Ave likelihood of: cpd00226_c is 0.38097382759209353...
Loop27 pFBA...4576.0...Ave likelihood of: cpd00246_c is 0.37975090963176894...
Loop28 pFBA...20384.0...Ave likelihood of: cpd00374_c is 0.237344060814075...
Loop29 pFBA...4150.0...Ave likelihood of: cpd00221_c is 0.3386081947940773...
Loop30 pFBA...3976.0...Ave likelihood of: cpd00159_c is 0.4162280268885722...
Loop31 pFBA...10132.0...Ave likelihood of: cpd00211_c is 0.24787981904604478...
Loop32 pFBA...4022.0...Ave likelihood of: cpd00047_c is 0.3516797161369968...
Loop33 pFBA...5239.0...Ave likelihood of: cpd00106_c is 0.16414433731270453...
Loop34 pFBA...7655.0...Ave likelihood of: cpd00141_c is 0.3327100162129242...
Loop35 pFBA...19626.0...Ave likelihood of: cpd00216_c is 0.28080711969293315...
Loop36 pFBA...5009.0...Ave likelihood of: cpd00036_c is 0.08027463521556163...
Loop37 pFBA...22328.0...Ave likelihood of: cpd00581_c is 0.13984092750817564...
Loop38 pFBA...4432.0...Ave likelihood of: cpd00128_c is 0.22724386983401912...
Loop39 pFBA...6000.0...Ave likelihood of: cpd00018_c is 0.31570990952633143...
Loop40 pFBA...5215.0...Ave likelihood of: cpd00091_c is 0.40756517726547586...
Loop41 pFBA...3566.0...Ave likelihood of: cpd00092_c is 0.37610532617136616...
Loop42 pFBA...62609.0...Ave likelihood of: cpd00305_c is 0.1782178907046956...
Loop43 pFBA...13821.0...Ave likelihood of: cpd00220_c is 0.25540316169283545...
Loop44 pFBA...14643.0...Ave likelihood of: cpd00218_c is 0.16722653453717146...
Loop45 pFBA...14451.0...Ave likelihood of: cpd00215_c is 0.28797244571393604...
Loop46 pFBA...28450.0...Ave likelihood of: cpd00104_c is 0.18557547267149982...
Loop47 pFBA...36410.0...Ave likelihood of: cpd00393_c is 0.15356750288954393...
Loop48 pFBA...6013.0...Ave likelihood of: cpd00363_c is 0.48124245287509554...
Loop49 pFBA...9189.0...Ave likelihood of: cpd00281_c is 0.11583286110340642...
Loop50 pFBA...4105.0...Ave likelihood of: cpd00025_c is 0.265079509347454...
Loop51 pFBA...20186.0...Ave likelihood of: cpd00811_c is 0.26037504522983534...
Loop52 pFBA...5364.0...Ave likelihood of: cpd00117_c is 0.39482494765759873...
Loop53 pFBA...7603.0...Ave likelihood of: cpd00186_c is 0.23277568767548948...
Loop54 pFBA...22481.0...Ave likelihood of: cpd00637_c is 0.12145159228396549...
Loop55 pFBA...6425.0...Ave likelihood of: cpd00550_c is 0.3802520040606435...
Loop56 pFBA...4200.0...Ave likelihood of: cpd00033_c is 0.22613830353198403...
Loop57 pFBA...5236.0...Ave likelihood of: cpd00035_c is 0.39482494765759873...
Loop58 pFBA...18544.0...Ave likelihood of: cpd00051_c is 0.308172665756872...
Loop59 pFBA...7949.0...Ave likelihood of: cpd00132_c is 0.19223889779191236...
Loop60 pFBA...5450.0...Ave likelihood of: cpd00041_c is 0.20913794521542337...
Loop61 pFBA...13759.0...Ave likelihood of: cpd00084_c is 0.25200245202226906...
Loop62 pFBA...7344.0...Ave likelihood of: cpd00023_c is 0.13110239191113676...
Loop63 pFBA...9676.0...Ave likelihood of: cpd00053_c is 0.16542214476904876...
Loop64 pFBA...21693.0...Ave likelihood of: cpd00119_c is 0.16286401080241517...
Loop65 pFBA...17439.0...Ave likelihood of: cpd00322_c is 0.12621616718316672...
Loop66 pFBA...14905.0...Ave likelihood of: cpd00107_c is 0.19239168421953887...
Loop67 pFBA...20715.0...Ave likelihood of: cpd00039_c is 0.2500203569472528...
Loop68 pFBA...21481.0...Ave likelihood of: cpd00060_c is 0.12313841995457613...
Loop69 pFBA...21396.0...Ave likelihood of: cpd00066_c is 0.28506912674307583...
Loop70 pFBA...10611.0...Ave likelihood of: cpd00129_c is 0.13892296533412568...
Loop71 pFBA...5425.0...Ave likelihood of: cpd00054_c is 0.4056021376646865...
Loop72 pFBA...7977.0...Ave likelihood of: cpd00161_c is 0.2414396847820501...
Loop73 pFBA...28550.0...Ave likelihood of: cpd00065_c is 0.1805052546189555...
Loop74 pFBA...19001.0...Ave likelihood of: cpd00069_c is 0.283176152713515...
Loop75 pFBA...8730.0...Ave likelihood of: cpd00156_c is 0.21641048607311325...
Loop76 pFBA...24362.0...Ave likelihood of: cpd00098_c is 0.2374620273766047...
Loop77 pFBA...15257.0...Ave likelihood of: cpd00274_c is 0.21302923578483926...
Loop78 pFBA...6120.0...Ave likelihood of: cpd00226_c is 0.38097382759209353...
Loop79 pFBA...4821.0...Ave likelihood of: cpd00246_c is 0.35786876423002995...
Loop80 pFBA...21111.0...Ave likelihood of: cpd00374_c is 0.26960412736709416...
Loop81 pFBA...4288.0...Ave likelihood of: cpd00221_c is 0.2957426959836523...
Loop82 pFBA...4135.0...Ave likelihood of: cpd00159_c is 0.39402704615131673...
Loop83 pFBA...10158.0...Ave likelihood of: cpd00211_c is 0.1344675168921865...
Loop84 pFBA...4076.0...Ave likelihood of: cpd00047_c is 0.4070062287696471...
Loop85 pFBA...5239.0...Ave likelihood of: cpd00106_c is 0.13896229847775307...
Loop86 pFBA...7794.0...Ave likelihood of: cpd00141_c is 0.1949096882669315...
Loop87 pFBA...20307.0...Ave likelihood of: cpd00216_c is 0.22887537424328766...
Loop88 pFBA...5009.0...Ave likelihood of: cpd00036_c is 0.08027463521556163...
Loop89 pFBA...22328.0...Ave likelihood of: cpd00581_c is 0.13666272461026255...
Loop90 pFBA...4432.0...Ave likelihood of: cpd00128_c is 0.22724386983401912...
Loop91 pFBA...6000.0...Ave likelihood of: cpd00018_c is 0.31570990952633143...
Loop92 pFBA...5215.0...Ave likelihood of: cpd00091_c is 0.40756517726547586...
Loop93 pFBA...3566.0...Ave likelihood of: cpd00092_c is 0.37610532617136616...
Loop94 pFBA...62684.0...Ave likelihood of: cpd00305_c is 0.1754844069519949...
Loop95 pFBA...13822.0...Ave likelihood of: cpd00220_c is 0.18507416637186494...
Loop96 pFBA...14808.0...Ave likelihood of: cpd00218_c is 0.1727668365068728...
Loop97 pFBA...14743.0...Ave likelihood of: cpd00215_c is 0.3120086668855326...
Loop98 pFBA...28529.0...Ave likelihood of: cpd00104_c is 0.16580824899346042...
Loop99 pFBA...36417.0...Ave likelihood of: cpd00393_c is 0.16735881477648162...
Loop100 pFBA...6427.0...Ave likelihood of: cpd00363_c is 0.4673375885695105...
Loop101 pFBA...9189.0...Ave likelihood of: cpd00281_c is 0.11583286110340642...
Loop102 pFBA...4229.0...Ave likelihood of: cpd00025_c is 0.3669655383834273...
Loop103 pFBA...20992.0...Ave likelihood of: cpd00811_c is 0.28230690814338366...
Loop104 pFBA...5364.0...Ave likelihood of: cpd00117_c is 0.39482494765759873...
Loop105 pFBA...7603.0...Ave likelihood of: cpd00186_c is 0.23277568767548948...
Loop106 pFBA...22453.0...Ave likelihood of: cpd00637_c is 0.17717949978193828...
Loop107 pFBA...6415.0...Ave likelihood of: cpd00550_c is 0.29811040491161106...
Loop108 pFBA...4200.0...Ave likelihood of: cpd00033_c is 0.22613830353198403...
Loop109 pFBA...5236.0...Ave likelihood of: cpd00035_c is 0.39482494765759873...
Loop110 pFBA...18266.0...Ave likelihood of: cpd00051_c is 0.2800699780696578...
Loop111 pFBA...7949.0...Ave likelihood of: cpd00132_c is 0.19223889779191236...
Loop112 pFBA...5450.0...Ave likelihood of: cpd00041_c is 0.18135086788030452...
Loop113 pFBA...13702.0...Ave likelihood of: cpd00084_c is 0.31323827229262924...
Loop114 pFBA...7344.0...Ave likelihood of: cpd00023_c is 0.13110239191113676...
Loop115 pFBA...9676.0...Ave likelihood of: cpd00053_c is 0.16542214476904876...
Loop116 pFBA...21693.0...Ave likelihood of: cpd00119_c is 0.15634945037031855...
Loop117 pFBA...17439.0...Ave likelihood of: cpd00322_c is 0.12621616718316672...
Loop118 pFBA...14905.0...Ave likelihood of: cpd00107_c is 0.19239168421953887...
Loop119 pFBA...20438.0...Ave likelihood of: cpd00039_c is 0.19535596919152834...
Loop120 pFBA...21453.0...Ave likelihood of: cpd00060_c is 0.17717949978193825...
Loop121 pFBA...20802.0...Ave likelihood of: cpd00066_c is 0.2680536009061901...
Loop122 pFBA...10611.0...Ave likelihood of: cpd00129_c is 0.13892296533412568...
Loop123 pFBA...5415.0...Ave likelihood of: cpd00054_c is 0.30459106588795043...
Loop124 pFBA...7859.0...Ave likelihood of: cpd00161_c is 0.32785223491523563...
Loop125 pFBA...28550.0...Ave likelihood of: cpd00065_c is 0.17806506019934035...
Loop126 pFBA...18596.0...Ave likelihood of: cpd00069_c is 0.256058359972627...
Loop127 pFBA...8730.0...Ave likelihood of: cpd00156_c is 0.21641048607311325...
Loop128 pFBA...23988.0...Ave likelihood of: cpd00098_c is 0.18393392054160573...
Loop129 pFBA...15023.0...Ave likelihood of: cpd00274_c is 0.3355128822260161...
Loop130 pFBA...6120.0...Ave likelihood of: cpd00226_c is 0.38097382759209353...
Loop131 pFBA...4607.0...Ave likelihood of: cpd00246_c is 0.3879879884138416...
Loop132 pFBA...20508.0...Ave likelihood of: cpd00374_c is 0.27390947476409727...
Loop133 pFBA...4267.0...Ave likelihood of: cpd00221_c is 0.3491626528651639...
Loop134 pFBA...4094.0...Ave likelihood of: cpd00159_c is 0.3332782331454774...
Loop135 pFBA...10129.0...Ave likelihood of: cpd00211_c is 0.24851288350780826...
Loop136 pFBA...4062.0...Ave likelihood of: cpd00047_c is 0.31601786865953746...
Loop137 pFBA...5239.0...Ave likelihood of: cpd00106_c is 0.16414433731270453...
Loop138 pFBA...7781.0...Ave likelihood of: cpd00141_c is 0.31438043958227924...
Loop139 pFBA...19860.0...Ave likelihood of: cpd00216_c is 0.2680797575913019...
Loop140 pFBA...5009.0...Ave likelihood of: cpd00036_c is 0.08027463521556163...
Loop141 pFBA...22328.0...Ave likelihood of: cpd00581_c is 0.13666272461026255...
Loop142 pFBA...4432.0...Ave likelihood of: cpd00128_c is 0.22724386983401912...
Loop143 pFBA...6000.0...Ave likelihood of: cpd00018_c is 0.31570990952633143...
Loop144 pFBA...5215.0...Ave likelihood of: cpd00091_c is 0.40756517726547586...
Loop145 pFBA...3566.0...Ave likelihood of: cpd00092_c is 0.37610532617136616...
Loop146 pFBA...62605.0...Ave likelihood of: cpd00305_c is 0.17847856430659814...
Loop147 pFBA...13813.0...Ave likelihood of: cpd00220_c is 0.2332173633470837...
Loop148 pFBA...14733.0...Ave likelihood of: cpd00218_c is 0.1711052929587696...
Loop149 pFBA...14442.0...Ave likelihood of: cpd00215_c is 0.27200518953676966...
Loop150 pFBA...28441.0...Ave likelihood of: cpd00104_c is 0.189961624811753...
Loop151 pFBA...36409.0...Ave likelihood of: cpd00393_c is 0.15405988635980444...
Loop152 pFBA...6011.0...Ave likelihood of: cpd00363_c is 0.4463220169087326...
Loop153 pFBA...9189.0...Ave likelihood of: cpd00281_c is 0.11583286110340642...
Loop154 pFBA...4143.0...Ave likelihood of: cpd00025_c is 0.32790345998751425...
Loop155 pFBA...20262.0...Ave likelihood of: cpd00811_c is 0.20447555989413946...
31.5546023687mins to complete!
