
The following have been reloaded with a version change:
  1) anaconda2/4.4.0 => anaconda2/5.1.0

Loading in models...Adding Water...Remove no-like rxns...Pruned 1 metabolites from model
Pruned 1 reactions from model
Set-up Universal...63.0seconds to complete

Loop0 pFBA...5365.0...Ave likelihood of: cpd00117_c is 0.3947301434875836...
Loop1 pFBA...7603.0...Ave likelihood of: cpd00186_c is 0.23283503436525566...
Loop2 pFBA...22370.0...Ave likelihood of: cpd00637_c is 0.18568917439181878...
Loop3 pFBA...6388.0...Ave likelihood of: cpd00550_c is 0.295131072676841...
Loop4 pFBA...4198.0...Ave likelihood of: cpd00033_c is 0.22632444617759584...
Loop5 pFBA...5238.0...Ave likelihood of: cpd00035_c is 0.3947301434875836...
Loop6 pFBA...18114.0...Ave likelihood of: cpd00051_c is 0.34779209507196546...
Loop7 pFBA...7990.0...Ave likelihood of: cpd00132_c is 0.17390627749152276...
Loop8 pFBA...5510.0...Ave likelihood of: cpd00041_c is 0.13391716682944205...
Loop9 pFBA...13564.0...Ave likelihood of: cpd00084_c is 0.32965088107254925...
Loop10 pFBA...7346.0...Ave likelihood of: cpd00023_c is 0.13075003916651107...
Loop11 pFBA...9678.0...Ave likelihood of: cpd00053_c is 0.165445020033444...
Loop12 pFBA...21153.0...Ave likelihood of: cpd00119_c is 0.13607221132924974...
Loop13 pFBA...17446.0...Ave likelihood of: cpd00322_c is 0.1257771605840204...
Loop14 pFBA...14894.0...Ave likelihood of: cpd00107_c is 0.24090115726725023...
Loop15 pFBA...20804.0...Ave likelihood of: cpd00039_c is 0.16545287547656878...
Loop16 pFBA...21370.0...Ave likelihood of: cpd00060_c is 0.18830451487621058...
Loop17 pFBA...20585.0...Ave likelihood of: cpd00066_c is 0.2521440813122613...
Loop18 pFBA...10606.0...Ave likelihood of: cpd00129_c is 0.139369549575988...
Loop19 pFBA...5388.0...Ave likelihood of: cpd00054_c is 0.29989125126840294...
Loop20 pFBA...7798.0...Ave likelihood of: cpd00161_c is 0.3713292218706168...
Loop21 pFBA...29288.0...Ave likelihood of: cpd00065_c is 0.2064199336764355...
Loop22 pFBA...18468.0...Ave likelihood of: cpd00069_c is 0.2437910497333683...
Loop23 pFBA...8732.0...Ave likelihood of: cpd00156_c is 0.21627236357427823...
Loop24 pFBA...23745.0...Ave likelihood of: cpd00098_c is 0.21316851561262848...
Loop25 pFBA...14865.0...Ave likelihood of: cpd00274_c is 0.3504475303512358...
Loop26 pFBA...6121.0...Ave likelihood of: cpd00226_c is 0.3805015904842047...
Loop27 pFBA...4516.0...Ave likelihood of: cpd00246_c is 0.3999382364867966...
Loop28 pFBA...20285.0...Ave likelihood of: cpd00374_c is 0.2623216577293425...
Loop29 pFBA...4161.0...Ave likelihood of: cpd00221_c is 0.33769962758398997...
Loop30 pFBA...3974.0...Ave likelihood of: cpd00159_c is 0.4483483438381593...
Loop31 pFBA...10112.0...Ave likelihood of: cpd00211_c is 0.23466171267297162...
Loop32 pFBA...4066.0...Ave likelihood of: cpd00047_c is 0.33998131641834867...
Loop33 pFBA...5235.0...Ave likelihood of: cpd00106_c is 0.16462395531880025...
Loop34 pFBA...7655.0...Ave likelihood of: cpd00141_c is 0.33263843078469557...
Loop35 pFBA...19670.0...Ave likelihood of: cpd00216_c is 0.24467866639585256...
Loop36 pFBA...5009.0...Ave likelihood of: cpd00036_c is 0.08024330490061056...
Loop37 pFBA...21787.0...Ave likelihood of: cpd00581_c is 0.1411119228599627...
Loop38 pFBA...4435.0...Ave likelihood of: cpd00128_c is 0.22646296552358533...
Loop39 pFBA...5999.0...Ave likelihood of: cpd00018_c is 0.31577425142150506...
Loop40 pFBA...5188.0...Ave likelihood of: cpd00091_c is 0.40926055216622537...
Loop41 pFBA...3564.0...Ave likelihood of: cpd00092_c is 0.3759030789819858...
Loop42 pFBA...62572.0...Ave likelihood of: cpd00305_c is 0.17799909587551868...
Loop43 pFBA...13751.0...Ave likelihood of: cpd00220_c is 0.29066435551987385...
Loop44 pFBA...14603.0...Ave likelihood of: cpd00218_c is 0.1875619430182068...
Loop45 pFBA...14383.0...Ave likelihood of: cpd00215_c is 0.30479110031420265...
Loop46 pFBA...28436.0...Ave likelihood of: cpd00104_c is 0.20510605569777784...
Loop47 pFBA...36418.0...Ave likelihood of: cpd00393_c is 0.15331130392693493...
Loop48 pFBA...5960.0...Ave likelihood of: cpd00363_c is 0.5006823578512878...
Loop49 pFBA...9191.0...Ave likelihood of: cpd00281_c is 0.1155745603732823...
Loop50 pFBA...4074.0...Ave likelihood of: cpd00025_c is 0.2655700922284582...
Loop51 pFBA...19986.0...Ave likelihood of: cpd00811_c is 0.2783034685217172...
Loop52 pFBA...5365.0...Ave likelihood of: cpd00117_c is 0.3947301434875836...
Loop53 pFBA...7603.0...Ave likelihood of: cpd00186_c is 0.23283503436525566...
Loop54 pFBA...22540.0...Ave likelihood of: cpd00637_c is 0.11229236232049772...
Loop55 pFBA...6426.0...Ave likelihood of: cpd00550_c is 0.38024356094481804...
Loop56 pFBA...4198.0...Ave likelihood of: cpd00033_c is 0.22632444617759584...
Loop57 pFBA...5238.0...Ave likelihood of: cpd00035_c is 0.3947301434875836...
Loop58 pFBA...18552.0...Ave likelihood of: cpd00051_c is 0.30778336261714234...
Loop59 pFBA...7990.0...Ave likelihood of: cpd00132_c is 0.17390627749152276...
Loop60 pFBA...5510.0...Ave likelihood of: cpd00041_c is 0.13391716682944205...
Loop61 pFBA...13754.0...Ave likelihood of: cpd00084_c is 0.2527047384517042...
Loop62 pFBA...7346.0...Ave likelihood of: cpd00023_c is 0.13075003916651107...
Loop63 pFBA...9678.0...Ave likelihood of: cpd00053_c is 0.165445020033444...
Loop64 pFBA...21153.0...Ave likelihood of: cpd00119_c is 0.13607221132924974...
Loop65 pFBA...17446.0...Ave likelihood of: cpd00322_c is 0.1257771605840204...
Loop66 pFBA...14895.0...Ave likelihood of: cpd00107_c is 0.19275560266312516...
Loop67 pFBA...21321.0...Ave likelihood of: cpd00039_c is 0.20202807910514572...
Loop68 pFBA...21540.0...Ave likelihood of: cpd00060_c is 0.11394372058991682...
Loop69 pFBA...21394.0...Ave likelihood of: cpd00066_c is 0.2842579325029043...
Loop70 pFBA...10606.0...Ave likelihood of: cpd00129_c is 0.139369549575988...
Loop71 pFBA...5426.0...Ave likelihood of: cpd00054_c is 0.40559313167447264...
Loop72 pFBA...7974.0...Ave likelihood of: cpd00161_c is 0.24194560790196604...
Loop73 pFBA...29298.0...Ave likelihood of: cpd00065_c is 0.1712268456352839...
Loop74 pFBA...18996.0...Ave likelihood of: cpd00069_c is 0.27970856681039985...
Loop75 pFBA...8732.0...Ave likelihood of: cpd00156_c is 0.21627236357427823...
Loop76 pFBA...24334.0...Ave likelihood of: cpd00098_c is 0.17580144009781168...
Loop77 pFBA...15263.0...Ave likelihood of: cpd00274_c is 0.21302495534921612...
Loop78 pFBA...6121.0...Ave likelihood of: cpd00226_c is 0.38050159048420473...
Loop79 pFBA...4821.0...Ave likelihood of: cpd00246_c is 0.358437922244089...
Loop80 pFBA...21104.0...Ave likelihood of: cpd00374_c is 0.27333592959768827...
Loop81 pFBA...4297.0...Ave likelihood of: cpd00221_c is 0.30528621211444584...
Loop82 pFBA...4134.0...Ave likelihood of: cpd00159_c is 0.31467841317822154...
Loop83 pFBA...10157.0...Ave likelihood of: cpd00211_c is 0.13469312778270467...
Loop84 pFBA...4128.0...Ave likelihood of: cpd00047_c is 0.39601079438160564...
Loop85 pFBA...5235.0...Ave likelihood of: cpd00106_c is 0.16462395531880025...
Loop86 pFBA...7794.0...Ave likelihood of: cpd00141_c is 0.19486100820505328...
Loop87 pFBA...20461.0...Ave likelihood of: cpd00216_c is 0.2284618754660684...
Loop88 pFBA...5009.0...Ave likelihood of: cpd00036_c is 0.08024330490061056...
Loop89 pFBA...21787.0...Ave likelihood of: cpd00581_c is 0.1411119228599627...
Loop90 pFBA...4435.0...Ave likelihood of: cpd00128_c is 0.22646296552358533...
Loop91 pFBA...5999.0...Ave likelihood of: cpd00018_c is 0.31577425142150506...
Loop92 pFBA...5188.0...Ave likelihood of: cpd00091_c is 0.40926055216622537...
Loop93 pFBA...3564.0...Ave likelihood of: cpd00092_c is 0.3759030789819858...
Loop94 pFBA...62650.0...Ave likelihood of: cpd00305_c is 0.17571347382226202...
Loop95 pFBA...13798.0...Ave likelihood of: cpd00220_c is 0.17617970868942964...
Loop96 pFBA...14830.0...Ave likelihood of: cpd00218_c is 0.17663149396235914...
Loop97 pFBA...14738.0...Ave likelihood of: cpd00215_c is 0.33146954461773265...
Loop98 pFBA...28516.0...Ave likelihood of: cpd00104_c is 0.1658845729475989...
Loop99 pFBA...36424.0...Ave likelihood of: cpd00393_c is 0.16992319753966534...
Loop100 pFBA...6455.0...Ave likelihood of: cpd00363_c is 0.4666032218314464...
Loop101 pFBA...9191.0...Ave likelihood of: cpd00281_c is 0.1155745603732823...
Loop102 pFBA...4227.0...Ave likelihood of: cpd00025_c is 0.3730165588798761...
Loop103 pFBA...20989.0...Ave likelihood of: cpd00811_c is 0.29461145184399995...
Loop104 pFBA...5365.0...Ave likelihood of: cpd00117_c is 0.3947301434875836...
Loop105 pFBA...7603.0...Ave likelihood of: cpd00186_c is 0.23283503436525566...
Loop106 pFBA...22524.0...Ave likelihood of: cpd00637_c is 0.15211651034274487...
Loop107 pFBA...6416.0...Ave likelihood of: cpd00550_c is 0.2985447108797941...
Loop108 pFBA...4198.0...Ave likelihood of: cpd00033_c is 0.22632444617759584...
Loop109 pFBA...5238.0...Ave likelihood of: cpd00035_c is 0.3947301434875836...
Loop110 pFBA...18271.0...Ave likelihood of: cpd00051_c is 0.28749969968232914...
Loop111 pFBA...7990.0...Ave likelihood of: cpd00132_c is 0.17390627749152282...
Loop112 pFBA...5510.0...Ave likelihood of: cpd00041_c is 0.13391716682944205...
Loop113 pFBA...13696.0...Ave likelihood of: cpd00084_c is 0.31421608132599355...
Loop114 pFBA...7346.0...Ave likelihood of: cpd00023_c is 0.13075003916651107...
Loop115 pFBA...9678.0...Ave likelihood of: cpd00053_c is 0.165445020033444...
Loop116 pFBA...21153.0...Ave likelihood of: cpd00119_c is 0.13607221132924974...
Loop117 pFBA...17446.0...Ave likelihood of: cpd00322_c is 0.1257771605840204...
Loop118 pFBA...14895.0...Ave likelihood of: cpd00107_c is 0.19275560266312516...
Loop119 pFBA...20919.0...Ave likelihood of: cpd00039_c is 0.166993049476699...
Loop120 pFBA...21524.0...Ave likelihood of: cpd00060_c is 0.15211651034274487...
Loop121 pFBA...20797.0...Ave likelihood of: cpd00066_c is 0.2684393736879692...
Loop122 pFBA...10606.0...Ave likelihood of: cpd00129_c is 0.139369549575988...
Loop123 pFBA...5416.0...Ave likelihood of: cpd00054_c is 0.3050348132902245...
Loop124 pFBA...7855.0...Ave likelihood of: cpd00161_c is 0.32847835356290783...
Loop125 pFBA...29298.0...Ave likelihood of: cpd00065_c is 0.1712268456352839...
Loop126 pFBA...18585.0...Ave likelihood of: cpd00069_c is 0.2567539473012247...
Loop127 pFBA...8732.0...Ave likelihood of: cpd00156_c is 0.21627236357427823...
Loop128 pFBA...23949.0...Ave likelihood of: cpd00098_c is 0.19782595046398146...
Loop129 pFBA...15006.0...Ave likelihood of: cpd00274_c is 0.33711137449489925...
Loop130 pFBA...6121.0...Ave likelihood of: cpd00226_c is 0.3805015904842048...
Loop131 pFBA...4606.0...Ave likelihood of: cpd00246_c is 0.3877264260843613...
Loop132 pFBA...20498.0...Ave likelihood of: cpd00374_c is 0.2742945838541611...
Loop133 pFBA...4277.0...Ave likelihood of: cpd00221_c is 0.3383112195497567...
Loop134 pFBA...4093.0...Ave likelihood of: cpd00159_c is 0.3338289881761688...
Loop135 pFBA...10128.0...Ave likelihood of: cpd00211_c is 0.24888011701026366...
Loop136 pFBA...4107.0...Ave likelihood of: cpd00047_c is 0.23972022047130323...
Loop137 pFBA...5235.0...Ave likelihood of: cpd00106_c is 0.16462395531880025...
Loop138 pFBA...7782.0...Ave likelihood of: cpd00141_c is 0.31731492438326275...
Loop139 pFBA...19971.0...Ave likelihood of: cpd00216_c is 0.22218855204051216...
Loop140 pFBA...5009.0...Ave likelihood of: cpd00036_c is 0.08024330490061056...
Loop141 pFBA...21787.0...Ave likelihood of: cpd00581_c is 0.1411119228599627...
Loop142 pFBA...4435.0...Ave likelihood of: cpd00128_c is 0.22646296552358533...
Loop143 pFBA...5999.0...Ave likelihood of: cpd00018_c is 0.31577425142150506...
Loop144 pFBA...5188.0...Ave likelihood of: cpd00091_c is 0.40926055216622537...
Loop145 pFBA...3564.0...Ave likelihood of: cpd00092_c is 0.3759030789819858...
Loop146 pFBA...62569.0...Ave likelihood of: cpd00305_c is 0.17739967979876395...
Loop147 pFBA...13795.0...Ave likelihood of: cpd00220_c is 0.2427745029947131...
Loop148 pFBA...14772.0...Ave likelihood of: cpd00218_c is 0.17941122041805763...
Loop149 pFBA...14433.0...Ave likelihood of: cpd00215_c is 0.2729543029969966...
Loop150 pFBA...28423.0...Ave likelihood of: cpd00104_c is 0.18815849519624012...
Loop151 pFBA...36416.0...Ave likelihood of: cpd00393_c is 0.15402335478333568...
Loop152 pFBA...6034.0...Ave likelihood of: cpd00363_c is 0.4456776678101412...
Loop153 pFBA...9191.0...Ave likelihood of: cpd00281_c is 0.1155745603732823...
Loop154 pFBA...4142.0...Ave likelihood of: cpd00025_c is 0.33486131719546636...
Loop155 pFBA...20247.0...Ave likelihood of: cpd00811_c is 0.2164804062244058...
32.9433060169mins to complete!
