
The following have been reloaded with a version change:
  1) anaconda2/4.4.0 => anaconda2/5.1.0

Loading in models...Adding Water...Remove no-like rxns...Pruned 1 metabolites from model
Pruned 1 reactions from model
Set-up Universal...71.0seconds to complete

Loop0 pFBA...6182.0...Ave likelihood of: cpd00117_c is 0.3132987277843567...
Loop1 pFBA...8227.0...Ave likelihood of: cpd00186_c is 0.12878551588220377...
Loop2 pFBA...23009.0...Ave likelihood of: cpd00637_c is 0.1775942181945879...
Loop3 pFBA...7109.0...Ave likelihood of: cpd00550_c is 0.21964779209912125...
Loop4 pFBA...4750.0...Ave likelihood of: cpd00033_c is 0.20698118037948998...
Loop5 pFBA...6052.0...Ave likelihood of: cpd00035_c is 0.18463109170708575...
Loop6 pFBA...19429.0...Ave likelihood of: cpd00051_c is 0.21064757700921918...
Loop7 pFBA...8917.0...Ave likelihood of: cpd00132_c is 0.10171233004880353...
Loop8 pFBA...6008.0...Ave likelihood of: cpd00041_c is 0.0553476036045945...
Loop9 pFBA...14372.0...Ave likelihood of: cpd00084_c is 0.23833660242011365...
Loop10 pFBA...7999.0...Ave likelihood of: cpd00023_c is 0.000132241249307688...
Loop11 pFBA...10599.0...Ave likelihood of: cpd00053_c is 0.08193358822690082...
Loop12 pFBA...22956.0...Ave likelihood of: cpd00119_c is 0.12817204694987985...
Loop13 pFBA...17782.0...Ave likelihood of: cpd00322_c is 0.2080554234517284...
Loop14 pFBA...14469.0...Ave likelihood of: cpd00107_c is 0.16600986906487192...
Loop15 pFBA...18202.0...Ave likelihood of: cpd00039_c is 0.2581881202148403...
Loop16 pFBA...22009.0...Ave likelihood of: cpd00060_c is 0.17946363101768883...
Loop17 pFBA...21474.0...Ave likelihood of: cpd00066_c is 0.1567553574357084...
Loop18 pFBA...11999.0...Ave likelihood of: cpd00129_c is 6.084352941635299e-05...
Loop19 pFBA...6109.0...Ave likelihood of: cpd00054_c is 0.2248775014348146...
Loop20 pFBA...8358.0...Ave likelihood of: cpd00161_c is 0.2820658380412078...
Loop21 pFBA...30017.0...Ave likelihood of: cpd00065_c is 0.12163958345879418...
Loop22 pFBA...19259.0...Ave likelihood of: cpd00069_c is 0.16916842475183197...
Loop23 pFBA...8422.0...Ave likelihood of: cpd00156_c is 0.11998807199429813...
Loop24 pFBA...24974.0...Ave likelihood of: cpd00098_c is 0.18131276606261285...
Loop25 pFBA...16236.0...Ave likelihood of: cpd00274_c is 0.2251746109840262...
Loop26 pFBA...7071.0...Ave likelihood of: cpd00226_c is 0.27824464929358095...
Loop27 pFBA...5063.0...Ave likelihood of: cpd00246_c is 0.294217379513494...
Loop28 pFBA...21251.0...Ave likelihood of: cpd00374_c is 0.18075635674038423...
Loop29 pFBA...4447.0...Ave likelihood of: cpd00221_c is 0.28670473718084777...
Loop30 pFBA...4288.0...Ave likelihood of: cpd00159_c is 0.3256526766397099...
Loop31 pFBA...10603.0...Ave likelihood of: cpd00211_c is 0.21104915798222654...
Loop32 pFBA...4118.0...Ave likelihood of: cpd00047_c is 0.3106930941786546...
Loop33 pFBA...5306.0...Ave likelihood of: cpd00106_c is 0.05221099935658082...
Loop34 pFBA...8034.0...Ave likelihood of: cpd00141_c is 0.28932640127474835...
Loop35 pFBA...20855.0...Ave likelihood of: cpd00216_c is 0.14383211823459618...
Loop36 pFBA...5065.0...Ave likelihood of: cpd00036_c is 0.04848393280226863...
Loop37 pFBA...22935.0...Ave likelihood of: cpd00581_c is 0.10175098787049346...
Loop38 pFBA...4993.0...Ave likelihood of: cpd00128_c is 0.09122208063535611...
Loop39 pFBA...6243.0...Ave likelihood of: cpd00018_c is 0.0829786394639446...
Loop40 pFBA...5574.0...Ave likelihood of: cpd00091_c is 0.1007479001883814...
Loop41 pFBA...4052.0...Ave likelihood of: cpd00092_c is 0.24799399498433433...
Loop42 pFBA...63529.0...Ave likelihood of: cpd00305_c is 0.13040823865969373...
Loop43 pFBA...13908.0...Ave likelihood of: cpd00220_c is 0.08374814824865677...
Loop44 pFBA...14741.0...Ave likelihood of: cpd00218_c is 0.09949586846320155...
Loop45 pFBA...14744.0...Ave likelihood of: cpd00215_c is 0.20590047466084058...
Loop46 pFBA...29132.0...Ave likelihood of: cpd00104_c is 0.14904175190851743...
Loop47 pFBA...36889.0...Ave likelihood of: cpd00393_c is 0.1536798612559182...
Loop48 pFBA...6406.0...Ave likelihood of: cpd00363_c is 0.37965139014005334...
Loop49 pFBA...9999.0...Ave likelihood of: cpd00281_c is 9.445803521977714e-05...
Loop50 pFBA...4240.0...Ave likelihood of: cpd00025_c is 0.3170473364157528...
Loop51 pFBA...21050.0...Ave likelihood of: cpd00811_c is 0.1976087195596285...
Loop52 pFBA...6182.0...Ave likelihood of: cpd00117_c is 0.3132987277843567...
Loop53 pFBA...8227.0...Ave likelihood of: cpd00186_c is 0.12878551588220377...
Loop54 pFBA...23052.0...Ave likelihood of: cpd00637_c is 0.16052856396448434...
Loop55 pFBA...7171.0...Ave likelihood of: cpd00550_c is 0.15247158905186536...
Loop56 pFBA...4750.0...Ave likelihood of: cpd00033_c is 0.20698118037948998...
Loop57 pFBA...6052.0...Ave likelihood of: cpd00035_c is 0.18463109170708575...
Loop58 pFBA...19640.0...Ave likelihood of: cpd00051_c is 0.22178496519594001...
Loop59 pFBA...8917.0...Ave likelihood of: cpd00132_c is 0.10171233004880353...
Loop60 pFBA...6008.0...Ave likelihood of: cpd00041_c is 0.0553476036045945...
Loop61 pFBA...14467.0...Ave likelihood of: cpd00084_c is 0.17485229461405333...
Loop62 pFBA...7999.0...Ave likelihood of: cpd00023_c is 0.000132241249307688...
Loop63 pFBA...10599.0...Ave likelihood of: cpd00053_c is 0.08419115439302201...
Loop64 pFBA...22956.0...Ave likelihood of: cpd00119_c is 0.12817204694987985...
Loop65 pFBA...17785.0...Ave likelihood of: cpd00322_c is 0.1690012162181288...
Loop66 pFBA...14469.0...Ave likelihood of: cpd00107_c is 0.16175320575551622...
Loop67 pFBA...18347.0...Ave likelihood of: cpd00039_c is 0.2574672143417034...
Loop68 pFBA...22052.0...Ave likelihood of: cpd00060_c is 0.16251039808750267...
Loop69 pFBA...22086.0...Ave likelihood of: cpd00066_c is 0.14259548279248918...
Loop70 pFBA...11999.0...Ave likelihood of: cpd00129_c is 6.760392157372554e-05...
Loop71 pFBA...6171.0...Ave likelihood of: cpd00054_c is 0.1607132965681824...
Loop72 pFBA...8538.0...Ave likelihood of: cpd00161_c is 0.23511350956736957...
Loop73 pFBA...30018.0...Ave likelihood of: cpd00065_c is 0.10160699758994403...
Loop74 pFBA...19691.0...Ave likelihood of: cpd00069_c is 0.16196179036212024...
Loop75 pFBA...8422.0...Ave likelihood of: cpd00156_c is 0.11998807199429813...
Loop76 pFBA...25265.0...Ave likelihood of: cpd00098_c is 0.11154568440524228...
Loop77 pFBA...16481.0...Ave likelihood of: cpd00274_c is 0.14664503601069062...
Loop78 pFBA...7071.0...Ave likelihood of: cpd00226_c is 0.27824464929358095...
Loop79 pFBA...5146.0...Ave likelihood of: cpd00246_c is 0.1802284409244999...
Loop80 pFBA...22005.0...Ave likelihood of: cpd00374_c is 0.1941514854168484...
Loop81 pFBA...4745.0...Ave likelihood of: cpd00221_c is 0.276193810171294...
Loop82 pFBA...4508.0...Ave likelihood of: cpd00159_c is 0.2839886071061598...
Loop83 pFBA...10679.0...Ave likelihood of: cpd00211_c is 0.11789615118091532...
Loop84 pFBA...4245.0...Ave likelihood of: cpd00047_c is 0.32691836513081646...
Loop85 pFBA...5306.0...Ave likelihood of: cpd00106_c is 0.05221099935658082...
Loop86 pFBA...8191.0...Ave likelihood of: cpd00141_c is 0.1513431509861655...
Loop87 pFBA...20993.0...Ave likelihood of: cpd00216_c is 0.15589105671833783...
Loop88 pFBA...5065.0...Ave likelihood of: cpd00036_c is 0.04848393280226863...
Loop89 pFBA...22935.0...Ave likelihood of: cpd00581_c is 0.10175098787049346...
Loop90 pFBA...4993.0...Ave likelihood of: cpd00128_c is 0.09122208063535611...
Loop91 pFBA...6243.0...Ave likelihood of: cpd00018_c is 0.0829786394639446...
Loop92 pFBA...5574.0...Ave likelihood of: cpd00091_c is 0.1007479001883814...
Loop93 pFBA...4052.0...Ave likelihood of: cpd00092_c is 0.24799399498433433...
Loop94 pFBA...63646.0...Ave likelihood of: cpd00305_c is 0.12139959358905995...
Loop95 pFBA...13908.0...Ave likelihood of: cpd00220_c is 0.08374814824865677...
Loop96 pFBA...14741.0...Ave likelihood of: cpd00218_c is 0.10110064053518866...
Loop97 pFBA...15220.0...Ave likelihood of: cpd00215_c is 0.18112110299104178...
Loop98 pFBA...29216.0...Ave likelihood of: cpd00104_c is 0.12999028700028237...
Loop99 pFBA...36889.0...Ave likelihood of: cpd00393_c is 0.15369126136361716...
Loop100 pFBA...7214.0...Ave likelihood of: cpd00363_c is 0.3599883766583504...
Loop101 pFBA...9999.0...Ave likelihood of: cpd00281_c is 9.445803521977714e-05...
Loop102 pFBA...4360.0...Ave likelihood of: cpd00025_c is 0.3167803155170204...
Loop103 pFBA...21815.0...Ave likelihood of: cpd00811_c is 0.12496317192208857...
Loop104 pFBA...6182.0...Ave likelihood of: cpd00117_c is 0.3132987277843567...
Loop105 pFBA...8227.0...Ave likelihood of: cpd00186_c is 0.12878551588220377...
Loop106 pFBA...22961.0...Ave likelihood of: cpd00637_c is 0.14361208540671683...
Loop107 pFBA...7136.0...Ave likelihood of: cpd00550_c is 0.20091441805305277...
Loop108 pFBA...4750.0...Ave likelihood of: cpd00033_c is 0.20698118037949...
Loop109 pFBA...6052.0...Ave likelihood of: cpd00035_c is 0.18463109170708575...
Loop110 pFBA...19402.0...Ave likelihood of: cpd00051_c is 0.21079824303706543...
Loop111 pFBA...8917.0...Ave likelihood of: cpd00132_c is 0.10171233004880353...
Loop112 pFBA...6008.0...Ave likelihood of: cpd00041_c is 0.0553476036045945...
Loop113 pFBA...14465.0...Ave likelihood of: cpd00084_c is 0.19399417902334745...
Loop114 pFBA...7999.0...Ave likelihood of: cpd00023_c is 0.000132241249307688...
Loop115 pFBA...10599.0...Ave likelihood of: cpd00053_c is 0.08419115439302201...
Loop116 pFBA...22956.0...Ave likelihood of: cpd00119_c is 0.12817204694987985...
Loop117 pFBA...17764.0...Ave likelihood of: cpd00322_c is 0.22505222061776284...
Loop118 pFBA...14469.0...Ave likelihood of: cpd00107_c is 0.16175320575551622...
Loop119 pFBA...18246.0...Ave likelihood of: cpd00039_c is 0.2280548732305182...
Loop120 pFBA...21961.0...Ave likelihood of: cpd00060_c is 0.17210153956766908...
Loop121 pFBA...21206.0...Ave likelihood of: cpd00066_c is 0.1678127265279546...
Loop122 pFBA...11999.0...Ave likelihood of: cpd00129_c is 6.084352941635299e-05...
Loop123 pFBA...6136.0...Ave likelihood of: cpd00054_c is 0.20518919290524534...
Loop124 pFBA...8367.0...Ave likelihood of: cpd00161_c is 0.27255953155927937...
Loop125 pFBA...30007.0...Ave likelihood of: cpd00065_c is 0.1320816525533428...
Loop126 pFBA...19087.0...Ave likelihood of: cpd00069_c is 0.18777548100668157...
Loop127 pFBA...8422.0...Ave likelihood of: cpd00156_c is 0.11998807199429813...
Loop128 pFBA...24821.0...Ave likelihood of: cpd00098_c is 0.18184361110242087...
Loop129 pFBA...16427.0...Ave likelihood of: cpd00274_c is 0.27870563327115844...
Loop130 pFBA...7071.0...Ave likelihood of: cpd00226_c is 0.27824464929358095...
Loop131 pFBA...5088.0...Ave likelihood of: cpd00246_c is 0.26432210679886375...
Loop132 pFBA...21017.0...Ave likelihood of: cpd00374_c is 0.17750835349979735...
Loop133 pFBA...4539.0...Ave likelihood of: cpd00221_c is 0.3182030122796159...
Loop134 pFBA...4399.0...Ave likelihood of: cpd00159_c is 0.31164511146166296...
Loop135 pFBA...10577.0...Ave likelihood of: cpd00211_c is 0.21579772152610738...
Loop136 pFBA...4195.0...Ave likelihood of: cpd00047_c is 0.3339867621164335...
Loop137 pFBA...5306.0...Ave likelihood of: cpd00106_c is 0.05221099935658082...
Loop138 pFBA...8129.0...Ave likelihood of: cpd00141_c is 0.21069824810046292...
Loop139 pFBA...20583.0...Ave likelihood of: cpd00216_c is 0.15380079143363887...
Loop140 pFBA...5065.0...Ave likelihood of: cpd00036_c is 0.04848393280226863...
Loop141 pFBA...22935.0...Ave likelihood of: cpd00581_c is 0.10175098787049346...
Loop142 pFBA...4993.0...Ave likelihood of: cpd00128_c is 0.09122208063535611...
Loop143 pFBA...6243.0...Ave likelihood of: cpd00018_c is 0.0829786394639446...
Loop144 pFBA...5574.0...Ave likelihood of: cpd00091_c is 0.1007479001883814...
Loop145 pFBA...4052.0...Ave likelihood of: cpd00092_c is 0.24799399498433433...
Loop146 pFBA...63485.0...Ave likelihood of: cpd00305_c is 0.1324044746813688...
Loop147 pFBA...13908.0...Ave likelihood of: cpd00220_c is 0.08374814824865677...
Loop148 pFBA...14741.0...Ave likelihood of: cpd00218_c is 0.09949586846320156...
Loop149 pFBA...14599.0...Ave likelihood of: cpd00215_c is 0.215074340579764...
Loop150 pFBA...29113.0...Ave likelihood of: cpd00104_c is 0.14702354924847863...
Loop151 pFBA...36889.0...Ave likelihood of: cpd00393_c is 0.1536798612559182...
Loop152 pFBA...6557.0...Ave likelihood of: cpd00363_c is 0.36194723731867817...
Loop153 pFBA...9999.0...Ave likelihood of: cpd00281_c is 9.445803521977714e-05...
Loop154 pFBA...4209.0...Ave likelihood of: cpd00025_c is 0.24997536472134665...
Loop155 pFBA...20852.0...Ave likelihood of: cpd00811_c is 0.2079896730994629...
33.3535436988mins to complete!
