
The following have been reloaded with a version change:
  1) anaconda2/4.4.0 => anaconda2/5.1.0

Loading in models...Adding Water...Remove no-like rxns...Pruned 1 metabolites from model
Pruned 1 reactions from model
Set-up Universal...63.0seconds to complete

Loop0 pFBA...5559.0...Ave likelihood of: cpd00117_c is 0.47371357987970497...
Loop1 pFBA...6841.0...Ave likelihood of: cpd00186_c is 0.3597987097235886...
Loop2 pFBA...21392.0...Ave likelihood of: cpd00637_c is 0.2769052003616223...
Loop3 pFBA...6424.0...Ave likelihood of: cpd00550_c is 0.3316706596577304...
Loop4 pFBA...4060.0...Ave likelihood of: cpd00033_c is 0.25416962833040585...
Loop5 pFBA...5437.0...Ave likelihood of: cpd00035_c is 0.47371357987970497...
Loop6 pFBA...18146.0...Ave likelihood of: cpd00051_c is 0.3096816441552517...
Loop7 pFBA...7913.0...Ave likelihood of: cpd00132_c is 0.24988876346049285...
Loop8 pFBA...5182.0...Ave likelihood of: cpd00041_c is 0.2230333562771548...
Loop9 pFBA...13629.0...Ave likelihood of: cpd00084_c is 0.2712324627588296...
Loop10 pFBA...6593.0...Ave likelihood of: cpd00023_c is 0.281486868724376...
Loop11 pFBA...9082.0...Ave likelihood of: cpd00053_c is 0.31093805432548777...
Loop12 pFBA...16375.0...Ave likelihood of: cpd00119_c is 0.33011666072511986...
Loop13 pFBA...16745.0...Ave likelihood of: cpd00322_c is 0.353709384053003...
Loop14 pFBA...14213.0...Ave likelihood of: cpd00107_c is 0.2639018512834968...
Loop15 pFBA...17685.0...Ave likelihood of: cpd00039_c is 0.30367235101445933...
Loop16 pFBA...20392.0...Ave likelihood of: cpd00060_c is 0.2804552670329251...
Loop17 pFBA...20601.0...Ave likelihood of: cpd00066_c is 0.24493098835909707...
Loop18 pFBA...10266.0...Ave likelihood of: cpd00129_c is 0.20306370872496007...
Loop19 pFBA...5424.0...Ave likelihood of: cpd00054_c is 0.33843944863033715...
Loop20 pFBA...7355.0...Ave likelihood of: cpd00161_c is 0.39869121822006687...
Loop21 pFBA...27273.0...Ave likelihood of: cpd00065_c is 0.24966885772186173...
Loop22 pFBA...18326.0...Ave likelihood of: cpd00069_c is 0.21086501015579912...
Loop23 pFBA...7674.0...Ave likelihood of: cpd00156_c is 0.33247673555631185...
Loop24 pFBA...23663.0...Ave likelihood of: cpd00098_c is 0.26362637957215984...
Loop25 pFBA...14162.0...Ave likelihood of: cpd00274_c is 0.19461941470166813...
Loop26 pFBA...6703.0...Ave likelihood of: cpd00226_c is 0.32304205689099835...
Loop27 pFBA...4461.0...Ave likelihood of: cpd00246_c is 0.43748746235889147...
Loop28 pFBA...20074.0...Ave likelihood of: cpd00374_c is 0.2190465107146191...
Loop29 pFBA...4759.0...Ave likelihood of: cpd00221_c is 0.4232784097582408...
Loop30 pFBA...4265.0...Ave likelihood of: cpd00159_c is 0.4223685093587924...
Loop31 pFBA...10343.0...Ave likelihood of: cpd00211_c is 0.3547235562836972...
Loop32 pFBA...3766.0...Ave likelihood of: cpd00047_c is 0.2905051198939585...
Loop33 pFBA...4999.0...Ave likelihood of: cpd00106_c is 0.1900239054251142...
Loop34 pFBA...7571.0...Ave likelihood of: cpd00141_c is 0.41238903004074795...
Loop35 pFBA...19223.0...Ave likelihood of: cpd00216_c is 0.2359229961422516...
Loop36 pFBA...4803.0...Ave likelihood of: cpd00036_c is 0.22808239093793062...
Loop37 pFBA...16943.0...Ave likelihood of: cpd00581_c is 0.32615906795590516...
Loop38 pFBA...4763.0...Ave likelihood of: cpd00128_c is 0.2214939633471832...
Loop39 pFBA...5861.0...Ave likelihood of: cpd00018_c is 0.2797682054228432...
Loop40 pFBA...5861.0...Ave likelihood of: cpd00091_c is 0.2797682054228432...
Loop41 pFBA...3613.0...Ave likelihood of: cpd00092_c is 0.36619480934432597...
Loop42 pFBA...63944.0...Ave likelihood of: cpd00305_c is 0.15966336787144042...
Loop43 pFBA...13692.0...Ave likelihood of: cpd00220_c is 0.3116814112255474...
Loop44 pFBA...14483.0...Ave likelihood of: cpd00218_c is 0.2125568171198479...
Loop45 pFBA...14599.0...Ave likelihood of: cpd00215_c is 0.29703471344436716...
Loop46 pFBA...28669.0...Ave likelihood of: cpd00104_c is 0.2071833920693164...
Loop47 pFBA...35890.0...Ave likelihood of: cpd00393_c is 0.17182101801290411...
Loop48 pFBA...5712.0...Ave likelihood of: cpd00363_c is 0.5637786368298285...
Loop49 pFBA...8589.0...Ave likelihood of: cpd00281_c is 0.20159682856724484...
Loop50 pFBA...4023.0...Ave likelihood of: cpd00025_c is 0.30718095567336734...
Loop51 pFBA...19604.0...Ave likelihood of: cpd00811_c is 0.257860019254227...
Loop52 pFBA...5421.0...Ave likelihood of: cpd00714_c is 0.370787066459572...
Loop53 pFBA...5559.0...Ave likelihood of: cpd00117_c is 0.47371357987970497...
Loop54 pFBA...6841.0...Ave likelihood of: cpd00186_c is 0.3597987097235886...
Loop55 pFBA...21675.0...Ave likelihood of: cpd00637_c is 0.2760820564616327...
Loop56 pFBA...6488.0...Ave likelihood of: cpd00550_c is 0.2976913874853972...
Loop57 pFBA...4061.0...Ave likelihood of: cpd00033_c is 0.23692781889423445...
Loop58 pFBA...5437.0...Ave likelihood of: cpd00035_c is 0.47371357987970497...
Loop59 pFBA...18337.0...Ave likelihood of: cpd00051_c is 0.2829211152397645...
Loop60 pFBA...7913.0...Ave likelihood of: cpd00132_c is 0.24988876346049285...
Loop61 pFBA...5182.0...Ave likelihood of: cpd00041_c is 0.2230333562771548...
Loop62 pFBA...13758.0...Ave likelihood of: cpd00084_c is 0.24624542383190273...
Loop63 pFBA...6593.0...Ave likelihood of: cpd00023_c is 0.281486868724376...
Loop64 pFBA...9082.0...Ave likelihood of: cpd00053_c is 0.31093805432548777...
Loop65 pFBA...16375.0...Ave likelihood of: cpd00119_c is 0.3236437850246273...
Loop66 pFBA...16754.0...Ave likelihood of: cpd00322_c is 0.2399179222102977...
Loop67 pFBA...14213.0...Ave likelihood of: cpd00107_c is 0.2639018512834968...
Loop68 pFBA...17916.0...Ave likelihood of: cpd00039_c is 0.33916534880916605...
Loop69 pFBA...20675.0...Ave likelihood of: cpd00060_c is 0.2794083462985198...
Loop70 pFBA...21486.0...Ave likelihood of: cpd00066_c is 0.22750168694211365...
Loop71 pFBA...10266.0...Ave likelihood of: cpd00129_c is 0.20306370872496007...
Loop72 pFBA...5488.0...Ave likelihood of: cpd00054_c is 0.30699424334431585...
Loop73 pFBA...7651.0...Ave likelihood of: cpd00161_c is 0.3417212773417717...
Loop74 pFBA...27273.0...Ave likelihood of: cpd00065_c is 0.2496688577218618...
Loop75 pFBA...18896.0...Ave likelihood of: cpd00069_c is 0.23651603663496118...
Loop76 pFBA...7674.0...Ave likelihood of: cpd00156_c is 0.33247673555631185...
Loop77 pFBA...24603.0...Ave likelihood of: cpd00098_c is 0.25806628024832057...
Loop78 pFBA...14162.0...Ave likelihood of: cpd00274_c is 0.19461941470166813...
Loop79 pFBA...6703.0...Ave likelihood of: cpd00226_c is 0.32304205689099835...
Loop80 pFBA...4801.0...Ave likelihood of: cpd00246_c is 0.3630802295583479...
Loop81 pFBA...20870.0...Ave likelihood of: cpd00374_c is 0.22602432831001815...
Loop82 pFBA...5067.0...Ave likelihood of: cpd00221_c is 0.3486925634206931...
Loop83 pFBA...4330.0...Ave likelihood of: cpd00159_c is 0.3825334641019556...
Loop84 pFBA...10515.0...Ave likelihood of: cpd00211_c is 0.2137584459725537...
Loop85 pFBA...3766.0...Ave likelihood of: cpd00047_c is 0.2191631577493143...
Loop86 pFBA...4999.0...Ave likelihood of: cpd00106_c is 0.1900239054251142...
Loop87 pFBA...7727.0...Ave likelihood of: cpd00141_c is 0.32454251819701546...
Loop88 pFBA...20337.0...Ave likelihood of: cpd00216_c is 0.2156573102061593...
Loop89 pFBA...4803.0...Ave likelihood of: cpd00036_c is 0.22808239093793062...
Loop90 pFBA...16943.0...Ave likelihood of: cpd00581_c is 0.32615906795590516...
Loop91 pFBA...4763.0...Ave likelihood of: cpd00128_c is 0.2214939633471832...
Loop92 pFBA...5861.0...Ave likelihood of: cpd00018_c is 0.2797682054228432...
Loop93 pFBA...5861.0...Ave likelihood of: cpd00091_c is 0.2797682054228432...
Loop94 pFBA...3623.0...Ave likelihood of: cpd00092_c is 0.3208353813364697...
Loop95 pFBA...64117.0...Ave likelihood of: cpd00305_c is 0.11942071316281841...
Loop96 pFBA...14139.0...Ave likelihood of: cpd00220_c is 0.17352544283223134...
Loop97 pFBA...14736.0...Ave likelihood of: cpd00218_c is 0.20815933530086522...
Loop98 pFBA...15124.0...Ave likelihood of: cpd00215_c is 0.35934998688404046...
Loop99 pFBA...28720.0...Ave likelihood of: cpd00104_c is 0.17119035004402555...
Loop100 pFBA...35900.0...Ave likelihood of: cpd00393_c is 0.17156974463257216...
Loop101 pFBA...6414.0...Ave likelihood of: cpd00363_c is 0.38613607622748153...
Loop102 pFBA...8589.0...Ave likelihood of: cpd00281_c is 0.20159682856724484...
Loop103 pFBA...4212.0...Ave likelihood of: cpd00025_c is 0.3358729279518316...
Loop104 pFBA...20500.0...Ave likelihood of: cpd00811_c is 0.29961765905903837...
Loop105 pFBA...6412.0...Ave likelihood of: cpd00714_c is 0.4221308671606836...
Loop106 pFBA...5559.0...Ave likelihood of: cpd00117_c is 0.47371357987970497...
Loop107 pFBA...6841.0...Ave likelihood of: cpd00186_c is 0.3597987097235886...
Loop108 pFBA...21572.0...Ave likelihood of: cpd00637_c is 0.2442547543090698...
Loop109 pFBA...6444.0...Ave likelihood of: cpd00550_c is 0.32905672092379346...
Loop110 pFBA...4061.0...Ave likelihood of: cpd00033_c is 0.22746625841353837...
Loop111 pFBA...5437.0...Ave likelihood of: cpd00035_c is 0.47371357987970497...
Loop112 pFBA...18237.0...Ave likelihood of: cpd00051_c is 0.2716977722213434...
Loop113 pFBA...7913.0...Ave likelihood of: cpd00132_c is 0.24988876346049285...
Loop114 pFBA...5182.0...Ave likelihood of: cpd00041_c is 0.2230333562771548...
Loop115 pFBA...13739.0...Ave likelihood of: cpd00084_c is 0.2336620882491401...
Loop116 pFBA...6593.0...Ave likelihood of: cpd00023_c is 0.281486868724376...
Loop117 pFBA...9082.0...Ave likelihood of: cpd00053_c is 0.31093805432548777...
Loop118 pFBA...16375.0...Ave likelihood of: cpd00119_c is 0.3236437850246273...
Loop119 pFBA...16754.0...Ave likelihood of: cpd00322_c is 0.2399179222102977...
Loop120 pFBA...14213.0...Ave likelihood of: cpd00107_c is 0.2639018512834968...
Loop121 pFBA...17739.0...Ave likelihood of: cpd00039_c is 0.283642128419906...
Loop122 pFBA...20572.0...Ave likelihood of: cpd00060_c is 0.2475114843665241...
Loop123 pFBA...20958.0...Ave likelihood of: cpd00066_c is 0.22578214491947912...
Loop124 pFBA...10266.0...Ave likelihood of: cpd00129_c is 0.20306370872496007...
Loop125 pFBA...5444.0...Ave likelihood of: cpd00054_c is 0.33621012790039767...
Loop126 pFBA...7506.0...Ave likelihood of: cpd00161_c is 0.35405624493010096...
Loop127 pFBA...27273.0...Ave likelihood of: cpd00065_c is 0.2496688577218618...
Loop128 pFBA...18492.0...Ave likelihood of: cpd00069_c is 0.19360008815233956...
Loop129 pFBA...7674.0...Ave likelihood of: cpd00156_c is 0.33247673555631185...
Loop130 pFBA...24147.0...Ave likelihood of: cpd00098_c is 0.24087921920728708...
Loop131 pFBA...14162.0...Ave likelihood of: cpd00274_c is 0.19461941470166813...
Loop132 pFBA...6703.0...Ave likelihood of: cpd00226_c is 0.32304205689099835...
Loop133 pFBA...4642.0...Ave likelihood of: cpd00246_c is 0.2264168209796364...
Loop134 pFBA...20454.0...Ave likelihood of: cpd00374_c is 0.20862674657592795...
Loop135 pFBA...4958.0...Ave likelihood of: cpd00221_c is 0.1917959637537455...
Loop136 pFBA...4315.0...Ave likelihood of: cpd00159_c is 0.34682991291532056...
Loop137 pFBA...10491.0...Ave likelihood of: cpd00211_c is 0.33662811468352904...
Loop138 pFBA...3766.0...Ave likelihood of: cpd00047_c is 0.2191631577493143...
Loop139 pFBA...4999.0...Ave likelihood of: cpd00106_c is 0.1900239054251142...
Loop140 pFBA...7678.0...Ave likelihood of: cpd00141_c is 0.3713208982205894...
Loop141 pFBA...19651.0...Ave likelihood of: cpd00216_c is 0.22987929330825338...
Loop142 pFBA...4803.0...Ave likelihood of: cpd00036_c is 0.22808239093793062...
Loop143 pFBA...16943.0...Ave likelihood of: cpd00581_c is 0.32615906795590516...
Loop144 pFBA...4763.0...Ave likelihood of: cpd00128_c is 0.2214939633471832...
Loop145 pFBA...5861.0...Ave likelihood of: cpd00018_c is 0.2797682054228432...
Loop146 pFBA...5861.0...Ave likelihood of: cpd00091_c is 0.2797682054228432...
Loop147 pFBA...3623.0...Ave likelihood of: cpd00092_c is 0.3208353813364697...
Loop148 pFBA...64117.0...Ave likelihood of: cpd00305_c is 0.12188299590844354...
Loop149 pFBA...13986.0...Ave likelihood of: cpd00220_c is 0.26930873964498586...
Loop150 pFBA...14685.0...Ave likelihood of: cpd00218_c is 0.1339384672800577...
Loop151 pFBA...14817.0...Ave likelihood of: cpd00215_c is 0.24277526254124462...
Loop152 pFBA...28711.0...Ave likelihood of: cpd00104_c is 0.19886981732560546...
Loop153 pFBA...35890.0...Ave likelihood of: cpd00393_c is 0.15350139808565477...
Loop154 pFBA...6087.0...Ave likelihood of: cpd00363_c is 0.43462924065779024...
Loop155 pFBA...8589.0...Ave likelihood of: cpd00281_c is 0.20159682856724484...
Loop156 pFBA...4141.0...Ave likelihood of: cpd00025_c is 0.31946830376852386...
Loop157 pFBA...19991.0...Ave likelihood of: cpd00811_c is 0.2710739520344905...
Loop158 pFBA...6164.0...Ave likelihood of: cpd00714_c is 0.29365823477813674...
32.436112682mins to complete!
