
The following have been reloaded with a version change:
  1) anaconda2/4.4.0 => anaconda2/5.1.0

Loading in models...Adding Water...Remove no-like rxns...Pruned 1 metabolites from model
Pruned 1 reactions from model
Set-up Universal...61.0seconds to complete

Loop0 pFBA...5568.0...Ave likelihood of: cpd00117_c is 0.4716941651397013...
Loop1 pFBA...6841.0...Ave likelihood of: cpd00186_c is 0.3597987097235886...
Loop2 pFBA...21379.0...Ave likelihood of: cpd00637_c is 0.27836348893363305...
Loop3 pFBA...6430.0...Ave likelihood of: cpd00550_c is 0.34682302303504714...
Loop4 pFBA...4056.0...Ave likelihood of: cpd00033_c is 0.2559019628826352...
Loop5 pFBA...5446.0...Ave likelihood of: cpd00035_c is 0.4716941651397013...
Loop6 pFBA...18095.0...Ave likelihood of: cpd00051_c is 0.3113880303976362...
Loop7 pFBA...7915.0...Ave likelihood of: cpd00132_c is 0.2496622691162885...
Loop8 pFBA...5185.0...Ave likelihood of: cpd00041_c is 0.22280339629574458...
Loop9 pFBA...13622.0...Ave likelihood of: cpd00084_c is 0.2726390321665456...
Loop10 pFBA...6593.0...Ave likelihood of: cpd00023_c is 0.281486868724376...
Loop11 pFBA...9082.0...Ave likelihood of: cpd00053_c is 0.3109117614801122...
Loop12 pFBA...16380.0...Ave likelihood of: cpd00119_c is 0.3235253260160589...
Loop13 pFBA...16751.0...Ave likelihood of: cpd00322_c is 0.35385765377435696...
Loop14 pFBA...14214.0...Ave likelihood of: cpd00107_c is 0.26381568758279317...
Loop15 pFBA...17677.0...Ave likelihood of: cpd00039_c is 0.2961935453317196...
Loop16 pFBA...20379.0...Ave likelihood of: cpd00060_c is 0.2819322516122694...
Loop17 pFBA...20572.0...Ave likelihood of: cpd00066_c is 0.24005469727759488...
Loop18 pFBA...10266.0...Ave likelihood of: cpd00129_c is 0.20312780355824597...
Loop19 pFBA...5430.0...Ave likelihood of: cpd00054_c is 0.35420223629111197...
Loop20 pFBA...7345.0...Ave likelihood of: cpd00161_c is 0.3984466336655959...
Loop21 pFBA...26521.0...Ave likelihood of: cpd00065_c is 0.2694650216601298...
Loop22 pFBA...18302.0...Ave likelihood of: cpd00069_c is 0.214570271767227...
Loop23 pFBA...7674.0...Ave likelihood of: cpd00156_c is 0.3324143071806583...
Loop24 pFBA...23618.0...Ave likelihood of: cpd00098_c is 0.2654437062150413...
Loop25 pFBA...14167.0...Ave likelihood of: cpd00274_c is 0.19435835172623747...
Loop26 pFBA...6627.0...Ave likelihood of: cpd00226_c is 0.32631906235266916...
Loop27 pFBA...4454.0...Ave likelihood of: cpd00246_c is 0.4384069514415526...
Loop28 pFBA...20026.0...Ave likelihood of: cpd00374_c is 0.22663736125215556...
Loop29 pFBA...4760.0...Ave likelihood of: cpd00221_c is 0.42314413995298705...
Loop30 pFBA...4282.0...Ave likelihood of: cpd00159_c is 0.42241624890294255...
Loop31 pFBA...10344.0...Ave likelihood of: cpd00211_c is 0.3542201282106113...
Loop32 pFBA...3764.0...Ave likelihood of: cpd00047_c is 0.29140827461567415...
Loop33 pFBA...5001.0...Ave likelihood of: cpd00106_c is 0.1898149230158687...
Loop34 pFBA...7564.0...Ave likelihood of: cpd00141_c is 0.4126963990342319...
Loop35 pFBA...19206.0...Ave likelihood of: cpd00216_c is 0.2372880607570018...
Loop36 pFBA...4804.0...Ave likelihood of: cpd00036_c is 0.41674831190404166...
Loop37 pFBA...16948.0...Ave likelihood of: cpd00581_c is 0.3260410193929718...
Loop38 pFBA...4746.0...Ave likelihood of: cpd00128_c is 0.34608813950991973...
Loop39 pFBA...5862.0...Ave likelihood of: cpd00018_c is 0.2797356070699775...
Loop40 pFBA...5862.0...Ave likelihood of: cpd00091_c is 0.2797356070699775...
Loop41 pFBA...3607.0...Ave likelihood of: cpd00092_c is 0.36813407790541847...
Loop42 pFBA...63845.0...Ave likelihood of: cpd00305_c is 0.15980030634926584...
Loop43 pFBA...13661.0...Ave likelihood of: cpd00220_c is 0.2968237139542565...
Loop44 pFBA...14450.0...Ave likelihood of: cpd00218_c is 0.21492962754978817...
Loop45 pFBA...14495.0...Ave likelihood of: cpd00215_c is 0.2994614295061814...
Loop46 pFBA...28670.0...Ave likelihood of: cpd00104_c is 0.20723840386578352...
Loop47 pFBA...36053.0...Ave likelihood of: cpd00393_c is 0.17013470903448405...
Loop48 pFBA...5591.0...Ave likelihood of: cpd00363_c is 0.5691931143439786...
Loop49 pFBA...8589.0...Ave likelihood of: cpd00281_c is 0.2015931055338657...
Loop50 pFBA...4020.0...Ave likelihood of: cpd00025_c is 0.28301843136091437...
Loop51 pFBA...19590.0...Ave likelihood of: cpd00811_c is 0.25991415649658006...
Loop52 pFBA...5367.0...Ave likelihood of: cpd00714_c is 0.3764297428996011...
Loop53 pFBA...5568.0...Ave likelihood of: cpd00117_c is 0.4716941651397013...
Loop54 pFBA...6841.0...Ave likelihood of: cpd00186_c is 0.3597987097235886...
Loop55 pFBA...21649.0...Ave likelihood of: cpd00637_c is 0.2782801877334944...
Loop56 pFBA...6502.0...Ave likelihood of: cpd00550_c is 0.297471469750639...
Loop57 pFBA...4057.0...Ave likelihood of: cpd00033_c is 0.2429193901811846...
Loop58 pFBA...5446.0...Ave likelihood of: cpd00035_c is 0.4716941651397013...
Loop59 pFBA...18313.0...Ave likelihood of: cpd00051_c is 0.2795135518779768...
Loop60 pFBA...7915.0...Ave likelihood of: cpd00132_c is 0.24966226911628855...
Loop61 pFBA...5185.0...Ave likelihood of: cpd00041_c is 0.22280339629574458...
Loop62 pFBA...13755.0...Ave likelihood of: cpd00084_c is 0.24751375223991692...
Loop63 pFBA...6593.0...Ave likelihood of: cpd00023_c is 0.281486868724376...
Loop64 pFBA...9082.0...Ave likelihood of: cpd00053_c is 0.3109117614801122...
Loop65 pFBA...16380.0...Ave likelihood of: cpd00119_c is 0.3299958325363801...
Loop66 pFBA...16761.0...Ave likelihood of: cpd00322_c is 0.2395016507106555...
Loop67 pFBA...14214.0...Ave likelihood of: cpd00107_c is 0.26381568758279317...
Loop68 pFBA...17904.0...Ave likelihood of: cpd00039_c is 0.3416667063264488...
Loop69 pFBA...20649.0...Ave likelihood of: cpd00060_c is 0.28163296107968105...
Loop70 pFBA...21447.0...Ave likelihood of: cpd00066_c is 0.22967125448999223...
Loop71 pFBA...10266.0...Ave likelihood of: cpd00129_c is 0.20312780355824597...
Loop72 pFBA...5502.0...Ave likelihood of: cpd00054_c is 0.3067674531803464...
Loop73 pFBA...7654.0...Ave likelihood of: cpd00161_c is 0.36566031718461617...
Loop74 pFBA...26521.0...Ave likelihood of: cpd00065_c is 0.2694650216601298...
Loop75 pFBA...18859.0...Ave likelihood of: cpd00069_c is 0.23835848577623273...
Loop76 pFBA...7674.0...Ave likelihood of: cpd00156_c is 0.3324143071806583...
Loop77 pFBA...24531.0...Ave likelihood of: cpd00098_c is 0.27197280350088954...
Loop78 pFBA...14167.0...Ave likelihood of: cpd00274_c is 0.19435835172623747...
Loop79 pFBA...6627.0...Ave likelihood of: cpd00226_c is 0.32631906235266916...
Loop80 pFBA...4789.0...Ave likelihood of: cpd00246_c is 0.3643646321205764...
Loop81 pFBA...20814.0...Ave likelihood of: cpd00374_c is 0.22189828780870843...
Loop82 pFBA...5085.0...Ave likelihood of: cpd00221_c is 0.35796816788591657...
Loop83 pFBA...4347.0...Ave likelihood of: cpd00159_c is 0.3839250601494771...
Loop84 pFBA...10521.0...Ave likelihood of: cpd00211_c is 0.21346172369041044...
Loop85 pFBA...3766.0...Ave likelihood of: cpd00047_c is 0.21910852115686627...
Loop86 pFBA...5001.0...Ave likelihood of: cpd00106_c is 0.1898149230158687...
Loop87 pFBA...7735.0...Ave likelihood of: cpd00141_c is 0.3235886918592958...
Loop88 pFBA...20276.0...Ave likelihood of: cpd00216_c is 0.22244131574278628...
Loop89 pFBA...4804.0...Ave likelihood of: cpd00036_c is 0.22792186853661167...
Loop90 pFBA...16948.0...Ave likelihood of: cpd00581_c is 0.3260410193929718...
Loop91 pFBA...4746.0...Ave likelihood of: cpd00128_c is 0.34608813950991973...
Loop92 pFBA...5862.0...Ave likelihood of: cpd00018_c is 0.2797356070699775...
Loop93 pFBA...5862.0...Ave likelihood of: cpd00091_c is 0.2797356070699775...
Loop94 pFBA...3616.0...Ave likelihood of: cpd00092_c is 0.32199819657499285...
Loop95 pFBA...64032.0...Ave likelihood of: cpd00305_c is 0.12338327057022647...
Loop96 pFBA...14047.0...Ave likelihood of: cpd00220_c is 0.18343395984282104...
Loop97 pFBA...14704.0...Ave likelihood of: cpd00218_c is 0.21973779196752227...
Loop98 pFBA...15050.0...Ave likelihood of: cpd00215_c is 0.3480334598346998...
Loop99 pFBA...28719.0...Ave likelihood of: cpd00104_c is 0.17007716840852374...
Loop100 pFBA...36062.0...Ave likelihood of: cpd00393_c is 0.17073193055373978...
Loop101 pFBA...6322.0...Ave likelihood of: cpd00363_c is 0.5154433116251778...
Loop102 pFBA...8589.0...Ave likelihood of: cpd00281_c is 0.2015931055338657...
Loop103 pFBA...4207.0...Ave likelihood of: cpd00025_c is 0.39261311042729957...
Loop104 pFBA...20462.0...Ave likelihood of: cpd00811_c is 0.30170952677990703...
Loop105 pFBA...6325.0...Ave likelihood of: cpd00714_c is 0.4291132321372195...
Loop106 pFBA...5568.0...Ave likelihood of: cpd00117_c is 0.4716941651397013...
Loop107 pFBA...6841.0...Ave likelihood of: cpd00186_c is 0.3597987097235886...
Loop108 pFBA...21554.0...Ave likelihood of: cpd00637_c is 0.2499435181953039...
Loop109 pFBA...6457.0...Ave likelihood of: cpd00550_c is 0.30224303599800545...
Loop110 pFBA...4057.0...Ave likelihood of: cpd00033_c is 0.2282075556708577...
Loop111 pFBA...5446.0...Ave likelihood of: cpd00035_c is 0.4716941651397013...
Loop112 pFBA...18194.0...Ave likelihood of: cpd00051_c is 0.272894716205729...
Loop113 pFBA...7915.0...Ave likelihood of: cpd00132_c is 0.24966226911628855...
Loop114 pFBA...5185.0...Ave likelihood of: cpd00041_c is 0.22280339629574458...
Loop115 pFBA...13741.0...Ave likelihood of: cpd00084_c is 0.23079273176653087...
Loop116 pFBA...6593.0...Ave likelihood of: cpd00023_c is 0.281486868724376...
Loop117 pFBA...9082.0...Ave likelihood of: cpd00053_c is 0.3109117614801122...
Loop118 pFBA...16380.0...Ave likelihood of: cpd00119_c is 0.3299958325363801...
Loop119 pFBA...16761.0...Ave likelihood of: cpd00322_c is 0.2395016507106555...
Loop120 pFBA...14214.0...Ave likelihood of: cpd00107_c is 0.26381568758279317...
Loop121 pFBA...17738.0...Ave likelihood of: cpd00039_c is 0.28476329800111927...
Loop122 pFBA...20554.0...Ave likelihood of: cpd00060_c is 0.2532322486978737...
Loop123 pFBA...20950.0...Ave likelihood of: cpd00066_c is 0.226598679944768...
Loop124 pFBA...10266.0...Ave likelihood of: cpd00129_c is 0.20312780355824597...
Loop125 pFBA...5457.0...Ave likelihood of: cpd00054_c is 0.3085397659146305...
Loop126 pFBA...7523.0...Ave likelihood of: cpd00161_c is 0.36816182038219697...
Loop127 pFBA...26521.0...Ave likelihood of: cpd00065_c is 0.2694650216601298...
Loop128 pFBA...18484.0...Ave likelihood of: cpd00069_c is 0.19430877846990763...
Loop129 pFBA...7674.0...Ave likelihood of: cpd00156_c is 0.3324143071806583...
Loop130 pFBA...24127.0...Ave likelihood of: cpd00098_c is 0.24177220774553876...
Loop131 pFBA...14167.0...Ave likelihood of: cpd00274_c is 0.19435835172623747...
Loop132 pFBA...6627.0...Ave likelihood of: cpd00226_c is 0.32631906235266916...
Loop133 pFBA...4642.0...Ave likelihood of: cpd00246_c is 0.2282015303319529...
Loop134 pFBA...20438.0...Ave likelihood of: cpd00374_c is 0.21644456846497354...
Loop135 pFBA...4968.0...Ave likelihood of: cpd00221_c is 0.190264415158873...
Loop136 pFBA...4333.0...Ave likelihood of: cpd00159_c is 0.34578609851444214...
Loop137 pFBA...10496.0...Ave likelihood of: cpd00211_c is 0.33628445304468124...
Loop138 pFBA...3766.0...Ave likelihood of: cpd00047_c is 0.21910852115686627...
Loop139 pFBA...5001.0...Ave likelihood of: cpd00106_c is 0.1898149230158687...
Loop140 pFBA...7680.0...Ave likelihood of: cpd00141_c is 0.3711619286634279...
Loop141 pFBA...19654.0...Ave likelihood of: cpd00216_c is 0.23094152416139535...
Loop142 pFBA...4804.0...Ave likelihood of: cpd00036_c is 0.22792186853661167...
Loop143 pFBA...16948.0...Ave likelihood of: cpd00581_c is 0.3260410193929718...
Loop144 pFBA...4746.0...Ave likelihood of: cpd00128_c is 0.34608813950991973...
Loop145 pFBA...5862.0...Ave likelihood of: cpd00018_c is 0.2797356070699775...
Loop146 pFBA...5862.0...Ave likelihood of: cpd00091_c is 0.2797356070699775...
Loop147 pFBA...3616.0...Ave likelihood of: cpd00092_c is 0.32199819657499285...
Loop148 pFBA...64032.0...Ave likelihood of: cpd00305_c is 0.12212425760522415...
Loop149 pFBA...13953.0...Ave likelihood of: cpd00220_c is 0.27750138763441357...
Loop150 pFBA...14658.0...Ave likelihood of: cpd00218_c is 0.15442231500833056...
Loop151 pFBA...14739.0...Ave likelihood of: cpd00215_c is 0.22766080907122563...
Loop152 pFBA...28711.0...Ave likelihood of: cpd00104_c is 0.19253255016034493...
Loop153 pFBA...36054.0...Ave likelihood of: cpd00393_c is 0.1514140416358042...
Loop154 pFBA...5984.0...Ave likelihood of: cpd00363_c is 0.4369596563460058...
Loop155 pFBA...8589.0...Ave likelihood of: cpd00281_c is 0.2015931055338657...
Loop156 pFBA...4141.0...Ave likelihood of: cpd00025_c is 0.30802824530265693...
Loop157 pFBA...19993.0...Ave likelihood of: cpd00811_c is 0.2709790218056096...
Loop158 pFBA...6111.0...Ave likelihood of: cpd00714_c is 0.299285361313233...
32.7967702667mins to complete!
