
The following have been reloaded with a version change:
  1) anaconda2/4.4.0 => anaconda2/5.1.0

Loading in models...Adding Water...Remove no-like rxns...Pruned 1 metabolites from model
Pruned 1 reactions from model
Set-up Universal...65.0seconds to complete

Loop0 pFBA...5527.0...Ave likelihood of: cpd00117_c is 0.40047761700603135...
Loop1 pFBA...7585.0...Ave likelihood of: cpd00186_c is 0.23582548291865502...
Loop2 pFBA...22491.0...Ave likelihood of: cpd00637_c is 0.1855530162459308...
Loop3 pFBA...6517.0...Ave likelihood of: cpd00550_c is 0.24666062168021985...
Loop4 pFBA...4231.0...Ave likelihood of: cpd00033_c is 0.24840576860418428...
Loop5 pFBA...5401.0...Ave likelihood of: cpd00035_c is 0.40047761700603135...
Loop6 pFBA...18755.0...Ave likelihood of: cpd00051_c is 0.21446917697916199...
Loop7 pFBA...8324.0...Ave likelihood of: cpd00132_c is 0.09087700115611382...
Loop8 pFBA...5649.0...Ave likelihood of: cpd00041_c is 0.07706586786902643...
Loop9 pFBA...13763.0...Ave likelihood of: cpd00084_c is 0.24324234511673798...
Loop10 pFBA...7356.0...Ave likelihood of: cpd00023_c is 0.12887842695386836...
Loop11 pFBA...9953.0...Ave likelihood of: cpd00053_c is 0.10225664355232007...
Loop12 pFBA...22361.0...Ave likelihood of: cpd00119_c is 0.1305306044046373...
Loop13 pFBA...17296.0...Ave likelihood of: cpd00322_c is 0.2465045134653128...
Loop14 pFBA...14122.0...Ave likelihood of: cpd00107_c is 0.25407802399028623...
Loop15 pFBA...17350.0...Ave likelihood of: cpd00039_c is 0.25539962497167673...
Loop16 pFBA...21491.0...Ave likelihood of: cpd00060_c is 0.18761471642644112...
Loop17 pFBA...21247.0...Ave likelihood of: cpd00066_c is 0.16323448679701308...
Loop18 pFBA...10578.0...Ave likelihood of: cpd00129_c is 0.15797652721134167...
Loop19 pFBA...5517.0...Ave likelihood of: cpd00054_c is 0.2620769105352335...
Loop20 pFBA...7765.0...Ave likelihood of: cpd00161_c is 0.30024631998489076...
Loop21 pFBA...29652.0...Ave likelihood of: cpd00065_c is 0.12139435277825608...
Loop22 pFBA...19121.0...Ave likelihood of: cpd00069_c is 0.1968037970817995...
Loop23 pFBA...8024.0...Ave likelihood of: cpd00156_c is 0.1668904638129974...
Loop24 pFBA...24268.0...Ave likelihood of: cpd00098_c is 0.18835672861839076...
Loop25 pFBA...15653.0...Ave likelihood of: cpd00274_c is 0.23957432484570584...
Loop26 pFBA...6720.0...Ave likelihood of: cpd00226_c is 0.28792675533905987...
Loop27 pFBA...4632.0...Ave likelihood of: cpd00246_c is 0.27912463421579975...
Loop28 pFBA...21016.0...Ave likelihood of: cpd00374_c is 0.1942004442286936...
Loop29 pFBA...4398.0...Ave likelihood of: cpd00221_c is 0.289147800662478...
Loop30 pFBA...4216.0...Ave likelihood of: cpd00159_c is 0.33647372934878766...
Loop31 pFBA...10482.0...Ave likelihood of: cpd00211_c is 0.25129937480357123...
Loop32 pFBA...4056.0...Ave likelihood of: cpd00047_c is 0.3414666535995761...
Loop33 pFBA...5307.0...Ave likelihood of: cpd00106_c is 0.05232628474246562...
Loop34 pFBA...7860.0...Ave likelihood of: cpd00141_c is 0.2186693645640038...
Loop35 pFBA...20260.0...Ave likelihood of: cpd00216_c is 0.15055212717105965...
Loop36 pFBA...5017.0...Ave likelihood of: cpd00036_c is 0.08218310427561715...
Loop37 pFBA...22939.0...Ave likelihood of: cpd00581_c is 0.10290437763793713...
Loop38 pFBA...4910.0...Ave likelihood of: cpd00128_c is 0.1383960486069157...
Loop39 pFBA...6080.0...Ave likelihood of: cpd00018_c is 0.1272653626559332...
Loop40 pFBA...5429.0...Ave likelihood of: cpd00091_c is 0.15138359498222165...
Loop41 pFBA...3922.0...Ave likelihood of: cpd00092_c is 0.19213261019155173...
Loop42 pFBA...63453.0...Ave likelihood of: cpd00305_c is 0.12715752988456674...
Loop43 pFBA...13693.0...Ave likelihood of: cpd00220_c is 0.10424491180057201...
Loop44 pFBA...14694.0...Ave likelihood of: cpd00218_c is 0.11872989286837658...
Loop45 pFBA...14707.0...Ave likelihood of: cpd00215_c is 0.20836738522330825...
Loop46 pFBA...28972.0...Ave likelihood of: cpd00104_c is 0.14807286070365477...
Loop47 pFBA...36948.0...Ave likelihood of: cpd00393_c is 0.166116485298679...
Loop48 pFBA...6226.0...Ave likelihood of: cpd00363_c is 0.40525520727017683...
Loop49 pFBA...9356.0...Ave likelihood of: cpd00281_c is 0.0920560192527631...
Loop50 pFBA...4157.0...Ave likelihood of: cpd00025_c is 0.2585992909336915...
Loop51 pFBA...20338.0...Ave likelihood of: cpd00811_c is 0.21801491591277314...
Loop52 pFBA...5527.0...Ave likelihood of: cpd00117_c is 0.40047761700603135...
Loop53 pFBA...7585.0...Ave likelihood of: cpd00186_c is 0.23582548291865502...
Loop54 pFBA...22564.0...Ave likelihood of: cpd00637_c is 0.17480301018691013...
Loop55 pFBA...6538.0...Ave likelihood of: cpd00550_c is 0.29947089884251804...
Loop56 pFBA...4231.0...Ave likelihood of: cpd00033_c is 0.24840576860418428...
Loop57 pFBA...5401.0...Ave likelihood of: cpd00035_c is 0.40047761700603135...
Loop58 pFBA...18967.0...Ave likelihood of: cpd00051_c is 0.23493759584918045...
Loop59 pFBA...8324.0...Ave likelihood of: cpd00132_c is 0.09087700115611382...
Loop60 pFBA...5649.0...Ave likelihood of: cpd00041_c is 0.07706586786902643...
Loop61 pFBA...13964.0...Ave likelihood of: cpd00084_c is 0.20259525603582682...
Loop62 pFBA...7356.0...Ave likelihood of: cpd00023_c is 0.12887842695386836...
Loop63 pFBA...9953.0...Ave likelihood of: cpd00053_c is 0.1022383677542211...
Loop64 pFBA...22361.0...Ave likelihood of: cpd00119_c is 0.1305306044046373...
Loop65 pFBA...17300.0...Ave likelihood of: cpd00322_c is 0.16882737276324192...
Loop66 pFBA...14122.0...Ave likelihood of: cpd00107_c is 0.25407802399028623...
Loop67 pFBA...17464.0...Ave likelihood of: cpd00039_c is 0.28653512569573325...
Loop68 pFBA...21564.0...Ave likelihood of: cpd00060_c is 0.17678940802994322...
Loop69 pFBA...21872.0...Ave likelihood of: cpd00066_c is 0.11530416734210587...
Loop70 pFBA...10578.0...Ave likelihood of: cpd00129_c is 0.1421788744902075...
Loop71 pFBA...5538.0...Ave likelihood of: cpd00054_c is 0.32250712183040403...
Loop72 pFBA...7857.0...Ave likelihood of: cpd00161_c is 0.23426447307483292...
Loop73 pFBA...29652.0...Ave likelihood of: cpd00065_c is 0.1256675534455819...
Loop74 pFBA...19575.0...Ave likelihood of: cpd00069_c is 0.1968438269868428...
Loop75 pFBA...8024.0...Ave likelihood of: cpd00156_c is 0.1668904638129974...
Loop76 pFBA...24606.0...Ave likelihood of: cpd00098_c is 0.12710906306292596...
Loop77 pFBA...15743.0...Ave likelihood of: cpd00274_c is 0.2021656056458885...
Loop78 pFBA...6720.0...Ave likelihood of: cpd00226_c is 0.28792675533905987...
Loop79 pFBA...4940.0...Ave likelihood of: cpd00246_c is 0.22153432893653166...
Loop80 pFBA...21770.0...Ave likelihood of: cpd00374_c is 0.17305842923790068...
Loop81 pFBA...4486.0...Ave likelihood of: cpd00221_c is 0.2849332692652325...
Loop82 pFBA...4296.0...Ave likelihood of: cpd00159_c is 0.2948052867472388...
Loop83 pFBA...10612.0...Ave likelihood of: cpd00211_c is 0.14725091423291373...
Loop84 pFBA...4171.0...Ave likelihood of: cpd00047_c is 0.28072937083813504...
Loop85 pFBA...5307.0...Ave likelihood of: cpd00106_c is 0.05232628474246562...
Loop86 pFBA...7930.0...Ave likelihood of: cpd00141_c is 0.1852441310510029...
Loop87 pFBA...20659.0...Ave likelihood of: cpd00216_c is 0.1548142628285466...
Loop88 pFBA...5017.0...Ave likelihood of: cpd00036_c is 0.08218310427561715...
Loop89 pFBA...22939.0...Ave likelihood of: cpd00581_c is 0.10290437763793713...
Loop90 pFBA...4910.0...Ave likelihood of: cpd00128_c is 0.1383960486069157...
Loop91 pFBA...6080.0...Ave likelihood of: cpd00018_c is 0.1272653626559332...
Loop92 pFBA...5429.0...Ave likelihood of: cpd00091_c is 0.15138359498222165...
Loop93 pFBA...3922.0...Ave likelihood of: cpd00092_c is 0.19213261019155173...
Loop94 pFBA...63453.0...Ave likelihood of: cpd00305_c is 0.12836855397870547...
Loop95 pFBA...13693.0...Ave likelihood of: cpd00220_c is 0.10424491180057201...
Loop96 pFBA...14694.0...Ave likelihood of: cpd00218_c is 0.116814894596306...
Loop97 pFBA...15213.0...Ave likelihood of: cpd00215_c is 0.18162105575271628...
Loop98 pFBA...29053.0...Ave likelihood of: cpd00104_c is 0.1399359314988422...
Loop99 pFBA...36948.0...Ave likelihood of: cpd00393_c is 0.166116485298679...
Loop100 pFBA...6597.0...Ave likelihood of: cpd00363_c is 0.3084554884296879...
Loop101 pFBA...9356.0...Ave likelihood of: cpd00281_c is 0.0920560192527631...
Loop102 pFBA...4281.0...Ave likelihood of: cpd00025_c is 0.29959666077790537...
Loop103 pFBA...21291.0...Ave likelihood of: cpd00811_c is 0.16043687131536136...
Loop104 pFBA...5527.0...Ave likelihood of: cpd00117_c is 0.40047761700603135...
Loop105 pFBA...7585.0...Ave likelihood of: cpd00186_c is 0.23582548291865502...
Loop106 pFBA...22437.0...Ave likelihood of: cpd00637_c is 0.19648413126456635...
Loop107 pFBA...6538.0...Ave likelihood of: cpd00550_c is 0.29947089884251804...
Loop108 pFBA...4231.0...Ave likelihood of: cpd00033_c is 0.24840576860418428...
Loop109 pFBA...5401.0...Ave likelihood of: cpd00035_c is 0.40047761700603135...
Loop110 pFBA...18762.0...Ave likelihood of: cpd00051_c is 0.23910776668799552...
Loop111 pFBA...8324.0...Ave likelihood of: cpd00132_c is 0.09087700115611382...
Loop112 pFBA...5649.0...Ave likelihood of: cpd00041_c is 0.07706586786902643...
Loop113 pFBA...13910.0...Ave likelihood of: cpd00084_c is 0.22968343517712983...
Loop114 pFBA...7356.0...Ave likelihood of: cpd00023_c is 0.12887842695386836...
Loop115 pFBA...9953.0...Ave likelihood of: cpd00053_c is 0.1022383677542211...
Loop116 pFBA...22361.0...Ave likelihood of: cpd00119_c is 0.1305306044046373...
Loop117 pFBA...17286.0...Ave likelihood of: cpd00322_c is 0.2594435549149896...
Loop118 pFBA...14122.0...Ave likelihood of: cpd00107_c is 0.25407802399028623...
Loop119 pFBA...17381.0...Ave likelihood of: cpd00039_c is 0.26621917453065774...
Loop120 pFBA...21437.0...Ave likelihood of: cpd00060_c is 0.19866728827861707...
Loop121 pFBA...21125.0...Ave likelihood of: cpd00066_c is 0.15572971251623727...
Loop122 pFBA...10578.0...Ave likelihood of: cpd00129_c is 0.1421788744902075...
Loop123 pFBA...5538.0...Ave likelihood of: cpd00054_c is 0.32250712183040403...
Loop124 pFBA...7765.0...Ave likelihood of: cpd00161_c is 0.29492729026584535...
Loop125 pFBA...29652.0...Ave likelihood of: cpd00065_c is 0.12389758790409482...
Loop126 pFBA...19012.0...Ave likelihood of: cpd00069_c is 0.18969897628076585...
Loop127 pFBA...8024.0...Ave likelihood of: cpd00156_c is 0.1668904638129974...
Loop128 pFBA...24157.0...Ave likelihood of: cpd00098_c is 0.2145321699472857...
Loop129 pFBA...15727.0...Ave likelihood of: cpd00274_c is 0.2989298152761762...
Loop130 pFBA...6720.0...Ave likelihood of: cpd00226_c is 0.28792675533905987...
Loop131 pFBA...4595.0...Ave likelihood of: cpd00246_c is 0.2932928597844763...
Loop132 pFBA...20881.0...Ave likelihood of: cpd00374_c is 0.18989267491704614...
Loop133 pFBA...4422.0...Ave likelihood of: cpd00221_c is 0.29842769344183123...
Loop134 pFBA...4249.0...Ave likelihood of: cpd00159_c is 0.30689888787756725...
Loop135 pFBA...10463.0...Ave likelihood of: cpd00211_c is 0.25668379576731964...
Loop136 pFBA...4138.0...Ave likelihood of: cpd00047_c is 0.3451511426454205...
Loop137 pFBA...5307.0...Ave likelihood of: cpd00106_c is 0.05232628474246562...
Loop138 pFBA...7921.0...Ave likelihood of: cpd00141_c is 0.29537588881968807...
Loop139 pFBA...20058.0...Ave likelihood of: cpd00216_c is 0.14514746532980108...
Loop140 pFBA...5017.0...Ave likelihood of: cpd00036_c is 0.08218310427561715...
Loop141 pFBA...22939.0...Ave likelihood of: cpd00581_c is 0.10290437763793713...
Loop142 pFBA...4910.0...Ave likelihood of: cpd00128_c is 0.1383960486069157...
Loop143 pFBA...6080.0...Ave likelihood of: cpd00018_c is 0.1272653626559332...
Loop144 pFBA...5429.0...Ave likelihood of: cpd00091_c is 0.15138359498222165...
Loop145 pFBA...3922.0...Ave likelihood of: cpd00092_c is 0.19213261019155173...
Loop146 pFBA...63452.0...Ave likelihood of: cpd00305_c is 0.1266377289868352...
Loop147 pFBA...13693.0...Ave likelihood of: cpd00220_c is 0.10731093861823589...
Loop148 pFBA...14694.0...Ave likelihood of: cpd00218_c is 0.116814894596306...
Loop149 pFBA...14603.0...Ave likelihood of: cpd00215_c is 0.21495653545702878...
Loop150 pFBA...29015.0...Ave likelihood of: cpd00104_c is 0.17946420226877813...
Loop151 pFBA...36948.0...Ave likelihood of: cpd00393_c is 0.166116485298679...
Loop152 pFBA...6208.0...Ave likelihood of: cpd00363_c is 0.43063842270130726...
Loop153 pFBA...9356.0...Ave likelihood of: cpd00281_c is 0.0920560192527631...
Loop154 pFBA...4124.0...Ave likelihood of: cpd00025_c is 0.25951537127133184...
Loop155 pFBA...20196.0...Ave likelihood of: cpd00811_c is 0.2379972295759823...
32.7196895321mins to complete!
