
The following have been reloaded with a version change:
  1) anaconda2/4.4.0 => anaconda2/5.1.0

Loading in models...Adding Water...Remove no-like rxns...Pruned 1 metabolites from model
Pruned 1 reactions from model
Set-up Universal...63.0seconds to complete

Loop0 pFBA...5566.0...Ave likelihood of: cpd00117_c is 0.4715418479700383...
Loop1 pFBA...6839.0...Ave likelihood of: cpd00186_c is 0.3601026999290508...
Loop2 pFBA...21344.0...Ave likelihood of: cpd00637_c is 0.2693712774045538...
Loop3 pFBA...6415.0...Ave likelihood of: cpd00550_c is 0.3308212918105354...
Loop4 pFBA...4048.0...Ave likelihood of: cpd00033_c is 0.25690910470085176...
Loop5 pFBA...5446.0...Ave likelihood of: cpd00035_c is 0.4715418479700383...
Loop6 pFBA...18124.0...Ave likelihood of: cpd00051_c is 0.31028154055941093...
Loop7 pFBA...7911.0...Ave likelihood of: cpd00132_c is 0.2503611236942007...
Loop8 pFBA...5180.0...Ave likelihood of: cpd00041_c is 0.22357117339869212...
Loop9 pFBA...13585.0...Ave likelihood of: cpd00084_c is 0.28010133989958114...
Loop10 pFBA...6592.0...Ave likelihood of: cpd00023_c is 0.2816693141062564...
Loop11 pFBA...9081.0...Ave likelihood of: cpd00053_c is 0.31103737248977126...
Loop12 pFBA...16368.0...Ave likelihood of: cpd00119_c is 0.3313231552597533...
Loop13 pFBA...16740.0...Ave likelihood of: cpd00322_c is 0.35379386195228935...
Loop14 pFBA...14209.0...Ave likelihood of: cpd00107_c is 0.2640677407813597...
Loop15 pFBA...17631.0...Ave likelihood of: cpd00039_c is 0.34735202154740635...
Loop16 pFBA...20344.0...Ave likelihood of: cpd00060_c is 0.2729628944366145...
Loop17 pFBA...20587.0...Ave likelihood of: cpd00066_c is 0.24120906372804157...
Loop18 pFBA...10285.0...Ave likelihood of: cpd00129_c is 0.20140586953947448...
Loop19 pFBA...5415.0...Ave likelihood of: cpd00054_c is 0.33730798380682037...
Loop20 pFBA...7315.0...Ave likelihood of: cpd00161_c is 0.3999235837189738...
Loop21 pFBA...27262.0...Ave likelihood of: cpd00065_c is 0.25056660801854913...
Loop22 pFBA...18323.0...Ave likelihood of: cpd00069_c is 0.2139593367326518...
Loop23 pFBA...7657.0...Ave likelihood of: cpd00156_c is 0.33502177632451163...
Loop24 pFBA...23536.0...Ave likelihood of: cpd00098_c is 0.28048211953403684...
Loop25 pFBA...14169.0...Ave likelihood of: cpd00274_c is 0.19404486947359523...
Loop26 pFBA...6631.0...Ave likelihood of: cpd00226_c is 0.3260818401371101...
Loop27 pFBA...4462.0...Ave likelihood of: cpd00246_c is 0.43736718595572815...
Loop28 pFBA...20052.0...Ave likelihood of: cpd00374_c is 0.2260622769678795...
Loop29 pFBA...4749.0...Ave likelihood of: cpd00221_c is 0.42479219233860577...
Loop30 pFBA...4277.0...Ave likelihood of: cpd00159_c is 0.4253507521666671...
Loop31 pFBA...10311.0...Ave likelihood of: cpd00211_c is 0.3567611334669195...
Loop32 pFBA...3761.0...Ave likelihood of: cpd00047_c is 0.25936092648606307...
Loop33 pFBA...5001.0...Ave likelihood of: cpd00106_c is 0.18971428483024855...
Loop34 pFBA...7566.0...Ave likelihood of: cpd00141_c is 0.41378653391706527...
Loop35 pFBA...19129.0...Ave likelihood of: cpd00216_c is 0.2462579419062253...
Loop36 pFBA...4805.0...Ave likelihood of: cpd00036_c is 0.2289045655881796...
Loop37 pFBA...16931.0...Ave likelihood of: cpd00581_c is 0.32736934790190786...
Loop38 pFBA...4746.0...Ave likelihood of: cpd00128_c is 0.34582737268791613...
Loop39 pFBA...5862.0...Ave likelihood of: cpd00018_c is 0.2798647366055916...
Loop40 pFBA...5862.0...Ave likelihood of: cpd00091_c is 0.2798647366055916...
Loop41 pFBA...3609.0...Ave likelihood of: cpd00092_c is 0.3667368747621798...
Loop42 pFBA...63841.0...Ave likelihood of: cpd00305_c is 0.162913787645115...
Loop43 pFBA...13727.0...Ave likelihood of: cpd00220_c is 0.2833793756774756...
Loop44 pFBA...14391.0...Ave likelihood of: cpd00218_c is 0.21643141650260755...
Loop45 pFBA...14520.0...Ave likelihood of: cpd00215_c is 0.3149120785844079...
Loop46 pFBA...28608.0...Ave likelihood of: cpd00104_c is 0.21324106217357564...
Loop47 pFBA...35343.0...Ave likelihood of: cpd00393_c is 0.17887537900416267...
Loop48 pFBA...5697.0...Ave likelihood of: cpd00363_c is 0.564727918945549...
Loop49 pFBA...8588.0...Ave likelihood of: cpd00281_c is 0.20174935886373618...
Loop50 pFBA...4024.0...Ave likelihood of: cpd00025_c is 0.29825501222661455...
Loop51 pFBA...19525.0...Ave likelihood of: cpd00811_c is 0.2672243385339222...
Loop52 pFBA...5431.0...Ave likelihood of: cpd00714_c is 0.3698327260975535...
Loop53 pFBA...5566.0...Ave likelihood of: cpd00117_c is 0.4715418479700383...
Loop54 pFBA...6839.0...Ave likelihood of: cpd00186_c is 0.3601026999290508...
Loop55 pFBA...21613.0...Ave likelihood of: cpd00637_c is 0.27942800732573053...
Loop56 pFBA...6503.0...Ave likelihood of: cpd00550_c is 0.3061444716249227...
Loop57 pFBA...4048.0...Ave likelihood of: cpd00033_c is 0.25690910470085176...
Loop58 pFBA...5446.0...Ave likelihood of: cpd00035_c is 0.4715418479700383...
Loop59 pFBA...18324.0...Ave likelihood of: cpd00051_c is 0.2792832462567331...
Loop60 pFBA...7911.0...Ave likelihood of: cpd00132_c is 0.2503611236942007...
Loop61 pFBA...5180.0...Ave likelihood of: cpd00041_c is 0.22357117339869212...
Loop62 pFBA...13758.0...Ave likelihood of: cpd00084_c is 0.24730042083579598...
Loop63 pFBA...6592.0...Ave likelihood of: cpd00023_c is 0.2816693141062564...
Loop64 pFBA...9081.0...Ave likelihood of: cpd00053_c is 0.31103737248977126...
Loop65 pFBA...16368.0...Ave likelihood of: cpd00119_c is 0.3248266228036797...
Loop66 pFBA...16748.0...Ave likelihood of: cpd00322_c is 0.20470495900857844...
Loop67 pFBA...14209.0...Ave likelihood of: cpd00107_c is 0.2640677407813597...
Loop68 pFBA...17875.0...Ave likelihood of: cpd00039_c is 0.34170666675353795...
Loop69 pFBA...20613.0...Ave likelihood of: cpd00060_c is 0.2827946098236309...
Loop70 pFBA...21448.0...Ave likelihood of: cpd00066_c is 0.229877603514333...
Loop71 pFBA...10285.0...Ave likelihood of: cpd00129_c is 0.20140586953947448...
Loop72 pFBA...5503.0...Ave likelihood of: cpd00054_c is 0.3061444716249227...
Loop73 pFBA...7648.0...Ave likelihood of: cpd00161_c is 0.33428781433298915...
Loop74 pFBA...27262.0...Ave likelihood of: cpd00065_c is 0.25056660801854913...
Loop75 pFBA...18867.0...Ave likelihood of: cpd00069_c is 0.23789006266613155...
Loop76 pFBA...7657.0...Ave likelihood of: cpd00156_c is 0.33502177632451163...
Loop77 pFBA...24415.0...Ave likelihood of: cpd00098_c is 0.27281172037937584...
Loop78 pFBA...14169.0...Ave likelihood of: cpd00274_c is 0.19404486947359523...
Loop79 pFBA...6631.0...Ave likelihood of: cpd00226_c is 0.3260818401371101...
Loop80 pFBA...4791.0...Ave likelihood of: cpd00246_c is 0.36372474932600973...
Loop81 pFBA...20815.0...Ave likelihood of: cpd00374_c is 0.21921837160027616...
Loop82 pFBA...5088.0...Ave likelihood of: cpd00221_c is 0.3573175723134603...
Loop83 pFBA...4347.0...Ave likelihood of: cpd00159_c is 0.38347079194362416...
Loop84 pFBA...10482.0...Ave likelihood of: cpd00211_c is 0.2155411338350451...
Loop85 pFBA...3761.0...Ave likelihood of: cpd00047_c is 0.22052347139093942...
Loop86 pFBA...5001.0...Ave likelihood of: cpd00106_c is 0.18971428483024855...
Loop87 pFBA...7737.0...Ave likelihood of: cpd00141_c is 0.32372927917574323...
Loop88 pFBA...20231.0...Ave likelihood of: cpd00216_c is 0.23455241014983724...
Loop89 pFBA...4805.0...Ave likelihood of: cpd00036_c is 0.2289045655881796...
Loop90 pFBA...16931.0...Ave likelihood of: cpd00581_c is 0.32736934790190786...
Loop91 pFBA...4746.0...Ave likelihood of: cpd00128_c is 0.34582737268791613...
Loop92 pFBA...5862.0...Ave likelihood of: cpd00018_c is 0.2798647366055916...
Loop93 pFBA...5862.0...Ave likelihood of: cpd00091_c is 0.2798647366055916...
Loop94 pFBA...3618.0...Ave likelihood of: cpd00092_c is 0.3216874651375775...
Loop95 pFBA...63975.0...Ave likelihood of: cpd00305_c is 0.13783011678427237...
Loop96 pFBA...14162.0...Ave likelihood of: cpd00220_c is 0.15575771382576584...
Loop97 pFBA...14588.0...Ave likelihood of: cpd00218_c is 0.22005063882874665...
Loop98 pFBA...15057.0...Ave likelihood of: cpd00215_c is 0.3080886682279189...
Loop99 pFBA...28669.0...Ave likelihood of: cpd00104_c is 0.166813722917035...
Loop100 pFBA...35352.0...Ave likelihood of: cpd00393_c is 0.17895021055485785...
Loop101 pFBA...6425.0...Ave likelihood of: cpd00363_c is 0.512356646920907...
Loop102 pFBA...8588.0...Ave likelihood of: cpd00281_c is 0.20174935886373618...
Loop103 pFBA...4207.0...Ave likelihood of: cpd00025_c is 0.38083218002956987...
Loop104 pFBA...20379.0...Ave likelihood of: cpd00811_c is 0.26766334703738326...
Loop105 pFBA...6383.0...Ave likelihood of: cpd00714_c is 0.42454105619638227...
Loop106 pFBA...5566.0...Ave likelihood of: cpd00117_c is 0.4715418479700383...
Loop107 pFBA...6839.0...Ave likelihood of: cpd00186_c is 0.3601026999290508...
Loop108 pFBA...21518.0...Ave likelihood of: cpd00637_c is 0.25129351293842...
Loop109 pFBA...6450.0...Ave likelihood of: cpd00550_c is 0.2872766676614845...
Loop110 pFBA...4048.0...Ave likelihood of: cpd00033_c is 0.2569091047008518...
Loop111 pFBA...5446.0...Ave likelihood of: cpd00035_c is 0.4715418479700383...
Loop112 pFBA...18217.0...Ave likelihood of: cpd00051_c is 0.27198462712385485...
Loop113 pFBA...7911.0...Ave likelihood of: cpd00132_c is 0.2503611236942007...
Loop114 pFBA...5180.0...Ave likelihood of: cpd00041_c is 0.22357117339869212...
Loop115 pFBA...13714.0...Ave likelihood of: cpd00084_c is 0.2360005677019684...
Loop116 pFBA...6592.0...Ave likelihood of: cpd00023_c is 0.2816693141062564...
Loop117 pFBA...9081.0...Ave likelihood of: cpd00053_c is 0.31103737248977126...
Loop118 pFBA...16368.0...Ave likelihood of: cpd00119_c is 0.3313231552597533...
Loop119 pFBA...16748.0...Ave likelihood of: cpd00322_c is 0.20470495900857844...
Loop120 pFBA...14209.0...Ave likelihood of: cpd00107_c is 0.2640677407813597...
Loop121 pFBA...17711.0...Ave likelihood of: cpd00039_c is 0.28509382790628934...
Loop122 pFBA...20518.0...Ave likelihood of: cpd00060_c is 0.254600006529715...
Loop123 pFBA...20955.0...Ave likelihood of: cpd00066_c is 0.22681220767365012...
Loop124 pFBA...10285.0...Ave likelihood of: cpd00129_c is 0.20140586953947448...
Loop125 pFBA...5450.0...Ave likelihood of: cpd00054_c is 0.2930222010147142...
Loop126 pFBA...7511.0...Ave likelihood of: cpd00161_c is 0.3457155561360438...
Loop127 pFBA...27262.0...Ave likelihood of: cpd00065_c is 0.25056660801854913...
Loop128 pFBA...18494.0...Ave likelihood of: cpd00069_c is 0.19646166278723481...
Loop129 pFBA...7657.0...Ave likelihood of: cpd00156_c is 0.33502177632451163...
Loop130 pFBA...24059.0...Ave likelihood of: cpd00098_c is 0.236559078028754...
Loop131 pFBA...14169.0...Ave likelihood of: cpd00274_c is 0.19404486947359523...
Loop132 pFBA...6631.0...Ave likelihood of: cpd00226_c is 0.3260818401371101...
Loop133 pFBA...4645.0...Ave likelihood of: cpd00246_c is 0.2232718943923226...
Loop134 pFBA...20442.0...Ave likelihood of: cpd00374_c is 0.21630702314645425...
Loop135 pFBA...4975.0...Ave likelihood of: cpd00221_c is 0.18930587256358158...
Loop136 pFBA...4333.0...Ave likelihood of: cpd00159_c is 0.40789763136907853...
Loop137 pFBA...10465.0...Ave likelihood of: cpd00211_c is 0.33928719595544565...
Loop138 pFBA...3761.0...Ave likelihood of: cpd00047_c is 0.22052347139093942...
Loop139 pFBA...5001.0...Ave likelihood of: cpd00106_c is 0.18971428483024855...
Loop140 pFBA...7684.0...Ave likelihood of: cpd00141_c is 0.37090768369908966...
Loop141 pFBA...19569.0...Ave likelihood of: cpd00216_c is 0.24186205083504747...
Loop142 pFBA...4805.0...Ave likelihood of: cpd00036_c is 0.2289045655881796...
Loop143 pFBA...16931.0...Ave likelihood of: cpd00581_c is 0.32736934790190786...
Loop144 pFBA...4746.0...Ave likelihood of: cpd00128_c is 0.34582737268791613...
Loop145 pFBA...5862.0...Ave likelihood of: cpd00018_c is 0.2798647366055916...
Loop146 pFBA...5862.0...Ave likelihood of: cpd00091_c is 0.2798647366055916...
Loop147 pFBA...3618.0...Ave likelihood of: cpd00092_c is 0.3216874651375775...
Loop148 pFBA...63975.0...Ave likelihood of: cpd00305_c is 0.13783011678427237...
Loop149 pFBA...14045.0...Ave likelihood of: cpd00220_c is 0.26794232890655845...
Loop150 pFBA...14544.0...Ave likelihood of: cpd00218_c is 0.15570773045888459...
Loop151 pFBA...14751.0...Ave likelihood of: cpd00215_c is 0.2398451081912779...
Loop152 pFBA...28644.0...Ave likelihood of: cpd00104_c is 0.1917613484711517...
Loop153 pFBA...35344.0...Ave likelihood of: cpd00393_c is 0.16051209880464956...
Loop154 pFBA...6089.0...Ave likelihood of: cpd00363_c is 0.43356223187772586...
Loop155 pFBA...8588.0...Ave likelihood of: cpd00281_c is 0.20174935886373618...
Loop156 pFBA...4144.0...Ave likelihood of: cpd00025_c is 0.31860227471246605...
Loop157 pFBA...19924.0...Ave likelihood of: cpd00811_c is 0.30048287514055133...
Loop158 pFBA...6137.0...Ave likelihood of: cpd00714_c is 0.29659712215081663...
32.5227237662mins to complete!
