
The following have been reloaded with a version change:
  1) anaconda2/4.4.0 => anaconda2/5.1.0

Loading in models...Adding Water...Remove no-like rxns...Pruned 1 metabolites from model
Pruned 1 reactions from model
Set-up Universal...61.0seconds to complete

Loop0 pFBA...5354.0...Ave likelihood of: cpd00117_c is 0.3409543101285101...
Loop1 pFBA...7558.0...Ave likelihood of: cpd00186_c is 0.4441767623279107...
Loop2 pFBA...21806.0...Ave likelihood of: cpd00637_c is 0.2562071702960432...
Loop3 pFBA...6399.0...Ave likelihood of: cpd00550_c is 0.4248225648738857...
Loop4 pFBA...4195.0...Ave likelihood of: cpd00033_c is 0.21210745418910196...
Loop5 pFBA...5249.0...Ave likelihood of: cpd00035_c is 0.3409543101285101...
Loop6 pFBA...18563.0...Ave likelihood of: cpd00051_c is 0.22574991825627105...
Loop7 pFBA...8253.0...Ave likelihood of: cpd00132_c is 0.1526242777645561...
Loop8 pFBA...5387.0...Ave likelihood of: cpd00041_c is 0.1784196926499975...
Loop9 pFBA...13664.0...Ave likelihood of: cpd00084_c is 0.22047438910208497...
Loop10 pFBA...7065.0...Ave likelihood of: cpd00023_c is 0.4372056300620979...
Loop11 pFBA...9737.0...Ave likelihood of: cpd00053_c is 0.1647775144749009...
Loop12 pFBA...17092.0...Ave likelihood of: cpd00119_c is 0.30009771972059224...
Loop13 pFBA...16668.0...Ave likelihood of: cpd00322_c is 0.18851053516843874...
Loop14 pFBA...14204.0...Ave likelihood of: cpd00107_c is 0.29144969264308845...
Loop15 pFBA...17416.0...Ave likelihood of: cpd00039_c is 0.29900445678798104...
Loop16 pFBA...20806.0...Ave likelihood of: cpd00060_c is 0.2594502990339677...
Loop17 pFBA...21021.0...Ave likelihood of: cpd00066_c is 0.2723107272591404...
Loop18 pFBA...10604.0...Ave likelihood of: cpd00129_c is 0.15508239026235324...
Loop19 pFBA...5399.0...Ave likelihood of: cpd00054_c is 0.46344279804423893...
Loop20 pFBA...7814.0...Ave likelihood of: cpd00161_c is 0.229684196205355...
Loop21 pFBA...26868.0...Ave likelihood of: cpd00065_c is 0.1884174517161307...
Loop22 pFBA...18631.0...Ave likelihood of: cpd00069_c is 0.2826634585412329...
Loop23 pFBA...8109.0...Ave likelihood of: cpd00156_c is 0.21762630082259604...
Loop24 pFBA...24893.0...Ave likelihood of: cpd00098_c is 0.18778858035708712...
Loop25 pFBA...15144.0...Ave likelihood of: cpd00274_c is 0.2626928943747971...
Loop26 pFBA...6100.0...Ave likelihood of: cpd00226_c is 0.4090501503594254...
Loop27 pFBA...4664.0...Ave likelihood of: cpd00246_c is 0.30471631030959184...
Loop28 pFBA...20612.0...Ave likelihood of: cpd00374_c is 0.23955406480305572...
Loop29 pFBA...4259.0...Ave likelihood of: cpd00221_c is 0.4415499802170636...
Loop30 pFBA...4070.0...Ave likelihood of: cpd00159_c is 0.37276126762957623...
Loop31 pFBA...10175.0...Ave likelihood of: cpd00211_c is 0.28551979227179386...
Loop32 pFBA...3637.0...Ave likelihood of: cpd00047_c is 0.37986113227631...
Loop33 pFBA...4988.0...Ave likelihood of: cpd00106_c is 0.1680050659355004...
Loop34 pFBA...7604.0...Ave likelihood of: cpd00141_c is 0.342559345022721...
Loop35 pFBA...20324.0...Ave likelihood of: cpd00216_c is 0.2849754829822653...
Loop36 pFBA...4808.0...Ave likelihood of: cpd00036_c is 0.25505467742915483...
Loop37 pFBA...17690.0...Ave likelihood of: cpd00581_c is 0.2807656041867687...
Loop38 pFBA...4234.0...Ave likelihood of: cpd00128_c is 0.3675191460057782...
Loop39 pFBA...5747.0...Ave likelihood of: cpd00018_c is 0.3266879227320122...
Loop40 pFBA...5074.0...Ave likelihood of: cpd00091_c is 0.33822250971281914...
Loop41 pFBA...4166.0...Ave likelihood of: cpd00092_c is 0.3879253483636892...
Loop42 pFBA...62356.0...Ave likelihood of: cpd00305_c is 0.16627947501712367...
Loop43 pFBA...13372.0...Ave likelihood of: cpd00220_c is 0.28274462471437833...
Loop44 pFBA...14539.0...Ave likelihood of: cpd00218_c is 0.2233348967735299...
Loop45 pFBA...13934.0...Ave likelihood of: cpd00215_c is 0.2589249266021443...
Loop46 pFBA...28077.0...Ave likelihood of: cpd00104_c is 0.20318213231949878...
Loop47 pFBA...36166.0...Ave likelihood of: cpd00393_c is 0.18678135527128803...
Loop48 pFBA...6239.0...Ave likelihood of: cpd00363_c is 0.4011264641550161...
Loop49 pFBA...8871.0...Ave likelihood of: cpd00281_c is 0.26611282823776095...
Loop50 pFBA...4119.0...Ave likelihood of: cpd00025_c is 0.3546923742142806...
Loop51 pFBA...20417.0...Ave likelihood of: cpd00811_c is 0.1801159464865594...
Loop52 pFBA...5354.0...Ave likelihood of: cpd00117_c is 0.3409543101285101...
Loop53 pFBA...7558.0...Ave likelihood of: cpd00186_c is 0.4441767623279107...
Loop54 pFBA...21887.0...Ave likelihood of: cpd00637_c is 0.23356598816485127...
Loop55 pFBA...6399.0...Ave likelihood of: cpd00550_c is 0.4248225648738857...
Loop56 pFBA...4195.0...Ave likelihood of: cpd00033_c is 0.21210745418910196...
Loop57 pFBA...5249.0...Ave likelihood of: cpd00035_c is 0.3409543101285101...
Loop58 pFBA...18866.0...Ave likelihood of: cpd00051_c is 0.18457943204357838...
Loop59 pFBA...8253.0...Ave likelihood of: cpd00132_c is 0.1526242777645561...
Loop60 pFBA...5387.0...Ave likelihood of: cpd00041_c is 0.1784196926499975...
Loop61 pFBA...13827.0...Ave likelihood of: cpd00084_c is 0.2181354613215437...
Loop62 pFBA...7065.0...Ave likelihood of: cpd00023_c is 0.4372056300620979...
Loop63 pFBA...9737.0...Ave likelihood of: cpd00053_c is 0.1647775144749009...
Loop64 pFBA...17092.0...Ave likelihood of: cpd00119_c is 0.30009771972059224...
Loop65 pFBA...16668.0...Ave likelihood of: cpd00322_c is 0.18851053516843874...
Loop66 pFBA...14204.0...Ave likelihood of: cpd00107_c is 0.29144969264308845...
Loop67 pFBA...17506.0...Ave likelihood of: cpd00039_c is 0.2923490782130015...
Loop68 pFBA...20887.0...Ave likelihood of: cpd00060_c is 0.23641435387417878...
Loop69 pFBA...21079.0...Ave likelihood of: cpd00066_c is 0.2534523142027512...
Loop70 pFBA...10604.0...Ave likelihood of: cpd00129_c is 0.1395741512361179...
Loop71 pFBA...5399.0...Ave likelihood of: cpd00054_c is 0.46344279804423893...
Loop72 pFBA...7814.0...Ave likelihood of: cpd00161_c is 0.229684196205355...
Loop73 pFBA...26868.0...Ave likelihood of: cpd00065_c is 0.1884174517161307...
Loop74 pFBA...18744.0...Ave likelihood of: cpd00069_c is 0.2613961026874453...
Loop75 pFBA...8109.0...Ave likelihood of: cpd00156_c is 0.21762630082259604...
Loop76 pFBA...25244.0...Ave likelihood of: cpd00098_c is 0.17329201291425791...
Loop77 pFBA...15177.0...Ave likelihood of: cpd00274_c is 0.17891547790060028...
Loop78 pFBA...6100.0...Ave likelihood of: cpd00226_c is 0.4090501503594254...
Loop79 pFBA...4860.0...Ave likelihood of: cpd00246_c is 0.2779773871361932...
Loop80 pFBA...21012.0...Ave likelihood of: cpd00374_c is 0.25539913025307004...
Loop81 pFBA...4344.0...Ave likelihood of: cpd00221_c is 0.23697833291037412...
Loop82 pFBA...4113.0...Ave likelihood of: cpd00159_c is 0.3411770150219803...
Loop83 pFBA...10208.0...Ave likelihood of: cpd00211_c is 0.19918558355571003...
Loop84 pFBA...3695.0...Ave likelihood of: cpd00047_c is 0.4227517392137105...
Loop85 pFBA...4988.0...Ave likelihood of: cpd00106_c is 0.1680050659355004...
Loop86 pFBA...7605.0...Ave likelihood of: cpd00141_c is 0.3304807133567994...
Loop87 pFBA...20371.0...Ave likelihood of: cpd00216_c is 0.24983451547632685...
Loop88 pFBA...4808.0...Ave likelihood of: cpd00036_c is 0.25505467742915483...
Loop89 pFBA...17690.0...Ave likelihood of: cpd00581_c is 0.2807656041867687...
Loop90 pFBA...4234.0...Ave likelihood of: cpd00128_c is 0.3675191460057782...
Loop91 pFBA...5747.0...Ave likelihood of: cpd00018_c is 0.3266879227320122...
Loop92 pFBA...5074.0...Ave likelihood of: cpd00091_c is 0.33822250971281914...
Loop93 pFBA...4166.0...Ave likelihood of: cpd00092_c is 0.3879253483636892...
Loop94 pFBA...62356.0...Ave likelihood of: cpd00305_c is 0.16627947501712367...
Loop95 pFBA...13372.0...Ave likelihood of: cpd00220_c is 0.29082304256336056...
Loop96 pFBA...14665.0...Ave likelihood of: cpd00218_c is 0.1947035364175439...
Loop97 pFBA...14136.0...Ave likelihood of: cpd00215_c is 0.2496479466790434...
Loop98 pFBA...28080.0...Ave likelihood of: cpd00104_c is 0.18012951509715025...
Loop99 pFBA...36166.0...Ave likelihood of: cpd00393_c is 0.18678135527128803...
Loop100 pFBA...6362.0...Ave likelihood of: cpd00363_c is 0.3468079391434928...
Loop101 pFBA...8871.0...Ave likelihood of: cpd00281_c is 0.26611282823776095...
Loop102 pFBA...4184.0...Ave likelihood of: cpd00025_c is 0.3540297061244929...
Loop103 pFBA...20918.0...Ave likelihood of: cpd00811_c is 0.16105623494407253...
Loop104 pFBA...5354.0...Ave likelihood of: cpd00117_c is 0.3409543101285101...
Loop105 pFBA...7558.0...Ave likelihood of: cpd00186_c is 0.4441767623279107...
Loop106 pFBA...21781.0...Ave likelihood of: cpd00637_c is 0.23098500413268694...
Loop107 pFBA...6399.0...Ave likelihood of: cpd00550_c is 0.4248225648738857...
Loop108 pFBA...4195.0...Ave likelihood of: cpd00033_c is 0.21210745418910196...
Loop109 pFBA...5249.0...Ave likelihood of: cpd00035_c is 0.3409543101285101...
Loop110 pFBA...18406.0...Ave likelihood of: cpd00051_c is 0.2527564920327903...
Loop111 pFBA...8253.0...Ave likelihood of: cpd00132_c is 0.1526242777645561...
Loop112 pFBA...5387.0...Ave likelihood of: cpd00041_c is 0.1784196926499975...
Loop113 pFBA...13772.0...Ave likelihood of: cpd00084_c is 0.28118044584457275...
Loop114 pFBA...7065.0...Ave likelihood of: cpd00023_c is 0.4372056300620979...
Loop115 pFBA...9737.0...Ave likelihood of: cpd00053_c is 0.1647775144749009...
Loop116 pFBA...17092.0...Ave likelihood of: cpd00119_c is 0.30009771972059224...
Loop117 pFBA...16668.0...Ave likelihood of: cpd00322_c is 0.18851053516843874...
Loop118 pFBA...14204.0...Ave likelihood of: cpd00107_c is 0.29144969264308845...
Loop119 pFBA...17350.0...Ave likelihood of: cpd00039_c is 0.27782411905323445...
Loop120 pFBA...20781.0...Ave likelihood of: cpd00060_c is 0.23394635033951625...
Loop121 pFBA...20854.0...Ave likelihood of: cpd00066_c is 0.253638277688471...
Loop122 pFBA...10604.0...Ave likelihood of: cpd00129_c is 0.15508239026235324...
Loop123 pFBA...5399.0...Ave likelihood of: cpd00054_c is 0.46344279804423893...
Loop124 pFBA...7814.0...Ave likelihood of: cpd00161_c is 0.229684196205355...
Loop125 pFBA...26868.0...Ave likelihood of: cpd00065_c is 0.1884174517161307...
Loop126 pFBA...18579.0...Ave likelihood of: cpd00069_c is 0.25419417173901077...
Loop127 pFBA...8109.0...Ave likelihood of: cpd00156_c is 0.21762630082259604...
Loop128 pFBA...24684.0...Ave likelihood of: cpd00098_c is 0.1930206023723791...
Loop129 pFBA...15169.0...Ave likelihood of: cpd00274_c is 0.2781742317137774...
Loop130 pFBA...6100.0...Ave likelihood of: cpd00226_c is 0.4090501503594254...
Loop131 pFBA...4701.0...Ave likelihood of: cpd00246_c is 0.35985539078841483...
Loop132 pFBA...20505.0...Ave likelihood of: cpd00374_c is 0.22897490214522653...
Loop133 pFBA...4300.0...Ave likelihood of: cpd00221_c is 0.34929072755579094...
Loop134 pFBA...4084.0...Ave likelihood of: cpd00159_c is 0.3642949940310922...
Loop135 pFBA...10159.0...Ave likelihood of: cpd00211_c is 0.2970487300674861...
Loop136 pFBA...3686.0...Ave likelihood of: cpd00047_c is 0.40300647033781295...
Loop137 pFBA...4988.0...Ave likelihood of: cpd00106_c is 0.1680050659355004...
Loop138 pFBA...7538.0...Ave likelihood of: cpd00141_c is 0.36877137605641996...
Loop139 pFBA...20230.0...Ave likelihood of: cpd00216_c is 0.29282545606457683...
Loop140 pFBA...4808.0...Ave likelihood of: cpd00036_c is 0.25505467742915483...
Loop141 pFBA...17690.0...Ave likelihood of: cpd00581_c is 0.2807656041867687...
Loop142 pFBA...4234.0...Ave likelihood of: cpd00128_c is 0.3675191460057782...
Loop143 pFBA...5747.0...Ave likelihood of: cpd00018_c is 0.3157983253076118...
Loop144 pFBA...5074.0...Ave likelihood of: cpd00091_c is 0.3498853548753302...
Loop145 pFBA...4166.0...Ave likelihood of: cpd00092_c is 0.3879253483636892...
Loop146 pFBA...62356.0...Ave likelihood of: cpd00305_c is 0.16627947501712367...
Loop147 pFBA...13372.0...Ave likelihood of: cpd00220_c is 0.29082304256336056...
Loop148 pFBA...14568.0...Ave likelihood of: cpd00218_c is 0.17942645536819046...
Loop149 pFBA...13852.0...Ave likelihood of: cpd00215_c is 0.2629119124059594...
Loop150 pFBA...28023.0...Ave likelihood of: cpd00104_c is 0.20042741178740694...
Loop151 pFBA...36144.0...Ave likelihood of: cpd00393_c is 0.2073782643156933...
Loop152 pFBA...6065.0...Ave likelihood of: cpd00363_c is 0.5321938428863895...
Loop153 pFBA...8871.0...Ave likelihood of: cpd00281_c is 0.26611282823776095...
Loop154 pFBA...4138.0...Ave likelihood of: cpd00025_c is 0.35607592192539317...
Loop155 pFBA...20169.0...Ave likelihood of: cpd00811_c is 0.19721057839051676...
31.6477041324mins to complete!
