
The following have been reloaded with a version change:
  1) anaconda2/4.4.0 => anaconda2/5.1.0

Loading in models...Adding Water...Remove no-like rxns...Pruned 1 metabolites from model
Pruned 1 reactions from model
Set-up Universal...66.0seconds to complete

Loop0 pFBA...5318.0...Ave likelihood of: cpd00117_c is 0.30962707266494677...
Loop1 pFBA...7092.0...Ave likelihood of: cpd00186_c is 0.31798824330984976...
Loop2 pFBA...21678.0...Ave likelihood of: cpd00637_c is 0.24692486990364415...
Loop3 pFBA...6393.0...Ave likelihood of: cpd00550_c is 0.4256226701351038...
Loop4 pFBA...4096.0...Ave likelihood of: cpd00033_c is 0.22428475442778353...
Loop5 pFBA...5212.0...Ave likelihood of: cpd00035_c is 0.30962707266494677...
Loop6 pFBA...17800.0...Ave likelihood of: cpd00051_c is 0.2708326848273141...
Loop7 pFBA...8173.0...Ave likelihood of: cpd00132_c is 0.15134813086139734...
Loop8 pFBA...5306.0...Ave likelihood of: cpd00041_c is 0.17271942660040795...
Loop9 pFBA...13522.0...Ave likelihood of: cpd00084_c is 0.2906027655701801...
Loop10 pFBA...6600.0...Ave likelihood of: cpd00023_c is 0.2800182171630023...
Loop11 pFBA...9240.0...Ave likelihood of: cpd00053_c is 0.18874687004872476...
Loop12 pFBA...15571.0...Ave likelihood of: cpd00119_c is 0.3216761141504222...
Loop13 pFBA...17010.0...Ave likelihood of: cpd00322_c is 0.23889097129770995...
Loop14 pFBA...14079.0...Ave likelihood of: cpd00107_c is 0.27785191780600427...
Loop15 pFBA...16785.0...Ave likelihood of: cpd00039_c is 0.27372731878526624...
Loop16 pFBA...20678.0...Ave likelihood of: cpd00060_c is 0.25040268497270957...
Loop17 pFBA...20827.0...Ave likelihood of: cpd00066_c is 0.2759918166557454...
Loop18 pFBA...10242.0...Ave likelihood of: cpd00129_c is 0.31316601548232215...
Loop19 pFBA...5393.0...Ave likelihood of: cpd00054_c is 0.46431564014738597...
Loop20 pFBA...7625.0...Ave likelihood of: cpd00161_c is 0.3832118071900824...
Loop21 pFBA...26565.0...Ave likelihood of: cpd00065_c is 0.20650815231421854...
Loop22 pFBA...18332.0...Ave likelihood of: cpd00069_c is 0.25631841839817826...
Loop23 pFBA...7948.0...Ave likelihood of: cpd00156_c is 0.2858485453711667...
Loop24 pFBA...23993.0...Ave likelihood of: cpd00098_c is 0.24767443134926873...
Loop25 pFBA...14482.0...Ave likelihood of: cpd00274_c is 0.2873259603736223...
Loop26 pFBA...6130.0...Ave likelihood of: cpd00226_c is 0.33506503086961903...
Loop27 pFBA...4568.0...Ave likelihood of: cpd00246_c is 0.40240786642259885...
Loop28 pFBA...20151.0...Ave likelihood of: cpd00374_c is 0.25827114653519606...
Loop29 pFBA...4117.0...Ave likelihood of: cpd00221_c is 0.42635016083262534...
Loop30 pFBA...3989.0...Ave likelihood of: cpd00159_c is 0.3823458012211877...
Loop31 pFBA...10239.0...Ave likelihood of: cpd00211_c is 0.3539298709620534...
Loop32 pFBA...3586.0...Ave likelihood of: cpd00047_c is 0.4098049007664192...
Loop33 pFBA...4992.0...Ave likelihood of: cpd00106_c is 0.16294013993027628...
Loop34 pFBA...7570.0...Ave likelihood of: cpd00141_c is 0.3053328640136918...
Loop35 pFBA...19891.0...Ave likelihood of: cpd00216_c is 0.27812630560042156...
Loop36 pFBA...4753.0...Ave likelihood of: cpd00036_c is 0.2260849837758864...
Loop37 pFBA...16176.0...Ave likelihood of: cpd00581_c is 0.33292904883642066...
Loop38 pFBA...4256.0...Ave likelihood of: cpd00128_c is 0.36306371613928784...
Loop39 pFBA...5763.0...Ave likelihood of: cpd00018_c is 0.3277120991428725...
Loop40 pFBA...5091.0...Ave likelihood of: cpd00091_c is 0.3679859825368735...
Loop41 pFBA...4015.0...Ave likelihood of: cpd00092_c is 0.2599897283153112...
Loop42 pFBA...61520.0...Ave likelihood of: cpd00305_c is 0.20753224114991262...
Loop43 pFBA...13406.0...Ave likelihood of: cpd00220_c is 0.24367359475293304...
Loop44 pFBA...14366.0...Ave likelihood of: cpd00218_c is 0.20111309425837268...
Loop45 pFBA...13376.0...Ave likelihood of: cpd00215_c is 0.40449770661066925...
Loop46 pFBA...28024.0...Ave likelihood of: cpd00104_c is 0.20237891667791114...
Loop47 pFBA...36202.0...Ave likelihood of: cpd00393_c is 0.21673354375771559...
Loop48 pFBA...6095.0...Ave likelihood of: cpd00363_c is 0.4443444612136235...
Loop49 pFBA...8600.0...Ave likelihood of: cpd00281_c is 0.20001301225928736...
Loop50 pFBA...4072.0...Ave likelihood of: cpd00025_c is 0.41533549341561093...
Loop51 pFBA...20191.0...Ave likelihood of: cpd00811_c is 0.20942976303824906...
Loop52 pFBA...5318.0...Ave likelihood of: cpd00117_c is 0.30962707266494677...
Loop53 pFBA...7092.0...Ave likelihood of: cpd00186_c is 0.31798824330984976...
Loop54 pFBA...21678.0...Ave likelihood of: cpd00637_c is 0.24692486990364415...
Loop55 pFBA...6393.0...Ave likelihood of: cpd00550_c is 0.4256226701351038...
Loop56 pFBA...4096.0...Ave likelihood of: cpd00033_c is 0.22428475442778353...
Loop57 pFBA...5212.0...Ave likelihood of: cpd00035_c is 0.30962707266494677...
Loop58 pFBA...18135.0...Ave likelihood of: cpd00051_c is 0.2534000059481534...
Loop59 pFBA...8173.0...Ave likelihood of: cpd00132_c is 0.15134813086139734...
Loop60 pFBA...5306.0...Ave likelihood of: cpd00041_c is 0.17271942660040795...
Loop61 pFBA...13625.0...Ave likelihood of: cpd00084_c is 0.24083784874708633...
Loop62 pFBA...6600.0...Ave likelihood of: cpd00023_c is 0.2800182171630023...
Loop63 pFBA...9240.0...Ave likelihood of: cpd00053_c is 0.18874687004872476...
Loop64 pFBA...15571.0...Ave likelihood of: cpd00119_c is 0.3216761141504222...
Loop65 pFBA...17010.0...Ave likelihood of: cpd00322_c is 0.23889097129770995...
Loop66 pFBA...14079.0...Ave likelihood of: cpd00107_c is 0.27785191780600427...
Loop67 pFBA...17283.0...Ave likelihood of: cpd00039_c is 0.25565395112957146...
Loop68 pFBA...20678.0...Ave likelihood of: cpd00060_c is 0.25040268497270957...
Loop69 pFBA...21165.0...Ave likelihood of: cpd00066_c is 0.26795846830610054...
Loop70 pFBA...10242.0...Ave likelihood of: cpd00129_c is 0.31316601548232215...
Loop71 pFBA...5393.0...Ave likelihood of: cpd00054_c is 0.46431564014738597...
Loop72 pFBA...7696.0...Ave likelihood of: cpd00161_c is 0.35260621895102356...
Loop73 pFBA...26565.0...Ave likelihood of: cpd00065_c is 0.20650815231421854...
Loop74 pFBA...18580.0...Ave likelihood of: cpd00069_c is 0.2536612090113637...
Loop75 pFBA...7948.0...Ave likelihood of: cpd00156_c is 0.2858485453711667...
Loop76 pFBA...24219.0...Ave likelihood of: cpd00098_c is 0.18426810679854935...
Loop77 pFBA...14686.0...Ave likelihood of: cpd00274_c is 0.16423986373738997...
Loop78 pFBA...6130.0...Ave likelihood of: cpd00226_c is 0.33506503086961903...
Loop79 pFBA...4823.0...Ave likelihood of: cpd00246_c is 0.21419610115004417...
Loop80 pFBA...20788.0...Ave likelihood of: cpd00374_c is 0.24694978286319694...
Loop81 pFBA...4310.0...Ave likelihood of: cpd00221_c is 0.2557546837413519...
Loop82 pFBA...4109.0...Ave likelihood of: cpd00159_c is 0.3609596645604658...
Loop83 pFBA...10253.0...Ave likelihood of: cpd00211_c is 0.25101674033711463...
Loop84 pFBA...3633.0...Ave likelihood of: cpd00047_c is 0.42414226232282604...
Loop85 pFBA...4992.0...Ave likelihood of: cpd00106_c is 0.16294013993027628...
Loop86 pFBA...7687.0...Ave likelihood of: cpd00141_c is 0.29802994125604...
Loop87 pFBA...20220.0...Ave likelihood of: cpd00216_c is 0.23636783405910858...
Loop88 pFBA...4753.0...Ave likelihood of: cpd00036_c is 0.2260849837758864...
Loop89 pFBA...16176.0...Ave likelihood of: cpd00581_c is 0.33292904883642066...
Loop90 pFBA...4256.0...Ave likelihood of: cpd00128_c is 0.36306371613928784...
Loop91 pFBA...5763.0...Ave likelihood of: cpd00018_c is 0.31678836250477677...
Loop92 pFBA...5091.0...Ave likelihood of: cpd00091_c is 0.37913707291677873...
Loop93 pFBA...4015.0...Ave likelihood of: cpd00092_c is 0.2599897283153112...
Loop94 pFBA...61560.0...Ave likelihood of: cpd00305_c is 0.195673993416565...
Loop95 pFBA...13406.0...Ave likelihood of: cpd00220_c is 0.24367359475293304...
Loop96 pFBA...14484.0...Ave likelihood of: cpd00218_c is 0.1650841001376061...
Loop97 pFBA...13989.0...Ave likelihood of: cpd00215_c is 0.29790348488987345...
Loop98 pFBA...28024.0...Ave likelihood of: cpd00104_c is 0.20237891667791114...
Loop99 pFBA...36202.0...Ave likelihood of: cpd00393_c is 0.21673354375771559...
Loop100 pFBA...6470.0...Ave likelihood of: cpd00363_c is 0.45249197242538053...
Loop101 pFBA...8600.0...Ave likelihood of: cpd00281_c is 0.20001301225928736...
Loop102 pFBA...4180.0...Ave likelihood of: cpd00025_c is 0.32251828711756836...
Loop103 pFBA...20699.0...Ave likelihood of: cpd00811_c is 0.207087913010483...
Loop104 pFBA...5318.0...Ave likelihood of: cpd00117_c is 0.30962707266494677...
Loop105 pFBA...7092.0...Ave likelihood of: cpd00186_c is 0.31798824330984976...
Loop106 pFBA...21678.0...Ave likelihood of: cpd00637_c is 0.24692486990364415...
Loop107 pFBA...6393.0...Ave likelihood of: cpd00550_c is 0.4256226701351038...
Loop108 pFBA...4096.0...Ave likelihood of: cpd00033_c is 0.22428475442778353...
Loop109 pFBA...5212.0...Ave likelihood of: cpd00035_c is 0.30962707266494677...
Loop110 pFBA...17841.0...Ave likelihood of: cpd00051_c is 0.27236327179839154...
Loop111 pFBA...8173.0...Ave likelihood of: cpd00132_c is 0.15134813086139734...
Loop112 pFBA...5306.0...Ave likelihood of: cpd00041_c is 0.17271942660040795...
Loop113 pFBA...13593.0...Ave likelihood of: cpd00084_c is 0.305555651861314...
Loop114 pFBA...6600.0...Ave likelihood of: cpd00023_c is 0.2800182171630023...
Loop115 pFBA...9240.0...Ave likelihood of: cpd00053_c is 0.18874687004872476...
Loop116 pFBA...15571.0...Ave likelihood of: cpd00119_c is 0.3216761141504222...
Loop117 pFBA...17010.0...Ave likelihood of: cpd00322_c is 0.23889097129770995...
Loop118 pFBA...14079.0...Ave likelihood of: cpd00107_c is 0.27785191780600427...
Loop119 pFBA...17090.0...Ave likelihood of: cpd00039_c is 0.25994596772990564...
Loop120 pFBA...20678.0...Ave likelihood of: cpd00060_c is 0.25040268497270957...
Loop121 pFBA...20747.0...Ave likelihood of: cpd00066_c is 0.28338286518154093...
Loop122 pFBA...10242.0...Ave likelihood of: cpd00129_c is 0.31316601548232215...
Loop123 pFBA...5393.0...Ave likelihood of: cpd00054_c is 0.46431564014738597...
Loop124 pFBA...7614.0...Ave likelihood of: cpd00161_c is 0.35619884869686874...
Loop125 pFBA...26565.0...Ave likelihood of: cpd00065_c is 0.20650815231421854...
Loop126 pFBA...18261.0...Ave likelihood of: cpd00069_c is 0.22265932510833633...
Loop127 pFBA...7948.0...Ave likelihood of: cpd00156_c is 0.2858485453711667...
Loop128 pFBA...23940.0...Ave likelihood of: cpd00098_c is 0.2210067901796589...
Loop129 pFBA...14654.0...Ave likelihood of: cpd00274_c is 0.23915798500353988...
Loop130 pFBA...6130.0...Ave likelihood of: cpd00226_c is 0.3350650308696191...
Loop131 pFBA...4545.0...Ave likelihood of: cpd00246_c is 0.36237931300120546...
Loop132 pFBA...20065.0...Ave likelihood of: cpd00374_c is 0.2621936907212471...
Loop133 pFBA...4274.0...Ave likelihood of: cpd00221_c is 0.336584546467493...
Loop134 pFBA...4086.0...Ave likelihood of: cpd00159_c is 0.3653795305898952...
Loop135 pFBA...10222.0...Ave likelihood of: cpd00211_c is 0.35697187837014066...
Loop136 pFBA...3633.0...Ave likelihood of: cpd00047_c is 0.42414226232282604...
Loop137 pFBA...4992.0...Ave likelihood of: cpd00106_c is 0.16294013993027628...
Loop138 pFBA...7633.0...Ave likelihood of: cpd00141_c is 0.3654246701014153...
Loop139 pFBA...19751.0...Ave likelihood of: cpd00216_c is 0.2768310051716634...
Loop140 pFBA...4753.0...Ave likelihood of: cpd00036_c is 0.2260849837758864...
Loop141 pFBA...16176.0...Ave likelihood of: cpd00581_c is 0.33292904883642066...
Loop142 pFBA...4256.0...Ave likelihood of: cpd00128_c is 0.36306371613928784...
Loop143 pFBA...5763.0...Ave likelihood of: cpd00018_c is 0.3277120991428725...
Loop144 pFBA...5091.0...Ave likelihood of: cpd00091_c is 0.3679859825368735...
Loop145 pFBA...4015.0...Ave likelihood of: cpd00092_c is 0.2599897283153112...
Loop146 pFBA...61488.0...Ave likelihood of: cpd00305_c is 0.1990062220489859...
Loop147 pFBA...13406.0...Ave likelihood of: cpd00220_c is 0.23050204909061234...
Loop148 pFBA...14318.0...Ave likelihood of: cpd00218_c is 0.20073071139643672...
Loop149 pFBA...13270.0...Ave likelihood of: cpd00215_c is 0.41072762972969146...
Loop150 pFBA...28024.0...Ave likelihood of: cpd00104_c is 0.19777939584432228...
Loop151 pFBA...36202.0...Ave likelihood of: cpd00393_c is 0.21673354375771553...
Loop152 pFBA...6040.0...Ave likelihood of: cpd00363_c is 0.4721349943502382...
Loop153 pFBA...8600.0...Ave likelihood of: cpd00281_c is 0.20001301225928736...
Loop154 pFBA...4050.0...Ave likelihood of: cpd00025_c is 0.4021440420549506...
Loop155 pFBA...20085.0...Ave likelihood of: cpd00811_c is 0.2172748514103511...
32.8496124864mins to complete!
