
The following have been reloaded with a version change:
  1) anaconda2/4.4.0 => anaconda2/5.1.0

Loading in models...Adding Water...Remove no-like rxns...Pruned 1 metabolites from model
Pruned 1 reactions from model
Set-up Universal...63.0seconds to complete

Loop0 pFBA...5567.0...Ave likelihood of: cpd00117_c is 0.47188820283438876...
Loop1 pFBA...6841.0...Ave likelihood of: cpd00186_c is 0.35990127650727954...
Loop2 pFBA...21367.0...Ave likelihood of: cpd00637_c is 0.2788030455690961...
Loop3 pFBA...6430.0...Ave likelihood of: cpd00550_c is 0.3471129694530582...
Loop4 pFBA...4054.0...Ave likelihood of: cpd00033_c is 0.25616789518555305...
Loop5 pFBA...5444.0...Ave likelihood of: cpd00035_c is 0.47188820283438876...
Loop6 pFBA...18110.0...Ave likelihood of: cpd00051_c is 0.3112561278660114...
Loop7 pFBA...7911.0...Ave likelihood of: cpd00132_c is 0.2500083578329945...
Loop8 pFBA...5181.0...Ave likelihood of: cpd00041_c is 0.2231777664000809...
Loop9 pFBA...13622.0...Ave likelihood of: cpd00084_c is 0.2725627541993298...
Loop10 pFBA...6592.0...Ave likelihood of: cpd00023_c is 0.28160994886480517...
Loop11 pFBA...9082.0...Ave likelihood of: cpd00053_c is 0.31095728301699405...
Loop12 pFBA...16376.0...Ave likelihood of: cpd00119_c is 0.3300959171632715...
Loop13 pFBA...16729.0...Ave likelihood of: cpd00322_c is 0.35497766617600546...
Loop14 pFBA...14204.0...Ave likelihood of: cpd00107_c is 0.2651382339241416...
Loop15 pFBA...17666.0...Ave likelihood of: cpd00039_c is 0.30561525543299384...
Loop16 pFBA...20367.0...Ave likelihood of: cpd00060_c is 0.28237744358921263...
Loop17 pFBA...20569.0...Ave likelihood of: cpd00066_c is 0.2400994430098584...
Loop18 pFBA...10285.0...Ave likelihood of: cpd00129_c is 0.20138090438210804...
Loop19 pFBA...5430.0...Ave likelihood of: cpd00054_c is 0.3544983517818467...
Loop20 pFBA...7338.0...Ave likelihood of: cpd00161_c is 0.3987637235478398...
Loop21 pFBA...26526.0...Ave likelihood of: cpd00065_c is 0.2693591443818277...
Loop22 pFBA...18297.0...Ave likelihood of: cpd00069_c is 0.21472539570767027...
Loop23 pFBA...7671.0...Ave likelihood of: cpd00156_c is 0.33297494797200305...
Loop24 pFBA...23606.0...Ave likelihood of: cpd00098_c is 0.2519093536620947...
Loop25 pFBA...14169.0...Ave likelihood of: cpd00274_c is 0.19402580280869927...
Loop26 pFBA...6626.0...Ave likelihood of: cpd00226_c is 0.32637205625999044...
Loop27 pFBA...4452.0...Ave likelihood of: cpd00246_c is 0.4385392150903776...
Loop28 pFBA...20022.0...Ave likelihood of: cpd00374_c is 0.2296337206151528...
Loop29 pFBA...4762.0...Ave likelihood of: cpd00221_c is 0.42298816149326957...
Loop30 pFBA...4282.0...Ave likelihood of: cpd00159_c is 0.422276455505852...
Loop31 pFBA...10317.0...Ave likelihood of: cpd00211_c is 0.3917831390626449...
Loop32 pFBA...3764.0...Ave likelihood of: cpd00047_c is 0.29156620156308805...
Loop33 pFBA...5000.0...Ave likelihood of: cpd00106_c is 0.19014982602785424...
Loop34 pFBA...7559.0...Ave likelihood of: cpd00141_c is 0.4134641192735862...
Loop35 pFBA...19202.0...Ave likelihood of: cpd00216_c is 0.23735490251097383...
Loop36 pFBA...4801.0...Ave likelihood of: cpd00036_c is 0.41705086431379085...
Loop37 pFBA...16944.0...Ave likelihood of: cpd00581_c is 0.3261309915195483...
Loop38 pFBA...4746.0...Ave likelihood of: cpd00128_c is 0.3461259720648968...
Loop39 pFBA...5862.0...Ave likelihood of: cpd00018_c is 0.2797793415142764...
Loop40 pFBA...5862.0...Ave likelihood of: cpd00091_c is 0.2797793415142764...
Loop41 pFBA...3607.0...Ave likelihood of: cpd00092_c is 0.36826955959565294...
Loop42 pFBA...63851.0...Ave likelihood of: cpd00305_c is 0.15977032685605597...
Loop43 pFBA...13654.0...Ave likelihood of: cpd00220_c is 0.2833290529411995...
Loop44 pFBA...14449.0...Ave likelihood of: cpd00218_c is 0.2150022892133113...
Loop45 pFBA...14493.0...Ave likelihood of: cpd00215_c is 0.29952646656727283...
Loop46 pFBA...28647.0...Ave likelihood of: cpd00104_c is 0.21257035436602514...
Loop47 pFBA...35890.0...Ave likelihood of: cpd00393_c is 0.17228733459292606...
Loop48 pFBA...5588.0...Ave likelihood of: cpd00363_c is 0.5694006467598354...
Loop49 pFBA...8588.0...Ave likelihood of: cpd00281_c is 0.20168474295326563...
Loop50 pFBA...4020.0...Ave likelihood of: cpd00025_c is 0.2756509358420482...
Loop51 pFBA...19582.0...Ave likelihood of: cpd00811_c is 0.2601696581356959...
Loop52 pFBA...5367.0...Ave likelihood of: cpd00714_c is 0.376443903833983...
Loop53 pFBA...5567.0...Ave likelihood of: cpd00117_c is 0.47188820283438876...
Loop54 pFBA...6841.0...Ave likelihood of: cpd00186_c is 0.35990127650727954...
Loop55 pFBA...21637.0...Ave likelihood of: cpd00637_c is 0.2786958819771565...
Loop56 pFBA...6502.0...Ave likelihood of: cpd00550_c is 0.29732025575838505...
Loop57 pFBA...4055.0...Ave likelihood of: cpd00033_c is 0.23877045927044288...
Loop58 pFBA...5444.0...Ave likelihood of: cpd00035_c is 0.47188820283438876...
Loop59 pFBA...18299.0...Ave likelihood of: cpd00051_c is 0.2848203829179187...
Loop60 pFBA...7911.0...Ave likelihood of: cpd00132_c is 0.2500083578329945...
Loop61 pFBA...5181.0...Ave likelihood of: cpd00041_c is 0.2231777664000809...
Loop62 pFBA...13755.0...Ave likelihood of: cpd00084_c is 0.2527486723347717...
Loop63 pFBA...6592.0...Ave likelihood of: cpd00023_c is 0.28160994886480517...
Loop64 pFBA...9082.0...Ave likelihood of: cpd00053_c is 0.31095728301699405...
Loop65 pFBA...16376.0...Ave likelihood of: cpd00119_c is 0.3236234481992858...
Loop66 pFBA...16739.0...Ave likelihood of: cpd00322_c is 0.24080431103381245...
Loop67 pFBA...14204.0...Ave likelihood of: cpd00107_c is 0.26513823392414165...
Loop68 pFBA...17896.0...Ave likelihood of: cpd00039_c is 0.34187163577362445...
Loop69 pFBA...20637.0...Ave likelihood of: cpd00060_c is 0.28205366368772467...
Loop70 pFBA...21446.0...Ave likelihood of: cpd00066_c is 0.22971639907697333...
Loop71 pFBA...10285.0...Ave likelihood of: cpd00129_c is 0.18459916235026572...
Loop72 pFBA...5502.0...Ave likelihood of: cpd00054_c is 0.3066115137508346...
Loop73 pFBA...7647.0...Ave likelihood of: cpd00161_c is 0.3660839047071252...
Loop74 pFBA...26526.0...Ave likelihood of: cpd00065_c is 0.2693591443818277...
Loop75 pFBA...18856.0...Ave likelihood of: cpd00069_c is 0.23849830709302922...
Loop76 pFBA...7671.0...Ave likelihood of: cpd00156_c is 0.33297494797200305...
Loop77 pFBA...24522.0...Ave likelihood of: cpd00098_c is 0.26086595175383953...
Loop78 pFBA...14169.0...Ave likelihood of: cpd00274_c is 0.19402580280869927...
Loop79 pFBA...6626.0...Ave likelihood of: cpd00226_c is 0.32637205625999044...
Loop80 pFBA...4788.0...Ave likelihood of: cpd00246_c is 0.36451437880242626...
Loop81 pFBA...20811.0...Ave likelihood of: cpd00374_c is 0.21948169322217254...
Loop82 pFBA...5085.0...Ave likelihood of: cpd00221_c is 0.35781523946260024...
Loop83 pFBA...4347.0...Ave likelihood of: cpd00159_c is 0.3838124092051372...
Loop84 pFBA...10499.0...Ave likelihood of: cpd00211_c is 0.214780655903993...
Loop85 pFBA...3766.0...Ave likelihood of: cpd00047_c is 0.21914000857371105...
Loop86 pFBA...5000.0...Ave likelihood of: cpd00106_c is 0.19014982602785424...
Loop87 pFBA...7730.0...Ave likelihood of: cpd00141_c is 0.3242930722746012...
Loop88 pFBA...20276.0...Ave likelihood of: cpd00216_c is 0.2257846658225705...
Loop89 pFBA...4801.0...Ave likelihood of: cpd00036_c is 0.22824903460411325...
Loop90 pFBA...16944.0...Ave likelihood of: cpd00581_c is 0.3261309915195483...
Loop91 pFBA...4746.0...Ave likelihood of: cpd00128_c is 0.3461259720648968...
Loop92 pFBA...5862.0...Ave likelihood of: cpd00018_c is 0.2797793415142764...
Loop93 pFBA...5862.0...Ave likelihood of: cpd00091_c is 0.2797793415142764...
Loop94 pFBA...3616.0...Ave likelihood of: cpd00092_c is 0.32201683337314263...
Loop95 pFBA...64040.0...Ave likelihood of: cpd00305_c is 0.1233076775179654...
Loop96 pFBA...14043.0...Ave likelihood of: cpd00220_c is 0.17322747162809676...
Loop97 pFBA...14704.0...Ave likelihood of: cpd00218_c is 0.2198370880963955...
Loop98 pFBA...15050.0...Ave likelihood of: cpd00215_c is 0.3236955817542662...
Loop99 pFBA...28696.0...Ave likelihood of: cpd00104_c is 0.17285079926337887...
Loop100 pFBA...35899.0...Ave likelihood of: cpd00393_c is 0.17262966955238995...
Loop101 pFBA...6321.0...Ave likelihood of: cpd00363_c is 0.5155498497856688...
Loop102 pFBA...8588.0...Ave likelihood of: cpd00281_c is 0.20168474295326563...
Loop103 pFBA...4206.0...Ave likelihood of: cpd00025_c is 0.3815791080581678...
Loop104 pFBA...20455.0...Ave likelihood of: cpd00811_c is 0.30192412608074026...
Loop105 pFBA...6325.0...Ave likelihood of: cpd00714_c is 0.4291474311050798...
Loop106 pFBA...5567.0...Ave likelihood of: cpd00117_c is 0.47188820283438876...
Loop107 pFBA...6841.0...Ave likelihood of: cpd00186_c is 0.35990127650727954...
Loop108 pFBA...21543.0...Ave likelihood of: cpd00637_c is 0.2471344617974708...
Loop109 pFBA...6457.0...Ave likelihood of: cpd00550_c is 0.3024267239225723...
Loop110 pFBA...4055.0...Ave likelihood of: cpd00033_c is 0.22839029542771452...
Loop111 pFBA...5444.0...Ave likelihood of: cpd00035_c is 0.47188820283438876...
Loop112 pFBA...18208.0...Ave likelihood of: cpd00051_c is 0.27268543389429467...
Loop113 pFBA...7911.0...Ave likelihood of: cpd00132_c is 0.2500083578329945...
Loop114 pFBA...5181.0...Ave likelihood of: cpd00041_c is 0.2231777664000809...
Loop115 pFBA...13741.0...Ave likelihood of: cpd00084_c is 0.23076334711022836...
Loop116 pFBA...6592.0...Ave likelihood of: cpd00023_c is 0.28160994886480517...
Loop117 pFBA...9082.0...Ave likelihood of: cpd00053_c is 0.31095728301699405...
Loop118 pFBA...16376.0...Ave likelihood of: cpd00119_c is 0.3236234481992858...
Loop119 pFBA...16739.0...Ave likelihood of: cpd00322_c is 0.24080431103381245...
Loop120 pFBA...14204.0...Ave likelihood of: cpd00107_c is 0.26513823392414165...
Loop121 pFBA...17728.0...Ave likelihood of: cpd00039_c is 0.2851631324591888...
Loop122 pFBA...20543.0...Ave likelihood of: cpd00060_c is 0.250344000262373...
Loop123 pFBA...20951.0...Ave likelihood of: cpd00066_c is 0.22657769620816412...
Loop124 pFBA...10285.0...Ave likelihood of: cpd00129_c is 0.20138090438210804...
Loop125 pFBA...5457.0...Ave likelihood of: cpd00054_c is 0.30872728067095917...
Loop126 pFBA...7516.0...Ave likelihood of: cpd00161_c is 0.3685718657449061...
Loop127 pFBA...26526.0...Ave likelihood of: cpd00065_c is 0.2693591443818277...
Loop128 pFBA...18482.0...Ave likelihood of: cpd00069_c is 0.19706856167324568...
Loop129 pFBA...7671.0...Ave likelihood of: cpd00156_c is 0.33297494797200305...
Loop130 pFBA...24119.0...Ave likelihood of: cpd00098_c is 0.2379104254112086...
Loop131 pFBA...14169.0...Ave likelihood of: cpd00274_c is 0.19402580280869927...
Loop132 pFBA...6626.0...Ave likelihood of: cpd00226_c is 0.32637205625999044...
Loop133 pFBA...4641.0...Ave likelihood of: cpd00246_c is 0.22819260283386866...
Loop134 pFBA...20437.0...Ave likelihood of: cpd00374_c is 0.21973559004026766...
Loop135 pFBA...4969.0...Ave likelihood of: cpd00221_c is 0.19019884661540393...
Loop136 pFBA...4333.0...Ave likelihood of: cpd00159_c is 0.34572394461871647...
Loop137 pFBA...10478.0...Ave likelihood of: cpd00211_c is 0.3813193886031927...
Loop138 pFBA...3766.0...Ave likelihood of: cpd00047_c is 0.21914000857371105...
Loop139 pFBA...5000.0...Ave likelihood of: cpd00106_c is 0.19014982602785424...
Loop140 pFBA...7674.0...Ave likelihood of: cpd00141_c is 0.37177704956996477...
Loop141 pFBA...19653.0...Ave likelihood of: cpd00216_c is 0.2309331096385499...
Loop142 pFBA...4801.0...Ave likelihood of: cpd00036_c is 0.22824903460411325...
Loop143 pFBA...16944.0...Ave likelihood of: cpd00581_c is 0.3261309915195483...
Loop144 pFBA...4746.0...Ave likelihood of: cpd00128_c is 0.3461259720648968...
Loop145 pFBA...5862.0...Ave likelihood of: cpd00018_c is 0.2797793415142764...
Loop146 pFBA...5862.0...Ave likelihood of: cpd00091_c is 0.2797793415142764...
Loop147 pFBA...3616.0...Ave likelihood of: cpd00092_c is 0.32201683337314263...
Loop148 pFBA...64040.0...Ave likelihood of: cpd00305_c is 0.12204943591063923...
Loop149 pFBA...13948.0...Ave likelihood of: cpd00220_c is 0.2777185134413787...
Loop150 pFBA...14657.0...Ave likelihood of: cpd00218_c is 0.154520887047242...
Loop151 pFBA...14739.0...Ave likelihood of: cpd00215_c is 0.23159682771881573...
Loop152 pFBA...28688.0...Ave likelihood of: cpd00104_c is 0.1955048969024385...
Loop153 pFBA...35891.0...Ave likelihood of: cpd00393_c is 0.15356174868363698...
Loop154 pFBA...5984.0...Ave likelihood of: cpd00363_c is 0.43692918849790147...
Loop155 pFBA...8588.0...Ave likelihood of: cpd00281_c is 0.20168474295326563...
Loop156 pFBA...4142.0...Ave likelihood of: cpd00025_c is 0.3079438612153959...
Loop157 pFBA...19989.0...Ave likelihood of: cpd00811_c is 0.2712543980899712...
Loop158 pFBA...6111.0...Ave likelihood of: cpd00714_c is 0.29929683101299337...
32.8318836649mins to complete!
