
The following have been reloaded with a version change:
  1) anaconda2/4.4.0 => anaconda2/5.1.0

Loading in models...Adding Water...Remove no-like rxns...Pruned 1 metabolites from model
Pruned 1 reactions from model
Set-up Universal...63.0seconds to complete

Loop0 pFBA...5338.0...Ave likelihood of: cpd00117_c is 0.30588156071420713...
Loop1 pFBA...7122.0...Ave likelihood of: cpd00186_c is 0.3130632616819279...
Loop2 pFBA...21816.0...Ave likelihood of: cpd00637_c is 0.24516780803721333...
Loop3 pFBA...6436.0...Ave likelihood of: cpd00550_c is 0.3427209557783254...
Loop4 pFBA...4160.0...Ave likelihood of: cpd00033_c is 0.2540235870325959...
Loop5 pFBA...5223.0...Ave likelihood of: cpd00035_c is 0.30588156071420713...
Loop6 pFBA...18056.0...Ave likelihood of: cpd00051_c is 0.24364631228664352...
Loop7 pFBA...8209.0...Ave likelihood of: cpd00132_c is 0.13738648210036108...
Loop8 pFBA...5387.0...Ave likelihood of: cpd00041_c is 0.1607692596548067...
Loop9 pFBA...13628.0...Ave likelihood of: cpd00084_c is 0.2931593180433762...
Loop10 pFBA...6628.0...Ave likelihood of: cpd00023_c is 0.27441554595212025...
Loop11 pFBA...9292.0...Ave likelihood of: cpd00053_c is 0.18751221536000648...
Loop12 pFBA...15712.0...Ave likelihood of: cpd00119_c is 0.28257070197027156...
Loop13 pFBA...17006.0...Ave likelihood of: cpd00322_c is 0.23901153320382654...
Loop14 pFBA...14099.0...Ave likelihood of: cpd00107_c is 0.25985761883192576...
Loop15 pFBA...17028.0...Ave likelihood of: cpd00039_c is 0.2864079101383695...
Loop16 pFBA...20816.0...Ave likelihood of: cpd00060_c is 0.24835180554419015...
Loop17 pFBA...21196.0...Ave likelihood of: cpd00066_c is 0.259036392740398...
Loop18 pFBA...10270.0...Ave likelihood of: cpd00129_c is 0.31084018011627856...
Loop19 pFBA...5436.0...Ave likelihood of: cpd00054_c is 0.36720102404820576...
Loop20 pFBA...7686.0...Ave likelihood of: cpd00161_c is 0.33730896402456134...
Loop21 pFBA...26627.0...Ave likelihood of: cpd00065_c is 0.1976071763360217...
Loop22 pFBA...18542.0...Ave likelihood of: cpd00069_c is 0.2097157071214958...
Loop23 pFBA...8024.0...Ave likelihood of: cpd00156_c is 0.19191607116864912...
Loop24 pFBA...24428.0...Ave likelihood of: cpd00098_c is 0.1566845232312023...
Loop25 pFBA...14681.0...Ave likelihood of: cpd00274_c is 0.2204259982662808...
Loop26 pFBA...6134.0...Ave likelihood of: cpd00226_c is 0.32568680681683326...
Loop27 pFBA...4700.0...Ave likelihood of: cpd00246_c is 0.2699763173424548...
Loop28 pFBA...20372.0...Ave likelihood of: cpd00374_c is 0.2487966916237742...
Loop29 pFBA...4273.0...Ave likelihood of: cpd00221_c is 0.3101346661005501...
Loop30 pFBA...4100.0...Ave likelihood of: cpd00159_c is 0.30912203595016685...
Loop31 pFBA...10315.0...Ave likelihood of: cpd00211_c is 0.22192562620593526...
Loop32 pFBA...3631.0...Ave likelihood of: cpd00047_c is 0.3982086594484926...
Loop33 pFBA...5136.0...Ave likelihood of: cpd00106_c is 0.1232796894200532...
Loop34 pFBA...7688.0...Ave likelihood of: cpd00141_c is 0.30824623358763703...
Loop35 pFBA...20327.0...Ave likelihood of: cpd00216_c is 0.23518351796352197...
Loop36 pFBA...4785.0...Ave likelihood of: cpd00036_c is 0.168486901222191...
Loop37 pFBA...16310.0...Ave likelihood of: cpd00581_c is 0.3139229484731085...
Loop38 pFBA...4444.0...Ave likelihood of: cpd00128_c is 0.19919802430024375...
Loop39 pFBA...6011.0...Ave likelihood of: cpd00018_c is 0.27901708301166517...
Loop40 pFBA...5333.0...Ave likelihood of: cpd00091_c is 0.340117293520658...
Loop41 pFBA...4199.0...Ave likelihood of: cpd00092_c is 0.36435909075387374...
Loop42 pFBA...61708.0...Ave likelihood of: cpd00305_c is 0.20972631031746128...
Loop43 pFBA...13600.0...Ave likelihood of: cpd00220_c is 0.23244629507805178...
Loop44 pFBA...14457.0...Ave likelihood of: cpd00218_c is 0.1623253182735133...
Loop45 pFBA...13896.0...Ave likelihood of: cpd00215_c is 0.2800051436081401...
Loop46 pFBA...28156.0...Ave likelihood of: cpd00104_c is 0.1657916838777278...
Loop47 pFBA...36644.0...Ave likelihood of: cpd00393_c is 0.18063683292846971...
Loop48 pFBA...6287.0...Ave likelihood of: cpd00363_c is 0.39823414887220737...
Loop49 pFBA...8628.0...Ave likelihood of: cpd00281_c is 0.19601110425151447...
Loop50 pFBA...4171.0...Ave likelihood of: cpd00025_c is 0.2849976915527403...
Loop51 pFBA...20584.0...Ave likelihood of: cpd00811_c is 0.1979801699782987...
Loop52 pFBA...5338.0...Ave likelihood of: cpd00117_c is 0.30588156071420713...
Loop53 pFBA...7122.0...Ave likelihood of: cpd00186_c is 0.3130632616819279...
Loop54 pFBA...21816.0...Ave likelihood of: cpd00637_c is 0.24516780803721333...
Loop55 pFBA...6436.0...Ave likelihood of: cpd00550_c is 0.3427209557783254...
Loop56 pFBA...4160.0...Ave likelihood of: cpd00033_c is 0.2540235870325959...
Loop57 pFBA...5223.0...Ave likelihood of: cpd00035_c is 0.30588156071420713...
Loop58 pFBA...18199.0...Ave likelihood of: cpd00051_c is 0.25061352990077346...
Loop59 pFBA...8209.0...Ave likelihood of: cpd00132_c is 0.13738648210036108...
Loop60 pFBA...5387.0...Ave likelihood of: cpd00041_c is 0.1607692596548067...
Loop61 pFBA...13638.0...Ave likelihood of: cpd00084_c is 0.23623425736766102...
Loop62 pFBA...6628.0...Ave likelihood of: cpd00023_c is 0.27441554595212025...
Loop63 pFBA...9292.0...Ave likelihood of: cpd00053_c is 0.1875122153600065...
Loop64 pFBA...15712.0...Ave likelihood of: cpd00119_c is 0.2970750209219909...
Loop65 pFBA...17006.0...Ave likelihood of: cpd00322_c is 0.23901153320382654...
Loop66 pFBA...14099.0...Ave likelihood of: cpd00107_c is 0.25985761883192576...
Loop67 pFBA...17349.0...Ave likelihood of: cpd00039_c is 0.2606148055152946...
Loop68 pFBA...20816.0...Ave likelihood of: cpd00060_c is 0.24835180554419015...
Loop69 pFBA...21478.0...Ave likelihood of: cpd00066_c is 0.24957109924589957...
Loop70 pFBA...10270.0...Ave likelihood of: cpd00129_c is 0.31084018011627856...
Loop71 pFBA...5436.0...Ave likelihood of: cpd00054_c is 0.36720102404820576...
Loop72 pFBA...7714.0...Ave likelihood of: cpd00161_c is 0.30306707738411337...
Loop73 pFBA...26627.0...Ave likelihood of: cpd00065_c is 0.20657051950843253...
Loop74 pFBA...18803.0...Ave likelihood of: cpd00069_c is 0.23222257455664794...
Loop75 pFBA...8024.0...Ave likelihood of: cpd00156_c is 0.19191607116864912...
Loop76 pFBA...24567.0...Ave likelihood of: cpd00098_c is 0.1747241575775339...
Loop77 pFBA...14767.0...Ave likelihood of: cpd00274_c is 0.22237235949613518...
Loop78 pFBA...6134.0...Ave likelihood of: cpd00226_c is 0.32568680681683326...
Loop79 pFBA...4842.0...Ave likelihood of: cpd00246_c is 0.19019395668446631...
Loop80 pFBA...20915.0...Ave likelihood of: cpd00374_c is 0.23237241593249638...
Loop81 pFBA...4311.0...Ave likelihood of: cpd00221_c is 0.25589176489567034...
Loop82 pFBA...4150.0...Ave likelihood of: cpd00159_c is 0.26737373246087964...
Loop83 pFBA...10315.0...Ave likelihood of: cpd00211_c is 0.22192562620593526...
Loop84 pFBA...3634.0...Ave likelihood of: cpd00047_c is 0.3931419924182612...
Loop85 pFBA...5136.0...Ave likelihood of: cpd00106_c is 0.1232796894200532...
Loop86 pFBA...7688.0...Ave likelihood of: cpd00141_c is 0.25659787232471415...
Loop87 pFBA...20696.0...Ave likelihood of: cpd00216_c is 0.2376530950889709...
Loop88 pFBA...4785.0...Ave likelihood of: cpd00036_c is 0.168486901222191...
Loop89 pFBA...16310.0...Ave likelihood of: cpd00581_c is 0.3139229484731085...
Loop90 pFBA...4444.0...Ave likelihood of: cpd00128_c is 0.19919802430024375...
Loop91 pFBA...6011.0...Ave likelihood of: cpd00018_c is 0.26905218718982005...
Loop92 pFBA...5333.0...Ave likelihood of: cpd00091_c is 0.3294886280981375...
Loop93 pFBA...4199.0...Ave likelihood of: cpd00092_c is 0.36435909075387374...
Loop94 pFBA...61708.0...Ave likelihood of: cpd00305_c is 0.21398615556787...
Loop95 pFBA...13600.0...Ave likelihood of: cpd00220_c is 0.2259894535481059...
Loop96 pFBA...14517.0...Ave likelihood of: cpd00218_c is 0.17870341787894004...
Loop97 pFBA...14204.0...Ave likelihood of: cpd00215_c is 0.25220859337215307...
Loop98 pFBA...28156.0...Ave likelihood of: cpd00104_c is 0.16955967669313068...
Loop99 pFBA...36644.0...Ave likelihood of: cpd00393_c is 0.17808269771263902...
Loop100 pFBA...6488.0...Ave likelihood of: cpd00363_c is 0.29228760693892797...
Loop101 pFBA...8628.0...Ave likelihood of: cpd00281_c is 0.19601110425151447...
Loop102 pFBA...4211.0...Ave likelihood of: cpd00025_c is 0.29484361627295547...
Loop103 pFBA...20863.0...Ave likelihood of: cpd00811_c is 0.17306345382731358...
Loop104 pFBA...5338.0...Ave likelihood of: cpd00117_c is 0.30588156071420713...
Loop105 pFBA...7122.0...Ave likelihood of: cpd00186_c is 0.3130632616819279...
Loop106 pFBA...21780.0...Ave likelihood of: cpd00637_c is 0.2316389942410097...
Loop107 pFBA...6436.0...Ave likelihood of: cpd00550_c is 0.3427209557783254...
Loop108 pFBA...4160.0...Ave likelihood of: cpd00033_c is 0.2540235870325959...
Loop109 pFBA...5223.0...Ave likelihood of: cpd00035_c is 0.30588156071420713...
Loop110 pFBA...17971.0...Ave likelihood of: cpd00051_c is 0.26092946846285675...
Loop111 pFBA...8209.0...Ave likelihood of: cpd00132_c is 0.13738648210036108...
Loop112 pFBA...5387.0...Ave likelihood of: cpd00041_c is 0.1607692596548067...
Loop113 pFBA...13638.0...Ave likelihood of: cpd00084_c is 0.23623425736766102...
Loop114 pFBA...6628.0...Ave likelihood of: cpd00023_c is 0.27441554595212025...
Loop115 pFBA...9292.0...Ave likelihood of: cpd00053_c is 0.18751221536000648...
Loop116 pFBA...15712.0...Ave likelihood of: cpd00119_c is 0.28257070197027156...
Loop117 pFBA...17006.0...Ave likelihood of: cpd00322_c is 0.23901153320382654...
Loop118 pFBA...14099.0...Ave likelihood of: cpd00107_c is 0.25985761883192576...
Loop119 pFBA...17194.0...Ave likelihood of: cpd00039_c is 0.25519162574184...
Loop120 pFBA...20780.0...Ave likelihood of: cpd00060_c is 0.23442982549692548...
Loop121 pFBA...20911.0...Ave likelihood of: cpd00066_c is 0.2636263143612777...
Loop122 pFBA...10270.0...Ave likelihood of: cpd00129_c is 0.31084018011627856...
Loop123 pFBA...5436.0...Ave likelihood of: cpd00054_c is 0.36720102404820576...
Loop124 pFBA...7682.0...Ave likelihood of: cpd00161_c is 0.33993894291077437...
Loop125 pFBA...26627.0...Ave likelihood of: cpd00065_c is 0.20657051950843253...
Loop126 pFBA...18288.0...Ave likelihood of: cpd00069_c is 0.22392607856413807...
Loop127 pFBA...8024.0...Ave likelihood of: cpd00156_c is 0.19191607116864912...
Loop128 pFBA...24228.0...Ave likelihood of: cpd00098_c is 0.1667319466677559...
Loop129 pFBA...14759.0...Ave likelihood of: cpd00274_c is 0.20035718281370485...
Loop130 pFBA...6134.0...Ave likelihood of: cpd00226_c is 0.32568680681683326...
Loop131 pFBA...4612.0...Ave likelihood of: cpd00246_c is 0.29083978211802375...
Loop132 pFBA...20089.0...Ave likelihood of: cpd00374_c is 0.26174568030535006...
Loop133 pFBA...4284.0...Ave likelihood of: cpd00221_c is 0.3113027811865238...
Loop134 pFBA...4121.0...Ave likelihood of: cpd00159_c is 0.30699814204053716...
Loop135 pFBA...10288.0...Ave likelihood of: cpd00211_c is 0.2924909335511242...
Loop136 pFBA...3634.0...Ave likelihood of: cpd00047_c is 0.3931419924182612...
Loop137 pFBA...5136.0...Ave likelihood of: cpd00106_c is 0.1232796894200532...
Loop138 pFBA...7683.0...Ave likelihood of: cpd00141_c is 0.3155575090785591...
Loop139 pFBA...19908.0...Ave likelihood of: cpd00216_c is 0.24015304761164638...
Loop140 pFBA...4785.0...Ave likelihood of: cpd00036_c is 0.168486901222191...
Loop141 pFBA...16310.0...Ave likelihood of: cpd00581_c is 0.3139229484731085...
Loop142 pFBA...4444.0...Ave likelihood of: cpd00128_c is 0.19919802430024375...
Loop143 pFBA...6011.0...Ave likelihood of: cpd00018_c is 0.27901708301166517...
Loop144 pFBA...5333.0...Ave likelihood of: cpd00091_c is 0.34011729352065806...
Loop145 pFBA...4199.0...Ave likelihood of: cpd00092_c is 0.36435909075387374...
Loop146 pFBA...61634.0...Ave likelihood of: cpd00305_c is 0.18482627320747042...
Loop147 pFBA...13600.0...Ave likelihood of: cpd00220_c is 0.2259894535481059...
Loop148 pFBA...14371.0...Ave likelihood of: cpd00218_c is 0.19800378836771343...
Loop149 pFBA...13580.0...Ave likelihood of: cpd00215_c is 0.36927952106810624...
Loop150 pFBA...28156.0...Ave likelihood of: cpd00104_c is 0.16955967669313068...
Loop151 pFBA...36639.0...Ave likelihood of: cpd00393_c is 0.1692514805338629...
Loop152 pFBA...6194.0...Ave likelihood of: cpd00363_c is 0.42560373508324334...
Loop153 pFBA...8628.0...Ave likelihood of: cpd00281_c is 0.19601110425151447...
Loop154 pFBA...4107.0...Ave likelihood of: cpd00025_c is 0.36516287222871974...
Loop155 pFBA...20252.0...Ave likelihood of: cpd00811_c is 0.20890587917837836...
31.9719423175mins to complete!
