
The following have been reloaded with a version change:
  1) anaconda2/4.4.0 => anaconda2/5.1.0

Loading in models...Adding Water...Remove no-like rxns...Pruned 1 metabolites from model
Pruned 1 reactions from model
Set-up Universal...64.0seconds to complete

Loop0 pFBA...5323.0...Ave likelihood of: cpd00117_c is 0.3075398010920845...
Loop1 pFBA...7127.0...Ave likelihood of: cpd00186_c is 0.3121625390035882...
Loop2 pFBA...21671.0...Ave likelihood of: cpd00637_c is 0.24875240721162392...
Loop3 pFBA...6393.0...Ave likelihood of: cpd00550_c is 0.425625191149461...
Loop4 pFBA...4103.0...Ave likelihood of: cpd00033_c is 0.2235597568776587...
Loop5 pFBA...5218.0...Ave likelihood of: cpd00035_c is 0.3075398010920845...
Loop6 pFBA...17918.0...Ave likelihood of: cpd00051_c is 0.24239731388108576...
Loop7 pFBA...8168.0...Ave likelihood of: cpd00132_c is 0.18929531312903486...
Loop8 pFBA...5315.0...Ave likelihood of: cpd00041_c is 0.18176961182415322...
Loop9 pFBA...13509.0...Ave likelihood of: cpd00084_c is 0.2732674595622627...
Loop10 pFBA...6629.0...Ave likelihood of: cpd00023_c is 0.27429348167586926...
Loop11 pFBA...9279.0...Ave likelihood of: cpd00053_c is 0.18754899214452683...
Loop12 pFBA...15591.0...Ave likelihood of: cpd00119_c is 0.320942819700713...
Loop13 pFBA...16887.0...Ave likelihood of: cpd00322_c is 0.2442413126839711...
Loop14 pFBA...13951.0...Ave likelihood of: cpd00107_c is 0.28566056453053235...
Loop15 pFBA...16610.0...Ave likelihood of: cpd00039_c is 0.3005188763952723...
Loop16 pFBA...20671.0...Ave likelihood of: cpd00060_c is 0.2522559622427735...
Loop17 pFBA...21085.0...Ave likelihood of: cpd00066_c is 0.26756501186724035...
Loop18 pFBA...10269.0...Ave likelihood of: cpd00129_c is 0.3108877825346023...
Loop19 pFBA...5393.0...Ave likelihood of: cpd00054_c is 0.46431839034486655...
Loop20 pFBA...7663.0...Ave likelihood of: cpd00161_c is 0.3789779747666195...
Loop21 pFBA...26596.0...Ave likelihood of: cpd00065_c is 0.2168359432082077...
Loop22 pFBA...18421.0...Ave likelihood of: cpd00069_c is 0.23030803666002594...
Loop23 pFBA...7890.0...Ave likelihood of: cpd00156_c is 0.29679359540982886...
Loop24 pFBA...24110.0...Ave likelihood of: cpd00098_c is 0.222332924340362...
Loop25 pFBA...14386.0...Ave likelihood of: cpd00274_c is 0.28855892669782723...
Loop26 pFBA...6129.0...Ave likelihood of: cpd00226_c is 0.3352585100625525...
Loop27 pFBA...4655.0...Ave likelihood of: cpd00246_c is 0.3171845401378589...
Loop28 pFBA...20254.0...Ave likelihood of: cpd00374_c is 0.2575040636859457...
Loop29 pFBA...4200.0...Ave likelihood of: cpd00221_c is 0.4628678258638347...
Loop30 pFBA...4031.0...Ave likelihood of: cpd00159_c is 0.37555523437660426...
Loop31 pFBA...10134.0...Ave likelihood of: cpd00211_c is 0.25082831596283844...
Loop32 pFBA...3606.0...Ave likelihood of: cpd00047_c is 0.37676326666636045...
Loop33 pFBA...4996.0...Ave likelihood of: cpd00106_c is 0.17504264506008532...
Loop34 pFBA...7629.0...Ave likelihood of: cpd00141_c is 0.3096661034097615...
Loop35 pFBA...20198.0...Ave likelihood of: cpd00216_c is 0.24410842721530251...
Loop36 pFBA...4763.0...Ave likelihood of: cpd00036_c is 0.22470266382685494...
Loop37 pFBA...16195.0...Ave likelihood of: cpd00581_c is 0.3326134676898299...
Loop38 pFBA...4239.0...Ave likelihood of: cpd00128_c is 0.36763751134633404...
Loop39 pFBA...5761.0...Ave likelihood of: cpd00018_c is 0.327806029088269...
Loop40 pFBA...5091.0...Ave likelihood of: cpd00091_c is 0.36800539151846784...
Loop41 pFBA...4159.0...Ave likelihood of: cpd00092_c is 0.3899488492267491...
Loop42 pFBA...61439.0...Ave likelihood of: cpd00305_c is 0.21877745416659486...
Loop43 pFBA...13411.0...Ave likelihood of: cpd00220_c is 0.2734122236570369...
Loop44 pFBA...14438.0...Ave likelihood of: cpd00218_c is 0.1946538697547485...
Loop45 pFBA...13577.0...Ave likelihood of: cpd00215_c is 0.3199738308251977...
Loop46 pFBA...28008.0...Ave likelihood of: cpd00104_c is 0.1887146863684844...
Loop47 pFBA...36272.0...Ave likelihood of: cpd00393_c is 0.20452787372861933...
Loop48 pFBA...6174.0...Ave likelihood of: cpd00363_c is 0.40918491368648685...
Loop49 pFBA...8629.0...Ave likelihood of: cpd00281_c is 0.19592391548276375...
Loop50 pFBA...4124.0...Ave likelihood of: cpd00025_c is 0.2826117711447786...
Loop51 pFBA...20335.0...Ave likelihood of: cpd00811_c is 0.19856946199785622...
Loop52 pFBA...5323.0...Ave likelihood of: cpd00117_c is 0.3075398010920845...
Loop53 pFBA...7127.0...Ave likelihood of: cpd00186_c is 0.3121625390035882...
Loop54 pFBA...21671.0...Ave likelihood of: cpd00637_c is 0.24875240721162392...
Loop55 pFBA...6393.0...Ave likelihood of: cpd00550_c is 0.425625191149461...
Loop56 pFBA...4103.0...Ave likelihood of: cpd00033_c is 0.2235597568776587...
Loop57 pFBA...5218.0...Ave likelihood of: cpd00035_c is 0.3075398010920845...
Loop58 pFBA...18155.0...Ave likelihood of: cpd00051_c is 0.2597057386915963...
Loop59 pFBA...8168.0...Ave likelihood of: cpd00132_c is 0.18929531312903486...
Loop60 pFBA...5315.0...Ave likelihood of: cpd00041_c is 0.18176961182415322...
Loop61 pFBA...13557.0...Ave likelihood of: cpd00084_c is 0.2696571526860058...
Loop62 pFBA...6629.0...Ave likelihood of: cpd00023_c is 0.27429348167586926...
Loop63 pFBA...9279.0...Ave likelihood of: cpd00053_c is 0.18407586266036893...
Loop64 pFBA...15591.0...Ave likelihood of: cpd00119_c is 0.320942819700713...
Loop65 pFBA...16887.0...Ave likelihood of: cpd00322_c is 0.2442413126839711...
Loop66 pFBA...13951.0...Ave likelihood of: cpd00107_c is 0.28566056453053235...
Loop67 pFBA...16991.0...Ave likelihood of: cpd00039_c is 0.27887868285433687...
Loop68 pFBA...20671.0...Ave likelihood of: cpd00060_c is 0.2522559622427735...
Loop69 pFBA...21476.0...Ave likelihood of: cpd00066_c is 0.24576327332288375...
Loop70 pFBA...10269.0...Ave likelihood of: cpd00129_c is 0.3108877825346023...
Loop71 pFBA...5393.0...Ave likelihood of: cpd00054_c is 0.46431839034486655...
Loop72 pFBA...7705.0...Ave likelihood of: cpd00161_c is 0.29245935358114505...
Loop73 pFBA...26596.0...Ave likelihood of: cpd00065_c is 0.2168359432082077...
Loop74 pFBA...18773.0...Ave likelihood of: cpd00069_c is 0.2430530237915074...
Loop75 pFBA...7890.0...Ave likelihood of: cpd00156_c is 0.29679359540982886...
Loop76 pFBA...24216.0...Ave likelihood of: cpd00098_c is 0.20384913088361115...
Loop77 pFBA...14605.0...Ave likelihood of: cpd00274_c is 0.21728490550379723...
Loop78 pFBA...6129.0...Ave likelihood of: cpd00226_c is 0.3352585100625525...
Loop79 pFBA...4827.0...Ave likelihood of: cpd00246_c is 0.2219337475865657...
Loop80 pFBA...20880.0...Ave likelihood of: cpd00374_c is 0.24992157095922307...
Loop81 pFBA...4308.0...Ave likelihood of: cpd00221_c is 0.25601125919810713...
Loop82 pFBA...4108.0...Ave likelihood of: cpd00159_c is 0.3305288033966369...
Loop83 pFBA...10134.0...Ave likelihood of: cpd00211_c is 0.25082831596283844...
Loop84 pFBA...3632.0...Ave likelihood of: cpd00047_c is 0.424254632941454...
Loop85 pFBA...4996.0...Ave likelihood of: cpd00106_c is 0.17504264506008532...
Loop86 pFBA...7656.0...Ave likelihood of: cpd00141_c is 0.3142401277535565...
Loop87 pFBA...20693.0...Ave likelihood of: cpd00216_c is 0.23777745226117047...
Loop88 pFBA...4763.0...Ave likelihood of: cpd00036_c is 0.22470266382685494...
Loop89 pFBA...16195.0...Ave likelihood of: cpd00581_c is 0.3326134676898299...
Loop90 pFBA...4239.0...Ave likelihood of: cpd00128_c is 0.36763751134633404...
Loop91 pFBA...5761.0...Ave likelihood of: cpd00018_c is 0.327806029088269...
Loop92 pFBA...5091.0...Ave likelihood of: cpd00091_c is 0.36800539151846784...
Loop93 pFBA...4159.0...Ave likelihood of: cpd00092_c is 0.3899488492267491...
Loop94 pFBA...61441.0...Ave likelihood of: cpd00305_c is 0.2238847584045583...
Loop95 pFBA...13411.0...Ave likelihood of: cpd00220_c is 0.2734122236570369...
Loop96 pFBA...14519.0...Ave likelihood of: cpd00218_c is 0.1637602732426507...
Loop97 pFBA...14036.0...Ave likelihood of: cpd00215_c is 0.29090964707239325...
Loop98 pFBA...28008.0...Ave likelihood of: cpd00104_c is 0.1887146863684844...
Loop99 pFBA...36272.0...Ave likelihood of: cpd00393_c is 0.20452787372861927...
Loop100 pFBA...6469.0...Ave likelihood of: cpd00363_c is 0.34056185527949084...
Loop101 pFBA...8629.0...Ave likelihood of: cpd00281_c is 0.19592391548276375...
Loop102 pFBA...4185.0...Ave likelihood of: cpd00025_c is 0.31869616626711195...
Loop103 pFBA...20587.0...Ave likelihood of: cpd00811_c is 0.211267942622826...
Loop104 pFBA...5323.0...Ave likelihood of: cpd00117_c is 0.3075398010920845...
Loop105 pFBA...7127.0...Ave likelihood of: cpd00186_c is 0.3121625390035882...
Loop106 pFBA...21671.0...Ave likelihood of: cpd00637_c is 0.24875240721162392...
Loop107 pFBA...6393.0...Ave likelihood of: cpd00550_c is 0.425625191149461...
Loop108 pFBA...4103.0...Ave likelihood of: cpd00033_c is 0.2235597568776587...
Loop109 pFBA...5218.0...Ave likelihood of: cpd00035_c is 0.3075398010920845...
Loop110 pFBA...17953.0...Ave likelihood of: cpd00051_c is 0.25195039794137764...
Loop111 pFBA...8168.0...Ave likelihood of: cpd00132_c is 0.18929531312903486...
Loop112 pFBA...5315.0...Ave likelihood of: cpd00041_c is 0.18176961182415322...
Loop113 pFBA...13554.0...Ave likelihood of: cpd00084_c is 0.29772978775453474...
Loop114 pFBA...6629.0...Ave likelihood of: cpd00023_c is 0.27429348167586926...
Loop115 pFBA...9279.0...Ave likelihood of: cpd00053_c is 0.18754899214452683...
Loop116 pFBA...15591.0...Ave likelihood of: cpd00119_c is 0.320942819700713...
Loop117 pFBA...16887.0...Ave likelihood of: cpd00322_c is 0.2442413126839711...
Loop118 pFBA...13951.0...Ave likelihood of: cpd00107_c is 0.28566056453053235...
Loop119 pFBA...16868.0...Ave likelihood of: cpd00039_c is 0.28913429503957516...
Loop120 pFBA...20671.0...Ave likelihood of: cpd00060_c is 0.2522559622427735...
Loop121 pFBA...20901.0...Ave likelihood of: cpd00066_c is 0.2640917272093091...
Loop122 pFBA...10269.0...Ave likelihood of: cpd00129_c is 0.3108877825346023...
Loop123 pFBA...5393.0...Ave likelihood of: cpd00054_c is 0.46431839034486655...
Loop124 pFBA...7681.0...Ave likelihood of: cpd00161_c is 0.34227297125419764...
Loop125 pFBA...26596.0...Ave likelihood of: cpd00065_c is 0.2168359432082077...
Loop126 pFBA...18271.0...Ave likelihood of: cpd00069_c is 0.23731723089473136...
Loop127 pFBA...7890.0...Ave likelihood of: cpd00156_c is 0.29679359540982886...
Loop128 pFBA...23989.0...Ave likelihood of: cpd00098_c is 0.22215264208805863...
Loop129 pFBA...14598.0...Ave likelihood of: cpd00274_c is 0.2537932820538294...
Loop130 pFBA...6129.0...Ave likelihood of: cpd00226_c is 0.3352585100625525...
Loop131 pFBA...4604.0...Ave likelihood of: cpd00246_c is 0.3266529781767618...
Loop132 pFBA...20079.0...Ave likelihood of: cpd00374_c is 0.2621847826711584...
Loop133 pFBA...4281.0...Ave likelihood of: cpd00221_c is 0.31197581118442325...
Loop134 pFBA...4090.0...Ave likelihood of: cpd00159_c is 0.35053828762301414...
Loop135 pFBA...10127.0...Ave likelihood of: cpd00211_c is 0.3597974356239177...
Loop136 pFBA...3632.0...Ave likelihood of: cpd00047_c is 0.424254632941454...
Loop137 pFBA...4996.0...Ave likelihood of: cpd00106_c is 0.17504264506008532...
Loop138 pFBA...7655.0...Ave likelihood of: cpd00141_c is 0.33401297996924084...
Loop139 pFBA...19884.0...Ave likelihood of: cpd00216_c is 0.2640808777601626...
Loop140 pFBA...4763.0...Ave likelihood of: cpd00036_c is 0.22470266382685494...
Loop141 pFBA...16195.0...Ave likelihood of: cpd00581_c is 0.3326134676898299...
Loop142 pFBA...4239.0...Ave likelihood of: cpd00128_c is 0.36763751134633404...
Loop143 pFBA...5761.0...Ave likelihood of: cpd00018_c is 0.327806029088269...
Loop144 pFBA...5091.0...Ave likelihood of: cpd00091_c is 0.3791570700493304...
Loop145 pFBA...4159.0...Ave likelihood of: cpd00092_c is 0.3899488492267491...
Loop146 pFBA...61412.0...Ave likelihood of: cpd00305_c is 0.21976125445011...
Loop147 pFBA...13411.0...Ave likelihood of: cpd00220_c is 0.2890357792945819...
Loop148 pFBA...14366.0...Ave likelihood of: cpd00218_c is 0.19837814436129897...
Loop149 pFBA...13365.0...Ave likelihood of: cpd00215_c is 0.4059299837454655...
Loop150 pFBA...28008.0...Ave likelihood of: cpd00104_c is 0.19295546583743908...
Loop151 pFBA...36268.0...Ave likelihood of: cpd00393_c is 0.19233680827599592...
Loop152 pFBA...6157.0...Ave likelihood of: cpd00363_c is 0.4440010357675698...
Loop153 pFBA...8629.0...Ave likelihood of: cpd00281_c is 0.19592391548276375...
Loop154 pFBA...4087.0...Ave likelihood of: cpd00025_c is 0.3792107304511348...
Loop155 pFBA...20118.0...Ave likelihood of: cpd00811_c is 0.2146646487590316...
32.3942123334mins to complete!
