
The following have been reloaded with a version change:
  1) anaconda2/4.4.0 => anaconda2/5.1.0

Loading in models...Adding Water...Remove no-like rxns...Pruned 1 metabolites from model
Pruned 1 reactions from model
Set-up Universal...63.0seconds to complete

Loop0 pFBA...5380.0...Ave likelihood of: cpd00117_c is 0.39211695883178255...
Loop1 pFBA...7603.0...Ave likelihood of: cpd00186_c is 0.23277568767548948...
Loop2 pFBA...22261.0...Ave likelihood of: cpd00637_c is 0.21478728239890846...
Loop3 pFBA...6398.0...Ave likelihood of: cpd00550_c is 0.32004681675816965...
Loop4 pFBA...4199.0...Ave likelihood of: cpd00033_c is 0.22644819728912907...
Loop5 pFBA...5253.0...Ave likelihood of: cpd00035_c is 0.39211695883178255...
Loop6 pFBA...18053.0...Ave likelihood of: cpd00051_c is 0.32921253676847934...
Loop7 pFBA...7947.0...Ave likelihood of: cpd00132_c is 0.19210051717938667...
Loop8 pFBA...5455.0...Ave likelihood of: cpd00041_c is 0.17477563134654042...
Loop9 pFBA...13558.0...Ave likelihood of: cpd00084_c is 0.33254842718887323...
Loop10 pFBA...7344.0...Ave likelihood of: cpd00023_c is 0.13110239191113676...
Loop11 pFBA...9675.0...Ave likelihood of: cpd00053_c is 0.1699881454262745...
Loop12 pFBA...21694.0...Ave likelihood of: cpd00119_c is 0.16219792899289406...
Loop13 pFBA...17439.0...Ave likelihood of: cpd00322_c is 0.12621616718316672...
Loop14 pFBA...14902.0...Ave likelihood of: cpd00107_c is 0.22794331832884265...
Loop15 pFBA...20292.0...Ave likelihood of: cpd00039_c is 0.17484771481413056...
Loop16 pFBA...21261.0...Ave likelihood of: cpd00060_c is 0.21754096550658672...
Loop17 pFBA...20584.0...Ave likelihood of: cpd00066_c is 0.2581289388978956...
Loop18 pFBA...10611.0...Ave likelihood of: cpd00129_c is 0.13892296533412568...
Loop19 pFBA...5398.0...Ave likelihood of: cpd00054_c is 0.32504754827001603...
Loop20 pFBA...7746.0...Ave likelihood of: cpd00161_c is 0.3740656977737235...
Loop21 pFBA...28532.0...Ave likelihood of: cpd00065_c is 0.22846279588128482...
Loop22 pFBA...18434.0...Ave likelihood of: cpd00069_c is 0.2548100118351515...
Loop23 pFBA...8727.0...Ave likelihood of: cpd00156_c is 0.2167918469000205...
Loop24 pFBA...23685.0...Ave likelihood of: cpd00098_c is 0.2397501354903584...
Loop25 pFBA...14820.0...Ave likelihood of: cpd00274_c is 0.3913422138295192...
Loop26 pFBA...6120.0...Ave likelihood of: cpd00226_c is 0.38116322456114354...
Loop27 pFBA...4474.0...Ave likelihood of: cpd00246_c is 0.3976027508151351...
Loop28 pFBA...20209.0...Ave likelihood of: cpd00374_c is 0.2577899393117888...
Loop29 pFBA...4161.0...Ave likelihood of: cpd00221_c is 0.4515746807405418...
Loop30 pFBA...3983.0...Ave likelihood of: cpd00159_c is 0.45263521901296994...
Loop31 pFBA...10089.0...Ave likelihood of: cpd00211_c is 0.26594060442830303...
Loop32 pFBA...4031.0...Ave likelihood of: cpd00047_c is 0.35029749924720655...
Loop33 pFBA...5238.0...Ave likelihood of: cpd00106_c is 0.1390911155955536...
Loop34 pFBA...7667.0...Ave likelihood of: cpd00141_c is 0.3314601752163936...
Loop35 pFBA...19579.0...Ave likelihood of: cpd00216_c is 0.28626902523736925...
Loop36 pFBA...5009.0...Ave likelihood of: cpd00036_c is 0.08027463521556163...
Loop37 pFBA...22330.0...Ave likelihood of: cpd00581_c is 0.13657651701776355...
Loop38 pFBA...4432.0...Ave likelihood of: cpd00128_c is 0.22724386983401912...
Loop39 pFBA...6000.0...Ave likelihood of: cpd00018_c is 0.31570990952633143...
Loop40 pFBA...5215.0...Ave likelihood of: cpd00091_c is 0.40756517726547586...
Loop41 pFBA...3560.0...Ave likelihood of: cpd00092_c is 0.37584586211584076...
Loop42 pFBA...62581.0...Ave likelihood of: cpd00305_c is 0.19023512370605428...
Loop43 pFBA...13685.0...Ave likelihood of: cpd00220_c is 0.2826118907898412...
Loop44 pFBA...14552.0...Ave likelihood of: cpd00218_c is 0.19629165122914835...
Loop45 pFBA...14326.0...Ave likelihood of: cpd00215_c is 0.32947541520440676...
Loop46 pFBA...28390.0...Ave likelihood of: cpd00104_c is 0.21140208789300638...
Loop47 pFBA...36406.0...Ave likelihood of: cpd00393_c is 0.1537591984525553...
Loop48 pFBA...5886.0...Ave likelihood of: cpd00363_c is 0.45861681950963606...
Loop49 pFBA...9189.0...Ave likelihood of: cpd00281_c is 0.11583286110340642...
Loop50 pFBA...4049.0...Ave likelihood of: cpd00025_c is 0.25702871837522334...
Loop51 pFBA...19893.0...Ave likelihood of: cpd00811_c is 0.2911306966664965...
Loop52 pFBA...5380.0...Ave likelihood of: cpd00117_c is 0.39211695883178255...
Loop53 pFBA...7603.0...Ave likelihood of: cpd00186_c is 0.23277568767548948...
Loop54 pFBA...22482.0...Ave likelihood of: cpd00637_c is 0.11965620318485509...
Loop55 pFBA...6441.0...Ave likelihood of: cpd00550_c is 0.3782210105176982...
Loop56 pFBA...4199.0...Ave likelihood of: cpd00033_c is 0.22644819728912907...
Loop57 pFBA...5253.0...Ave likelihood of: cpd00035_c is 0.39211695883178255...
Loop58 pFBA...18551.0...Ave likelihood of: cpd00051_c is 0.30781710713576244...
Loop59 pFBA...7947.0...Ave likelihood of: cpd00132_c is 0.19210051717938667...
Loop60 pFBA...5455.0...Ave likelihood of: cpd00041_c is 0.20858945459016068...
Loop61 pFBA...13764.0...Ave likelihood of: cpd00084_c is 0.2516917684161194...
Loop62 pFBA...7344.0...Ave likelihood of: cpd00023_c is 0.13110239191113676...
Loop63 pFBA...9675.0...Ave likelihood of: cpd00053_c is 0.17000852651578674...
Loop64 pFBA...21694.0...Ave likelihood of: cpd00119_c is 0.15888776717671255...
Loop65 pFBA...17439.0...Ave likelihood of: cpd00322_c is 0.12621616718316672...
Loop66 pFBA...14905.0...Ave likelihood of: cpd00107_c is 0.19272286599027416...
Loop67 pFBA...20747.0...Ave likelihood of: cpd00039_c is 0.2492917512908924...
Loop68 pFBA...21482.0...Ave likelihood of: cpd00060_c is 0.12297998660665661...
Loop69 pFBA...21402.0...Ave likelihood of: cpd00066_c is 0.28342364207538506...
Loop70 pFBA...10611.0...Ave likelihood of: cpd00129_c is 0.13892296533412568...
Loop71 pFBA...5441.0...Ave likelihood of: cpd00054_c is 0.4034357445522114...
Loop72 pFBA...7984.0...Ave likelihood of: cpd00161_c is 0.24089707746761604...
Loop73 pFBA...28550.0...Ave likelihood of: cpd00065_c is 0.18056028205643865...
Loop74 pFBA...19010.0...Ave likelihood of: cpd00069_c is 0.28285503067747175...
Loop75 pFBA...8727.0...Ave likelihood of: cpd00156_c is 0.2167918469000205...
Loop76 pFBA...24356.0...Ave likelihood of: cpd00098_c is 0.2413424397177825...
Loop77 pFBA...15272.0...Ave likelihood of: cpd00274_c is 0.21241241582527018...
Loop78 pFBA...6120.0...Ave likelihood of: cpd00226_c is 0.3811632245611435...
Loop79 pFBA...4821.0...Ave likelihood of: cpd00246_c is 0.35786201322200756...
Loop80 pFBA...21107.0...Ave likelihood of: cpd00374_c is 0.2733084867786539...
Loop81 pFBA...4313.0...Ave likelihood of: cpd00221_c is 0.2938474318413499...
Loop82 pFBA...4151.0...Ave likelihood of: cpd00159_c is 0.38217918748295254...
Loop83 pFBA...10157.0...Ave likelihood of: cpd00211_c is 0.1346509461443573...
Loop84 pFBA...4088.0...Ave likelihood of: cpd00047_c is 0.40536484621302116...
Loop85 pFBA...5238.0...Ave likelihood of: cpd00106_c is 0.1390911155955536...
Loop86 pFBA...7810.0...Ave likelihood of: cpd00141_c is 0.19319937953483704...
Loop87 pFBA...20333.0...Ave likelihood of: cpd00216_c is 0.23279982631577928...
Loop88 pFBA...5009.0...Ave likelihood of: cpd00036_c is 0.08027463521556163...
Loop89 pFBA...22330.0...Ave likelihood of: cpd00581_c is 0.13655891516773025...
Loop90 pFBA...4432.0...Ave likelihood of: cpd00128_c is 0.22724386983401912...
Loop91 pFBA...6000.0...Ave likelihood of: cpd00018_c is 0.31570990952633143...
Loop92 pFBA...5215.0...Ave likelihood of: cpd00091_c is 0.40756517726547586...
Loop93 pFBA...3562.0...Ave likelihood of: cpd00092_c is 0.3763245988209285...
Loop94 pFBA...62676.0...Ave likelihood of: cpd00305_c is 0.172891646953648...
Loop95 pFBA...13822.0...Ave likelihood of: cpd00220_c is 0.17558318348100008...
Loop96 pFBA...14813.0...Ave likelihood of: cpd00218_c is 0.1720418207711965...
Loop97 pFBA...14745.0...Ave likelihood of: cpd00215_c is 0.3180767039222405...
Loop98 pFBA...28528.0...Ave likelihood of: cpd00104_c is 0.16182409374264792...
Loop99 pFBA...36414.0...Ave likelihood of: cpd00393_c is 0.16741855560245678...
Loop100 pFBA...6471.0...Ave likelihood of: cpd00363_c is 0.46578104496851563...
Loop101 pFBA...9189.0...Ave likelihood of: cpd00281_c is 0.11583286110340642...
Loop102 pFBA...4229.0...Ave likelihood of: cpd00025_c is 0.3731767114814231...
Loop103 pFBA...20986.0...Ave likelihood of: cpd00811_c is 0.2947323007650715...
Loop104 pFBA...5380.0...Ave likelihood of: cpd00117_c is 0.39211695883178255...
Loop105 pFBA...7603.0...Ave likelihood of: cpd00186_c is 0.23277568767548948...
Loop106 pFBA...22455.0...Ave likelihood of: cpd00637_c is 0.1746551785438249...
Loop107 pFBA...6430.0...Ave likelihood of: cpd00550_c is 0.2976807053433044...
Loop108 pFBA...4199.0...Ave likelihood of: cpd00033_c is 0.22644819728912907...
Loop109 pFBA...5253.0...Ave likelihood of: cpd00035_c is 0.39211695883178255...
Loop110 pFBA...18277.0...Ave likelihood of: cpd00051_c is 0.2682439226680366...
Loop111 pFBA...7947.0...Ave likelihood of: cpd00132_c is 0.19210051717938667...
Loop112 pFBA...5455.0...Ave likelihood of: cpd00041_c is 0.20858945459016068...
Loop113 pFBA...13706.0...Ave likelihood of: cpd00084_c is 0.3130011982393727...
Loop114 pFBA...7344.0...Ave likelihood of: cpd00023_c is 0.13110239191113676...
Loop115 pFBA...9675.0...Ave likelihood of: cpd00053_c is 0.1699881454262745...
Loop116 pFBA...21694.0...Ave likelihood of: cpd00119_c is 0.16219792899289406...
Loop117 pFBA...17439.0...Ave likelihood of: cpd00322_c is 0.12621616718316672...
Loop118 pFBA...14905.0...Ave likelihood of: cpd00107_c is 0.19272286599027416...
Loop119 pFBA...20455.0...Ave likelihood of: cpd00039_c is 0.19829785023031732...
Loop120 pFBA...21455.0...Ave likelihood of: cpd00060_c is 0.17881363517582072...
Loop121 pFBA...20809.0...Ave likelihood of: cpd00066_c is 0.2677869673175191...
Loop122 pFBA...10611.0...Ave likelihood of: cpd00129_c is 0.13892296533412568...
Loop123 pFBA...5430.0...Ave likelihood of: cpd00054_c is 0.3041520250246806...
Loop124 pFBA...7861.0...Ave likelihood of: cpd00161_c is 0.3274713705373755...
Loop125 pFBA...28550.0...Ave likelihood of: cpd00065_c is 0.18056028205643865...
Loop126 pFBA...18602.0...Ave likelihood of: cpd00069_c is 0.2419437594877619...
Loop127 pFBA...8727.0...Ave likelihood of: cpd00156_c is 0.2167918469000205...
Loop128 pFBA...23982.0...Ave likelihood of: cpd00098_c is 0.17809310471699358...
Loop129 pFBA...15020.0...Ave likelihood of: cpd00274_c is 0.3350664259845204...
Loop130 pFBA...6120.0...Ave likelihood of: cpd00226_c is 0.3811632245611435...
Loop131 pFBA...4607.0...Ave likelihood of: cpd00246_c is 0.38809601256991816...
Loop132 pFBA...20504.0...Ave likelihood of: cpd00374_c is 0.26819561435745526...
Loop133 pFBA...4291.0...Ave likelihood of: cpd00221_c is 0.3371573010205442...
Loop134 pFBA...4109.0...Ave likelihood of: cpd00159_c is 0.33256024634048154...
Loop135 pFBA...10128.0...Ave likelihood of: cpd00211_c is 0.2488760931936836...
Loop136 pFBA...4074.0...Ave likelihood of: cpd00047_c is 0.3146710932284598...
Loop137 pFBA...5238.0...Ave likelihood of: cpd00106_c is 0.16427315443050505...
Loop138 pFBA...7794.0...Ave likelihood of: cpd00141_c is 0.3132088681753559...
Loop139 pFBA...19880.0...Ave likelihood of: cpd00216_c is 0.26716939062360284...
Loop140 pFBA...5009.0...Ave likelihood of: cpd00036_c is 0.08027463521556163...
Loop141 pFBA...22330.0...Ave likelihood of: cpd00581_c is 0.13655891516773025...
Loop142 pFBA...4432.0...Ave likelihood of: cpd00128_c is 0.22724386983401912...
Loop143 pFBA...6000.0...Ave likelihood of: cpd00018_c is 0.31570990952633143...
Loop144 pFBA...5215.0...Ave likelihood of: cpd00091_c is 0.40756517726547586...
Loop145 pFBA...3562.0...Ave likelihood of: cpd00092_c is 0.3763245988209285...
Loop146 pFBA...62595.0...Ave likelihood of: cpd00305_c is 0.17718528668826175...
Loop147 pFBA...13813.0...Ave likelihood of: cpd00220_c is 0.23766326918916547...
Loop148 pFBA...14742.0...Ave likelihood of: cpd00218_c is 0.17038027722309337...
Loop149 pFBA...14441.0...Ave likelihood of: cpd00215_c is 0.272101865186979...
Loop150 pFBA...28438.0...Ave likelihood of: cpd00104_c is 0.18810249217354977...
Loop151 pFBA...36405.0...Ave likelihood of: cpd00393_c is 0.15425158192281582...
Loop152 pFBA...6040.0...Ave likelihood of: cpd00363_c is 0.44445987155608685...
Loop153 pFBA...9189.0...Ave likelihood of: cpd00281_c is 0.11583286110340642...
Loop154 pFBA...4143.0...Ave likelihood of: cpd00025_c is 0.33530542930927404...
Loop155 pFBA...20257.0...Ave likelihood of: cpd00811_c is 0.21034279435387876...
32.9134733359mins to complete!
