
The following have been reloaded with a version change:
  1) anaconda2/4.4.0 => anaconda2/5.1.0

Loading in models...Adding Water...Remove no-like rxns...Pruned 1 metabolites from model
Pruned 1 reactions from model
Set-up Universal...62.0seconds to complete

Loop0 pFBA...5364.0...Ave likelihood of: cpd00117_c is 0.39481998070051033...
Loop1 pFBA...7602.0...Ave likelihood of: cpd00186_c is 0.233006946816239...
Loop2 pFBA...22365.0...Ave likelihood of: cpd00637_c is 0.18573896806601792...
Loop3 pFBA...6387.0...Ave likelihood of: cpd00550_c is 0.29520366122869596...
Loop4 pFBA...4201.0...Ave likelihood of: cpd00033_c is 0.22610066477142635...
Loop5 pFBA...5237.0...Ave likelihood of: cpd00035_c is 0.39481998070051033...
Loop6 pFBA...18112.0...Ave likelihood of: cpd00051_c is 0.3478874990351138...
Loop7 pFBA...7989.0...Ave likelihood of: cpd00132_c is 0.17393812686782573...
Loop8 pFBA...5509.0...Ave likelihood of: cpd00041_c is 0.13395595672430993...
Loop9 pFBA...13560.0...Ave likelihood of: cpd00084_c is 0.33010921963488...
Loop10 pFBA...7345.0...Ave likelihood of: cpd00023_c is 0.13095633410769106...
Loop11 pFBA...9677.0...Ave likelihood of: cpd00053_c is 0.1654960214159819...
Loop12 pFBA...21746.0...Ave likelihood of: cpd00119_c is 0.1252097182793579...
Loop13 pFBA...17445.0...Ave likelihood of: cpd00322_c is 0.12580605849158613...
Loop14 pFBA...14904.0...Ave likelihood of: cpd00107_c is 0.2233225920781877...
Loop15 pFBA...20802.0...Ave likelihood of: cpd00039_c is 0.1655238580390858...
Loop16 pFBA...21365.0...Ave likelihood of: cpd00060_c is 0.18835500986976464...
Loop17 pFBA...20682.0...Ave likelihood of: cpd00066_c is 0.24976619525911128...
Loop18 pFBA...10611.0...Ave likelihood of: cpd00129_c is 0.13894027331309866...
Loop19 pFBA...5387.0...Ave likelihood of: cpd00054_c is 0.2999650106033524...
Loop20 pFBA...7796.0...Ave likelihood of: cpd00161_c is 0.37143126495438633...
Loop21 pFBA...29288.0...Ave likelihood of: cpd00065_c is 0.20617121045436076...
Loop22 pFBA...18515.0...Ave likelihood of: cpd00069_c is 0.26893105939394807...
Loop23 pFBA...8731.0...Ave likelihood of: cpd00156_c is 0.21633623265885038...
Loop24 pFBA...23753.0...Ave likelihood of: cpd00098_c is 0.21979852165393948...
Loop25 pFBA...14863.0...Ave likelihood of: cpd00274_c is 0.35053524988620344...
Loop26 pFBA...6121.0...Ave likelihood of: cpd00226_c is 0.38051545425145317...
Loop27 pFBA...4515.0...Ave likelihood of: cpd00246_c is 0.40094702308757274...
Loop28 pFBA...20332.0...Ave likelihood of: cpd00374_c is 0.24840579166001822...
Loop29 pFBA...4159.0...Ave likelihood of: cpd00221_c is 0.3378756434163517...
Loop30 pFBA...3973.0...Ave likelihood of: cpd00159_c is 0.4485696914414103...
Loop31 pFBA...10114.0...Ave likelihood of: cpd00211_c is 0.23447553819449685...
Loop32 pFBA...4016.0...Ave likelihood of: cpd00047_c is 0.33910440321532564...
Loop33 pFBA...5238.0...Ave likelihood of: cpd00106_c is 0.164198952182135...
Loop34 pFBA...7653.0...Ave likelihood of: cpd00141_c is 0.3332702291002111...
Loop35 pFBA...19788.0...Ave likelihood of: cpd00216_c is 0.2417515993356618...
Loop36 pFBA...5009.0...Ave likelihood of: cpd00036_c is 0.08030623954048359...
Loop37 pFBA...22382.0...Ave likelihood of: cpd00581_c is 0.12984711525266746...
Loop38 pFBA...4435.0...Ave likelihood of: cpd00128_c is 0.22653179971876414...
Loop39 pFBA...5999.0...Ave likelihood of: cpd00018_c is 0.31584274595976697...
Loop40 pFBA...5188.0...Ave likelihood of: cpd00091_c is 0.40929130122104707...
Loop41 pFBA...3563.0...Ave likelihood of: cpd00092_c is 0.37590423710321086...
Loop42 pFBA...62590.0...Ave likelihood of: cpd00305_c is 0.17397417488938702...
Loop43 pFBA...12582.0...Ave likelihood of: cpd00220_c is 0.326023367467132...
Loop44 pFBA...14605.0...Ave likelihood of: cpd00218_c is 0.1872016012204982...
Loop45 pFBA...14381.0...Ave likelihood of: cpd00215_c is 0.3112265308211308...
Loop46 pFBA...28435.0...Ave likelihood of: cpd00104_c is 0.20486278604046504...
Loop47 pFBA...36417.0...Ave likelihood of: cpd00393_c is 0.1535894688759462...
Loop48 pFBA...5958.0...Ave likelihood of: cpd00363_c is 0.5008377102227358...
Loop49 pFBA...9190.0...Ave likelihood of: cpd00281_c is 0.11572191390269658...
Loop50 pFBA...4074.0...Ave likelihood of: cpd00025_c is 0.24356772432319188...
Loop51 pFBA...19989.0...Ave likelihood of: cpd00811_c is 0.27809898840108593...
Loop52 pFBA...5364.0...Ave likelihood of: cpd00117_c is 0.39481998070051033...
Loop53 pFBA...7602.0...Ave likelihood of: cpd00186_c is 0.233006946816239...
Loop54 pFBA...22539.0...Ave likelihood of: cpd00637_c is 0.11234205979042995...
Loop55 pFBA...6425.0...Ave likelihood of: cpd00550_c is 0.38030887476184444...
Loop56 pFBA...4201.0...Ave likelihood of: cpd00033_c is 0.22610066477142635...
Loop57 pFBA...5237.0...Ave likelihood of: cpd00035_c is 0.39481998070051033...
Loop58 pFBA...18552.0...Ave likelihood of: cpd00051_c is 0.3077513458527115...
Loop59 pFBA...7989.0...Ave likelihood of: cpd00132_c is 0.1739381268678257...
Loop60 pFBA...5509.0...Ave likelihood of: cpd00041_c is 0.13395595672430993...
Loop61 pFBA...13753.0...Ave likelihood of: cpd00084_c is 0.25272861872242125...
Loop62 pFBA...7345.0...Ave likelihood of: cpd00023_c is 0.13095633410769106...
Loop63 pFBA...9677.0...Ave likelihood of: cpd00053_c is 0.16547560434403183...
Loop64 pFBA...21746.0...Ave likelihood of: cpd00119_c is 0.1252097182793579...
Loop65 pFBA...17445.0...Ave likelihood of: cpd00322_c is 0.12580605849158613...
Loop66 pFBA...14905.0...Ave likelihood of: cpd00107_c is 0.19239886468382847...
Loop67 pFBA...21320.0...Ave likelihood of: cpd00039_c is 0.2020425898887808...
Loop68 pFBA...21539.0...Ave likelihood of: cpd00060_c is 0.1139941489049951...
Loop69 pFBA...21397.0...Ave likelihood of: cpd00066_c is 0.28387760145193747...
Loop70 pFBA...10611.0...Ave likelihood of: cpd00129_c is 0.13894027331309866...
Loop71 pFBA...5425.0...Ave likelihood of: cpd00054_c is 0.4056627997459674...
Loop72 pFBA...7973.0...Ave likelihood of: cpd00161_c is 0.241985955220108...
Loop73 pFBA...29297.0...Ave likelihood of: cpd00065_c is 0.17088584948640098...
Loop74 pFBA...19003.0...Ave likelihood of: cpd00069_c is 0.2867815610190981...
Loop75 pFBA...8731.0...Ave likelihood of: cpd00156_c is 0.21633623265885038...
Loop76 pFBA...24338.0...Ave likelihood of: cpd00098_c is 0.23768611208014712...
Loop77 pFBA...15262.0...Ave likelihood of: cpd00274_c is 0.21304616048006728...
Loop78 pFBA...6121.0...Ave likelihood of: cpd00226_c is 0.38051545425145317...
Loop79 pFBA...4821.0...Ave likelihood of: cpd00246_c is 0.35822443685819355...
Loop80 pFBA...21112.0...Ave likelihood of: cpd00374_c is 0.27312974708696086...
Loop81 pFBA...4297.0...Ave likelihood of: cpd00221_c is 0.31939803189519206...
Loop82 pFBA...4134.0...Ave likelihood of: cpd00159_c is 0.314696631902605...
Loop83 pFBA...10160.0...Ave likelihood of: cpd00211_c is 0.13442481775798423...
Loop84 pFBA...4130.0...Ave likelihood of: cpd00047_c is 0.4127260496894317...
Loop85 pFBA...5238.0...Ave likelihood of: cpd00106_c is 0.164198952182135...
Loop86 pFBA...7794.0...Ave likelihood of: cpd00141_c is 0.19491603826969195...
Loop87 pFBA...20461.0...Ave likelihood of: cpd00216_c is 0.22846284263733846...
Loop88 pFBA...5009.0...Ave likelihood of: cpd00036_c is 0.08030623954048359...
Loop89 pFBA...22382.0...Ave likelihood of: cpd00581_c is 0.12984711525266746...
Loop90 pFBA...4435.0...Ave likelihood of: cpd00128_c is 0.22653179971876414...
Loop91 pFBA...5999.0...Ave likelihood of: cpd00018_c is 0.31584274595976697...
Loop92 pFBA...5188.0...Ave likelihood of: cpd00091_c is 0.40929130122104707...
Loop93 pFBA...3563.0...Ave likelihood of: cpd00092_c is 0.37590423710321086...
Loop94 pFBA...62665.0...Ave likelihood of: cpd00305_c is 0.17271174233576292...
Loop95 pFBA...12630.0...Ave likelihood of: cpd00220_c is 0.22233006367491212...
Loop96 pFBA...14831.0...Ave likelihood of: cpd00218_c is 0.17517812975307076...
Loop97 pFBA...14737.0...Ave likelihood of: cpd00215_c is 0.3314525563541896...
Loop98 pFBA...28516.0...Ave likelihood of: cpd00104_c is 0.16010262325370095...
Loop99 pFBA...36422.0...Ave likelihood of: cpd00393_c is 0.16787318609277138...
Loop100 pFBA...6455.0...Ave likelihood of: cpd00363_c is 0.46667079884434914...
Loop101 pFBA...9190.0...Ave likelihood of: cpd00281_c is 0.11572191390269658...
Loop102 pFBA...4227.0...Ave likelihood of: cpd00025_c is 0.37298378355550155...
Loop103 pFBA...20993.0...Ave likelihood of: cpd00811_c is 0.2841113735354853...
Loop104 pFBA...5364.0...Ave likelihood of: cpd00117_c is 0.39481998070051033...
Loop105 pFBA...7602.0...Ave likelihood of: cpd00186_c is 0.233006946816239...
Loop106 pFBA...22524.0...Ave likelihood of: cpd00637_c is 0.14308927436642538...
Loop107 pFBA...6416.0...Ave likelihood of: cpd00550_c is 0.2981862812234651...
Loop108 pFBA...4201.0...Ave likelihood of: cpd00033_c is 0.22610066477142635...
Loop109 pFBA...5237.0...Ave likelihood of: cpd00035_c is 0.39481998070051033...
Loop110 pFBA...18267.0...Ave likelihood of: cpd00051_c is 0.2876431047532768...
Loop111 pFBA...7989.0...Ave likelihood of: cpd00132_c is 0.1739381268678257...
Loop112 pFBA...5509.0...Ave likelihood of: cpd00041_c is 0.13395595672430993...
Loop113 pFBA...13694.0...Ave likelihood of: cpd00084_c is 0.3142446218893043...
Loop114 pFBA...7345.0...Ave likelihood of: cpd00023_c is 0.13095633410769106...
Loop115 pFBA...9677.0...Ave likelihood of: cpd00053_c is 0.16547560434403183...
Loop116 pFBA...21746.0...Ave likelihood of: cpd00119_c is 0.1252097182793579...
Loop117 pFBA...17445.0...Ave likelihood of: cpd00322_c is 0.12580605849158613...
Loop118 pFBA...14905.0...Ave likelihood of: cpd00107_c is 0.19239886468382847...
Loop119 pFBA...20918.0...Ave likelihood of: cpd00039_c is 0.16697871227583327...
Loop120 pFBA...21524.0...Ave likelihood of: cpd00060_c is 0.14308927436642538...
Loop121 pFBA...20799.0...Ave likelihood of: cpd00066_c is 0.26806116784748163...
Loop122 pFBA...10611.0...Ave likelihood of: cpd00129_c is 0.1543780814589985...
Loop123 pFBA...5416.0...Ave likelihood of: cpd00054_c is 0.3046685916848447...
Loop124 pFBA...7854.0...Ave likelihood of: cpd00161_c is 0.3284954457703095...
Loop125 pFBA...29297.0...Ave likelihood of: cpd00065_c is 0.16846658229102654...
Loop126 pFBA...18592.0...Ave likelihood of: cpd00069_c is 0.25655981609430983...
Loop127 pFBA...8731.0...Ave likelihood of: cpd00156_c is 0.21633623265885038...
Loop128 pFBA...23958.0...Ave likelihood of: cpd00098_c is 0.18144990121609605...
Loop129 pFBA...15005.0...Ave likelihood of: cpd00274_c is 0.3371033238018761...
Loop130 pFBA...6121.0...Ave likelihood of: cpd00226_c is 0.38051545425145317...
Loop131 pFBA...4605.0...Ave likelihood of: cpd00246_c is 0.387704465494552...
Loop132 pFBA...20504.0...Ave likelihood of: cpd00374_c is 0.27407768020140055...
Loop133 pFBA...4276.0...Ave likelihood of: cpd00221_c is 0.33803610082034485...
Loop134 pFBA...4093.0...Ave likelihood of: cpd00159_c is 0.3335466294801936...
Loop135 pFBA...10131.0...Ave likelihood of: cpd00211_c is 0.24857792147974106...
Loop136 pFBA...4089.0...Ave likelihood of: cpd00047_c is 0.32071741860067365...
Loop137 pFBA...5238.0...Ave likelihood of: cpd00106_c is 0.16419895218213498...
Loop138 pFBA...7781.0...Ave likelihood of: cpd00141_c is 0.31763336049467383...
Loop139 pFBA...19970.0...Ave likelihood of: cpd00216_c is 0.2221894827147531...
Loop140 pFBA...5009.0...Ave likelihood of: cpd00036_c is 0.08030623954048359...
Loop141 pFBA...22382.0...Ave likelihood of: cpd00581_c is 0.12984711525266746...
Loop142 pFBA...4435.0...Ave likelihood of: cpd00128_c is 0.22653179971876414...
Loop143 pFBA...5999.0...Ave likelihood of: cpd00018_c is 0.31584274595976697...
Loop144 pFBA...5188.0...Ave likelihood of: cpd00091_c is 0.40929130122104707...
Loop145 pFBA...3563.0...Ave likelihood of: cpd00092_c is 0.37590423710321086...
Loop146 pFBA...62584.0...Ave likelihood of: cpd00305_c is 0.17435369455197988...
Loop147 pFBA...12627.0...Ave likelihood of: cpd00220_c is 0.2721318200213851...
Loop148 pFBA...14774.0...Ave likelihood of: cpd00218_c is 0.17920803380675443...
Loop149 pFBA...14433.0...Ave likelihood of: cpd00215_c is 0.2729689694102128...
Loop150 pFBA...28423.0...Ave likelihood of: cpd00104_c is 0.1881673881395461...
Loop151 pFBA...36415.0...Ave likelihood of: cpd00393_c is 0.1543003152281043...
Loop152 pFBA...6034.0...Ave likelihood of: cpd00363_c is 0.44566232407597356...
Loop153 pFBA...9190.0...Ave likelihood of: cpd00281_c is 0.11572191390269658...
Loop154 pFBA...4142.0...Ave likelihood of: cpd00025_c is 0.327568617323646...
Loop155 pFBA...20257.0...Ave likelihood of: cpd00811_c is 0.2047666243831808...
32.6468030334mins to complete!
