
The following have been reloaded with a version change:
  1) anaconda2/4.4.0 => anaconda2/5.1.0

Loading in models...Adding Water...Remove no-like rxns...Pruned 1 metabolites from model
Pruned 1 reactions from model
Set-up Universal...58.0seconds to complete

Loop0 pFBA...5569.0...Ave likelihood of: cpd00117_c is 0.4711935007957861...
Loop1 pFBA...6841.0...Ave likelihood of: cpd00186_c is 0.3598515396609166...
Loop2 pFBA...21380.0...Ave likelihood of: cpd00637_c is 0.2848089562801238...
Loop3 pFBA...6437.0...Ave likelihood of: cpd00550_c is 0.34565524028397365...
Loop4 pFBA...4056.0...Ave likelihood of: cpd00033_c is 0.2546262450492248...
Loop5 pFBA...5448.0...Ave likelihood of: cpd00035_c is 0.4711935007957861...
Loop6 pFBA...18514.0...Ave likelihood of: cpd00051_c is 0.28677024177029253...
Loop7 pFBA...7922.0...Ave likelihood of: cpd00132_c is 0.20820603406983357...
Loop8 pFBA...5185.0...Ave likelihood of: cpd00041_c is 0.2226049498396501...
Loop9 pFBA...13629.0...Ave likelihood of: cpd00084_c is 0.2899571778814458...
Loop10 pFBA...6592.0...Ave likelihood of: cpd00023_c is 0.28155026464916966...
Loop11 pFBA...9082.0...Ave likelihood of: cpd00053_c is 0.3109128951347751...
Loop12 pFBA...16459.0...Ave likelihood of: cpd00119_c is 0.3220645192145956...
Loop13 pFBA...16724.0...Ave likelihood of: cpd00322_c is 0.35474545034851196...
Loop14 pFBA...14740.0...Ave likelihood of: cpd00107_c is 0.24120891866779073...
Loop15 pFBA...17839.0...Ave likelihood of: cpd00039_c is 0.33157712979647197...
Loop16 pFBA...20380.0...Ave likelihood of: cpd00060_c is 0.28841413294189755...
Loop17 pFBA...20608.0...Ave likelihood of: cpd00066_c is 0.23858265467404569...
Loop18 pFBA...10285.0...Ave likelihood of: cpd00129_c is 0.20134891863299265...
Loop19 pFBA...5437.0...Ave likelihood of: cpd00054_c is 0.3527094288611975...
Loop20 pFBA...7378.0...Ave likelihood of: cpd00161_c is 0.446469107020958...
Loop21 pFBA...27264.0...Ave likelihood of: cpd00065_c is 0.24991871087993092...
Loop22 pFBA...18330.0...Ave likelihood of: cpd00069_c is 0.2131972669716502...
Loop23 pFBA...7673.0...Ave likelihood of: cpd00156_c is 0.33264658533271313...
Loop24 pFBA...23653.0...Ave likelihood of: cpd00098_c is 0.24539149356681153...
Loop25 pFBA...14164.0...Ave likelihood of: cpd00274_c is 0.19439606531386644...
Loop26 pFBA...6720.0...Ave likelihood of: cpd00226_c is 0.3636014704702344...
Loop27 pFBA...4460.0...Ave likelihood of: cpd00246_c is 0.43804497581298585...
Loop28 pFBA...20070.0...Ave likelihood of: cpd00374_c is 0.22215330607352612...
Loop29 pFBA...4763.0...Ave likelihood of: cpd00221_c is 0.4227854261512691...
Loop30 pFBA...4283.0...Ave likelihood of: cpd00159_c is 0.4218954582836958...
Loop31 pFBA...10312.0...Ave likelihood of: cpd00211_c is 0.39203183798235103...
Loop32 pFBA...3765.0...Ave likelihood of: cpd00047_c is 0.29045401022979767...
Loop33 pFBA...5001.0...Ave likelihood of: cpd00106_c is 0.1897904243789016...
Loop34 pFBA...7703.0...Ave likelihood of: cpd00141_c is 0.3854527898632004...
Loop35 pFBA...19240.0...Ave likelihood of: cpd00216_c is 0.23562556347840688...
Loop36 pFBA...4805.0...Ave likelihood of: cpd00036_c is 0.2275166689711159...
Loop37 pFBA...17029.0...Ave likelihood of: cpd00581_c is 0.3245134897514335...
Loop38 pFBA...4764.0...Ave likelihood of: cpd00128_c is 0.22142044986444173...
Loop39 pFBA...5863.0...Ave likelihood of: cpd00018_c is 0.2797033405851301...
Loop40 pFBA...5863.0...Ave likelihood of: cpd00091_c is 0.2797033405851301...
Loop41 pFBA...3614.0...Ave likelihood of: cpd00092_c is 0.33828767073048943...
Loop42 pFBA...63937.0...Ave likelihood of: cpd00305_c is 0.15544473601803793...
Loop43 pFBA...13722.0...Ave likelihood of: cpd00220_c is 0.2928159787760134...
Loop44 pFBA...14489.0...Ave likelihood of: cpd00218_c is 0.211876506447072...
Loop45 pFBA...14593.0...Ave likelihood of: cpd00215_c is 0.2972831679778244...
Loop46 pFBA...28645.0...Ave likelihood of: cpd00104_c is 0.2411007480549856...
Loop47 pFBA...36060.0...Ave likelihood of: cpd00393_c is 0.1678367163424059...
Loop48 pFBA...6086.0...Ave likelihood of: cpd00363_c is 0.4705104592031962...
Loop49 pFBA...8589.0...Ave likelihood of: cpd00281_c is 0.20164211137066884...
Loop50 pFBA...4031.0...Ave likelihood of: cpd00025_c is 0.39823837899910014...
Loop51 pFBA...19600.0...Ave likelihood of: cpd00811_c is 0.2580150562431688...
Loop52 pFBA...5434.0...Ave likelihood of: cpd00714_c is 0.36935055371596315...
Loop53 pFBA...5569.0...Ave likelihood of: cpd00117_c is 0.4711935007957861...
Loop54 pFBA...6841.0...Ave likelihood of: cpd00186_c is 0.3598515396609166...
Loop55 pFBA...21660.0...Ave likelihood of: cpd00637_c is 0.23791514877290126...
Loop56 pFBA...6503.0...Ave likelihood of: cpd00550_c is 0.30598464756668053...
Loop57 pFBA...4057.0...Ave likelihood of: cpd00033_c is 0.23753183399742328...
Loop58 pFBA...5448.0...Ave likelihood of: cpd00035_c is 0.4711935007957861...
Loop59 pFBA...18554.0...Ave likelihood of: cpd00051_c is 0.24568313781462933...
Loop60 pFBA...7922.0...Ave likelihood of: cpd00132_c is 0.20820603406983357...
Loop61 pFBA...5185.0...Ave likelihood of: cpd00041_c is 0.2226049498396501...
Loop62 pFBA...13774.0...Ave likelihood of: cpd00084_c is 0.24200463920715745...
Loop63 pFBA...6592.0...Ave likelihood of: cpd00023_c is 0.28155026464916966...
Loop64 pFBA...9082.0...Ave likelihood of: cpd00053_c is 0.3109128951347751...
Loop65 pFBA...16459.0...Ave likelihood of: cpd00119_c is 0.3220645192145956...
Loop66 pFBA...16732.0...Ave likelihood of: cpd00322_c is 0.20549155193345703...
Loop67 pFBA...14740.0...Ave likelihood of: cpd00107_c is 0.24120891866779073...
Loop68 pFBA...17973.0...Ave likelihood of: cpd00039_c is 0.2631133796367741...
Loop69 pFBA...20660.0...Ave likelihood of: cpd00060_c is 0.24121952583919162...
Loop70 pFBA...21550.0...Ave likelihood of: cpd00066_c is 0.22462026686797695...
Loop71 pFBA...10285.0...Ave likelihood of: cpd00129_c is 0.18456984208024327...
Loop72 pFBA...5503.0...Ave likelihood of: cpd00054_c is 0.3158551200688315...
Loop73 pFBA...7666.0...Ave likelihood of: cpd00161_c is 0.2884184063238702...
Loop74 pFBA...27264.0...Ave likelihood of: cpd00065_c is 0.24991871087993092...
Loop75 pFBA...18917.0...Ave likelihood of: cpd00069_c is 0.23390093377871538...
Loop76 pFBA...7673.0...Ave likelihood of: cpd00156_c is 0.33264658533271313...
Loop77 pFBA...24695.0...Ave likelihood of: cpd00098_c is 0.2648866965255076...
Loop78 pFBA...14164.0...Ave likelihood of: cpd00274_c is 0.19439606531386644...
Loop79 pFBA...6720.0...Ave likelihood of: cpd00226_c is 0.3636014704702344...
Loop80 pFBA...4825.0...Ave likelihood of: cpd00246_c is 0.37555941421184624...
Loop81 pFBA...20913.0...Ave likelihood of: cpd00374_c is 0.21515957579038647...
Loop82 pFBA...5091.0...Ave likelihood of: cpd00221_c is 0.34457876648213015...
Loop83 pFBA...4353.0...Ave likelihood of: cpd00159_c is 0.3783747577127474...
Loop84 pFBA...10496.0...Ave likelihood of: cpd00211_c is 0.21465495233026852...
Loop85 pFBA...3765.0...Ave likelihood of: cpd00047_c is 0.2194974127309397...
Loop86 pFBA...5001.0...Ave likelihood of: cpd00106_c is 0.1897904243789016...
Loop87 pFBA...7911.0...Ave likelihood of: cpd00141_c is 0.30062453782557197...
Loop88 pFBA...20357.0...Ave likelihood of: cpd00216_c is 0.22433282889437048...
Loop89 pFBA...4805.0...Ave likelihood of: cpd00036_c is 0.2275166689711159...
Loop90 pFBA...17029.0...Ave likelihood of: cpd00581_c is 0.3245134897514335...
Loop91 pFBA...4764.0...Ave likelihood of: cpd00128_c is 0.22142044986444173...
Loop92 pFBA...5863.0...Ave likelihood of: cpd00018_c is 0.2797033405851301...
Loop93 pFBA...5863.0...Ave likelihood of: cpd00091_c is 0.2797033405851301...
Loop94 pFBA...3641.0...Ave likelihood of: cpd00092_c is 0.347681391041374...
Loop95 pFBA...64166.0...Ave likelihood of: cpd00305_c is 0.15572565033442767...
Loop96 pFBA...14127.0...Ave likelihood of: cpd00220_c is 0.17446430695356896...
Loop97 pFBA...14746.0...Ave likelihood of: cpd00218_c is 0.20491059580175097...
Loop98 pFBA...15158.0...Ave likelihood of: cpd00215_c is 0.26397202721811486...
Loop99 pFBA...28688.0...Ave likelihood of: cpd00104_c is 0.17009745879225602...
Loop100 pFBA...36069.0...Ave likelihood of: cpd00393_c is 0.1680723336255268...
Loop101 pFBA...6458.0...Ave likelihood of: cpd00363_c is 0.4341928459246257...
Loop102 pFBA...8589.0...Ave likelihood of: cpd00281_c is 0.20164211137066884...
Loop103 pFBA...4227.0...Ave likelihood of: cpd00025_c is 0.338254612324388...
Loop104 pFBA...20614.0...Ave likelihood of: cpd00811_c is 0.27427633988778477...
Loop105 pFBA...6519.0...Ave likelihood of: cpd00714_c is 0.41359438669498066...
Loop106 pFBA...5569.0...Ave likelihood of: cpd00117_c is 0.4711935007957861...
Loop107 pFBA...6841.0...Ave likelihood of: cpd00186_c is 0.3598515396609166...
Loop108 pFBA...21553.0...Ave likelihood of: cpd00637_c is 0.24829368861787843...
Loop109 pFBA...6458.0...Ave likelihood of: cpd00550_c is 0.3007776962063921...
Loop110 pFBA...4057.0...Ave likelihood of: cpd00033_c is 0.22740323937508217...
Loop111 pFBA...5448.0...Ave likelihood of: cpd00035_c is 0.4711935007957861...
Loop112 pFBA...18545.0...Ave likelihood of: cpd00051_c is 0.2629956396739455...
Loop113 pFBA...7922.0...Ave likelihood of: cpd00132_c is 0.20820603406983357...
Loop114 pFBA...5185.0...Ave likelihood of: cpd00041_c is 0.2226049498396501...
Loop115 pFBA...13745.0...Ave likelihood of: cpd00084_c is 0.24615738396440945...
Loop116 pFBA...6592.0...Ave likelihood of: cpd00023_c is 0.28155026464916966...
Loop117 pFBA...9082.0...Ave likelihood of: cpd00053_c is 0.3109128951347751...
Loop118 pFBA...16459.0...Ave likelihood of: cpd00119_c is 0.3285058095988876...
Loop119 pFBA...16732.0...Ave likelihood of: cpd00322_c is 0.20549155193345703...
Loop120 pFBA...14740.0...Ave likelihood of: cpd00107_c is 0.24120891866779076...
Loop121 pFBA...17874.0...Ave likelihood of: cpd00039_c is 0.30356350288860046...
Loop122 pFBA...20553.0...Ave likelihood of: cpd00060_c is 0.2516490087343362...
Loop123 pFBA...20970.0...Ave likelihood of: cpd00066_c is 0.225562645753626...
Loop124 pFBA...10285.0...Ave likelihood of: cpd00129_c is 0.20134891863299265...
Loop125 pFBA...5458.0...Ave likelihood of: cpd00054_c is 0.307043898210692...
Loop126 pFBA...7518.0...Ave likelihood of: cpd00161_c is 0.39124745440653386...
Loop127 pFBA...27264.0...Ave likelihood of: cpd00065_c is 0.24991871087993092...
Loop128 pFBA...18498.0...Ave likelihood of: cpd00069_c is 0.19593700742209397...
Loop129 pFBA...7673.0...Ave likelihood of: cpd00156_c is 0.33264658533271313...
Loop130 pFBA...24141.0...Ave likelihood of: cpd00098_c is 0.24054529104463776...
Loop131 pFBA...14164.0...Ave likelihood of: cpd00274_c is 0.19439606531386644...
Loop132 pFBA...6720.0...Ave likelihood of: cpd00226_c is 0.3636014704702344...
Loop133 pFBA...4647.0...Ave likelihood of: cpd00246_c is 0.36107736436879967...
Loop134 pFBA...20460.0...Ave likelihood of: cpd00374_c is 0.20816817793385697...
Loop135 pFBA...4969.0...Ave likelihood of: cpd00221_c is 0.19022479663098915...
Loop136 pFBA...4333.0...Ave likelihood of: cpd00159_c is 0.4080256677313349...
Loop137 pFBA...10480.0...Ave likelihood of: cpd00211_c is 0.3331873982347777...
Loop138 pFBA...3765.0...Ave likelihood of: cpd00047_c is 0.2194974127309397...
Loop139 pFBA...5001.0...Ave likelihood of: cpd00106_c is 0.1897904243789016...
Loop140 pFBA...7856.0...Ave likelihood of: cpd00141_c is 0.3267205411905699...
Loop141 pFBA...19665.0...Ave likelihood of: cpd00216_c is 0.22959430267326805...
Loop142 pFBA...4805.0...Ave likelihood of: cpd00036_c is 0.2275166689711159...
Loop143 pFBA...17029.0...Ave likelihood of: cpd00581_c is 0.3245134897514335...
Loop144 pFBA...4764.0...Ave likelihood of: cpd00128_c is 0.22142044986444173...
Loop145 pFBA...5863.0...Ave likelihood of: cpd00018_c is 0.2797033405851301...
Loop146 pFBA...5863.0...Ave likelihood of: cpd00091_c is 0.2797033405851301...
Loop147 pFBA...3641.0...Ave likelihood of: cpd00092_c is 0.347681391041374...
Loop148 pFBA...64156.0...Ave likelihood of: cpd00305_c is 0.13942576371705812...
Loop149 pFBA...14018.0...Ave likelihood of: cpd00220_c is 0.28650827914508276...
Loop150 pFBA...14685.0...Ave likelihood of: cpd00218_c is 0.1336654704950698...
Loop151 pFBA...14823.0...Ave likelihood of: cpd00215_c is 0.24086524678580626...
Loop152 pFBA...28679.0...Ave likelihood of: cpd00104_c is 0.19743901167443348...
Loop153 pFBA...36060.0...Ave likelihood of: cpd00393_c is 0.14969790104979527...
Loop154 pFBA...6324.0...Ave likelihood of: cpd00363_c is 0.4516244423188471...
Loop155 pFBA...8589.0...Ave likelihood of: cpd00281_c is 0.20164211137066884...
Loop156 pFBA...4141.0...Ave likelihood of: cpd00025_c is 0.3083168386822067...
Loop157 pFBA...19989.0...Ave likelihood of: cpd00811_c is 0.2713085815567347...
Loop158 pFBA...6178.0...Ave likelihood of: cpd00714_c is 0.29219554239765344...
32.5374746641mins to complete!
