
The following have been reloaded with a version change:
  1) anaconda2/4.4.0 => anaconda2/5.1.0

Loading in models...Adding Water...Remove no-like rxns...Pruned 1 metabolites from model
Pruned 1 reactions from model
Set-up Universal...66.0seconds to complete

Loop0 pFBA...5324.0...Ave likelihood of: cpd00117_c is 0.30740307779952275...
Loop1 pFBA...7125.0...Ave likelihood of: cpd00186_c is 0.3125013338594091...
Loop2 pFBA...21574.0...Ave likelihood of: cpd00637_c is 0.25080994378830873...
Loop3 pFBA...6393.0...Ave likelihood of: cpd00550_c is 0.42561506769099827...
Loop4 pFBA...4081.0...Ave likelihood of: cpd00033_c is 0.23456707565120774...
Loop5 pFBA...5218.0...Ave likelihood of: cpd00035_c is 0.30740307779952275...
Loop6 pFBA...17871.0...Ave likelihood of: cpd00051_c is 0.2790921208366418...
Loop7 pFBA...8171.0...Ave likelihood of: cpd00132_c is 0.18895354573500905...
Loop8 pFBA...5314.0...Ave likelihood of: cpd00041_c is 0.18140609619826126...
Loop9 pFBA...13499.0...Ave likelihood of: cpd00084_c is 0.2591196682004684...
Loop10 pFBA...6629.0...Ave likelihood of: cpd00023_c is 0.2742857536238718...
Loop11 pFBA...9269.0...Ave likelihood of: cpd00053_c is 0.20825048416883238...
Loop12 pFBA...15572.0...Ave likelihood of: cpd00119_c is 0.32141117252411716...
Loop13 pFBA...16893.0...Ave likelihood of: cpd00322_c is 0.24401125771774987...
Loop14 pFBA...13957.0...Ave likelihood of: cpd00107_c is 0.28529381279291394...
Loop15 pFBA...16922.0...Ave likelihood of: cpd00039_c is 0.29483919553393867...
Loop16 pFBA...20574.0...Ave likelihood of: cpd00060_c is 0.25390636284742363...
Loop17 pFBA...20899.0...Ave likelihood of: cpd00066_c is 0.2793090307461826...
Loop18 pFBA...10258.0...Ave likelihood of: cpd00129_c is 0.31186861410164485...
Loop19 pFBA...5393.0...Ave likelihood of: cpd00054_c is 0.4643073465719981...
Loop20 pFBA...7535.0...Ave likelihood of: cpd00161_c is 0.37379411916789856...
Loop21 pFBA...25921.0...Ave likelihood of: cpd00065_c is 0.20550453428028967...
Loop22 pFBA...18409.0...Ave likelihood of: cpd00069_c is 0.2625847217041038...
Loop23 pFBA...7893.0...Ave likelihood of: cpd00156_c is 0.2961568984508937...
Loop24 pFBA...23888.0...Ave likelihood of: cpd00098_c is 0.22802827929814018...
Loop25 pFBA...14382.0...Ave likelihood of: cpd00274_c is 0.28940899042333723...
Loop26 pFBA...6130.0...Ave likelihood of: cpd00226_c is 0.3351335699948416...
Loop27 pFBA...4564.0...Ave likelihood of: cpd00246_c is 0.41038827164327435...
Loop28 pFBA...20156.0...Ave likelihood of: cpd00374_c is 0.26694121188701697...
Loop29 pFBA...4174.0...Ave likelihood of: cpd00221_c is 0.5114539878910714...
Loop30 pFBA...4020.0...Ave likelihood of: cpd00159_c is 0.41864588051248086...
Loop31 pFBA...10120.0...Ave likelihood of: cpd00211_c is 0.36453602716605943...
Loop32 pFBA...3607.0...Ave likelihood of: cpd00047_c is 0.3767144072191496...
Loop33 pFBA...4996.0...Ave likelihood of: cpd00106_c is 0.1751460701895542...
Loop34 pFBA...7622.0...Ave likelihood of: cpd00141_c is 0.2981779013560361...
Loop35 pFBA...19910.0...Ave likelihood of: cpd00216_c is 0.2803413129373848...
Loop36 pFBA...4762.0...Ave likelihood of: cpd00036_c is 0.22488319106884222...
Loop37 pFBA...16176.0...Ave likelihood of: cpd00581_c is 0.332940494924915...
Loop38 pFBA...4256.0...Ave likelihood of: cpd00128_c is 0.3630794470041301...
Loop39 pFBA...5761.0...Ave likelihood of: cpd00018_c is 0.32779892011484574...
Loop40 pFBA...5091.0...Ave likelihood of: cpd00091_c is 0.3791643220239213...
Loop41 pFBA...4160.0...Ave likelihood of: cpd00092_c is 0.3897861245876568...
Loop42 pFBA...61600.0...Ave likelihood of: cpd00305_c is 0.2077007252568605...
Loop43 pFBA...13416.0...Ave likelihood of: cpd00220_c is 0.280768109159689...
Loop44 pFBA...14268.0...Ave likelihood of: cpd00218_c is 0.24355554945093466...
Loop45 pFBA...13464.0...Ave likelihood of: cpd00215_c is 0.4001831498900282...
Loop46 pFBA...27955.0...Ave likelihood of: cpd00104_c is 0.20318849103040829...
Loop47 pFBA...36171.0...Ave likelihood of: cpd00393_c is 0.21693403769834188...
Loop48 pFBA...6134.0...Ave likelihood of: cpd00363_c is 0.5490156233056428...
Loop49 pFBA...8629.0...Ave likelihood of: cpd00281_c is 0.19591839544562273...
Loop50 pFBA...4051.0...Ave likelihood of: cpd00025_c is 0.4195133294923962...
Loop51 pFBA...20113.0...Ave likelihood of: cpd00811_c is 0.26191155734524835...
Loop52 pFBA...5324.0...Ave likelihood of: cpd00117_c is 0.30740307779952275...
Loop53 pFBA...7125.0...Ave likelihood of: cpd00186_c is 0.3125013338594091...
Loop54 pFBA...21576.0...Ave likelihood of: cpd00637_c is 0.2289236829689476...
Loop55 pFBA...6393.0...Ave likelihood of: cpd00550_c is 0.42561506769099827...
Loop56 pFBA...4081.0...Ave likelihood of: cpd00033_c is 0.23456707565120774...
Loop57 pFBA...5218.0...Ave likelihood of: cpd00035_c is 0.30740307779952275...
Loop58 pFBA...18156.0...Ave likelihood of: cpd00051_c is 0.25319022642995637...
Loop59 pFBA...8171.0...Ave likelihood of: cpd00132_c is 0.18895354573500905...
Loop60 pFBA...5314.0...Ave likelihood of: cpd00041_c is 0.18140609619826126...
Loop61 pFBA...13627.0...Ave likelihood of: cpd00084_c is 0.24067166168537144...
Loop62 pFBA...6629.0...Ave likelihood of: cpd00023_c is 0.2742857536238718...
Loop63 pFBA...9269.0...Ave likelihood of: cpd00053_c is 0.20465995857971458...
Loop64 pFBA...15572.0...Ave likelihood of: cpd00119_c is 0.32141117252411716...
Loop65 pFBA...16893.0...Ave likelihood of: cpd00322_c is 0.24401125771774987...
Loop66 pFBA...13957.0...Ave likelihood of: cpd00107_c is 0.28529381279291394...
Loop67 pFBA...17359.0...Ave likelihood of: cpd00039_c is 0.26686602147086697...
Loop68 pFBA...20576.0...Ave likelihood of: cpd00060_c is 0.231821451107795...
Loop69 pFBA...21172.0...Ave likelihood of: cpd00066_c is 0.26265324482733515...
Loop70 pFBA...10258.0...Ave likelihood of: cpd00129_c is 0.31186861410164485...
Loop71 pFBA...5393.0...Ave likelihood of: cpd00054_c is 0.4643073465719981...
Loop72 pFBA...7638.0...Ave likelihood of: cpd00161_c is 0.34584545779392156...
Loop73 pFBA...25921.0...Ave likelihood of: cpd00065_c is 0.20814195651402786...
Loop74 pFBA...18621.0...Ave likelihood of: cpd00069_c is 0.25073092079561576...
Loop75 pFBA...7893.0...Ave likelihood of: cpd00156_c is 0.2961568984508937...
Loop76 pFBA...24173.0...Ave likelihood of: cpd00098_c is 0.18532398354389298...
Loop77 pFBA...14617.0...Ave likelihood of: cpd00274_c is 0.21697905454844077...
Loop78 pFBA...6130.0...Ave likelihood of: cpd00226_c is 0.3351335699948416...
Loop79 pFBA...4827.0...Ave likelihood of: cpd00246_c is 0.2886522673545938...
Loop80 pFBA...20807.0...Ave likelihood of: cpd00374_c is 0.25599804869213966...
Loop81 pFBA...4308.0...Ave likelihood of: cpd00221_c is 0.2560163134422877...
Loop82 pFBA...4108.0...Ave likelihood of: cpd00159_c is 0.3619702369228838...
Loop83 pFBA...10143.0...Ave likelihood of: cpd00211_c is 0.25048413848735385...
Loop84 pFBA...3632.0...Ave likelihood of: cpd00047_c is 0.424309587884427...
Loop85 pFBA...4996.0...Ave likelihood of: cpd00106_c is 0.1751460701895542...
Loop86 pFBA...7658.0...Ave likelihood of: cpd00141_c is 0.31400758655940064...
Loop87 pFBA...20244.0...Ave likelihood of: cpd00216_c is 0.27960807021690487...
Loop88 pFBA...4762.0...Ave likelihood of: cpd00036_c is 0.22488319106884222...
Loop89 pFBA...16176.0...Ave likelihood of: cpd00581_c is 0.332940494924915...
Loop90 pFBA...4256.0...Ave likelihood of: cpd00128_c is 0.3630794470041301...
Loop91 pFBA...5761.0...Ave likelihood of: cpd00018_c is 0.31687228944435086...
Loop92 pFBA...5091.0...Ave likelihood of: cpd00091_c is 0.3680124301996883...
Loop93 pFBA...4160.0...Ave likelihood of: cpd00092_c is 0.3897861245876568...
Loop94 pFBA...61621.0...Ave likelihood of: cpd00305_c is 0.19349812634752764...
Loop95 pFBA...13416.0...Ave likelihood of: cpd00220_c is 0.2731797818851028...
Loop96 pFBA...14487.0...Ave likelihood of: cpd00218_c is 0.18188203699294864...
Loop97 pFBA...14013.0...Ave likelihood of: cpd00215_c is 0.2930490518639961...
Loop98 pFBA...27955.0...Ave likelihood of: cpd00104_c is 0.1987228099088608...
Loop99 pFBA...36171.0...Ave likelihood of: cpd00393_c is 0.21693403769834188...
Loop100 pFBA...6468.0...Ave likelihood of: cpd00363_c is 0.4720721400289975...
Loop101 pFBA...8629.0...Ave likelihood of: cpd00281_c is 0.19591839544562273...
Loop102 pFBA...4180.0...Ave likelihood of: cpd00025_c is 0.33611260509601343...
Loop103 pFBA...20671.0...Ave likelihood of: cpd00811_c is 0.23098056567631872...
Loop104 pFBA...5324.0...Ave likelihood of: cpd00117_c is 0.30740307779952275...
Loop105 pFBA...7125.0...Ave likelihood of: cpd00186_c is 0.3125013338594091...
Loop106 pFBA...21574.0...Ave likelihood of: cpd00637_c is 0.24968384786656125...
Loop107 pFBA...6393.0...Ave likelihood of: cpd00550_c is 0.42561506769099827...
Loop108 pFBA...4081.0...Ave likelihood of: cpd00033_c is 0.23456707565120774...
Loop109 pFBA...5218.0...Ave likelihood of: cpd00035_c is 0.30740307779952275...
Loop110 pFBA...17854.0...Ave likelihood of: cpd00051_c is 0.26174340375564514...
Loop111 pFBA...8171.0...Ave likelihood of: cpd00132_c is 0.18895354573500905...
Loop112 pFBA...5314.0...Ave likelihood of: cpd00041_c is 0.18140609619826126...
Loop113 pFBA...13547.0...Ave likelihood of: cpd00084_c is 0.30973581880164724...
Loop114 pFBA...6629.0...Ave likelihood of: cpd00023_c is 0.2742857536238718...
Loop115 pFBA...9269.0...Ave likelihood of: cpd00053_c is 0.20465995857971456...
Loop116 pFBA...15572.0...Ave likelihood of: cpd00119_c is 0.32141117252411716...
Loop117 pFBA...16893.0...Ave likelihood of: cpd00322_c is 0.24401125771774987...
Loop118 pFBA...13957.0...Ave likelihood of: cpd00107_c is 0.28529381279291394...
Loop119 pFBA...17123.0...Ave likelihood of: cpd00039_c is 0.2729391391136625...
Loop120 pFBA...20574.0...Ave likelihood of: cpd00060_c is 0.25276636450688916...
Loop121 pFBA...20757.0...Ave likelihood of: cpd00066_c is 0.27330728455015496...
Loop122 pFBA...10258.0...Ave likelihood of: cpd00129_c is 0.31186861410164485...
Loop123 pFBA...5393.0...Ave likelihood of: cpd00054_c is 0.4643073465719981...
Loop124 pFBA...7525.0...Ave likelihood of: cpd00161_c is 0.36462428101001304...
Loop125 pFBA...25921.0...Ave likelihood of: cpd00065_c is 0.20814195651402792...
Loop126 pFBA...18272.0...Ave likelihood of: cpd00069_c is 0.23727600361386875...
Loop127 pFBA...7893.0...Ave likelihood of: cpd00156_c is 0.2961568984508937...
Loop128 pFBA...23894.0...Ave likelihood of: cpd00098_c is 0.21946238561603892...
Loop129 pFBA...14601.0...Ave likelihood of: cpd00274_c is 0.28572628147687723...
Loop130 pFBA...6130.0...Ave likelihood of: cpd00226_c is 0.3351335699948416...
Loop131 pFBA...4545.0...Ave likelihood of: cpd00246_c is 0.36215889390842937...
Loop132 pFBA...20085.0...Ave likelihood of: cpd00374_c is 0.26191669631101855...
Loop133 pFBA...4272.0...Ave likelihood of: cpd00221_c is 0.3366481052254665...
Loop134 pFBA...4086.0...Ave likelihood of: cpd00159_c is 0.3653390255414668...
Loop135 pFBA...10124.0...Ave likelihood of: cpd00211_c is 0.3622838353225646...
Loop136 pFBA...3632.0...Ave likelihood of: cpd00047_c is 0.42430958788442696...
Loop137 pFBA...4996.0...Ave likelihood of: cpd00106_c is 0.1751460701895542...
Loop138 pFBA...7610.0...Ave likelihood of: cpd00141_c is 0.3597338587143279...
Loop139 pFBA...19768.0...Ave likelihood of: cpd00216_c is 0.2911158939353844...
Loop140 pFBA...4762.0...Ave likelihood of: cpd00036_c is 0.22488319106884222...
Loop141 pFBA...16176.0...Ave likelihood of: cpd00581_c is 0.332940494924915...
Loop142 pFBA...4256.0...Ave likelihood of: cpd00128_c is 0.3630794470041301...
Loop143 pFBA...5761.0...Ave likelihood of: cpd00018_c is 0.31687228944435086...
Loop144 pFBA...5091.0...Ave likelihood of: cpd00091_c is 0.3791643220239213...
Loop145 pFBA...4160.0...Ave likelihood of: cpd00092_c is 0.3897861245876568...
Loop146 pFBA...61546.0...Ave likelihood of: cpd00305_c is 0.20429714037364183...
Loop147 pFBA...13416.0...Ave likelihood of: cpd00220_c is 0.3086439901116656...
Loop148 pFBA...14321.0...Ave likelihood of: cpd00218_c is 0.200612465521482...
Loop149 pFBA...13303.0...Ave likelihood of: cpd00215_c is 0.4096752486965606...
Loop150 pFBA...27953.0...Ave likelihood of: cpd00104_c is 0.22281286540510847...
Loop151 pFBA...36171.0...Ave likelihood of: cpd00393_c is 0.21693403769834188...
Loop152 pFBA...6035.0...Ave likelihood of: cpd00363_c is 0.4726162017428904...
Loop153 pFBA...8629.0...Ave likelihood of: cpd00281_c is 0.19591839544562273...
Loop154 pFBA...4050.0...Ave likelihood of: cpd00025_c is 0.4016039460902231...
Loop155 pFBA...20080.0...Ave likelihood of: cpd00811_c is 0.2523370947131822...
32.7517576337mins to complete!
