
The following have been reloaded with a version change:
  1) anaconda2/4.4.0 => anaconda2/5.1.0

Loading in models...Adding Water...Remove no-like rxns...Pruned 1 metabolites from model
Pruned 1 reactions from model
Set-up Universal...62.0seconds to complete

Loop0 pFBA...5565.0...Ave likelihood of: cpd00117_c is 0.4722422712848435...
Loop1 pFBA...6840.0...Ave likelihood of: cpd00186_c is 0.36005877788430213...
Loop2 pFBA...21343.0...Ave likelihood of: cpd00637_c is 0.27980547111821574...
Loop3 pFBA...6420.0...Ave likelihood of: cpd00550_c is 0.34872591469134995...
Loop4 pFBA...4053.0...Ave likelihood of: cpd00033_c is 0.25118934505965107...
Loop5 pFBA...5442.0...Ave likelihood of: cpd00035_c is 0.4722422712848435...
Loop6 pFBA...18092.0...Ave likelihood of: cpd00051_c is 0.3124211043647282...
Loop7 pFBA...7908.0...Ave likelihood of: cpd00132_c is 0.25025187635359825...
Loop8 pFBA...5179.0...Ave likelihood of: cpd00041_c is 0.22346225506249714...
Loop9 pFBA...13607.0...Ave likelihood of: cpd00084_c is 0.2658321842548174...
Loop10 pFBA...6591.0...Ave likelihood of: cpd00023_c is 0.2817989505172323...
Loop11 pFBA...9081.0...Ave likelihood of: cpd00053_c is 0.31098883074881334...
Loop12 pFBA...16372.0...Ave likelihood of: cpd00119_c is 0.33019918670228454...
Loop13 pFBA...16731.0...Ave likelihood of: cpd00322_c is 0.33952933891697507...
Loop14 pFBA...14213.0...Ave likelihood of: cpd00107_c is 0.2638980235065115...
Loop15 pFBA...17655.0...Ave likelihood of: cpd00039_c is 0.2943947151498214...
Loop16 pFBA...20343.0...Ave likelihood of: cpd00060_c is 0.2833927207479365...
Loop17 pFBA...20478.0...Ave likelihood of: cpd00066_c is 0.27316906058528995...
Loop18 pFBA...10284.0...Ave likelihood of: cpd00129_c is 0.20146810456801642...
Loop19 pFBA...5420.0...Ave likelihood of: cpd00054_c is 0.3561456150039319...
Loop20 pFBA...7301.0...Ave likelihood of: cpd00161_c is 0.4004479997730695...
Loop21 pFBA...26521.0...Ave likelihood of: cpd00065_c is 0.2694842110055095...
Loop22 pFBA...18230.0...Ave likelihood of: cpd00069_c is 0.22796235328606637...
Loop23 pFBA...7671.0...Ave likelihood of: cpd00156_c is 0.3329875303587349...
Loop24 pFBA...23561.0...Ave likelihood of: cpd00098_c is 0.25327601436108294...
Loop25 pFBA...14168.0...Ave likelihood of: cpd00274_c is 0.3149452028322167...
Loop26 pFBA...6626.0...Ave likelihood of: cpd00226_c is 0.32638992368899195...
Loop27 pFBA...4434.0...Ave likelihood of: cpd00246_c is 0.44096717175852423...
Loop28 pFBA...19942.0...Ave likelihood of: cpd00374_c is 0.24368817838729617...
Loop29 pFBA...4761.0...Ave likelihood of: cpd00221_c is 0.4231260693110859...
Loop30 pFBA...4281.0...Ave likelihood of: cpd00159_c is 0.42441769130707296...
Loop31 pFBA...10274.0...Ave likelihood of: cpd00211_c is 0.3888131128183134...
Loop32 pFBA...3760.0...Ave likelihood of: cpd00047_c is 0.2939474379698026...
Loop33 pFBA...4999.0...Ave likelihood of: cpd00106_c is 0.19033606632695133...
Loop34 pFBA...7536.0...Ave likelihood of: cpd00141_c is 0.4147593296964624...
Loop35 pFBA...19047.0...Ave likelihood of: cpd00216_c is 0.23186473256144605...
Loop36 pFBA...4798.0...Ave likelihood of: cpd00036_c is 0.41907524930448703...
Loop37 pFBA...16941.0...Ave likelihood of: cpd00581_c is 0.3262399793557824...
Loop38 pFBA...4746.0...Ave likelihood of: cpd00128_c is 0.34618138794451064...
Loop39 pFBA...5862.0...Ave likelihood of: cpd00018_c is 0.27980953926348084...
Loop40 pFBA...5862.0...Ave likelihood of: cpd00091_c is 0.2798095392634808...
Loop41 pFBA...3602.0...Ave likelihood of: cpd00092_c is 0.34341866572208074...
Loop42 pFBA...63802.0...Ave likelihood of: cpd00305_c is 0.1594562298526842...
Loop43 pFBA...13603.0...Ave likelihood of: cpd00220_c is 0.2881892697643158...
Loop44 pFBA...14449.0...Ave likelihood of: cpd00218_c is 0.2149976994259321...
Loop45 pFBA...14455.0...Ave likelihood of: cpd00215_c is 0.301052905922659...
Loop46 pFBA...28620.0...Ave likelihood of: cpd00104_c is 0.22156672725904122...
Loop47 pFBA...36064.0...Ave likelihood of: cpd00393_c is 0.1711076571932586...
Loop48 pFBA...5553.0...Ave likelihood of: cpd00363_c is 0.5722743013029549...
Loop49 pFBA...8587.0...Ave likelihood of: cpd00281_c is 0.20181974413357073...
Loop50 pFBA...4011.0...Ave likelihood of: cpd00025_c is 0.2859473349341327...
Loop51 pFBA...19546.0...Ave likelihood of: cpd00811_c is 0.26150977686303056...
Loop52 pFBA...5368.0...Ave likelihood of: cpd00714_c is 0.376433823233428...
Loop53 pFBA...5565.0...Ave likelihood of: cpd00117_c is 0.4722422712848435...
Loop54 pFBA...6840.0...Ave likelihood of: cpd00186_c is 0.36005877788430213...
Loop55 pFBA...21642.0...Ave likelihood of: cpd00637_c is 0.23880087992168872...
Loop56 pFBA...6501.0...Ave likelihood of: cpd00550_c is 0.2974430790823352...
Loop57 pFBA...4054.0...Ave likelihood of: cpd00033_c is 0.2388615770317349...
Loop58 pFBA...5442.0...Ave likelihood of: cpd00035_c is 0.4722422712848435...
Loop59 pFBA...18310.0...Ave likelihood of: cpd00051_c is 0.2819200770535988...
Loop60 pFBA...7908.0...Ave likelihood of: cpd00132_c is 0.25025187635359825...
Loop61 pFBA...5179.0...Ave likelihood of: cpd00041_c is 0.22346225506249714...
Loop62 pFBA...13767.0...Ave likelihood of: cpd00084_c is 0.24835197455220342...
Loop63 pFBA...6591.0...Ave likelihood of: cpd00023_c is 0.2817989505172323...
Loop64 pFBA...9081.0...Ave likelihood of: cpd00053_c is 0.31098883074881334...
Loop65 pFBA...16372.0...Ave likelihood of: cpd00119_c is 0.33019918670228454...
Loop66 pFBA...16744.0...Ave likelihood of: cpd00322_c is 0.24059420687069066...
Loop67 pFBA...14213.0...Ave likelihood of: cpd00107_c is 0.2638980235065115...
Loop68 pFBA...17926.0...Ave likelihood of: cpd00039_c is 0.28854322238124613...
Loop69 pFBA...20642.0...Ave likelihood of: cpd00060_c is 0.24211755880948996...
Loop70 pFBA...21495.0...Ave likelihood of: cpd00066_c is 0.2277330810454067...
Loop71 pFBA...10284.0...Ave likelihood of: cpd00129_c is 0.20146810456801642...
Loop72 pFBA...5501.0...Ave likelihood of: cpd00054_c is 0.30673817530365816...
Loop73 pFBA...7651.0...Ave likelihood of: cpd00161_c is 0.3641208526010029...
Loop74 pFBA...26521.0...Ave likelihood of: cpd00065_c is 0.2694842110055095...
Loop75 pFBA...18870.0...Ave likelihood of: cpd00069_c is 0.23687179718803816...
Loop76 pFBA...7671.0...Ave likelihood of: cpd00156_c is 0.3329875303587349...
Loop77 pFBA...24610.0...Ave likelihood of: cpd00098_c is 0.27187713883218845...
Loop78 pFBA...14169.0...Ave likelihood of: cpd00274_c is 0.19400731581961542...
Loop79 pFBA...6626.0...Ave likelihood of: cpd00226_c is 0.32638992368899195...
Loop80 pFBA...4805.0...Ave likelihood of: cpd00246_c is 0.36167316233933844...
Loop81 pFBA...20848.0...Ave likelihood of: cpd00374_c is 0.21798116390027603...
Loop82 pFBA...5089.0...Ave likelihood of: cpd00221_c is 0.35511026110636995...
Loop83 pFBA...4351.0...Ave likelihood of: cpd00159_c is 0.3810712793325445...
Loop84 pFBA...10473.0...Ave likelihood of: cpd00211_c is 0.2067786148876086...
Loop85 pFBA...3766.0...Ave likelihood of: cpd00047_c is 0.2192332665620901...
Loop86 pFBA...4999.0...Ave likelihood of: cpd00106_c is 0.19033606632695133...
Loop87 pFBA...7729.0...Ave likelihood of: cpd00141_c is 0.32436497971059197...
Loop88 pFBA...20277.0...Ave likelihood of: cpd00216_c is 0.22578630321450155...
Loop89 pFBA...4799.0...Ave likelihood of: cpd00036_c is 0.22864675312850513...
Loop90 pFBA...16941.0...Ave likelihood of: cpd00581_c is 0.3262399793557824...
Loop91 pFBA...4746.0...Ave likelihood of: cpd00128_c is 0.34618138794451064...
Loop92 pFBA...5862.0...Ave likelihood of: cpd00018_c is 0.27980953926348084...
Loop93 pFBA...5862.0...Ave likelihood of: cpd00091_c is 0.2798095392634808...
Loop94 pFBA...3615.0...Ave likelihood of: cpd00092_c is 0.3220745087833405...
Loop95 pFBA...64029.0...Ave likelihood of: cpd00305_c is 0.12092858928143196...
Loop96 pFBA...14047.0...Ave likelihood of: cpd00220_c is 0.17295648278224618...
Loop97 pFBA...14712.0...Ave likelihood of: cpd00218_c is 0.217646084232726...
Loop98 pFBA...15061.0...Ave likelihood of: cpd00215_c is 0.3455768723444204...
Loop99 pFBA...28679.0...Ave likelihood of: cpd00104_c is 0.1597271487774819...
Loop100 pFBA...36074.0...Ave likelihood of: cpd00393_c is 0.17078142225230522...
Loop101 pFBA...6326.0...Ave likelihood of: cpd00363_c is 0.3897549288647057...
Loop102 pFBA...8587.0...Ave likelihood of: cpd00281_c is 0.20181974413357073...
Loop103 pFBA...4216.0...Ave likelihood of: cpd00025_c is 0.3887877510634318...
Loop104 pFBA...20510.0...Ave likelihood of: cpd00811_c is 0.3000306933835531...
Loop105 pFBA...6430.0...Ave likelihood of: cpd00714_c is 0.4206702287585627...
Loop106 pFBA...5565.0...Ave likelihood of: cpd00117_c is 0.4722422712848435...
Loop107 pFBA...6840.0...Ave likelihood of: cpd00186_c is 0.36005877788430213...
Loop108 pFBA...21539.0...Ave likelihood of: cpd00637_c is 0.2509656202511807...
Loop109 pFBA...6456.0...Ave likelihood of: cpd00550_c is 0.30254696885305604...
Loop110 pFBA...4054.0...Ave likelihood of: cpd00033_c is 0.2284862563989662...
Loop111 pFBA...5442.0...Ave likelihood of: cpd00035_c is 0.4722422712848435...
Loop112 pFBA...18207.0...Ave likelihood of: cpd00051_c is 0.2726971300290805...
Loop113 pFBA...7908.0...Ave likelihood of: cpd00132_c is 0.25025187635359825...
Loop114 pFBA...5179.0...Ave likelihood of: cpd00041_c is 0.22346225506249714...
Loop115 pFBA...13740.0...Ave likelihood of: cpd00084_c is 0.23078126293330267...
Loop116 pFBA...6591.0...Ave likelihood of: cpd00023_c is 0.2817989505172323...
Loop117 pFBA...9081.0...Ave likelihood of: cpd00053_c is 0.31098883074881334...
Loop118 pFBA...16372.0...Ave likelihood of: cpd00119_c is 0.32372469284537697...
Loop119 pFBA...16744.0...Ave likelihood of: cpd00322_c is 0.24059420687069066...
Loop120 pFBA...14213.0...Ave likelihood of: cpd00107_c is 0.2638980235065115...
Loop121 pFBA...17734.0...Ave likelihood of: cpd00039_c is 0.2851738235964292...
Loop122 pFBA...20539.0...Ave likelihood of: cpd00060_c is 0.25426779946501205...
Loop123 pFBA...20945.0...Ave likelihood of: cpd00066_c is 0.23417825724279046...
Loop124 pFBA...10284.0...Ave likelihood of: cpd00129_c is 0.20146810456801642...
Loop125 pFBA...5456.0...Ave likelihood of: cpd00054_c is 0.30885003070416134...
Loop126 pFBA...7513.0...Ave likelihood of: cpd00161_c is 0.3660462042844353...
Loop127 pFBA...26521.0...Ave likelihood of: cpd00065_c is 0.2694842110055095...
Loop128 pFBA...18480.0...Ave likelihood of: cpd00069_c is 0.19717200643493588...
Loop129 pFBA...7671.0...Ave likelihood of: cpd00156_c is 0.3329875303587349...
Loop130 pFBA...24108.0...Ave likelihood of: cpd00098_c is 0.2437487252732915...
Loop131 pFBA...14169.0...Ave likelihood of: cpd00274_c is 0.19400731581961542...
Loop132 pFBA...6626.0...Ave likelihood of: cpd00226_c is 0.32638992368899195...
Loop133 pFBA...4637.0...Ave likelihood of: cpd00246_c is 0.2246309313409727...
Loop134 pFBA...20430.0...Ave likelihood of: cpd00374_c is 0.2188633462026462...
Loop135 pFBA...4969.0...Ave likelihood of: cpd00221_c is 0.1902588968875799...
Loop136 pFBA...4333.0...Ave likelihood of: cpd00159_c is 0.40761201129948965...
Loop137 pFBA...10456.0...Ave likelihood of: cpd00211_c is 0.3448054697866621...
Loop138 pFBA...3766.0...Ave likelihood of: cpd00047_c is 0.2192332665620901...
Loop139 pFBA...4999.0...Ave likelihood of: cpd00106_c is 0.19033606632695133...
Loop140 pFBA...7674.0...Ave likelihood of: cpd00141_c is 0.37187333278103774...
Loop141 pFBA...19629.0...Ave likelihood of: cpd00216_c is 0.2348462734176611...
Loop142 pFBA...4799.0...Ave likelihood of: cpd00036_c is 0.22864675312850513...
Loop143 pFBA...16941.0...Ave likelihood of: cpd00581_c is 0.3262399793557824...
Loop144 pFBA...4746.0...Ave likelihood of: cpd00128_c is 0.34618138794451064...
Loop145 pFBA...5862.0...Ave likelihood of: cpd00018_c is 0.27980953926348084...
Loop146 pFBA...5862.0...Ave likelihood of: cpd00091_c is 0.2798095392634808...
Loop147 pFBA...3615.0...Ave likelihood of: cpd00092_c is 0.3220745087833405...
Loop148 pFBA...64029.0...Ave likelihood of: cpd00305_c is 0.12216255447818127...
Loop149 pFBA...13952.0...Ave likelihood of: cpd00220_c is 0.26546373296586934...
Loop150 pFBA...14638.0...Ave likelihood of: cpd00218_c is 0.151785949747503...
Loop151 pFBA...14738.0...Ave likelihood of: cpd00215_c is 0.23162535592635228...
Loop152 pFBA...28672.0...Ave likelihood of: cpd00104_c is 0.18454065595244892...
Loop153 pFBA...36066.0...Ave likelihood of: cpd00393_c is 0.15146554646147817...
Loop154 pFBA...5985.0...Ave likelihood of: cpd00363_c is 0.4369582247834915...
Loop155 pFBA...8587.0...Ave likelihood of: cpd00281_c is 0.20181974413357073...
Loop156 pFBA...4134.0...Ave likelihood of: cpd00025_c is 0.3122745132521596...
Loop157 pFBA...19986.0...Ave likelihood of: cpd00811_c is 0.2713921759199115...
Loop158 pFBA...5969.0...Ave likelihood of: cpd00714_c is 0.31423200562691656...
32.2548076987mins to complete!
