
The following have been reloaded with a version change:
  1) anaconda2/4.4.0 => anaconda2/5.1.0

Loading in models...Adding Water...Remove no-like rxns...Pruned 1 metabolites from model
Pruned 1 reactions from model
Set-up Universal...63.0seconds to complete

Loop0 pFBA...5559.0...Ave likelihood of: cpd00117_c is 0.47378479031387577...
Loop1 pFBA...6841.0...Ave likelihood of: cpd00186_c is 0.3597989387691829...
Loop2 pFBA...21388.0...Ave likelihood of: cpd00637_c is 0.27704887715731774...
Loop3 pFBA...6424.0...Ave likelihood of: cpd00550_c is 0.3318987345331227...
Loop4 pFBA...4059.0...Ave likelihood of: cpd00033_c is 0.25435783419052377...
Loop5 pFBA...5436.0...Ave likelihood of: cpd00035_c is 0.47378479031387577...
Loop6 pFBA...18147.0...Ave likelihood of: cpd00051_c is 0.3094056801221839...
Loop7 pFBA...7912.0...Ave likelihood of: cpd00132_c is 0.24992237563139888...
Loop8 pFBA...5182.0...Ave likelihood of: cpd00041_c is 0.22307740674434692...
Loop9 pFBA...13628.0...Ave likelihood of: cpd00084_c is 0.2713736226110182...
Loop10 pFBA...6593.0...Ave likelihood of: cpd00023_c is 0.2814871435790892...
Loop11 pFBA...9082.0...Ave likelihood of: cpd00053_c is 0.3109416997788274...
Loop12 pFBA...16373.0...Ave likelihood of: cpd00119_c is 0.3301721738832045...
Loop13 pFBA...16747.0...Ave likelihood of: cpd00322_c is 0.3535548406920428...
Loop14 pFBA...14214.0...Ave likelihood of: cpd00107_c is 0.2638501814671999...
Loop15 pFBA...17689.0...Ave likelihood of: cpd00039_c is 0.3329555674372178...
Loop16 pFBA...20388.0...Ave likelihood of: cpd00060_c is 0.2806007858388218...
Loop17 pFBA...20601.0...Ave likelihood of: cpd00066_c is 0.24820841832938534...
Loop18 pFBA...10266.0...Ave likelihood of: cpd00129_c is 0.20312792849220648...
Loop19 pFBA...5424.0...Ave likelihood of: cpd00054_c is 0.33867217809502315...
Loop20 pFBA...7349.0...Ave likelihood of: cpd00161_c is 0.39895815425928816...
Loop21 pFBA...27274.0...Ave likelihood of: cpd00065_c is 0.249673502620826...
Loop22 pFBA...18324.0...Ave likelihood of: cpd00069_c is 0.21358843527377883...
Loop23 pFBA...7671.0...Ave likelihood of: cpd00156_c is 0.3329456620956111...
Loop24 pFBA...23651.0...Ave likelihood of: cpd00098_c is 0.263874582083028...
Loop25 pFBA...14162.0...Ave likelihood of: cpd00274_c is 0.1946179204026262...
Loop26 pFBA...6703.0...Ave likelihood of: cpd00226_c is 0.32307219594108655...
Loop27 pFBA...4454.0...Ave likelihood of: cpd00246_c is 0.43942003367234517...
Loop28 pFBA...20071.0...Ave likelihood of: cpd00374_c is 0.2190823476388819...
Loop29 pFBA...4760.0...Ave likelihood of: cpd00221_c is 0.42319100458170394...
Loop30 pFBA...4265.0...Ave likelihood of: cpd00159_c is 0.4226395983998699...
Loop31 pFBA...10341.0...Ave likelihood of: cpd00211_c is 0.35493702957333295...
Loop32 pFBA...3765.0...Ave likelihood of: cpd00047_c is 0.29019012251336995...
Loop33 pFBA...4999.0...Ave likelihood of: cpd00106_c is 0.19004727869860835...
Loop34 pFBA...7571.0...Ave likelihood of: cpd00141_c is 0.4124604173489448...
Loop35 pFBA...19222.0...Ave likelihood of: cpd00216_c is 0.2359358013980872...
Loop36 pFBA...4802.0...Ave likelihood of: cpd00036_c is 0.22813945307276165...
Loop37 pFBA...16941.0...Ave likelihood of: cpd00581_c is 0.326220191164558...
Loop38 pFBA...4762.0...Ave likelihood of: cpd00128_c is 0.22149964041547754...
Loop39 pFBA...5861.0...Ave likelihood of: cpd00018_c is 0.27977321460074994...
Loop40 pFBA...5861.0...Ave likelihood of: cpd00091_c is 0.27977321460074994...
Loop41 pFBA...3613.0...Ave likelihood of: cpd00092_c is 0.36618533076450127...
Loop42 pFBA...63954.0...Ave likelihood of: cpd00305_c is 0.15957515235557787...
Loop43 pFBA...13692.0...Ave likelihood of: cpd00220_c is 0.3116708786003558...
Loop44 pFBA...14482.0...Ave likelihood of: cpd00218_c is 0.21258380465077195...
Loop45 pFBA...14600.0...Ave likelihood of: cpd00215_c is 0.2969810588722058...
Loop46 pFBA...28669.0...Ave likelihood of: cpd00104_c is 0.20706680536559463...
Loop47 pFBA...36064.0...Ave likelihood of: cpd00393_c is 0.16971677357247877...
Loop48 pFBA...5709.0...Ave likelihood of: cpd00363_c is 0.5638734834818081...
Loop49 pFBA...8589.0...Ave likelihood of: cpd00281_c is 0.20159892275069782...
Loop50 pFBA...4023.0...Ave likelihood of: cpd00025_c is 0.3071575668134035...
Loop51 pFBA...19597.0...Ave likelihood of: cpd00811_c is 0.2580750373393819...
Loop52 pFBA...5420.0...Ave likelihood of: cpd00714_c is 0.37092599562135525...
Loop53 pFBA...5559.0...Ave likelihood of: cpd00117_c is 0.47378479031387577...
Loop54 pFBA...6841.0...Ave likelihood of: cpd00186_c is 0.3597989387691829...
Loop55 pFBA...21643.0...Ave likelihood of: cpd00637_c is 0.2865487675696738...
Loop56 pFBA...6488.0...Ave likelihood of: cpd00550_c is 0.2976541057289453...
Loop57 pFBA...4060.0...Ave likelihood of: cpd00033_c is 0.23716322799807385...
Loop58 pFBA...5436.0...Ave likelihood of: cpd00035_c is 0.47378479031387577...
Loop59 pFBA...18320.0...Ave likelihood of: cpd00051_c is 0.31983277121260756...
Loop60 pFBA...7912.0...Ave likelihood of: cpd00132_c is 0.24992237563139894...
Loop61 pFBA...5182.0...Ave likelihood of: cpd00041_c is 0.22307740674434692...
Loop62 pFBA...13753.0...Ave likelihood of: cpd00084_c is 0.25292296381614804...
Loop63 pFBA...6593.0...Ave likelihood of: cpd00023_c is 0.2814871435790892...
Loop64 pFBA...9082.0...Ave likelihood of: cpd00053_c is 0.3109416997788274...
Loop65 pFBA...16373.0...Ave likelihood of: cpd00119_c is 0.3236982096894162...
Loop66 pFBA...16756.0...Ave likelihood of: cpd00322_c is 0.2397322995126626...
Loop67 pFBA...14214.0...Ave likelihood of: cpd00107_c is 0.2638501814671999...
Loop68 pFBA...17904.0...Ave likelihood of: cpd00039_c is 0.33851045756524745...
Loop69 pFBA...20643.0...Ave likelihood of: cpd00060_c is 0.2865487675696738...
Loop70 pFBA...21382.0...Ave likelihood of: cpd00066_c is 0.23172959477213353...
Loop71 pFBA...10266.0...Ave likelihood of: cpd00129_c is 0.20312792849220648...
Loop72 pFBA...5488.0...Ave likelihood of: cpd00054_c is 0.3069557965329749...
Loop73 pFBA...7643.0...Ave likelihood of: cpd00161_c is 0.39318669282321017...
Loop74 pFBA...27274.0...Ave likelihood of: cpd00065_c is 0.249673502620826...
Loop75 pFBA...18859.0...Ave likelihood of: cpd00069_c is 0.2401981942649106...
Loop76 pFBA...7671.0...Ave likelihood of: cpd00156_c is 0.3329456620956111...
Loop77 pFBA...24494.0...Ave likelihood of: cpd00098_c is 0.27574907430469975...
Loop78 pFBA...14162.0...Ave likelihood of: cpd00274_c is 0.1946179204026262...
Loop79 pFBA...6703.0...Ave likelihood of: cpd00226_c is 0.32307219594108655...
Loop80 pFBA...4762.0...Ave likelihood of: cpd00246_c is 0.36949427107816685...
Loop81 pFBA...20786.0...Ave likelihood of: cpd00374_c is 0.22320120787042202...
Loop82 pFBA...5060.0...Ave likelihood of: cpd00221_c is 0.3924849646401654...
Loop83 pFBA...4327.0...Ave likelihood of: cpd00159_c is 0.38862974561001606...
Loop84 pFBA...10515.0...Ave likelihood of: cpd00211_c is 0.21378017826069062...
Loop85 pFBA...3766.0...Ave likelihood of: cpd00047_c is 0.21917846933853313...
Loop86 pFBA...4999.0...Ave likelihood of: cpd00106_c is 0.19004727869860835...
Loop87 pFBA...7728.0...Ave likelihood of: cpd00141_c is 0.32439893107289275...
Loop88 pFBA...20326.0...Ave likelihood of: cpd00216_c is 0.30293081103216846...
Loop89 pFBA...4802.0...Ave likelihood of: cpd00036_c is 0.22813945307276165...
Loop90 pFBA...16941.0...Ave likelihood of: cpd00581_c is 0.326220191164558...
Loop91 pFBA...4762.0...Ave likelihood of: cpd00128_c is 0.22149964041547754...
Loop92 pFBA...5861.0...Ave likelihood of: cpd00018_c is 0.27977321460074994...
Loop93 pFBA...5861.0...Ave likelihood of: cpd00091_c is 0.27977321460074994...
Loop94 pFBA...3623.0...Ave likelihood of: cpd00092_c is 0.32086783877502617...
Loop95 pFBA...64127.0...Ave likelihood of: cpd00305_c is 0.1205383772618712...
Loop96 pFBA...14139.0...Ave likelihood of: cpd00220_c is 0.17878524103130944...
Loop97 pFBA...14720.0...Ave likelihood of: cpd00218_c is 0.21277541656379484...
Loop98 pFBA...15126.0...Ave likelihood of: cpd00215_c is 0.3244146822471393...
Loop99 pFBA...28719.0...Ave likelihood of: cpd00104_c is 0.16906154543162755...
Loop100 pFBA...36074.0...Ave likelihood of: cpd00393_c is 0.1696398612113287...
Loop101 pFBA...6385.0...Ave likelihood of: cpd00363_c is 0.5189949426739419...
Loop102 pFBA...8589.0...Ave likelihood of: cpd00281_c is 0.20159892275069782...
Loop103 pFBA...4190.0...Ave likelihood of: cpd00025_c is 0.3871579496739879...
Loop104 pFBA...20371.0...Ave likelihood of: cpd00811_c is 0.30394175848447097...
Loop105 pFBA...6263.0...Ave likelihood of: cpd00714_c is 0.4340221754602206...
Loop106 pFBA...5559.0...Ave likelihood of: cpd00117_c is 0.47378479031387577...
Loop107 pFBA...6841.0...Ave likelihood of: cpd00186_c is 0.3597989387691829...
Loop108 pFBA...21568.0...Ave likelihood of: cpd00637_c is 0.2444113817300689...
Loop109 pFBA...6444.0...Ave likelihood of: cpd00550_c is 0.3292944744306547...
Loop110 pFBA...4059.0...Ave likelihood of: cpd00033_c is 0.2276494723002446...
Loop111 pFBA...5436.0...Ave likelihood of: cpd00035_c is 0.47378479031387577...
Loop112 pFBA...18239.0...Ave likelihood of: cpd00051_c is 0.27140562054796225...
Loop113 pFBA...7912.0...Ave likelihood of: cpd00132_c is 0.24992237563139894...
Loop114 pFBA...5182.0...Ave likelihood of: cpd00041_c is 0.22307740674434692...
Loop115 pFBA...13739.0...Ave likelihood of: cpd00084_c is 0.2298853668823979...
Loop116 pFBA...6593.0...Ave likelihood of: cpd00023_c is 0.2814871435790892...
Loop117 pFBA...9082.0...Ave likelihood of: cpd00053_c is 0.3109416997788274...
Loop118 pFBA...16373.0...Ave likelihood of: cpd00119_c is 0.3301721738832045...
Loop119 pFBA...16756.0...Ave likelihood of: cpd00322_c is 0.2397322995126626...
Loop120 pFBA...14214.0...Ave likelihood of: cpd00107_c is 0.2638501814671999...
Loop121 pFBA...17744.0...Ave likelihood of: cpd00039_c is 0.283582071067801...
Loop122 pFBA...20568.0...Ave likelihood of: cpd00060_c is 0.24767020015313654...
Loop123 pFBA...20958.0...Ave likelihood of: cpd00066_c is 0.22581238816542326...
Loop124 pFBA...10266.0...Ave likelihood of: cpd00129_c is 0.20312792849220648...
Loop125 pFBA...5444.0...Ave likelihood of: cpd00054_c is 0.33645304996175585...
Loop126 pFBA...7515.0...Ave likelihood of: cpd00161_c is 0.3452383825889654...
Loop127 pFBA...27274.0...Ave likelihood of: cpd00065_c is 0.249673502620826...
Loop128 pFBA...18490.0...Ave likelihood of: cpd00069_c is 0.19630626897560463...
Loop129 pFBA...7671.0...Ave likelihood of: cpd00156_c is 0.3329456620956111...
Loop130 pFBA...24138.0...Ave likelihood of: cpd00098_c is 0.23707781916365864...
Loop131 pFBA...14162.0...Ave likelihood of: cpd00274_c is 0.1946179204026262...
Loop132 pFBA...6703.0...Ave likelihood of: cpd00226_c is 0.32307219594108655...
Loop133 pFBA...4642.0...Ave likelihood of: cpd00246_c is 0.2659692003870551...
Loop134 pFBA...20452.0...Ave likelihood of: cpd00374_c is 0.21179965987675478...
Loop135 pFBA...4958.0...Ave likelihood of: cpd00221_c is 0.19170600779586952...
Loop136 pFBA...4315.0...Ave likelihood of: cpd00159_c is 0.3468426073865814...
Loop137 pFBA...10491.0...Ave likelihood of: cpd00211_c is 0.33688672862014346...
Loop138 pFBA...3766.0...Ave likelihood of: cpd00047_c is 0.21917846933853313...
Loop139 pFBA...4999.0...Ave likelihood of: cpd00106_c is 0.19004727869860835...
Loop140 pFBA...7679.0...Ave likelihood of: cpd00141_c is 0.3711845830732767...
Loop141 pFBA...19650.0...Ave likelihood of: cpd00216_c is 0.22988827015972804...
Loop142 pFBA...4802.0...Ave likelihood of: cpd00036_c is 0.22813945307276165...
Loop143 pFBA...16941.0...Ave likelihood of: cpd00581_c is 0.326220191164558...
Loop144 pFBA...4762.0...Ave likelihood of: cpd00128_c is 0.22149964041547754...
Loop145 pFBA...5861.0...Ave likelihood of: cpd00018_c is 0.27977321460074994...
Loop146 pFBA...5861.0...Ave likelihood of: cpd00091_c is 0.27977321460074994...
Loop147 pFBA...3623.0...Ave likelihood of: cpd00092_c is 0.32086783877502617...
Loop148 pFBA...64127.0...Ave likelihood of: cpd00305_c is 0.12053837726187121...
Loop149 pFBA...13986.0...Ave likelihood of: cpd00220_c is 0.26344087219439716...
Loop150 pFBA...14685.0...Ave likelihood of: cpd00218_c is 0.13394978301919105...
Loop151 pFBA...14831.0...Ave likelihood of: cpd00215_c is 0.24065430765582546...
Loop152 pFBA...28710.0...Ave likelihood of: cpd00104_c is 0.1939273545844995...
Loop153 pFBA...36064.0...Ave likelihood of: cpd00393_c is 0.15134889698868872...
Loop154 pFBA...6084.0...Ave likelihood of: cpd00363_c is 0.4347326123083708...
Loop155 pFBA...8589.0...Ave likelihood of: cpd00281_c is 0.20159892275069782...
Loop156 pFBA...4141.0...Ave likelihood of: cpd00025_c is 0.31943417387822415...
Loop157 pFBA...19987.0...Ave likelihood of: cpd00811_c is 0.2713663125813216...
Loop158 pFBA...6163.0...Ave likelihood of: cpd00714_c is 0.2937927409561988...
32.5428889354mins to complete!
