
The following have been reloaded with a version change:
  1) anaconda2/4.4.0 => anaconda2/5.1.0

Loading in models...Adding Water...Remove no-like rxns...Pruned 1 metabolites from model
Pruned 1 reactions from model
Set-up Universal...63.0seconds to complete

Loop0 pFBA...5325.0...Ave likelihood of: cpd00117_c is 0.3072374948899821...
Loop1 pFBA...7122.0...Ave likelihood of: cpd00186_c is 0.3129404583042705...
Loop2 pFBA...21711.0...Ave likelihood of: cpd00637_c is 0.22342333005482784...
Loop3 pFBA...6436.0...Ave likelihood of: cpd00550_c is 0.3427366228966677...
Loop4 pFBA...4160.0...Ave likelihood of: cpd00033_c is 0.2542606458387899...
Loop5 pFBA...5219.0...Ave likelihood of: cpd00035_c is 0.3072374948899821...
Loop6 pFBA...17910.0...Ave likelihood of: cpd00051_c is 0.2299409930195589...
Loop7 pFBA...8209.0...Ave likelihood of: cpd00132_c is 0.1375501373644688...
Loop8 pFBA...5387.0...Ave likelihood of: cpd00041_c is 0.16101226292575452...
Loop9 pFBA...13540.0...Ave likelihood of: cpd00084_c is 0.302891845104949...
Loop10 pFBA...6629.0...Ave likelihood of: cpd00023_c is 0.2742681818989314...
Loop11 pFBA...9283.0...Ave likelihood of: cpd00053_c is 0.18792104273094246...
Loop12 pFBA...15750.0...Ave likelihood of: cpd00119_c is 0.2960312478609942...
Loop13 pFBA...17007.0...Ave likelihood of: cpd00322_c is 0.23884957569709786...
Loop14 pFBA...14085.0...Ave likelihood of: cpd00107_c is 0.279814518666052...
Loop15 pFBA...16922.0...Ave likelihood of: cpd00039_c is 0.26979087065143126...
Loop16 pFBA...20711.0...Ave likelihood of: cpd00060_c is 0.22648392361722275...
Loop17 pFBA...20921.0...Ave likelihood of: cpd00066_c is 0.26945292523467257...
Loop18 pFBA...10271.0...Ave likelihood of: cpd00129_c is 0.3107652569248889...
Loop19 pFBA...5436.0...Ave likelihood of: cpd00054_c is 0.36721781024642963...
Loop20 pFBA...7659.0...Ave likelihood of: cpd00161_c is 0.3691715147831268...
Loop21 pFBA...26614.0...Ave likelihood of: cpd00065_c is 0.2085911505515852...
Loop22 pFBA...18417.0...Ave likelihood of: cpd00069_c is 0.22368864210822553...
Loop23 pFBA...8017.0...Ave likelihood of: cpd00156_c is 0.19346692003248186...
Loop24 pFBA...23965.0...Ave likelihood of: cpd00098_c is 0.19232906199003225...
Loop25 pFBA...14593.0...Ave likelihood of: cpd00274_c is 0.18925352968727696...
Loop26 pFBA...6126.0...Ave likelihood of: cpd00226_c is 0.3258647267750826...
Loop27 pFBA...4608.0...Ave likelihood of: cpd00246_c is 0.4054398031061453...
Loop28 pFBA...20247.0...Ave likelihood of: cpd00374_c is 0.2641064487205854...
Loop29 pFBA...4217.0...Ave likelihood of: cpd00221_c is 0.35345763584397516...
Loop30 pFBA...4026.0...Ave likelihood of: cpd00159_c is 0.3799559157237678...
Loop31 pFBA...10296.0...Ave likelihood of: cpd00211_c is 0.31260159824435246...
Loop32 pFBA...3620.0...Ave likelihood of: cpd00047_c is 0.37272170875674365...
Loop33 pFBA...5135.0...Ave likelihood of: cpd00106_c is 0.12329658223055992...
Loop34 pFBA...7633.0...Ave likelihood of: cpd00141_c is 0.4194919961721697...
Loop35 pFBA...20044.0...Ave likelihood of: cpd00216_c is 0.26092495806870286...
Loop36 pFBA...4785.0...Ave likelihood of: cpd00036_c is 0.16850934801273557...
Loop37 pFBA...16337.0...Ave likelihood of: cpd00581_c is 0.3156353311014109...
Loop38 pFBA...4437.0...Ave likelihood of: cpd00128_c is 0.1999122086079932...
Loop39 pFBA...6001.0...Ave likelihood of: cpd00018_c is 0.27939170942886027...
Loop40 pFBA...5323.0...Ave likelihood of: cpd00091_c is 0.32984278880183526...
Loop41 pFBA...4196.0...Ave likelihood of: cpd00092_c is 0.36464629388759534...
Loop42 pFBA...61474.0...Ave likelihood of: cpd00305_c is 0.21759688796763677...
Loop43 pFBA...13599.0...Ave likelihood of: cpd00220_c is 0.23931154780515365...
Loop44 pFBA...14400.0...Ave likelihood of: cpd00218_c is 0.19818063325095583...
Loop45 pFBA...13723.0...Ave likelihood of: cpd00215_c is 0.28989090425751957...
Loop46 pFBA...28071.0...Ave likelihood of: cpd00104_c is 0.16839159297722983...
Loop47 pFBA...36168.0...Ave likelihood of: cpd00393_c is 0.2165891892559041...
Loop48 pFBA...6172.0...Ave likelihood of: cpd00363_c is 0.4469343352638032...
Loop49 pFBA...8629.0...Ave likelihood of: cpd00281_c is 0.19590584421352242...
Loop50 pFBA...4082.0...Ave likelihood of: cpd00025_c is 0.3866758397226774...
Loop51 pFBA...20242.0...Ave likelihood of: cpd00811_c is 0.22693265747252928...
Loop52 pFBA...5325.0...Ave likelihood of: cpd00117_c is 0.3072374948899821...
Loop53 pFBA...7122.0...Ave likelihood of: cpd00186_c is 0.3129404583042705...
Loop54 pFBA...21711.0...Ave likelihood of: cpd00637_c is 0.22342333005482784...
Loop55 pFBA...6436.0...Ave likelihood of: cpd00550_c is 0.3427366228966677...
Loop56 pFBA...4160.0...Ave likelihood of: cpd00033_c is 0.2542606458387899...
Loop57 pFBA...5219.0...Ave likelihood of: cpd00035_c is 0.3072374948899821...
Loop58 pFBA...18198.0...Ave likelihood of: cpd00051_c is 0.2509099573985389...
Loop59 pFBA...8209.0...Ave likelihood of: cpd00132_c is 0.1375501373644688...
Loop60 pFBA...5387.0...Ave likelihood of: cpd00041_c is 0.16101226292575452...
Loop61 pFBA...13574.0...Ave likelihood of: cpd00084_c is 0.2665398815161518...
Loop62 pFBA...6629.0...Ave likelihood of: cpd00023_c is 0.2742681818989314...
Loop63 pFBA...9283.0...Ave likelihood of: cpd00053_c is 0.18792104273094246...
Loop64 pFBA...15750.0...Ave likelihood of: cpd00119_c is 0.2960312478609942...
Loop65 pFBA...17007.0...Ave likelihood of: cpd00322_c is 0.23884957569709786...
Loop66 pFBA...14085.0...Ave likelihood of: cpd00107_c is 0.279814518666052...
Loop67 pFBA...17345.0...Ave likelihood of: cpd00039_c is 0.26069098200840807...
Loop68 pFBA...20711.0...Ave likelihood of: cpd00060_c is 0.22648392361722275...
Loop69 pFBA...21172.0...Ave likelihood of: cpd00066_c is 0.2587594798080611...
Loop70 pFBA...10271.0...Ave likelihood of: cpd00129_c is 0.3107652569248889...
Loop71 pFBA...5436.0...Ave likelihood of: cpd00054_c is 0.36721781024642963...
Loop72 pFBA...7713.0...Ave likelihood of: cpd00161_c is 0.3333536324165143...
Loop73 pFBA...26614.0...Ave likelihood of: cpd00065_c is 0.19962780737917438...
Loop74 pFBA...18642.0...Ave likelihood of: cpd00069_c is 0.24819325584157634...
Loop75 pFBA...8017.0...Ave likelihood of: cpd00156_c is 0.19346692003248186...
Loop76 pFBA...24172.0...Ave likelihood of: cpd00098_c is 0.18107506909790175...
Loop77 pFBA...14762.0...Ave likelihood of: cpd00274_c is 0.21612170815537132...
Loop78 pFBA...6126.0...Ave likelihood of: cpd00226_c is 0.3258647267750826...
Loop79 pFBA...4840.0...Ave likelihood of: cpd00246_c is 0.19037994700811153...
Loop80 pFBA...20839.0...Ave likelihood of: cpd00374_c is 0.2725751204778197...
Loop81 pFBA...4309.0...Ave likelihood of: cpd00221_c is 0.2564212199051289...
Loop82 pFBA...4148.0...Ave likelihood of: cpd00159_c is 0.37297749014077014...
Loop83 pFBA...10307.0...Ave likelihood of: cpd00211_c is 0.22237882935974468...
Loop84 pFBA...3634.0...Ave likelihood of: cpd00047_c is 0.3934424640665395...
Loop85 pFBA...5135.0...Ave likelihood of: cpd00106_c is 0.12329658223055992...
Loop86 pFBA...7690.0...Ave likelihood of: cpd00141_c is 0.2563643408261902...
Loop87 pFBA...20247.0...Ave likelihood of: cpd00216_c is 0.25518755778455293...
Loop88 pFBA...4785.0...Ave likelihood of: cpd00036_c is 0.16850934801273557...
Loop89 pFBA...16337.0...Ave likelihood of: cpd00581_c is 0.3156353311014109...
Loop90 pFBA...4437.0...Ave likelihood of: cpd00128_c is 0.1999122086079932...
Loop91 pFBA...6001.0...Ave likelihood of: cpd00018_c is 0.2694134340921152...
Loop92 pFBA...5323.0...Ave likelihood of: cpd00091_c is 0.32984278880183526...
Loop93 pFBA...4196.0...Ave likelihood of: cpd00092_c is 0.36464629388759534...
Loop94 pFBA...61487.0...Ave likelihood of: cpd00305_c is 0.2257311896191491...
Loop95 pFBA...13599.0...Ave likelihood of: cpd00220_c is 0.23247407501072068...
Loop96 pFBA...14489.0...Ave likelihood of: cpd00218_c is 0.18778956119144177...
Loop97 pFBA...14187.0...Ave likelihood of: cpd00215_c is 0.2542441922816379...
Loop98 pFBA...28071.0...Ave likelihood of: cpd00104_c is 0.16839159297722983...
Loop99 pFBA...36168.0...Ave likelihood of: cpd00393_c is 0.21658918925590406...
Loop100 pFBA...6484.0...Ave likelihood of: cpd00363_c is 0.42791984232274227...
Loop101 pFBA...8629.0...Ave likelihood of: cpd00281_c is 0.19590584421352242...
Loop102 pFBA...4192.0...Ave likelihood of: cpd00025_c is 0.3303252944612321...
Loop103 pFBA...20702.0...Ave likelihood of: cpd00811_c is 0.20799440390228177...
Loop104 pFBA...5325.0...Ave likelihood of: cpd00117_c is 0.3072374948899821...
Loop105 pFBA...7122.0...Ave likelihood of: cpd00186_c is 0.3129404583042705...
Loop106 pFBA...21702.0...Ave likelihood of: cpd00637_c is 0.26426115511503734...
Loop107 pFBA...6436.0...Ave likelihood of: cpd00550_c is 0.3427366228966677...
Loop108 pFBA...4160.0...Ave likelihood of: cpd00033_c is 0.2542606458387899...
Loop109 pFBA...5219.0...Ave likelihood of: cpd00035_c is 0.3072374948899821...
Loop110 pFBA...17866.0...Ave likelihood of: cpd00051_c is 0.27851326230207996...
Loop111 pFBA...8209.0...Ave likelihood of: cpd00132_c is 0.1375501373644688...
Loop112 pFBA...5387.0...Ave likelihood of: cpd00041_c is 0.16101226292575452...
Loop113 pFBA...13545.0...Ave likelihood of: cpd00084_c is 0.2976259523358661...
Loop114 pFBA...6629.0...Ave likelihood of: cpd00023_c is 0.2742681818989314...
Loop115 pFBA...9283.0...Ave likelihood of: cpd00053_c is 0.18792104273094246...
Loop116 pFBA...15750.0...Ave likelihood of: cpd00119_c is 0.2960312478609942...
Loop117 pFBA...17007.0...Ave likelihood of: cpd00322_c is 0.23884957569709786...
Loop118 pFBA...14085.0...Ave likelihood of: cpd00107_c is 0.279814518666052...
Loop119 pFBA...17118.0...Ave likelihood of: cpd00039_c is 0.2360540778469574...
Loop120 pFBA...20702.0...Ave likelihood of: cpd00060_c is 0.26748385212863535...
Loop121 pFBA...20760.0...Ave likelihood of: cpd00066_c is 0.2730005751445249...
Loop122 pFBA...10271.0...Ave likelihood of: cpd00129_c is 0.3107652569248889...
Loop123 pFBA...5436.0...Ave likelihood of: cpd00054_c is 0.36721781024642963...
Loop124 pFBA...7621.0...Ave likelihood of: cpd00161_c is 0.3564774793856747...
Loop125 pFBA...26614.0...Ave likelihood of: cpd00065_c is 0.2085911505515852...
Loop126 pFBA...18286.0...Ave likelihood of: cpd00069_c is 0.23398539923182...
Loop127 pFBA...8017.0...Ave likelihood of: cpd00156_c is 0.19346692003248186...
Loop128 pFBA...23888.0...Ave likelihood of: cpd00098_c is 0.18342254456899265...
Loop129 pFBA...14704.0...Ave likelihood of: cpd00274_c is 0.22291883523147038...
Loop130 pFBA...6126.0...Ave likelihood of: cpd00226_c is 0.3258647267750826...
Loop131 pFBA...4548.0...Ave likelihood of: cpd00246_c is 0.40162361987767775...
Loop132 pFBA...20089.0...Ave likelihood of: cpd00374_c is 0.26173577161515876...
Loop133 pFBA...4274.0...Ave likelihood of: cpd00221_c is 0.33680554582544536...
Loop134 pFBA...4112.0...Ave likelihood of: cpd00159_c is 0.33212012237534627...
Loop135 pFBA...10263.0...Ave likelihood of: cpd00211_c is 0.31700447500787093...
Loop136 pFBA...3634.0...Ave likelihood of: cpd00047_c is 0.3934424640665395...
Loop137 pFBA...5135.0...Ave likelihood of: cpd00106_c is 0.12329658223055992...
Loop138 pFBA...7638.0...Ave likelihood of: cpd00141_c is 0.3466774399420751...
Loop139 pFBA...19774.0...Ave likelihood of: cpd00216_c is 0.25139575094188943...
Loop140 pFBA...4785.0...Ave likelihood of: cpd00036_c is 0.16850934801273557...
Loop141 pFBA...16337.0...Ave likelihood of: cpd00581_c is 0.3156353311014109...
Loop142 pFBA...4437.0...Ave likelihood of: cpd00128_c is 0.1999122086079932...
Loop143 pFBA...6001.0...Ave likelihood of: cpd00018_c is 0.27939170942886027...
Loop144 pFBA...5323.0...Ave likelihood of: cpd00091_c is 0.3404828787631847...
Loop145 pFBA...4196.0...Ave likelihood of: cpd00092_c is 0.36464629388759534...
Loop146 pFBA...61468.0...Ave likelihood of: cpd00305_c is 0.20009937934721875...
Loop147 pFBA...13599.0...Ave likelihood of: cpd00220_c is 0.21990790879392497...
Loop148 pFBA...14321.0...Ave likelihood of: cpd00218_c is 0.20062342424976656...
Loop149 pFBA...13517.0...Ave likelihood of: cpd00215_c is 0.3734884919569312...
Loop150 pFBA...28071.0...Ave likelihood of: cpd00104_c is 0.16839159297722983...
Loop151 pFBA...36163.0...Ave likelihood of: cpd00393_c is 0.23022090594274347...
Loop152 pFBA...6046.0...Ave likelihood of: cpd00363_c is 0.44326451469665534...
Loop153 pFBA...8629.0...Ave likelihood of: cpd00281_c is 0.19590584421352242...
Loop154 pFBA...4051.0...Ave likelihood of: cpd00025_c is 0.3054095300962041...
Loop155 pFBA...20044.0...Ave likelihood of: cpd00811_c is 0.21649665456278366...
32.4179485321mins to complete!
