
The following have been reloaded with a version change:
  1) anaconda2/4.4.0 => anaconda2/5.1.0

Loading in models...Adding Water...Remove no-like rxns...Pruned 1 metabolites from model
Pruned 1 reactions from model
Set-up Universal...54.0seconds to complete

Loop0 pFBA...5562.0...Ave likelihood of: cpd00117_c is 0.4727701385147341...
Loop1 pFBA...6841.0...Ave likelihood of: cpd00186_c is 0.359851302978676...
Loop2 pFBA...21378.0...Ave likelihood of: cpd00637_c is 0.26789531812625367...
Loop3 pFBA...6430.0...Ave likelihood of: cpd00550_c is 0.3463600128272173...
Loop4 pFBA...4055.0...Ave likelihood of: cpd00033_c is 0.24446688616172102...
Loop5 pFBA...5441.0...Ave likelihood of: cpd00035_c is 0.4727701385147341...
Loop6 pFBA...18227.0...Ave likelihood of: cpd00051_c is 0.3144916164943259...
Loop7 pFBA...8189.0...Ave likelihood of: cpd00132_c is 0.16656932370877284...
Loop8 pFBA...5269.0...Ave likelihood of: cpd00041_c is 0.20479514547670874...
Loop9 pFBA...13649.0...Ave likelihood of: cpd00084_c is 0.2594368678706559...
Loop10 pFBA...6592.0...Ave likelihood of: cpd00023_c is 0.281549980630481...
Loop11 pFBA...9326.0...Ave likelihood of: cpd00053_c is 0.2678869651197089...
Loop12 pFBA...16691.0...Ave likelihood of: cpd00119_c is 0.3155553321364495...
Loop13 pFBA...16746.0...Ave likelihood of: cpd00322_c is 0.3539057362832126...
Loop14 pFBA...14213.0...Ave likelihood of: cpd00107_c is 0.26386029218522483...
Loop15 pFBA...17769.0...Ave likelihood of: cpd00039_c is 0.31146538672427065...
Loop16 pFBA...20378.0...Ave likelihood of: cpd00060_c is 0.27146725570127034...
Loop17 pFBA...20709.0...Ave likelihood of: cpd00066_c is 0.2172522669324777...
Loop18 pFBA...10265.0...Ave likelihood of: cpd00129_c is 0.2031564934159637...
Loop19 pFBA...5430.0...Ave likelihood of: cpd00054_c is 0.3537293748022644...
Loop20 pFBA...7403.0...Ave likelihood of: cpd00161_c is 0.38917861901334677...
Loop21 pFBA...27989.0...Ave likelihood of: cpd00065_c is 0.23108877953475845...
Loop22 pFBA...18417.0...Ave likelihood of: cpd00069_c is 0.19701215685771456...
Loop23 pFBA...7671.0...Ave likelihood of: cpd00156_c is 0.3329543501723334...
Loop24 pFBA...23633.0...Ave likelihood of: cpd00098_c is 0.2509075166699515...
Loop25 pFBA...14624.0...Ave likelihood of: cpd00274_c is 0.16687620635292427...
Loop26 pFBA...6633.0...Ave likelihood of: cpd00226_c is 0.3257382689485532...
Loop27 pFBA...4466.0...Ave likelihood of: cpd00246_c is 0.43672999801799084...
Loop28 pFBA...20053.0...Ave likelihood of: cpd00374_c is 0.2257504849989172...
Loop29 pFBA...4747.0...Ave likelihood of: cpd00221_c is 0.4252311363382297...
Loop30 pFBA...4274.0...Ave likelihood of: cpd00159_c is 0.3958705351726435...
Loop31 pFBA...10345.0...Ave likelihood of: cpd00211_c is 0.3541298909883075...
Loop32 pFBA...3766.0...Ave likelihood of: cpd00047_c is 0.2590020693688977...
Loop33 pFBA...5009.0...Ave likelihood of: cpd00106_c is 0.16843191320671466...
Loop34 pFBA...7567.0...Ave likelihood of: cpd00141_c is 0.4131076765194295...
Loop35 pFBA...19232.0...Ave likelihood of: cpd00216_c is 0.23163199912012705...
Loop36 pFBA...4803.0...Ave likelihood of: cpd00036_c is 0.22806541147079784...
Loop37 pFBA...17175.0...Ave likelihood of: cpd00581_c is 0.3053247865800185...
Loop38 pFBA...4748.0...Ave likelihood of: cpd00128_c is 0.22552889670300952...
Loop39 pFBA...5863.0...Ave likelihood of: cpd00018_c is 0.2796891000742878...
Loop40 pFBA...5863.0...Ave likelihood of: cpd00091_c is 0.2796891000742878...
Loop41 pFBA...4176.0...Ave likelihood of: cpd00092_c is 0.29327510374292565...
Loop42 pFBA...64141.0...Ave likelihood of: cpd00305_c is 0.14981190464710306...
Loop43 pFBA...13733.0...Ave likelihood of: cpd00220_c is 0.2836302744408083...
Loop44 pFBA...14520.0...Ave likelihood of: cpd00218_c is 0.22394668972492462...
Loop45 pFBA...14538.0...Ave likelihood of: cpd00215_c is 0.31453090977509474...
Loop46 pFBA...28670.0...Ave likelihood of: cpd00104_c is 0.2072792526666541...
Loop47 pFBA...36504.0...Ave likelihood of: cpd00393_c is 0.16980266159067853...
Loop48 pFBA...5699.0...Ave likelihood of: cpd00363_c is 0.5650811581021005...
Loop49 pFBA...8589.0...Ave likelihood of: cpd00281_c is 0.2016419085001769...
Loop50 pFBA...3983.0...Ave likelihood of: cpd00025_c is 0.3112634204609352...
Loop51 pFBA...19604.0...Ave likelihood of: cpd00811_c is 0.2592121870519591...
Loop52 pFBA...5420.0...Ave likelihood of: cpd00714_c is 0.37083623088143003...
Loop53 pFBA...5562.0...Ave likelihood of: cpd00117_c is 0.4727701385147341...
Loop54 pFBA...6841.0...Ave likelihood of: cpd00186_c is 0.359851302978676...
Loop55 pFBA...21645.0...Ave likelihood of: cpd00637_c is 0.2778335210620529...
Loop56 pFBA...6494.0...Ave likelihood of: cpd00550_c is 0.30694798830880154...
Loop57 pFBA...4056.0...Ave likelihood of: cpd00033_c is 0.2430700331300499...
Loop58 pFBA...5441.0...Ave likelihood of: cpd00035_c is 0.4727701385147341...
Loop59 pFBA...18381.0...Ave likelihood of: cpd00051_c is 0.23270091165920187...
Loop60 pFBA...8189.0...Ave likelihood of: cpd00132_c is 0.16656932370877284...
Loop61 pFBA...5269.0...Ave likelihood of: cpd00041_c is 0.20479514547670874...
Loop62 pFBA...13753.0...Ave likelihood of: cpd00084_c is 0.2477300552346453...
Loop63 pFBA...6592.0...Ave likelihood of: cpd00023_c is 0.281549980630481...
Loop64 pFBA...9326.0...Ave likelihood of: cpd00053_c is 0.2678869651197089...
Loop65 pFBA...16691.0...Ave likelihood of: cpd00119_c is 0.3155553321364495...
Loop66 pFBA...16756.0...Ave likelihood of: cpd00322_c is 0.23985510189426573...
Loop67 pFBA...14213.0...Ave likelihood of: cpd00107_c is 0.26386029218522483...
Loop68 pFBA...17969.0...Ave likelihood of: cpd00039_c is 0.27627863720028234...
Loop69 pFBA...20645.0...Ave likelihood of: cpd00060_c is 0.28118091288207764...
Loop70 pFBA...21467.0...Ave likelihood of: cpd00066_c is 0.2289010208974116...
Loop71 pFBA...10265.0...Ave likelihood of: cpd00129_c is 0.2031564934159637...
Loop72 pFBA...5494.0...Ave likelihood of: cpd00054_c is 0.30694798830880154...
Loop73 pFBA...7653.0...Ave likelihood of: cpd00161_c is 0.3451885913549258...
Loop74 pFBA...27989.0...Ave likelihood of: cpd00065_c is 0.23108877953475845...
Loop75 pFBA...18866.0...Ave likelihood of: cpd00069_c is 0.23768190837234313...
Loop76 pFBA...7671.0...Ave likelihood of: cpd00156_c is 0.3329543501723334...
Loop77 pFBA...24527.0...Ave likelihood of: cpd00098_c is 0.26376685333240557...
Loop78 pFBA...14624.0...Ave likelihood of: cpd00274_c is 0.16687620635292427...
Loop79 pFBA...6633.0...Ave likelihood of: cpd00226_c is 0.3257382689485532...
Loop80 pFBA...4798.0...Ave likelihood of: cpd00246_c is 0.3554959941676913...
Loop81 pFBA...20830.0...Ave likelihood of: cpd00374_c is 0.22125639883252765...
Loop82 pFBA...5079.0...Ave likelihood of: cpd00221_c is 0.34224260259496586...
Loop83 pFBA...4340.0...Ave likelihood of: cpd00159_c is 0.3759918705478399...
Loop84 pFBA...10516.0...Ave likelihood of: cpd00211_c is 0.21375964212724863...
Loop85 pFBA...3766.0...Ave likelihood of: cpd00047_c is 0.2191106246696403...
Loop86 pFBA...5009.0...Ave likelihood of: cpd00106_c is 0.16843191320671466...
Loop87 pFBA...7730.0...Ave likelihood of: cpd00141_c is 0.324116809061466...
Loop88 pFBA...20267.0...Ave likelihood of: cpd00216_c is 0.22600988989850904...
Loop89 pFBA...4803.0...Ave likelihood of: cpd00036_c is 0.22806541147079784...
Loop90 pFBA...17175.0...Ave likelihood of: cpd00581_c is 0.3053247865800185...
Loop91 pFBA...4748.0...Ave likelihood of: cpd00128_c is 0.22552889670300952...
Loop92 pFBA...5863.0...Ave likelihood of: cpd00018_c is 0.2796891000742878...
Loop93 pFBA...5863.0...Ave likelihood of: cpd00091_c is 0.2796891000742878...
Loop94 pFBA...4176.0...Ave likelihood of: cpd00092_c is 0.29327510374292565...
Loop95 pFBA...64225.0...Ave likelihood of: cpd00305_c is 0.13391943272408427...
Loop96 pFBA...14163.0...Ave likelihood of: cpd00220_c is 0.16518545250275438...
Loop97 pFBA...14716.0...Ave likelihood of: cpd00218_c is 0.21023576502402141...
Loop98 pFBA...15066.0...Ave likelihood of: cpd00215_c is 0.34705850183925396...
Loop99 pFBA...28716.0...Ave likelihood of: cpd00104_c is 0.1703734907361435...
Loop100 pFBA...36504.0...Ave likelihood of: cpd00393_c is 0.16980266159067853...
Loop101 pFBA...6415.0...Ave likelihood of: cpd00363_c is 0.3860479058928898...
Loop102 pFBA...8589.0...Ave likelihood of: cpd00281_c is 0.2016419085001769...
Loop103 pFBA...4211.0...Ave likelihood of: cpd00025_c is 0.3360377217073087...
Loop104 pFBA...20480.0...Ave likelihood of: cpd00811_c is 0.3011704078948129...
Loop105 pFBA...6386.0...Ave likelihood of: cpd00714_c is 0.4241985780957938...
Loop106 pFBA...5562.0...Ave likelihood of: cpd00117_c is 0.4727701385147341...
Loop107 pFBA...6841.0...Ave likelihood of: cpd00186_c is 0.359851302978676...
Loop108 pFBA...21543.0...Ave likelihood of: cpd00637_c is 0.24725225320767175...
Loop109 pFBA...6451.0...Ave likelihood of: cpd00550_c is 0.3026277004557358...
Loop110 pFBA...4055.0...Ave likelihood of: cpd00033_c is 0.22829996604303923...
Loop111 pFBA...5441.0...Ave likelihood of: cpd00035_c is 0.4727701385147341...
Loop112 pFBA...18330.0...Ave likelihood of: cpd00051_c is 0.2655721544983655...
Loop113 pFBA...8189.0...Ave likelihood of: cpd00132_c is 0.16656932370877284...
Loop114 pFBA...5269.0...Ave likelihood of: cpd00041_c is 0.20479514547670874...
Loop115 pFBA...13741.0...Ave likelihood of: cpd00084_c is 0.23091982910413056...
Loop116 pFBA...6592.0...Ave likelihood of: cpd00023_c is 0.281549980630481...
Loop117 pFBA...9326.0...Ave likelihood of: cpd00053_c is 0.2678869651197089...
Loop118 pFBA...16691.0...Ave likelihood of: cpd00119_c is 0.3155553321364495...
Loop119 pFBA...16756.0...Ave likelihood of: cpd00322_c is 0.23985510189426573...
Loop120 pFBA...14213.0...Ave likelihood of: cpd00107_c is 0.26386029218522483...
Loop121 pFBA...17807.0...Ave likelihood of: cpd00039_c is 0.29000793229247096...
Loop122 pFBA...20543.0...Ave likelihood of: cpd00060_c is 0.25375889144997893...
Loop123 pFBA...20986.0...Ave likelihood of: cpd00066_c is 0.18747958188872535...
Loop124 pFBA...10265.0...Ave likelihood of: cpd00129_c is 0.2031564934159637...
Loop125 pFBA...5451.0...Ave likelihood of: cpd00054_c is 0.3089324442152303...
Loop126 pFBA...7517.0...Ave likelihood of: cpd00161_c is 0.36869783863178446...
Loop127 pFBA...27989.0...Ave likelihood of: cpd00065_c is 0.23108877953475845...
Loop128 pFBA...18487.0...Ave likelihood of: cpd00069_c is 0.2007397729231673...
Loop129 pFBA...7671.0...Ave likelihood of: cpd00156_c is 0.3329543501723334...
Loop130 pFBA...24108.0...Ave likelihood of: cpd00098_c is 0.24241666778664359...
Loop131 pFBA...14624.0...Ave likelihood of: cpd00274_c is 0.16687620635292427...
Loop132 pFBA...6633.0...Ave likelihood of: cpd00226_c is 0.3257382689485532...
Loop133 pFBA...4640.0...Ave likelihood of: cpd00246_c is 0.22811903852470514...
Loop134 pFBA...20432.0...Ave likelihood of: cpd00374_c is 0.21677604001790593...
Loop135 pFBA...4969.0...Ave likelihood of: cpd00221_c is 0.190685421903874...
Loop136 pFBA...4326.0...Ave likelihood of: cpd00159_c is 0.40788501744517863...
Loop137 pFBA...10490.0...Ave likelihood of: cpd00211_c is 0.3371868207856273...
Loop138 pFBA...3766.0...Ave likelihood of: cpd00047_c is 0.2191106246696403...
Loop139 pFBA...5009.0...Ave likelihood of: cpd00106_c is 0.16843191320671466...
Loop140 pFBA...7678.0...Ave likelihood of: cpd00141_c is 0.37148051149179806...
Loop141 pFBA...19640.0...Ave likelihood of: cpd00216_c is 0.23101919934464388...
Loop142 pFBA...4803.0...Ave likelihood of: cpd00036_c is 0.22806541147079784...
Loop143 pFBA...17175.0...Ave likelihood of: cpd00581_c is 0.3053247865800185...
Loop144 pFBA...4748.0...Ave likelihood of: cpd00128_c is 0.22552889670300952...
Loop145 pFBA...5863.0...Ave likelihood of: cpd00018_c is 0.2796891000742878...
Loop146 pFBA...5863.0...Ave likelihood of: cpd00091_c is 0.2796891000742878...
Loop147 pFBA...4176.0...Ave likelihood of: cpd00092_c is 0.29327510374292565...
Loop148 pFBA...64220.0...Ave likelihood of: cpd00305_c is 0.1426403006945378...
Loop149 pFBA...14024.0...Ave likelihood of: cpd00220_c is 0.27484503389089254...
Loop150 pFBA...14669.0...Ave likelihood of: cpd00218_c is 0.1453067475529634...
Loop151 pFBA...14751.0...Ave likelihood of: cpd00215_c is 0.25245897961818187...
Loop152 pFBA...28708.0...Ave likelihood of: cpd00104_c is 0.1927943601976296...
Loop153 pFBA...36504.0...Ave likelihood of: cpd00393_c is 0.16980266159067853...
Loop154 pFBA...6079.0...Ave likelihood of: cpd00363_c is 0.40263421926690135...
Loop155 pFBA...8589.0...Ave likelihood of: cpd00281_c is 0.2016419085001769...
Loop156 pFBA...4141.0...Ave likelihood of: cpd00025_c is 0.3109864559586821...
Loop157 pFBA...19983.0...Ave likelihood of: cpd00811_c is 0.27173629340035726...
Loop158 pFBA...6165.0...Ave likelihood of: cpd00714_c is 0.29356141310154493...
32.7337310155mins to complete!
