
The following have been reloaded with a version change:
  1) anaconda2/4.4.0 => anaconda2/5.1.0

Loading in models...Adding Water...Remove no-like rxns...Pruned 1 metabolites from model
Pruned 1 reactions from model
Set-up Universal...62.0seconds to complete

Loop0 pFBA...5366.0...Ave likelihood of: cpd00117_c is 0.39463401654345875...
Loop1 pFBA...7601.0...Ave likelihood of: cpd00186_c is 0.23323305413083428...
Loop2 pFBA...22493.0...Ave likelihood of: cpd00637_c is 0.17103767332589015...
Loop3 pFBA...6388.0...Ave likelihood of: cpd00550_c is 0.372541973459215...
Loop4 pFBA...4203.0...Ave likelihood of: cpd00033_c is 0.22483356074198302...
Loop5 pFBA...5238.0...Ave likelihood of: cpd00035_c is 0.39463401654345875...
Loop6 pFBA...18245.0...Ave likelihood of: cpd00051_c is 0.2892663974742835...
Loop7 pFBA...7959.0...Ave likelihood of: cpd00132_c is 0.1908961102100111...
Loop8 pFBA...5463.0...Ave likelihood of: cpd00041_c is 0.2076471401069007...
Loop9 pFBA...13556.0...Ave likelihood of: cpd00084_c is 0.25237979781605147...
Loop10 pFBA...7346.0...Ave likelihood of: cpd00023_c is 0.13088749360226296...
Loop11 pFBA...9678.0...Ave likelihood of: cpd00053_c is 0.16540030166783287...
Loop12 pFBA...21704.0...Ave likelihood of: cpd00119_c is 0.15771183353814852...
Loop13 pFBA...17446.0...Ave likelihood of: cpd00322_c is 0.12577359915975467...
Loop14 pFBA...14905.0...Ave likelihood of: cpd00107_c is 0.1923740160373345...
Loop15 pFBA...20533.0...Ave likelihood of: cpd00039_c is 0.17329304290536188...
Loop16 pFBA...21493.0...Ave likelihood of: cpd00060_c is 0.1730983681852382...
Loop17 pFBA...20761.0...Ave likelihood of: cpd00066_c is 0.2529783566324374...
Loop18 pFBA...10609.0...Ave likelihood of: cpd00129_c is 0.13906297296411368...
Loop19 pFBA...5388.0...Ave likelihood of: cpd00054_c is 0.38873945056613735...
Loop20 pFBA...7931.0...Ave likelihood of: cpd00161_c is 0.3017930725559116...
Loop21 pFBA...29522.0...Ave likelihood of: cpd00065_c is 0.17340152868112413...
Loop22 pFBA...18583.0...Ave likelihood of: cpd00069_c is 0.24586807391790638...
Loop23 pFBA...8731.0...Ave likelihood of: cpd00156_c is 0.21632443869100526...
Loop24 pFBA...24129.0...Ave likelihood of: cpd00098_c is 0.21100114503446474...
Loop25 pFBA...14852.0...Ave likelihood of: cpd00274_c is 0.35126733714570535...
Loop26 pFBA...6561.0...Ave likelihood of: cpd00226_c is 0.38647496269952153...
Loop27 pFBA...4580.0...Ave likelihood of: cpd00246_c is 0.3929367324492635...
Loop28 pFBA...20421.0...Ave likelihood of: cpd00374_c is 0.24399277442364864...
Loop29 pFBA...4148.0...Ave likelihood of: cpd00221_c is 0.3388860741467422...
Loop30 pFBA...3970.0...Ave likelihood of: cpd00159_c is 0.41693101549329786...
Loop31 pFBA...10132.0...Ave likelihood of: cpd00211_c is 0.24837147678884067...
Loop32 pFBA...3958.0...Ave likelihood of: cpd00047_c is 0.31225839645667375...
Loop33 pFBA...5238.0...Ave likelihood of: cpd00106_c is 0.1641097669945021...
Loop34 pFBA...7651.0...Ave likelihood of: cpd00141_c is 0.33389770523611506...
Loop35 pFBA...19725.0...Ave likelihood of: cpd00216_c is 0.29801044336175836...
Loop36 pFBA...5009.0...Ave likelihood of: cpd00036_c is 0.08022701009637177...
Loop37 pFBA...22337.0...Ave likelihood of: cpd00581_c is 0.1346003072088066...
Loop38 pFBA...4901.0...Ave likelihood of: cpd00128_c is 0.2923667117257971...
Loop39 pFBA...6000.0...Ave likelihood of: cpd00018_c is 0.31565657444724066...
Loop40 pFBA...5186.0...Ave likelihood of: cpd00091_c is 0.40928021990709473...
Loop41 pFBA...3564.0...Ave likelihood of: cpd00092_c is 0.37630582178570404...
Loop42 pFBA...63580.0...Ave likelihood of: cpd00305_c is 0.1809389832565214...
Loop43 pFBA...12763.0...Ave likelihood of: cpd00220_c is 0.29875472688075333...
Loop44 pFBA...14670.0...Ave likelihood of: cpd00218_c is 0.1778739326121182...
Loop45 pFBA...14728.0...Ave likelihood of: cpd00215_c is 0.29094153805183753...
Loop46 pFBA...28790.0...Ave likelihood of: cpd00104_c is 0.18156437150752913...
Loop47 pFBA...36418.0...Ave likelihood of: cpd00393_c is 0.15422788801514087...
Loop48 pFBA...6019.0...Ave likelihood of: cpd00363_c is 0.4191862909284535...
Loop49 pFBA...9190.0...Ave likelihood of: cpd00281_c is 0.11567720019099824...
Loop50 pFBA...4106.0...Ave likelihood of: cpd00025_c is 0.26480030077865163...
Loop51 pFBA...20229.0...Ave likelihood of: cpd00811_c is 0.2320185451398677...
Loop52 pFBA...5366.0...Ave likelihood of: cpd00117_c is 0.39463401654345875...
Loop53 pFBA...7601.0...Ave likelihood of: cpd00186_c is 0.23323305413083428...
Loop54 pFBA...22650.0...Ave likelihood of: cpd00637_c is 0.14750564288521406...
Loop55 pFBA...6426.0...Ave likelihood of: cpd00550_c is 0.38017539906848336...
Loop56 pFBA...4203.0...Ave likelihood of: cpd00033_c is 0.22483356074198302...
Loop57 pFBA...5238.0...Ave likelihood of: cpd00035_c is 0.39463401654345875...
Loop58 pFBA...18610.0...Ave likelihood of: cpd00051_c is 0.28947937163007886...
Loop59 pFBA...7959.0...Ave likelihood of: cpd00132_c is 0.1908961102100111...
Loop60 pFBA...5463.0...Ave likelihood of: cpd00041_c is 0.2076471401069007...
Loop61 pFBA...13836.0...Ave likelihood of: cpd00084_c is 0.24864437779151521...
Loop62 pFBA...7346.0...Ave likelihood of: cpd00023_c is 0.13088749360226296...
Loop63 pFBA...9678.0...Ave likelihood of: cpd00053_c is 0.16540030166783287...
Loop64 pFBA...21704.0...Ave likelihood of: cpd00119_c is 0.15771183353814852...
Loop65 pFBA...17446.0...Ave likelihood of: cpd00322_c is 0.12577359915975467...
Loop66 pFBA...14905.0...Ave likelihood of: cpd00107_c is 0.1923740160373345...
Loop67 pFBA...21028.0...Ave likelihood of: cpd00039_c is 0.21492586571557554...
Loop68 pFBA...21650.0...Ave likelihood of: cpd00060_c is 0.15074752514642756...
Loop69 pFBA...21460.0...Ave likelihood of: cpd00066_c is 0.27674728270131554...
Loop70 pFBA...10609.0...Ave likelihood of: cpd00129_c is 0.13906297296411368...
Loop71 pFBA...5426.0...Ave likelihood of: cpd00054_c is 0.4055204256730489...
Loop72 pFBA...8062.0...Ave likelihood of: cpd00161_c is 0.1941680173454298...
Loop73 pFBA...29522.0...Ave likelihood of: cpd00065_c is 0.16963331981457339...
Loop74 pFBA...19024.0...Ave likelihood of: cpd00069_c is 0.2757560354522402...
Loop75 pFBA...8731.0...Ave likelihood of: cpd00156_c is 0.21632443869100526...
Loop76 pFBA...24722.0...Ave likelihood of: cpd00098_c is 0.25895171496645236...
Loop77 pFBA...15262.0...Ave likelihood of: cpd00274_c is 0.21297538302337554...
Loop78 pFBA...6561.0...Ave likelihood of: cpd00226_c is 0.38647496269952153...
Loop79 pFBA...4822.0...Ave likelihood of: cpd00246_c is 0.3547333129116173...
Loop80 pFBA...21135.0...Ave likelihood of: cpd00374_c is 0.2661892892145194...
Loop81 pFBA...4297.0...Ave likelihood of: cpd00221_c is 0.2965107868855192...
Loop82 pFBA...4135.0...Ave likelihood of: cpd00159_c is 0.3147737811544462...
Loop83 pFBA...10160.0...Ave likelihood of: cpd00211_c is 0.13439718939734843...
Loop84 pFBA...4082.0...Ave likelihood of: cpd00047_c is 0.4206338522458152...
Loop85 pFBA...5238.0...Ave likelihood of: cpd00106_c is 0.13892772815955065...
Loop86 pFBA...7795.0...Ave likelihood of: cpd00141_c is 0.19485181214896596...
Loop87 pFBA...20535.0...Ave likelihood of: cpd00216_c is 0.24224498567331898...
Loop88 pFBA...5009.0...Ave likelihood of: cpd00036_c is 0.08022701009637177...
Loop89 pFBA...22337.0...Ave likelihood of: cpd00581_c is 0.13167421357383255...
Loop90 pFBA...4901.0...Ave likelihood of: cpd00128_c is 0.2923667117257971...
Loop91 pFBA...6000.0...Ave likelihood of: cpd00018_c is 0.31565657444724066...
Loop92 pFBA...5186.0...Ave likelihood of: cpd00091_c is 0.40928021990709473...
Loop93 pFBA...3564.0...Ave likelihood of: cpd00092_c is 0.37630582178570404...
Loop94 pFBA...63605.0...Ave likelihood of: cpd00305_c is 0.15661986334480185...
Loop95 pFBA...12825.0...Ave likelihood of: cpd00220_c is 0.23911493845536988...
Loop96 pFBA...14863.0...Ave likelihood of: cpd00218_c is 0.16808830050496767...
Loop97 pFBA...15010.0...Ave likelihood of: cpd00215_c is 0.32668191500382066...
Loop98 pFBA...28844.0...Ave likelihood of: cpd00104_c is 0.1378244938705829...
Loop99 pFBA...36436.0...Ave likelihood of: cpd00393_c is 0.1578313106569253...
Loop100 pFBA...6454.0...Ave likelihood of: cpd00363_c is 0.46720893339541403...
Loop101 pFBA...9190.0...Ave likelihood of: cpd00281_c is 0.11567720019099824...
Loop102 pFBA...4227.0...Ave likelihood of: cpd00025_c is 0.36735768632468496...
Loop103 pFBA...20992.0...Ave likelihood of: cpd00811_c is 0.29016676252832996...
Loop104 pFBA...5366.0...Ave likelihood of: cpd00117_c is 0.39463401654345875...
Loop105 pFBA...7601.0...Ave likelihood of: cpd00186_c is 0.23323305413083428...
Loop106 pFBA...22523.0...Ave likelihood of: cpd00637_c is 0.16878219387182392...
Loop107 pFBA...6414.0...Ave likelihood of: cpd00550_c is 0.29493337856609575...
Loop108 pFBA...4203.0...Ave likelihood of: cpd00033_c is 0.22483356074198302...
Loop109 pFBA...5238.0...Ave likelihood of: cpd00035_c is 0.39463401654345875...
Loop110 pFBA...18325.0...Ave likelihood of: cpd00051_c is 0.2693705685771218...
Loop111 pFBA...7959.0...Ave likelihood of: cpd00132_c is 0.1908961102100111...
Loop112 pFBA...5463.0...Ave likelihood of: cpd00041_c is 0.2076471401069007...
Loop113 pFBA...13755.0...Ave likelihood of: cpd00084_c is 0.2462574254224724...
Loop114 pFBA...7346.0...Ave likelihood of: cpd00023_c is 0.13088749360226296...
Loop115 pFBA...9678.0...Ave likelihood of: cpd00053_c is 0.16538047456668706...
Loop116 pFBA...21704.0...Ave likelihood of: cpd00119_c is 0.15771183353814852...
Loop117 pFBA...17446.0...Ave likelihood of: cpd00322_c is 0.12577359915975467...
Loop118 pFBA...14905.0...Ave likelihood of: cpd00107_c is 0.1923740160373345...
Loop119 pFBA...20686.0...Ave likelihood of: cpd00039_c is 0.19056301426278216...
Loop120 pFBA...21523.0...Ave likelihood of: cpd00060_c is 0.17081571427991818...
Loop121 pFBA...20873.0...Ave likelihood of: cpd00066_c is 0.24421719403323533...
Loop122 pFBA...10609.0...Ave likelihood of: cpd00129_c is 0.13906297296411368...
Loop123 pFBA...5414.0...Ave likelihood of: cpd00054_c is 0.3013449737523152...
Loop124 pFBA...7927.0...Ave likelihood of: cpd00161_c is 0.30220256909715343...
Loop125 pFBA...29522.0...Ave likelihood of: cpd00065_c is 0.1714379295998348...
Loop126 pFBA...18617.0...Ave likelihood of: cpd00069_c is 0.24894421113169563...
Loop127 pFBA...8731.0...Ave likelihood of: cpd00156_c is 0.21632443869100526...
Loop128 pFBA...24123.0...Ave likelihood of: cpd00098_c is 0.1939734681021304...
Loop129 pFBA...15001.0...Ave likelihood of: cpd00274_c is 0.3373549562019767...
Loop130 pFBA...6561.0...Ave likelihood of: cpd00226_c is 0.38647496269952153...
Loop131 pFBA...4604.0...Ave likelihood of: cpd00246_c is 0.3881798743434897...
Loop132 pFBA...20510.0...Ave likelihood of: cpd00374_c is 0.2449499983977961...
Loop133 pFBA...4276.0...Ave likelihood of: cpd00221_c is 0.3381702984129852...
Loop134 pFBA...4093.0...Ave likelihood of: cpd00159_c is 0.33366161918106074...
Loop135 pFBA...10130.0...Ave likelihood of: cpd00211_c is 0.24879768747462305...
Loop136 pFBA...4048.0...Ave likelihood of: cpd00047_c is 0.29260434961123594...
Loop137 pFBA...5238.0...Ave likelihood of: cpd00106_c is 0.13892772815955065...
Loop138 pFBA...7769.0...Ave likelihood of: cpd00141_c is 0.24485821438071767...
Loop139 pFBA...19951.0...Ave likelihood of: cpd00216_c is 0.24680015908824532...
Loop140 pFBA...5009.0...Ave likelihood of: cpd00036_c is 0.08022701009637177...
Loop141 pFBA...22337.0...Ave likelihood of: cpd00581_c is 0.13167421357383255...
Loop142 pFBA...4901.0...Ave likelihood of: cpd00128_c is 0.2923667117257971...
Loop143 pFBA...6000.0...Ave likelihood of: cpd00018_c is 0.31565657444724066...
Loop144 pFBA...5186.0...Ave likelihood of: cpd00091_c is 0.40928021990709473...
Loop145 pFBA...3564.0...Ave likelihood of: cpd00092_c is 0.37630582178570404...
Loop146 pFBA...63582.0...Ave likelihood of: cpd00305_c is 0.17126276600395476...
Loop147 pFBA...12758.0...Ave likelihood of: cpd00220_c is 0.305277972809...
Loop148 pFBA...14762.0...Ave likelihood of: cpd00218_c is 0.18363389402381497...
Loop149 pFBA...14730.0...Ave likelihood of: cpd00215_c is 0.2786300640102697...
Loop150 pFBA...28788.0...Ave likelihood of: cpd00104_c is 0.1706500883337713...
Loop151 pFBA...36418.0...Ave likelihood of: cpd00393_c is 0.15455938521519383...
Loop152 pFBA...6030.0...Ave likelihood of: cpd00363_c is 0.4459925685618502...
Loop153 pFBA...9190.0...Ave likelihood of: cpd00281_c is 0.11567720019099824...
Loop154 pFBA...4141.0...Ave likelihood of: cpd00025_c is 0.33539634545902614...
Loop155 pFBA...20254.0...Ave likelihood of: cpd00811_c is 0.20494952657135035...
33.1453242183mins to complete!
