
The following have been reloaded with a version change:
  1) anaconda2/4.4.0 => anaconda2/5.1.0

Loading in models...Adding Water...Remove no-like rxns...Pruned 1 metabolites from model
Pruned 1 reactions from model
Set-up Universal...64.0seconds to complete

Loop0 pFBA...5526.0...Ave likelihood of: cpd00117_c is 0.40053435066940146...
Loop1 pFBA...7584.0...Ave likelihood of: cpd00186_c is 0.2359484058559568...
Loop2 pFBA...22495.0...Ave likelihood of: cpd00637_c is 0.18525321199198796...
Loop3 pFBA...6516.0...Ave likelihood of: cpd00550_c is 0.25413536706568096...
Loop4 pFBA...4233.0...Ave likelihood of: cpd00033_c is 0.24271644620439373...
Loop5 pFBA...5400.0...Ave likelihood of: cpd00035_c is 0.40053435066940146...
Loop6 pFBA...18756.0...Ave likelihood of: cpd00051_c is 0.20469575304634394...
Loop7 pFBA...8323.0...Ave likelihood of: cpd00132_c is 0.09089415319387686...
Loop8 pFBA...5649.0...Ave likelihood of: cpd00041_c is 0.07708965940527837...
Loop9 pFBA...13765.0...Ave likelihood of: cpd00084_c is 0.24281807939416608...
Loop10 pFBA...7355.0...Ave likelihood of: cpd00023_c is 0.12902593447863048...
Loop11 pFBA...9953.0...Ave likelihood of: cpd00053_c is 0.10166909687109577...
Loop12 pFBA...22362.0...Ave likelihood of: cpd00119_c is 0.1301418246187286...
Loop13 pFBA...17298.0...Ave likelihood of: cpd00322_c is 0.2462599514541182...
Loop14 pFBA...14125.0...Ave likelihood of: cpd00107_c is 0.2540159687323937...
Loop15 pFBA...17353.0...Ave likelihood of: cpd00039_c is 0.25551686607986873...
Loop16 pFBA...21495.0...Ave likelihood of: cpd00060_c is 0.18731158101412118...
Loop17 pFBA...21257.0...Ave likelihood of: cpd00066_c is 0.16620221968830218...
Loop18 pFBA...10577.0...Ave likelihood of: cpd00129_c is 0.14225262825258858...
Loop19 pFBA...5516.0...Ave likelihood of: cpd00054_c is 0.25413536706568096...
Loop20 pFBA...7766.0...Ave likelihood of: cpd00161_c is 0.30596195640978735...
Loop21 pFBA...29652.0...Ave likelihood of: cpd00065_c is 0.12390626978701678...
Loop22 pFBA...19128.0...Ave likelihood of: cpd00069_c is 0.20762407784277634...
Loop23 pFBA...8027.0...Ave likelihood of: cpd00156_c is 0.16676027276905153...
Loop24 pFBA...24267.0...Ave likelihood of: cpd00098_c is 0.18834968529660417...
Loop25 pFBA...15653.0...Ave likelihood of: cpd00274_c is 0.2394768074444279...
Loop26 pFBA...6719.0...Ave likelihood of: cpd00226_c is 0.28795407154734914...
Loop27 pFBA...4632.0...Ave likelihood of: cpd00246_c is 0.27911654601822244...
Loop28 pFBA...21025.0...Ave likelihood of: cpd00374_c is 0.1939011666108193...
Loop29 pFBA...4398.0...Ave likelihood of: cpd00221_c is 0.2891694929455313...
Loop30 pFBA...4215.0...Ave likelihood of: cpd00159_c is 0.3362413891272058...
Loop31 pFBA...10497.0...Ave likelihood of: cpd00211_c is 0.2507338661204873...
Loop32 pFBA...4058.0...Ave likelihood of: cpd00047_c is 0.3506063975915411...
Loop33 pFBA...5307.0...Ave likelihood of: cpd00106_c is 0.05232628474246562...
Loop34 pFBA...7860.0...Ave likelihood of: cpd00141_c is 0.21858220439299125...
Loop35 pFBA...20274.0...Ave likelihood of: cpd00216_c is 0.16319444263343477...
Loop36 pFBA...5016.0...Ave likelihood of: cpd00036_c is 0.08222192204529138...
Loop37 pFBA...22940.0...Ave likelihood of: cpd00581_c is 0.10250766357068337...
Loop38 pFBA...4910.0...Ave likelihood of: cpd00128_c is 0.13844872986575935...
Loop39 pFBA...6080.0...Ave likelihood of: cpd00018_c is 0.1272926788642225...
Loop40 pFBA...5429.0...Ave likelihood of: cpd00091_c is 0.15141091119051092...
Loop41 pFBA...3922.0...Ave likelihood of: cpd00092_c is 0.19220158944332452...
Loop42 pFBA...63463.0...Ave likelihood of: cpd00305_c is 0.12694041710041473...
Loop43 pFBA...13692.0...Ave likelihood of: cpd00220_c is 0.10428356155685274...
Loop44 pFBA...14694.0...Ave likelihood of: cpd00218_c is 0.1168315831249607...
Loop45 pFBA...14710.0...Ave likelihood of: cpd00215_c is 0.20781474522350235...
Loop46 pFBA...28974.0...Ave likelihood of: cpd00104_c is 0.14379071355507883...
Loop47 pFBA...36954.0...Ave likelihood of: cpd00393_c is 0.1689574714434626...
Loop48 pFBA...6226.0...Ave likelihood of: cpd00363_c is 0.4051777315626101...
Loop49 pFBA...9355.0...Ave likelihood of: cpd00281_c is 0.09216138177045034...
Loop50 pFBA...4157.0...Ave likelihood of: cpd00025_c is 0.24904885562591808...
Loop51 pFBA...20337.0...Ave likelihood of: cpd00811_c is 0.22389578933454554...
Loop52 pFBA...5526.0...Ave likelihood of: cpd00117_c is 0.40053435066940146...
Loop53 pFBA...7584.0...Ave likelihood of: cpd00186_c is 0.2359484058559568...
Loop54 pFBA...22565.0...Ave likelihood of: cpd00637_c is 0.17474943203685112...
Loop55 pFBA...6538.0...Ave likelihood of: cpd00550_c is 0.29945010062017635...
Loop56 pFBA...4233.0...Ave likelihood of: cpd00033_c is 0.24271644620439373...
Loop57 pFBA...5400.0...Ave likelihood of: cpd00035_c is 0.40053435066940146...
Loop58 pFBA...18969.0...Ave likelihood of: cpd00051_c is 0.2225846975807761...
Loop59 pFBA...8323.0...Ave likelihood of: cpd00132_c is 0.09089415319387686...
Loop60 pFBA...5649.0...Ave likelihood of: cpd00041_c is 0.07965931471878765...
Loop61 pFBA...13963.0...Ave likelihood of: cpd00084_c is 0.20260142746313578...
Loop62 pFBA...7355.0...Ave likelihood of: cpd00023_c is 0.12902593447863048...
Loop63 pFBA...9953.0...Ave likelihood of: cpd00053_c is 0.10166909687109577...
Loop64 pFBA...22362.0...Ave likelihood of: cpd00119_c is 0.1301418246187286...
Loop65 pFBA...17302.0...Ave likelihood of: cpd00322_c is 0.16875193688960194...
Loop66 pFBA...14125.0...Ave likelihood of: cpd00107_c is 0.2540159687323937...
Loop67 pFBA...17462.0...Ave likelihood of: cpd00039_c is 0.2865004869583863...
Loop68 pFBA...21565.0...Ave likelihood of: cpd00060_c is 0.17673522103726988...
Loop69 pFBA...21876.0...Ave likelihood of: cpd00066_c is 0.1243343926723738...
Loop70 pFBA...10577.0...Ave likelihood of: cpd00129_c is 0.14225262825258858...
Loop71 pFBA...5538.0...Ave likelihood of: cpd00054_c is 0.3224847237448053...
Loop72 pFBA...7857.0...Ave likelihood of: cpd00161_c is 0.2341949574038777...
Loop73 pFBA...29652.0...Ave likelihood of: cpd00065_c is 0.12567635935540275...
Loop74 pFBA...19578.0...Ave likelihood of: cpd00069_c is 0.19669315973261842...
Loop75 pFBA...8027.0...Ave likelihood of: cpd00156_c is 0.16676027276905153...
Loop76 pFBA...24606.0...Ave likelihood of: cpd00098_c is 0.13208544594172317...
Loop77 pFBA...15744.0...Ave likelihood of: cpd00274_c is 0.20202813323509206...
Loop78 pFBA...6719.0...Ave likelihood of: cpd00226_c is 0.28795407154734914...
Loop79 pFBA...4939.0...Ave likelihood of: cpd00246_c is 0.24926019291056223...
Loop80 pFBA...21773.0...Ave likelihood of: cpd00374_c is 0.17288741615414466...
Loop81 pFBA...4485.0...Ave likelihood of: cpd00221_c is 0.28496679370267847...
Loop82 pFBA...4296.0...Ave likelihood of: cpd00159_c is 0.29483288152341247...
Loop83 pFBA...10614.0...Ave likelihood of: cpd00211_c is 0.1471549839900062...
Loop84 pFBA...4173.0...Ave likelihood of: cpd00047_c is 0.2992132561645524...
Loop85 pFBA...5307.0...Ave likelihood of: cpd00106_c is 0.05232628474246562...
Loop86 pFBA...7930.0...Ave likelihood of: cpd00141_c is 0.18528294882067714...
Loop87 pFBA...20668.0...Ave likelihood of: cpd00216_c is 0.1687208098371592...
Loop88 pFBA...5016.0...Ave likelihood of: cpd00036_c is 0.08222192204529138...
Loop89 pFBA...22940.0...Ave likelihood of: cpd00581_c is 0.10250766357068337...
Loop90 pFBA...4910.0...Ave likelihood of: cpd00128_c is 0.13844872986575935...
Loop91 pFBA...6080.0...Ave likelihood of: cpd00018_c is 0.1272926788642225...
Loop92 pFBA...5429.0...Ave likelihood of: cpd00091_c is 0.15141091119051092...
Loop93 pFBA...3922.0...Ave likelihood of: cpd00092_c is 0.19220158944332452...
Loop94 pFBA...63463.0...Ave likelihood of: cpd00305_c is 0.12575405806209314...
Loop95 pFBA...13692.0...Ave likelihood of: cpd00220_c is 0.10428356155685274...
Loop96 pFBA...14694.0...Ave likelihood of: cpd00218_c is 0.1168315831249607...
Loop97 pFBA...15216.0...Ave likelihood of: cpd00215_c is 0.18104145770413937...
Loop98 pFBA...29054.0...Ave likelihood of: cpd00104_c is 0.13348444068244822...
Loop99 pFBA...36954.0...Ave likelihood of: cpd00393_c is 0.16599330527778786...
Loop100 pFBA...6596.0...Ave likelihood of: cpd00363_c is 0.3084401634237519...
Loop101 pFBA...9355.0...Ave likelihood of: cpd00281_c is 0.09216138177045034...
Loop102 pFBA...4281.0...Ave likelihood of: cpd00025_c is 0.2868306050566166...
Loop103 pFBA...21291.0...Ave likelihood of: cpd00811_c is 0.16042003416430012...
Loop104 pFBA...5526.0...Ave likelihood of: cpd00117_c is 0.40053435066940146...
Loop105 pFBA...7584.0...Ave likelihood of: cpd00186_c is 0.2359484058559568...
Loop106 pFBA...22441.0...Ave likelihood of: cpd00637_c is 0.19624097159481152...
Loop107 pFBA...6538.0...Ave likelihood of: cpd00550_c is 0.29945010062017635...
Loop108 pFBA...4233.0...Ave likelihood of: cpd00033_c is 0.24271644620439373...
Loop109 pFBA...5400.0...Ave likelihood of: cpd00035_c is 0.40053435066940146...
Loop110 pFBA...18764.0...Ave likelihood of: cpd00051_c is 0.22571129635012574...
Loop111 pFBA...8323.0...Ave likelihood of: cpd00132_c is 0.09089415319387686...
Loop112 pFBA...5649.0...Ave likelihood of: cpd00041_c is 0.07708965940527837...
Loop113 pFBA...13910.0...Ave likelihood of: cpd00084_c is 0.22934716645256267...
Loop114 pFBA...7355.0...Ave likelihood of: cpd00023_c is 0.12902593447863048...
Loop115 pFBA...9953.0...Ave likelihood of: cpd00053_c is 0.10168737266919474...
Loop116 pFBA...22362.0...Ave likelihood of: cpd00119_c is 0.1301418246187286...
Loop117 pFBA...17288.0...Ave likelihood of: cpd00322_c is 0.2591908408367552...
Loop118 pFBA...14125.0...Ave likelihood of: cpd00107_c is 0.2540159687323937...
Loop119 pFBA...17381.0...Ave likelihood of: cpd00039_c is 0.2658635955933769...
Loop120 pFBA...21441.0...Ave likelihood of: cpd00060_c is 0.19842142683475383...
Loop121 pFBA...21135.0...Ave likelihood of: cpd00066_c is 0.16551107913440607...
Loop122 pFBA...10577.0...Ave likelihood of: cpd00129_c is 0.14225262825258858...
Loop123 pFBA...5538.0...Ave likelihood of: cpd00054_c is 0.3224847237448053...
Loop124 pFBA...7764.0...Ave likelihood of: cpd00161_c is 0.2945194278062001...
Loop125 pFBA...29652.0...Ave likelihood of: cpd00065_c is 0.12140303466117805...
Loop126 pFBA...19019.0...Ave likelihood of: cpd00069_c is 0.20003476685841537...
Loop127 pFBA...8027.0...Ave likelihood of: cpd00156_c is 0.16676027276905153...
Loop128 pFBA...24157.0...Ave likelihood of: cpd00098_c is 0.20323358908502168...
Loop129 pFBA...15729.0...Ave likelihood of: cpd00274_c is 0.30779156137062746...
Loop130 pFBA...6719.0...Ave likelihood of: cpd00226_c is 0.28795407154734914...
Loop131 pFBA...4595.0...Ave likelihood of: cpd00246_c is 0.2933182921163318...
Loop132 pFBA...20889.0...Ave likelihood of: cpd00374_c is 0.18960679778952438...
Loop133 pFBA...4422.0...Ave likelihood of: cpd00221_c is 0.29844818059804823...
Loop134 pFBA...4249.0...Ave likelihood of: cpd00159_c is 0.30667945544607317...
Loop135 pFBA...10476.0...Ave likelihood of: cpd00211_c is 0.2561145918501948...
Loop136 pFBA...4140.0...Ave likelihood of: cpd00047_c is 0.3539068077179623...
Loop137 pFBA...5307.0...Ave likelihood of: cpd00106_c is 0.054014229411577415...
Loop138 pFBA...7922.0...Ave likelihood of: cpd00141_c is 0.29451209858514155...
Loop139 pFBA...20072.0...Ave likelihood of: cpd00216_c is 0.1569326746591338...
Loop140 pFBA...5016.0...Ave likelihood of: cpd00036_c is 0.08222192204529138...
Loop141 pFBA...22940.0...Ave likelihood of: cpd00581_c is 0.10250766357068337...
Loop142 pFBA...4910.0...Ave likelihood of: cpd00128_c is 0.13844872986575935...
Loop143 pFBA...6080.0...Ave likelihood of: cpd00018_c is 0.1272926788642225...
Loop144 pFBA...5429.0...Ave likelihood of: cpd00091_c is 0.15141091119051092...
Loop145 pFBA...3922.0...Ave likelihood of: cpd00092_c is 0.19220158944332452...
Loop146 pFBA...63458.0...Ave likelihood of: cpd00305_c is 0.12751589656197693...
Loop147 pFBA...13692.0...Ave likelihood of: cpd00220_c is 0.10428356155685274...
Loop148 pFBA...14694.0...Ave likelihood of: cpd00218_c is 0.11874685497946826...
Loop149 pFBA...14606.0...Ave likelihood of: cpd00215_c is 0.21440389545722288...
Loop150 pFBA...29016.0...Ave likelihood of: cpd00104_c is 0.17937738198782927...
Loop151 pFBA...36954.0...Ave likelihood of: cpd00393_c is 0.16599330527778783...
Loop152 pFBA...6209.0...Ave likelihood of: cpd00363_c is 0.4305609469937406...
Loop153 pFBA...9355.0...Ave likelihood of: cpd00281_c is 0.09216138177045034...
Loop154 pFBA...4124.0...Ave likelihood of: cpd00025_c is 0.2595426874796211...
Loop155 pFBA...20196.0...Ave likelihood of: cpd00811_c is 0.2315534504169775...
32.5903582493mins to complete!
