
The following have been reloaded with a version change:
  1) anaconda2/4.4.0 => anaconda2/5.1.0

Loading in models...Adding Water...Remove no-like rxns...Pruned 1 metabolites from model
Pruned 1 reactions from model
Set-up Universal...63.0seconds to complete

Loop0 pFBA...5325.0...Ave likelihood of: cpd00117_c is 0.30726337404995635...
Loop1 pFBA...7121.0...Ave likelihood of: cpd00186_c is 0.3132442293582838...
Loop2 pFBA...21727.0...Ave likelihood of: cpd00637_c is 0.25083797535771957...
Loop3 pFBA...6393.0...Ave likelihood of: cpd00550_c is 0.4256241706346758...
Loop4 pFBA...4108.0...Ave likelihood of: cpd00033_c is 0.22316175567630817...
Loop5 pFBA...5219.0...Ave likelihood of: cpd00035_c is 0.30726337404995635...
Loop6 pFBA...17943.0...Ave likelihood of: cpd00051_c is 0.2531918047298485...
Loop7 pFBA...8185.0...Ave likelihood of: cpd00132_c is 0.15099705202186264...
Loop8 pFBA...5314.0...Ave likelihood of: cpd00041_c is 0.17170940788494757...
Loop9 pFBA...13522.0...Ave likelihood of: cpd00084_c is 0.28270218189947893...
Loop10 pFBA...6628.0...Ave likelihood of: cpd00023_c is 0.2743896875436361...
Loop11 pFBA...9268.0...Ave likelihood of: cpd00053_c is 0.18478473812657226...
Loop12 pFBA...15583.0...Ave likelihood of: cpd00119_c is 0.3212257635271659...
Loop13 pFBA...17014.0...Ave likelihood of: cpd00322_c is 0.2382942891028112...
Loop14 pFBA...14097.0...Ave likelihood of: cpd00107_c is 0.27654079381493973...
Loop15 pFBA...16940.0...Ave likelihood of: cpd00039_c is 0.2910351336139231...
Loop16 pFBA...20727.0...Ave likelihood of: cpd00060_c is 0.2540956114013263...
Loop17 pFBA...20942.0...Ave likelihood of: cpd00066_c is 0.27273531011798424...
Loop18 pFBA...10270.0...Ave likelihood of: cpd00129_c is 0.31082940577941015...
Loop19 pFBA...5393.0...Ave likelihood of: cpd00054_c is 0.46431727705600995...
Loop20 pFBA...7674.0...Ave likelihood of: cpd00161_c is 0.3421828641466388...
Loop21 pFBA...26646.0...Ave likelihood of: cpd00065_c is 0.2071835845376447...
Loop22 pFBA...18430.0...Ave likelihood of: cpd00069_c is 0.2229077695501286...
Loop23 pFBA...7956.0...Ave likelihood of: cpd00156_c is 0.2844288151442704...
Loop24 pFBA...24156.0...Ave likelihood of: cpd00098_c is 0.2125697557602442...
Loop25 pFBA...14613.0...Ave likelihood of: cpd00274_c is 0.24613033748513324...
Loop26 pFBA...6130.0...Ave likelihood of: cpd00226_c is 0.3348806867033159...
Loop27 pFBA...4627.0...Ave likelihood of: cpd00246_c is 0.393506890278119...
Loop28 pFBA...20279.0...Ave likelihood of: cpd00374_c is 0.2563442561167037...
Loop29 pFBA...4254.0...Ave likelihood of: cpd00221_c is 0.435153131994269...
Loop30 pFBA...4072.0...Ave likelihood of: cpd00159_c is 0.3854182517570437...
Loop31 pFBA...10266.0...Ave likelihood of: cpd00211_c is 0.3226603787423658...
Loop32 pFBA...3613.0...Ave likelihood of: cpd00047_c is 0.37544942913932466...
Loop33 pFBA...4995.0...Ave likelihood of: cpd00106_c is 0.17512771546078293...
Loop34 pFBA...7672.0...Ave likelihood of: cpd00141_c is 0.4577234850053459...
Loop35 pFBA...20059.0...Ave likelihood of: cpd00216_c is 0.27208919923540253...
Loop36 pFBA...4762.0...Ave likelihood of: cpd00036_c is 0.22485259985422346...
Loop37 pFBA...16189.0...Ave likelihood of: cpd00581_c is 0.33236968294833436...
Loop38 pFBA...4256.0...Ave likelihood of: cpd00128_c is 0.36306477531545633...
Loop39 pFBA...5763.0...Ave likelihood of: cpd00018_c is 0.39318780718913227...
Loop40 pFBA...5091.0...Ave likelihood of: cpd00091_c is 0.379085920214948...
Loop41 pFBA...4159.0...Ave likelihood of: cpd00092_c is 0.38992307775433654...
Loop42 pFBA...61471.0...Ave likelihood of: cpd00305_c is 0.22518334708856522...
Loop43 pFBA...13415.0...Ave likelihood of: cpd00220_c is 0.28075617564211597...
Loop44 pFBA...14444.0...Ave likelihood of: cpd00218_c is 0.17569545564826447...
Loop45 pFBA...13604.0...Ave likelihood of: cpd00215_c is 0.3270614510189956...
Loop46 pFBA...28046.0...Ave likelihood of: cpd00104_c is 0.17378149460150885...
Loop47 pFBA...36276.0...Ave likelihood of: cpd00393_c is 0.2145474817121454...
Loop48 pFBA...6195.0...Ave likelihood of: cpd00363_c is 0.44377393298425644...
Loop49 pFBA...8628.0...Ave likelihood of: cpd00281_c is 0.19599263395974004...
Loop50 pFBA...4107.0...Ave likelihood of: cpd00025_c is 0.3897924871497524...
Loop51 pFBA...20384.0...Ave likelihood of: cpd00811_c is 0.19575058047422622...
Loop52 pFBA...5325.0...Ave likelihood of: cpd00117_c is 0.30726337404995635...
Loop53 pFBA...7121.0...Ave likelihood of: cpd00186_c is 0.3132442293582838...
Loop54 pFBA...21727.0...Ave likelihood of: cpd00637_c is 0.25083797535771957...
Loop55 pFBA...6393.0...Ave likelihood of: cpd00550_c is 0.4256241706346758...
Loop56 pFBA...4108.0...Ave likelihood of: cpd00033_c is 0.22316175567630817...
Loop57 pFBA...5219.0...Ave likelihood of: cpd00035_c is 0.30726337404995635...
Loop58 pFBA...18158.0...Ave likelihood of: cpd00051_c is 0.2531852784878735...
Loop59 pFBA...8185.0...Ave likelihood of: cpd00132_c is 0.15099705202186264...
Loop60 pFBA...5314.0...Ave likelihood of: cpd00041_c is 0.17170940788494757...
Loop61 pFBA...13557.0...Ave likelihood of: cpd00084_c is 0.2694414474286929...
Loop62 pFBA...6628.0...Ave likelihood of: cpd00023_c is 0.2743896875436361...
Loop63 pFBA...9268.0...Ave likelihood of: cpd00053_c is 0.18478473812657226...
Loop64 pFBA...15583.0...Ave likelihood of: cpd00119_c is 0.3212257635271659...
Loop65 pFBA...17014.0...Ave likelihood of: cpd00322_c is 0.2382942891028112...
Loop66 pFBA...14097.0...Ave likelihood of: cpd00107_c is 0.27654079381493973...
Loop67 pFBA...17327.0...Ave likelihood of: cpd00039_c is 0.26327780680056906...
Loop68 pFBA...20727.0...Ave likelihood of: cpd00060_c is 0.2540956114013263...
Loop69 pFBA...21172.0...Ave likelihood of: cpd00066_c is 0.2626404387270281...
Loop70 pFBA...10270.0...Ave likelihood of: cpd00129_c is 0.31082940577941015...
Loop71 pFBA...5393.0...Ave likelihood of: cpd00054_c is 0.46431727705600995...
Loop72 pFBA...7715.0...Ave likelihood of: cpd00161_c is 0.3514517935005304...
Loop73 pFBA...26646.0...Ave likelihood of: cpd00065_c is 0.2071835845376447...
Loop74 pFBA...18624.0...Ave likelihood of: cpd00069_c is 0.250615862417761...
Loop75 pFBA...7956.0...Ave likelihood of: cpd00156_c is 0.2844288151442704...
Loop76 pFBA...24312.0...Ave likelihood of: cpd00098_c is 0.1803078977268552...
Loop77 pFBA...14713.0...Ave likelihood of: cpd00274_c is 0.16378651781284614...
Loop78 pFBA...6130.0...Ave likelihood of: cpd00226_c is 0.3348806867033159...
Loop79 pFBA...4829.0...Ave likelihood of: cpd00246_c is 0.2082580386284291...
Loop80 pFBA...20812.0...Ave likelihood of: cpd00374_c is 0.24670241572782703...
Loop81 pFBA...4311.0...Ave likelihood of: cpd00221_c is 0.2558284482107944...
Loop82 pFBA...4111.0...Ave likelihood of: cpd00159_c is 0.31444692874940844...
Loop83 pFBA...10267.0...Ave likelihood of: cpd00211_c is 0.25007183855878234...
Loop84 pFBA...3637.0...Ave likelihood of: cpd00047_c is 0.42375282326021724...
Loop85 pFBA...4995.0...Ave likelihood of: cpd00106_c is 0.17512771546078293...
Loop86 pFBA...7690.0...Ave likelihood of: cpd00141_c is 0.29731825361463843...
Loop87 pFBA...20245.0...Ave likelihood of: cpd00216_c is 0.25531476700940403...
Loop88 pFBA...4762.0...Ave likelihood of: cpd00036_c is 0.22485259985422346...
Loop89 pFBA...16189.0...Ave likelihood of: cpd00581_c is 0.33236968294833436...
Loop90 pFBA...4256.0...Ave likelihood of: cpd00128_c is 0.36306477531545633...
Loop91 pFBA...5763.0...Ave likelihood of: cpd00018_c is 0.39318780718913227...
Loop92 pFBA...5091.0...Ave likelihood of: cpd00091_c is 0.379085920214948...
Loop93 pFBA...4159.0...Ave likelihood of: cpd00092_c is 0.38992307775433654...
Loop94 pFBA...61471.0...Ave likelihood of: cpd00305_c is 0.22518334708856527...
Loop95 pFBA...13415.0...Ave likelihood of: cpd00220_c is 0.2731681708950317...
Loop96 pFBA...14521.0...Ave likelihood of: cpd00218_c is 0.17867771271025898...
Loop97 pFBA...14036.0...Ave likelihood of: cpd00215_c is 0.298756988938277...
Loop98 pFBA...28046.0...Ave likelihood of: cpd00104_c is 0.17768669672738543...
Loop99 pFBA...36276.0...Ave likelihood of: cpd00393_c is 0.2145474817121454...
Loop100 pFBA...6469.0...Ave likelihood of: cpd00363_c is 0.4526346586592431...
Loop101 pFBA...8628.0...Ave likelihood of: cpd00281_c is 0.19599263395974004...
Loop102 pFBA...4181.0...Ave likelihood of: cpd00025_c is 0.32236568933280013...
Loop103 pFBA...20764.0...Ave likelihood of: cpd00811_c is 0.19483458784811264...
Loop104 pFBA...5325.0...Ave likelihood of: cpd00117_c is 0.30726337404995635...
Loop105 pFBA...7121.0...Ave likelihood of: cpd00186_c is 0.3132442293582838...
Loop106 pFBA...21727.0...Ave likelihood of: cpd00637_c is 0.25083797535771957...
Loop107 pFBA...6393.0...Ave likelihood of: cpd00550_c is 0.4256241706346758...
Loop108 pFBA...4108.0...Ave likelihood of: cpd00033_c is 0.22316175567630817...
Loop109 pFBA...5219.0...Ave likelihood of: cpd00035_c is 0.30726337404995635...
Loop110 pFBA...17860.0...Ave likelihood of: cpd00051_c is 0.27971180619054453...
Loop111 pFBA...8185.0...Ave likelihood of: cpd00132_c is 0.15099705202186264...
Loop112 pFBA...5314.0...Ave likelihood of: cpd00041_c is 0.17170940788494757...
Loop113 pFBA...13522.0...Ave likelihood of: cpd00084_c is 0.2998185116627317...
Loop114 pFBA...6628.0...Ave likelihood of: cpd00023_c is 0.2743896875436361...
Loop115 pFBA...9268.0...Ave likelihood of: cpd00053_c is 0.18478473812657226...
Loop116 pFBA...15583.0...Ave likelihood of: cpd00119_c is 0.3212257635271659...
Loop117 pFBA...17014.0...Ave likelihood of: cpd00322_c is 0.2382942891028112...
Loop118 pFBA...14097.0...Ave likelihood of: cpd00107_c is 0.27654079381493973...
Loop119 pFBA...17114.0...Ave likelihood of: cpd00039_c is 0.2700905862378333...
Loop120 pFBA...20727.0...Ave likelihood of: cpd00060_c is 0.2540956114013263...
Loop121 pFBA...20760.0...Ave likelihood of: cpd00066_c is 0.2771804336118785...
Loop122 pFBA...10270.0...Ave likelihood of: cpd00129_c is 0.31082940577941015...
Loop123 pFBA...5393.0...Ave likelihood of: cpd00054_c is 0.46431727705600995...
Loop124 pFBA...7633.0...Ave likelihood of: cpd00161_c is 0.3551940978187094...
Loop125 pFBA...26646.0...Ave likelihood of: cpd00065_c is 0.2071835845376447...
Loop126 pFBA...18278.0...Ave likelihood of: cpd00069_c is 0.23697085599187095...
Loop127 pFBA...7956.0...Ave likelihood of: cpd00156_c is 0.2844288151442704...
Loop128 pFBA...24031.0...Ave likelihood of: cpd00098_c is 0.206325914128144...
Loop129 pFBA...14682.0...Ave likelihood of: cpd00274_c is 0.2457095310702281...
Loop130 pFBA...6130.0...Ave likelihood of: cpd00226_c is 0.3348806867033159...
Loop131 pFBA...4554.0...Ave likelihood of: cpd00246_c is 0.3579975373224528...
Loop132 pFBA...20088.0...Ave likelihood of: cpd00374_c is 0.26178332103607527...
Loop133 pFBA...4276.0...Ave likelihood of: cpd00221_c is 0.33511616785640147...
Loop134 pFBA...4087.0...Ave likelihood of: cpd00159_c is 0.3649850615219932...
Loop135 pFBA...10250.0...Ave likelihood of: cpd00211_c is 0.35241236449700103...
Loop136 pFBA...3637.0...Ave likelihood of: cpd00047_c is 0.42375282326021724...
Loop137 pFBA...4995.0...Ave likelihood of: cpd00106_c is 0.17512771546078293...
Loop138 pFBA...7636.0...Ave likelihood of: cpd00141_c is 0.3648328182614757...
Loop139 pFBA...19771.0...Ave likelihood of: cpd00216_c is 0.2707423351023453...
Loop140 pFBA...4762.0...Ave likelihood of: cpd00036_c is 0.22485259985422346...
Loop141 pFBA...16189.0...Ave likelihood of: cpd00581_c is 0.33236968294833436...
Loop142 pFBA...4256.0...Ave likelihood of: cpd00128_c is 0.36306477531545633...
Loop143 pFBA...5763.0...Ave likelihood of: cpd00018_c is 0.39318780718913227...
Loop144 pFBA...5091.0...Ave likelihood of: cpd00091_c is 0.3679363343262731...
Loop145 pFBA...4159.0...Ave likelihood of: cpd00092_c is 0.38992307775433654...
Loop146 pFBA...61449.0...Ave likelihood of: cpd00305_c is 0.21694819106582647...
Loop147 pFBA...13415.0...Ave likelihood of: cpd00220_c is 0.28959460399660075...
Loop148 pFBA...14371.0...Ave likelihood of: cpd00218_c is 0.19796607518160683...
Loop149 pFBA...13373.0...Ave likelihood of: cpd00215_c is 0.40542870215015164...
Loop150 pFBA...28046.0...Ave likelihood of: cpd00104_c is 0.17768669672738543...
Loop151 pFBA...36276.0...Ave likelihood of: cpd00393_c is 0.21712878857920834...
Loop152 pFBA...6039.0...Ave likelihood of: cpd00363_c is 0.47214229362737575...
Loop153 pFBA...8628.0...Ave likelihood of: cpd00281_c is 0.19599263395974004...
Loop154 pFBA...4056.0...Ave likelihood of: cpd00025_c is 0.39849324891645765...
Loop155 pFBA...20146.0...Ave likelihood of: cpd00811_c is 0.2133671925155211...
32.6380582492mins to complete!
