
The following have been reloaded with a version change:
  1) anaconda2/4.4.0 => anaconda2/5.1.0

Loading in models...Adding Water...Remove no-like rxns...Pruned 1 metabolites from model
Pruned 1 reactions from model
Set-up Universal...62.0seconds to complete

Loop0 pFBA...5411.0...Ave likelihood of: cpd00117_c is 0.39086497473138376...
Loop1 pFBA...7647.0...Ave likelihood of: cpd00186_c is 0.22544874535690554...
Loop2 pFBA...22401.0...Ave likelihood of: cpd00637_c is 0.1849871831469814...
Loop3 pFBA...6429.0...Ave likelihood of: cpd00550_c is 0.2944108695279145...
Loop4 pFBA...4237.0...Ave likelihood of: cpd00033_c is 0.22522511349690447...
Loop5 pFBA...5283.0...Ave likelihood of: cpd00035_c is 0.39086497473138376...
Loop6 pFBA...18152.0...Ave likelihood of: cpd00051_c is 0.35325614534877225...
Loop7 pFBA...8032.0...Ave likelihood of: cpd00132_c is 0.17255075785368032...
Loop8 pFBA...5535.0...Ave likelihood of: cpd00041_c is 0.1322442041742492...
Loop9 pFBA...13609.0...Ave likelihood of: cpd00084_c is 0.32896774043030486...
Loop10 pFBA...7391.0...Ave likelihood of: cpd00023_c is 0.12188649235649089...
Loop11 pFBA...9723.0...Ave likelihood of: cpd00053_c is 0.16426268905320704...
Loop12 pFBA...21200.0...Ave likelihood of: cpd00119_c is 0.1349480294398147...
Loop13 pFBA...17467.0...Ave likelihood of: cpd00322_c is 0.1245148204028076...
Loop14 pFBA...14916.0...Ave likelihood of: cpd00107_c is 0.2225573099367002...
Loop15 pFBA...20804.0...Ave likelihood of: cpd00039_c is 0.16829502550283626...
Loop16 pFBA...21401.0...Ave likelihood of: cpd00060_c is 0.1875926364307417...
Loop17 pFBA...20635.0...Ave likelihood of: cpd00066_c is 0.2503653940117332...
Loop18 pFBA...10655.0...Ave likelihood of: cpd00129_c is 0.13448512529505216...
Loop19 pFBA...5429.0...Ave likelihood of: cpd00054_c is 0.29915943193965505...
Loop20 pFBA...7829.0...Ave likelihood of: cpd00161_c is 0.37082635599368613...
Loop21 pFBA...29308.0...Ave likelihood of: cpd00065_c is 0.20575685531725918...
Loop22 pFBA...18503.0...Ave likelihood of: cpd00069_c is 0.2552021094759905...
Loop23 pFBA...8745.0...Ave likelihood of: cpd00156_c is 0.21488830662757039...
Loop24 pFBA...23791.0...Ave likelihood of: cpd00098_c is 0.24915624146155022...
Loop25 pFBA...14908.0...Ave likelihood of: cpd00274_c is 0.3494463446569835...
Loop26 pFBA...6153.0...Ave likelihood of: cpd00226_c is 0.3793515134516405...
Loop27 pFBA...4545.0...Ave likelihood of: cpd00246_c is 0.4001499533774916...
Loop28 pFBA...20350.0...Ave likelihood of: cpd00374_c is 0.2852740969560015...
Loop29 pFBA...4163.0...Ave likelihood of: cpd00221_c is 0.33606757213296273...
Loop30 pFBA...3983.0...Ave likelihood of: cpd00159_c is 0.4476502918586565...
Loop31 pFBA...10113.0...Ave likelihood of: cpd00211_c is 0.2560867899473945...
Loop32 pFBA...4019.0...Ave likelihood of: cpd00047_c is 0.35410837235096215...
Loop33 pFBA...5238.0...Ave likelihood of: cpd00106_c is 0.1641440615138281...
Loop34 pFBA...7670.0...Ave likelihood of: cpd00141_c is 0.33087712034446365...
Loop35 pFBA...19758.0...Ave likelihood of: cpd00216_c is 0.22762263706988226...
Loop36 pFBA...5013.0...Ave likelihood of: cpd00036_c is 0.07791144468721718...
Loop37 pFBA...21792.0...Ave likelihood of: cpd00581_c is 0.13994610460425227...
Loop38 pFBA...4439.0...Ave likelihood of: cpd00128_c is 0.2235086865342077...
Loop39 pFBA...6011.0...Ave likelihood of: cpd00018_c is 0.31264687964511345...
Loop40 pFBA...5201.0...Ave likelihood of: cpd00091_c is 0.40626310490862877...
Loop41 pFBA...3589.0...Ave likelihood of: cpd00092_c is 0.3746392270507147...
Loop42 pFBA...62592.0...Ave likelihood of: cpd00305_c is 0.17357803500383182...
Loop43 pFBA...12594.0...Ave likelihood of: cpd00220_c is 0.3319106613354081...
Loop44 pFBA...14606.0...Ave likelihood of: cpd00218_c is 0.18712502988690946...
Loop45 pFBA...14384.0...Ave likelihood of: cpd00215_c is 0.32735497525068685...
Loop46 pFBA...28445.0...Ave likelihood of: cpd00104_c is 0.20664763535821745...
Loop47 pFBA...36447.0...Ave likelihood of: cpd00393_c is 0.1755910474899885...
Loop48 pFBA...5966.0...Ave likelihood of: cpd00363_c is 0.5099873675223323...
Loop49 pFBA...9225.0...Ave likelihood of: cpd00281_c is 0.1107371323670689...
Loop50 pFBA...4077.0...Ave likelihood of: cpd00025_c is 0.23618123335041466...
Loop51 pFBA...20029.0...Ave likelihood of: cpd00811_c is 0.29107453684676715...
Loop52 pFBA...5411.0...Ave likelihood of: cpd00117_c is 0.39086497473138376...
Loop53 pFBA...7647.0...Ave likelihood of: cpd00186_c is 0.22544874535690554...
Loop54 pFBA...22586.0...Ave likelihood of: cpd00637_c is 0.11806511625254948...
Loop55 pFBA...6471.0...Ave likelihood of: cpd00550_c is 0.37736575198079536...
Loop56 pFBA...4237.0...Ave likelihood of: cpd00033_c is 0.22522511349690447...
Loop57 pFBA...5283.0...Ave likelihood of: cpd00035_c is 0.39086497473138376...
Loop58 pFBA...18593.0...Ave likelihood of: cpd00051_c is 0.30739123469565244...
Loop59 pFBA...8032.0...Ave likelihood of: cpd00132_c is 0.17255075785368032...
Loop60 pFBA...5535.0...Ave likelihood of: cpd00041_c is 0.1322442041742492...
Loop61 pFBA...13801.0...Ave likelihood of: cpd00084_c is 0.2515695568657974...
Loop62 pFBA...7391.0...Ave likelihood of: cpd00023_c is 0.12188649235649089...
Loop63 pFBA...9723.0...Ave likelihood of: cpd00053_c is 0.16426268905320707...
Loop64 pFBA...21200.0...Ave likelihood of: cpd00119_c is 0.1349480294398147...
Loop65 pFBA...17467.0...Ave likelihood of: cpd00322_c is 0.1245148204028076...
Loop66 pFBA...14917.0...Ave likelihood of: cpd00107_c is 0.19119820386459813...
Loop67 pFBA...21310.0...Ave likelihood of: cpd00039_c is 0.21482192465870253...
Loop68 pFBA...21586.0...Ave likelihood of: cpd00060_c is 0.11972800521385296...
Loop69 pFBA...21404.0...Ave likelihood of: cpd00066_c is 0.2797501874093542...
Loop70 pFBA...10655.0...Ave likelihood of: cpd00129_c is 0.13448512529505216...
Loop71 pFBA...5471.0...Ave likelihood of: cpd00054_c is 0.402523468779515...
Loop72 pFBA...8018.0...Ave likelihood of: cpd00161_c is 0.2409071248075187...
Loop73 pFBA...29322.0...Ave likelihood of: cpd00065_c is 0.17024731156679168...
Loop74 pFBA...19015.0...Ave likelihood of: cpd00069_c is 0.2850333208614544...
Loop75 pFBA...8745.0...Ave likelihood of: cpd00156_c is 0.21488830662757039...
Loop76 pFBA...24383.0...Ave likelihood of: cpd00098_c is 0.23720448295710053...
Loop77 pFBA...15306.0...Ave likelihood of: cpd00274_c is 0.21199201366400416...
Loop78 pFBA...6153.0...Ave likelihood of: cpd00226_c is 0.3793515134516405...
Loop79 pFBA...4850.0...Ave likelihood of: cpd00246_c is 0.3576741225951369...
Loop80 pFBA...21127.0...Ave likelihood of: cpd00374_c is 0.27275431950640083...
Loop81 pFBA...4317.0...Ave likelihood of: cpd00221_c is 0.32704314119822203...
Loop82 pFBA...4154.0...Ave likelihood of: cpd00159_c is 0.38252010291525357...
Loop83 pFBA...10162.0...Ave likelihood of: cpd00211_c is 0.13372440657654347...
Loop84 pFBA...4134.0...Ave likelihood of: cpd00047_c is 0.41150545110274894...
Loop85 pFBA...5238.0...Ave likelihood of: cpd00106_c is 0.1641440615138281...
Loop86 pFBA...7813.0...Ave likelihood of: cpd00141_c is 0.19248299710829675...
Loop87 pFBA...20476.0...Ave likelihood of: cpd00216_c is 0.22287175645109158...
Loop88 pFBA...5013.0...Ave likelihood of: cpd00036_c is 0.07791144468721718...
Loop89 pFBA...21792.0...Ave likelihood of: cpd00581_c is 0.13994610460425227...
Loop90 pFBA...4439.0...Ave likelihood of: cpd00128_c is 0.2235086865342077...
Loop91 pFBA...6011.0...Ave likelihood of: cpd00018_c is 0.31264687964511345...
Loop92 pFBA...5201.0...Ave likelihood of: cpd00091_c is 0.40626310490862877...
Loop93 pFBA...3589.0...Ave likelihood of: cpd00092_c is 0.3746392270507147...
Loop94 pFBA...62676.0...Ave likelihood of: cpd00305_c is 0.17511538991207948...
Loop95 pFBA...12648.0...Ave likelihood of: cpd00220_c is 0.22117673110010175...
Loop96 pFBA...14829.0...Ave likelihood of: cpd00218_c is 0.17668617717233837...
Loop97 pFBA...14752.0...Ave likelihood of: cpd00215_c is 0.3306908367029988...
Loop98 pFBA...28533.0...Ave likelihood of: cpd00104_c is 0.1459102765666851...
Loop99 pFBA...36449.0...Ave likelihood of: cpd00393_c is 0.16921584406962403...
Loop100 pFBA...6487.0...Ave likelihood of: cpd00363_c is 0.46587209199779156...
Loop101 pFBA...9225.0...Ave likelihood of: cpd00281_c is 0.1107371323670689...
Loop102 pFBA...4233.0...Ave likelihood of: cpd00025_c is 0.3662856515127244...
Loop103 pFBA...21034.0...Ave likelihood of: cpd00811_c is 0.28146844150431766...
Loop104 pFBA...5411.0...Ave likelihood of: cpd00117_c is 0.39086497473138376...
Loop105 pFBA...7647.0...Ave likelihood of: cpd00186_c is 0.22544874535690554...
Loop106 pFBA...22563.0...Ave likelihood of: cpd00637_c is 0.14809454977324754...
Loop107 pFBA...6460.0...Ave likelihood of: cpd00550_c is 0.2969825534920023...
Loop108 pFBA...4237.0...Ave likelihood of: cpd00033_c is 0.22522511349690447...
Loop109 pFBA...5283.0...Ave likelihood of: cpd00035_c is 0.39086497473138376...
Loop110 pFBA...18314.0...Ave likelihood of: cpd00051_c is 0.2867890507956952...
Loop111 pFBA...8032.0...Ave likelihood of: cpd00132_c is 0.17255075785368032...
Loop112 pFBA...5535.0...Ave likelihood of: cpd00041_c is 0.1322442041742492...
Loop113 pFBA...13743.0...Ave likelihood of: cpd00084_c is 0.31305459720015233...
Loop114 pFBA...7391.0...Ave likelihood of: cpd00023_c is 0.12188649235649089...
Loop115 pFBA...9723.0...Ave likelihood of: cpd00053_c is 0.16426268905320707...
Loop116 pFBA...21200.0...Ave likelihood of: cpd00119_c is 0.1349480294398147...
Loop117 pFBA...17467.0...Ave likelihood of: cpd00322_c is 0.1245148204028076...
Loop118 pFBA...14917.0...Ave likelihood of: cpd00107_c is 0.19119820386459813...
Loop119 pFBA...20921.0...Ave likelihood of: cpd00039_c is 0.16724124215451208...
Loop120 pFBA...21563.0...Ave likelihood of: cpd00060_c is 0.14809454977324754...
Loop121 pFBA...20808.0...Ave likelihood of: cpd00066_c is 0.26742542134841835...
Loop122 pFBA...10655.0...Ave likelihood of: cpd00129_c is 0.13448512529505216...
Loop123 pFBA...5460.0...Ave likelihood of: cpd00054_c is 0.3034386959592198...
Loop124 pFBA...7896.0...Ave likelihood of: cpd00161_c is 0.32606029627853356...
Loop125 pFBA...29322.0...Ave likelihood of: cpd00065_c is 0.16782275441830494...
Loop126 pFBA...18611.0...Ave likelihood of: cpd00069_c is 0.23780360838479686...
Loop127 pFBA...8745.0...Ave likelihood of: cpd00156_c is 0.21488830662757039...
Loop128 pFBA...24004.0...Ave likelihood of: cpd00098_c is 0.19721337023243748...
Loop129 pFBA...15049.0...Ave likelihood of: cpd00274_c is 0.3361029951596058...
Loop130 pFBA...6153.0...Ave likelihood of: cpd00226_c is 0.3793515134516405...
Loop131 pFBA...4641.0...Ave likelihood of: cpd00246_c is 0.3949468887038065...
Loop132 pFBA...20535.0...Ave likelihood of: cpd00374_c is 0.2658222551730801...
Loop133 pFBA...4295.0...Ave likelihood of: cpd00221_c is 0.33679420487471534...
Loop134 pFBA...4112.0...Ave likelihood of: cpd00159_c is 0.33224931265494173...
Loop135 pFBA...10131.0...Ave likelihood of: cpd00211_c is 0.24861070730443827...
Loop136 pFBA...4093.0...Ave likelihood of: cpd00047_c is 0.31952012668632473...
Loop137 pFBA...5238.0...Ave likelihood of: cpd00106_c is 0.1641440615138281...
Loop138 pFBA...7799.0...Ave likelihood of: cpd00141_c is 0.3161234971714081...
Loop139 pFBA...20007.0...Ave likelihood of: cpd00216_c is 0.22131956645844816...
Loop140 pFBA...5013.0...Ave likelihood of: cpd00036_c is 0.07791144468721718...
Loop141 pFBA...21792.0...Ave likelihood of: cpd00581_c is 0.13994610460425227...
Loop142 pFBA...4439.0...Ave likelihood of: cpd00128_c is 0.2235086865342077...
Loop143 pFBA...6011.0...Ave likelihood of: cpd00018_c is 0.31264687964511345...
Loop144 pFBA...5201.0...Ave likelihood of: cpd00091_c is 0.40626310490862877...
Loop145 pFBA...3589.0...Ave likelihood of: cpd00092_c is 0.3746392270507147...
Loop146 pFBA...62586.0...Ave likelihood of: cpd00305_c is 0.17861609913945437...
Loop147 pFBA...12644.0...Ave likelihood of: cpd00220_c is 0.2712898147945316...
Loop148 pFBA...14772.0...Ave likelihood of: cpd00218_c is 0.17946789258992052...
Loop149 pFBA...14440.0...Ave likelihood of: cpd00215_c is 0.27180929356896816...
Loop150 pFBA...28443.0...Ave likelihood of: cpd00104_c is 0.18158739846774496...
Loop151 pFBA...36446.0...Ave likelihood of: cpd00393_c is 0.1532868800966729...
Loop152 pFBA...6057.0...Ave likelihood of: cpd00363_c is 0.4442191293836458...
Loop153 pFBA...9225.0...Ave likelihood of: cpd00281_c is 0.1107371323670689...
Loop154 pFBA...4147.0...Ave likelihood of: cpd00025_c is 0.326584371874785...
Loop155 pFBA...20303.0...Ave likelihood of: cpd00811_c is 0.2090371029105273...
32.5375861645mins to complete!
