
The following have been reloaded with a version change:
  1) anaconda2/4.4.0 => anaconda2/5.1.0

Loading in models...Adding Water...Remove no-like rxns...Pruned 1 metabolites from model
Pruned 1 reactions from model
Set-up Universal...66.0seconds to complete

Loop0 pFBA...5527.0...Ave likelihood of: cpd00117_c is 0.40047761700603135...
Loop1 pFBA...7585.0...Ave likelihood of: cpd00186_c is 0.23582548291865502...
Loop2 pFBA...22491.0...Ave likelihood of: cpd00637_c is 0.18555314841348827...
Loop3 pFBA...6517.0...Ave likelihood of: cpd00550_c is 0.24663036542326117...
Loop4 pFBA...4231.0...Ave likelihood of: cpd00033_c is 0.24840397776195625...
Loop5 pFBA...5401.0...Ave likelihood of: cpd00035_c is 0.40047761700603135...
Loop6 pFBA...18756.0...Ave likelihood of: cpd00051_c is 0.21445303439237381...
Loop7 pFBA...8324.0...Ave likelihood of: cpd00132_c is 0.09087700115611382...
Loop8 pFBA...5649.0...Ave likelihood of: cpd00041_c is 0.07706586786902643...
Loop9 pFBA...13763.0...Ave likelihood of: cpd00084_c is 0.2432220114069607...
Loop10 pFBA...7356.0...Ave likelihood of: cpd00023_c is 0.12887842695386836...
Loop11 pFBA...9953.0...Ave likelihood of: cpd00053_c is 0.1022383677542211...
Loop12 pFBA...22361.0...Ave likelihood of: cpd00119_c is 0.1305306044046373...
Loop13 pFBA...17297.0...Ave likelihood of: cpd00322_c is 0.24648524650688822...
Loop14 pFBA...14122.0...Ave likelihood of: cpd00107_c is 0.2541253261998955...
Loop15 pFBA...17350.0...Ave likelihood of: cpd00039_c is 0.2553669299105161...
Loop16 pFBA...21491.0...Ave likelihood of: cpd00060_c is 0.187614850062527...
Loop17 pFBA...21248.0...Ave likelihood of: cpd00066_c is 0.15610511397744847...
Loop18 pFBA...10578.0...Ave likelihood of: cpd00129_c is 0.1421788744902075...
Loop19 pFBA...5517.0...Ave likelihood of: cpd00054_c is 0.2541040128603297...
Loop20 pFBA...7765.0...Ave likelihood of: cpd00161_c is 0.30087513208924255...
Loop21 pFBA...29652.0...Ave likelihood of: cpd00065_c is 0.12312855781794545...
Loop22 pFBA...19122.0...Ave likelihood of: cpd00069_c is 0.19677933871574704...
Loop23 pFBA...8024.0...Ave likelihood of: cpd00156_c is 0.16689013682483078...
Loop24 pFBA...24268.0...Ave likelihood of: cpd00098_c is 0.19485178822592147...
Loop25 pFBA...15653.0...Ave likelihood of: cpd00274_c is 0.23950484784073967...
Loop26 pFBA...6720.0...Ave likelihood of: cpd00226_c is 0.28792675533905987...
Loop27 pFBA...4632.0...Ave likelihood of: cpd00246_c is 0.27996940900693856...
Loop28 pFBA...21016.0...Ave likelihood of: cpd00374_c is 0.1941817793627198...
Loop29 pFBA...4398.0...Ave likelihood of: cpd00221_c is 0.289147800662478...
Loop30 pFBA...4216.0...Ave likelihood of: cpd00159_c is 0.33647372934878766...
Loop31 pFBA...10482.0...Ave likelihood of: cpd00211_c is 0.2512530553908228...
Loop32 pFBA...4056.0...Ave likelihood of: cpd00047_c is 0.3414428834792608...
Loop33 pFBA...5307.0...Ave likelihood of: cpd00106_c is 0.05232628474246562...
Loop34 pFBA...7860.0...Ave likelihood of: cpd00141_c is 0.21861959158807362...
Loop35 pFBA...20261.0...Ave likelihood of: cpd00216_c is 0.1505334233031216...
Loop36 pFBA...5017.0...Ave likelihood of: cpd00036_c is 0.08218310427561715...
Loop37 pFBA...22939.0...Ave likelihood of: cpd00581_c is 0.10290437763793713...
Loop38 pFBA...4910.0...Ave likelihood of: cpd00128_c is 0.1383960486069157...
Loop39 pFBA...6080.0...Ave likelihood of: cpd00018_c is 0.1272653626559332...
Loop40 pFBA...5429.0...Ave likelihood of: cpd00091_c is 0.15138359498222165...
Loop41 pFBA...3922.0...Ave likelihood of: cpd00092_c is 0.19213261019155173...
Loop42 pFBA...63453.0...Ave likelihood of: cpd00305_c is 0.12835729184370936...
Loop43 pFBA...13693.0...Ave likelihood of: cpd00220_c is 0.10425343855971081...
Loop44 pFBA...14694.0...Ave likelihood of: cpd00218_c is 0.11872989286837657...
Loop45 pFBA...14707.0...Ave likelihood of: cpd00215_c is 0.20833960495767279...
Loop46 pFBA...28974.0...Ave likelihood of: cpd00104_c is 0.14379329286052964...
Loop47 pFBA...36948.0...Ave likelihood of: cpd00393_c is 0.16609536763041602...
Loop48 pFBA...6226.0...Ave likelihood of: cpd00363_c is 0.4052109646249055...
Loop49 pFBA...9356.0...Ave likelihood of: cpd00281_c is 0.0920560192527631...
Loop50 pFBA...4157.0...Ave likelihood of: cpd00025_c is 0.2585992909336915...
Loop51 pFBA...20338.0...Ave likelihood of: cpd00811_c is 0.2239072109374427...
Loop52 pFBA...5527.0...Ave likelihood of: cpd00117_c is 0.40047761700603135...
Loop53 pFBA...7585.0...Ave likelihood of: cpd00186_c is 0.23582548291865502...
Loop54 pFBA...22564.0...Ave likelihood of: cpd00637_c is 0.1748031453245251...
Loop55 pFBA...6538.0...Ave likelihood of: cpd00550_c is 0.2993974193613327...
Loop56 pFBA...4231.0...Ave likelihood of: cpd00033_c is 0.24840397776195625...
Loop57 pFBA...5401.0...Ave likelihood of: cpd00035_c is 0.40047761700603135...
Loop58 pFBA...18968.0...Ave likelihood of: cpd00051_c is 0.23489991340580893...
Loop59 pFBA...8324.0...Ave likelihood of: cpd00132_c is 0.09087700115611382...
Loop60 pFBA...5649.0...Ave likelihood of: cpd00041_c is 0.07706586786902643...
Loop61 pFBA...13964.0...Ave likelihood of: cpd00084_c is 0.2025788578827806...
Loop62 pFBA...7356.0...Ave likelihood of: cpd00023_c is 0.12887842695386836...
Loop63 pFBA...9953.0...Ave likelihood of: cpd00053_c is 0.1022383677542211...
Loop64 pFBA...22361.0...Ave likelihood of: cpd00119_c is 0.1305306044046373...
Loop65 pFBA...17300.0...Ave likelihood of: cpd00322_c is 0.16882737276324192...
Loop66 pFBA...14122.0...Ave likelihood of: cpd00107_c is 0.2541253261998955...
Loop67 pFBA...17464.0...Ave likelihood of: cpd00039_c is 0.2864954245500383...
Loop68 pFBA...21564.0...Ave likelihood of: cpd00060_c is 0.17678954470321287...
Loop69 pFBA...21872.0...Ave likelihood of: cpd00066_c is 0.1138127201616097...
Loop70 pFBA...10578.0...Ave likelihood of: cpd00129_c is 0.15797652721134167...
Loop71 pFBA...5538.0...Ave likelihood of: cpd00054_c is 0.3224279900814352...
Loop72 pFBA...7857.0...Ave likelihood of: cpd00161_c is 0.23426470000403538...
Loop73 pFBA...29652.0...Ave likelihood of: cpd00065_c is 0.12312855781794545...
Loop74 pFBA...19576.0...Ave likelihood of: cpd00069_c is 0.1968120660702868...
Loop75 pFBA...8024.0...Ave likelihood of: cpd00156_c is 0.16689013682483078...
Loop76 pFBA...24606.0...Ave likelihood of: cpd00098_c is 0.13209373220264853...
Loop77 pFBA...15743.0...Ave likelihood of: cpd00274_c is 0.20826066300677626...
Loop78 pFBA...6720.0...Ave likelihood of: cpd00226_c is 0.28792675533905987...
Loop79 pFBA...4940.0...Ave likelihood of: cpd00246_c is 0.2141293003444383...
Loop80 pFBA...21771.0...Ave likelihood of: cpd00374_c is 0.1730388464276986...
Loop81 pFBA...4486.0...Ave likelihood of: cpd00221_c is 0.28493326926523255...
Loop82 pFBA...4296.0...Ave likelihood of: cpd00159_c is 0.2948052867472388...
Loop83 pFBA...10613.0...Ave likelihood of: cpd00211_c is 0.1471916863617158...
Loop84 pFBA...4171.0...Ave likelihood of: cpd00047_c is 0.28072962140579605...
Loop85 pFBA...5307.0...Ave likelihood of: cpd00106_c is 0.05232628474246562...
Loop86 pFBA...7930.0...Ave likelihood of: cpd00141_c is 0.1852441310510029...
Loop87 pFBA...20660.0...Ave likelihood of: cpd00216_c is 0.1547936885738147...
Loop88 pFBA...5017.0...Ave likelihood of: cpd00036_c is 0.08218310427561715...
Loop89 pFBA...22939.0...Ave likelihood of: cpd00581_c is 0.10290437763793713...
Loop90 pFBA...4910.0...Ave likelihood of: cpd00128_c is 0.1383960486069157...
Loop91 pFBA...6080.0...Ave likelihood of: cpd00018_c is 0.1272653626559332...
Loop92 pFBA...5429.0...Ave likelihood of: cpd00091_c is 0.15138359498222165...
Loop93 pFBA...3922.0...Ave likelihood of: cpd00092_c is 0.19213261019155173...
Loop94 pFBA...63453.0...Ave likelihood of: cpd00305_c is 0.12714637399612722...
Loop95 pFBA...13693.0...Ave likelihood of: cpd00220_c is 0.10425343855971081...
Loop96 pFBA...14694.0...Ave likelihood of: cpd00218_c is 0.11872989286837658...
Loop97 pFBA...15213.0...Ave likelihood of: cpd00215_c is 0.18159192035217175...
Loop98 pFBA...29054.0...Ave likelihood of: cpd00104_c is 0.13507119791139421...
Loop99 pFBA...36948.0...Ave likelihood of: cpd00393_c is 0.16609536763041602...
Loop100 pFBA...6597.0...Ave likelihood of: cpd00363_c is 0.3084013456540777...
Loop101 pFBA...9356.0...Ave likelihood of: cpd00281_c is 0.0920560192527631...
Loop102 pFBA...4281.0...Ave likelihood of: cpd00025_c is 0.29254749999317264...
Loop103 pFBA...21291.0...Ave likelihood of: cpd00811_c is 0.16042238240357837...
Loop104 pFBA...5527.0...Ave likelihood of: cpd00117_c is 0.40047761700603135...
Loop105 pFBA...7585.0...Ave likelihood of: cpd00186_c is 0.23582548291865502...
Loop106 pFBA...22437.0...Ave likelihood of: cpd00637_c is 0.19648426343212383...
Loop107 pFBA...6538.0...Ave likelihood of: cpd00550_c is 0.2993974193613327...
Loop108 pFBA...4231.0...Ave likelihood of: cpd00033_c is 0.24840397776195625...
Loop109 pFBA...5401.0...Ave likelihood of: cpd00035_c is 0.40047761700603135...
Loop110 pFBA...18763.0...Ave likelihood of: cpd00051_c is 0.23908564536535992...
Loop111 pFBA...8324.0...Ave likelihood of: cpd00132_c is 0.09087700115611382...
Loop112 pFBA...5649.0...Ave likelihood of: cpd00041_c is 0.07706586786902643...
Loop113 pFBA...13910.0...Ave likelihood of: cpd00084_c is 0.22966703702408364...
Loop114 pFBA...7356.0...Ave likelihood of: cpd00023_c is 0.12887842695386836...
Loop115 pFBA...9953.0...Ave likelihood of: cpd00053_c is 0.1022383677542211...
Loop116 pFBA...22361.0...Ave likelihood of: cpd00119_c is 0.1305306044046373...
Loop117 pFBA...17286.0...Ave likelihood of: cpd00322_c is 0.2594236457246175...
Loop118 pFBA...14122.0...Ave likelihood of: cpd00107_c is 0.2541253261998955...
Loop119 pFBA...17381.0...Ave likelihood of: cpd00039_c is 0.2661854887100681...
Loop120 pFBA...21437.0...Ave likelihood of: cpd00060_c is 0.19866742191470296...
Loop121 pFBA...21126.0...Ave likelihood of: cpd00066_c is 0.1556983989365342...
Loop122 pFBA...10578.0...Ave likelihood of: cpd00129_c is 0.1421788744902075...
Loop123 pFBA...5538.0...Ave likelihood of: cpd00054_c is 0.3224279900814352...
Loop124 pFBA...7765.0...Ave likelihood of: cpd00161_c is 0.29490750732860316...
Loop125 pFBA...29652.0...Ave likelihood of: cpd00065_c is 0.12139435277825608...
Loop126 pFBA...19012.0...Ave likelihood of: cpd00069_c is 0.19253951737352112...
Loop127 pFBA...8024.0...Ave likelihood of: cpd00156_c is 0.16689013682483078...
Loop128 pFBA...24157.0...Ave likelihood of: cpd00098_c is 0.19635147757887167...
Loop129 pFBA...15727.0...Ave likelihood of: cpd00274_c is 0.29210880694211927...
Loop130 pFBA...6720.0...Ave likelihood of: cpd00226_c is 0.28792675533905987...
Loop131 pFBA...4595.0...Ave likelihood of: cpd00246_c is 0.2932928597844763...
Loop132 pFBA...20881.0...Ave likelihood of: cpd00374_c is 0.18987484579133979...
Loop133 pFBA...4422.0...Ave likelihood of: cpd00221_c is 0.2984276934418312...
Loop134 pFBA...4249.0...Ave likelihood of: cpd00159_c is 0.30689888787756725...
Loop135 pFBA...10464.0...Ave likelihood of: cpd00211_c is 0.2566337811205303...
Loop136 pFBA...4139.0...Ave likelihood of: cpd00047_c is 0.34512859150563424...
Loop137 pFBA...5307.0...Ave likelihood of: cpd00106_c is 0.05232628474246562...
Loop138 pFBA...7921.0...Ave likelihood of: cpd00141_c is 0.29534360364611173...
Loop139 pFBA...20059.0...Ave likelihood of: cpd00216_c is 0.14513002952070628...
Loop140 pFBA...5017.0...Ave likelihood of: cpd00036_c is 0.08218310427561715...
Loop141 pFBA...22939.0...Ave likelihood of: cpd00581_c is 0.10290437763793713...
Loop142 pFBA...4910.0...Ave likelihood of: cpd00128_c is 0.1383960486069157...
Loop143 pFBA...6080.0...Ave likelihood of: cpd00018_c is 0.1272653626559332...
Loop144 pFBA...5429.0...Ave likelihood of: cpd00091_c is 0.15138359498222165...
Loop145 pFBA...3922.0...Ave likelihood of: cpd00092_c is 0.19213261019155173...
Loop146 pFBA...63452.0...Ave likelihood of: cpd00305_c is 0.12879236944665634...
Loop147 pFBA...13693.0...Ave likelihood of: cpd00220_c is 0.10731971616440818...
Loop148 pFBA...14694.0...Ave likelihood of: cpd00218_c is 0.116814894596306...
Loop149 pFBA...14603.0...Ave likelihood of: cpd00215_c is 0.21492875519139332...
Loop150 pFBA...29016.0...Ave likelihood of: cpd00104_c is 0.17560938916081...
Loop151 pFBA...36948.0...Ave likelihood of: cpd00393_c is 0.16906135633810201...
Loop152 pFBA...6209.0...Ave likelihood of: cpd00363_c is 0.43059418005603606...
Loop153 pFBA...9356.0...Ave likelihood of: cpd00281_c is 0.0920560192527631...
Loop154 pFBA...4124.0...Ave likelihood of: cpd00025_c is 0.25951537127133184...
Loop155 pFBA...20196.0...Ave likelihood of: cpd00811_c is 0.23156487201987466...
32.7458723823mins to complete!
