
The following have been reloaded with a version change:
  1) anaconda2/4.4.0 => anaconda2/5.1.0

Loading in models...Adding Water...Remove no-like rxns...Pruned 1 metabolites from model
Pruned 1 reactions from model
Set-up Universal...62.0seconds to complete

Loop0 pFBA...6310.0...Ave likelihood of: cpd00117_c is 0.12505509114083457...
Loop1 pFBA...7947.0...Ave likelihood of: cpd00186_c is 0.1763224691209054...
Loop2 pFBA...23396.0...Ave likelihood of: cpd00637_c is 0.10199462160004977...
Loop3 pFBA...7398.0...Ave likelihood of: cpd00550_c is 0.1305953881415783...
Loop4 pFBA...4739.0...Ave likelihood of: cpd00033_c is 0.15743952088767735...
Loop5 pFBA...6154.0...Ave likelihood of: cpd00035_c is 0.2658994173250698...
Loop6 pFBA...19091.0...Ave likelihood of: cpd00051_c is 0.2652974404466161...
Loop7 pFBA...8376.0...Ave likelihood of: cpd00132_c is 0.14148001056284895...
Loop8 pFBA...5883.0...Ave likelihood of: cpd00041_c is 0.1286566562226949...
Loop9 pFBA...14389.0...Ave likelihood of: cpd00084_c is 0.202712161242141...
Loop10 pFBA...7711.0...Ave likelihood of: cpd00023_c is 0.1371355420416521...
Loop11 pFBA...10115.0...Ave likelihood of: cpd00053_c is 0.11432733016375769...
Loop12 pFBA...22024.0...Ave likelihood of: cpd00119_c is 0.09292378071079266...
Loop13 pFBA...18241.0...Ave likelihood of: cpd00322_c is 0.16605742419199696...
Loop14 pFBA...15062.0...Ave likelihood of: cpd00107_c is 0.1693773172218028...
Loop15 pFBA...20951.0...Ave likelihood of: cpd00039_c is 0.20666104545768127...
Loop16 pFBA...22410.0...Ave likelihood of: cpd00060_c is 0.13830149950253545...
Loop17 pFBA...21233.0...Ave likelihood of: cpd00066_c is 0.15406377128561685...
Loop18 pFBA...11974.0...Ave likelihood of: cpd00129_c is 0.10512224309540188...
Loop19 pFBA...6398.0...Ave likelihood of: cpd00054_c is 0.15477863091349403...
Loop20 pFBA...8665.0...Ave likelihood of: cpd00161_c is 0.23599384587761113...
Loop21 pFBA...30530.0...Ave likelihood of: cpd00065_c is 0.13121011876040922...
Loop22 pFBA...19125.0...Ave likelihood of: cpd00069_c is 0.17707336761427067...
Loop23 pFBA...9170.0...Ave likelihood of: cpd00156_c is 0.10975230876131378...
Loop24 pFBA...25051.0...Ave likelihood of: cpd00098_c is 0.1301743910715372...
Loop25 pFBA...15445.0...Ave likelihood of: cpd00274_c is 0.23663673032149982...
Loop26 pFBA...7014.0...Ave likelihood of: cpd00226_c is 0.2807701570497401...
Loop27 pFBA...5062.0...Ave likelihood of: cpd00246_c is 0.26769850124852385...
Loop28 pFBA...21013.0...Ave likelihood of: cpd00374_c is 0.17136791382251615...
Loop29 pFBA...5015.0...Ave likelihood of: cpd00221_c is 0.2818873475229233...
Loop30 pFBA...4450.0...Ave likelihood of: cpd00159_c is 0.5325895441802202...
Loop31 pFBA...10708.0...Ave likelihood of: cpd00211_c is 0.22165604414222867...
Loop32 pFBA...4192.0...Ave likelihood of: cpd00047_c is 0.24532112227465222...
Loop33 pFBA...5341.0...Ave likelihood of: cpd00106_c is 0.08944747327364767...
Loop34 pFBA...8014.0...Ave likelihood of: cpd00141_c is 0.4222841070482603...
Loop35 pFBA...21311.0...Ave likelihood of: cpd00216_c is 0.11725065112358034...
Loop36 pFBA...5138.0...Ave likelihood of: cpd00036_c is 0.041131864908175234...
Loop37 pFBA...22022.0...Ave likelihood of: cpd00581_c is 0.09076276255472772...
Loop38 pFBA...4966.0...Ave likelihood of: cpd00128_c is 0.0964230990832392...
Loop39 pFBA...6070.0...Ave likelihood of: cpd00018_c is 0.14960922705345908...
Loop40 pFBA...5419.0...Ave likelihood of: cpd00091_c is 0.17672498333661468...
Loop41 pFBA...3463.0...Ave likelihood of: cpd00092_c is 0.395665884992036...
Loop42 pFBA...64568.0...Ave likelihood of: cpd00305_c is 0.12797754952797227...
Loop43 pFBA...14647.0...Ave likelihood of: cpd00220_c is 0.06588633830056101...
Loop44 pFBA...14549.0...Ave likelihood of: cpd00218_c is 0.14174604119283424...
Loop45 pFBA...15086.0...Ave likelihood of: cpd00215_c is 0.20185675518220664...
Loop46 pFBA...29123.0...Ave likelihood of: cpd00104_c is 0.1390006310324043...
Loop47 pFBA...35508.0...Ave likelihood of: cpd00393_c is 0.12695757369050112...
Loop48 pFBA...6396.0...Ave likelihood of: cpd00363_c is 0.3410095183421739...
Loop49 pFBA...9999.0...Ave likelihood of: cpd00281_c is 8.412783120957681e-05...
Loop50 pFBA...4242.0...Ave likelihood of: cpd00025_c is 0.24892470948849094...
Loop51 pFBA...21083.0...Ave likelihood of: cpd00811_c is 0.11519586999017191...
Loop52 pFBA...5710.0...Ave likelihood of: cpd00714_c is 0.2870778392621475...
Loop53 pFBA...6310.0...Ave likelihood of: cpd00117_c is 0.12505509114083457...
Loop54 pFBA...7947.0...Ave likelihood of: cpd00186_c is 0.16595055917261683...
Loop55 pFBA...23426.0...Ave likelihood of: cpd00637_c is 0.08976902618191707...
Loop56 pFBA...7463.0...Ave likelihood of: cpd00550_c is 0.10607408653895842...
Loop57 pFBA...4739.0...Ave likelihood of: cpd00033_c is 0.15743952088767735...
Loop58 pFBA...6190.0...Ave likelihood of: cpd00035_c is 0.12505509114083457...
Loop59 pFBA...19476.0...Ave likelihood of: cpd00051_c is 0.13441200871941358...
Loop60 pFBA...8376.0...Ave likelihood of: cpd00132_c is 0.14148001056284895...
Loop61 pFBA...5883.0...Ave likelihood of: cpd00041_c is 0.1286566562226949...
Loop62 pFBA...14703.0...Ave likelihood of: cpd00084_c is 0.15778523961353888...
Loop63 pFBA...7711.0...Ave likelihood of: cpd00023_c is 0.12856457066404883...
Loop64 pFBA...10115.0...Ave likelihood of: cpd00053_c is 0.11750308933497318...
Loop65 pFBA...22024.0...Ave likelihood of: cpd00119_c is 0.09076276255472773...
Loop66 pFBA...18291.0...Ave likelihood of: cpd00322_c is 0.07747631247726114...
Loop67 pFBA...15062.0...Ave likelihood of: cpd00107_c is 0.18427223030246884...
Loop68 pFBA...21477.0...Ave likelihood of: cpd00039_c is 0.16865097175930452...
Loop69 pFBA...22430.0...Ave likelihood of: cpd00060_c is 0.10957236386097582...
Loop70 pFBA...22351.0...Ave likelihood of: cpd00066_c is 0.12982969436000155...
Loop71 pFBA...11974.0...Ave likelihood of: cpd00129_c is 0.1051222430954019...
Loop72 pFBA...6463.0...Ave likelihood of: cpd00054_c is 0.10843128846204639...
Loop73 pFBA...8873.0...Ave likelihood of: cpd00161_c is 0.1543968810963846...
Loop74 pFBA...30530.0...Ave likelihood of: cpd00065_c is 0.13121011876040922...
Loop75 pFBA...20029.0...Ave likelihood of: cpd00069_c is 0.11300910834361333...
Loop76 pFBA...9170.0...Ave likelihood of: cpd00156_c is 0.10975230876131378...
Loop77 pFBA...25388.0...Ave likelihood of: cpd00098_c is 0.09994892905182798...
Loop78 pFBA...15846.0...Ave likelihood of: cpd00274_c is 0.13538074649244516...
Loop79 pFBA...7014.0...Ave likelihood of: cpd00226_c is 0.2807701570497401...
Loop80 pFBA...5144.0...Ave likelihood of: cpd00246_c is 0.19821366402932958...
Loop81 pFBA...22377.0...Ave likelihood of: cpd00374_c is 0.10986996644517964...
Loop82 pFBA...5511.0...Ave likelihood of: cpd00221_c is 0.08386108866652565...
Loop83 pFBA...4770.0...Ave likelihood of: cpd00159_c is 0.26859169311290976...
Loop84 pFBA...10764.0...Ave likelihood of: cpd00211_c is 0.139969021500191...
Loop85 pFBA...4282.0...Ave likelihood of: cpd00047_c is 0.09600476656876666...
Loop86 pFBA...5341.0...Ave likelihood of: cpd00106_c is 0.08944747327364767...
Loop87 pFBA...8451.0...Ave likelihood of: cpd00141_c is 0.07538774029277868...
Loop88 pFBA...22122.0...Ave likelihood of: cpd00216_c is 0.13759494740301875...
Loop89 pFBA...5138.0...Ave likelihood of: cpd00036_c is 0.03856112335141428...
Loop90 pFBA...22022.0...Ave likelihood of: cpd00581_c is 0.09076276255472772...
Loop91 pFBA...4966.0...Ave likelihood of: cpd00128_c is 0.0964230990832392...
Loop92 pFBA...6070.0...Ave likelihood of: cpd00018_c is 0.14960922705345908...
Loop93 pFBA...5419.0...Ave likelihood of: cpd00091_c is 0.17672498333661468...
Loop94 pFBA...3463.0...Ave likelihood of: cpd00092_c is 0.395665884992036...
Loop95 pFBA...64761.0...Ave likelihood of: cpd00305_c is 0.11959706715417807...
Loop96 pFBA...14647.0...Ave likelihood of: cpd00220_c is 0.06588633830056102...
Loop97 pFBA...14889.0...Ave likelihood of: cpd00218_c is 0.10251722704937911...
Loop98 pFBA...15518.0...Ave likelihood of: cpd00215_c is 0.16615298486601696...
Loop99 pFBA...29274.0...Ave likelihood of: cpd00104_c is 0.13039407503482733...
Loop100 pFBA...35511.0...Ave likelihood of: cpd00393_c is 0.12850008729947382...
Loop101 pFBA...7468.0...Ave likelihood of: cpd00363_c is 0.1522784090145376...
Loop102 pFBA...9999.0...Ave likelihood of: cpd00281_c is 8.412783120957681e-05...
Loop103 pFBA...4388.0...Ave likelihood of: cpd00025_c is 0.2542142337625572...
Loop104 pFBA...22078.0...Ave likelihood of: cpd00811_c is 0.09938020702539316...
Loop105 pFBA...6559.0...Ave likelihood of: cpd00714_c is 0.2597931118669553...
Loop106 pFBA...6310.0...Ave likelihood of: cpd00117_c is 0.12505509114083457...
Loop107 pFBA...7947.0...Ave likelihood of: cpd00186_c is 0.1763224691209054...
Loop108 pFBA...23333.0...Ave likelihood of: cpd00637_c is 0.11236667783189468...
Loop109 pFBA...7447.0...Ave likelihood of: cpd00550_c is 0.2028473997068275...
Loop110 pFBA...4739.0...Ave likelihood of: cpd00033_c is 0.15743952088767735...
Loop111 pFBA...6190.0...Ave likelihood of: cpd00035_c is 0.12505509114083457...
Loop112 pFBA...19055.0...Ave likelihood of: cpd00051_c is 0.24056107361130832...
Loop113 pFBA...8376.0...Ave likelihood of: cpd00132_c is 0.14148001056284895...
Loop114 pFBA...5883.0...Ave likelihood of: cpd00041_c is 0.12865665622269487...
Loop115 pFBA...14628.0...Ave likelihood of: cpd00084_c is 0.17381490261984325...
Loop116 pFBA...7711.0...Ave likelihood of: cpd00023_c is 0.1371355420416521...
Loop117 pFBA...10115.0...Ave likelihood of: cpd00053_c is 0.11432733016375769...
Loop118 pFBA...22024.0...Ave likelihood of: cpd00119_c is 0.09292378071079266...
Loop119 pFBA...18189.0...Ave likelihood of: cpd00322_c is 0.17069280923560762...
Loop120 pFBA...15062.0...Ave likelihood of: cpd00107_c is 0.1693773172218028...
Loop121 pFBA...21060.0...Ave likelihood of: cpd00039_c is 0.17508895913788727...
Loop122 pFBA...22352.0...Ave likelihood of: cpd00060_c is 0.11938971904861931...
Loop123 pFBA...21048.0...Ave likelihood of: cpd00066_c is 0.16049825874776436...
Loop124 pFBA...11974.0...Ave likelihood of: cpd00129_c is 0.10512224309540188...
Loop125 pFBA...6447.0...Ave likelihood of: cpd00054_c is 0.20716330182824932...
Loop126 pFBA...8669.0...Ave likelihood of: cpd00161_c is 0.30458402785223265...
Loop127 pFBA...30527.0...Ave likelihood of: cpd00065_c is 0.13401574610393818...
Loop128 pFBA...18974.0...Ave likelihood of: cpd00069_c is 0.16265945046372887...
Loop129 pFBA...9170.0...Ave likelihood of: cpd00156_c is 0.10975230876131378...
Loop130 pFBA...24956.0...Ave likelihood of: cpd00098_c is 0.17949544831053882...
Loop131 pFBA...15513.0...Ave likelihood of: cpd00274_c is 0.22280525570796716...
Loop132 pFBA...7014.0...Ave likelihood of: cpd00226_c is 0.2807701570497401...
Loop133 pFBA...5100.0...Ave likelihood of: cpd00246_c is 0.27551120246702043...
Loop134 pFBA...20825.0...Ave likelihood of: cpd00374_c is 0.1751889744665736...
Loop135 pFBA...4902.0...Ave likelihood of: cpd00221_c is 0.17488722660401274...
Loop136 pFBA...4512.0...Ave likelihood of: cpd00159_c is 0.2514353264781752...
Loop137 pFBA...10661.0...Ave likelihood of: cpd00211_c is 0.228552592621747...
Loop138 pFBA...4267.0...Ave likelihood of: cpd00047_c is 0.12383212213798782...
Loop139 pFBA...5341.0...Ave likelihood of: cpd00106_c is 0.08944747327364767...
Loop140 pFBA...8269.0...Ave likelihood of: cpd00141_c is 0.19887070472080906...
Loop141 pFBA...21102.0...Ave likelihood of: cpd00216_c is 0.1433510624849273...
Loop142 pFBA...5138.0...Ave likelihood of: cpd00036_c is 0.041131864908175234...
Loop143 pFBA...22022.0...Ave likelihood of: cpd00581_c is 0.09076276255472772...
Loop144 pFBA...4966.0...Ave likelihood of: cpd00128_c is 0.0964230990832392...
Loop145 pFBA...6070.0...Ave likelihood of: cpd00018_c is 0.14960922705345908...
Loop146 pFBA...5419.0...Ave likelihood of: cpd00091_c is 0.17672498333661468...
Loop147 pFBA...3452.0...Ave likelihood of: cpd00092_c is 0.3097095263934645...
Loop148 pFBA...64581.0...Ave likelihood of: cpd00305_c is 0.12267827155441526...
Loop149 pFBA...14630.0...Ave likelihood of: cpd00220_c is 0.14764422576065248...
Loop150 pFBA...14460.0...Ave likelihood of: cpd00218_c is 0.14377120014907088...
Loop151 pFBA...14971.0...Ave likelihood of: cpd00215_c is 0.19897687368925035...
Loop152 pFBA...29139.0...Ave likelihood of: cpd00104_c is 0.135451966875817...
Loop153 pFBA...35504.0...Ave likelihood of: cpd00393_c is 0.11565444776606522...
Loop154 pFBA...6584.0...Ave likelihood of: cpd00363_c is 0.38167137611273216...
Loop155 pFBA...9999.0...Ave likelihood of: cpd00281_c is 8.412783120957681e-05...
Loop156 pFBA...4207.0...Ave likelihood of: cpd00025_c is 0.2586750021664306...
Loop157 pFBA...20946.0...Ave likelihood of: cpd00811_c is 0.12033693340217648...
Loop158 pFBA...5568.0...Ave likelihood of: cpd00714_c is 0.3005425291507309...
34.0885589163mins to complete!
