
The following have been reloaded with a version change:
  1) anaconda2/4.4.0 => anaconda2/5.1.0

Loading in models...Adding Water...Remove no-like rxns...Pruned 1 metabolites from model
Pruned 1 reactions from model
Set-up Universal...62.0seconds to complete

Loop0 pFBA...5366.0...Ave likelihood of: cpd00117_c is 0.3945357554556736...
Loop1 pFBA...7602.0...Ave likelihood of: cpd00186_c is 0.23305304019531636...
Loop2 pFBA...22418.0...Ave likelihood of: cpd00637_c is 0.18272664874401234...
Loop3 pFBA...6385.0...Ave likelihood of: cpd00550_c is 0.2991706365875014...
Loop4 pFBA...4202.0...Ave likelihood of: cpd00033_c is 0.22610074315475767...
Loop5 pFBA...5239.0...Ave likelihood of: cpd00035_c is 0.3945357554556736...
Loop6 pFBA...18179.0...Ave likelihood of: cpd00051_c is 0.3030846290483027...
Loop7 pFBA...7954.0...Ave likelihood of: cpd00132_c is 0.19167410199354312...
Loop8 pFBA...5455.0...Ave likelihood of: cpd00041_c is 0.2085288887722602...
Loop9 pFBA...13555.0...Ave likelihood of: cpd00084_c is 0.25242746444712016...
Loop10 pFBA...7346.0...Ave likelihood of: cpd00023_c is 0.13074884808439324...
Loop11 pFBA...9679.0...Ave likelihood of: cpd00053_c is 0.16537951548347285...
Loop12 pFBA...21701.0...Ave likelihood of: cpd00119_c is 0.15873988933642702...
Loop13 pFBA...17447.0...Ave likelihood of: cpd00322_c is 0.1256949753031641...
Loop14 pFBA...14905.0...Ave likelihood of: cpd00107_c is 0.1924471212616963...
Loop15 pFBA...20510.0...Ave likelihood of: cpd00039_c is 0.17382454189048405...
Loop16 pFBA...21418.0...Ave likelihood of: cpd00060_c is 0.18272664874401234...
Loop17 pFBA...20679.0...Ave likelihood of: cpd00066_c is 0.2497904136445222...
Loop18 pFBA...10612.0...Ave likelihood of: cpd00129_c is 0.15426172958082435...
Loop19 pFBA...5385.0...Ave likelihood of: cpd00054_c is 0.3006601165298489...
Loop20 pFBA...7859.0...Ave likelihood of: cpd00161_c is 0.32806218567788364...
Loop21 pFBA...29296.0...Ave likelihood of: cpd00065_c is 0.16843491938014138...
Loop22 pFBA...18542.0...Ave likelihood of: cpd00069_c is 0.25398220786778114...
Loop23 pFBA...8735.0...Ave likelihood of: cpd00156_c is 0.21611362018373662...
Loop24 pFBA...23955.0...Ave likelihood of: cpd00098_c is 0.22438878455527247...
Loop25 pFBA...14849.0...Ave likelihood of: cpd00274_c is 0.35149308743856333...
Loop26 pFBA...6122.0...Ave likelihood of: cpd00226_c is 0.38090322174980756...
Loop27 pFBA...4581.0...Ave likelihood of: cpd00246_c is 0.38566322338824083...
Loop28 pFBA...20387.0...Ave likelihood of: cpd00374_c is 0.23343439344032682...
Loop29 pFBA...4142.0...Ave likelihood of: cpd00221_c is 0.3393499721552703...
Loop30 pFBA...3968.0...Ave likelihood of: cpd00159_c is 0.3971344530485236...
Loop31 pFBA...10132.0...Ave likelihood of: cpd00211_c is 0.24811070676417477...
Loop32 pFBA...3955.0...Ave likelihood of: cpd00047_c is 0.31288750361918133...
Loop33 pFBA...5238.0...Ave likelihood of: cpd00106_c is 0.1388922957159216...
Loop34 pFBA...7650.0...Ave likelihood of: cpd00141_c is 0.3342526712970445...
Loop35 pFBA...19633.0...Ave likelihood of: cpd00216_c is 0.28026501175231555...
Loop36 pFBA...5009.0...Ave likelihood of: cpd00036_c is 0.08026162304081588...
Loop37 pFBA...22335.0...Ave likelihood of: cpd00581_c is 0.1361509174809042...
Loop38 pFBA...4439.0...Ave likelihood of: cpd00128_c is 0.18625365577941655...
Loop39 pFBA...6001.0...Ave likelihood of: cpd00018_c is 0.3154741354070733...
Loop40 pFBA...5187.0...Ave likelihood of: cpd00091_c is 0.40910918330693785...
Loop41 pFBA...3569.0...Ave likelihood of: cpd00092_c is 0.3758289143859226...
Loop42 pFBA...62589.0...Ave likelihood of: cpd00305_c is 0.17254041564768374...
Loop43 pFBA...12630.0...Ave likelihood of: cpd00220_c is 0.22232701398234697...
Loop44 pFBA...14653.0...Ave likelihood of: cpd00218_c is 0.1664667396970439...
Loop45 pFBA...14441.0...Ave likelihood of: cpd00215_c is 0.2724029250232628...
Loop46 pFBA...28429.0...Ave likelihood of: cpd00104_c is 0.18798543979078688...
Loop47 pFBA...36419.0...Ave likelihood of: cpd00393_c is 0.15409492408107045...
Loop48 pFBA...6021.0...Ave likelihood of: cpd00363_c is 0.4190384502938094...
Loop49 pFBA...9190.0...Ave likelihood of: cpd00281_c is 0.11566113104754747...
Loop50 pFBA...4106.0...Ave likelihood of: cpd00025_c is 0.2700422264732324...
Loop51 pFBA...20229.0...Ave likelihood of: cpd00811_c is 0.22539740568113564...
Loop52 pFBA...5366.0...Ave likelihood of: cpd00117_c is 0.3945357554556736...
Loop53 pFBA...7602.0...Ave likelihood of: cpd00186_c is 0.23305304019531636...
Loop54 pFBA...22479.0...Ave likelihood of: cpd00637_c is 0.11982277020246151...
Loop55 pFBA...6427.0...Ave likelihood of: cpd00550_c is 0.38003856909112965...
Loop56 pFBA...4202.0...Ave likelihood of: cpd00033_c is 0.22610074315475767...
Loop57 pFBA...5239.0...Ave likelihood of: cpd00035_c is 0.3945357554556736...
Loop58 pFBA...18621.0...Ave likelihood of: cpd00051_c is 0.31913000329113156...
Loop59 pFBA...7954.0...Ave likelihood of: cpd00132_c is 0.19167410199354312...
Loop60 pFBA...5455.0...Ave likelihood of: cpd00041_c is 0.2085288887722602...
Loop61 pFBA...13757.0...Ave likelihood of: cpd00084_c is 0.2560376240659823...
Loop62 pFBA...7346.0...Ave likelihood of: cpd00023_c is 0.13074884808439324...
Loop63 pFBA...9679.0...Ave likelihood of: cpd00053_c is 0.16537951548347285...
Loop64 pFBA...21701.0...Ave likelihood of: cpd00119_c is 0.15873988933642702...
Loop65 pFBA...17447.0...Ave likelihood of: cpd00322_c is 0.1256949753031641...
Loop66 pFBA...14905.0...Ave likelihood of: cpd00107_c is 0.1924471212616963...
Loop67 pFBA...21049.0...Ave likelihood of: cpd00039_c is 0.24736734414026113...
Loop68 pFBA...21479.0...Ave likelihood of: cpd00060_c is 0.12315118048586322...
Loop69 pFBA...21430.0...Ave likelihood of: cpd00066_c is 0.24926571181735196...
Loop70 pFBA...10612.0...Ave likelihood of: cpd00129_c is 0.1388355566227419...
Loop71 pFBA...5427.0...Ave likelihood of: cpd00054_c is 0.405374473697205...
Loop72 pFBA...7973.0...Ave likelihood of: cpd00161_c is 0.24203616249621485...
Loop73 pFBA...29296.0...Ave likelihood of: cpd00065_c is 0.17090241570905984...
Loop74 pFBA...19041.0...Ave likelihood of: cpd00069_c is 0.28819491621022025...
Loop75 pFBA...8735.0...Ave likelihood of: cpd00156_c is 0.21611362018373662...
Loop76 pFBA...24336.0...Ave likelihood of: cpd00098_c is 0.17563289465641468...
Loop77 pFBA...15267.0...Ave likelihood of: cpd00274_c is 0.194177465931723...
Loop78 pFBA...6122.0...Ave likelihood of: cpd00226_c is 0.38090322174980756...
Loop79 pFBA...4852.0...Ave likelihood of: cpd00246_c is 0.29054105042699513...
Loop80 pFBA...21222.0...Ave likelihood of: cpd00374_c is 0.2681938158990039...
Loop81 pFBA...4297.0...Ave likelihood of: cpd00221_c is 0.29645275997054166...
Loop82 pFBA...4136.0...Ave likelihood of: cpd00159_c is 0.3146895341322291...
Loop83 pFBA...10160.0...Ave likelihood of: cpd00211_c is 0.13439100105598312...
Loop84 pFBA...4078.0...Ave likelihood of: cpd00047_c is 0.40648408862330676...
Loop85 pFBA...5238.0...Ave likelihood of: cpd00106_c is 0.1640536755077015...
Loop86 pFBA...7796.0...Ave likelihood of: cpd00141_c is 0.1947656688585592...
Loop87 pFBA...20312.0...Ave likelihood of: cpd00216_c is 0.23316740058564286...
Loop88 pFBA...5009.0...Ave likelihood of: cpd00036_c is 0.08026162304081588...
Loop89 pFBA...22335.0...Ave likelihood of: cpd00581_c is 0.13616879938815887...
Loop90 pFBA...4439.0...Ave likelihood of: cpd00128_c is 0.18625365577941655...
Loop91 pFBA...6001.0...Ave likelihood of: cpd00018_c is 0.3154741354070733...
Loop92 pFBA...5187.0...Ave likelihood of: cpd00091_c is 0.40910918330693785...
Loop93 pFBA...3569.0...Ave likelihood of: cpd00092_c is 0.3758289143859226...
Loop94 pFBA...62666.0...Ave likelihood of: cpd00305_c is 0.1725593593526672...
Loop95 pFBA...12630.0...Ave likelihood of: cpd00220_c is 0.2343446904138252...
Loop96 pFBA...14807.0...Ave likelihood of: cpd00218_c is 0.172506921947076...
Loop97 pFBA...14738.0...Ave likelihood of: cpd00215_c is 0.2746022626513795...
Loop98 pFBA...28516.0...Ave likelihood of: cpd00104_c is 0.16404298264770537...
Loop99 pFBA...36424.0...Ave likelihood of: cpd00393_c is 0.1679539210478632...
Loop100 pFBA...6459.0...Ave likelihood of: cpd00363_c is 0.45174670446817705...
Loop101 pFBA...9190.0...Ave likelihood of: cpd00281_c is 0.11566113104754747...
Loop102 pFBA...4242.0...Ave likelihood of: cpd00025_c is 0.36254762646437516...
Loop103 pFBA...21137.0...Ave likelihood of: cpd00811_c is 0.28421258701333185...
Loop104 pFBA...5366.0...Ave likelihood of: cpd00117_c is 0.3945357554556736...
Loop105 pFBA...7602.0...Ave likelihood of: cpd00186_c is 0.23305304019531636...
Loop106 pFBA...22451.0...Ave likelihood of: cpd00637_c is 0.16897667083815066...
Loop107 pFBA...6416.0...Ave likelihood of: cpd00550_c is 0.2943853807819257...
Loop108 pFBA...4202.0...Ave likelihood of: cpd00033_c is 0.22610074315475767...
Loop109 pFBA...5239.0...Ave likelihood of: cpd00035_c is 0.3945357554556736...
Loop110 pFBA...18264.0...Ave likelihood of: cpd00051_c is 0.31597461336382554...
Loop111 pFBA...7954.0...Ave likelihood of: cpd00132_c is 0.19167410199354312...
Loop112 pFBA...5455.0...Ave likelihood of: cpd00041_c is 0.2085288887722602...
Loop113 pFBA...13697.0...Ave likelihood of: cpd00084_c is 0.3141019532786143...
Loop114 pFBA...7346.0...Ave likelihood of: cpd00023_c is 0.13074884808439324...
Loop115 pFBA...9679.0...Ave likelihood of: cpd00053_c is 0.165359341024006...
Loop116 pFBA...21701.0...Ave likelihood of: cpd00119_c is 0.16204697036426927...
Loop117 pFBA...17447.0...Ave likelihood of: cpd00322_c is 0.1256949753031641...
Loop118 pFBA...14905.0...Ave likelihood of: cpd00107_c is 0.1924471212616963...
Loop119 pFBA...20669.0...Ave likelihood of: cpd00039_c is 0.19087962215411053...
Loop120 pFBA...21451.0...Ave likelihood of: cpd00060_c is 0.1708335573308776...
Loop121 pFBA...20791.0...Ave likelihood of: cpd00066_c is 0.2682000077195664...
Loop122 pFBA...10612.0...Ave likelihood of: cpd00129_c is 0.1388355566227419...
Loop123 pFBA...5416.0...Ave likelihood of: cpd00054_c is 0.30078506297283714...
Loop124 pFBA...7853.0...Ave likelihood of: cpd00161_c is 0.32870085786343467...
Loop125 pFBA...29296.0...Ave likelihood of: cpd00065_c is 0.16843491938014138...
Loop126 pFBA...18586.0...Ave likelihood of: cpd00069_c is 0.2567612453489742...
Loop127 pFBA...8735.0...Ave likelihood of: cpd00156_c is 0.21611362018373662...
Loop128 pFBA...23952.0...Ave likelihood of: cpd00098_c is 0.18482135490338672...
Loop129 pFBA...15001.0...Ave likelihood of: cpd00274_c is 0.3373012280013334...
Loop130 pFBA...6122.0...Ave likelihood of: cpd00226_c is 0.38090322174980756...
Loop131 pFBA...4605.0...Ave likelihood of: cpd00246_c is 0.3882337936096747...
Loop132 pFBA...20498.0...Ave likelihood of: cpd00374_c is 0.27427896575021327...
Loop133 pFBA...4276.0...Ave likelihood of: cpd00221_c is 0.3495441091013596...
Loop134 pFBA...4094.0...Ave likelihood of: cpd00159_c is 0.3341528361002406...
Loop135 pFBA...10130.0...Ave likelihood of: cpd00211_c is 0.24874937894972585...
Loop136 pFBA...4044.0...Ave likelihood of: cpd00047_c is 0.2933038043791548...
Loop137 pFBA...5238.0...Ave likelihood of: cpd00106_c is 0.1640536755077015...
Loop138 pFBA...7770.0...Ave likelihood of: cpd00141_c is 0.24474048643013477...
Loop139 pFBA...19849.0...Ave likelihood of: cpd00216_c is 0.2680212168531371...
Loop140 pFBA...5009.0...Ave likelihood of: cpd00036_c is 0.08026162304081588...
Loop141 pFBA...22335.0...Ave likelihood of: cpd00581_c is 0.13931721788743684...
Loop142 pFBA...4439.0...Ave likelihood of: cpd00128_c is 0.18625365577941655...
Loop143 pFBA...6001.0...Ave likelihood of: cpd00018_c is 0.3154741354070733...
Loop144 pFBA...5187.0...Ave likelihood of: cpd00091_c is 0.40910918330693785...
Loop145 pFBA...3569.0...Ave likelihood of: cpd00092_c is 0.3758289143859226...
Loop146 pFBA...62585.0...Ave likelihood of: cpd00305_c is 0.1785609695252272...
Loop147 pFBA...12625.0...Ave likelihood of: cpd00220_c is 0.2722784546049163...
Loop148 pFBA...14738.0...Ave likelihood of: cpd00218_c is 0.17075374853425182...
Loop149 pFBA...14431.0...Ave likelihood of: cpd00215_c is 0.2731662161718482...
Loop150 pFBA...28419.0...Ave likelihood of: cpd00104_c is 0.19036299101892853...
Loop151 pFBA...36417.0...Ave likelihood of: cpd00393_c is 0.15459166911427685...
Loop152 pFBA...6031.0...Ave likelihood of: cpd00363_c is 0.44585214707247245...
Loop153 pFBA...9190.0...Ave likelihood of: cpd00281_c is 0.11566113104754747...
Loop154 pFBA...4141.0...Ave likelihood of: cpd00025_c is 0.33547937686177653...
Loop155 pFBA...20253.0...Ave likelihood of: cpd00811_c is 0.2164061062649978...
32.5025349855mins to complete!
