
The following have been reloaded with a version change:
  1) anaconda2/4.4.0 => anaconda2/5.1.0

Loading in models...Adding Water...Remove no-like rxns...Pruned 1 metabolites from model
Pruned 1 reactions from model
Set-up Universal...62.0seconds to complete

Loop0 pFBA...6309.0...Ave likelihood of: cpd00117_c is 0.12521527046466144...
Loop1 pFBA...7945.0...Ave likelihood of: cpd00186_c is 0.17645515497938274...
Loop2 pFBA...23398.0...Ave likelihood of: cpd00637_c is 0.10188369423887063...
Loop3 pFBA...7398.0...Ave likelihood of: cpd00550_c is 0.15062345885847556...
Loop4 pFBA...4736.0...Ave likelihood of: cpd00033_c is 0.1577924238928214...
Loop5 pFBA...6155.0...Ave likelihood of: cpd00035_c is 0.26556055192252265...
Loop6 pFBA...19085.0...Ave likelihood of: cpd00051_c is 0.26533855502023657...
Loop7 pFBA...8375.0...Ave likelihood of: cpd00132_c is 0.14184850910969768...
Loop8 pFBA...5881.0...Ave likelihood of: cpd00041_c is 0.12905663635517528...
Loop9 pFBA...14387.0...Ave likelihood of: cpd00084_c is 0.17291380123392847...
Loop10 pFBA...7711.0...Ave likelihood of: cpd00023_c is 0.13712054194095993...
Loop11 pFBA...10115.0...Ave likelihood of: cpd00053_c is 0.11459601123669236...
Loop12 pFBA...22024.0...Ave likelihood of: cpd00119_c is 0.09291470771374517...
Loop13 pFBA...18240.0...Ave likelihood of: cpd00322_c is 0.16606376897885727...
Loop14 pFBA...15055.0...Ave likelihood of: cpd00107_c is 0.1652953154229498...
Loop15 pFBA...20941.0...Ave likelihood of: cpd00039_c is 0.20672642742238376...
Loop16 pFBA...22411.0...Ave likelihood of: cpd00060_c is 0.1381735755987612...
Loop17 pFBA...21231.0...Ave likelihood of: cpd00066_c is 0.15411221351123294...
Loop18 pFBA...11974.0...Ave likelihood of: cpd00129_c is 0.10511369254520009...
Loop19 pFBA...6398.0...Ave likelihood of: cpd00054_c is 0.15062345885847556...
Loop20 pFBA...8665.0...Ave likelihood of: cpd00161_c is 0.2360668897997214...
Loop21 pFBA...30527.0...Ave likelihood of: cpd00065_c is 0.12648554313572266...
Loop22 pFBA...19121.0...Ave likelihood of: cpd00069_c is 0.18011905420380872...
Loop23 pFBA...9171.0...Ave likelihood of: cpd00156_c is 0.10954681984581721...
Loop24 pFBA...25052.0...Ave likelihood of: cpd00098_c is 0.13696718759370766...
Loop25 pFBA...15445.0...Ave likelihood of: cpd00274_c is 0.2323345707191407...
Loop26 pFBA...7015.0...Ave likelihood of: cpd00226_c is 0.28042450562968135...
Loop27 pFBA...5062.0...Ave likelihood of: cpd00246_c is 0.2671582515044937...
Loop28 pFBA...21008.0...Ave likelihood of: cpd00374_c is 0.17143129938894172...
Loop29 pFBA...5015.0...Ave likelihood of: cpd00221_c is 0.2819611078815217...
Loop30 pFBA...4451.0...Ave likelihood of: cpd00159_c is 0.5322330482608008...
Loop31 pFBA...10710.0...Ave likelihood of: cpd00211_c is 0.22138692936191146...
Loop32 pFBA...4192.0...Ave likelihood of: cpd00047_c is 0.24490676399574382...
Loop33 pFBA...5340.0...Ave likelihood of: cpd00106_c is 0.08950360534718005...
Loop34 pFBA...8019.0...Ave likelihood of: cpd00141_c is 0.4216565280384704...
Loop35 pFBA...21307.0...Ave likelihood of: cpd00216_c is 0.1152587414597215...
Loop36 pFBA...5138.0...Ave likelihood of: cpd00036_c is 0.041131864908175234...
Loop37 pFBA...22022.0...Ave likelihood of: cpd00581_c is 0.08869131190857495...
Loop38 pFBA...4970.0...Ave likelihood of: cpd00128_c is 0.09602103859629744...
Loop39 pFBA...6074.0...Ave likelihood of: cpd00018_c is 0.14955427482342745...
Loop40 pFBA...5423.0...Ave likelihood of: cpd00091_c is 0.17667003110658305...
Loop41 pFBA...3463.0...Ave likelihood of: cpd00092_c is 0.39520430821220837...
Loop42 pFBA...64573.0...Ave likelihood of: cpd00305_c is 0.13001057647912978...
Loop43 pFBA...14647.0...Ave likelihood of: cpd00220_c is 0.06585508138446663...
Loop44 pFBA...14548.0...Ave likelihood of: cpd00218_c is 0.1418648019039873...
Loop45 pFBA...15087.0...Ave likelihood of: cpd00215_c is 0.20186957828446545...
Loop46 pFBA...29117.0...Ave likelihood of: cpd00104_c is 0.14171028215524484...
Loop47 pFBA...35891.0...Ave likelihood of: cpd00393_c is 0.1218348248194901...
Loop48 pFBA...6394.0...Ave likelihood of: cpd00363_c is 0.34103450601057494...
Loop49 pFBA...9999.0...Ave likelihood of: cpd00281_c is 8.412783120957681e-05...
Loop50 pFBA...4242.0...Ave likelihood of: cpd00025_c is 0.2406094419086112...
Loop51 pFBA...21085.0...Ave likelihood of: cpd00811_c is 0.11528476231891063...
Loop52 pFBA...5708.0...Ave likelihood of: cpd00714_c is 0.28733612874647446...
Loop53 pFBA...6309.0...Ave likelihood of: cpd00117_c is 0.12521527046466144...
Loop54 pFBA...7945.0...Ave likelihood of: cpd00186_c is 0.17645515497938274...
Loop55 pFBA...23426.0...Ave likelihood of: cpd00637_c is 0.08972162647523627...
Loop56 pFBA...7462.0...Ave likelihood of: cpd00550_c is 0.10610179041664732...
Loop57 pFBA...4736.0...Ave likelihood of: cpd00033_c is 0.1577924238928214...
Loop58 pFBA...6189.0...Ave likelihood of: cpd00035_c is 0.12521527046466144...
Loop59 pFBA...19474.0...Ave likelihood of: cpd00051_c is 0.13440774210015083...
Loop60 pFBA...8375.0...Ave likelihood of: cpd00132_c is 0.14184850910969768...
Loop61 pFBA...5881.0...Ave likelihood of: cpd00041_c is 0.12905663635517528...
Loop62 pFBA...14703.0...Ave likelihood of: cpd00084_c is 0.1554377556811797...
Loop63 pFBA...7711.0...Ave likelihood of: cpd00023_c is 0.13712054194095993...
Loop64 pFBA...10115.0...Ave likelihood of: cpd00053_c is 0.11459601123669239...
Loop65 pFBA...22024.0...Ave likelihood of: cpd00119_c is 0.090767595785948...
Loop66 pFBA...18292.0...Ave likelihood of: cpd00322_c is 0.07738706609883683...
Loop67 pFBA...15055.0...Ave likelihood of: cpd00107_c is 0.18453404136278623...
Loop68 pFBA...21468.0...Ave likelihood of: cpd00039_c is 0.1688699661427927...
Loop69 pFBA...22431.0...Ave likelihood of: cpd00060_c is 0.10945593630036914...
Loop70 pFBA...22351.0...Ave likelihood of: cpd00066_c is 0.12824858276841686...
Loop71 pFBA...11974.0...Ave likelihood of: cpd00129_c is 0.10511369254520009...
Loop72 pFBA...6462.0...Ave likelihood of: cpd00054_c is 0.10845960798146172...
Loop73 pFBA...8873.0...Ave likelihood of: cpd00161_c is 0.15433393770473372...
Loop74 pFBA...30527.0...Ave likelihood of: cpd00065_c is 0.12951261541921852...
Loop75 pFBA...20027.0...Ave likelihood of: cpd00069_c is 0.11470826643090792...
Loop76 pFBA...9171.0...Ave likelihood of: cpd00156_c is 0.10954681984581721...
Loop77 pFBA...25388.0...Ave likelihood of: cpd00098_c is 0.10183349674060521...
Loop78 pFBA...15847.0...Ave likelihood of: cpd00274_c is 0.13526216323464008...
Loop79 pFBA...7015.0...Ave likelihood of: cpd00226_c is 0.28042450562968135...
Loop80 pFBA...5145.0...Ave likelihood of: cpd00246_c is 0.2056473374234491...
Loop81 pFBA...22376.0...Ave likelihood of: cpd00374_c is 0.1099287553296201...
Loop82 pFBA...5511.0...Ave likelihood of: cpd00221_c is 0.08395025796124668...
Loop83 pFBA...4769.0...Ave likelihood of: cpd00159_c is 0.26861086507759774...
Loop84 pFBA...10765.0...Ave likelihood of: cpd00211_c is 0.1398266016950047...
Loop85 pFBA...4281.0...Ave likelihood of: cpd00047_c is 0.09611747818388522...
Loop86 pFBA...5340.0...Ave likelihood of: cpd00106_c is 0.08950360534718005...
Loop87 pFBA...8450.0...Ave likelihood of: cpd00141_c is 0.07549452650866326...
Loop88 pFBA...22121.0...Ave likelihood of: cpd00216_c is 0.13770976259207846...
Loop89 pFBA...5138.0...Ave likelihood of: cpd00036_c is 0.03856112335141428...
Loop90 pFBA...22022.0...Ave likelihood of: cpd00581_c is 0.08869131190857495...
Loop91 pFBA...4970.0...Ave likelihood of: cpd00128_c is 0.09602103859629744...
Loop92 pFBA...6074.0...Ave likelihood of: cpd00018_c is 0.14955427482342745...
Loop93 pFBA...5423.0...Ave likelihood of: cpd00091_c is 0.17667003110658305...
Loop94 pFBA...3463.0...Ave likelihood of: cpd00092_c is 0.39520430821220837...
Loop95 pFBA...64769.0...Ave likelihood of: cpd00305_c is 0.11132730349544075...
Loop96 pFBA...14647.0...Ave likelihood of: cpd00220_c is 0.06585508138446665...
Loop97 pFBA...14890.0...Ave likelihood of: cpd00218_c is 0.10244717359468225...
Loop98 pFBA...15518.0...Ave likelihood of: cpd00215_c is 0.17040871327161045...
Loop99 pFBA...29270.0...Ave likelihood of: cpd00104_c is 0.13565195460287913...
Loop100 pFBA...35895.0...Ave likelihood of: cpd00393_c is 0.12338332062222568...
Loop101 pFBA...7468.0...Ave likelihood of: cpd00363_c is 0.15201678422614287...
Loop102 pFBA...9999.0...Ave likelihood of: cpd00281_c is 8.412783120957681e-05...
Loop103 pFBA...4389.0...Ave likelihood of: cpd00025_c is 0.25398994837780925...
Loop104 pFBA...22075.0...Ave likelihood of: cpd00811_c is 0.09948956703328433...
Loop105 pFBA...6559.0...Ave likelihood of: cpd00714_c is 0.23832929020311663...
Loop106 pFBA...6309.0...Ave likelihood of: cpd00117_c is 0.12521527046466144...
Loop107 pFBA...7945.0...Ave likelihood of: cpd00186_c is 0.17645515497938274...
Loop108 pFBA...23334.0...Ave likelihood of: cpd00637_c is 0.11236281460409037...
Loop109 pFBA...7446.0...Ave likelihood of: cpd00550_c is 0.2075036802397487...
Loop110 pFBA...4736.0...Ave likelihood of: cpd00033_c is 0.1577924238928214...
Loop111 pFBA...6189.0...Ave likelihood of: cpd00035_c is 0.12521527046466144...
Loop112 pFBA...19049.0...Ave likelihood of: cpd00051_c is 0.24066776416264177...
Loop113 pFBA...8375.0...Ave likelihood of: cpd00132_c is 0.14184850910969768...
Loop114 pFBA...5881.0...Ave likelihood of: cpd00041_c is 0.13321975365695513...
Loop115 pFBA...14629.0...Ave likelihood of: cpd00084_c is 0.17361430564528993...
Loop116 pFBA...7711.0...Ave likelihood of: cpd00023_c is 0.13712054194095993...
Loop117 pFBA...10115.0...Ave likelihood of: cpd00053_c is 0.11459601123669236...
Loop118 pFBA...22024.0...Ave likelihood of: cpd00119_c is 0.09291470771374517...
Loop119 pFBA...18188.0...Ave likelihood of: cpd00322_c is 0.17069873624748455...
Loop120 pFBA...15055.0...Ave likelihood of: cpd00107_c is 0.1652953154229498...
Loop121 pFBA...21049.0...Ave likelihood of: cpd00039_c is 0.1751781853882814...
Loop122 pFBA...22354.0...Ave likelihood of: cpd00060_c is 0.11789256361379993...
Loop123 pFBA...21047.0...Ave likelihood of: cpd00066_c is 0.1629403709737169...
Loop124 pFBA...11974.0...Ave likelihood of: cpd00129_c is 0.10511369254520009...
Loop125 pFBA...6446.0...Ave likelihood of: cpd00054_c is 0.20023887706077512...
Loop126 pFBA...8668.0...Ave likelihood of: cpd00161_c is 0.3047361328118668...
Loop127 pFBA...30524.0...Ave likelihood of: cpd00065_c is 0.13224918463603233...
Loop128 pFBA...18969.0...Ave likelihood of: cpd00069_c is 0.16270551726575064...
Loop129 pFBA...9171.0...Ave likelihood of: cpd00156_c is 0.10954681984581721...
Loop130 pFBA...24956.0...Ave likelihood of: cpd00098_c is 0.17666849751014418...
Loop131 pFBA...15507.0...Ave likelihood of: cpd00274_c is 0.22291481647797812...
Loop132 pFBA...7015.0...Ave likelihood of: cpd00226_c is 0.28042450562968135...
Loop133 pFBA...5100.0...Ave likelihood of: cpd00246_c is 0.27547691759872733...
Loop134 pFBA...20819.0...Ave likelihood of: cpd00374_c is 0.17525201565091822...
Loop135 pFBA...4903.0...Ave likelihood of: cpd00221_c is 0.17487009674534598...
Loop136 pFBA...4510.0...Ave likelihood of: cpd00159_c is 0.2516044324458336...
Loop137 pFBA...10663.0...Ave likelihood of: cpd00211_c is 0.2282828562737715...
Loop138 pFBA...4265.0...Ave likelihood of: cpd00047_c is 0.12397623819385326...
Loop139 pFBA...5340.0...Ave likelihood of: cpd00106_c is 0.08950360534718005...
Loop140 pFBA...8269.0...Ave likelihood of: cpd00141_c is 0.20247871892861807...
Loop141 pFBA...21099.0...Ave likelihood of: cpd00216_c is 0.14344673308428016...
Loop142 pFBA...5138.0...Ave likelihood of: cpd00036_c is 0.041131864908175234...
Loop143 pFBA...22022.0...Ave likelihood of: cpd00581_c is 0.08869131190857495...
Loop144 pFBA...4970.0...Ave likelihood of: cpd00128_c is 0.09602103859629744...
Loop145 pFBA...6074.0...Ave likelihood of: cpd00018_c is 0.14955427482342745...
Loop146 pFBA...5423.0...Ave likelihood of: cpd00091_c is 0.17667003110658305...
Loop147 pFBA...3453.0...Ave likelihood of: cpd00092_c is 0.3094743667638578...
Loop148 pFBA...64589.0...Ave likelihood of: cpd00305_c is 0.12044505412572107...
Loop149 pFBA...14630.0...Ave likelihood of: cpd00220_c is 0.14156236558763705...
Loop150 pFBA...14460.0...Ave likelihood of: cpd00218_c is 0.14388840323303762...
Loop151 pFBA...14971.0...Ave likelihood of: cpd00215_c is 0.19898847939916386...
Loop152 pFBA...29135.0...Ave likelihood of: cpd00104_c is 0.13933963722926995...
Loop153 pFBA...35888.0...Ave likelihood of: cpd00393_c is 0.1106059815333814...
Loop154 pFBA...6577.0...Ave likelihood of: cpd00363_c is 0.38179438002126237...
Loop155 pFBA...9999.0...Ave likelihood of: cpd00281_c is 8.412783120957681e-05...
Loop156 pFBA...4207.0...Ave likelihood of: cpd00025_c is 0.25865573312567586...
Loop157 pFBA...20948.0...Ave likelihood of: cpd00811_c is 0.12042536238047907...
Loop158 pFBA...5567.0...Ave likelihood of: cpd00714_c is 0.30079960509820125...
33.2067045689mins to complete!
