
The following have been reloaded with a version change:
  1) anaconda2/4.4.0 => anaconda2/5.1.0

Loading in models...Adding Water...Remove no-like rxns...Pruned 1 metabolites from model
Pruned 1 reactions from model
Set-up Universal...66.0seconds to complete

Loop0 pFBA...5241.0...Ave likelihood of: cpd00117_c is 0.4148376401758092...
Loop1 pFBA...7580.0...Ave likelihood of: cpd00186_c is 0.2366705300672993...
Loop2 pFBA...22039.0...Ave likelihood of: cpd00637_c is 0.24104981194054856...
Loop3 pFBA...6290.0...Ave likelihood of: cpd00550_c is 0.4827680392348773...
Loop4 pFBA...4104.0...Ave likelihood of: cpd00033_c is 0.281150563914763...
Loop5 pFBA...5092.0...Ave likelihood of: cpd00035_c is 0.4227168145347024...
Loop6 pFBA...18271.0...Ave likelihood of: cpd00051_c is 0.29374781904500447...
Loop7 pFBA...7780.0...Ave likelihood of: cpd00132_c is 0.21973521931429651...
Loop8 pFBA...5328.0...Ave likelihood of: cpd00041_c is 0.1809102081635545...
Loop9 pFBA...13678.0...Ave likelihood of: cpd00084_c is 0.2740940872679186...
Loop10 pFBA...7335.0...Ave likelihood of: cpd00023_c is 0.13309886402403315...
Loop11 pFBA...9469.0...Ave likelihood of: cpd00053_c is 0.26079546652890173...
Loop12 pFBA...21316.0...Ave likelihood of: cpd00119_c is 0.18592899811151975...
Loop13 pFBA...17074.0...Ave likelihood of: cpd00322_c is 0.2963613556614277...
Loop14 pFBA...14687.0...Ave likelihood of: cpd00107_c is 0.25948052348690115...
Loop15 pFBA...16932.0...Ave likelihood of: cpd00039_c is 0.3395063744281947...
Loop16 pFBA...21039.0...Ave likelihood of: cpd00060_c is 0.24402573554475288...
Loop17 pFBA...20487.0...Ave likelihood of: cpd00066_c is 0.2698779718028785...
Loop18 pFBA...10542.0...Ave likelihood of: cpd00129_c is 0.1458359148508703...
Loop19 pFBA...5290.0...Ave likelihood of: cpd00054_c is 0.5229987091711171...
Loop20 pFBA...7532.0...Ave likelihood of: cpd00161_c is 0.3921346899889199...
Loop21 pFBA...29257.0...Ave likelihood of: cpd00065_c is 0.1973005921890681...
Loop22 pFBA...18408.0...Ave likelihood of: cpd00069_c is 0.28226015259276444...
Loop23 pFBA...8380.0...Ave likelihood of: cpd00156_c is 0.21365770436352857...
Loop24 pFBA...23611.0...Ave likelihood of: cpd00098_c is 0.2809330633062909...
Loop25 pFBA...14423.0...Ave likelihood of: cpd00274_c is 0.2694286468640366...
Loop26 pFBA...6089.0...Ave likelihood of: cpd00226_c is 0.4443277313977015...
Loop27 pFBA...4591.0...Ave likelihood of: cpd00246_c is 0.3874518455846075...
Loop28 pFBA...20261.0...Ave likelihood of: cpd00374_c is 0.2853668433540726...
Loop29 pFBA...4300.0...Ave likelihood of: cpd00221_c is 0.3656555199088989...
Loop30 pFBA...3957.0...Ave likelihood of: cpd00159_c is 0.3798008163685706...
Loop31 pFBA...10206.0...Ave likelihood of: cpd00211_c is 0.2751263862096266...
Loop32 pFBA...3957.0...Ave likelihood of: cpd00047_c is 0.3510452739197516...
Loop33 pFBA...5052.0...Ave likelihood of: cpd00106_c is 0.17220599440241255...
Loop34 pFBA...7680.0...Ave likelihood of: cpd00141_c is 0.23304269395866548...
Loop35 pFBA...19518.0...Ave likelihood of: cpd00216_c is 0.2738137724932472...
Loop36 pFBA...4969.0...Ave likelihood of: cpd00036_c is 0.15034732115335828...
Loop37 pFBA...21956.0...Ave likelihood of: cpd00581_c is 0.1926887783798019...
Loop38 pFBA...4234.0...Ave likelihood of: cpd00128_c is 0.3826392306040078...
Loop39 pFBA...5641.0...Ave likelihood of: cpd00018_c is 0.2903163539941019...
Loop40 pFBA...4688.0...Ave likelihood of: cpd00091_c is 0.36447519440856074...
Loop41 pFBA...3292.0...Ave likelihood of: cpd00092_c is 0.41241842935325096...
Loop42 pFBA...61462.0...Ave likelihood of: cpd00305_c is 0.20000196604030818...
Loop43 pFBA...12233.0...Ave likelihood of: cpd00220_c is 0.3198197541225944...
Loop44 pFBA...14395.0...Ave likelihood of: cpd00218_c is 0.20767627788248336...
Loop45 pFBA...14114.0...Ave likelihood of: cpd00215_c is 0.35680786177215673...
Loop46 pFBA...28088.0...Ave likelihood of: cpd00104_c is 0.19974787010304795...
Loop47 pFBA...34825.0...Ave likelihood of: cpd00393_c is 0.2544891256755104...
Loop48 pFBA...6083.0...Ave likelihood of: cpd00363_c is 0.4576317805052225...
Loop49 pFBA...9177.0...Ave likelihood of: cpd00281_c is 0.11761379767694678...
Loop50 pFBA...4108.0...Ave likelihood of: cpd00025_c is 0.4017941548243656...
Loop51 pFBA...20070.0...Ave likelihood of: cpd00811_c is 0.30622433537283017...
Loop52 pFBA...5169.0...Ave likelihood of: cpd00714_c is 0.43771020176625475...
Loop53 pFBA...5241.0...Ave likelihood of: cpd00117_c is 0.4148376401758092...
Loop54 pFBA...7580.0...Ave likelihood of: cpd00186_c is 0.2366705300672993...
Loop55 pFBA...22043.0...Ave likelihood of: cpd00637_c is 0.23363769793658098...
Loop56 pFBA...6290.0...Ave likelihood of: cpd00550_c is 0.4827680392348773...
Loop57 pFBA...4104.0...Ave likelihood of: cpd00033_c is 0.281150563914763...
Loop58 pFBA...5092.0...Ave likelihood of: cpd00035_c is 0.4227168145347024...
Loop59 pFBA...18381.0...Ave likelihood of: cpd00051_c is 0.32196323550462513...
Loop60 pFBA...7780.0...Ave likelihood of: cpd00132_c is 0.21973521931429651...
Loop61 pFBA...5328.0...Ave likelihood of: cpd00041_c is 0.1809102081635545...
Loop62 pFBA...13734.0...Ave likelihood of: cpd00084_c is 0.29298276254323014...
Loop63 pFBA...7335.0...Ave likelihood of: cpd00023_c is 0.13309886402403315...
Loop64 pFBA...9469.0...Ave likelihood of: cpd00053_c is 0.26081251299432323...
Loop65 pFBA...21316.0...Ave likelihood of: cpd00119_c is 0.18593946523941013...
Loop66 pFBA...17087.0...Ave likelihood of: cpd00322_c is 0.2164996270377524...
Loop67 pFBA...14687.0...Ave likelihood of: cpd00107_c is 0.25948052348690115...
Loop68 pFBA...17000.0...Ave likelihood of: cpd00039_c is 0.30493674289445744...
Loop69 pFBA...21043.0...Ave likelihood of: cpd00060_c is 0.23702375152986477...
Loop70 pFBA...21398.0...Ave likelihood of: cpd00066_c is 0.26392396215911446...
Loop71 pFBA...10542.0...Ave likelihood of: cpd00129_c is 0.1458359148508703...
Loop72 pFBA...5290.0...Ave likelihood of: cpd00054_c is 0.5229987091711171...
Loop73 pFBA...7599.0...Ave likelihood of: cpd00161_c is 0.3465820855611044...
Loop74 pFBA...29258.0...Ave likelihood of: cpd00065_c is 0.1826993252114603...
Loop75 pFBA...19001.0...Ave likelihood of: cpd00069_c is 0.29134729861309994...
Loop76 pFBA...8380.0...Ave likelihood of: cpd00156_c is 0.21365770436352857...
Loop77 pFBA...23901.0...Ave likelihood of: cpd00098_c is 0.2395754882666669...
Loop78 pFBA...14458.0...Ave likelihood of: cpd00274_c is 0.20824885431578893...
Loop79 pFBA...6089.0...Ave likelihood of: cpd00226_c is 0.4443277313977014...
Loop80 pFBA...4801.0...Ave likelihood of: cpd00246_c is 0.3618731760778067...
Loop81 pFBA...21000.0...Ave likelihood of: cpd00374_c is 0.3121486414725282...
Loop82 pFBA...4340.0...Ave likelihood of: cpd00221_c is 0.40999475698600885...
Loop83 pFBA...3984.0...Ave likelihood of: cpd00159_c is 0.4028499843605011...
Loop84 pFBA...10207.0...Ave likelihood of: cpd00211_c is 0.22587502381869756...
Loop85 pFBA...4070.0...Ave likelihood of: cpd00047_c is 0.35729682502627164...
Loop86 pFBA...5052.0...Ave likelihood of: cpd00106_c is 0.17220599440241255...
Loop87 pFBA...7683.0...Ave likelihood of: cpd00141_c is 0.2955444622322548...
Loop88 pFBA...20468.0...Ave likelihood of: cpd00216_c is 0.3036653912526584...
Loop89 pFBA...4969.0...Ave likelihood of: cpd00036_c is 0.15034732115335828...
Loop90 pFBA...21956.0...Ave likelihood of: cpd00581_c is 0.1926996261305247...
Loop91 pFBA...4234.0...Ave likelihood of: cpd00128_c is 0.3826392306040078...
Loop92 pFBA...5641.0...Ave likelihood of: cpd00018_c is 0.2903163539941019...
Loop93 pFBA...4688.0...Ave likelihood of: cpd00091_c is 0.36447519440856074...
Loop94 pFBA...3295.0...Ave likelihood of: cpd00092_c is 0.4326196601776272...
Loop95 pFBA...61502.0...Ave likelihood of: cpd00305_c is 0.16240636708689904...
Loop96 pFBA...12233.0...Ave likelihood of: cpd00220_c is 0.3354207177383307...
Loop97 pFBA...14685.0...Ave likelihood of: cpd00218_c is 0.17337582509237356...
Loop98 pFBA...14482.0...Ave likelihood of: cpd00215_c is 0.3912154031077352...
Loop99 pFBA...28088.0...Ave likelihood of: cpd00104_c is 0.19667482594761646...
Loop100 pFBA...34825.0...Ave likelihood of: cpd00393_c is 0.2544891256755104...
Loop101 pFBA...6325.0...Ave likelihood of: cpd00363_c is 0.4759015978778021...
Loop102 pFBA...9177.0...Ave likelihood of: cpd00281_c is 0.11761379767694678...
Loop103 pFBA...4189.0...Ave likelihood of: cpd00025_c is 0.40259955027604566...
Loop104 pFBA...20838.0...Ave likelihood of: cpd00811_c is 0.31101550704219155...
Loop105 pFBA...5877.0...Ave likelihood of: cpd00714_c is 0.561608557307348...
Loop106 pFBA...5241.0...Ave likelihood of: cpd00117_c is 0.4148376401758092...
Loop107 pFBA...7580.0...Ave likelihood of: cpd00186_c is 0.2366705300672993...
Loop108 pFBA...22043.0...Ave likelihood of: cpd00637_c is 0.23363769793658098...
Loop109 pFBA...6290.0...Ave likelihood of: cpd00550_c is 0.4827680392348773...
Loop110 pFBA...4104.0...Ave likelihood of: cpd00033_c is 0.281150563914763...
Loop111 pFBA...5092.0...Ave likelihood of: cpd00035_c is 0.4227168145347024...
Loop112 pFBA...18285.0...Ave likelihood of: cpd00051_c is 0.29362500265209995...
Loop113 pFBA...7780.0...Ave likelihood of: cpd00132_c is 0.21973521931429651...
Loop114 pFBA...5328.0...Ave likelihood of: cpd00041_c is 0.18761058624368612...
Loop115 pFBA...13699.0...Ave likelihood of: cpd00084_c is 0.28311662554575834...
Loop116 pFBA...7335.0...Ave likelihood of: cpd00023_c is 0.13309886402403315...
Loop117 pFBA...9469.0...Ave likelihood of: cpd00053_c is 0.26081251299432323...
Loop118 pFBA...21316.0...Ave likelihood of: cpd00119_c is 0.18592899811151975...
Loop119 pFBA...17062.0...Ave likelihood of: cpd00322_c is 0.2814637083595...
Loop120 pFBA...14687.0...Ave likelihood of: cpd00107_c is 0.25948052348690115...
Loop121 pFBA...16924.0...Ave likelihood of: cpd00039_c is 0.32643709479908506...
Loop122 pFBA...21043.0...Ave likelihood of: cpd00060_c is 0.23702375152986477...
Loop123 pFBA...20728.0...Ave likelihood of: cpd00066_c is 0.24282030113318273...
Loop124 pFBA...10542.0...Ave likelihood of: cpd00129_c is 0.1458359148508703...
Loop125 pFBA...5290.0...Ave likelihood of: cpd00054_c is 0.5229987091711171...
Loop126 pFBA...7555.0...Ave likelihood of: cpd00161_c is 0.37162694883536845...
Loop127 pFBA...29258.0...Ave likelihood of: cpd00065_c is 0.182924839601047...
Loop128 pFBA...18571.0...Ave likelihood of: cpd00069_c is 0.25331601485039473...
Loop129 pFBA...8380.0...Ave likelihood of: cpd00156_c is 0.21365770436352857...
Loop130 pFBA...23721.0...Ave likelihood of: cpd00098_c is 0.2592483067529112...
Loop131 pFBA...14456.0...Ave likelihood of: cpd00274_c is 0.2973340906757003...
Loop132 pFBA...6089.0...Ave likelihood of: cpd00226_c is 0.4443277313977014...
Loop133 pFBA...4666.0...Ave likelihood of: cpd00246_c is 0.3677220222443141...
Loop134 pFBA...20504.0...Ave likelihood of: cpd00374_c is 0.3138106357147863...
Loop135 pFBA...4337.0...Ave likelihood of: cpd00221_c is 0.32436231786117486...
Loop136 pFBA...3978.0...Ave likelihood of: cpd00159_c is 0.3511235413630512...
Loop137 pFBA...10207.0...Ave likelihood of: cpd00211_c is 0.22587502381869756...
Loop138 pFBA...4030.0...Ave likelihood of: cpd00047_c is 0.29496443145881857...
Loop139 pFBA...5052.0...Ave likelihood of: cpd00106_c is 0.17220599440241255...
Loop140 pFBA...7683.0...Ave likelihood of: cpd00141_c is 0.2955444622322548...
Loop141 pFBA...19902.0...Ave likelihood of: cpd00216_c is 0.2616210614192627...
Loop142 pFBA...4969.0...Ave likelihood of: cpd00036_c is 0.15034732115335828...
Loop143 pFBA...21956.0...Ave likelihood of: cpd00581_c is 0.1926887783798019...
Loop144 pFBA...4234.0...Ave likelihood of: cpd00128_c is 0.3826392306040078...
Loop145 pFBA...5641.0...Ave likelihood of: cpd00018_c is 0.2903163539941019...
Loop146 pFBA...4688.0...Ave likelihood of: cpd00091_c is 0.36447519440856074...
Loop147 pFBA...3295.0...Ave likelihood of: cpd00092_c is 0.4326196601776272...
Loop148 pFBA...61484.0...Ave likelihood of: cpd00305_c is 0.18686171381416947...
Loop149 pFBA...12233.0...Ave likelihood of: cpd00220_c is 0.3198197541225944...
Loop150 pFBA...14595.0...Ave likelihood of: cpd00218_c is 0.21679700410582606...
Loop151 pFBA...14168.0...Ave likelihood of: cpd00215_c is 0.3131061585323094...
Loop152 pFBA...28088.0...Ave likelihood of: cpd00104_c is 0.19369490434234954...
Loop153 pFBA...34825.0...Ave likelihood of: cpd00393_c is 0.2544891256755104...
Loop154 pFBA...6053.0...Ave likelihood of: cpd00363_c is 0.42506369287718465...
Loop155 pFBA...9177.0...Ave likelihood of: cpd00281_c is 0.11761379767694678...
Loop156 pFBA...4137.0...Ave likelihood of: cpd00025_c is 0.39447900270952174...
Loop157 pFBA...20196.0...Ave likelihood of: cpd00811_c is 0.20765464237656145...
Loop158 pFBA...5571.0...Ave likelihood of: cpd00714_c is 0.4622654088769027...
37.213237083mins to complete!
