
The following have been reloaded with a version change:
  1) anaconda2/4.4.0 => anaconda2/5.1.0

Loading in models...Adding Water...Remove no-like rxns...Pruned 1 metabolites from model
Pruned 1 reactions from model
Set-up Universal...62.0seconds to complete

Loop0 pFBA...6309.0...Ave likelihood of: cpd00117_c is 0.12521527046466144...
Loop1 pFBA...7947.0...Ave likelihood of: cpd00186_c is 0.1763221418287617...
Loop2 pFBA...23387.0...Ave likelihood of: cpd00637_c is 0.10214931465398798...
Loop3 pFBA...7398.0...Ave likelihood of: cpd00550_c is 0.14666835795709895...
Loop4 pFBA...4737.0...Ave likelihood of: cpd00033_c is 0.1577738589220791...
Loop5 pFBA...6154.0...Ave likelihood of: cpd00035_c is 0.26558144214613405...
Loop6 pFBA...19086.0...Ave likelihood of: cpd00051_c is 0.2653427523773898...
Loop7 pFBA...8375.0...Ave likelihood of: cpd00132_c is 0.14181698890212338...
Loop8 pFBA...5881.0...Ave likelihood of: cpd00041_c is 0.1290256179679133...
Loop9 pFBA...14387.0...Ave likelihood of: cpd00084_c is 0.1729031074547602...
Loop10 pFBA...7711.0...Ave likelihood of: cpd00023_c is 0.12860072200591566...
Loop11 pFBA...10115.0...Ave likelihood of: cpd00053_c is 0.11457615289183445...
Loop12 pFBA...22024.0...Ave likelihood of: cpd00119_c is 0.09519430720485988...
Loop13 pFBA...18239.0...Ave likelihood of: cpd00322_c is 0.16607848220767918...
Loop14 pFBA...15078.0...Ave likelihood of: cpd00107_c is 0.14093944396564234...
Loop15 pFBA...20941.0...Ave likelihood of: cpd00039_c is 0.20673379274014586...
Loop16 pFBA...22400.0...Ave likelihood of: cpd00060_c is 0.12770719463855723...
Loop17 pFBA...21231.0...Ave likelihood of: cpd00066_c is 0.15179286314789825...
Loop18 pFBA...11974.0...Ave likelihood of: cpd00129_c is 0.1051221450388956...
Loop19 pFBA...6398.0...Ave likelihood of: cpd00054_c is 0.13804211710961284...
Loop20 pFBA...8665.0...Ave likelihood of: cpd00161_c is 0.23603967680524898...
Loop21 pFBA...30527.0...Ave likelihood of: cpd00065_c is 0.12648284028453433...
Loop22 pFBA...19119.0...Ave likelihood of: cpd00069_c is 0.17717343188079077...
Loop23 pFBA...9171.0...Ave likelihood of: cpd00156_c is 0.10955478253002493...
Loop24 pFBA...25034.0...Ave likelihood of: cpd00098_c is 0.13274927506050363...
Loop25 pFBA...15445.0...Ave likelihood of: cpd00274_c is 0.2323208630816396...
Loop26 pFBA...7014.0...Ave likelihood of: cpd00226_c is 0.2805479855568891...
Loop27 pFBA...5062.0...Ave likelihood of: cpd00246_c is 0.26729451755547834...
Loop28 pFBA...21008.0...Ave likelihood of: cpd00374_c is 0.17148599641435122...
Loop29 pFBA...5015.0...Ave likelihood of: cpd00221_c is 0.2819455415219801...
Loop30 pFBA...4451.0...Ave likelihood of: cpd00159_c is 0.532259797640601...
Loop31 pFBA...10708.0...Ave likelihood of: cpd00211_c is 0.22150103176872799...
Loop32 pFBA...4192.0...Ave likelihood of: cpd00047_c is 0.24504319691269502...
Loop33 pFBA...5341.0...Ave likelihood of: cpd00106_c is 0.08950445020732113...
Loop34 pFBA...8018.0...Ave likelihood of: cpd00141_c is 0.4216834872658263...
Loop35 pFBA...21307.0...Ave likelihood of: cpd00216_c is 0.11736190786524323...
Loop36 pFBA...5138.0...Ave likelihood of: cpd00036_c is 0.041131864908175234...
Loop37 pFBA...22022.0...Ave likelihood of: cpd00581_c is 0.08870378625907399...
Loop38 pFBA...4970.0...Ave likelihood of: cpd00128_c is 0.09608473579026132...
Loop39 pFBA...6074.0...Ave likelihood of: cpd00018_c is 0.14956364988636003...
Loop40 pFBA...5423.0...Ave likelihood of: cpd00091_c is 0.17667940616951563...
Loop41 pFBA...3463.0...Ave likelihood of: cpd00092_c is 0.3953482653828018...
Loop42 pFBA...64571.0...Ave likelihood of: cpd00305_c is 0.11079223553340109...
Loop43 pFBA...14646.0...Ave likelihood of: cpd00220_c is 0.06590774004490238...
Loop44 pFBA...14548.0...Ave likelihood of: cpd00218_c is 0.14186661848918894...
Loop45 pFBA...15086.0...Ave likelihood of: cpd00215_c is 0.20190014552532465...
Loop46 pFBA...29104.0...Ave likelihood of: cpd00104_c is 0.13926509429759407...
Loop47 pFBA...35489.0...Ave likelihood of: cpd00393_c is 0.1273306227040877...
Loop48 pFBA...6395.0...Ave likelihood of: cpd00363_c is 0.34101317541654935...
Loop49 pFBA...9999.0...Ave likelihood of: cpd00281_c is 8.337973488117324e-05...
Loop50 pFBA...4242.0...Ave likelihood of: cpd00025_c is 0.24887387894515053...
Loop51 pFBA...21085.0...Ave likelihood of: cpd00811_c is 0.115738929842765...
Loop52 pFBA...6071.0...Ave likelihood of: cpd00714_c is 0.22970644221481792...
Loop53 pFBA...6309.0...Ave likelihood of: cpd00117_c is 0.12521527046466144...
Loop54 pFBA...7947.0...Ave likelihood of: cpd00186_c is 0.16595025113295217...
Loop55 pFBA...23429.0...Ave likelihood of: cpd00637_c is 0.09595861384732512...
Loop56 pFBA...7462.0...Ave likelihood of: cpd00550_c is 0.10612063576328401...
Loop57 pFBA...4737.0...Ave likelihood of: cpd00033_c is 0.1577738589220791...
Loop58 pFBA...6189.0...Ave likelihood of: cpd00035_c is 0.12521527046466144...
Loop59 pFBA...19475.0...Ave likelihood of: cpd00051_c is 0.13440715668001654...
Loop60 pFBA...8375.0...Ave likelihood of: cpd00132_c is 0.14181698890212338...
Loop61 pFBA...5881.0...Ave likelihood of: cpd00041_c is 0.1290256179679133...
Loop62 pFBA...14714.0...Ave likelihood of: cpd00084_c is 0.14146515169852125...
Loop63 pFBA...7711.0...Ave likelihood of: cpd00023_c is 0.12860072200591569...
Loop64 pFBA...10115.0...Ave likelihood of: cpd00053_c is 0.1145919274362714...
Loop65 pFBA...22024.0...Ave likelihood of: cpd00119_c is 0.09292777608093465...
Loop66 pFBA...18292.0...Ave likelihood of: cpd00322_c is 0.0774245870756082...
Loop67 pFBA...15078.0...Ave likelihood of: cpd00107_c is 0.14474861812687592...
Loop68 pFBA...21467.0...Ave likelihood of: cpd00039_c is 0.1688741357092319...
Loop69 pFBA...22436.0...Ave likelihood of: cpd00060_c is 0.09746737495612626...
Loop70 pFBA...22377.0...Ave likelihood of: cpd00066_c is 0.12940582772706505...
Loop71 pFBA...11974.0...Ave likelihood of: cpd00129_c is 0.1051221450388956...
Loop72 pFBA...6462.0...Ave likelihood of: cpd00054_c is 0.1084788721135792...
Loop73 pFBA...8877.0...Ave likelihood of: cpd00161_c is 0.13435186401880458...
Loop74 pFBA...30527.0...Ave likelihood of: cpd00065_c is 0.12950780521596603...
Loop75 pFBA...20025.0...Ave likelihood of: cpd00069_c is 0.11311261963978336...
Loop76 pFBA...9171.0...Ave likelihood of: cpd00156_c is 0.10955478253002493...
Loop77 pFBA...25368.0...Ave likelihood of: cpd00098_c is 0.1003743847241658...
Loop78 pFBA...15846.0...Ave likelihood of: cpd00274_c is 0.13530052217720617...
Loop79 pFBA...7014.0...Ave likelihood of: cpd00226_c is 0.2805479855568891...
Loop80 pFBA...5145.0...Ave likelihood of: cpd00246_c is 0.2056473374234491...
Loop81 pFBA...22374.0...Ave likelihood of: cpd00374_c is 0.11311261963978335...
Loop82 pFBA...5510.0...Ave likelihood of: cpd00221_c is 0.08707317989720406...
Loop83 pFBA...4769.0...Ave likelihood of: cpd00159_c is 0.2686251945210726...
Loop84 pFBA...10762.0...Ave likelihood of: cpd00211_c is 0.1399092163347324...
Loop85 pFBA...4281.0...Ave likelihood of: cpd00047_c is 0.09612947644180325...
Loop86 pFBA...5341.0...Ave likelihood of: cpd00106_c is 0.08950445020732113...
Loop87 pFBA...8450.0...Ave likelihood of: cpd00141_c is 0.07549452650866326...
Loop88 pFBA...22121.0...Ave likelihood of: cpd00216_c is 0.13771503622198547...
Loop89 pFBA...5138.0...Ave likelihood of: cpd00036_c is 0.041131864908175234...
Loop90 pFBA...22022.0...Ave likelihood of: cpd00581_c is 0.09076666500928501...
Loop91 pFBA...4970.0...Ave likelihood of: cpd00128_c is 0.09608473579026132...
Loop92 pFBA...6074.0...Ave likelihood of: cpd00018_c is 0.14956364988636003...
Loop93 pFBA...5423.0...Ave likelihood of: cpd00091_c is 0.17667940616951563...
Loop94 pFBA...3463.0...Ave likelihood of: cpd00092_c is 0.3953482653828018...
Loop95 pFBA...64790.0...Ave likelihood of: cpd00305_c is 0.10155301769146334...
Loop96 pFBA...14646.0...Ave likelihood of: cpd00220_c is 0.06590774004490238...
Loop97 pFBA...14890.0...Ave likelihood of: cpd00218_c is 0.10246524253599794...
Loop98 pFBA...15517.0...Ave likelihood of: cpd00215_c is 0.16628190217630404...
Loop99 pFBA...29260.0...Ave likelihood of: cpd00104_c is 0.13733057459131964...
Loop100 pFBA...35492.0...Ave likelihood of: cpd00393_c is 0.1288770400225956...
Loop101 pFBA...7469.0...Ave likelihood of: cpd00363_c is 0.15200787822554504...
Loop102 pFBA...9999.0...Ave likelihood of: cpd00281_c is 8.337973488117324e-05...
Loop103 pFBA...4388.0...Ave likelihood of: cpd00025_c is 0.25424118646590027...
Loop104 pFBA...22064.0...Ave likelihood of: cpd00811_c is 0.0999670186575799...
Loop105 pFBA...7117.0...Ave likelihood of: cpd00714_c is 0.21760457834122...
Loop106 pFBA...6309.0...Ave likelihood of: cpd00117_c is 0.12521527046466144...
Loop107 pFBA...7947.0...Ave likelihood of: cpd00186_c is 0.1763221418287617...
Loop108 pFBA...23322.0...Ave likelihood of: cpd00637_c is 0.11262599204242903...
Loop109 pFBA...7446.0...Ave likelihood of: cpd00550_c is 0.1799011377532333...
Loop110 pFBA...4737.0...Ave likelihood of: cpd00033_c is 0.1577738589220791...
Loop111 pFBA...6189.0...Ave likelihood of: cpd00035_c is 0.12521527046466144...
Loop112 pFBA...19049.0...Ave likelihood of: cpd00051_c is 0.24551116919026905...
Loop113 pFBA...8375.0...Ave likelihood of: cpd00132_c is 0.14181698890212338...
Loop114 pFBA...5881.0...Ave likelihood of: cpd00041_c is 0.13318773467655562...
Loop115 pFBA...14628.0...Ave likelihood of: cpd00084_c is 0.17368147101765233...
Loop116 pFBA...7711.0...Ave likelihood of: cpd00023_c is 0.13713519293003218...
Loop117 pFBA...10115.0...Ave likelihood of: cpd00053_c is 0.11457615289183445...
Loop118 pFBA...22024.0...Ave likelihood of: cpd00119_c is 0.09076666500928501...
Loop119 pFBA...18187.0...Ave likelihood of: cpd00322_c is 0.17072955195597586...
Loop120 pFBA...15078.0...Ave likelihood of: cpd00107_c is 0.14474861812687592...
Loop121 pFBA...21048.0...Ave likelihood of: cpd00039_c is 0.17520006940942917...
Loop122 pFBA...22342.0...Ave likelihood of: cpd00060_c is 0.11820806999247743...
Loop123 pFBA...21046.0...Ave likelihood of: cpd00066_c is 0.16798495686200018...
Loop124 pFBA...11974.0...Ave likelihood of: cpd00129_c is 0.1051221450388956...
Loop125 pFBA...6446.0...Ave likelihood of: cpd00054_c is 0.18389894081441627...
Loop126 pFBA...8667.0...Ave likelihood of: cpd00161_c is 0.3047490797299206...
Loop127 pFBA...30524.0...Ave likelihood of: cpd00065_c is 0.13226027824130382...
Loop128 pFBA...18967.0...Ave likelihood of: cpd00069_c is 0.16276481632918297...
Loop129 pFBA...9171.0...Ave likelihood of: cpd00156_c is 0.10955478253002493...
Loop130 pFBA...24940.0...Ave likelihood of: cpd00098_c is 0.18307828510664761...
Loop131 pFBA...15508.0...Ave likelihood of: cpd00274_c is 0.22292026197535397...
Loop132 pFBA...7014.0...Ave likelihood of: cpd00226_c is 0.2805479855568891...
Loop133 pFBA...5100.0...Ave likelihood of: cpd00246_c is 0.2754979865699369...
Loop134 pFBA...20818.0...Ave likelihood of: cpd00374_c is 0.17531998634200122...
Loop135 pFBA...4902.0...Ave likelihood of: cpd00221_c is 0.17491095946830554...
Loop136 pFBA...4510.0...Ave likelihood of: cpd00159_c is 0.2516611267858849...
Loop137 pFBA...10661.0...Ave likelihood of: cpd00211_c is 0.2284209160283889...
Loop138 pFBA...4265.0...Ave likelihood of: cpd00047_c is 0.12398469927808424...
Loop139 pFBA...5341.0...Ave likelihood of: cpd00106_c is 0.08950445020732113...
Loop140 pFBA...8269.0...Ave likelihood of: cpd00141_c is 0.1989402967555972...
Loop141 pFBA...21098.0...Ave likelihood of: cpd00216_c is 0.14347520086698526...
Loop142 pFBA...5138.0...Ave likelihood of: cpd00036_c is 0.03856112335141428...
Loop143 pFBA...22022.0...Ave likelihood of: cpd00581_c is 0.09076666500928501...
Loop144 pFBA...4970.0...Ave likelihood of: cpd00128_c is 0.09608473579026132...
Loop145 pFBA...6074.0...Ave likelihood of: cpd00018_c is 0.14956364988636003...
Loop146 pFBA...5423.0...Ave likelihood of: cpd00091_c is 0.17667940616951563...
Loop147 pFBA...3453.0...Ave likelihood of: cpd00092_c is 0.3095324428873023...
Loop148 pFBA...64614.0...Ave likelihood of: cpd00305_c is 0.1246614482824467...
Loop149 pFBA...14630.0...Ave likelihood of: cpd00220_c is 0.1477551726508212...
Loop150 pFBA...14459.0...Ave likelihood of: cpd00218_c is 0.14390582424218598...
Loop151 pFBA...14970.0...Ave likelihood of: cpd00215_c is 0.19904097799188292...
Loop152 pFBA...29127.0...Ave likelihood of: cpd00104_c is 0.13699503431484278...
Loop153 pFBA...35485.0...Ave likelihood of: cpd00393_c is 0.1160407855446714...
Loop154 pFBA...6577.0...Ave likelihood of: cpd00363_c is 0.38178886320019706...
Loop155 pFBA...9999.0...Ave likelihood of: cpd00281_c is 8.337973488117324e-05...
Loop156 pFBA...4207.0...Ave likelihood of: cpd00025_c is 0.2500352581351821...
Loop157 pFBA...20948.0...Ave likelihood of: cpd00811_c is 0.12089738901814859...
Loop158 pFBA...5930.0...Ave likelihood of: cpd00714_c is 0.26624519324502...
34.1287423849mins to complete!
