
The following have been reloaded with a version change:
  1) anaconda2/4.4.0 => anaconda2/5.1.0

Loading in models...Adding Water...Remove no-like rxns...Pruned 1 metabolites from model
Pruned 1 reactions from model
Set-up Universal...61.0seconds to complete

Loop0 pFBA...5557.0...Ave likelihood of: cpd00117_c is 0.4737554861228387...
Loop1 pFBA...6840.0...Ave likelihood of: cpd00186_c is 0.3599915408525498...
Loop2 pFBA...21385.0...Ave likelihood of: cpd00637_c is 0.26773305267449...
Loop3 pFBA...6425.0...Ave likelihood of: cpd00550_c is 0.3332778874062381...
Loop4 pFBA...4055.0...Ave likelihood of: cpd00033_c is 0.2554285154457556...
Loop5 pFBA...5436.0...Ave likelihood of: cpd00035_c is 0.4737554861228387...
Loop6 pFBA...18107.0...Ave likelihood of: cpd00051_c is 0.3108850752093043...
Loop7 pFBA...7912.0...Ave likelihood of: cpd00132_c is 0.24989777746096486...
Loop8 pFBA...5182.0...Ave likelihood of: cpd00041_c is 0.22304747762763277...
Loop9 pFBA...13625.0...Ave likelihood of: cpd00084_c is 0.2764955117157243...
Loop10 pFBA...6592.0...Ave likelihood of: cpd00023_c is 0.2815502557909473...
Loop11 pFBA...9082.0...Ave likelihood of: cpd00053_c is 0.3109544734614758...
Loop12 pFBA...16374.0...Ave likelihood of: cpd00119_c is 0.3301318688205109...
Loop13 pFBA...16748.0...Ave likelihood of: cpd00322_c is 0.3534392294860094...
Loop14 pFBA...14214.0...Ave likelihood of: cpd00107_c is 0.26383255697561137...
Loop15 pFBA...17668.0...Ave likelihood of: cpd00039_c is 0.34544496120874646...
Loop16 pFBA...20385.0...Ave likelihood of: cpd00060_c is 0.2713028267101499...
Loop17 pFBA...20579.0...Ave likelihood of: cpd00066_c is 0.24588656513750642...
Loop18 pFBA...10285.0...Ave likelihood of: cpd00129_c is 0.20135506004356396...
Loop19 pFBA...5425.0...Ave likelihood of: cpd00054_c is 0.3400794769451409...
Loop20 pFBA...7353.0...Ave likelihood of: cpd00161_c is 0.39869113002959133...
Loop21 pFBA...27277.0...Ave likelihood of: cpd00065_c is 0.24957726518877948...
Loop22 pFBA...18311.0...Ave likelihood of: cpd00069_c is 0.2117955897206043...
Loop23 pFBA...7671.0...Ave likelihood of: cpd00156_c is 0.33296878599926877...
Loop24 pFBA...23633.0...Ave likelihood of: cpd00098_c is 0.2652166215929632...
Loop25 pFBA...14161.0...Ave likelihood of: cpd00274_c is 0.194696258145075...
Loop26 pFBA...6632.0...Ave likelihood of: cpd00226_c is 0.3259315550673567...
Loop27 pFBA...4462.0...Ave likelihood of: cpd00246_c is 0.4373326045103265...
Loop28 pFBA...20049.0...Ave likelihood of: cpd00374_c is 0.21996204170072267...
Loop29 pFBA...4760.0...Ave likelihood of: cpd00221_c is 0.42322010493989526...
Loop30 pFBA...4266.0...Ave likelihood of: cpd00159_c is 0.42220468805892936...
Loop31 pFBA...10341.0...Ave likelihood of: cpd00211_c is 0.3548081874483234...
Loop32 pFBA...3766.0...Ave likelihood of: cpd00047_c is 0.29034699829774924...
Loop33 pFBA...4999.0...Ave likelihood of: cpd00106_c is 0.19002169579612524...
Loop34 pFBA...7573.0...Ave likelihood of: cpd00141_c is 0.41230809167248245...
Loop35 pFBA...19211.0...Ave likelihood of: cpd00216_c is 0.23710794255696985...
Loop36 pFBA...4803.0...Ave likelihood of: cpd00036_c is 0.22810464994041332...
Loop37 pFBA...16942.0...Ave likelihood of: cpd00581_c is 0.32617274620469033...
Loop38 pFBA...4746.0...Ave likelihood of: cpd00128_c is 0.3456698037875821...
Loop39 pFBA...5861.0...Ave likelihood of: cpd00018_c is 0.27979177692607493...
Loop40 pFBA...5861.0...Ave likelihood of: cpd00091_c is 0.27979177692607493...
Loop41 pFBA...3610.0...Ave likelihood of: cpd00092_c is 0.3666375227520509...
Loop42 pFBA...63877.0...Ave likelihood of: cpd00305_c is 0.1593538554561025...
Loop43 pFBA...13677.0...Ave likelihood of: cpd00220_c is 0.2962308734700366...
Loop44 pFBA...14506.0...Ave likelihood of: cpd00218_c is 0.20618554895799304...
Loop45 pFBA...14522.0...Ave likelihood of: cpd00215_c is 0.314345566990279...
Loop46 pFBA...28678.0...Ave likelihood of: cpd00104_c is 0.20916636117211407...
Loop47 pFBA...36053.0...Ave likelihood of: cpd00393_c is 0.16978536074020043...
Loop48 pFBA...5859.0...Ave likelihood of: cpd00363_c is 0.5577941214812927...
Loop49 pFBA...8589.0...Ave likelihood of: cpd00281_c is 0.20164210504336716...
Loop50 pFBA...4024.0...Ave likelihood of: cpd00025_c is 0.30700861789534917...
Loop51 pFBA...19601.0...Ave likelihood of: cpd00811_c is 0.2593146498609907...
Loop52 pFBA...5493.0...Ave likelihood of: cpd00714_c is 0.36319151702328123...
Loop53 pFBA...5557.0...Ave likelihood of: cpd00117_c is 0.4737554861228387...
Loop54 pFBA...6840.0...Ave likelihood of: cpd00186_c is 0.3599915408525498...
Loop55 pFBA...21628.0...Ave likelihood of: cpd00637_c is 0.2839749530963936...
Loop56 pFBA...6488.0...Ave likelihood of: cpd00550_c is 0.3073569500855876...
Loop57 pFBA...4056.0...Ave likelihood of: cpd00033_c is 0.23854564991314986...
Loop58 pFBA...5436.0...Ave likelihood of: cpd00035_c is 0.4737554861228387...
Loop59 pFBA...18281.0...Ave likelihood of: cpd00051_c is 0.32063727710872664...
Loop60 pFBA...7912.0...Ave likelihood of: cpd00132_c is 0.24989777746096486...
Loop61 pFBA...5182.0...Ave likelihood of: cpd00041_c is 0.22304747762763277...
Loop62 pFBA...13750.0...Ave likelihood of: cpd00084_c is 0.2532702079020239...
Loop63 pFBA...6592.0...Ave likelihood of: cpd00023_c is 0.2815502557909473...
Loop64 pFBA...9082.0...Ave likelihood of: cpd00053_c is 0.3109544734614758...
Loop65 pFBA...16374.0...Ave likelihood of: cpd00119_c is 0.3301318688205109...
Loop66 pFBA...16757.0...Ave likelihood of: cpd00322_c is 0.2396855975918907...
Loop67 pFBA...14214.0...Ave likelihood of: cpd00107_c is 0.26383255697561137...
Loop68 pFBA...17883.0...Ave likelihood of: cpd00039_c is 0.33974348442563385...
Loop69 pFBA...20628.0...Ave likelihood of: cpd00060_c is 0.2909866803333416...
Loop70 pFBA...21357.0...Ave likelihood of: cpd00066_c is 0.23276115401911843...
Loop71 pFBA...10285.0...Ave likelihood of: cpd00129_c is 0.20135506004356396...
Loop72 pFBA...5488.0...Ave likelihood of: cpd00054_c is 0.31727169041092906...
Loop73 pFBA...7643.0...Ave likelihood of: cpd00161_c is 0.3932767309839036...
Loop74 pFBA...27277.0...Ave likelihood of: cpd00065_c is 0.24957726518877948...
Loop75 pFBA...18834.0...Ave likelihood of: cpd00069_c is 0.24107361690059942...
Loop76 pFBA...7671.0...Ave likelihood of: cpd00156_c is 0.33296878599926877...
Loop77 pFBA...24476.0...Ave likelihood of: cpd00098_c is 0.2805922751612717...
Loop78 pFBA...14161.0...Ave likelihood of: cpd00274_c is 0.194696258145075...
Loop79 pFBA...6632.0...Ave likelihood of: cpd00226_c is 0.3259315550673567...
Loop80 pFBA...4763.0...Ave likelihood of: cpd00246_c is 0.369292730368122...
Loop81 pFBA...20761.0...Ave likelihood of: cpd00374_c is 0.22406289132604695...
Loop82 pFBA...5062.0...Ave likelihood of: cpd00221_c is 0.3921310762756445...
Loop83 pFBA...4328.0...Ave likelihood of: cpd00159_c is 0.3883225729480688...
Loop84 pFBA...10515.0...Ave likelihood of: cpd00211_c is 0.21377968926418506...
Loop85 pFBA...3766.0...Ave likelihood of: cpd00047_c is 0.21915057429235088...
Loop86 pFBA...4999.0...Ave likelihood of: cpd00106_c is 0.19002169579612524...
Loop87 pFBA...7729.0...Ave likelihood of: cpd00141_c is 0.32431359420004596...
Loop88 pFBA...20258.0...Ave likelihood of: cpd00216_c is 0.2262711392598626...
Loop89 pFBA...4803.0...Ave likelihood of: cpd00036_c is 0.22810464994041332...
Loop90 pFBA...16942.0...Ave likelihood of: cpd00581_c is 0.32617274620469033...
Loop91 pFBA...4746.0...Ave likelihood of: cpd00128_c is 0.3456698037875821...
Loop92 pFBA...5861.0...Ave likelihood of: cpd00018_c is 0.27979177692607493...
Loop93 pFBA...5861.0...Ave likelihood of: cpd00091_c is 0.27979177692607493...
Loop94 pFBA...3618.0...Ave likelihood of: cpd00092_c is 0.3215675797085927...
Loop95 pFBA...64046.0...Ave likelihood of: cpd00305_c is 0.12075722568404215...
Loop96 pFBA...14051.0...Ave likelihood of: cpd00220_c is 0.1835159229361614...
Loop97 pFBA...14711.0...Ave likelihood of: cpd00218_c is 0.21175256390657515...
Loop98 pFBA...15041.0...Ave likelihood of: cpd00215_c is 0.32692663827680724...
Loop99 pFBA...28723.0...Ave likelihood of: cpd00104_c is 0.17202427217971875...
Loop100 pFBA...36061.0...Ave likelihood of: cpd00393_c is 0.1706642976858899...
Loop101 pFBA...6535.0...Ave likelihood of: cpd00363_c is 0.5148029372691748...
Loop102 pFBA...8589.0...Ave likelihood of: cpd00281_c is 0.20164210504336716...
Loop103 pFBA...4191.0...Ave likelihood of: cpd00025_c is 0.3983971547810732...
Loop104 pFBA...20374.0...Ave likelihood of: cpd00811_c is 0.3049110914831951...
Loop105 pFBA...6337.0...Ave likelihood of: cpd00714_c is 0.42814554321291465...
Loop106 pFBA...5557.0...Ave likelihood of: cpd00117_c is 0.4737554861228387...
Loop107 pFBA...6840.0...Ave likelihood of: cpd00186_c is 0.3599915408525498...
Loop108 pFBA...21552.0...Ave likelihood of: cpd00637_c is 0.2467635296188705...
Loop109 pFBA...6444.0...Ave likelihood of: cpd00550_c is 0.3029101638095606...
Loop110 pFBA...4056.0...Ave likelihood of: cpd00033_c is 0.2287493803029429...
Loop111 pFBA...5436.0...Ave likelihood of: cpd00035_c is 0.4737554861228387...
Loop112 pFBA...18197.0...Ave likelihood of: cpd00051_c is 0.27291648697198634...
Loop113 pFBA...7912.0...Ave likelihood of: cpd00132_c is 0.24989777746096486...
Loop114 pFBA...5182.0...Ave likelihood of: cpd00041_c is 0.22304747762763277...
Loop115 pFBA...13733.0...Ave likelihood of: cpd00084_c is 0.24466867183049415...
Loop116 pFBA...6592.0...Ave likelihood of: cpd00023_c is 0.2815502557909473...
Loop117 pFBA...9082.0...Ave likelihood of: cpd00053_c is 0.3109544734614758...
Loop118 pFBA...16374.0...Ave likelihood of: cpd00119_c is 0.3236586949220695...
Loop119 pFBA...16757.0...Ave likelihood of: cpd00322_c is 0.2396855975918907...
Loop120 pFBA...14214.0...Ave likelihood of: cpd00107_c is 0.26383255697561137...
Loop121 pFBA...17722.0...Ave likelihood of: cpd00039_c is 0.2848627382852338...
Loop122 pFBA...20552.0...Ave likelihood of: cpd00060_c is 0.24996825078275192...
Loop123 pFBA...20933.0...Ave likelihood of: cpd00066_c is 0.22694582896236842...
Loop124 pFBA...10285.0...Ave likelihood of: cpd00129_c is 0.20135506004356396...
Loop125 pFBA...5444.0...Ave likelihood of: cpd00054_c is 0.30922079222225973...
Loop126 pFBA...7516.0...Ave likelihood of: cpd00161_c is 0.34543017211816146...
Loop127 pFBA...27277.0...Ave likelihood of: cpd00065_c is 0.24957726518877948...
Loop128 pFBA...18471.0...Ave likelihood of: cpd00069_c is 0.19733597004129608...
Loop129 pFBA...7671.0...Ave likelihood of: cpd00156_c is 0.33296878599926877...
Loop130 pFBA...24118.0...Ave likelihood of: cpd00098_c is 0.2382959239321055...
Loop131 pFBA...14161.0...Ave likelihood of: cpd00274_c is 0.194696258145075...
Loop132 pFBA...6632.0...Ave likelihood of: cpd00226_c is 0.3259315550673567...
Loop133 pFBA...4642.0...Ave likelihood of: cpd00246_c is 0.2279920683006897...
Loop134 pFBA...20433.0...Ave likelihood of: cpd00374_c is 0.20675162856823207...
Loop135 pFBA...4959.0...Ave likelihood of: cpd00221_c is 0.19160823300657778...
Loop136 pFBA...4317.0...Ave likelihood of: cpd00159_c is 0.3467638829832083...
Loop137 pFBA...10490.0...Ave likelihood of: cpd00211_c is 0.3369268450277964...
Loop138 pFBA...3766.0...Ave likelihood of: cpd00047_c is 0.21915057429235088...
Loop139 pFBA...4999.0...Ave likelihood of: cpd00106_c is 0.19002169579612524...
Loop140 pFBA...7680.0...Ave likelihood of: cpd00141_c is 0.37117362798606013...
Loop141 pFBA...19631.0...Ave likelihood of: cpd00216_c is 0.2313821620422041...
Loop142 pFBA...4803.0...Ave likelihood of: cpd00036_c is 0.22810464994041332...
Loop143 pFBA...16942.0...Ave likelihood of: cpd00581_c is 0.32617274620469033...
Loop144 pFBA...4746.0...Ave likelihood of: cpd00128_c is 0.3456698037875821...
Loop145 pFBA...5861.0...Ave likelihood of: cpd00018_c is 0.27979177692607493...
Loop146 pFBA...5861.0...Ave likelihood of: cpd00091_c is 0.27979177692607493...
Loop147 pFBA...3618.0...Ave likelihood of: cpd00092_c is 0.3215675797085927...
Loop148 pFBA...64046.0...Ave likelihood of: cpd00305_c is 0.12198944227265482...
Loop149 pFBA...13950.0...Ave likelihood of: cpd00220_c is 0.27139872328335...
Loop150 pFBA...14676.0...Ave likelihood of: cpd00218_c is 0.1492804152399958...
Loop151 pFBA...14750.0...Ave likelihood of: cpd00215_c is 0.23142154348321822...
Loop152 pFBA...28715.0...Ave likelihood of: cpd00104_c is 0.19471161666533077...
Loop153 pFBA...36053.0...Ave likelihood of: cpd00393_c is 0.15148213486251388...
Loop154 pFBA...6232.0...Ave likelihood of: cpd00363_c is 0.4297259097680135...
Loop155 pFBA...8589.0...Ave likelihood of: cpd00281_c is 0.20164210504336716...
Loop156 pFBA...4141.0...Ave likelihood of: cpd00025_c is 0.3194320673434764...
Loop157 pFBA...19989.0...Ave likelihood of: cpd00811_c is 0.2712394836101225...
Loop158 pFBA...6237.0...Ave likelihood of: cpd00714_c is 0.28603281695248634...
33.924775966mins to complete!
