
The following have been reloaded with a version change:
  1) anaconda2/4.4.0 => anaconda2/5.1.0

Loading in models...Adding Water...Remove no-like rxns...Pruned 1 metabolites from model
Pruned 1 reactions from model
Set-up Universal...60.0seconds to complete

Loop0 pFBA...5557.0...Ave likelihood of: cpd00117_c is 0.4736594901192707...
Loop1 pFBA...6839.0...Ave likelihood of: cpd00186_c is 0.36011195133509855...
Loop2 pFBA...21361.0...Ave likelihood of: cpd00637_c is 0.2781852448748736...
Loop3 pFBA...6421.0...Ave likelihood of: cpd00550_c is 0.33327130645723463...
Loop4 pFBA...4051.0...Ave likelihood of: cpd00033_c is 0.2591509785191043...
Loop5 pFBA...5436.0...Ave likelihood of: cpd00035_c is 0.4736594901192707...
Loop6 pFBA...18153.0...Ave likelihood of: cpd00051_c is 0.3095060157137195...
Loop7 pFBA...7917.0...Ave likelihood of: cpd00132_c is 0.24954923313349292...
Loop8 pFBA...5185.0...Ave likelihood of: cpd00041_c is 0.22254902355902867...
Loop9 pFBA...13626.0...Ave likelihood of: cpd00084_c is 0.2758506755913174...
Loop10 pFBA...6592.0...Ave likelihood of: cpd00023_c is 0.2816693656639257...
Loop11 pFBA...9081.0...Ave likelihood of: cpd00053_c is 0.31098317571860634...
Loop12 pFBA...16376.0...Ave likelihood of: cpd00119_c is 0.32370848458567913...
Loop13 pFBA...16728.0...Ave likelihood of: cpd00322_c is 0.3540795043471507...
Loop14 pFBA...14209.0...Ave likelihood of: cpd00107_c is 0.2640366168955289...
Loop15 pFBA...17673.0...Ave likelihood of: cpd00039_c is 0.3042143192680248...
Loop16 pFBA...20361.0...Ave likelihood of: cpd00060_c is 0.28175172237326945...
Loop17 pFBA...20598.0...Ave likelihood of: cpd00066_c is 0.24496480444561025...
Loop18 pFBA...10265.0...Ave likelihood of: cpd00129_c is 0.20320066671455492...
Loop19 pFBA...5421.0...Ave likelihood of: cpd00054_c is 0.34007276169105577...
Loop20 pFBA...7328.0...Ave likelihood of: cpd00161_c is 0.40004374015765265...
Loop21 pFBA...27271.0...Ave likelihood of: cpd00065_c is 0.2497314270118948...
Loop22 pFBA...18328.0...Ave likelihood of: cpd00069_c is 0.21356488438779409...
Loop23 pFBA...7657.0...Ave likelihood of: cpd00156_c is 0.33501502729333504...
Loop24 pFBA...23547.0...Ave likelihood of: cpd00098_c is 0.2604397332390277...
Loop25 pFBA...14169.0...Ave likelihood of: cpd00274_c is 0.19407708071300583...
Loop26 pFBA...6694.0...Ave likelihood of: cpd00226_c is 0.3237716040464912...
Loop27 pFBA...4462.0...Ave likelihood of: cpd00246_c is 0.4373274246843817...
Loop28 pFBA...20070.0...Ave likelihood of: cpd00374_c is 0.21648661374254377...
Loop29 pFBA...4768.0...Ave likelihood of: cpd00221_c is 0.42199863995148...
Loop30 pFBA...4263.0...Ave likelihood of: cpd00159_c is 0.42285212820383183...
Loop31 pFBA...10316.0...Ave likelihood of: cpd00211_c is 0.3568347890540674...
Loop32 pFBA...3738.0...Ave likelihood of: cpd00047_c is 0.3086699591115295...
Loop33 pFBA...5001.0...Ave likelihood of: cpd00106_c is 0.1896046593157857...
Loop34 pFBA...7567.0...Ave likelihood of: cpd00141_c is 0.41338135664533654...
Loop35 pFBA...19221.0...Ave likelihood of: cpd00216_c is 0.23615470310168252...
Loop36 pFBA...4806.0...Ave likelihood of: cpd00036_c is 0.22756859949724734...
Loop37 pFBA...16945.0...Ave likelihood of: cpd00581_c is 0.32622502503384987...
Loop38 pFBA...4763.0...Ave likelihood of: cpd00128_c is 0.22151809292110272...
Loop39 pFBA...5862.0...Ave likelihood of: cpd00018_c is 0.2798647366055916...
Loop40 pFBA...5862.0...Ave likelihood of: cpd00091_c is 0.2798647366055916...
Loop41 pFBA...3611.0...Ave likelihood of: cpd00092_c is 0.3661791867386567...
Loop42 pFBA...63931.0...Ave likelihood of: cpd00305_c is 0.15831097557603313...
Loop43 pFBA...12518.0...Ave likelihood of: cpd00220_c is 0.319031079201249...
Loop44 pFBA...14490.0...Ave likelihood of: cpd00218_c is 0.21214471087707384...
Loop45 pFBA...14591.0...Ave likelihood of: cpd00215_c is 0.2970478005152903...
Loop46 pFBA...28609.0...Ave likelihood of: cpd00104_c is 0.21346676635833223...
Loop47 pFBA...35520.0...Ave likelihood of: cpd00393_c is 0.17616328712181278...
Loop48 pFBA...5735.0...Ave likelihood of: cpd00363_c is 0.5627819878705861...
Loop49 pFBA...8588.0...Ave likelihood of: cpd00281_c is 0.20176173192952723...
Loop50 pFBA...4024.0...Ave likelihood of: cpd00025_c is 0.281788121875202...
Loop51 pFBA...19535.0...Ave likelihood of: cpd00811_c is 0.2565433382952587...
Loop52 pFBA...5440.0...Ave likelihood of: cpd00714_c is 0.3688877417374391...
Loop53 pFBA...5557.0...Ave likelihood of: cpd00117_c is 0.4736594901192707...
Loop54 pFBA...6839.0...Ave likelihood of: cpd00186_c is 0.36011195133509855...
Loop55 pFBA...21641.0...Ave likelihood of: cpd00637_c is 0.27410367599995256...
Loop56 pFBA...6485.0...Ave likelihood of: cpd00550_c is 0.2983345826177043...
Loop57 pFBA...4052.0...Ave likelihood of: cpd00033_c is 0.24280297724580505...
Loop58 pFBA...5436.0...Ave likelihood of: cpd00035_c is 0.4736594901192707...
Loop59 pFBA...18324.0...Ave likelihood of: cpd00051_c is 0.2903561358216127...
Loop60 pFBA...7917.0...Ave likelihood of: cpd00132_c is 0.24954923313349292...
Loop61 pFBA...5185.0...Ave likelihood of: cpd00041_c is 0.22254902355902867...
Loop62 pFBA...13749.0...Ave likelihood of: cpd00084_c is 0.2532207810285673...
Loop63 pFBA...6592.0...Ave likelihood of: cpd00023_c is 0.2816693656639257...
Loop64 pFBA...9081.0...Ave likelihood of: cpd00053_c is 0.31098317571860634...
Loop65 pFBA...16376.0...Ave likelihood of: cpd00119_c is 0.33018265427739274...
Loop66 pFBA...16734.0...Ave likelihood of: cpd00322_c is 0.20539527610971176...
Loop67 pFBA...14209.0...Ave likelihood of: cpd00107_c is 0.2640366168955289...
Loop68 pFBA...17899.0...Ave likelihood of: cpd00039_c is 0.3358735224438715...
Loop69 pFBA...20641.0...Ave likelihood of: cpd00060_c is 0.27740612992766284...
Loop70 pFBA...21481.0...Ave likelihood of: cpd00066_c is 0.2239622433740224...
Loop71 pFBA...10265.0...Ave likelihood of: cpd00129_c is 0.20320066671455492...
Loop72 pFBA...5485.0...Ave likelihood of: cpd00054_c is 0.30765753832450754...
Loop73 pFBA...7653.0...Ave likelihood of: cpd00161_c is 0.3544970267071705...
Loop74 pFBA...27271.0...Ave likelihood of: cpd00065_c is 0.2497314270118948...
Loop75 pFBA...18892.0...Ave likelihood of: cpd00069_c is 0.23331440024254965...
Loop76 pFBA...7657.0...Ave likelihood of: cpd00156_c is 0.33501502729333504...
Loop77 pFBA...24465.0...Ave likelihood of: cpd00098_c is 0.2595002515892664...
Loop78 pFBA...14169.0...Ave likelihood of: cpd00274_c is 0.19407708071300583...
Loop79 pFBA...6694.0...Ave likelihood of: cpd00226_c is 0.3237716040464912...
Loop80 pFBA...4775.0...Ave likelihood of: cpd00246_c is 0.3178284127351988...
Loop81 pFBA...20868.0...Ave likelihood of: cpd00374_c is 0.22051897158471687...
Loop82 pFBA...5068.0...Ave likelihood of: cpd00221_c is 0.34406120533095846...
Loop83 pFBA...4327.0...Ave likelihood of: cpd00159_c is 0.3372940703942434...
Loop84 pFBA...10493.0...Ave likelihood of: cpd00211_c is 0.21477811955093445...
Loop85 pFBA...3765.0...Ave likelihood of: cpd00047_c is 0.21941167982825305...
Loop86 pFBA...5001.0...Ave likelihood of: cpd00106_c is 0.1896046593157857...
Loop87 pFBA...7727.0...Ave likelihood of: cpd00141_c is 0.32471311139064996...
Loop88 pFBA...20318.0...Ave likelihood of: cpd00216_c is 0.22045942713797406...
Loop89 pFBA...4806.0...Ave likelihood of: cpd00036_c is 0.22756859949724734...
Loop90 pFBA...16945.0...Ave likelihood of: cpd00581_c is 0.32622502503384987...
Loop91 pFBA...4763.0...Ave likelihood of: cpd00128_c is 0.22151809292110272...
Loop92 pFBA...5862.0...Ave likelihood of: cpd00018_c is 0.2798647366055916...
Loop93 pFBA...5862.0...Ave likelihood of: cpd00091_c is 0.2798647366055916...
Loop94 pFBA...3619.0...Ave likelihood of: cpd00092_c is 0.3215624505713989...
Loop95 pFBA...64104.0...Ave likelihood of: cpd00305_c is 0.11955599738003993...
Loop96 pFBA...13018.0...Ave likelihood of: cpd00220_c is 0.21092950522880416...
Loop97 pFBA...14736.0...Ave likelihood of: cpd00218_c is 0.20325626299725935...
Loop98 pFBA...15137.0...Ave likelihood of: cpd00215_c is 0.3385002478130802...
Loop99 pFBA...28670.0...Ave likelihood of: cpd00104_c is 0.1699668642197372...
Loop100 pFBA...35530.0...Ave likelihood of: cpd00393_c is 0.175790328005011...
Loop101 pFBA...6435.0...Ave likelihood of: cpd00363_c is 0.38505090850114215...
Loop102 pFBA...8588.0...Ave likelihood of: cpd00281_c is 0.20176173192952723...
Loop103 pFBA...4213.0...Ave likelihood of: cpd00025_c is 0.32974920267399027...
Loop104 pFBA...20386.0...Ave likelihood of: cpd00811_c is 0.2581605383586134...
Loop105 pFBA...6433.0...Ave likelihood of: cpd00714_c is 0.4102344967685094...
Loop106 pFBA...5557.0...Ave likelihood of: cpd00117_c is 0.4736594901192707...
Loop107 pFBA...6839.0...Ave likelihood of: cpd00186_c is 0.36011195133509855...
Loop108 pFBA...21537.0...Ave likelihood of: cpd00637_c is 0.2519831610992859...
Loop109 pFBA...6440.0...Ave likelihood of: cpd00550_c is 0.3308667210065017...
Loop110 pFBA...4052.0...Ave likelihood of: cpd00033_c is 0.2286577585282732...
Loop111 pFBA...5436.0...Ave likelihood of: cpd00035_c is 0.4736594901192707...
Loop112 pFBA...18242.0...Ave likelihood of: cpd00051_c is 0.27158709059347097...
Loop113 pFBA...7917.0...Ave likelihood of: cpd00132_c is 0.24954923313349292...
Loop114 pFBA...5185.0...Ave likelihood of: cpd00041_c is 0.22254902355902867...
Loop115 pFBA...13735.0...Ave likelihood of: cpd00084_c is 0.23402208889852452...
Loop116 pFBA...6592.0...Ave likelihood of: cpd00023_c is 0.2816693656639257...
Loop117 pFBA...9081.0...Ave likelihood of: cpd00053_c is 0.31098317571860634...
Loop118 pFBA...16376.0...Ave likelihood of: cpd00119_c is 0.32370848458567913...
Loop119 pFBA...16734.0...Ave likelihood of: cpd00322_c is 0.20539527610971176...
Loop120 pFBA...14209.0...Ave likelihood of: cpd00107_c is 0.2640366168955289...
Loop121 pFBA...17727.0...Ave likelihood of: cpd00039_c is 0.2842568408585951...
Loop122 pFBA...20537.0...Ave likelihood of: cpd00060_c is 0.25870271206193357...
Loop123 pFBA...20951.0...Ave likelihood of: cpd00066_c is 0.2260768761039158...
Loop124 pFBA...10265.0...Ave likelihood of: cpd00129_c is 0.25516788113177996...
Loop125 pFBA...5440.0...Ave likelihood of: cpd00054_c is 0.3380594758109909...
Loop126 pFBA...7503.0...Ave likelihood of: cpd00161_c is 0.3462479136956172...
Loop127 pFBA...27271.0...Ave likelihood of: cpd00065_c is 0.2497314270118948...
Loop128 pFBA...18489.0...Ave likelihood of: cpd00069_c is 0.19634491265769585...
Loop129 pFBA...7657.0...Ave likelihood of: cpd00156_c is 0.33501502729333504...
Loop130 pFBA...24054.0...Ave likelihood of: cpd00098_c is 0.23260468108231716...
Loop131 pFBA...14169.0...Ave likelihood of: cpd00274_c is 0.19407708071300583...
Loop132 pFBA...6694.0...Ave likelihood of: cpd00226_c is 0.3237716040464912...
Loop133 pFBA...4642.0...Ave likelihood of: cpd00246_c is 0.22666055758811873...
Loop134 pFBA...20451.0...Ave likelihood of: cpd00374_c is 0.21186180513801814...
Loop135 pFBA...4962.0...Ave likelihood of: cpd00221_c is 0.1911989670256809...
Loop136 pFBA...4314.0...Ave likelihood of: cpd00159_c is 0.4089000410497756...
Loop137 pFBA...10469.0...Ave likelihood of: cpd00211_c is 0.33919209690617913...
Loop138 pFBA...3765.0...Ave likelihood of: cpd00047_c is 0.21941167982825302...
Loop139 pFBA...5001.0...Ave likelihood of: cpd00106_c is 0.1896046593157857...
Loop140 pFBA...7678.0...Ave likelihood of: cpd00141_c is 0.37143445510453876...
Loop141 pFBA...19644.0...Ave likelihood of: cpd00216_c is 0.23025745790863048...
Loop142 pFBA...4806.0...Ave likelihood of: cpd00036_c is 0.22756859949724734...
Loop143 pFBA...16945.0...Ave likelihood of: cpd00581_c is 0.32622502503384987...
Loop144 pFBA...4763.0...Ave likelihood of: cpd00128_c is 0.22151809292110272...
Loop145 pFBA...5862.0...Ave likelihood of: cpd00018_c is 0.2798647366055916...
Loop146 pFBA...5862.0...Ave likelihood of: cpd00091_c is 0.2798647366055916...
Loop147 pFBA...3619.0...Ave likelihood of: cpd00092_c is 0.3215624505713989...
Loop148 pFBA...64104.0...Ave likelihood of: cpd00305_c is 0.11955599738003993...
Loop149 pFBA...12845.0...Ave likelihood of: cpd00220_c is 0.30065045280165476...
Loop150 pFBA...14686.0...Ave likelihood of: cpd00218_c is 0.1430151162458274...
Loop151 pFBA...14818.0...Ave likelihood of: cpd00215_c is 0.24084477110755448...
Loop152 pFBA...28642.0...Ave likelihood of: cpd00104_c is 0.1944140723535057...
Loop153 pFBA...35521.0...Ave likelihood of: cpd00393_c is 0.15801870078541075...
Loop154 pFBA...6108.0...Ave likelihood of: cpd00363_c is 0.4338748223438073...
Loop155 pFBA...8588.0...Ave likelihood of: cpd00281_c is 0.20176173192952723...
Loop156 pFBA...4141.0...Ave likelihood of: cpd00025_c is 0.3076283472989...
Loop157 pFBA...19900.0...Ave likelihood of: cpd00811_c is 0.30245554428719285...
Loop158 pFBA...6139.0...Ave likelihood of: cpd00714_c is 0.2963738826028606...
31.997063597mins to complete!
