
The following have been reloaded with a version change:
  1) anaconda2/4.4.0 => anaconda2/5.1.0

Loading in models...Adding Water...Remove no-like rxns...Pruned 1 metabolites from model
Pruned 1 reactions from model
Set-up Universal...62.0seconds to complete

Loop0 pFBA...5364.0...Ave likelihood of: cpd00117_c is 0.39475457272207165...
Loop1 pFBA...7600.0...Ave likelihood of: cpd00186_c is 0.23333535995095936...
Loop2 pFBA...22290.0...Ave likelihood of: cpd00637_c is 0.19186264690705718...
Loop3 pFBA...6388.0...Ave likelihood of: cpd00550_c is 0.293393128657295...
Loop4 pFBA...4199.0...Ave likelihood of: cpd00033_c is 0.21792725350583933...
Loop5 pFBA...5237.0...Ave likelihood of: cpd00035_c is 0.39475457272207165...
Loop6 pFBA...18130.0...Ave likelihood of: cpd00051_c is 0.3264444170935739...
Loop7 pFBA...7923.0...Ave likelihood of: cpd00132_c is 0.19564712372371645...
Loop8 pFBA...5421.0...Ave likelihood of: cpd00041_c is 0.2126526278430718...
Loop9 pFBA...13562.0...Ave likelihood of: cpd00084_c is 0.32988495311179455...
Loop10 pFBA...7345.0...Ave likelihood of: cpd00023_c is 0.13102325236061718...
Loop11 pFBA...9677.0...Ave likelihood of: cpd00053_c is 0.16544873317801143...
Loop12 pFBA...21806.0...Ave likelihood of: cpd00119_c is 0.17736100484373052...
Loop13 pFBA...17402.0...Ave likelihood of: cpd00322_c is 0.12843846283346222...
Loop14 pFBA...14904.0...Ave likelihood of: cpd00107_c is 0.22328419818162232...
Loop15 pFBA...20305.0...Ave likelihood of: cpd00039_c is 0.1743800744584776...
Loop16 pFBA...21290.0...Ave likelihood of: cpd00060_c is 0.19411985451772842...
Loop17 pFBA...20681.0...Ave likelihood of: cpd00066_c is 0.24985690917467807...
Loop18 pFBA...10610.0...Ave likelihood of: cpd00129_c is 0.1389569660255078...
Loop19 pFBA...5388.0...Ave likelihood of: cpd00054_c is 0.29812527589370297...
Loop20 pFBA...7810.0...Ave likelihood of: cpd00161_c is 0.36935130050651555...
Loop21 pFBA...29291.0...Ave likelihood of: cpd00065_c is 0.2142094368059242...
Loop22 pFBA...18520.0...Ave likelihood of: cpd00069_c is 0.24981622780400942...
Loop23 pFBA...8730.0...Ave likelihood of: cpd00156_c is 0.21675114774955176...
Loop24 pFBA...23875.0...Ave likelihood of: cpd00098_c is 0.2195685203951408...
Loop25 pFBA...14867.0...Ave likelihood of: cpd00274_c is 0.3505234496550198...
Loop26 pFBA...6122.0...Ave likelihood of: cpd00226_c is 0.38083108523124404...
Loop27 pFBA...4515.0...Ave likelihood of: cpd00246_c is 0.4010198498402406...
Loop28 pFBA...20333.0...Ave likelihood of: cpd00374_c is 0.2466713942559985...
Loop29 pFBA...4161.0...Ave likelihood of: cpd00221_c is 0.3377771172485511...
Loop30 pFBA...3975.0...Ave likelihood of: cpd00159_c is 0.4485779514993683...
Loop31 pFBA...10104.0...Ave likelihood of: cpd00211_c is 0.23474468647315358...
Loop32 pFBA...4008.0...Ave likelihood of: cpd00047_c is 0.3541768489933067...
Loop33 pFBA...5238.0...Ave likelihood of: cpd00106_c is 0.16413306046599044...
Loop34 pFBA...7656.0...Ave likelihood of: cpd00141_c is 0.33262902133308275...
Loop35 pFBA...19781.0...Ave likelihood of: cpd00216_c is 0.25547533327125005...
Loop36 pFBA...4998.0...Ave likelihood of: cpd00036_c is 0.10291886924042781...
Loop37 pFBA...22450.0...Ave likelihood of: cpd00581_c is 0.13601242260195814...
Loop38 pFBA...4433.0...Ave likelihood of: cpd00128_c is 0.22713842836073894...
Loop39 pFBA...6001.0...Ave likelihood of: cpd00018_c is 0.31558516681322685...
Loop40 pFBA...5307.0...Ave likelihood of: cpd00091_c is 0.4017537499519198...
Loop41 pFBA...3587.0...Ave likelihood of: cpd00092_c is 0.3690724572568233...
Loop42 pFBA...62659.0...Ave likelihood of: cpd00305_c is 0.19048123044781792...
Loop43 pFBA...13775.0...Ave likelihood of: cpd00220_c is 0.26966954132016774...
Loop44 pFBA...14584.0...Ave likelihood of: cpd00218_c is 0.19503024282335985...
Loop45 pFBA...14397.0...Ave likelihood of: cpd00215_c is 0.2853659599843571...
Loop46 pFBA...28497.0...Ave likelihood of: cpd00104_c is 0.20418451567757856...
Loop47 pFBA...36413.0...Ave likelihood of: cpd00393_c is 0.15337955506789316...
Loop48 pFBA...5958.0...Ave likelihood of: cpd00363_c is 0.5010663985329727...
Loop49 pFBA...9190.0...Ave likelihood of: cpd00281_c is 0.11576446002210995...
Loop50 pFBA...4073.0...Ave likelihood of: cpd00025_c is 0.24373061110244582...
Loop51 pFBA...19989.0...Ave likelihood of: cpd00811_c is 0.2707380767260828...
Loop52 pFBA...5364.0...Ave likelihood of: cpd00117_c is 0.39475457272207165...
Loop53 pFBA...7600.0...Ave likelihood of: cpd00186_c is 0.23333535995095936...
Loop54 pFBA...22474.0...Ave likelihood of: cpd00637_c is 0.15093819854607035...
Loop55 pFBA...6425.0...Ave likelihood of: cpd00550_c is 0.3802189961135457...
Loop56 pFBA...4199.0...Ave likelihood of: cpd00033_c is 0.21792725350583933...
Loop57 pFBA...5237.0...Ave likelihood of: cpd00035_c is 0.39475457272207165...
Loop58 pFBA...18550.0...Ave likelihood of: cpd00051_c is 0.308068231724874...
Loop59 pFBA...7923.0...Ave likelihood of: cpd00132_c is 0.19564712372371645...
Loop60 pFBA...5421.0...Ave likelihood of: cpd00041_c is 0.17870694755693636...
Loop61 pFBA...13770.0...Ave likelihood of: cpd00084_c is 0.25080701168038755...
Loop62 pFBA...7345.0...Ave likelihood of: cpd00023_c is 0.13102325236061718...
Loop63 pFBA...9677.0...Ave likelihood of: cpd00053_c is 0.16544873317801143...
Loop64 pFBA...21806.0...Ave likelihood of: cpd00119_c is 0.17736100484373052...
Loop65 pFBA...17402.0...Ave likelihood of: cpd00322_c is 0.12843846283346222...
Loop66 pFBA...14905.0...Ave likelihood of: cpd00107_c is 0.19237236021356535...
Loop67 pFBA...20752.0...Ave likelihood of: cpd00039_c is 0.21331541462242318...
Loop68 pFBA...21474.0...Ave likelihood of: cpd00060_c is 0.1527567310586736...
Loop69 pFBA...21421.0...Ave likelihood of: cpd00066_c is 0.26439460433340567...
Loop70 pFBA...10610.0...Ave likelihood of: cpd00129_c is 0.1389569660255078...
Loop71 pFBA...5425.0...Ave likelihood of: cpd00054_c is 0.40556692918778214...
Loop72 pFBA...7996.0...Ave likelihood of: cpd00161_c is 0.22217464496775208...
Loop73 pFBA...29299.0...Ave likelihood of: cpd00065_c is 0.16930556402248137...
Loop74 pFBA...19017.0...Ave likelihood of: cpd00069_c is 0.29240696172640773...
Loop75 pFBA...8730.0...Ave likelihood of: cpd00156_c is 0.21675114774955176...
Loop76 pFBA...24455.0...Ave likelihood of: cpd00098_c is 0.23604223789401735...
Loop77 pFBA...15265.0...Ave likelihood of: cpd00274_c is 0.21282352325414616...
Loop78 pFBA...6122.0...Ave likelihood of: cpd00226_c is 0.38083108523124404...
Loop79 pFBA...4823.0...Ave likelihood of: cpd00246_c is 0.3575957069927546...
Loop80 pFBA...21119.0...Ave likelihood of: cpd00374_c is 0.25610569543712913...
Loop81 pFBA...4304.0...Ave likelihood of: cpd00221_c is 0.3168885876270368...
Loop82 pFBA...4137.0...Ave likelihood of: cpd00159_c is 0.4030139652134903...
Loop83 pFBA...10151.0...Ave likelihood of: cpd00211_c is 0.13470592151448726...
Loop84 pFBA...4060.0...Ave likelihood of: cpd00047_c is 0.4100124147514559...
Loop85 pFBA...5238.0...Ave likelihood of: cpd00106_c is 0.16413306046599044...
Loop86 pFBA...7794.0...Ave likelihood of: cpd00141_c is 0.19488593297411128...
Loop87 pFBA...20420.0...Ave likelihood of: cpd00216_c is 0.2347758330472351...
Loop88 pFBA...4998.0...Ave likelihood of: cpd00036_c is 0.10291886924042781...
Loop89 pFBA...22450.0...Ave likelihood of: cpd00581_c is 0.13917550219735253...
Loop90 pFBA...4433.0...Ave likelihood of: cpd00128_c is 0.22713842836073894...
Loop91 pFBA...6001.0...Ave likelihood of: cpd00018_c is 0.31558516681322685...
Loop92 pFBA...5307.0...Ave likelihood of: cpd00091_c is 0.4017537499519198...
Loop93 pFBA...3588.0...Ave likelihood of: cpd00092_c is 0.3734557087948484...
Loop94 pFBA...62736.0...Ave likelihood of: cpd00305_c is 0.1813764388771166...
Loop95 pFBA...13843.0...Ave likelihood of: cpd00220_c is 0.19477465866873164...
Loop96 pFBA...14821.0...Ave likelihood of: cpd00218_c is 0.17245952727317632...
Loop97 pFBA...14779.0...Ave likelihood of: cpd00215_c is 0.3326727822169218...
Loop98 pFBA...28565.0...Ave likelihood of: cpd00104_c is 0.14243238772650704...
Loop99 pFBA...36421.0...Ave likelihood of: cpd00393_c is 0.16599971490427032...
Loop100 pFBA...6456.0...Ave likelihood of: cpd00363_c is 0.4670372082788822...
Loop101 pFBA...9190.0...Ave likelihood of: cpd00281_c is 0.11576446002210995...
Loop102 pFBA...4234.0...Ave likelihood of: cpd00025_c is 0.36536719169650506...
Loop103 pFBA...20993.0...Ave likelihood of: cpd00811_c is 0.294514807258395...
Loop104 pFBA...5364.0...Ave likelihood of: cpd00117_c is 0.39475457272207165...
Loop105 pFBA...7600.0...Ave likelihood of: cpd00186_c is 0.23333535995095936...
Loop106 pFBA...22423.0...Ave likelihood of: cpd00637_c is 0.17047889906528993...
Loop107 pFBA...6415.0...Ave likelihood of: cpd00550_c is 0.29848453284244986...
Loop108 pFBA...4199.0...Ave likelihood of: cpd00033_c is 0.21792725350583939...
Loop109 pFBA...5237.0...Ave likelihood of: cpd00035_c is 0.39475457272207165...
Loop110 pFBA...18258.0...Ave likelihood of: cpd00051_c is 0.2949834764789563...
Loop111 pFBA...7923.0...Ave likelihood of: cpd00132_c is 0.19564712372371645...
Loop112 pFBA...5421.0...Ave likelihood of: cpd00041_c is 0.2126526278430718...
Loop113 pFBA...13710.0...Ave likelihood of: cpd00084_c is 0.3123480157828671...
Loop114 pFBA...7345.0...Ave likelihood of: cpd00023_c is 0.13102325236061718...
Loop115 pFBA...9677.0...Ave likelihood of: cpd00053_c is 0.16542887468053796...
Loop116 pFBA...21806.0...Ave likelihood of: cpd00119_c is 0.17736100484373052...
Loop117 pFBA...17402.0...Ave likelihood of: cpd00322_c is 0.12843846283346222...
Loop118 pFBA...14905.0...Ave likelihood of: cpd00107_c is 0.19237236021356535...
Loop119 pFBA...20459.0...Ave likelihood of: cpd00039_c is 0.19502230075621085...
Loop120 pFBA...21423.0...Ave likelihood of: cpd00060_c is 0.17047889906528993...
Loop121 pFBA...20794.0...Ave likelihood of: cpd00066_c is 0.26824985123682865...
Loop122 pFBA...10610.0...Ave likelihood of: cpd00129_c is 0.15439662891723088...
Loop123 pFBA...5415.0...Ave likelihood of: cpd00054_c is 0.30497332703467706...
Loop124 pFBA...7867.0...Ave likelihood of: cpd00161_c is 0.3249560458602941...
Loop125 pFBA...29299.0...Ave likelihood of: cpd00065_c is 0.16686536960286616...
Loop126 pFBA...18589.0...Ave likelihood of: cpd00069_c is 0.24245810657277192...
Loop127 pFBA...8730.0...Ave likelihood of: cpd00156_c is 0.21675114774955176...
Loop128 pFBA...24072.0...Ave likelihood of: cpd00098_c is 0.18266511919396225...
Loop129 pFBA...15021.0...Ave likelihood of: cpd00274_c is 0.33584315904901685...
Loop130 pFBA...6122.0...Ave likelihood of: cpd00226_c is 0.38083108523124404...
Loop131 pFBA...4603.0...Ave likelihood of: cpd00246_c is 0.38830906655523584...
Loop132 pFBA...20501.0...Ave likelihood of: cpd00374_c is 0.27421386861876273...
Loop133 pFBA...4276.0...Ave likelihood of: cpd00221_c is 0.33833422261281626...
Loop134 pFBA...4093.0...Ave likelihood of: cpd00159_c is 0.3338217049776491...
Loop135 pFBA...10120.0...Ave likelihood of: cpd00211_c is 0.2491695713384768...
Loop136 pFBA...4048.0...Ave likelihood of: cpd00047_c is 0.3190450101713071...
Loop137 pFBA...5238.0...Ave likelihood of: cpd00106_c is 0.16413306046599044...
Loop138 pFBA...7774.0...Ave likelihood of: cpd00141_c is 0.3177683059385497...
Loop139 pFBA...19962.0...Ave likelihood of: cpd00216_c is 0.23696975025362343...
Loop140 pFBA...4998.0...Ave likelihood of: cpd00036_c is 0.10291886924042781...
Loop141 pFBA...22450.0...Ave likelihood of: cpd00581_c is 0.13917550219735253...
Loop142 pFBA...4433.0...Ave likelihood of: cpd00128_c is 0.22713842836073894...
Loop143 pFBA...6001.0...Ave likelihood of: cpd00018_c is 0.31558516681322685...
Loop144 pFBA...5307.0...Ave likelihood of: cpd00091_c is 0.4017537499519198...
Loop145 pFBA...3588.0...Ave likelihood of: cpd00092_c is 0.3734557087948484...
Loop146 pFBA...62673.0...Ave likelihood of: cpd00305_c is 0.18094314367246095...
Loop147 pFBA...13822.0...Ave likelihood of: cpd00220_c is 0.26702582092912136...
Loop148 pFBA...14713.0...Ave likelihood of: cpd00218_c is 0.1927860746662587...
Loop149 pFBA...14449.0...Ave likelihood of: cpd00215_c is 0.27022862310950024...
Loop150 pFBA...28482.0...Ave likelihood of: cpd00104_c is 0.18565805746957004...
Loop151 pFBA...36411.0...Ave likelihood of: cpd00393_c is 0.1542489712086412...
Loop152 pFBA...6031.0...Ave likelihood of: cpd00363_c is 0.44606173301862173...
Loop153 pFBA...9190.0...Ave likelihood of: cpd00281_c is 0.11576446002210995...
Loop154 pFBA...4141.0...Ave likelihood of: cpd00025_c is 0.32824353570709114...
Loop155 pFBA...20252.0...Ave likelihood of: cpd00811_c is 0.20502876876309126...
32.3138616681mins to complete!
