
The following have been reloaded with a version change:
  1) anaconda2/4.4.0 => anaconda2/5.1.0

Loading in models...Adding Water...Remove no-like rxns...Pruned 1 metabolites from model
Pruned 1 reactions from model
Set-up Universal...51.0seconds to complete

Loop0 pFBA...5566.0...Ave likelihood of: cpd00117_c is 0.4717795446085529...
Loop1 pFBA...6841.0...Ave likelihood of: cpd00186_c is 0.3597989328687314...
Loop2 pFBA...21383.0...Ave likelihood of: cpd00637_c is 0.26778965244170727...
Loop3 pFBA...6434.0...Ave likelihood of: cpd00550_c is 0.3462599604495777...
Loop4 pFBA...4055.0...Ave likelihood of: cpd00033_c is 0.25552228812890126...
Loop5 pFBA...5445.0...Ave likelihood of: cpd00035_c is 0.4717795446085529...
Loop6 pFBA...18122.0...Ave likelihood of: cpd00051_c is 0.31058422256965157...
Loop7 pFBA...7913.0...Ave likelihood of: cpd00132_c is 0.249902329587817...
Loop8 pFBA...5183.0...Ave likelihood of: cpd00041_c is 0.22301682144575793...
Loop9 pFBA...13629.0...Ave likelihood of: cpd00084_c is 0.27594584554855467...
Loop10 pFBA...6593.0...Ave likelihood of: cpd00023_c is 0.2814871364985473...
Loop11 pFBA...9082.0...Ave likelihood of: cpd00053_c is 0.31092193041273586...
Loop12 pFBA...16374.0...Ave likelihood of: cpd00119_c is 0.32367935370517215...
Loop13 pFBA...16752.0...Ave likelihood of: cpd00322_c is 0.353235148676104...
Loop14 pFBA...14213.0...Ave likelihood of: cpd00107_c is 0.2638843064791006...
Loop15 pFBA...17689.0...Ave likelihood of: cpd00039_c is 0.30455607949692354...
Loop16 pFBA...20383.0...Ave likelihood of: cpd00060_c is 0.2713601811409301...
Loop17 pFBA...20595.0...Ave likelihood of: cpd00066_c is 0.2394240648443208...
Loop18 pFBA...10265.0...Ave likelihood of: cpd00129_c is 0.20316876622455035...
Loop19 pFBA...5434.0...Ave likelihood of: cpd00054_c is 0.35362719365063244...
Loop20 pFBA...7353.0...Ave likelihood of: cpd00161_c is 0.3980968464402643...
Loop21 pFBA...27274.0...Ave likelihood of: cpd00065_c is 0.2496464275750868...
Loop22 pFBA...18320.0...Ave likelihood of: cpd00069_c is 0.21137591680205356...
Loop23 pFBA...7671.0...Ave likelihood of: cpd00156_c is 0.33294093134240316...
Loop24 pFBA...23627.0...Ave likelihood of: cpd00098_c is 0.2467269706659906...
Loop25 pFBA...14168.0...Ave likelihood of: cpd00274_c is 0.1941318351670463...
Loop26 pFBA...6632.0...Ave likelihood of: cpd00226_c is 0.3259721883895065...
Loop27 pFBA...4462.0...Ave likelihood of: cpd00246_c is 0.4373729440132873...
Loop28 pFBA...20051.0...Ave likelihood of: cpd00374_c is 0.2289816281029423...
Loop29 pFBA...4760.0...Ave likelihood of: cpd00221_c is 0.4231409891966037...
Loop30 pFBA...4283.0...Ave likelihood of: cpd00159_c is 0.42125463872549535...
Loop31 pFBA...10306.0...Ave likelihood of: cpd00211_c is 0.39130423592442654...
Loop32 pFBA...3766.0...Ave likelihood of: cpd00047_c is 0.29046002671435484...
Loop33 pFBA...5000.0...Ave likelihood of: cpd00106_c is 0.19001024221313007...
Loop34 pFBA...7571.0...Ave likelihood of: cpd00141_c is 0.4124484416644794...
Loop35 pFBA...19233.0...Ave likelihood of: cpd00216_c is 0.23657828377162812...
Loop36 pFBA...4803.0...Ave likelihood of: cpd00036_c is 0.22807381712769664...
Loop37 pFBA...16942.0...Ave likelihood of: cpd00581_c is 0.3261883404359594...
Loop38 pFBA...4747.0...Ave likelihood of: cpd00128_c is 0.34570411116086913...
Loop39 pFBA...5862.0...Ave likelihood of: cpd00018_c is 0.2797416740784998...
Loop40 pFBA...5862.0...Ave likelihood of: cpd00091_c is 0.2797416740784998...
Loop41 pFBA...3610.0...Ave likelihood of: cpd00092_c is 0.3667646896498621...
Loop42 pFBA...63874.0...Ave likelihood of: cpd00305_c is 0.1579276642685701...
Loop43 pFBA...13682.0...Ave likelihood of: cpd00220_c is 0.2960883376898634...
Loop44 pFBA...14495.0...Ave likelihood of: cpd00218_c is 0.21191868323399837...
Loop45 pFBA...14521.0...Ave likelihood of: cpd00215_c is 0.31438314115444255...
Loop46 pFBA...28648.0...Ave likelihood of: cpd00104_c is 0.20764453754268836...
Loop47 pFBA...36053.0...Ave likelihood of: cpd00393_c is 0.16982288873158...
Loop48 pFBA...5794.0...Ave likelihood of: cpd00363_c is 0.5604287304821568...
Loop49 pFBA...8589.0...Ave likelihood of: cpd00281_c is 0.20159674820015863...
Loop50 pFBA...4024.0...Ave likelihood of: cpd00025_c is 0.27479951614031856...
Loop51 pFBA...19597.0...Ave likelihood of: cpd00811_c is 0.2594299750154083...
Loop52 pFBA...5462.0...Ave likelihood of: cpd00714_c is 0.36646603858258375...
Loop53 pFBA...5566.0...Ave likelihood of: cpd00117_c is 0.4717795446085529...
Loop54 pFBA...6841.0...Ave likelihood of: cpd00186_c is 0.3597989328687314...
Loop55 pFBA...21626.0...Ave likelihood of: cpd00637_c is 0.2841140482172852...
Loop56 pFBA...6503.0...Ave likelihood of: cpd00550_c is 0.30636421770214...
Loop57 pFBA...4056.0...Ave likelihood of: cpd00033_c is 0.2386127139148998...
Loop58 pFBA...5445.0...Ave likelihood of: cpd00035_c is 0.4717795446085529...
Loop59 pFBA...18289.0...Ave likelihood of: cpd00051_c is 0.32072739779911114...
Loop60 pFBA...7913.0...Ave likelihood of: cpd00132_c is 0.249902329587817...
Loop61 pFBA...5183.0...Ave likelihood of: cpd00041_c is 0.22301682144575793...
Loop62 pFBA...13757.0...Ave likelihood of: cpd00084_c is 0.25250430753473657...
Loop63 pFBA...6593.0...Ave likelihood of: cpd00023_c is 0.2814871364985473...
Loop64 pFBA...9082.0...Ave likelihood of: cpd00053_c is 0.31092193041273586...
Loop65 pFBA...16374.0...Ave likelihood of: cpd00119_c is 0.32367935370517215...
Loop66 pFBA...16762.0...Ave likelihood of: cpd00322_c is 0.23937689297032133...
Loop67 pFBA...14213.0...Ave likelihood of: cpd00107_c is 0.2638843064791006...
Loop68 pFBA...17904.0...Ave likelihood of: cpd00039_c is 0.3396207924464271...
Loop69 pFBA...20626.0...Ave likelihood of: cpd00060_c is 0.2875788536833497...
Loop70 pFBA...21378.0...Ave likelihood of: cpd00066_c is 0.2324233331417503...
Loop71 pFBA...10265.0...Ave likelihood of: cpd00129_c is 0.20316876622455035...
Loop72 pFBA...5503.0...Ave likelihood of: cpd00054_c is 0.30636421770214...
Loop73 pFBA...7643.0...Ave likelihood of: cpd00161_c is 0.39833167667601077...
Loop74 pFBA...27274.0...Ave likelihood of: cpd00065_c is 0.2496464275750868...
Loop75 pFBA...18838.0...Ave likelihood of: cpd00069_c is 0.24077299436054886...
Loop76 pFBA...7671.0...Ave likelihood of: cpd00156_c is 0.33294093134240316...
Loop77 pFBA...24470.0...Ave likelihood of: cpd00098_c is 0.2764377624149439...
Loop78 pFBA...14168.0...Ave likelihood of: cpd00274_c is 0.1941318351670463...
Loop79 pFBA...6632.0...Ave likelihood of: cpd00226_c is 0.3259721883895065...
Loop80 pFBA...4760.0...Ave likelihood of: cpd00246_c is 0.36100476463935116...
Loop81 pFBA...20757.0...Ave likelihood of: cpd00374_c is 0.2241840633991888...
Loop82 pFBA...5078.0...Ave likelihood of: cpd00221_c is 0.39159344393776757...
Loop83 pFBA...4346.0...Ave likelihood of: cpd00159_c is 0.38784520739190603...
Loop84 pFBA...10481.0...Ave likelihood of: cpd00211_c is 0.20642185556064988...
Loop85 pFBA...3766.0...Ave likelihood of: cpd00047_c is 0.2191561281352726...
Loop86 pFBA...5000.0...Ave likelihood of: cpd00106_c is 0.19001024221313007...
Loop87 pFBA...7735.0...Ave likelihood of: cpd00141_c is 0.3235703687930194...
Loop88 pFBA...20288.0...Ave likelihood of: cpd00216_c is 0.21774030672448266...
Loop89 pFBA...4803.0...Ave likelihood of: cpd00036_c is 0.22807381712769664...
Loop90 pFBA...16942.0...Ave likelihood of: cpd00581_c is 0.3261883404359594...
Loop91 pFBA...4747.0...Ave likelihood of: cpd00128_c is 0.34570411116086913...
Loop92 pFBA...5862.0...Ave likelihood of: cpd00018_c is 0.2797416740784998...
Loop93 pFBA...5862.0...Ave likelihood of: cpd00091_c is 0.2797416740784998...
Loop94 pFBA...3619.0...Ave likelihood of: cpd00092_c is 0.32159930086830574...
Loop95 pFBA...64046.0...Ave likelihood of: cpd00305_c is 0.12199609661519743...
Loop96 pFBA...14058.0...Ave likelihood of: cpd00220_c is 0.17776696218870303...
Loop97 pFBA...14706.0...Ave likelihood of: cpd00218_c is 0.2128611514203767...
Loop98 pFBA...15040.0...Ave likelihood of: cpd00215_c is 0.32714719773604456...
Loop99 pFBA...28695.0...Ave likelihood of: cpd00104_c is 0.16281061586779125...
Loop100 pFBA...36062.0...Ave likelihood of: cpd00393_c is 0.17065388955605762...
Loop101 pFBA...6482.0...Ave likelihood of: cpd00363_c is 0.48428161776774714...
Loop102 pFBA...8589.0...Ave likelihood of: cpd00281_c is 0.20159674820015863...
Loop103 pFBA...4190.0...Ave likelihood of: cpd00025_c is 0.3987619735881195...
Loop104 pFBA...20366.0...Ave likelihood of: cpd00811_c is 0.30466157529942695...
Loop105 pFBA...6298.0...Ave likelihood of: cpd00714_c is 0.4310094096105513...
Loop106 pFBA...5566.0...Ave likelihood of: cpd00117_c is 0.4717795446085529...
Loop107 pFBA...6841.0...Ave likelihood of: cpd00186_c is 0.3597989328687314...
Loop108 pFBA...21551.0...Ave likelihood of: cpd00637_c is 0.24676100644542742...
Loop109 pFBA...6457.0...Ave likelihood of: cpd00550_c is 0.3022779471520703...
Loop110 pFBA...4056.0...Ave likelihood of: cpd00033_c is 0.2282751614480795...
Loop111 pFBA...5445.0...Ave likelihood of: cpd00035_c is 0.4717795446085529...
Loop112 pFBA...18211.0...Ave likelihood of: cpd00051_c is 0.2725756889489449...
Loop113 pFBA...7913.0...Ave likelihood of: cpd00132_c is 0.249902329587817...
Loop114 pFBA...5183.0...Ave likelihood of: cpd00041_c is 0.22301682144575793...
Loop115 pFBA...13743.0...Ave likelihood of: cpd00084_c is 0.23056075671245538...
Loop116 pFBA...6593.0...Ave likelihood of: cpd00023_c is 0.2814871364985473...
Loop117 pFBA...9082.0...Ave likelihood of: cpd00053_c is 0.31092193041273586...
Loop118 pFBA...16374.0...Ave likelihood of: cpd00119_c is 0.3301529407792756...
Loop119 pFBA...16762.0...Ave likelihood of: cpd00322_c is 0.23937689297032133...
Loop120 pFBA...14213.0...Ave likelihood of: cpd00107_c is 0.2638843064791006...
Loop121 pFBA...17744.0...Ave likelihood of: cpd00039_c is 0.2845534347674313...
Loop122 pFBA...20551.0...Ave likelihood of: cpd00060_c is 0.2499656948408226...
Loop123 pFBA...20955.0...Ave likelihood of: cpd00066_c is 0.22639071514048373...
Loop124 pFBA...10265.0...Ave likelihood of: cpd00129_c is 0.20316876622455035...
Loop125 pFBA...5457.0...Ave likelihood of: cpd00054_c is 0.30857540438440506...
Loop126 pFBA...7521.0...Ave likelihood of: cpd00161_c is 0.3680602259751673...
Loop127 pFBA...27274.0...Ave likelihood of: cpd00065_c is 0.2496464275750868...
Loop128 pFBA...18487.0...Ave likelihood of: cpd00069_c is 0.19682864718131043...
Loop129 pFBA...7671.0...Ave likelihood of: cpd00156_c is 0.33294093134240316...
Loop130 pFBA...24120.0...Ave likelihood of: cpd00098_c is 0.2377730217957156...
Loop131 pFBA...14168.0...Ave likelihood of: cpd00274_c is 0.1941318351670463...
Loop132 pFBA...6632.0...Ave likelihood of: cpd00226_c is 0.3259721883895065...
Loop133 pFBA...4642.0...Ave likelihood of: cpd00246_c is 0.22354720606446146...
Loop134 pFBA...20442.0...Ave likelihood of: cpd00374_c is 0.21632719381365703...
Loop135 pFBA...4969.0...Ave likelihood of: cpd00221_c is 0.19022202085061174...
Loop136 pFBA...4333.0...Ave likelihood of: cpd00159_c is 0.3457470867961115...
Loop137 pFBA...10462.0...Ave likelihood of: cpd00211_c is 0.35786187999593866...
Loop138 pFBA...3766.0...Ave likelihood of: cpd00047_c is 0.21915612813527263...
Loop139 pFBA...5000.0...Ave likelihood of: cpd00106_c is 0.19001024221313007...
Loop140 pFBA...7679.0...Ave likelihood of: cpd00141_c is 0.37118691233625556...
Loop141 pFBA...19657.0...Ave likelihood of: cpd00216_c is 0.23069064789036206...
Loop142 pFBA...4803.0...Ave likelihood of: cpd00036_c is 0.22807381712769664...
Loop143 pFBA...16942.0...Ave likelihood of: cpd00581_c is 0.3261883404359594...
Loop144 pFBA...4747.0...Ave likelihood of: cpd00128_c is 0.34570411116086913...
Loop145 pFBA...5862.0...Ave likelihood of: cpd00018_c is 0.2797416740784998...
Loop146 pFBA...5862.0...Ave likelihood of: cpd00091_c is 0.2797416740784998...
Loop147 pFBA...3619.0...Ave likelihood of: cpd00092_c is 0.32159930086830574...
Loop148 pFBA...64046.0...Ave likelihood of: cpd00305_c is 0.12076381281100353...
Loop149 pFBA...13957.0...Ave likelihood of: cpd00220_c is 0.26525964651817013...
Loop150 pFBA...14673.0...Ave likelihood of: cpd00218_c is 0.14388413165804798...
Loop151 pFBA...14750.0...Ave likelihood of: cpd00215_c is 0.22756996674501764...
Loop152 pFBA...28686.0...Ave likelihood of: cpd00104_c is 0.18041180079454175...
Loop153 pFBA...36053.0...Ave likelihood of: cpd00393_c is 0.15147699817027707...
Loop154 pFBA...6173.0...Ave likelihood of: cpd00363_c is 0.43061445142645377...
Loop155 pFBA...8589.0...Ave likelihood of: cpd00281_c is 0.20159674820015863...
Loop156 pFBA...4141.0...Ave likelihood of: cpd00025_c is 0.3194158582260882...
Loop157 pFBA...19988.0...Ave likelihood of: cpd00811_c is 0.27133746285254307...
Loop158 pFBA...6205.0...Ave likelihood of: cpd00714_c is 0.2893369045013923...
31.9706703504mins to complete!
