
The following have been reloaded with a version change:
  1) anaconda2/4.4.0 => anaconda2/5.1.0

Loading in models...Adding Water...Remove no-like rxns...Pruned 1 metabolites from model
Pruned 1 reactions from model
Set-up Universal...60.0seconds to complete

Loop0 pFBA...6190.0...Ave likelihood of: cpd00117_c is 0.23091055927154086...
Loop1 pFBA...8232.0...Ave likelihood of: cpd00186_c is 0.12807930088551597...
Loop2 pFBA...22923.0...Ave likelihood of: cpd00637_c is 0.18674342582890954...
Loop3 pFBA...7044.0...Ave likelihood of: cpd00550_c is 0.2708253539138861...
Loop4 pFBA...4748.0...Ave likelihood of: cpd00033_c is 0.1792578404112609...
Loop5 pFBA...6028.0...Ave likelihood of: cpd00035_c is 0.22406508752346127...
Loop6 pFBA...19340.0...Ave likelihood of: cpd00051_c is 0.2672542994437601...
Loop7 pFBA...8880.0...Ave likelihood of: cpd00132_c is 0.12868168503227212...
Loop8 pFBA...6002.0...Ave likelihood of: cpd00041_c is 0.05640700337281123...
Loop9 pFBA...14303.0...Ave likelihood of: cpd00084_c is 0.23656952365849016...
Loop10 pFBA...7999.0...Ave likelihood of: cpd00023_c is 0.00012146805188593685...
Loop11 pFBA...10583.0...Ave likelihood of: cpd00053_c is 0.1283245075559164...
Loop12 pFBA...22793.0...Ave likelihood of: cpd00119_c is 0.09011193681225793...
Loop13 pFBA...17962.0...Ave likelihood of: cpd00322_c is 0.24803357677186014...
Loop14 pFBA...14899.0...Ave likelihood of: cpd00107_c is 0.20022447666402723...
Loop15 pFBA...17699.0...Ave likelihood of: cpd00039_c is 0.2991592255167684...
Loop16 pFBA...21923.0...Ave likelihood of: cpd00060_c is 0.18894040730924966...
Loop17 pFBA...21370.0...Ave likelihood of: cpd00066_c is 0.19944191618644183...
Loop18 pFBA...12000.0...Ave likelihood of: cpd00129_c is 0.0...
Loop19 pFBA...6044.0...Ave likelihood of: cpd00054_c is 0.27635240195294497...
Loop20 pFBA...8329.0...Ave likelihood of: cpd00161_c is 0.28411728200847425...
Loop21 pFBA...30010.0...Ave likelihood of: cpd00065_c is 0.11929286419060345...
Loop22 pFBA...19190.0...Ave likelihood of: cpd00069_c is 0.22421832340147424...
Loop23 pFBA...8765.0...Ave likelihood of: cpd00156_c is 0.1642580691723728...
Loop24 pFBA...24938.0...Ave likelihood of: cpd00098_c is 0.16657744786269726...
Loop25 pFBA...16127.0...Ave likelihood of: cpd00274_c is 0.23560334694619095...
Loop26 pFBA...7077.0...Ave likelihood of: cpd00226_c is 0.2774753458107077...
Loop27 pFBA...5056.0...Ave likelihood of: cpd00246_c is 0.29544954161100034...
Loop28 pFBA...21197.0...Ave likelihood of: cpd00374_c is 0.1790513482631104...
Loop29 pFBA...4308.0...Ave likelihood of: cpd00221_c is 0.29898818014016615...
Loop30 pFBA...4189.0...Ave likelihood of: cpd00159_c is 0.3342833182621094...
Loop31 pFBA...10438.0...Ave likelihood of: cpd00211_c is 0.29468779299643494...
Loop32 pFBA...4066.0...Ave likelihood of: cpd00047_c is 0.3397232566394579...
Loop33 pFBA...5283.0...Ave likelihood of: cpd00106_c is 0.08805580105752676...
Loop34 pFBA...7918.0...Ave likelihood of: cpd00141_c is 0.37704257994067647...
Loop35 pFBA...20466.0...Ave likelihood of: cpd00216_c is 0.20740210003846865...
Loop36 pFBA...5064.0...Ave likelihood of: cpd00036_c is 0.04858760847366136...
Loop37 pFBA...22794.0...Ave likelihood of: cpd00581_c is 0.09683822382238397...
Loop38 pFBA...4994.0...Ave likelihood of: cpd00128_c is 0.0911178639517841...
Loop39 pFBA...6200.0...Ave likelihood of: cpd00018_c is 0.11622065348741639...
Loop40 pFBA...5545.0...Ave likelihood of: cpd00091_c is 0.14327068323019604...
Loop41 pFBA...4057.0...Ave likelihood of: cpd00092_c is 0.24684529519079018...
Loop42 pFBA...63337.0...Ave likelihood of: cpd00305_c is 0.16702512751484538...
Loop43 pFBA...12633.0...Ave likelihood of: cpd00220_c is 0.17233934309088306...
Loop44 pFBA...14711.0...Ave likelihood of: cpd00218_c is 0.13870523451236788...
Loop45 pFBA...14621.0...Ave likelihood of: cpd00215_c is 0.21653685214844487...
Loop46 pFBA...29107.0...Ave likelihood of: cpd00104_c is 0.14887574788059435...
Loop47 pFBA...36593.0...Ave likelihood of: cpd00393_c is 0.1769137503404114...
Loop48 pFBA...6366.0...Ave likelihood of: cpd00363_c is 0.4097535963048602...
Loop49 pFBA...9999.0...Ave likelihood of: cpd00281_c is 8.676289420424061e-05...
Loop50 pFBA...4212.0...Ave likelihood of: cpd00025_c is 0.2784423984584443...
Loop51 pFBA...20986.0...Ave likelihood of: cpd00811_c is 0.200990642622798...
Loop52 pFBA...6190.0...Ave likelihood of: cpd00117_c is 0.23091055927154086...
Loop53 pFBA...8232.0...Ave likelihood of: cpd00186_c is 0.12807930088551597...
Loop54 pFBA...22984.0...Ave likelihood of: cpd00637_c is 0.1616915305336118...
Loop55 pFBA...7171.0...Ave likelihood of: cpd00550_c is 0.20001009076265816...
Loop56 pFBA...4748.0...Ave likelihood of: cpd00033_c is 0.1792578404112609...
Loop57 pFBA...6028.0...Ave likelihood of: cpd00035_c is 0.22406508752346127...
Loop58 pFBA...19614.0...Ave likelihood of: cpd00051_c is 0.19001028266941852...
Loop59 pFBA...8880.0...Ave likelihood of: cpd00132_c is 0.12868168503227212...
Loop60 pFBA...6002.0...Ave likelihood of: cpd00041_c is 0.05640700337281123...
Loop61 pFBA...14405.0...Ave likelihood of: cpd00084_c is 0.20655270020380997...
Loop62 pFBA...7999.0...Ave likelihood of: cpd00023_c is 0.00012146805188593685...
Loop63 pFBA...10583.0...Ave likelihood of: cpd00053_c is 0.1283245075559164...
Loop64 pFBA...22793.0...Ave likelihood of: cpd00119_c is 0.0900984403620484...
Loop65 pFBA...18028.0...Ave likelihood of: cpd00322_c is 0.18409376542558484...
Loop66 pFBA...14899.0...Ave likelihood of: cpd00107_c is 0.20022447666402723...
Loop67 pFBA...17810.0...Ave likelihood of: cpd00039_c is 0.31036884774299445...
Loop68 pFBA...21984.0...Ave likelihood of: cpd00060_c is 0.16359378383400722...
Loop69 pFBA...21737.0...Ave likelihood of: cpd00066_c is 0.19064342892851302...
Loop70 pFBA...12000.0...Ave likelihood of: cpd00129_c is 0.0...
Loop71 pFBA...6171.0...Ave likelihood of: cpd00054_c is 0.20667709378808008...
Loop72 pFBA...8471.0...Ave likelihood of: cpd00161_c is 0.23969560725198985...
Loop73 pFBA...30011.0...Ave likelihood of: cpd00065_c is 0.10381019059905122...
Loop74 pFBA...19513.0...Ave likelihood of: cpd00069_c is 0.1903459500029848...
Loop75 pFBA...8765.0...Ave likelihood of: cpd00156_c is 0.1642580691723728...
Loop76 pFBA...25280.0...Ave likelihood of: cpd00098_c is 0.11328487829240541...
Loop77 pFBA...16387.0...Ave likelihood of: cpd00274_c is 0.2341152867278865...
Loop78 pFBA...7077.0...Ave likelihood of: cpd00226_c is 0.2774753458107077...
Loop79 pFBA...5147.0...Ave likelihood of: cpd00246_c is 0.18001060674429736...
Loop80 pFBA...21813.0...Ave likelihood of: cpd00374_c is 0.19034595000298477...
Loop81 pFBA...4746.0...Ave likelihood of: cpd00221_c is 0.3063887451282161...
Loop82 pFBA...4515.0...Ave likelihood of: cpd00159_c is 0.28067544781193837...
Loop83 pFBA...10591.0...Ave likelihood of: cpd00211_c is 0.13358836143653638...
Loop84 pFBA...4246.0...Ave likelihood of: cpd00047_c is 0.38087309246611883...
Loop85 pFBA...5283.0...Ave likelihood of: cpd00106_c is 0.08805580105752675...
Loop86 pFBA...8193.0...Ave likelihood of: cpd00141_c is 0.1512151275196675...
Loop87 pFBA...20466.0...Ave likelihood of: cpd00216_c is 0.20740210003846865...
Loop88 pFBA...5064.0...Ave likelihood of: cpd00036_c is 0.04858760847366136...
Loop89 pFBA...22794.0...Ave likelihood of: cpd00581_c is 0.09683822382238395...
Loop90 pFBA...4994.0...Ave likelihood of: cpd00128_c is 0.0911178639517841...
Loop91 pFBA...6200.0...Ave likelihood of: cpd00018_c is 0.11622065348741639...
Loop92 pFBA...5545.0...Ave likelihood of: cpd00091_c is 0.14327068323019598...
Loop93 pFBA...4057.0...Ave likelihood of: cpd00092_c is 0.24684529519079018...
Loop94 pFBA...63492.0...Ave likelihood of: cpd00305_c is 0.16254488219409474...
Loop95 pFBA...12633.0...Ave likelihood of: cpd00220_c is 0.17756174742697042...
Loop96 pFBA...14711.0...Ave likelihood of: cpd00218_c is 0.13870523451236788...
Loop97 pFBA...15204.0...Ave likelihood of: cpd00215_c is 0.20013086331758373...
Loop98 pFBA...29204.0...Ave likelihood of: cpd00104_c is 0.13117912410941224...
Loop99 pFBA...36593.0...Ave likelihood of: cpd00393_c is 0.17692309403671033...
Loop100 pFBA...7188.0...Ave likelihood of: cpd00363_c is 0.3588866112635652...
Loop101 pFBA...9999.0...Ave likelihood of: cpd00281_c is 8.676289420424061e-05...
Loop102 pFBA...4363.0...Ave likelihood of: cpd00025_c is 0.3368703575061626...
Loop103 pFBA...21950.0...Ave likelihood of: cpd00811_c is 0.15087269121119498...
Loop104 pFBA...6190.0...Ave likelihood of: cpd00117_c is 0.23091055927154086...
Loop105 pFBA...8232.0...Ave likelihood of: cpd00186_c is 0.12807930088551597...
Loop106 pFBA...22883.0...Ave likelihood of: cpd00637_c is 0.1777160502716143...
Loop107 pFBA...7097.0...Ave likelihood of: cpd00550_c is 0.2731330899591322...
Loop108 pFBA...4748.0...Ave likelihood of: cpd00033_c is 0.1792578404112609...
Loop109 pFBA...6028.0...Ave likelihood of: cpd00035_c is 0.22406508752346127...
Loop110 pFBA...19294.0...Ave likelihood of: cpd00051_c is 0.25022591538371985...
Loop111 pFBA...8880.0...Ave likelihood of: cpd00132_c is 0.12868168503227212...
Loop112 pFBA...6002.0...Ave likelihood of: cpd00041_c is 0.05640700337281123...
Loop113 pFBA...14405.0...Ave likelihood of: cpd00084_c is 0.20655270020380997...
Loop114 pFBA...7999.0...Ave likelihood of: cpd00023_c is 0.00012146805188593685...
Loop115 pFBA...10583.0...Ave likelihood of: cpd00053_c is 0.1283245075559164...
Loop116 pFBA...22793.0...Ave likelihood of: cpd00119_c is 0.09214613218845859...
Loop117 pFBA...17922.0...Ave likelihood of: cpd00322_c is 0.2512596808581828...
Loop118 pFBA...14899.0...Ave likelihood of: cpd00107_c is 0.20022447666402723...
Loop119 pFBA...17716.0...Ave likelihood of: cpd00039_c is 0.27811782919699246...
Loop120 pFBA...21883.0...Ave likelihood of: cpd00060_c is 0.17969067305241...
Loop121 pFBA...21196.0...Ave likelihood of: cpd00066_c is 0.20763397369536332...
Loop122 pFBA...12000.0...Ave likelihood of: cpd00129_c is 0.0...
Loop123 pFBA...6097.0...Ave likelihood of: cpd00054_c is 0.2788233626666141...
Loop124 pFBA...8289.0...Ave likelihood of: cpd00161_c is 0.31134476271292305...
Loop125 pFBA...30000.0...Ave likelihood of: cpd00065_c is 0.13377856122581522...
Loop126 pFBA...19095.0...Ave likelihood of: cpd00069_c is 0.20189060329905967...
Loop127 pFBA...8765.0...Ave likelihood of: cpd00156_c is 0.1642580691723728...
Loop128 pFBA...24819.0...Ave likelihood of: cpd00098_c is 0.17205272928023896...
Loop129 pFBA...16268.0...Ave likelihood of: cpd00274_c is 0.3161977809133991...
Loop130 pFBA...7077.0...Ave likelihood of: cpd00226_c is 0.2774753458107077...
Loop131 pFBA...5056.0...Ave likelihood of: cpd00246_c is 0.3559794299433537...
Loop132 pFBA...21018.0...Ave likelihood of: cpd00374_c is 0.18342289710772336...
Loop133 pFBA...4533.0...Ave likelihood of: cpd00221_c is 0.3190347268007513...
Loop134 pFBA...4397.0...Ave likelihood of: cpd00159_c is 0.31220935317366194...
Loop135 pFBA...10415.0...Ave likelihood of: cpd00211_c is 0.31042831496598333...
Loop136 pFBA...4150.0...Ave likelihood of: cpd00047_c is 0.34884508477825016...
Loop137 pFBA...5283.0...Ave likelihood of: cpd00106_c is 0.08805580105752675...
Loop138 pFBA...8095.0...Ave likelihood of: cpd00141_c is 0.23873187311442592...
Loop139 pFBA...20411.0...Ave likelihood of: cpd00216_c is 0.20663440722943324...
Loop140 pFBA...5060.0...Ave likelihood of: cpd00036_c is 0.24932889962809943...
Loop141 pFBA...22794.0...Ave likelihood of: cpd00581_c is 0.09683822382238395...
Loop142 pFBA...4994.0...Ave likelihood of: cpd00128_c is 0.0911178639517841...
Loop143 pFBA...6200.0...Ave likelihood of: cpd00018_c is 0.11622065348741639...
Loop144 pFBA...5545.0...Ave likelihood of: cpd00091_c is 0.14327068323019598...
Loop145 pFBA...4057.0...Ave likelihood of: cpd00092_c is 0.24684529519079018...
Loop146 pFBA...63313.0...Ave likelihood of: cpd00305_c is 0.16546277724503114...
Loop147 pFBA...12633.0...Ave likelihood of: cpd00220_c is 0.17756174742697042...
Loop148 pFBA...14711.0...Ave likelihood of: cpd00218_c is 0.13870523451236788...
Loop149 pFBA...14505.0...Ave likelihood of: cpd00215_c is 0.21858410004012419...
Loop150 pFBA...29027.0...Ave likelihood of: cpd00104_c is 0.14620086610151992...
Loop151 pFBA...36593.0...Ave likelihood of: cpd00393_c is 0.1769137503404114...
Loop152 pFBA...6440.0...Ave likelihood of: cpd00363_c is 0.38650838328382076...
Loop153 pFBA...9999.0...Ave likelihood of: cpd00281_c is 8.676289420424061e-05...
Loop154 pFBA...4175.0...Ave likelihood of: cpd00025_c is 0.2859838432421387...
Loop155 pFBA...20833.0...Ave likelihood of: cpd00811_c is 0.22067389386246283...
31.660961167mins to complete!
