
The following have been reloaded with a version change:
  1) anaconda2/4.4.0 => anaconda2/5.1.0

Loading in models...Adding Water...Remove no-like rxns...Pruned 1 metabolites from model
Pruned 1 reactions from model
Set-up Universal...57.0seconds to complete

Loop0 pFBA...5569.0...Ave likelihood of: cpd00117_c is 0.47149705830646726...
Loop1 pFBA...6841.0...Ave likelihood of: cpd00186_c is 0.35985256994016773...
Loop2 pFBA...21375.0...Ave likelihood of: cpd00637_c is 0.2681662675105912...
Loop3 pFBA...6438.0...Ave likelihood of: cpd00550_c is 0.3460717397978906...
Loop4 pFBA...4054.0...Ave likelihood of: cpd00033_c is 0.2554392415791938...
Loop5 pFBA...5446.0...Ave likelihood of: cpd00035_c is 0.47149705830646726...
Loop6 pFBA...18119.0...Ave likelihood of: cpd00051_c is 0.31059710933171797...
Loop7 pFBA...7913.0...Ave likelihood of: cpd00132_c is 0.24988269335915725...
Loop8 pFBA...5182.0...Ave likelihood of: cpd00041_c is 0.2230252464097285...
Loop9 pFBA...13631.0...Ave likelihood of: cpd00084_c is 0.2717310096163192...
Loop10 pFBA...6592.0...Ave likelihood of: cpd00023_c is 0.28155150098427095...
Loop11 pFBA...9082.0...Ave likelihood of: cpd00053_c is 0.3109232991725562...
Loop12 pFBA...16373.0...Ave likelihood of: cpd00119_c is 0.33027427732924375...
Loop13 pFBA...16729.0...Ave likelihood of: cpd00322_c is 0.35440327936650906...
Loop14 pFBA...14209.0...Ave likelihood of: cpd00107_c is 0.26402878668157553...
Loop15 pFBA...17678.0...Ave likelihood of: cpd00039_c is 0.305103980599393...
Loop16 pFBA...20375.0...Ave likelihood of: cpd00060_c is 0.27174181774406575...
Loop17 pFBA...20596.0...Ave likelihood of: cpd00066_c is 0.2394180444092069...
Loop18 pFBA...10265.0...Ave likelihood of: cpd00129_c is 0.20322317119597752...
Loop19 pFBA...5438.0...Ave likelihood of: cpd00054_c is 0.3534349683042286...
Loop20 pFBA...7359.0...Ave likelihood of: cpd00161_c is 0.39792236027508054...
Loop21 pFBA...27284.0...Ave likelihood of: cpd00065_c is 0.24940026587873068...
Loop22 pFBA...18321.0...Ave likelihood of: cpd00069_c is 0.21404021101250287...
Loop23 pFBA...7671.0...Ave likelihood of: cpd00156_c is 0.3329485060454389...
Loop24 pFBA...23631.0...Ave likelihood of: cpd00098_c is 0.27480912160810594...
Loop25 pFBA...14167.0...Ave likelihood of: cpd00274_c is 0.19421061241854423...
Loop26 pFBA...6632.0...Ave likelihood of: cpd00226_c is 0.3259219257380456...
Loop27 pFBA...4462.0...Ave likelihood of: cpd00246_c is 0.43730411651871287...
Loop28 pFBA...20051.0...Ave likelihood of: cpd00374_c is 0.22613046985548152...
Loop29 pFBA...4760.0...Ave likelihood of: cpd00221_c is 0.423152613002711...
Loop30 pFBA...4284.0...Ave likelihood of: cpd00159_c is 0.4211579962939493...
Loop31 pFBA...10327.0...Ave likelihood of: cpd00211_c is 0.35535903707350935...
Loop32 pFBA...3765.0...Ave likelihood of: cpd00047_c is 0.2596714154763131...
Loop33 pFBA...5000.0...Ave likelihood of: cpd00106_c is 0.19000610865166542...
Loop34 pFBA...7568.0...Ave likelihood of: cpd00141_c is 0.41285934458020085...
Loop35 pFBA...19235.0...Ave likelihood of: cpd00216_c is 0.23655899228487592...
Loop36 pFBA...4803.0...Ave likelihood of: cpd00036_c is 0.22807534515317582...
Loop37 pFBA...16941.0...Ave likelihood of: cpd00581_c is 0.3263159579196918...
Loop38 pFBA...4747.0...Ave likelihood of: cpd00128_c is 0.34565856957005253...
Loop39 pFBA...5862.0...Ave likelihood of: cpd00018_c is 0.2797216015030204...
Loop40 pFBA...5862.0...Ave likelihood of: cpd00091_c is 0.27972160150302033...
Loop41 pFBA...3610.0...Ave likelihood of: cpd00092_c is 0.3666578429826303...
Loop42 pFBA...63873.0...Ave likelihood of: cpd00305_c is 0.16092731849658706...
Loop43 pFBA...13719.0...Ave likelihood of: cpd00220_c is 0.28360291159829426...
Loop44 pFBA...14511.0...Ave likelihood of: cpd00218_c is 0.21083233153960762...
Loop45 pFBA...14522.0...Ave likelihood of: cpd00215_c is 0.31436208404034155...
Loop46 pFBA...28644.0...Ave likelihood of: cpd00104_c is 0.21236653582156698...
Loop47 pFBA...36054.0...Ave likelihood of: cpd00393_c is 0.16977641787916709...
Loop48 pFBA...5867.0...Ave likelihood of: cpd00363_c is 0.557480746948458...
Loop49 pFBA...8588.0...Ave likelihood of: cpd00281_c is 0.2016446355702584...
Loop50 pFBA...4024.0...Ave likelihood of: cpd00025_c is 0.2982472347588389...
Loop51 pFBA...19600.0...Ave likelihood of: cpd00811_c is 0.2593308860042095...
Loop52 pFBA...5498.0...Ave likelihood of: cpd00714_c is 0.36270618253858383...
Loop53 pFBA...5569.0...Ave likelihood of: cpd00117_c is 0.47149705830646726...
Loop54 pFBA...6841.0...Ave likelihood of: cpd00186_c is 0.35985256994016773...
Loop55 pFBA...21640.0...Ave likelihood of: cpd00637_c is 0.27810380839365506...
Loop56 pFBA...6504.0...Ave likelihood of: cpd00550_c is 0.30601279069729853...
Loop57 pFBA...4055.0...Ave likelihood of: cpd00033_c is 0.23854320981401356...
Loop58 pFBA...5446.0...Ave likelihood of: cpd00035_c is 0.47149705830646726...
Loop59 pFBA...18322.0...Ave likelihood of: cpd00051_c is 0.2792908754364768...
Loop60 pFBA...7913.0...Ave likelihood of: cpd00132_c is 0.24988269335915725...
Loop61 pFBA...5182.0...Ave likelihood of: cpd00041_c is 0.2230252464097285...
Loop62 pFBA...13759.0...Ave likelihood of: cpd00084_c is 0.2523638271629206...
Loop63 pFBA...6592.0...Ave likelihood of: cpd00023_c is 0.28155150098427095...
Loop64 pFBA...9082.0...Ave likelihood of: cpd00053_c is 0.3109232991725562...
Loop65 pFBA...16373.0...Ave likelihood of: cpd00119_c is 0.3237983111071017...
Loop66 pFBA...16737.0...Ave likelihood of: cpd00322_c is 0.24084570014676532...
Loop67 pFBA...14209.0...Ave likelihood of: cpd00107_c is 0.26402878668157553...
Loop68 pFBA...17901.0...Ave likelihood of: cpd00039_c is 0.34099592398656764...
Loop69 pFBA...20640.0...Ave likelihood of: cpd00060_c is 0.28145445668755453...
Loop70 pFBA...21468.0...Ave likelihood of: cpd00066_c is 0.22888616568079065...
Loop71 pFBA...10265.0...Ave likelihood of: cpd00129_c is 0.20322317119597752...
Loop72 pFBA...5504.0...Ave likelihood of: cpd00054_c is 0.30601279069729853...
Loop73 pFBA...7654.0...Ave likelihood of: cpd00161_c is 0.36506196573430283...
Loop74 pFBA...27284.0...Ave likelihood of: cpd00065_c is 0.24940026587873063...
Loop75 pFBA...18867.0...Ave likelihood of: cpd00069_c is 0.2377251459085236...
Loop76 pFBA...7671.0...Ave likelihood of: cpd00156_c is 0.3329485060454389...
Loop77 pFBA...24536.0...Ave likelihood of: cpd00098_c is 0.2713395515511867...
Loop78 pFBA...14167.0...Ave likelihood of: cpd00274_c is 0.19421061241854423...
Loop79 pFBA...6632.0...Ave likelihood of: cpd00226_c is 0.3259219257380456...
Loop80 pFBA...4794.0...Ave likelihood of: cpd00246_c is 0.355643978228429...
Loop81 pFBA...20828.0...Ave likelihood of: cpd00374_c is 0.2213270531588165...
Loop82 pFBA...5087.0...Ave likelihood of: cpd00221_c is 0.3489887558299457...
Loop83 pFBA...4349.0...Ave likelihood of: cpd00159_c is 0.38287294684751927...
Loop84 pFBA...10496.0...Ave likelihood of: cpd00211_c is 0.21480603811343835...
Loop85 pFBA...3765.0...Ave likelihood of: cpd00047_c is 0.21939527605636752...
Loop86 pFBA...5000.0...Ave likelihood of: cpd00106_c is 0.19000610865166542...
Loop87 pFBA...7728.0...Ave likelihood of: cpd00141_c is 0.32438322657353796...
Loop88 pFBA...20288.0...Ave likelihood of: cpd00216_c is 0.22553911484189237...
Loop89 pFBA...4803.0...Ave likelihood of: cpd00036_c is 0.22807534515317582...
Loop90 pFBA...16941.0...Ave likelihood of: cpd00581_c is 0.3263159579196918...
Loop91 pFBA...4747.0...Ave likelihood of: cpd00128_c is 0.34565856957005253...
Loop92 pFBA...5862.0...Ave likelihood of: cpd00018_c is 0.2797216015030204...
Loop93 pFBA...5862.0...Ave likelihood of: cpd00091_c is 0.27972160150302033...
Loop94 pFBA...3619.0...Ave likelihood of: cpd00092_c is 0.32155720966164225...
Loop95 pFBA...64046.0...Ave likelihood of: cpd00305_c is 0.12075698807728252...
Loop96 pFBA...14156.0...Ave likelihood of: cpd00220_c is 0.15612576873394646...
Loop97 pFBA...14724.0...Ave likelihood of: cpd00218_c is 0.20793658326581044...
Loop98 pFBA...15065.0...Ave likelihood of: cpd00215_c is 0.34711054399464947...
Loop99 pFBA...28687.0...Ave likelihood of: cpd00104_c is 0.1707652026041296...
Loop100 pFBA...36063.0...Ave likelihood of: cpd00393_c is 0.1706442575884705...
Loop101 pFBA...6587.0...Ave likelihood of: cpd00363_c is 0.3759774803778951...
Loop102 pFBA...8588.0...Ave likelihood of: cpd00281_c is 0.2016446355702584...
Loop103 pFBA...4209.0...Ave likelihood of: cpd00025_c is 0.34350871543531214...
Loop104 pFBA...20474.0...Ave likelihood of: cpd00811_c is 0.30108726736886987...
Loop105 pFBA...6459.0...Ave likelihood of: cpd00714_c is 0.41831643924863926...
Loop106 pFBA...5569.0...Ave likelihood of: cpd00117_c is 0.47149705830646726...
Loop107 pFBA...6841.0...Ave likelihood of: cpd00186_c is 0.35985256994016773...
Loop108 pFBA...21542.0...Ave likelihood of: cpd00637_c is 0.24717150490542109...
Loop109 pFBA...6459.0...Ave likelihood of: cpd00550_c is 0.30216344520484556...
Loop110 pFBA...4055.0...Ave likelihood of: cpd00033_c is 0.22820546366658015...
Loop111 pFBA...5446.0...Ave likelihood of: cpd00035_c is 0.47149705830646726...
Loop112 pFBA...18208.0...Ave likelihood of: cpd00051_c is 0.27262471548053646...
Loop113 pFBA...7913.0...Ave likelihood of: cpd00132_c is 0.24988269335915725...
Loop114 pFBA...5182.0...Ave likelihood of: cpd00041_c is 0.2230252464097285...
Loop115 pFBA...13745.0...Ave likelihood of: cpd00084_c is 0.23046681519382167...
Loop116 pFBA...6592.0...Ave likelihood of: cpd00023_c is 0.28155150098427095...
Loop117 pFBA...9082.0...Ave likelihood of: cpd00053_c is 0.3109232991725562...
Loop118 pFBA...16373.0...Ave likelihood of: cpd00119_c is 0.33027427732924375...
Loop119 pFBA...16737.0...Ave likelihood of: cpd00322_c is 0.24084570014676532...
Loop120 pFBA...14209.0...Ave likelihood of: cpd00107_c is 0.26402878668157553...
Loop121 pFBA...17732.0...Ave likelihood of: cpd00039_c is 0.28513957772785625...
Loop122 pFBA...20542.0...Ave likelihood of: cpd00060_c is 0.25038152444964734...
Loop123 pFBA...20955.0...Ave likelihood of: cpd00066_c is 0.2264189136117642...
Loop124 pFBA...10265.0...Ave likelihood of: cpd00129_c is 0.20322317119597752...
Loop125 pFBA...5459.0...Ave likelihood of: cpd00054_c is 0.30845851697994653...
Loop126 pFBA...7520.0...Ave likelihood of: cpd00161_c is 0.3681643308029001...
Loop127 pFBA...27284.0...Ave likelihood of: cpd00065_c is 0.24940026587873063...
Loop128 pFBA...18486.0...Ave likelihood of: cpd00069_c is 0.19684867192001712...
Loop129 pFBA...7671.0...Ave likelihood of: cpd00156_c is 0.3329485060454389...
Loop130 pFBA...24123.0...Ave likelihood of: cpd00098_c is 0.24171913155348304...
Loop131 pFBA...14167.0...Ave likelihood of: cpd00274_c is 0.19421061241854423...
Loop132 pFBA...6632.0...Ave likelihood of: cpd00226_c is 0.3259219257380456...
Loop133 pFBA...4642.0...Ave likelihood of: cpd00246_c is 0.22811354098985415...
Loop134 pFBA...20441.0...Ave likelihood of: cpd00374_c is 0.21632831207812014...
Loop135 pFBA...4969.0...Ave likelihood of: cpd00221_c is 0.1901994008977046...
Loop136 pFBA...4334.0...Ave likelihood of: cpd00159_c is 0.4076595374498465...
Loop137 pFBA...10476.0...Ave likelihood of: cpd00211_c is 0.3378622580552371...
Loop138 pFBA...3765.0...Ave likelihood of: cpd00047_c is 0.21939527605636752...
Loop139 pFBA...5000.0...Ave likelihood of: cpd00106_c is 0.19000610865166542...
Loop140 pFBA...7672.0...Ave likelihood of: cpd00141_c is 0.37189172505561535...
Loop141 pFBA...19657.0...Ave likelihood of: cpd00216_c is 0.230706447194847...
Loop142 pFBA...4803.0...Ave likelihood of: cpd00036_c is 0.22807534515317582...
Loop143 pFBA...16941.0...Ave likelihood of: cpd00581_c is 0.3263159579196918...
Loop144 pFBA...4747.0...Ave likelihood of: cpd00128_c is 0.34565856957005253...
Loop145 pFBA...5862.0...Ave likelihood of: cpd00018_c is 0.2797216015030204...
Loop146 pFBA...5862.0...Ave likelihood of: cpd00091_c is 0.27972160150302033...
Loop147 pFBA...3619.0...Ave likelihood of: cpd00092_c is 0.32155720966164225...
Loop148 pFBA...64046.0...Ave likelihood of: cpd00305_c is 0.12075698807728252...
Loop149 pFBA...14027.0...Ave likelihood of: cpd00220_c is 0.262930786831458...
Loop150 pFBA...14675.0...Ave likelihood of: cpd00218_c is 0.1491569921008767...
Loop151 pFBA...14750.0...Ave likelihood of: cpd00215_c is 0.22756939943050442...
Loop152 pFBA...28679.0...Ave likelihood of: cpd00104_c is 0.1956154713766843...
Loop153 pFBA...36055.0...Ave likelihood of: cpd00393_c is 0.15145884654783065...
Loop154 pFBA...6245.0...Ave likelihood of: cpd00363_c is 0.4282100096369095...
Loop155 pFBA...8588.0...Ave likelihood of: cpd00281_c is 0.2016446355702584...
Loop156 pFBA...4141.0...Ave likelihood of: cpd00025_c is 0.31940458411846684...
Loop157 pFBA...19987.0...Ave likelihood of: cpd00811_c is 0.27123283232736595...
Loop158 pFBA...6241.0...Ave likelihood of: cpd00714_c is 0.2855638576659024...
32.0257958651mins to complete!
