
The following have been reloaded with a version change:
  1) anaconda2/4.4.0 => anaconda2/5.1.0

Loading in models...Adding Water...Remove no-like rxns...Pruned 1 metabolites from model
Pruned 1 reactions from model
Set-up Universal...43.0seconds to complete

Loop0 pFBA...5364.0...Ave likelihood of: cpd00117_c is 0.3947514673981772...
Loop1 pFBA...7602.0...Ave likelihood of: cpd00186_c is 0.23305515180075362...
Loop2 pFBA...22518.0...Ave likelihood of: cpd00637_c is 0.16928664358955348...
Loop3 pFBA...6386.0...Ave likelihood of: cpd00550_c is 0.293718559395334...
Loop4 pFBA...4200.0...Ave likelihood of: cpd00033_c is 0.22611472302607652...
Loop5 pFBA...5237.0...Ave likelihood of: cpd00035_c is 0.3947514673981772...
Loop6 pFBA...18183.0...Ave likelihood of: cpd00051_c is 0.3011295670055089...
Loop7 pFBA...7985.0...Ave likelihood of: cpd00132_c is 0.17422573430672067...
Loop8 pFBA...5509.0...Ave likelihood of: cpd00041_c is 0.13394205778725088...
Loop9 pFBA...13558.0...Ave likelihood of: cpd00084_c is 0.25212368158837234...
Loop10 pFBA...7345.0...Ave likelihood of: cpd00023_c is 0.1310187634188054...
Loop11 pFBA...9677.0...Ave likelihood of: cpd00053_c is 0.16542984463090407...
Loop12 pFBA...21746.0...Ave likelihood of: cpd00119_c is 0.1253952994507935...
Loop13 pFBA...17444.0...Ave likelihood of: cpd00322_c is 0.12591020113988224...
Loop14 pFBA...14905.0...Ave likelihood of: cpd00107_c is 0.19242059487407268...
Loop15 pFBA...20574.0...Ave likelihood of: cpd00039_c is 0.17252164994205293...
Loop16 pFBA...21518.0...Ave likelihood of: cpd00060_c is 0.1715437988374142...
Loop17 pFBA...20676.0...Ave likelihood of: cpd00066_c is 0.2499580583447531...
Loop18 pFBA...10610.0...Ave likelihood of: cpd00129_c is 0.13895116693757265...
Loop19 pFBA...5386.0...Ave likelihood of: cpd00054_c is 0.3017185472288598...
Loop20 pFBA...7874.0...Ave likelihood of: cpd00161_c is 0.3129447601557238...
Loop21 pFBA...29299.0...Ave likelihood of: cpd00065_c is 0.1668935229145522...
Loop22 pFBA...18541.0...Ave likelihood of: cpd00069_c is 0.25403733645436327...
Loop23 pFBA...8732.0...Ave likelihood of: cpd00156_c is 0.21629716592830892...
Loop24 pFBA...24082.0...Ave likelihood of: cpd00098_c is 0.19452834254876156...
Loop25 pFBA...14852.0...Ave likelihood of: cpd00274_c is 0.3511775534776483...
Loop26 pFBA...6120.0...Ave likelihood of: cpd00226_c is 0.3810406766447154...
Loop27 pFBA...4579.0...Ave likelihood of: cpd00246_c is 0.38547296670453857...
Loop28 pFBA...20384.0...Ave likelihood of: cpd00374_c is 0.2335076176085909...
Loop29 pFBA...4152.0...Ave likelihood of: cpd00221_c is 0.3385892226192293...
Loop30 pFBA...3972.0...Ave likelihood of: cpd00159_c is 0.41673068660429613...
Loop31 pFBA...10131.0...Ave likelihood of: cpd00211_c is 0.24823532425392214...
Loop32 pFBA...4012.0...Ave likelihood of: cpd00047_c is 0.34010991605566115...
Loop33 pFBA...5238.0...Ave likelihood of: cpd00106_c is 0.1641384998677284...
Loop34 pFBA...7652.0...Ave likelihood of: cpd00141_c is 0.3335035518359367...
Loop35 pFBA...19635.0...Ave likelihood of: cpd00216_c is 0.27262738933557457...
Loop36 pFBA...5009.0...Ave likelihood of: cpd00036_c is 0.08038597291140281...
Loop37 pFBA...22381.0...Ave likelihood of: cpd00581_c is 0.1300395698008229...
Loop38 pFBA...4434.0...Ave likelihood of: cpd00128_c is 0.22663416323006783...
Loop39 pFBA...6000.0...Ave likelihood of: cpd00018_c is 0.3156821978664523...
Loop40 pFBA...5306.0...Ave likelihood of: cpd00091_c is 0.40184471656431864...
Loop41 pFBA...3590.0...Ave likelihood of: cpd00092_c is 0.37341048057723913...
Loop42 pFBA...62690.0...Ave likelihood of: cpd00305_c is 0.1776461126259913...
Loop43 pFBA...12664.0...Ave likelihood of: cpd00220_c is 0.3020927153749326...
Loop44 pFBA...14672.0...Ave likelihood of: cpd00218_c is 0.16782839599161659...
Loop45 pFBA...14462.0...Ave likelihood of: cpd00215_c is 0.2738623799887599...
Loop46 pFBA...28497.0...Ave likelihood of: cpd00104_c is 0.1846850617312287...
Loop47 pFBA...36411.0...Ave likelihood of: cpd00393_c is 0.15384365650802345...
Loop48 pFBA...6025.0...Ave likelihood of: cpd00363_c is 0.4188652265920351...
Loop49 pFBA...9189.0...Ave likelihood of: cpd00281_c is 0.11582323186539359...
Loop50 pFBA...4106.0...Ave likelihood of: cpd00025_c is 0.26508651301111097...
Loop51 pFBA...20228.0...Ave likelihood of: cpd00811_c is 0.23208796172796634...
Loop52 pFBA...5364.0...Ave likelihood of: cpd00117_c is 0.3947514673981772...
Loop53 pFBA...7602.0...Ave likelihood of: cpd00186_c is 0.23305515180075362...
Loop54 pFBA...22580.0...Ave likelihood of: cpd00637_c is 0.1189538539268877...
Loop55 pFBA...6425.0...Ave likelihood of: cpd00550_c is 0.3803075701949262...
Loop56 pFBA...4200.0...Ave likelihood of: cpd00033_c is 0.22611472302607652...
Loop57 pFBA...5237.0...Ave likelihood of: cpd00035_c is 0.3947514673981772...
Loop58 pFBA...18548.0...Ave likelihood of: cpd00051_c is 0.3080336444215607...
Loop59 pFBA...7985.0...Ave likelihood of: cpd00132_c is 0.17422573430672064...
Loop60 pFBA...5509.0...Ave likelihood of: cpd00041_c is 0.13394205778725088...
Loop61 pFBA...13770.0...Ave likelihood of: cpd00084_c is 0.2507025046703762...
Loop62 pFBA...7345.0...Ave likelihood of: cpd00023_c is 0.1310187634188054...
Loop63 pFBA...9677.0...Ave likelihood of: cpd00053_c is 0.16544912762301708...
Loop64 pFBA...21746.0...Ave likelihood of: cpd00119_c is 0.1253952994507935...
Loop65 pFBA...17444.0...Ave likelihood of: cpd00322_c is 0.12591020113988224...
Loop66 pFBA...14905.0...Ave likelihood of: cpd00107_c is 0.19242059487407268...
Loop67 pFBA...21069.0...Ave likelihood of: cpd00039_c is 0.20873385968232...
Loop68 pFBA...21580.0...Ave likelihood of: cpd00060_c is 0.12065319469727182...
Loop69 pFBA...21417.0...Ave likelihood of: cpd00066_c is 0.2644696798459381...
Loop70 pFBA...10610.0...Ave likelihood of: cpd00129_c is 0.13895116693757265...
Loop71 pFBA...5425.0...Ave likelihood of: cpd00054_c is 0.40566140820792135...
Loop72 pFBA...7996.0...Ave likelihood of: cpd00161_c is 0.22218622420944334...
Loop73 pFBA...29299.0...Ave likelihood of: cpd00065_c is 0.16689352291455223...
Loop74 pFBA...19016.0...Ave likelihood of: cpd00069_c is 0.28188026494296803...
Loop75 pFBA...8732.0...Ave likelihood of: cpd00156_c is 0.21629716592830892...
Loop76 pFBA...24454.0...Ave likelihood of: cpd00098_c is 0.2360654661266164...
Loop77 pFBA...15258.0...Ave likelihood of: cpd00274_c is 0.21299782784567106...
Loop78 pFBA...6120.0...Ave likelihood of: cpd00226_c is 0.38104067664471536...
Loop79 pFBA...4823.0...Ave likelihood of: cpd00246_c is 0.35299402443239597...
Loop80 pFBA...21120.0...Ave likelihood of: cpd00374_c is 0.2718595505205413...
Loop81 pFBA...4304.0...Ave likelihood of: cpd00221_c is 0.3169452845581745...
Loop82 pFBA...4137.0...Ave likelihood of: cpd00159_c is 0.4030326989463877...
Loop83 pFBA...10159.0...Ave likelihood of: cpd00211_c is 0.1344447796461193...
Loop84 pFBA...4129.0...Ave likelihood of: cpd00047_c is 0.413390257465111...
Loop85 pFBA...5238.0...Ave likelihood of: cpd00106_c is 0.1641384998677284...
Loop86 pFBA...7794.0...Ave likelihood of: cpd00141_c is 0.19496343667926844...
Loop87 pFBA...20308.0...Ave likelihood of: cpd00216_c is 0.2288642466832628...
Loop88 pFBA...5009.0...Ave likelihood of: cpd00036_c is 0.08038597291140281...
Loop89 pFBA...22381.0...Ave likelihood of: cpd00581_c is 0.1300395698008229...
Loop90 pFBA...4434.0...Ave likelihood of: cpd00128_c is 0.22663416323006783...
Loop91 pFBA...6000.0...Ave likelihood of: cpd00018_c is 0.3156821978664523...
Loop92 pFBA...5306.0...Ave likelihood of: cpd00091_c is 0.40184471656431864...
Loop93 pFBA...3590.0...Ave likelihood of: cpd00092_c is 0.37341048057723913...
Loop94 pFBA...62768.0...Ave likelihood of: cpd00305_c is 0.17618742097763707...
Loop95 pFBA...12675.0...Ave likelihood of: cpd00220_c is 0.2486894188523062...
Loop96 pFBA...14856.0...Ave likelihood of: cpd00218_c is 0.1663273075544651...
Loop97 pFBA...14790.0...Ave likelihood of: cpd00215_c is 0.3305891237901417...
Loop98 pFBA...28575.0...Ave likelihood of: cpd00104_c is 0.1645193058742092...
Loop99 pFBA...36420.0...Ave likelihood of: cpd00393_c is 0.16601251426361952...
Loop100 pFBA...6455.0...Ave likelihood of: cpd00363_c is 0.46717331300838677...
Loop101 pFBA...9189.0...Ave likelihood of: cpd00281_c is 0.11582323186539359...
Loop102 pFBA...4233.0...Ave likelihood of: cpd00025_c is 0.37171500023842935...
Loop103 pFBA...20993.0...Ave likelihood of: cpd00811_c is 0.29452054303264297...
Loop104 pFBA...5364.0...Ave likelihood of: cpd00117_c is 0.3947514673981772...
Loop105 pFBA...7602.0...Ave likelihood of: cpd00186_c is 0.23305515180075362...
Loop106 pFBA...22555.0...Ave likelihood of: cpd00637_c is 0.15368893032997943...
Loop107 pFBA...6415.0...Ave likelihood of: cpd00550_c is 0.29807157457590605...
Loop108 pFBA...4200.0...Ave likelihood of: cpd00033_c is 0.22611472302607652...
Loop109 pFBA...5237.0...Ave likelihood of: cpd00035_c is 0.3947514673981772...
Loop110 pFBA...18282.0...Ave likelihood of: cpd00051_c is 0.27381791663528027...
Loop111 pFBA...7985.0...Ave likelihood of: cpd00132_c is 0.17422573430672064...
Loop112 pFBA...5509.0...Ave likelihood of: cpd00041_c is 0.13394205778725088...
Loop113 pFBA...13710.0...Ave likelihood of: cpd00084_c is 0.3122582142990277...
Loop114 pFBA...7345.0...Ave likelihood of: cpd00023_c is 0.1310187634188054...
Loop115 pFBA...9677.0...Ave likelihood of: cpd00053_c is 0.1654298446309041...
Loop116 pFBA...21746.0...Ave likelihood of: cpd00119_c is 0.1253952994507935...
Loop117 pFBA...17444.0...Ave likelihood of: cpd00322_c is 0.12591020113988224...
Loop118 pFBA...14905.0...Ave likelihood of: cpd00107_c is 0.19242059487407268...
Loop119 pFBA...20721.0...Ave likelihood of: cpd00039_c is 0.18988001689162476...
Loop120 pFBA...21555.0...Ave likelihood of: cpd00060_c is 0.1536889303299794...
Loop121 pFBA...20793.0...Ave likelihood of: cpd00066_c is 0.2682447947327824...
Loop122 pFBA...10610.0...Ave likelihood of: cpd00129_c is 0.13895116693757265...
Loop123 pFBA...5415.0...Ave likelihood of: cpd00054_c is 0.3045513914145127...
Loop124 pFBA...7869.0...Ave likelihood of: cpd00161_c is 0.3134418214798121...
Loop125 pFBA...29299.0...Ave likelihood of: cpd00065_c is 0.1693229209057547...
Loop126 pFBA...18590.0...Ave likelihood of: cpd00069_c is 0.24243657129286103...
Loop127 pFBA...8732.0...Ave likelihood of: cpd00156_c is 0.21629716592830892...
Loop128 pFBA...24075.0...Ave likelihood of: cpd00098_c is 0.17953903526780832...
Loop129 pFBA...15017.0...Ave likelihood of: cpd00274_c is 0.33581192526655673...
Loop130 pFBA...6120.0...Ave likelihood of: cpd00226_c is 0.3810406766447154...
Loop131 pFBA...4605.0...Ave likelihood of: cpd00246_c is 0.3882929989227384...
Loop132 pFBA...20501.0...Ave likelihood of: cpd00374_c is 0.2742026826271627...
Loop133 pFBA...4277.0...Ave likelihood of: cpd00221_c is 0.3380786929528362...
Loop134 pFBA...4093.0...Ave likelihood of: cpd00159_c is 0.3335805174477252...
Loop135 pFBA...10130.0...Ave likelihood of: cpd00211_c is 0.24875267379532007...
Loop136 pFBA...4088.0...Ave likelihood of: cpd00047_c is 0.32140549481269276...
Loop137 pFBA...5238.0...Ave likelihood of: cpd00106_c is 0.1641384998677284...
Loop138 pFBA...7782.0...Ave likelihood of: cpd00141_c is 0.31748592937344483...
Loop139 pFBA...19855.0...Ave likelihood of: cpd00216_c is 0.26005048675595444...
Loop140 pFBA...5009.0...Ave likelihood of: cpd00036_c is 0.08038597291140281...
Loop141 pFBA...22381.0...Ave likelihood of: cpd00581_c is 0.1300395698008229...
Loop142 pFBA...4434.0...Ave likelihood of: cpd00128_c is 0.22663416323006783...
Loop143 pFBA...6000.0...Ave likelihood of: cpd00018_c is 0.3156821978664523...
Loop144 pFBA...5306.0...Ave likelihood of: cpd00091_c is 0.40184471656431864...
Loop145 pFBA...3590.0...Ave likelihood of: cpd00092_c is 0.37341048057723913...
Loop146 pFBA...62686.0...Ave likelihood of: cpd00305_c is 0.18398150463227794...
Loop147 pFBA...12656.0...Ave likelihood of: cpd00220_c is 0.30261006491633047...
Loop148 pFBA...14774.0...Ave likelihood of: cpd00218_c is 0.1791794632881734...
Loop149 pFBA...14454.0...Ave likelihood of: cpd00215_c is 0.2632968632840254...
Loop150 pFBA...28490.0...Ave likelihood of: cpd00104_c is 0.1810252745404419...
Loop151 pFBA...36410.0...Ave likelihood of: cpd00393_c is 0.15424603948466625...
Loop152 pFBA...6034.0...Ave likelihood of: cpd00363_c is 0.44584348561291803...
Loop153 pFBA...9189.0...Ave likelihood of: cpd00281_c is 0.11582323186539359...
Loop154 pFBA...4141.0...Ave likelihood of: cpd00025_c is 0.32825728789563885...
Loop155 pFBA...20256.0...Ave likelihood of: cpd00811_c is 0.204818855722091...
30.8756484191mins to complete!
