
The following have been reloaded with a version change:
  1) anaconda2/4.4.0 => anaconda2/5.1.0

Loading in models...Adding Water...Remove no-like rxns...Pruned 1 metabolites from model
Pruned 1 reactions from model
Set-up Universal...62.0seconds to complete

Loop0 pFBA...5367.0...Ave likelihood of: cpd00117_c is 0.3945262580980886...
Loop1 pFBA...7603.0...Ave likelihood of: cpd00186_c is 0.23277627609818388...
Loop2 pFBA...22418.0...Ave likelihood of: cpd00637_c is 0.17755097535262598...
Loop3 pFBA...6388.0...Ave likelihood of: cpd00550_c is 0.29514770522455014...
Loop4 pFBA...4198.0...Ave likelihood of: cpd00033_c is 0.22222377283328892...
Loop5 pFBA...5239.0...Ave likelihood of: cpd00035_c is 0.3945262580980886...
Loop6 pFBA...18179.0...Ave likelihood of: cpd00051_c is 0.3084029612006418...
Loop7 pFBA...7955.0...Ave likelihood of: cpd00132_c is 0.19156029828345497...
Loop8 pFBA...5455.0...Ave likelihood of: cpd00041_c is 0.1750698622734271...
Loop9 pFBA...13565.0...Ave likelihood of: cpd00084_c is 0.2515437248080936...
Loop10 pFBA...7347.0...Ave likelihood of: cpd00023_c is 0.1306795292460249...
Loop11 pFBA...9679.0...Ave likelihood of: cpd00053_c is 0.1654113699453424...
Loop12 pFBA...21701.0...Ave likelihood of: cpd00119_c is 0.15888805923731233...
Loop13 pFBA...17445.0...Ave likelihood of: cpd00322_c is 0.12580896124310437...
Loop14 pFBA...14895.0...Ave likelihood of: cpd00107_c is 0.19272389469558582...
Loop15 pFBA...20525.0...Ave likelihood of: cpd00039_c is 0.17322727301453025...
Loop16 pFBA...21418.0...Ave likelihood of: cpd00060_c is 0.18315784825849837...
Loop17 pFBA...20678.0...Ave likelihood of: cpd00066_c is 0.24985010514430944...
Loop18 pFBA...10611.0...Ave likelihood of: cpd00129_c is 0.13888104361985154...
Loop19 pFBA...5388.0...Ave likelihood of: cpd00054_c is 0.3031270417478923...
Loop20 pFBA...7864.0...Ave likelihood of: cpd00161_c is 0.3275560427298186...
Loop21 pFBA...29298.0...Ave likelihood of: cpd00065_c is 0.17091279714268434...
Loop22 pFBA...18543.0...Ave likelihood of: cpd00069_c is 0.24976148262153516...
Loop23 pFBA...8731.0...Ave likelihood of: cpd00156_c is 0.2162688165823155...
Loop24 pFBA...23953.0...Ave likelihood of: cpd00098_c is 0.23152253118923286...
Loop25 pFBA...14864.0...Ave likelihood of: cpd00274_c is 0.3504630634322671...
Loop26 pFBA...6122.0...Ave likelihood of: cpd00226_c is 0.3805398243206833...
Loop27 pFBA...4582.0...Ave likelihood of: cpd00246_c is 0.38451380553113224...
Loop28 pFBA...20386.0...Ave likelihood of: cpd00374_c is 0.23726586751388198...
Loop29 pFBA...4160.0...Ave likelihood of: cpd00221_c is 0.33773089524442773...
Loop30 pFBA...3976.0...Ave likelihood of: cpd00159_c is 0.41597897647064075...
Loop31 pFBA...10134.0...Ave likelihood of: cpd00211_c is 0.24769225612303516...
Loop32 pFBA...4023.0...Ave likelihood of: cpd00047_c is 0.35103670258472325...
Loop33 pFBA...5238.0...Ave likelihood of: cpd00106_c is 0.16418734031361354...
Loop34 pFBA...7656.0...Ave likelihood of: cpd00141_c is 0.33262799055995335...
Loop35 pFBA...19633.0...Ave likelihood of: cpd00216_c is 0.2801848876900852...
Loop36 pFBA...5009.0...Ave likelihood of: cpd00036_c is 0.0802248880023092...
Loop37 pFBA...22335.0...Ave likelihood of: cpd00581_c is 0.13609236398902713...
Loop38 pFBA...4435.0...Ave likelihood of: cpd00128_c is 0.2263733659071952...
Loop39 pFBA...6000.0...Ave likelihood of: cpd00018_c is 0.3155815852677482...
Loop40 pFBA...5189.0...Ave likelihood of: cpd00091_c is 0.40907992764707835...
Loop41 pFBA...3564.0...Ave likelihood of: cpd00092_c is 0.3759840161524837...
Loop42 pFBA...62582.0...Ave likelihood of: cpd00305_c is 0.17274960073253717...
Loop43 pFBA...13798.0...Ave likelihood of: cpd00220_c is 0.17618256814067776...
Loop44 pFBA...14652.0...Ave likelihood of: cpd00218_c is 0.1666754007331489...
Loop45 pFBA...14447.0...Ave likelihood of: cpd00215_c is 0.27182362460992315...
Loop46 pFBA...28437.0...Ave likelihood of: cpd00104_c is 0.1856483515753099...
Loop47 pFBA...36420.0...Ave likelihood of: cpd00393_c is 0.1533853787445036...
Loop48 pFBA...6033.0...Ave likelihood of: cpd00363_c is 0.41815483595691366...
Loop49 pFBA...9191.0...Ave likelihood of: cpd00281_c is 0.11552419614436361...
Loop50 pFBA...4106.0...Ave likelihood of: cpd00025_c is 0.2645173451850772...
Loop51 pFBA...20223.0...Ave likelihood of: cpd00811_c is 0.22574665719474699...
Loop52 pFBA...5367.0...Ave likelihood of: cpd00117_c is 0.3945262580980886...
Loop53 pFBA...7603.0...Ave likelihood of: cpd00186_c is 0.23277627609818388...
Loop54 pFBA...22481.0...Ave likelihood of: cpd00637_c is 0.11974257599510399...
Loop55 pFBA...6427.0...Ave likelihood of: cpd00550_c is 0.38011703850201545...
Loop56 pFBA...4198.0...Ave likelihood of: cpd00033_c is 0.22633902788575724...
Loop57 pFBA...5239.0...Ave likelihood of: cpd00035_c is 0.3945262580980886...
Loop58 pFBA...18551.0...Ave likelihood of: cpd00051_c is 0.30773980557688024...
Loop59 pFBA...7955.0...Ave likelihood of: cpd00132_c is 0.19156029828345497...
Loop60 pFBA...5455.0...Ave likelihood of: cpd00041_c is 0.1750698622734271...
Loop61 pFBA...13754.0...Ave likelihood of: cpd00084_c is 0.25275456774795496...
Loop62 pFBA...7347.0...Ave likelihood of: cpd00023_c is 0.1306795292460249...
Loop63 pFBA...9679.0...Ave likelihood of: cpd00053_c is 0.1654113699453424...
Loop64 pFBA...21701.0...Ave likelihood of: cpd00119_c is 0.15888805923731233...
Loop65 pFBA...17445.0...Ave likelihood of: cpd00322_c is 0.12580896124310437...
Loop66 pFBA...14895.0...Ave likelihood of: cpd00107_c is 0.19272389469558582...
Loop67 pFBA...20998.0...Ave likelihood of: cpd00039_c is 0.2192197758191449...
Loop68 pFBA...21481.0...Ave likelihood of: cpd00060_c is 0.1213828852553109...
Loop69 pFBA...21393.0...Ave likelihood of: cpd00066_c is 0.283903838587915...
Loop70 pFBA...10611.0...Ave likelihood of: cpd00129_c is 0.13888104361985154...
Loop71 pFBA...5427.0...Ave likelihood of: cpd00054_c is 0.4054581744021498...
Loop72 pFBA...7974.0...Ave likelihood of: cpd00161_c is 0.24196040919596698...
Loop73 pFBA...29298.0...Ave likelihood of: cpd00065_c is 0.16847260272306916...
Loop74 pFBA...19001.0...Ave likelihood of: cpd00069_c is 0.2831027478895975...
Loop75 pFBA...8731.0...Ave likelihood of: cpd00156_c is 0.2162688165823155...
Loop76 pFBA...24333.0...Ave likelihood of: cpd00098_c is 0.16931691917016178...
Loop77 pFBA...15263.0...Ave likelihood of: cpd00274_c is 0.2128701793258366...
Loop78 pFBA...6122.0...Ave likelihood of: cpd00226_c is 0.38053982432068323...
Loop79 pFBA...4822.0...Ave likelihood of: cpd00246_c is 0.35840173157204885...
Loop80 pFBA...21112.0...Ave likelihood of: cpd00374_c is 0.2695980892874739...
Loop81 pFBA...4297.0...Ave likelihood of: cpd00221_c is 0.2963447836671985...
Loop82 pFBA...4135.0...Ave likelihood of: cpd00159_c is 0.31461499546735694...
Loop83 pFBA...10160.0...Ave likelihood of: cpd00211_c is 0.13440512204881228...
Loop84 pFBA...4077.0...Ave likelihood of: cpd00047_c is 0.40625035327919834...
Loop85 pFBA...5238.0...Ave likelihood of: cpd00106_c is 0.13900530147866208...
Loop86 pFBA...7795.0...Ave likelihood of: cpd00141_c is 0.1947969541844899...
Loop87 pFBA...20312.0...Ave likelihood of: cpd00216_c is 0.23317279727257947...
Loop88 pFBA...5009.0...Ave likelihood of: cpd00036_c is 0.0802248880023092...
Loop89 pFBA...22335.0...Ave likelihood of: cpd00581_c is 0.1392388664229628...
Loop90 pFBA...4435.0...Ave likelihood of: cpd00128_c is 0.2263733659071952...
Loop91 pFBA...6000.0...Ave likelihood of: cpd00018_c is 0.3155815852677482...
Loop92 pFBA...5189.0...Ave likelihood of: cpd00091_c is 0.40907992764707835...
Loop93 pFBA...3564.0...Ave likelihood of: cpd00092_c is 0.3759840161524837...
Loop94 pFBA...62658.0...Ave likelihood of: cpd00305_c is 0.17850903139764523...
Loop95 pFBA...13798.0...Ave likelihood of: cpd00220_c is 0.1761825681406778...
Loop96 pFBA...14808.0...Ave likelihood of: cpd00218_c is 0.17243184617733914...
Loop97 pFBA...14734.0...Ave likelihood of: cpd00215_c is 0.3182248864926808...
Loop98 pFBA...28518.0...Ave likelihood of: cpd00104_c is 0.16388748320295946...
Loop99 pFBA...36427.0...Ave likelihood of: cpd00393_c is 0.16986140546492642...
Loop100 pFBA...6456.0...Ave likelihood of: cpd00363_c is 0.4664381688247136...
Loop101 pFBA...9191.0...Ave likelihood of: cpd00281_c is 0.11552419614436361...
Loop102 pFBA...4228.0...Ave likelihood of: cpd00025_c is 0.37297514161343304...
Loop103 pFBA...20992.0...Ave likelihood of: cpd00811_c is 0.29446819395967144...
Loop104 pFBA...5367.0...Ave likelihood of: cpd00117_c is 0.3945262580980886...
Loop105 pFBA...7603.0...Ave likelihood of: cpd00186_c is 0.23277627609818388...
Loop106 pFBA...22451.0...Ave likelihood of: cpd00637_c is 0.17543528428971808...
Loop107 pFBA...6417.0...Ave likelihood of: cpd00550_c is 0.2984933610688643...
Loop108 pFBA...4198.0...Ave likelihood of: cpd00033_c is 0.22633902788575724...
Loop109 pFBA...5239.0...Ave likelihood of: cpd00035_c is 0.3945262580980886...
Loop110 pFBA...18265.0...Ave likelihood of: cpd00051_c is 0.2989201596798815...
Loop111 pFBA...7955.0...Ave likelihood of: cpd00132_c is 0.19156029828345497...
Loop112 pFBA...5455.0...Ave likelihood of: cpd00041_c is 0.1750698622734271...
Loop113 pFBA...13695.0...Ave likelihood of: cpd00084_c is 0.3143438537102673...
Loop114 pFBA...7347.0...Ave likelihood of: cpd00023_c is 0.1306795292460249...
Loop115 pFBA...9679.0...Ave likelihood of: cpd00053_c is 0.16539104278303998...
Loop116 pFBA...21701.0...Ave likelihood of: cpd00119_c is 0.15888805923731233...
Loop117 pFBA...17445.0...Ave likelihood of: cpd00322_c is 0.12580896124310437...
Loop118 pFBA...14895.0...Ave likelihood of: cpd00107_c is 0.19272389469558582...
Loop119 pFBA...20665.0...Ave likelihood of: cpd00039_c is 0.19096419517246438...
Loop120 pFBA...21451.0...Ave likelihood of: cpd00060_c is 0.17929100482355803...
Loop121 pFBA...20790.0...Ave likelihood of: cpd00066_c is 0.2682627731705498...
Loop122 pFBA...10611.0...Ave likelihood of: cpd00129_c is 0.13888104361985154...
Loop123 pFBA...5417.0...Ave likelihood of: cpd00054_c is 0.304982347179057...
Loop124 pFBA...7854.0...Ave likelihood of: cpd00161_c is 0.3286373280724847...
Loop125 pFBA...29298.0...Ave likelihood of: cpd00065_c is 0.16847260272306916...
Loop126 pFBA...18586.0...Ave likelihood of: cpd00069_c is 0.2567685178367349...
Loop127 pFBA...8731.0...Ave likelihood of: cpd00156_c is 0.2162688165823155...
Loop128 pFBA...23945.0...Ave likelihood of: cpd00098_c is 0.18944158725629454...
Loop129 pFBA...14999.0...Ave likelihood of: cpd00274_c is 0.3375794253066525...
Loop130 pFBA...6122.0...Ave likelihood of: cpd00226_c is 0.38053982432068323...
Loop131 pFBA...4605.0...Ave likelihood of: cpd00246_c is 0.38791581479304127...
Loop132 pFBA...20498.0...Ave likelihood of: cpd00374_c is 0.27431809474448404...
Loop133 pFBA...4277.0...Ave likelihood of: cpd00221_c is 0.33852272832090735...
Loop134 pFBA...4093.0...Ave likelihood of: cpd00159_c is 0.33402332356024395...
Loop135 pFBA...10130.0...Ave likelihood of: cpd00211_c is 0.24877354146570124...
Loop136 pFBA...4063.0...Ave likelihood of: cpd00047_c is 0.31594343541112635...
Loop137 pFBA...5238.0...Ave likelihood of: cpd00106_c is 0.13900530147866208...
Loop138 pFBA...7781.0...Ave likelihood of: cpd00141_c is 0.3142592101190043...
Loop139 pFBA...19850.0...Ave likelihood of: cpd00216_c is 0.2679380686163867...
Loop140 pFBA...5009.0...Ave likelihood of: cpd00036_c is 0.0802248880023092...
Loop141 pFBA...22335.0...Ave likelihood of: cpd00581_c is 0.1392388664229628...
Loop142 pFBA...4435.0...Ave likelihood of: cpd00128_c is 0.2263733659071952...
Loop143 pFBA...6000.0...Ave likelihood of: cpd00018_c is 0.3155815852677482...
Loop144 pFBA...5189.0...Ave likelihood of: cpd00091_c is 0.40907992764707835...
Loop145 pFBA...3564.0...Ave likelihood of: cpd00092_c is 0.3759840161524837...
Loop146 pFBA...62575.0...Ave likelihood of: cpd00305_c is 0.17319483587363502...
Loop147 pFBA...13793.0...Ave likelihood of: cpd00220_c is 0.24289986465784777...
Loop148 pFBA...14739.0...Ave likelihood of: cpd00218_c is 0.1804842920171279...
Loop149 pFBA...14431.0...Ave likelihood of: cpd00215_c is 0.2731158924584753...
Loop150 pFBA...28421.0...Ave likelihood of: cpd00104_c is 0.18826552210515407...
Loop151 pFBA...36418.0...Ave likelihood of: cpd00393_c is 0.1542263784554661...
Loop152 pFBA...6031.0...Ave likelihood of: cpd00363_c is 0.4458798171859192...
Loop153 pFBA...9191.0...Ave likelihood of: cpd00281_c is 0.11552419614436361...
Loop154 pFBA...4141.0...Ave likelihood of: cpd00025_c is 0.3351089847697285...
Loop155 pFBA...20243.0...Ave likelihood of: cpd00811_c is 0.20533596040798702...
32.5198850671mins to complete!
