
The following have been reloaded with a version change:
  1) anaconda2/4.4.0 => anaconda2/5.1.0

Loading in models...Adding Water...Remove no-like rxns...Pruned 1 metabolites from model
Pruned 1 reactions from model
Set-up Universal...61.0seconds to complete

Loop0 pFBA...5324.0...Ave likelihood of: cpd00117_c is 0.3073491910876704...
Loop1 pFBA...7127.0...Ave likelihood of: cpd00186_c is 0.31215592881942883...
Loop2 pFBA...21763.0...Ave likelihood of: cpd00637_c is 0.23875236912651318...
Loop3 pFBA...6393.0...Ave likelihood of: cpd00550_c is 0.42562101516243445...
Loop4 pFBA...4104.0...Ave likelihood of: cpd00033_c is 0.22348212581679486...
Loop5 pFBA...5218.0...Ave likelihood of: cpd00035_c is 0.3073491910876704...
Loop6 pFBA...17881.0...Ave likelihood of: cpd00051_c is 0.2677646083612025...
Loop7 pFBA...8187.0...Ave likelihood of: cpd00132_c is 0.1508921122208813...
Loop8 pFBA...5316.0...Ave likelihood of: cpd00041_c is 0.17178300654560374...
Loop9 pFBA...13561.0...Ave likelihood of: cpd00084_c is 0.2610071619364955...
Loop10 pFBA...6629.0...Ave likelihood of: cpd00023_c is 0.2742504926046713...
Loop11 pFBA...9282.0...Ave likelihood of: cpd00053_c is 0.1839258018714201...
Loop12 pFBA...15599.0...Ave likelihood of: cpd00119_c is 0.32078412764320063...
Loop13 pFBA...17017.0...Ave likelihood of: cpd00322_c is 0.23834104913841256...
Loop14 pFBA...14086.0...Ave likelihood of: cpd00107_c is 0.27691035951455867...
Loop15 pFBA...16919.0...Ave likelihood of: cpd00039_c is 0.2912550565565605...
Loop16 pFBA...20763.0...Ave likelihood of: cpd00060_c is 0.24185304924503934...
Loop17 pFBA...20924.0...Ave likelihood of: cpd00066_c is 0.2727576648132094...
Loop18 pFBA...10272.0...Ave likelihood of: cpd00129_c is 0.31068384085175027...
Loop19 pFBA...5393.0...Ave likelihood of: cpd00054_c is 0.46431383472265575...
Loop20 pFBA...7664.0...Ave likelihood of: cpd00161_c is 0.38683097039371744...
Loop21 pFBA...26591.0...Ave likelihood of: cpd00065_c is 0.24151443179707852...
Loop22 pFBA...18419.0...Ave likelihood of: cpd00069_c is 0.26214823614624144...
Loop23 pFBA...7956.0...Ave likelihood of: cpd00156_c is 0.2845279907684939...
Loop24 pFBA...24172.0...Ave likelihood of: cpd00098_c is 0.21923015878556792...
Loop25 pFBA...14558.0...Ave likelihood of: cpd00274_c is 0.2813735189481528...
Loop26 pFBA...6129.0...Ave likelihood of: cpd00226_c is 0.33508587298403536...
Loop27 pFBA...4600.0...Ave likelihood of: cpd00246_c is 0.41828411806164534...
Loop28 pFBA...20249.0...Ave likelihood of: cpd00374_c is 0.2672757846010942...
Loop29 pFBA...4171.0...Ave likelihood of: cpd00221_c is 0.5145266218188106...
Loop30 pFBA...4025.0...Ave likelihood of: cpd00159_c is 0.3925996574724504...
Loop31 pFBA...10250.0...Ave likelihood of: cpd00211_c is 0.3537750218463062...
Loop32 pFBA...3607.0...Ave likelihood of: cpd00047_c is 0.3766614527659273...
Loop33 pFBA...4996.0...Ave likelihood of: cpd00106_c is 0.174980799739409...
Loop34 pFBA...7623.0...Ave likelihood of: cpd00141_c is 0.29808267146402734...
Loop35 pFBA...20045.0...Ave likelihood of: cpd00216_c is 0.269738050455665...
Loop36 pFBA...4763.0...Ave likelihood of: cpd00036_c is 0.22460774031860029...
Loop37 pFBA...16203.0...Ave likelihood of: cpd00581_c is 0.3324490050120442...
Loop38 pFBA...4256.0...Ave likelihood of: cpd00128_c is 0.36310218409593714...
Loop39 pFBA...5763.0...Ave likelihood of: cpd00018_c is 0.31679817779046554...
Loop40 pFBA...5085.0...Ave likelihood of: cpd00091_c is 0.379392847286908...
Loop41 pFBA...4158.0...Ave likelihood of: cpd00092_c is 0.38978226213300515...
Loop42 pFBA...61665.0...Ave likelihood of: cpd00305_c is 0.21002061482968268...
Loop43 pFBA...13415.0...Ave likelihood of: cpd00220_c is 0.2731664943876906...
Loop44 pFBA...14376.0...Ave likelihood of: cpd00218_c is 0.19960348888359555...
Loop45 pFBA...13471.0...Ave likelihood of: cpd00215_c is 0.3330917095542291...
Loop46 pFBA...28099.0...Ave likelihood of: cpd00104_c is 0.18548027916809892...
Loop47 pFBA...36523.0...Ave likelihood of: cpd00393_c is 0.19707908257974768...
Loop48 pFBA...6032.0...Ave likelihood of: cpd00363_c is 0.504606699772035...
Loop49 pFBA...8629.0...Ave likelihood of: cpd00281_c is 0.19589320900333668...
Loop50 pFBA...3983.0...Ave likelihood of: cpd00025_c is 0.34635147557402124...
Loop51 pFBA...20259.0...Ave likelihood of: cpd00811_c is 0.20441797952057145...
Loop52 pFBA...5324.0...Ave likelihood of: cpd00117_c is 0.3073491910876704...
Loop53 pFBA...7127.0...Ave likelihood of: cpd00186_c is 0.31215592881942883...
Loop54 pFBA...21763.0...Ave likelihood of: cpd00637_c is 0.23875236912651318...
Loop55 pFBA...6393.0...Ave likelihood of: cpd00550_c is 0.42562101516243445...
Loop56 pFBA...4104.0...Ave likelihood of: cpd00033_c is 0.22348212581679486...
Loop57 pFBA...5218.0...Ave likelihood of: cpd00035_c is 0.3073491910876704...
Loop58 pFBA...18159.0...Ave likelihood of: cpd00051_c is 0.22365051428210161...
Loop59 pFBA...8187.0...Ave likelihood of: cpd00132_c is 0.1508921122208813...
Loop60 pFBA...5316.0...Ave likelihood of: cpd00041_c is 0.17178300654560374...
Loop61 pFBA...13632.0...Ave likelihood of: cpd00084_c is 0.24005528387961525...
Loop62 pFBA...6629.0...Ave likelihood of: cpd00023_c is 0.2742504926046713...
Loop63 pFBA...9282.0...Ave likelihood of: cpd00053_c is 0.18739610001993748...
Loop64 pFBA...15599.0...Ave likelihood of: cpd00119_c is 0.32078412764320063...
Loop65 pFBA...17017.0...Ave likelihood of: cpd00322_c is 0.23834104913841256...
Loop66 pFBA...14086.0...Ave likelihood of: cpd00107_c is 0.27691035951455867...
Loop67 pFBA...17300.0...Ave likelihood of: cpd00039_c is 0.2604608709853505...
Loop68 pFBA...20763.0...Ave likelihood of: cpd00060_c is 0.24185304924503934...
Loop69 pFBA...21173.0...Ave likelihood of: cpd00066_c is 0.262255944951953...
Loop70 pFBA...10272.0...Ave likelihood of: cpd00129_c is 0.31068384085175027...
Loop71 pFBA...5393.0...Ave likelihood of: cpd00054_c is 0.46431383472265575...
Loop72 pFBA...7709.0...Ave likelihood of: cpd00161_c is 0.3519556366101128...
Loop73 pFBA...26591.0...Ave likelihood of: cpd00065_c is 0.24151443179707852...
Loop74 pFBA...18605.0...Ave likelihood of: cpd00069_c is 0.22859570664527265...
Loop75 pFBA...7956.0...Ave likelihood of: cpd00156_c is 0.2845279907684939...
Loop76 pFBA...24324.0...Ave likelihood of: cpd00098_c is 0.180697867447143...
Loop77 pFBA...14714.0...Ave likelihood of: cpd00274_c is 0.16379546083572008...
Loop78 pFBA...6129.0...Ave likelihood of: cpd00226_c is 0.33508587298403536...
Loop79 pFBA...4827.0...Ave likelihood of: cpd00246_c is 0.21882407076972002...
Loop80 pFBA...20780.0...Ave likelihood of: cpd00374_c is 0.21883991520180007...
Loop81 pFBA...4311.0...Ave likelihood of: cpd00221_c is 0.25590037178452696...
Loop82 pFBA...4108.0...Ave likelihood of: cpd00159_c is 0.33004029422145575...
Loop83 pFBA...10265.0...Ave likelihood of: cpd00211_c is 0.25027134480599517...
Loop84 pFBA...3633.0...Ave likelihood of: cpd00047_c is 0.424172142160863...
Loop85 pFBA...4996.0...Ave likelihood of: cpd00106_c is 0.174980799739409...
Loop86 pFBA...7688.0...Ave likelihood of: cpd00141_c is 0.29746227302011413...
Loop87 pFBA...20245.0...Ave likelihood of: cpd00216_c is 0.2553318007752398...
Loop88 pFBA...4763.0...Ave likelihood of: cpd00036_c is 0.22460774031860029...
Loop89 pFBA...16203.0...Ave likelihood of: cpd00581_c is 0.3324490050120442...
Loop90 pFBA...4256.0...Ave likelihood of: cpd00128_c is 0.36310218409593714...
Loop91 pFBA...5763.0...Ave likelihood of: cpd00018_c is 0.3277222528866885...
Loop92 pFBA...5085.0...Ave likelihood of: cpd00091_c is 0.379392847286908...
Loop93 pFBA...4158.0...Ave likelihood of: cpd00092_c is 0.38978226213300515...
Loop94 pFBA...61677.0...Ave likelihood of: cpd00305_c is 0.19294143494450394...
Loop95 pFBA...13415.0...Ave likelihood of: cpd00220_c is 0.28075445256512643...
Loop96 pFBA...14469.0...Ave likelihood of: cpd00218_c is 0.17203578866280594...
Loop97 pFBA...13998.0...Ave likelihood of: cpd00215_c is 0.30204033204170366...
Loop98 pFBA...28099.0...Ave likelihood of: cpd00104_c is 0.18135849518658564...
Loop99 pFBA...36523.0...Ave likelihood of: cpd00393_c is 0.19460313517664646...
Loop100 pFBA...6336.0...Ave likelihood of: cpd00363_c is 0.4607336854007401...
Loop101 pFBA...8629.0...Ave likelihood of: cpd00281_c is 0.19589320900333668...
Loop102 pFBA...4182.0...Ave likelihood of: cpd00025_c is 0.3220253337619881...
Loop103 pFBA...20637.0...Ave likelihood of: cpd00811_c is 0.23209410051089863...
Loop104 pFBA...5324.0...Ave likelihood of: cpd00117_c is 0.3073491910876704...
Loop105 pFBA...7127.0...Ave likelihood of: cpd00186_c is 0.31215592881942883...
Loop106 pFBA...21755.0...Ave likelihood of: cpd00637_c is 0.24859262357715828...
Loop107 pFBA...6393.0...Ave likelihood of: cpd00550_c is 0.42562101516243445...
Loop108 pFBA...4104.0...Ave likelihood of: cpd00033_c is 0.22348212581679486...
Loop109 pFBA...5218.0...Ave likelihood of: cpd00035_c is 0.3073491910876704...
Loop110 pFBA...17861.0...Ave likelihood of: cpd00051_c is 0.2719868165882001...
Loop111 pFBA...8187.0...Ave likelihood of: cpd00132_c is 0.1508921122208813...
Loop112 pFBA...5316.0...Ave likelihood of: cpd00041_c is 0.17178300654560374...
Loop113 pFBA...13595.0...Ave likelihood of: cpd00084_c is 0.30517278564356565...
Loop114 pFBA...6629.0...Ave likelihood of: cpd00023_c is 0.2742504926046713...
Loop115 pFBA...9282.0...Ave likelihood of: cpd00053_c is 0.1839258018714201...
Loop116 pFBA...15599.0...Ave likelihood of: cpd00119_c is 0.32078412764320063...
Loop117 pFBA...17017.0...Ave likelihood of: cpd00322_c is 0.23834104913841256...
Loop118 pFBA...14086.0...Ave likelihood of: cpd00107_c is 0.27691035951455867...
Loop119 pFBA...17111.0...Ave likelihood of: cpd00039_c is 0.2701430264441183...
Loop120 pFBA...20755.0...Ave likelihood of: cpd00060_c is 0.2515877154274854...
Loop121 pFBA...20762.0...Ave likelihood of: cpd00066_c is 0.2770417381063629...
Loop122 pFBA...10272.0...Ave likelihood of: cpd00129_c is 0.31068384085175027...
Loop123 pFBA...5393.0...Ave likelihood of: cpd00054_c is 0.46431383472265575...
Loop124 pFBA...7627.0...Ave likelihood of: cpd00161_c is 0.355630067852354...
Loop125 pFBA...26591.0...Ave likelihood of: cpd00065_c is 0.24151443179707852...
Loop126 pFBA...18282.0...Ave likelihood of: cpd00069_c is 0.23683546684527643...
Loop127 pFBA...7956.0...Ave likelihood of: cpd00156_c is 0.2845279907684939...
Loop128 pFBA...24034.0...Ave likelihood of: cpd00098_c is 0.19276377569441025...
Loop129 pFBA...14682.0...Ave likelihood of: cpd00274_c is 0.2387927359695905...
Loop130 pFBA...6129.0...Ave likelihood of: cpd00226_c is 0.33508587298403536...
Loop131 pFBA...4540.0...Ave likelihood of: cpd00246_c is 0.3645862847566687...
Loop132 pFBA...20093.0...Ave likelihood of: cpd00374_c is 0.26162197835445805...
Loop133 pFBA...4275.0...Ave likelihood of: cpd00221_c is 0.33658459052191547...
Loop134 pFBA...4086.0...Ave likelihood of: cpd00159_c is 0.36527339649379914...
Loop135 pFBA...10229.0...Ave likelihood of: cpd00211_c is 0.35807760060257826...
Loop136 pFBA...3633.0...Ave likelihood of: cpd00047_c is 0.424172142160863...
Loop137 pFBA...4996.0...Ave likelihood of: cpd00106_c is 0.174980799739409...
Loop138 pFBA...7635.0...Ave likelihood of: cpd00141_c is 0.364949625818465...
Loop139 pFBA...19774.0...Ave likelihood of: cpd00216_c is 0.26557192035208216...
Loop140 pFBA...4763.0...Ave likelihood of: cpd00036_c is 0.22460774031860029...
Loop141 pFBA...16203.0...Ave likelihood of: cpd00581_c is 0.3324490050120442...
Loop142 pFBA...4256.0...Ave likelihood of: cpd00128_c is 0.36310218409593714...
Loop143 pFBA...5763.0...Ave likelihood of: cpd00018_c is 0.3277222528866885...
Loop144 pFBA...5085.0...Ave likelihood of: cpd00091_c is 0.379392847286908...
Loop145 pFBA...4158.0...Ave likelihood of: cpd00092_c is 0.38978226213300515...
Loop146 pFBA...61601.0...Ave likelihood of: cpd00305_c is 0.210034405992586...
Loop147 pFBA...13415.0...Ave likelihood of: cpd00220_c is 0.30191581712526955...
Loop148 pFBA...14286.0...Ave likelihood of: cpd00218_c is 0.20209158543770672...
Loop149 pFBA...13260.0...Ave likelihood of: cpd00215_c is 0.4120989082058484...
Loop150 pFBA...28099.0...Ave likelihood of: cpd00104_c is 0.18548027916809892...
Loop151 pFBA...36523.0...Ave likelihood of: cpd00393_c is 0.19460313517664646...
Loop152 pFBA...5907.0...Ave likelihood of: cpd00363_c is 0.47642483988677303...
Loop153 pFBA...8629.0...Ave likelihood of: cpd00281_c is 0.19589320900333668...
Loop154 pFBA...4048.0...Ave likelihood of: cpd00025_c is 0.4121323475890422...
Loop155 pFBA...20048.0...Ave likelihood of: cpd00811_c is 0.22003635615789607...
31.9030566176mins to complete!
