
The following have been reloaded with a version change:
  1) anaconda2/4.4.0 => anaconda2/5.1.0

Loading in models...Adding Water...Remove no-like rxns...Pruned 1 metabolites from model
Pruned 1 reactions from model
Set-up Universal...64.0seconds to complete

Loop0 pFBA...5567.0...Ave likelihood of: cpd00117_c is 0.47179538919482295...
Loop1 pFBA...6839.0...Ave likelihood of: cpd00186_c is 0.3601209796058796...
Loop2 pFBA...21459.0...Ave likelihood of: cpd00637_c is 0.2710371510007656...
Loop3 pFBA...6416.0...Ave likelihood of: cpd00550_c is 0.330172653389485...
Loop4 pFBA...4050.0...Ave likelihood of: cpd00033_c is 0.2496429141239414...
Loop5 pFBA...5445.0...Ave likelihood of: cpd00035_c is 0.47179538919482295...
Loop6 pFBA...18289.0...Ave likelihood of: cpd00051_c is 0.29501742290393457...
Loop7 pFBA...8161.0...Ave likelihood of: cpd00132_c is 0.1496595362670778...
Loop8 pFBA...5261.0...Ave likelihood of: cpd00041_c is 0.2060845426609308...
Loop9 pFBA...13581.0...Ave likelihood of: cpd00084_c is 0.2812287062270846...
Loop10 pFBA...6591.0...Ave likelihood of: cpd00023_c is 0.2818979875390009...
Loop11 pFBA...9324.0...Ave likelihood of: cpd00053_c is 0.26804938672173134...
Loop12 pFBA...16686.0...Ave likelihood of: cpd00119_c is 0.31108504608959964...
Loop13 pFBA...16977.0...Ave likelihood of: cpd00322_c is 0.3442520335637492...
Loop14 pFBA...14199.0...Ave likelihood of: cpd00107_c is 0.2649214004847303...
Loop15 pFBA...17747.0...Ave likelihood of: cpd00039_c is 0.3322557860642546...
Loop16 pFBA...20459.0...Ave likelihood of: cpd00060_c is 0.27460342930340725...
Loop17 pFBA...20632.0...Ave likelihood of: cpd00066_c is 0.2487680440737877...
Loop18 pFBA...10250.0...Ave likelihood of: cpd00129_c is 0.2045323532990598...
Loop19 pFBA...5416.0...Ave likelihood of: cpd00054_c is 0.33664662698535724...
Loop20 pFBA...7395.0...Ave likelihood of: cpd00161_c is 0.42585121837529444...
Loop21 pFBA...27249.0...Ave likelihood of: cpd00065_c is 0.225872584465607...
Loop22 pFBA...18363.0...Ave likelihood of: cpd00069_c is 0.22668580358781915...
Loop23 pFBA...7659.0...Ave likelihood of: cpd00156_c is 0.3353365735100119...
Loop24 pFBA...23546.0...Ave likelihood of: cpd00098_c is 0.28529046340033726...
Loop25 pFBA...14637.0...Ave likelihood of: cpd00274_c is 0.22280667036426277...
Loop26 pFBA...6650.0...Ave likelihood of: cpd00226_c is 0.32526452324777894...
Loop27 pFBA...4462.0...Ave likelihood of: cpd00246_c is 0.4372428732858557...
Loop28 pFBA...20046.0...Ave likelihood of: cpd00374_c is 0.24145674188200003...
Loop29 pFBA...4753.0...Ave likelihood of: cpd00221_c is 0.42449092461732574...
Loop30 pFBA...4275.0...Ave likelihood of: cpd00159_c is 0.42699297634488653...
Loop31 pFBA...10352.0...Ave likelihood of: cpd00211_c is 0.3120218283470204...
Loop32 pFBA...3735.0...Ave likelihood of: cpd00047_c is 0.30956116051730714...
Loop33 pFBA...5009.0...Ave likelihood of: cpd00106_c is 0.16854349448694367...
Loop34 pFBA...7596.0...Ave likelihood of: cpd00141_c is 0.40882664977592603...
Loop35 pFBA...19051.0...Ave likelihood of: cpd00216_c is 0.23406312641762844...
Loop36 pFBA...4802.0...Ave likelihood of: cpd00036_c is 0.22967650910231754...
Loop37 pFBA...17170.0...Ave likelihood of: cpd00581_c is 0.3069306211408756...
Loop38 pFBA...4754.0...Ave likelihood of: cpd00128_c is 0.22429394651063847...
Loop39 pFBA...5864.0...Ave likelihood of: cpd00018_c is 0.2796930703480895...
Loop40 pFBA...5864.0...Ave likelihood of: cpd00091_c is 0.27969381267546123...
Loop41 pFBA...4176.0...Ave likelihood of: cpd00092_c is 0.2933786027759787...
Loop42 pFBA...63479.0...Ave likelihood of: cpd00305_c is 0.17703344649267638...
Loop43 pFBA...12524.0...Ave likelihood of: cpd00220_c is 0.3197706277557148...
Loop44 pFBA...14436.0...Ave likelihood of: cpd00218_c is 0.21212529848051634...
Loop45 pFBA...14544.0...Ave likelihood of: cpd00215_c is 0.2934616416928296...
Loop46 pFBA...28799.0...Ave likelihood of: cpd00104_c is 0.21165302935638355...
Loop47 pFBA...35952.0...Ave likelihood of: cpd00393_c is 0.1686305601242276...
Loop48 pFBA...5833.0...Ave likelihood of: cpd00363_c is 0.5589762145328802...
Loop49 pFBA...8587.0...Ave likelihood of: cpd00281_c is 0.2018476360465446...
Loop50 pFBA...4025.0...Ave likelihood of: cpd00025_c is 0.2895023538035569...
Loop51 pFBA...19529.0...Ave likelihood of: cpd00811_c is 0.2666094867187852...
Loop52 pFBA...5488.0...Ave likelihood of: cpd00714_c is 0.363706290025635...
Loop53 pFBA...5567.0...Ave likelihood of: cpd00117_c is 0.47179538919482295...
Loop54 pFBA...6839.0...Ave likelihood of: cpd00186_c is 0.3601209796058796...
Loop55 pFBA...21702.0...Ave likelihood of: cpd00637_c is 0.2838062757239816...
Loop56 pFBA...6502.0...Ave likelihood of: cpd00550_c is 0.22454217059593387...
Loop57 pFBA...4050.0...Ave likelihood of: cpd00033_c is 0.2496429141239414...
Loop58 pFBA...5445.0...Ave likelihood of: cpd00035_c is 0.47179538919482295...
Loop59 pFBA...18393.0...Ave likelihood of: cpd00051_c is 0.25587284921786285...
Loop60 pFBA...8161.0...Ave likelihood of: cpd00132_c is 0.1496595362670778...
Loop61 pFBA...5261.0...Ave likelihood of: cpd00041_c is 0.2060845426609308...
Loop62 pFBA...13741.0...Ave likelihood of: cpd00084_c is 0.26560377522549355...
Loop63 pFBA...6591.0...Ave likelihood of: cpd00023_c is 0.2818979875390009...
Loop64 pFBA...9324.0...Ave likelihood of: cpd00053_c is 0.26804938672173134...
Loop65 pFBA...16686.0...Ave likelihood of: cpd00119_c is 0.31730674701139167...
Loop66 pFBA...17003.0...Ave likelihood of: cpd00322_c is 0.2283578835941092...
Loop67 pFBA...14199.0...Ave likelihood of: cpd00107_c is 0.2649214004847303...
Loop68 pFBA...17965.0...Ave likelihood of: cpd00039_c is 0.2915808851261929...
Loop69 pFBA...20702.0...Ave likelihood of: cpd00060_c is 0.28731005690575917...
Loop70 pFBA...21379.0...Ave likelihood of: cpd00066_c is 0.23061566164336758...
Loop71 pFBA...10250.0...Ave likelihood of: cpd00129_c is 0.2045323532990598...
Loop72 pFBA...5502.0...Ave likelihood of: cpd00054_c is 0.23061087790933749...
Loop73 pFBA...7633.0...Ave likelihood of: cpd00161_c is 0.39192002038662993...
Loop74 pFBA...27250.0...Ave likelihood of: cpd00065_c is 0.20242365874810675...
Loop75 pFBA...18841.0...Ave likelihood of: cpd00069_c is 0.23921937047264286...
Loop76 pFBA...7659.0...Ave likelihood of: cpd00156_c is 0.3353365735100119...
Loop77 pFBA...24333.0...Ave likelihood of: cpd00098_c is 0.2814412534622204...
Loop78 pFBA...14637.0...Ave likelihood of: cpd00274_c is 0.22280667036426277...
Loop79 pFBA...6650.0...Ave likelihood of: cpd00226_c is 0.32526452324777894...
Loop80 pFBA...4749.0...Ave likelihood of: cpd00246_c is 0.35402429753344233...
Loop81 pFBA...20747.0...Ave likelihood of: cpd00374_c is 0.2231136233187979...
Loop82 pFBA...5075.0...Ave likelihood of: cpd00221_c is 0.3412387289310596...
Loop83 pFBA...4337.0...Ave likelihood of: cpd00159_c is 0.3746701502268127...
Loop84 pFBA...10549.0...Ave likelihood of: cpd00211_c is 0.3623150013271595...
Loop85 pFBA...3761.0...Ave likelihood of: cpd00047_c is 0.22071702383097003...
Loop86 pFBA...5009.0...Ave likelihood of: cpd00106_c is 0.16854349448694367...
Loop87 pFBA...7767.0...Ave likelihood of: cpd00141_c is 0.31811588672781...
Loop88 pFBA...20227.0...Ave likelihood of: cpd00216_c is 0.3066860032589953...
Loop89 pFBA...4802.0...Ave likelihood of: cpd00036_c is 0.22967650910231754...
Loop90 pFBA...17170.0...Ave likelihood of: cpd00581_c is 0.3069306211408756...
Loop91 pFBA...4754.0...Ave likelihood of: cpd00128_c is 0.22429394651063847...
Loop92 pFBA...5864.0...Ave likelihood of: cpd00018_c is 0.2796930703480895...
Loop93 pFBA...5864.0...Ave likelihood of: cpd00091_c is 0.27969381267546123...
Loop94 pFBA...4176.0...Ave likelihood of: cpd00092_c is 0.2933786027759787...
Loop95 pFBA...63563.0...Ave likelihood of: cpd00305_c is 0.1506431927151556...
Loop96 pFBA...12978.0...Ave likelihood of: cpd00220_c is 0.21335388519452278...
Loop97 pFBA...14588.0...Ave likelihood of: cpd00218_c is 0.21949582579408505...
Loop98 pFBA...15071.0...Ave likelihood of: cpd00215_c is 0.3308754570254533...
Loop99 pFBA...28850.0...Ave likelihood of: cpd00104_c is 0.16377413432770035...
Loop100 pFBA...35952.0...Ave likelihood of: cpd00393_c is 0.1686305601242276...
Loop101 pFBA...6516.0...Ave likelihood of: cpd00363_c is 0.48018279191823604...
Loop102 pFBA...8587.0...Ave likelihood of: cpd00281_c is 0.2018476360465446...
Loop103 pFBA...4191.0...Ave likelihood of: cpd00025_c is 0.39507139723161067...
Loop104 pFBA...20303.0...Ave likelihood of: cpd00811_c is 0.3224074645657351...
Loop105 pFBA...6316.0...Ave likelihood of: cpd00714_c is 0.4247372360187047...
Loop106 pFBA...5567.0...Ave likelihood of: cpd00117_c is 0.47179538919482295...
Loop107 pFBA...6839.0...Ave likelihood of: cpd00186_c is 0.3601209796058796...
Loop108 pFBA...21639.0...Ave likelihood of: cpd00637_c is 0.246342203576013...
Loop109 pFBA...6462.0...Ave likelihood of: cpd00550_c is 0.2841545956565961...
Loop110 pFBA...4050.0...Ave likelihood of: cpd00033_c is 0.2496429141239414...
Loop111 pFBA...5445.0...Ave likelihood of: cpd00035_c is 0.47179538919482295...
Loop112 pFBA...18392.0...Ave likelihood of: cpd00051_c is 0.2634204427135753...
Loop113 pFBA...8161.0...Ave likelihood of: cpd00132_c is 0.1496595362670778...
Loop114 pFBA...5261.0...Ave likelihood of: cpd00041_c is 0.2060845426609308...
Loop115 pFBA...13735.0...Ave likelihood of: cpd00084_c is 0.25107618829889633...
Loop116 pFBA...6591.0...Ave likelihood of: cpd00023_c is 0.2818979875390009...
Loop117 pFBA...9324.0...Ave likelihood of: cpd00053_c is 0.26804938672173134...
Loop118 pFBA...16686.0...Ave likelihood of: cpd00119_c is 0.31108504608959964...
Loop119 pFBA...17003.0...Ave likelihood of: cpd00322_c is 0.2283578835941092...
Loop120 pFBA...14199.0...Ave likelihood of: cpd00107_c is 0.2649214004847303...
Loop121 pFBA...17822.0...Ave likelihood of: cpd00039_c is 0.2960443022344046...
Loop122 pFBA...20639.0...Ave likelihood of: cpd00060_c is 0.2495835483599079...
Loop123 pFBA...21049.0...Ave likelihood of: cpd00066_c is 0.1933945264543961...
Loop124 pFBA...10250.0...Ave likelihood of: cpd00129_c is 0.2045323532990598...
Loop125 pFBA...5462.0...Ave likelihood of: cpd00054_c is 0.28983768756972805...
Loop126 pFBA...7528.0...Ave likelihood of: cpd00161_c is 0.3611598440637421...
Loop127 pFBA...27250.0...Ave likelihood of: cpd00065_c is 0.20242365874810675...
Loop128 pFBA...18542.0...Ave likelihood of: cpd00069_c is 0.20411933155376913...
Loop129 pFBA...7659.0...Ave likelihood of: cpd00156_c is 0.3353365735100119...
Loop130 pFBA...24139.0...Ave likelihood of: cpd00098_c is 0.25159352607758...
Loop131 pFBA...14637.0...Ave likelihood of: cpd00274_c is 0.2228066703642628...
Loop132 pFBA...6650.0...Ave likelihood of: cpd00226_c is 0.32526452324777894...
Loop133 pFBA...4662.0...Ave likelihood of: cpd00246_c is 0.22137439814124327...
Loop134 pFBA...20481.0...Ave likelihood of: cpd00374_c is 0.21232130161062793...
Loop135 pFBA...5005.0...Ave likelihood of: cpd00221_c is 0.11229140822600851...
Loop136 pFBA...4334.0...Ave likelihood of: cpd00159_c is 0.3657848084445969...
Loop137 pFBA...10478.0...Ave likelihood of: cpd00211_c is 0.325468808019205...
Loop138 pFBA...3761.0...Ave likelihood of: cpd00047_c is 0.22071702383097003...
Loop139 pFBA...5009.0...Ave likelihood of: cpd00106_c is 0.16854349448694367...
Loop140 pFBA...7738.0...Ave likelihood of: cpd00141_c is 0.3639023812193962...
Loop141 pFBA...19615.0...Ave likelihood of: cpd00216_c is 0.22448701258161982...
Loop142 pFBA...4802.0...Ave likelihood of: cpd00036_c is 0.22967650910231754...
Loop143 pFBA...17170.0...Ave likelihood of: cpd00581_c is 0.3069306211408756...
Loop144 pFBA...4754.0...Ave likelihood of: cpd00128_c is 0.22429394651063847...
Loop145 pFBA...5864.0...Ave likelihood of: cpd00018_c is 0.2796930703480895...
Loop146 pFBA...5864.0...Ave likelihood of: cpd00091_c is 0.27969381267546123...
Loop147 pFBA...4176.0...Ave likelihood of: cpd00092_c is 0.2933786027759787...
Loop148 pFBA...63553.0...Ave likelihood of: cpd00305_c is 0.15026328510030873...
Loop149 pFBA...12913.0...Ave likelihood of: cpd00220_c is 0.29829745046392936...
Loop150 pFBA...14543.0...Ave likelihood of: cpd00218_c is 0.15764209678402022...
Loop151 pFBA...14806.0...Ave likelihood of: cpd00215_c is 0.25160892255697914...
Loop152 pFBA...28838.0...Ave likelihood of: cpd00104_c is 0.1814282856589983...
Loop153 pFBA...35952.0...Ave likelihood of: cpd00393_c is 0.1686305601242276...
Loop154 pFBA...6257.0...Ave likelihood of: cpd00363_c is 0.4248538778384415...
Loop155 pFBA...8587.0...Ave likelihood of: cpd00281_c is 0.2018476360465446...
Loop156 pFBA...4149.0...Ave likelihood of: cpd00025_c is 0.30441535258870683...
Loop157 pFBA...19990.0...Ave likelihood of: cpd00811_c is 0.2975551902153047...
Loop158 pFBA...6060.0...Ave likelihood of: cpd00714_c is 0.3046877342367984...
33.2448680162mins to complete!
