
The following have been reloaded with a version change:
  1) anaconda2/4.4.0 => anaconda2/5.1.0

Loading in models...Adding Water...Remove no-like rxns...Pruned 1 metabolites from model
Pruned 1 reactions from model
Set-up Universal...63.0seconds to complete

Loop0 pFBA...6190.0...Ave likelihood of: cpd00117_c is 0.23094132693331437...
Loop1 pFBA...8231.0...Ave likelihood of: cpd00186_c is 0.12811952091441914...
Loop2 pFBA...22916.0...Ave likelihood of: cpd00637_c is 0.18707622890931425...
Loop3 pFBA...7041.0...Ave likelihood of: cpd00550_c is 0.2321836834457262...
Loop4 pFBA...4746.0...Ave likelihood of: cpd00033_c is 0.1880822973799616...
Loop5 pFBA...6028.0...Ave likelihood of: cpd00035_c is 0.22405667587979494...
Loop6 pFBA...19394.0...Ave likelihood of: cpd00051_c is 0.2050341051546599...
Loop7 pFBA...8880.0...Ave likelihood of: cpd00132_c is 0.12868769979021735...
Loop8 pFBA...6002.0...Ave likelihood of: cpd00041_c is 0.056558305284267786...
Loop9 pFBA...14345.0...Ave likelihood of: cpd00084_c is 0.19481789791291365...
Loop10 pFBA...7999.0...Ave likelihood of: cpd00023_c is 0.00012146805188593685...
Loop11 pFBA...10583.0...Ave likelihood of: cpd00053_c is 0.12832582893244182...
Loop12 pFBA...22797.0...Ave likelihood of: cpd00119_c is 0.09000218195977641...
Loop13 pFBA...18009.0...Ave likelihood of: cpd00322_c is 0.22706463098193358...
Loop14 pFBA...14899.0...Ave likelihood of: cpd00107_c is 0.2003037136742492...
Loop15 pFBA...17694.0...Ave likelihood of: cpd00039_c is 0.29926185699866376...
Loop16 pFBA...21916.0...Ave likelihood of: cpd00060_c is 0.18927712572001212...
Loop17 pFBA...21425.0...Ave likelihood of: cpd00066_c is 0.17717952593748296...
Loop18 pFBA...12000.0...Ave likelihood of: cpd00129_c is 4.85561726196952e-05...
Loop19 pFBA...6041.0...Ave likelihood of: cpd00054_c is 0.23746058534222...
Loop20 pFBA...8321.0...Ave likelihood of: cpd00161_c is 0.2846112943634911...
Loop21 pFBA...29975.0...Ave likelihood of: cpd00065_c is 0.1169740940680402...
Loop22 pFBA...19249.0...Ave likelihood of: cpd00069_c is 0.18652399767196068...
Loop23 pFBA...8766.0...Ave likelihood of: cpd00156_c is 0.1641754062252703...
Loop24 pFBA...24934.0...Ave likelihood of: cpd00098_c is 0.16821917936537362...
Loop25 pFBA...16126.0...Ave likelihood of: cpd00274_c is 0.23566029563557533...
Loop26 pFBA...7077.0...Ave likelihood of: cpd00226_c is 0.27746458634563564...
Loop27 pFBA...5056.0...Ave likelihood of: cpd00246_c is 0.2954932358740616...
Loop28 pFBA...21204.0...Ave likelihood of: cpd00374_c is 0.1587772030995994...
Loop29 pFBA...4326.0...Ave likelihood of: cpd00221_c is 0.2975494874531488...
Loop30 pFBA...4188.0...Ave likelihood of: cpd00159_c is 0.3343535229289124...
Loop31 pFBA...10448.0...Ave likelihood of: cpd00211_c is 0.30006615350385174...
Loop32 pFBA...4065.0...Ave likelihood of: cpd00047_c is 0.339877815710744...
Loop33 pFBA...5283.0...Ave likelihood of: cpd00106_c is 0.08806542923891236...
Loop34 pFBA...7917.0...Ave likelihood of: cpd00141_c is 0.3771504622710376...
Loop35 pFBA...20747.0...Ave likelihood of: cpd00216_c is 0.1904863192300177...
Loop36 pFBA...5064.0...Ave likelihood of: cpd00036_c is 0.04858760847366136...
Loop37 pFBA...22797.0...Ave likelihood of: cpd00581_c is 0.09685541963402484...
Loop38 pFBA...4994.0...Ave likelihood of: cpd00128_c is 0.09112179377540311...
Loop39 pFBA...6200.0...Ave likelihood of: cpd00018_c is 0.11622442418313439...
Loop40 pFBA...5545.0...Ave likelihood of: cpd00091_c is 0.14338052021072284...
Loop41 pFBA...4053.0...Ave likelihood of: cpd00092_c is 0.2471497193193506...
Loop42 pFBA...63328.0...Ave likelihood of: cpd00305_c is 0.16696702085188342...
Loop43 pFBA...12634.0...Ave likelihood of: cpd00220_c is 0.17222280833882034...
Loop44 pFBA...14710.0...Ave likelihood of: cpd00218_c is 0.13876770850115402...
Loop45 pFBA...14621.0...Ave likelihood of: cpd00215_c is 0.22175166706084673...
Loop46 pFBA...29131.0...Ave likelihood of: cpd00104_c is 0.15683376812912836...
Loop47 pFBA...36575.0...Ave likelihood of: cpd00393_c is 0.17759633970889374...
Loop48 pFBA...6368.0...Ave likelihood of: cpd00363_c is 0.3823947677842549...
Loop49 pFBA...9999.0...Ave likelihood of: cpd00281_c is 8.676289420424061e-05...
Loop50 pFBA...4240.0...Ave likelihood of: cpd00025_c is 0.31637363083384246...
Loop51 pFBA...20971.0...Ave likelihood of: cpd00811_c is 0.20207288926239758...
Loop52 pFBA...6190.0...Ave likelihood of: cpd00117_c is 0.23094132693331437...
Loop53 pFBA...8231.0...Ave likelihood of: cpd00186_c is 0.12811952091441914...
Loop54 pFBA...22976.0...Ave likelihood of: cpd00637_c is 0.1619916652579622...
Loop55 pFBA...7167.0...Ave likelihood of: cpd00550_c is 0.20140879483634666...
Loop56 pFBA...4746.0...Ave likelihood of: cpd00033_c is 0.1880822973799616...
Loop57 pFBA...6028.0...Ave likelihood of: cpd00035_c is 0.22405667587979494...
Loop58 pFBA...19614.0...Ave likelihood of: cpd00051_c is 0.1900596767447657...
Loop59 pFBA...8880.0...Ave likelihood of: cpd00132_c is 0.12868769979021735...
Loop60 pFBA...6002.0...Ave likelihood of: cpd00041_c is 0.056558305284267786...
Loop61 pFBA...14497.0...Ave likelihood of: cpd00084_c is 0.15621064859856282...
Loop62 pFBA...7999.0...Ave likelihood of: cpd00023_c is 0.00012146805188593685...
Loop63 pFBA...10583.0...Ave likelihood of: cpd00053_c is 0.12834181157084787...
Loop64 pFBA...22797.0...Ave likelihood of: cpd00119_c is 0.09000218195977641...
Loop65 pFBA...18029.0...Ave likelihood of: cpd00322_c is 0.18388695236704644...
Loop66 pFBA...14899.0...Ave likelihood of: cpd00107_c is 0.2003037136742492...
Loop67 pFBA...17806.0...Ave likelihood of: cpd00039_c is 0.3105438608399759...
Loop68 pFBA...21976.0...Ave likelihood of: cpd00060_c is 0.16389744955511468...
Loop69 pFBA...22036.0...Ave likelihood of: cpd00066_c is 0.17104368558602534...
Loop70 pFBA...12000.0...Ave likelihood of: cpd00129_c is 4.370055535772567e-05...
Loop71 pFBA...6167.0...Ave likelihood of: cpd00054_c is 0.20812242133089154...
Loop72 pFBA...8468.0...Ave likelihood of: cpd00161_c is 0.24020652090730193...
Loop73 pFBA...29975.0...Ave likelihood of: cpd00065_c is 0.10360201976062153...
Loop74 pFBA...19687.0...Ave likelihood of: cpd00069_c is 0.22144861976138847...
Loop75 pFBA...8766.0...Ave likelihood of: cpd00156_c is 0.1641754062252703...
Loop76 pFBA...25293.0...Ave likelihood of: cpd00098_c is 0.1190123496152082...
Loop77 pFBA...16387.0...Ave likelihood of: cpd00274_c is 0.23410860730304608...
Loop78 pFBA...7077.0...Ave likelihood of: cpd00226_c is 0.27746458634563564...
Loop79 pFBA...5147.0...Ave likelihood of: cpd00246_c is 0.18721476105433196...
Loop80 pFBA...21989.0...Ave likelihood of: cpd00374_c is 0.22882274892173823...
Loop81 pFBA...4765.0...Ave likelihood of: cpd00221_c is 0.30870005267776285...
Loop82 pFBA...4513.0...Ave likelihood of: cpd00159_c is 0.2838366758233393...
Loop83 pFBA...10589.0...Ave likelihood of: cpd00211_c is 0.13385880404040026...
Loop84 pFBA...4245.0...Ave likelihood of: cpd00047_c is 0.3810114419621474...
Loop85 pFBA...5283.0...Ave likelihood of: cpd00106_c is 0.08806542923891236...
Loop86 pFBA...8194.0...Ave likelihood of: cpd00141_c is 0.15120815396936604...
Loop87 pFBA...20858.0...Ave likelihood of: cpd00216_c is 0.19195586981556712...
Loop88 pFBA...5064.0...Ave likelihood of: cpd00036_c is 0.04858760847366136...
Loop89 pFBA...22797.0...Ave likelihood of: cpd00581_c is 0.09684457427224931...
Loop90 pFBA...4994.0...Ave likelihood of: cpd00128_c is 0.09112179377540311...
Loop91 pFBA...6200.0...Ave likelihood of: cpd00018_c is 0.11622442418313439...
Loop92 pFBA...5545.0...Ave likelihood of: cpd00091_c is 0.14338052021072287...
Loop93 pFBA...4053.0...Ave likelihood of: cpd00092_c is 0.2471497193193506...
Loop94 pFBA...63488.0...Ave likelihood of: cpd00305_c is 0.16311212002157596...
Loop95 pFBA...12634.0...Ave likelihood of: cpd00220_c is 0.17222280833882034...
Loop96 pFBA...14710.0...Ave likelihood of: cpd00218_c is 0.13876770850115402...
Loop97 pFBA...15212.0...Ave likelihood of: cpd00215_c is 0.2046269170339246...
Loop98 pFBA...29213.0...Ave likelihood of: cpd00104_c is 0.13413148802498778...
Loop99 pFBA...36575.0...Ave likelihood of: cpd00393_c is 0.17759633970889374...
Loop100 pFBA...7210.0...Ave likelihood of: cpd00363_c is 0.36271080120914506...
Loop101 pFBA...9999.0...Ave likelihood of: cpd00281_c is 8.676289420424061e-05...
Loop102 pFBA...4359.0...Ave likelihood of: cpd00025_c is 0.2909205161730153...
Loop103 pFBA...21904.0...Ave likelihood of: cpd00811_c is 0.15903120165006215...
Loop104 pFBA...6190.0...Ave likelihood of: cpd00117_c is 0.23094132693331437...
Loop105 pFBA...8231.0...Ave likelihood of: cpd00186_c is 0.12811952091441914...
Loop106 pFBA...22879.0...Ave likelihood of: cpd00637_c is 0.17778961931001008...
Loop107 pFBA...7115.0...Ave likelihood of: cpd00550_c is 0.25595988631444816...
Loop108 pFBA...4746.0...Ave likelihood of: cpd00033_c is 0.1880822973799616...
Loop109 pFBA...6028.0...Ave likelihood of: cpd00035_c is 0.22405667587979494...
Loop110 pFBA...19413.0...Ave likelihood of: cpd00051_c is 0.2161500279567908...
Loop111 pFBA...8880.0...Ave likelihood of: cpd00132_c is 0.12868769979021735...
Loop112 pFBA...6002.0...Ave likelihood of: cpd00041_c is 0.056558305284267786...
Loop113 pFBA...14497.0...Ave likelihood of: cpd00084_c is 0.1562106485985628...
Loop114 pFBA...7999.0...Ave likelihood of: cpd00023_c is 0.00012146805188593685...
Loop115 pFBA...10583.0...Ave likelihood of: cpd00053_c is 0.12834181157084787...
Loop116 pFBA...22797.0...Ave likelihood of: cpd00119_c is 0.09000218195977641...
Loop117 pFBA...17977.0...Ave likelihood of: cpd00322_c is 0.24062892037434222...
Loop118 pFBA...14899.0...Ave likelihood of: cpd00107_c is 0.2003037136742492...
Loop119 pFBA...17772.0...Ave likelihood of: cpd00039_c is 0.2659499731094539...
Loop120 pFBA...21879.0...Ave likelihood of: cpd00060_c is 0.17976505952456576...
Loop121 pFBA...21218.0...Ave likelihood of: cpd00066_c is 0.1926181758365674...
Loop122 pFBA...12000.0...Ave likelihood of: cpd00129_c is 4.85561726196952e-05...
Loop123 pFBA...6115.0...Ave likelihood of: cpd00054_c is 0.2614058413424152...
Loop124 pFBA...8346.0...Ave likelihood of: cpd00161_c is 0.2817079428291064...
Loop125 pFBA...29967.0...Ave likelihood of: cpd00065_c is 0.13580425743185817...
Loop126 pFBA...19104.0...Ave likelihood of: cpd00069_c is 0.18727992938119686...
Loop127 pFBA...8766.0...Ave likelihood of: cpd00156_c is 0.1641754062252703...
Loop128 pFBA...24822.0...Ave likelihood of: cpd00098_c is 0.1752679616867037...
Loop129 pFBA...16386.0...Ave likelihood of: cpd00274_c is 0.2825939947362777...
Loop130 pFBA...7077.0...Ave likelihood of: cpd00226_c is 0.27746458634563564...
Loop131 pFBA...5089.0...Ave likelihood of: cpd00246_c is 0.2638071989575589...
Loop132 pFBA...21028.0...Ave likelihood of: cpd00374_c is 0.17702971685190774...
Loop133 pFBA...4553.0...Ave likelihood of: cpd00221_c is 0.3163162276078304...
Loop134 pFBA...4403.0...Ave likelihood of: cpd00159_c is 0.3112945784600823...
Loop135 pFBA...10427.0...Ave likelihood of: cpd00211_c is 0.2991467752372003...
Loop136 pFBA...4151.0...Ave likelihood of: cpd00047_c is 0.34849448122224363...
Loop137 pFBA...5283.0...Ave likelihood of: cpd00106_c is 0.08806542923891236...
Loop138 pFBA...8118.0...Ave likelihood of: cpd00141_c is 0.23449949022025585...
Loop139 pFBA...20550.0...Ave likelihood of: cpd00216_c is 0.18909044246419143...
Loop140 pFBA...5064.0...Ave likelihood of: cpd00036_c is 0.04858760847366136...
Loop141 pFBA...22797.0...Ave likelihood of: cpd00581_c is 0.09684457427224931...
Loop142 pFBA...4994.0...Ave likelihood of: cpd00128_c is 0.09112179377540311...
Loop143 pFBA...6200.0...Ave likelihood of: cpd00018_c is 0.11622442418313439...
Loop144 pFBA...5545.0...Ave likelihood of: cpd00091_c is 0.14338052021072284...
Loop145 pFBA...4053.0...Ave likelihood of: cpd00092_c is 0.2471497193193506...
Loop146 pFBA...63311.0...Ave likelihood of: cpd00305_c is 0.16386828718789734...
Loop147 pFBA...12634.0...Ave likelihood of: cpd00220_c is 0.1774416813187846...
Loop148 pFBA...14710.0...Ave likelihood of: cpd00218_c is 0.13876770850115402...
Loop149 pFBA...14510.0...Ave likelihood of: cpd00215_c is 0.2182152362012615...
Loop150 pFBA...29143.0...Ave likelihood of: cpd00104_c is 0.13362177094833855...
Loop151 pFBA...36575.0...Ave likelihood of: cpd00393_c is 0.17759633970889374...
Loop152 pFBA...6570.0...Ave likelihood of: cpd00363_c is 0.36114898190029443...
Loop153 pFBA...9999.0...Ave likelihood of: cpd00281_c is 8.676289420424061e-05...
Loop154 pFBA...4210.0...Ave likelihood of: cpd00025_c is 0.2580097900270831...
Loop155 pFBA...20827.0...Ave likelihood of: cpd00811_c is 0.22129639356308475...
32.3692391515mins to complete!
