
The following have been reloaded with a version change:
  1) anaconda2/4.4.0 => anaconda2/5.1.0

Loading in models...Adding Water...Remove no-like rxns...Pruned 1 metabolites from model
Pruned 1 reactions from model
Set-up Universal...53.0seconds to complete

Loop0 pFBA...5558.0...Ave likelihood of: cpd00117_c is 0.473749740016834...
Loop1 pFBA...6840.0...Ave likelihood of: cpd00186_c is 0.36004151412635904...
Loop2 pFBA...21392.0...Ave likelihood of: cpd00637_c is 0.2769242830772897...
Loop3 pFBA...6424.0...Ave likelihood of: cpd00550_c is 0.33164962632796224...
Loop4 pFBA...4060.0...Ave likelihood of: cpd00033_c is 0.2579638176075747...
Loop5 pFBA...5436.0...Ave likelihood of: cpd00035_c is 0.473749740016834...
Loop6 pFBA...18169.0...Ave likelihood of: cpd00051_c is 0.3089893287085749...
Loop7 pFBA...7915.0...Ave likelihood of: cpd00132_c is 0.24976003483677922...
Loop8 pFBA...5183.0...Ave likelihood of: cpd00041_c is 0.22290857598959174...
Loop9 pFBA...13628.0...Ave likelihood of: cpd00084_c is 0.27135669454357375...
Loop10 pFBA...6592.0...Ave likelihood of: cpd00023_c is 0.2816102237195183...
Loop11 pFBA...9082.0...Ave likelihood of: cpd00053_c is 0.31087107879293674...
Loop12 pFBA...16375.0...Ave likelihood of: cpd00119_c is 0.33014327542492256...
Loop13 pFBA...16743.0...Ave likelihood of: cpd00322_c is 0.35369070653225765...
Loop14 pFBA...14214.0...Ave likelihood of: cpd00107_c is 0.2638405769068935...
Loop15 pFBA...17666.0...Ave likelihood of: cpd00039_c is 0.30401417811677456...
Loop16 pFBA...20392.0...Ave likelihood of: cpd00060_c is 0.2804745943987934...
Loop17 pFBA...20603.0...Ave likelihood of: cpd00066_c is 0.24493984060289084...
Loop18 pFBA...10285.0...Ave likelihood of: cpd00129_c is 0.2013809898275287...
Loop19 pFBA...5424.0...Ave likelihood of: cpd00054_c is 0.33841798604894113...
Loop20 pFBA...7357.0...Ave likelihood of: cpd00161_c is 0.39860751715545656...
Loop21 pFBA...27275.0...Ave likelihood of: cpd00065_c is 0.24963940678859778...
Loop22 pFBA...18327.0...Ave likelihood of: cpd00069_c is 0.2135565617625204...
Loop23 pFBA...7675.0...Ave likelihood of: cpd00156_c is 0.33233804293759966...
Loop24 pFBA...23663.0...Ave likelihood of: cpd00098_c is 0.27322202596101586...
Loop25 pFBA...14176.0...Ave likelihood of: cpd00274_c is 0.19366969773220846...
Loop26 pFBA...6702.0...Ave likelihood of: cpd00226_c is 0.3230538476976848...
Loop27 pFBA...4461.0...Ave likelihood of: cpd00246_c is 0.4372608633200126...
Loop28 pFBA...20074.0...Ave likelihood of: cpd00374_c is 0.21634201968825134...
Loop29 pFBA...4762.0...Ave likelihood of: cpd00221_c is 0.4230475227967962...
Loop30 pFBA...4265.0...Ave likelihood of: cpd00159_c is 0.4225173584511265...
Loop31 pFBA...10334.0...Ave likelihood of: cpd00211_c is 0.35538747478989635...
Loop32 pFBA...3766.0...Ave likelihood of: cpd00047_c is 0.2583073191706939...
Loop33 pFBA...5001.0...Ave likelihood of: cpd00106_c is 0.18989902472755152...
Loop34 pFBA...7575.0...Ave likelihood of: cpd00141_c is 0.4122331822354375...
Loop35 pFBA...19225.0...Ave likelihood of: cpd00216_c is 0.2359093983161504...
Loop36 pFBA...4803.0...Ave likelihood of: cpd00036_c is 0.22806041480917363...
Loop37 pFBA...16943.0...Ave likelihood of: cpd00581_c is 0.326183660770216...
Loop38 pFBA...4764.0...Ave likelihood of: cpd00128_c is 0.22142430003026184...
Loop39 pFBA...5863.0...Ave likelihood of: cpd00018_c is 0.27970673779026556...
Loop40 pFBA...5863.0...Ave likelihood of: cpd00091_c is 0.2797067377902655...
Loop41 pFBA...3613.0...Ave likelihood of: cpd00092_c is 0.3661135123928394...
Loop42 pFBA...63959.0...Ave likelihood of: cpd00305_c is 0.15802650860686418...
Loop43 pFBA...13720.0...Ave likelihood of: cpd00220_c is 0.2820211492463747...
Loop44 pFBA...14483.0...Ave likelihood of: cpd00218_c is 0.212540201795526...
Loop45 pFBA...14600.0...Ave likelihood of: cpd00215_c is 0.29695859385989604...
Loop46 pFBA...28663.0...Ave likelihood of: cpd00104_c is 0.20723302209922342...
Loop47 pFBA...36053.0...Ave likelihood of: cpd00393_c is 0.16981312177128988...
Loop48 pFBA...5712.0...Ave likelihood of: cpd00363_c is 0.5636973604908506...
Loop49 pFBA...8588.0...Ave likelihood of: cpd00281_c is 0.20168466764370938...
Loop50 pFBA...4024.0...Ave likelihood of: cpd00025_c is 0.307011158738713...
Loop51 pFBA...19605.0...Ave likelihood of: cpd00811_c is 0.2578493797280719...
Loop52 pFBA...5420.0...Ave likelihood of: cpd00714_c is 0.370860213384426...
Loop53 pFBA...5558.0...Ave likelihood of: cpd00117_c is 0.473749740016834...
Loop54 pFBA...6840.0...Ave likelihood of: cpd00186_c is 0.36004151412635904...
Loop55 pFBA...21647.0...Ave likelihood of: cpd00637_c is 0.2864297154256341...
Loop56 pFBA...6487.0...Ave likelihood of: cpd00550_c is 0.2977098502229001...
Loop57 pFBA...4061.0...Ave likelihood of: cpd00033_c is 0.23690331321906455...
Loop58 pFBA...5436.0...Ave likelihood of: cpd00035_c is 0.473749740016834...
Loop59 pFBA...18337.0...Ave likelihood of: cpd00051_c is 0.3191969829691717...
Loop60 pFBA...7915.0...Ave likelihood of: cpd00132_c is 0.24976003483677922...
Loop61 pFBA...5183.0...Ave likelihood of: cpd00041_c is 0.22290857598959174...
Loop62 pFBA...13753.0...Ave likelihood of: cpd00084_c is 0.2476744730372521...
Loop63 pFBA...6592.0...Ave likelihood of: cpd00023_c is 0.2816102237195183...
Loop64 pFBA...9082.0...Ave likelihood of: cpd00053_c is 0.31087107879293674...
Loop65 pFBA...16375.0...Ave likelihood of: cpd00119_c is 0.33014327542492256...
Loop66 pFBA...16751.0...Ave likelihood of: cpd00322_c is 0.20448014277665025...
Loop67 pFBA...14214.0...Ave likelihood of: cpd00107_c is 0.2638405769068935...
Loop68 pFBA...17881.0...Ave likelihood of: cpd00039_c is 0.3387819679005245...
Loop69 pFBA...20647.0...Ave likelihood of: cpd00060_c is 0.2864297154256341...
Loop70 pFBA...21382.0...Ave likelihood of: cpd00066_c is 0.2317018343842364...
Loop71 pFBA...10285.0...Ave likelihood of: cpd00129_c is 0.25185647248499055...
Loop72 pFBA...5487.0...Ave likelihood of: cpd00054_c is 0.3169169373340549...
Loop73 pFBA...7645.0...Ave likelihood of: cpd00161_c is 0.3929877631468687...
Loop74 pFBA...27275.0...Ave likelihood of: cpd00065_c is 0.24963940678859778...
Loop75 pFBA...18860.0...Ave likelihood of: cpd00069_c is 0.24015833392435032...
Loop76 pFBA...7675.0...Ave likelihood of: cpd00156_c is 0.33233804293759966...
Loop77 pFBA...24504.0...Ave likelihood of: cpd00098_c is 0.28344281543845035...
Loop78 pFBA...14176.0...Ave likelihood of: cpd00274_c is 0.19366969773220846...
Loop79 pFBA...6702.0...Ave likelihood of: cpd00226_c is 0.3230538476976848...
Loop80 pFBA...4763.0...Ave likelihood of: cpd00246_c is 0.36936669840484304...
Loop81 pFBA...20787.0...Ave likelihood of: cpd00374_c is 0.22316403251001007...
Loop82 pFBA...5060.0...Ave likelihood of: cpd00221_c is 0.39237489869255865...
Loop83 pFBA...4328.0...Ave likelihood of: cpd00159_c is 0.38853288757612214...
Loop84 pFBA...10505.0...Ave likelihood of: cpd00211_c is 0.2143510298522459...
Loop85 pFBA...3766.0...Ave likelihood of: cpd00047_c is 0.21915327396510084...
Loop86 pFBA...5001.0...Ave likelihood of: cpd00106_c is 0.18989902472755152...
Loop87 pFBA...7730.0...Ave likelihood of: cpd00141_c is 0.32441774693928804...
Loop88 pFBA...20328.0...Ave likelihood of: cpd00216_c is 0.30289656199159987...
Loop89 pFBA...4803.0...Ave likelihood of: cpd00036_c is 0.22806041480917363...
Loop90 pFBA...16943.0...Ave likelihood of: cpd00581_c is 0.326183660770216...
Loop91 pFBA...4764.0...Ave likelihood of: cpd00128_c is 0.22142430003026184...
Loop92 pFBA...5863.0...Ave likelihood of: cpd00018_c is 0.27970673779026556...
Loop93 pFBA...5863.0...Ave likelihood of: cpd00091_c is 0.2797067377902655...
Loop94 pFBA...3623.0...Ave likelihood of: cpd00092_c is 0.3208481634792552...
Loop95 pFBA...64131.0...Ave likelihood of: cpd00305_c is 0.11927538724034852...
Loop96 pFBA...14235.0...Ave likelihood of: cpd00220_c is 0.15655870610829287...
Loop97 pFBA...14719.0...Ave likelihood of: cpd00218_c is 0.21280548067292732...
Loop98 pFBA...15125.0...Ave likelihood of: cpd00215_c is 0.3304014660421708...
Loop99 pFBA...28713.0...Ave likelihood of: cpd00104_c is 0.17365137523907348...
Loop100 pFBA...36063.0...Ave likelihood of: cpd00393_c is 0.16976655974244723...
Loop101 pFBA...6385.0...Ave likelihood of: cpd00363_c is 0.5188659608559231...
Loop102 pFBA...8588.0...Ave likelihood of: cpd00281_c is 0.20168466764370938...
Loop103 pFBA...4192.0...Ave likelihood of: cpd00025_c is 0.3870257644056965...
Loop104 pFBA...20378.0...Ave likelihood of: cpd00811_c is 0.3037442339139916...
Loop105 pFBA...6264.0...Ave likelihood of: cpd00714_c is 0.4339609409069973...
Loop106 pFBA...5558.0...Ave likelihood of: cpd00117_c is 0.473749740016834...
Loop107 pFBA...6840.0...Ave likelihood of: cpd00186_c is 0.36004151412635904...
Loop108 pFBA...21571.0...Ave likelihood of: cpd00637_c is 0.24756568973950308...
Loop109 pFBA...6444.0...Ave likelihood of: cpd00550_c is 0.32906232639440797...
Loop110 pFBA...4061.0...Ave likelihood of: cpd00033_c is 0.22742973904157962...
Loop111 pFBA...5436.0...Ave likelihood of: cpd00035_c is 0.473749740016834...
Loop112 pFBA...18258.0...Ave likelihood of: cpd00051_c is 0.27104271716138684...
Loop113 pFBA...7915.0...Ave likelihood of: cpd00132_c is 0.24976003483677922...
Loop114 pFBA...5183.0...Ave likelihood of: cpd00041_c is 0.22290857598959174...
Loop115 pFBA...13738.0...Ave likelihood of: cpd00084_c is 0.22990144607247057...
Loop116 pFBA...6592.0...Ave likelihood of: cpd00023_c is 0.2816102237195183...
Loop117 pFBA...9082.0...Ave likelihood of: cpd00053_c is 0.31087107879293674...
Loop118 pFBA...16375.0...Ave likelihood of: cpd00119_c is 0.3236698778675711...
Loop119 pFBA...16751.0...Ave likelihood of: cpd00322_c is 0.20448014277665025...
Loop120 pFBA...14214.0...Ave likelihood of: cpd00107_c is 0.2638405769068935...
Loop121 pFBA...17721.0...Ave likelihood of: cpd00039_c is 0.2840056707635837...
Loop122 pFBA...20571.0...Ave likelihood of: cpd00060_c is 0.2509111720332801...
Loop123 pFBA...20959.0...Ave likelihood of: cpd00066_c is 0.2258025632184402...
Loop124 pFBA...10285.0...Ave likelihood of: cpd00129_c is 0.2013809898275287...
Loop125 pFBA...5444.0...Ave likelihood of: cpd00054_c is 0.336215855229069...
Loop126 pFBA...7518.0...Ave likelihood of: cpd00161_c is 0.34501997916945115...
Loop127 pFBA...27275.0...Ave likelihood of: cpd00065_c is 0.24963940678859778...
Loop128 pFBA...18491.0...Ave likelihood of: cpd00069_c is 0.19629428248341835...
Loop129 pFBA...7675.0...Ave likelihood of: cpd00156_c is 0.33233804293759966...
Loop130 pFBA...24147.0...Ave likelihood of: cpd00098_c is 0.24090943856544758...
Loop131 pFBA...14176.0...Ave likelihood of: cpd00274_c is 0.19366969773220846...
Loop132 pFBA...6702.0...Ave likelihood of: cpd00226_c is 0.3230538476976848...
Loop133 pFBA...4642.0...Ave likelihood of: cpd00246_c is 0.22638469649522336...
Loop134 pFBA...20452.0...Ave likelihood of: cpd00374_c is 0.21178660065597227...
Loop135 pFBA...4958.0...Ave likelihood of: cpd00221_c is 0.1916625421890143...
Loop136 pFBA...4315.0...Ave likelihood of: cpd00159_c is 0.3467635021318578...
Loop137 pFBA...10484.0...Ave likelihood of: cpd00211_c is 0.33706812577046674...
Loop138 pFBA...3766.0...Ave likelihood of: cpd00047_c is 0.21915327396510084...
Loop139 pFBA...5001.0...Ave likelihood of: cpd00106_c is 0.18989902472755152...
Loop140 pFBA...7681.0...Ave likelihood of: cpd00141_c is 0.37117902400528435...
Loop141 pFBA...19651.0...Ave likelihood of: cpd00216_c is 0.2298883864773608...
Loop142 pFBA...4803.0...Ave likelihood of: cpd00036_c is 0.22806041480917363...
Loop143 pFBA...16943.0...Ave likelihood of: cpd00581_c is 0.326183660770216...
Loop144 pFBA...4764.0...Ave likelihood of: cpd00128_c is 0.22142430003026184...
Loop145 pFBA...5863.0...Ave likelihood of: cpd00018_c is 0.27970673779026556...
Loop146 pFBA...5863.0...Ave likelihood of: cpd00091_c is 0.2797067377902655...
Loop147 pFBA...3623.0...Ave likelihood of: cpd00092_c is 0.3208481634792552...
Loop148 pFBA...64131.0...Ave likelihood of: cpd00305_c is 0.12049248302851534...
Loop149 pFBA...14055.0...Ave likelihood of: cpd00220_c is 0.26119993032679684...
Loop150 pFBA...14684.0...Ave likelihood of: cpd00218_c is 0.13393308530407128...
Loop151 pFBA...14831.0...Ave likelihood of: cpd00215_c is 0.24068139834865504...
Loop152 pFBA...28704.0...Ave likelihood of: cpd00104_c is 0.19657032095677215...
Loop153 pFBA...36053.0...Ave likelihood of: cpd00393_c is 0.15146819131071776...
Loop154 pFBA...6085.0...Ave likelihood of: cpd00363_c is 0.4346376678924393...
Loop155 pFBA...8588.0...Ave likelihood of: cpd00281_c is 0.20168466764370938...
Loop156 pFBA...4142.0...Ave likelihood of: cpd00025_c is 0.3193312731276342...
Loop157 pFBA...19992.0...Ave likelihood of: cpd00811_c is 0.27103052149368845...
Loop158 pFBA...6164.0...Ave likelihood of: cpd00714_c is 0.2937208267196848...
32.2838767529mins to complete!
