
The following have been reloaded with a version change:
  1) anaconda2/4.4.0 => anaconda2/5.1.0

Loading in models...Adding Water...Remove no-like rxns...Pruned 1 metabolites from model
Pruned 1 reactions from model
Set-up Universal...62.0seconds to complete

Loop0 pFBA...5559.0...Ave likelihood of: cpd00117_c is 0.4736764974410701...
Loop1 pFBA...6841.0...Ave likelihood of: cpd00186_c is 0.3598513020676995...
Loop2 pFBA...21384.0...Ave likelihood of: cpd00637_c is 0.267793575692907...
Loop3 pFBA...6423.0...Ave likelihood of: cpd00550_c is 0.3475908609020874...
Loop4 pFBA...4055.0...Ave likelihood of: cpd00033_c is 0.32644702002417836...
Loop5 pFBA...5437.0...Ave likelihood of: cpd00035_c is 0.4736764974410701...
Loop6 pFBA...18258.0...Ave likelihood of: cpd00051_c is 0.30361109947630777...
Loop7 pFBA...8188.0...Ave likelihood of: cpd00132_c is 0.16663342536883438...
Loop8 pFBA...5269.0...Ave likelihood of: cpd00041_c is 0.2049150655785616...
Loop9 pFBA...13626.0...Ave likelihood of: cpd00084_c is 0.26158517096323497...
Loop10 pFBA...6592.0...Ave likelihood of: cpd00023_c is 0.28154997953730915...
Loop11 pFBA...9326.0...Ave likelihood of: cpd00053_c is 0.2678909593067469...
Loop12 pFBA...16698.0...Ave likelihood of: cpd00119_c is 0.30924288926705973...
Loop13 pFBA...16748.0...Ave likelihood of: cpd00322_c is 0.353454382468941...
Loop14 pFBA...14214.0...Ave likelihood of: cpd00107_c is 0.2638223690464263...
Loop15 pFBA...17760.0...Ave likelihood of: cpd00039_c is 0.3113649954696792...
Loop16 pFBA...20384.0...Ave likelihood of: cpd00060_c is 0.2713641567021458...
Loop17 pFBA...20655.0...Ave likelihood of: cpd00066_c is 0.23013576903575442...
Loop18 pFBA...10265.0...Ave likelihood of: cpd00129_c is 0.20315649029139735...
Loop19 pFBA...5423.0...Ave likelihood of: cpd00054_c is 0.35468455194090553...
Loop20 pFBA...7406.0...Ave likelihood of: cpd00161_c is 0.4257466915028178...
Loop21 pFBA...27275.0...Ave likelihood of: cpd00065_c is 0.24963702858498665...
Loop22 pFBA...18380.0...Ave likelihood of: cpd00069_c is 0.20510833963109015...
Loop23 pFBA...7672.0...Ave likelihood of: cpd00156_c is 0.33289148185894046...
Loop24 pFBA...23628.0...Ave likelihood of: cpd00098_c is 0.26531218775720883...
Loop25 pFBA...14620.0...Ave likelihood of: cpd00274_c is 0.16703581608702459...
Loop26 pFBA...6632.0...Ave likelihood of: cpd00226_c is 0.3258672208013641...
Loop27 pFBA...4462.0...Ave likelihood of: cpd00246_c is 0.43720599414908573...
Loop28 pFBA...20035.0...Ave likelihood of: cpd00374_c is 0.23564037590583697...
Loop29 pFBA...4762.0...Ave likelihood of: cpd00221_c is 0.4230445252228402...
Loop30 pFBA...4265.0...Ave likelihood of: cpd00159_c is 0.42244784433399146...
Loop31 pFBA...10343.0...Ave likelihood of: cpd00211_c is 0.3547911881461646...
Loop32 pFBA...3766.0...Ave likelihood of: cpd00047_c is 0.2582880697666349...
Loop33 pFBA...5009.0...Ave likelihood of: cpd00106_c is 0.1685254878015307...
Loop34 pFBA...7574.0...Ave likelihood of: cpd00141_c is 0.4123712679068299...
Loop35 pFBA...19153.0...Ave likelihood of: cpd00216_c is 0.22462405479761832...
Loop36 pFBA...4803.0...Ave likelihood of: cpd00036_c is 0.2280744259997847...
Loop37 pFBA...17182.0...Ave likelihood of: cpd00581_c is 0.30519615736531125...
Loop38 pFBA...4748.0...Ave likelihood of: cpd00128_c is 0.3455840418624108...
Loop39 pFBA...5864.0...Ave likelihood of: cpd00018_c is 0.2796504651734834...
Loop40 pFBA...5864.0...Ave likelihood of: cpd00091_c is 0.27965046517348335...
Loop41 pFBA...4176.0...Ave likelihood of: cpd00092_c is 0.29341397496902966...
Loop42 pFBA...64094.0...Ave likelihood of: cpd00305_c is 0.1488572904430641...
Loop43 pFBA...13685.0...Ave likelihood of: cpd00220_c is 0.2905285232532459...
Loop44 pFBA...14515.0...Ave likelihood of: cpd00218_c is 0.23387140774859588...
Loop45 pFBA...14524.0...Ave likelihood of: cpd00215_c is 0.3143020137169128...
Loop46 pFBA...28672.0...Ave likelihood of: cpd00104_c is 0.20694876496054784...
Loop47 pFBA...36670.0...Ave likelihood of: cpd00393_c is 0.16745460154966368...
Loop48 pFBA...5713.0...Ave likelihood of: cpd00363_c is 0.5636204186144743...
Loop49 pFBA...8589.0...Ave likelihood of: cpd00281_c is 0.2016419077193399...
Loop50 pFBA...4024.0...Ave likelihood of: cpd00025_c is 0.298193405309869...
Loop51 pFBA...19598.0...Ave likelihood of: cpd00811_c is 0.25938102508130795...
Loop52 pFBA...5419.0...Ave likelihood of: cpd00714_c is 0.3708974445643239...
Loop53 pFBA...5559.0...Ave likelihood of: cpd00117_c is 0.4736764974410701...
Loop54 pFBA...6841.0...Ave likelihood of: cpd00186_c is 0.3598513020676995...
Loop55 pFBA...21648.0...Ave likelihood of: cpd00637_c is 0.27794140259184946...
Loop56 pFBA...6486.0...Ave likelihood of: cpd00550_c is 0.29820282230901224...
Loop57 pFBA...4056.0...Ave likelihood of: cpd00033_c is 0.2386212431774615...
Loop58 pFBA...5437.0...Ave likelihood of: cpd00035_c is 0.4736764974410701...
Loop59 pFBA...18393.0...Ave likelihood of: cpd00051_c is 0.23240455148319095...
Loop60 pFBA...8188.0...Ave likelihood of: cpd00132_c is 0.16663342536883438...
Loop61 pFBA...5269.0...Ave likelihood of: cpd00041_c is 0.2049150655785616...
Loop62 pFBA...13751.0...Ave likelihood of: cpd00084_c is 0.25329162439819525...
Loop63 pFBA...6592.0...Ave likelihood of: cpd00023_c is 0.28154997953730915...
Loop64 pFBA...9326.0...Ave likelihood of: cpd00053_c is 0.2678909593067469...
Loop65 pFBA...16698.0...Ave likelihood of: cpd00119_c is 0.3154277470524009...
Loop66 pFBA...16756.0...Ave likelihood of: cpd00322_c is 0.23972704671476233...
Loop67 pFBA...14214.0...Ave likelihood of: cpd00107_c is 0.2638223690464263...
Loop68 pFBA...17960.0...Ave likelihood of: cpd00039_c is 0.2760238392160749...
Loop69 pFBA...20648.0...Ave likelihood of: cpd00060_c is 0.2812900941893417...
Loop70 pFBA...21435.0...Ave likelihood of: cpd00066_c is 0.22957255749207048...
Loop71 pFBA...10265.0...Ave likelihood of: cpd00129_c is 0.20315649029139735...
Loop72 pFBA...5486.0...Ave likelihood of: cpd00054_c is 0.3075216605061688...
Loop73 pFBA...7654.0...Ave likelihood of: cpd00161_c is 0.3616363562711478...
Loop74 pFBA...27275.0...Ave likelihood of: cpd00065_c is 0.24963702858498665...
Loop75 pFBA...18860.0...Ave likelihood of: cpd00069_c is 0.23541410269210805...
Loop76 pFBA...7672.0...Ave likelihood of: cpd00156_c is 0.33289148185894046...
Loop77 pFBA...24530.0...Ave likelihood of: cpd00098_c is 0.2602430030920501...
Loop78 pFBA...14620.0...Ave likelihood of: cpd00274_c is 0.16703581608702459...
Loop79 pFBA...6632.0...Ave likelihood of: cpd00226_c is 0.3258672208013641...
Loop80 pFBA...4793.0...Ave likelihood of: cpd00246_c is 0.3644339780969285...
Loop81 pFBA...20825.0...Ave likelihood of: cpd00374_c is 0.22511675018514296...
Loop82 pFBA...5068.0...Ave likelihood of: cpd00221_c is 0.3500607285765115...
Loop83 pFBA...4330.0...Ave likelihood of: cpd00159_c is 0.3839660197913317...
Loop84 pFBA...10516.0...Ave likelihood of: cpd00211_c is 0.21373824212905843...
Loop85 pFBA...3766.0...Ave likelihood of: cpd00047_c is 0.21915607984292654...
Loop86 pFBA...5009.0...Ave likelihood of: cpd00106_c is 0.1685254878015307...
Loop87 pFBA...7728.0...Ave likelihood of: cpd00141_c is 0.3243717771624209...
Loop88 pFBA...20258.0...Ave likelihood of: cpd00216_c is 0.22627172853696229...
Loop89 pFBA...4803.0...Ave likelihood of: cpd00036_c is 0.2280744259997847...
Loop90 pFBA...17182.0...Ave likelihood of: cpd00581_c is 0.30519615736531125...
Loop91 pFBA...4748.0...Ave likelihood of: cpd00128_c is 0.3455840418624108...
Loop92 pFBA...5864.0...Ave likelihood of: cpd00018_c is 0.2796504651734834...
Loop93 pFBA...5864.0...Ave likelihood of: cpd00091_c is 0.27965046517348335...
Loop94 pFBA...4176.0...Ave likelihood of: cpd00092_c is 0.29341397496902966...
Loop95 pFBA...64176.0...Ave likelihood of: cpd00305_c is 0.1337163231338684...
Loop96 pFBA...14060.0...Ave likelihood of: cpd00220_c is 0.17768152739483326...
Loop97 pFBA...14715.0...Ave likelihood of: cpd00218_c is 0.21052887318713676...
Loop98 pFBA...15066.0...Ave likelihood of: cpd00215_c is 0.3472634627339289...
Loop99 pFBA...28716.0...Ave likelihood of: cpd00104_c is 0.1722056359519905...
Loop100 pFBA...36670.0...Ave likelihood of: cpd00393_c is 0.16745460154966368...
Loop101 pFBA...6411.0...Ave likelihood of: cpd00363_c is 0.38621331445836854...
Loop102 pFBA...8589.0...Ave likelihood of: cpd00281_c is 0.2016419077193399...
Loop103 pFBA...4209.0...Ave likelihood of: cpd00025_c is 0.3445578924583685...
Loop104 pFBA...20467.0...Ave likelihood of: cpd00811_c is 0.3018229314062241...
Loop105 pFBA...6377.0...Ave likelihood of: cpd00714_c is 0.42495311619338744...
Loop106 pFBA...5559.0...Ave likelihood of: cpd00117_c is 0.4736764974410701...
Loop107 pFBA...6841.0...Ave likelihood of: cpd00186_c is 0.3598513020676995...
Loop108 pFBA...21551.0...Ave likelihood of: cpd00637_c is 0.24680955650039316...
Loop109 pFBA...6442.0...Ave likelihood of: cpd00550_c is 0.30304142340441376...
Loop110 pFBA...4056.0...Ave likelihood of: cpd00033_c is 0.22883969652660954...
Loop111 pFBA...5437.0...Ave likelihood of: cpd00035_c is 0.4736764974410701...
Loop112 pFBA...18344.0...Ave likelihood of: cpd00051_c is 0.2520568292057831...
Loop113 pFBA...8188.0...Ave likelihood of: cpd00132_c is 0.16663342536883438...
Loop114 pFBA...5269.0...Ave likelihood of: cpd00041_c is 0.2049150655785616...
Loop115 pFBA...13734.0...Ave likelihood of: cpd00084_c is 0.23494496350209598...
Loop116 pFBA...6592.0...Ave likelihood of: cpd00023_c is 0.28154997953730915...
Loop117 pFBA...9326.0...Ave likelihood of: cpd00053_c is 0.2678909593067469...
Loop118 pFBA...16698.0...Ave likelihood of: cpd00119_c is 0.3154277470524009...
Loop119 pFBA...16756.0...Ave likelihood of: cpd00322_c is 0.23972704671476233...
Loop120 pFBA...14214.0...Ave likelihood of: cpd00107_c is 0.2638223690464263...
Loop121 pFBA...17797.0...Ave likelihood of: cpd00039_c is 0.28978012402946945...
Loop122 pFBA...20551.0...Ave likelihood of: cpd00060_c is 0.25001487541598266...
Loop123 pFBA...20969.0...Ave likelihood of: cpd00066_c is 0.18751899705904065...
Loop124 pFBA...10265.0...Ave likelihood of: cpd00129_c is 0.20315649029139735...
Loop125 pFBA...5442.0...Ave likelihood of: cpd00054_c is 0.30935478639200564...
Loop126 pFBA...7514.0...Ave likelihood of: cpd00161_c is 0.3455603941027728...
Loop127 pFBA...27275.0...Ave likelihood of: cpd00065_c is 0.24963702858498665...
Loop128 pFBA...18475.0...Ave likelihood of: cpd00069_c is 0.2041211089967938...
Loop129 pFBA...7672.0...Ave likelihood of: cpd00156_c is 0.33289148185894046...
Loop130 pFBA...24115.0...Ave likelihood of: cpd00098_c is 0.24245567862633352...
Loop131 pFBA...14620.0...Ave likelihood of: cpd00274_c is 0.16703581608702459...
Loop132 pFBA...6632.0...Ave likelihood of: cpd00226_c is 0.3258672208013641...
Loop133 pFBA...4642.0...Ave likelihood of: cpd00246_c is 0.22350269449359603...
Loop134 pFBA...20430.0...Ave likelihood of: cpd00374_c is 0.20679870092722732...
Loop135 pFBA...4958.0...Ave likelihood of: cpd00221_c is 0.19166594689670338...
Loop136 pFBA...4315.0...Ave likelihood of: cpd00159_c is 0.3467693537724576...
Loop137 pFBA...10492.0...Ave likelihood of: cpd00211_c is 0.3368437004233458...
Loop138 pFBA...3766.0...Ave likelihood of: cpd00047_c is 0.2191560798429265...
Loop139 pFBA...5009.0...Ave likelihood of: cpd00106_c is 0.1685254878015307...
Loop140 pFBA...7680.0...Ave likelihood of: cpd00141_c is 0.37114502211498124...
Loop141 pFBA...19631.0...Ave likelihood of: cpd00216_c is 0.23138270599029617...
Loop142 pFBA...4803.0...Ave likelihood of: cpd00036_c is 0.2280744259997847...
Loop143 pFBA...17182.0...Ave likelihood of: cpd00581_c is 0.30519615736531125...
Loop144 pFBA...4748.0...Ave likelihood of: cpd00128_c is 0.3455840418624108...
Loop145 pFBA...5864.0...Ave likelihood of: cpd00018_c is 0.2796504651734834...
Loop146 pFBA...5864.0...Ave likelihood of: cpd00091_c is 0.27965046517348335...
Loop147 pFBA...4176.0...Ave likelihood of: cpd00092_c is 0.29341397496902966...
Loop148 pFBA...64171.0...Ave likelihood of: cpd00305_c is 0.13933774005918811...
Loop149 pFBA...13958.0...Ave likelihood of: cpd00220_c is 0.2710393486256996...
Loop150 pFBA...14652.0...Ave likelihood of: cpd00218_c is 0.17236265830210107...
Loop151 pFBA...14751.0...Ave likelihood of: cpd00215_c is 0.22753366829344307...
Loop152 pFBA...28708.0...Ave likelihood of: cpd00104_c is 0.19487400087770962...
Loop153 pFBA...36670.0...Ave likelihood of: cpd00393_c is 0.16745460154966368...
Loop154 pFBA...6084.0...Ave likelihood of: cpd00363_c is 0.4346330896129614...
Loop155 pFBA...8589.0...Ave likelihood of: cpd00281_c is 0.2016419077193399...
Loop156 pFBA...4142.0...Ave likelihood of: cpd00025_c is 0.31073311534839687...
Loop157 pFBA...19988.0...Ave likelihood of: cpd00811_c is 0.2713514554981574...
Loop158 pFBA...6030.0...Ave likelihood of: cpd00714_c is 0.30787115653668495...
32.4949399193mins to complete!
