
The following have been reloaded with a version change:
  1) anaconda2/4.4.0 => anaconda2/5.1.0

Loading in models...Adding Water...Remove no-like rxns...Pruned 1 metabolites from model
Pruned 1 reactions from model
Set-up Universal...62.0seconds to complete

Loop0 pFBA...6190.0...Ave likelihood of: cpd00117_c is 0.23091397868937263...
Loop1 pFBA...8232.0...Ave likelihood of: cpd00186_c is 0.12807930088551597...
Loop2 pFBA...22910.0...Ave likelihood of: cpd00637_c is 0.18733109988212518...
Loop3 pFBA...7030.0...Ave likelihood of: cpd00550_c is 0.2743683135879036...
Loop4 pFBA...4746.0...Ave likelihood of: cpd00033_c is 0.18808740039957095...
Loop5 pFBA...6027.0...Ave likelihood of: cpd00035_c is 0.2241450807803913...
Loop6 pFBA...19331.0...Ave likelihood of: cpd00051_c is 0.26902901273122476...
Loop7 pFBA...8881.0...Ave likelihood of: cpd00132_c is 0.12866948314773713...
Loop8 pFBA...6002.0...Ave likelihood of: cpd00041_c is 0.05643503656771361...
Loop9 pFBA...14344.0...Ave likelihood of: cpd00084_c is 0.19086279690446528...
Loop10 pFBA...7999.0...Ave likelihood of: cpd00023_c is 0.00012146805188593685...
Loop11 pFBA...10583.0...Ave likelihood of: cpd00053_c is 0.1283969269273094...
Loop12 pFBA...22793.0...Ave likelihood of: cpd00119_c is 0.11421610327943067...
Loop13 pFBA...17955.0...Ave likelihood of: cpd00322_c is 0.24974101193098502...
Loop14 pFBA...14896.0...Ave likelihood of: cpd00107_c is 0.21810415595026728...
Loop15 pFBA...17685.0...Ave likelihood of: cpd00039_c is 0.29968990250575456...
Loop16 pFBA...21910.0...Ave likelihood of: cpd00060_c is 0.18953499517485606...
Loop17 pFBA...21338.0...Ave likelihood of: cpd00066_c is 0.1945161770899525...
Loop18 pFBA...12000.0...Ave likelihood of: cpd00129_c is 4.08642236221718e-05...
Loop19 pFBA...6030.0...Ave likelihood of: cpd00054_c is 0.27996766692643227...
Loop20 pFBA...8315.0...Ave likelihood of: cpd00161_c is 0.2853983854591468...
Loop21 pFBA...29970.0...Ave likelihood of: cpd00065_c is 0.11851478323077644...
Loop22 pFBA...19172.0...Ave likelihood of: cpd00069_c is 0.2410201030447399...
Loop23 pFBA...8765.0...Ave likelihood of: cpd00156_c is 0.16432211438430952...
Loop24 pFBA...24927.0...Ave likelihood of: cpd00098_c is 0.1674335517239633...
Loop25 pFBA...16122.0...Ave likelihood of: cpd00274_c is 0.2438498023897938...
Loop26 pFBA...7078.0...Ave likelihood of: cpd00226_c is 0.27744396443638986...
Loop27 pFBA...5055.0...Ave likelihood of: cpd00246_c is 0.2959083008313199...
Loop28 pFBA...21195.0...Ave likelihood of: cpd00374_c is 0.18051294948810784...
Loop29 pFBA...4308.0...Ave likelihood of: cpd00221_c is 0.29900392806091697...
Loop30 pFBA...4189.0...Ave likelihood of: cpd00159_c is 0.3342709723717492...
Loop31 pFBA...10435.0...Ave likelihood of: cpd00211_c is 0.297010119488162...
Loop32 pFBA...4061.0...Ave likelihood of: cpd00047_c is 0.3402564563322098...
Loop33 pFBA...5283.0...Ave likelihood of: cpd00106_c is 0.088068060900543...
Loop34 pFBA...7915.0...Ave likelihood of: cpd00141_c is 0.3774343788288917...
Loop35 pFBA...20400.0...Ave likelihood of: cpd00216_c is 0.20970130757419128...
Loop36 pFBA...5064.0...Ave likelihood of: cpd00036_c is 0.04858760847366136...
Loop37 pFBA...22794.0...Ave likelihood of: cpd00581_c is 0.09698097900576584...
Loop38 pFBA...4994.0...Ave likelihood of: cpd00128_c is 0.0911178639517841...
Loop39 pFBA...6200.0...Ave likelihood of: cpd00018_c is 0.11621610183574499...
Loop40 pFBA...5545.0...Ave likelihood of: cpd00091_c is 0.14330617030793585...
Loop41 pFBA...4057.0...Ave likelihood of: cpd00092_c is 0.24680343941207936...
Loop42 pFBA...63334.0...Ave likelihood of: cpd00305_c is 0.16706230206518125...
Loop43 pFBA...12636.0...Ave likelihood of: cpd00220_c is 0.1830190346624065...
Loop44 pFBA...14711.0...Ave likelihood of: cpd00218_c is 0.13870640177123966...
Loop45 pFBA...14623.0...Ave likelihood of: cpd00215_c is 0.21650697399081342...
Loop46 pFBA...29095.0...Ave likelihood of: cpd00104_c is 0.1483737678378989...
Loop47 pFBA...36595.0...Ave likelihood of: cpd00393_c is 0.1773096832492117...
Loop48 pFBA...6368.0...Ave likelihood of: cpd00363_c is 0.38235799784807173...
Loop49 pFBA...9999.0...Ave likelihood of: cpd00281_c is 8.676289420424061e-05...
Loop50 pFBA...4208.0...Ave likelihood of: cpd00025_c is 0.2817993211193076...
Loop51 pFBA...20968.0...Ave likelihood of: cpd00811_c is 0.2022440509617047...
Loop52 pFBA...6190.0...Ave likelihood of: cpd00117_c is 0.23091397868937263...
Loop53 pFBA...8232.0...Ave likelihood of: cpd00186_c is 0.12807930088551597...
Loop54 pFBA...22970.0...Ave likelihood of: cpd00637_c is 0.162228151794229...
Loop55 pFBA...7160.0...Ave likelihood of: cpd00550_c is 0.16238611185142504...
Loop56 pFBA...4746.0...Ave likelihood of: cpd00033_c is 0.18808740039957095...
Loop57 pFBA...6027.0...Ave likelihood of: cpd00035_c is 0.2241450807803913...
Loop58 pFBA...19610.0...Ave likelihood of: cpd00051_c is 0.20820589733412723...
Loop59 pFBA...8881.0...Ave likelihood of: cpd00132_c is 0.12866948314773713...
Loop60 pFBA...6002.0...Ave likelihood of: cpd00041_c is 0.05643503656771361...
Loop61 pFBA...14491.0...Ave likelihood of: cpd00084_c is 0.15685684191639523...
Loop62 pFBA...7999.0...Ave likelihood of: cpd00023_c is 0.00012146805188593685...
Loop63 pFBA...10583.0...Ave likelihood of: cpd00053_c is 0.12838094428890337...
Loop64 pFBA...22793.0...Ave likelihood of: cpd00119_c is 0.11421610327943067...
Loop65 pFBA...18028.0...Ave likelihood of: cpd00322_c is 0.18415238250418012...
Loop66 pFBA...14896.0...Ave likelihood of: cpd00107_c is 0.21810415595026728...
Loop67 pFBA...17796.0...Ave likelihood of: cpd00039_c is 0.3052615181020218...
Loop68 pFBA...21970.0...Ave likelihood of: cpd00060_c is 0.1641367182859258...
Loop69 pFBA...21685.0...Ave likelihood of: cpd00066_c is 0.18421846185140472...
Loop70 pFBA...12000.0...Ave likelihood of: cpd00129_c is 4.08642236221718e-05...
Loop71 pFBA...6160.0...Ave likelihood of: cpd00054_c is 0.1668968371806313...
Loop72 pFBA...8466.0...Ave likelihood of: cpd00161_c is 0.24071382699675567...
Loop73 pFBA...29970.0...Ave likelihood of: cpd00065_c is 0.10200802048255127...
Loop74 pFBA...19464.0...Ave likelihood of: cpd00069_c is 0.18615795828941473...
Loop75 pFBA...8765.0...Ave likelihood of: cpd00156_c is 0.16432211438430952...
Loop76 pFBA...25267.0...Ave likelihood of: cpd00098_c is 0.10937424965908578...
Loop77 pFBA...16384.0...Ave likelihood of: cpd00274_c is 0.23468788962312123...
Loop78 pFBA...7078.0...Ave likelihood of: cpd00226_c is 0.27744396443638986...
Loop79 pFBA...5147.0...Ave likelihood of: cpd00246_c is 0.20473660077331352...
Loop80 pFBA...21770.0...Ave likelihood of: cpd00374_c is 0.18615795828941475...
Loop81 pFBA...4746.0...Ave likelihood of: cpd00221_c is 0.27563598741673734...
Loop82 pFBA...4512.0...Ave likelihood of: cpd00159_c is 0.28325162574480917...
Loop83 pFBA...10589.0...Ave likelihood of: cpd00211_c is 0.13375437111925007...
Loop84 pFBA...4245.0...Ave likelihood of: cpd00047_c is 0.380815611146271...
Loop85 pFBA...5283.0...Ave likelihood of: cpd00106_c is 0.088068060900543...
Loop86 pFBA...8194.0...Ave likelihood of: cpd00141_c is 0.15121019565993724...
Loop87 pFBA...20400.0...Ave likelihood of: cpd00216_c is 0.20970130757419128...
Loop88 pFBA...5064.0...Ave likelihood of: cpd00036_c is 0.04858760847366136...
Loop89 pFBA...22794.0...Ave likelihood of: cpd00581_c is 0.09698097900576584...
Loop90 pFBA...4994.0...Ave likelihood of: cpd00128_c is 0.0911178639517841...
Loop91 pFBA...6200.0...Ave likelihood of: cpd00018_c is 0.11621610183574499...
Loop92 pFBA...5545.0...Ave likelihood of: cpd00091_c is 0.14330617030793583...
Loop93 pFBA...4057.0...Ave likelihood of: cpd00092_c is 0.24680343941207936...
Loop94 pFBA...63487.0...Ave likelihood of: cpd00305_c is 0.16339306920989408...
Loop95 pFBA...12636.0...Ave likelihood of: cpd00220_c is 0.17225320909402966...
Loop96 pFBA...14711.0...Ave likelihood of: cpd00218_c is 0.14090809068824348...
Loop97 pFBA...15206.0...Ave likelihood of: cpd00215_c is 0.20011213798695668...
Loop98 pFBA...29205.0...Ave likelihood of: cpd00104_c is 0.13433412860052255...
Loop99 pFBA...36595.0...Ave likelihood of: cpd00393_c is 0.17730968324921173...
Loop100 pFBA...7211.0...Ave likelihood of: cpd00363_c is 0.3912483429198533...
Loop101 pFBA...9999.0...Ave likelihood of: cpd00281_c is 8.676289420424061e-05...
Loop102 pFBA...4351.0...Ave likelihood of: cpd00025_c is 0.3242773378803735...
Loop103 pFBA...21813.0...Ave likelihood of: cpd00811_c is 0.11824826378684343...
Loop104 pFBA...6190.0...Ave likelihood of: cpd00117_c is 0.23091397868937263...
Loop105 pFBA...8232.0...Ave likelihood of: cpd00186_c is 0.12807930088551597...
Loop106 pFBA...22871.0...Ave likelihood of: cpd00637_c is 0.17829870572097678...
Loop107 pFBA...7082.0...Ave likelihood of: cpd00550_c is 0.2764698934838928...
Loop108 pFBA...4746.0...Ave likelihood of: cpd00033_c is 0.18808740039957095...
Loop109 pFBA...6027.0...Ave likelihood of: cpd00035_c is 0.2241450807803913...
Loop110 pFBA...19273.0...Ave likelihood of: cpd00051_c is 0.24759348709774714...
Loop111 pFBA...8881.0...Ave likelihood of: cpd00132_c is 0.12866948314773713...
Loop112 pFBA...6002.0...Ave likelihood of: cpd00041_c is 0.05643503656771361...
Loop113 pFBA...14456.0...Ave likelihood of: cpd00084_c is 0.17423476640379687...
Loop114 pFBA...7999.0...Ave likelihood of: cpd00023_c is 0.00012146805188593685...
Loop115 pFBA...10583.0...Ave likelihood of: cpd00053_c is 0.12838094428890337...
Loop116 pFBA...22793.0...Ave likelihood of: cpd00119_c is 0.11421610327943067...
Loop117 pFBA...17915.0...Ave likelihood of: cpd00322_c is 0.2526865921182501...
Loop118 pFBA...14896.0...Ave likelihood of: cpd00107_c is 0.21810415595026728...
Loop119 pFBA...17694.0...Ave likelihood of: cpd00039_c is 0.280030702782954...
Loop120 pFBA...21871.0...Ave likelihood of: cpd00060_c is 0.18027980245120984...
Loop121 pFBA...21186.0...Ave likelihood of: cpd00066_c is 0.20038225949531116...
Loop122 pFBA...12000.0...Ave likelihood of: cpd00129_c is 4.540469291352422e-05...
Loop123 pFBA...6082.0...Ave likelihood of: cpd00054_c is 0.2822296829314739...
Loop124 pFBA...8269.0...Ave likelihood of: cpd00161_c is 0.31439667636116336...
Loop125 pFBA...29961.0...Ave likelihood of: cpd00065_c is 0.13108624683006984...
Loop126 pFBA...19081.0...Ave likelihood of: cpd00069_c is 0.2173102523266588...
Loop127 pFBA...8765.0...Ave likelihood of: cpd00156_c is 0.16432211438430952...
Loop128 pFBA...24807.0...Ave likelihood of: cpd00098_c is 0.17604872919586767...
Loop129 pFBA...16240.0...Ave likelihood of: cpd00274_c is 0.31908269976895337...
Loop130 pFBA...7078.0...Ave likelihood of: cpd00226_c is 0.27744396443638986...
Loop131 pFBA...5049.0...Ave likelihood of: cpd00246_c is 0.3586500707464715...
Loop132 pFBA...21015.0...Ave likelihood of: cpd00374_c is 0.1848814333305557...
Loop133 pFBA...4533.0...Ave likelihood of: cpd00221_c is 0.3189980653290129...
Loop134 pFBA...4398.0...Ave likelihood of: cpd00159_c is 0.31213600110235135...
Loop135 pFBA...10411.0...Ave likelihood of: cpd00211_c is 0.3126628659041636...
Loop136 pFBA...4145.0...Ave likelihood of: cpd00047_c is 0.3493618982004194...
Loop137 pFBA...5283.0...Ave likelihood of: cpd00106_c is 0.088068060900543...
Loop138 pFBA...8090.0...Ave likelihood of: cpd00141_c is 0.24046267301125634...
Loop139 pFBA...20379.0...Ave likelihood of: cpd00216_c is 0.21644350224313705...
Loop140 pFBA...5058.0...Ave likelihood of: cpd00036_c is 0.2522282678486999...
Loop141 pFBA...22794.0...Ave likelihood of: cpd00581_c is 0.09698097900576584...
Loop142 pFBA...4994.0...Ave likelihood of: cpd00128_c is 0.0911178639517841...
Loop143 pFBA...6200.0...Ave likelihood of: cpd00018_c is 0.11621610183574499...
Loop144 pFBA...5545.0...Ave likelihood of: cpd00091_c is 0.14330617030793585...
Loop145 pFBA...4057.0...Ave likelihood of: cpd00092_c is 0.24680343941207936...
Loop146 pFBA...63310.0...Ave likelihood of: cpd00305_c is 0.16145724385863905...
Loop147 pFBA...12636.0...Ave likelihood of: cpd00220_c is 0.17747300330900023...
Loop148 pFBA...14711.0...Ave likelihood of: cpd00218_c is 0.13870640177123966...
Loop149 pFBA...14508.0...Ave likelihood of: cpd00215_c is 0.2236325835078083...
Loop150 pFBA...29014.0...Ave likelihood of: cpd00104_c is 0.14708932252046444...
Loop151 pFBA...36595.0...Ave likelihood of: cpd00393_c is 0.17731902694551063...
Loop152 pFBA...6426.0...Ave likelihood of: cpd00363_c is 0.38949610269470253...
Loop153 pFBA...9999.0...Ave likelihood of: cpd00281_c is 8.676289420424061e-05...
Loop154 pFBA...4171.0...Ave likelihood of: cpd00025_c is 0.2796403869167873...
Loop155 pFBA...20815.0...Ave likelihood of: cpd00811_c is 0.21599122015609612...
32.4520419836mins to complete!
