
The following have been reloaded with a version change:
  1) anaconda2/4.4.0 => anaconda2/5.1.0

Loading in models...Adding Water...Remove no-like rxns...Pruned 1 metabolites from model
Pruned 1 reactions from model
Set-up Universal...61.0seconds to complete

Loop0 pFBA...5566.0...Ave likelihood of: cpd00117_c is 0.47196690567082594...
Loop1 pFBA...6838.0...Ave likelihood of: cpd00186_c is 0.3602979929469365...
Loop2 pFBA...21628.0...Ave likelihood of: cpd00637_c is 0.24760321275726943...
Loop3 pFBA...6450.0...Ave likelihood of: cpd00550_c is 0.3106447555982523...
Loop4 pFBA...4052.0...Ave likelihood of: cpd00033_c is 0.24853298140424826...
Loop5 pFBA...5443.0...Ave likelihood of: cpd00035_c is 0.47196690567082594...
Loop6 pFBA...18416.0...Ave likelihood of: cpd00051_c is 0.27140207142652767...
Loop7 pFBA...8158.0...Ave likelihood of: cpd00132_c is 0.14982251149936854...
Loop8 pFBA...5259.0...Ave likelihood of: cpd00041_c is 0.2061944869375652...
Loop9 pFBA...13636.0...Ave likelihood of: cpd00084_c is 0.25957706437147204...
Loop10 pFBA...6589.0...Ave likelihood of: cpd00023_c is 0.2821104035482692...
Loop11 pFBA...9323.0...Ave likelihood of: cpd00053_c is 0.2681557046417539...
Loop12 pFBA...16687.0...Ave likelihood of: cpd00119_c is 0.3169767564093077...
Loop13 pFBA...17011.0...Ave likelihood of: cpd00322_c is 0.22811651537833097...
Loop14 pFBA...14205.0...Ave likelihood of: cpd00107_c is 0.2646191226024326...
Loop15 pFBA...17791.0...Ave likelihood of: cpd00039_c is 0.3123162737512479...
Loop16 pFBA...20628.0...Ave likelihood of: cpd00060_c is 0.2541190867771976...
Loop17 pFBA...21074.0...Ave likelihood of: cpd00066_c is 0.19244287981349906...
Loop18 pFBA...10261.0...Ave likelihood of: cpd00129_c is 0.20350610075169334...
Loop19 pFBA...5450.0...Ave likelihood of: cpd00054_c is 0.32947171048299484...
Loop20 pFBA...7541.0...Ave likelihood of: cpd00161_c is 0.36790371761312035...
Loop21 pFBA...27289.0...Ave likelihood of: cpd00065_c is 0.24927459871283716...
Loop22 pFBA...18615.0...Ave likelihood of: cpd00069_c is 0.2005560048465875...
Loop23 pFBA...7659.0...Ave likelihood of: cpd00156_c is 0.3349813254462558...
Loop24 pFBA...23995.0...Ave likelihood of: cpd00098_c is 0.24639426797191613...
Loop25 pFBA...14639.0...Ave likelihood of: cpd00274_c is 0.16547685257011707...
Loop26 pFBA...6677.0...Ave likelihood of: cpd00226_c is 0.3230216297956721...
Loop27 pFBA...4617.0...Ave likelihood of: cpd00246_c is 0.3080635164117668...
Loop28 pFBA...20480.0...Ave likelihood of: cpd00374_c is 0.22333113087054934...
Loop29 pFBA...4899.0...Ave likelihood of: cpd00221_c is 0.20461798048660515...
Loop30 pFBA...4289.0...Ave likelihood of: cpd00159_c is 0.40508492602308116...
Loop31 pFBA...10530.0...Ave likelihood of: cpd00211_c is 0.34255117686378717...
Loop32 pFBA...3734.0...Ave likelihood of: cpd00047_c is 0.30982908680106963...
Loop33 pFBA...5009.0...Ave likelihood of: cpd00106_c is 0.16859662023387884...
Loop34 pFBA...7760.0...Ave likelihood of: cpd00141_c is 0.37944516102878567...
Loop35 pFBA...19634.0...Ave likelihood of: cpd00216_c is 0.22334132716411462...
Loop36 pFBA...4801.0...Ave likelihood of: cpd00036_c is 0.229813888409916...
Loop37 pFBA...17171.0...Ave likelihood of: cpd00581_c is 0.3066006305387917...
Loop38 pFBA...4752.0...Ave likelihood of: cpd00128_c is 0.22476415079635884...
Loop39 pFBA...5863.0...Ave likelihood of: cpd00018_c is 0.27981855219696583...
Loop40 pFBA...5863.0...Ave likelihood of: cpd00091_c is 0.27981921769851353...
Loop41 pFBA...4192.0...Ave likelihood of: cpd00092_c is 0.29076532318258314...
Loop42 pFBA...64097.0...Ave likelihood of: cpd00305_c is 0.14537968769845636...
Loop43 pFBA...12981.0...Ave likelihood of: cpd00220_c is 0.3226084430081577...
Loop44 pFBA...14551.0...Ave likelihood of: cpd00218_c is 0.1871556519818621...
Loop45 pFBA...14907.0...Ave likelihood of: cpd00215_c is 0.21622777530686635...
Loop46 pFBA...28890.0...Ave likelihood of: cpd00104_c is 0.17839544021889397...
Loop47 pFBA...35953.0...Ave likelihood of: cpd00393_c is 0.17311068143932473...
Loop48 pFBA...6124.0...Ave likelihood of: cpd00363_c is 0.545731737458161...
Loop49 pFBA...8586.0...Ave likelihood of: cpd00281_c is 0.20199151256704134...
Loop50 pFBA...4069.0...Ave likelihood of: cpd00025_c is 0.2732439351115522...
Loop51 pFBA...19883.0...Ave likelihood of: cpd00811_c is 0.25280432798778807...
Loop52 pFBA...5839.0...Ave likelihood of: cpd00714_c is 0.3268492580998901...
Loop53 pFBA...5566.0...Ave likelihood of: cpd00117_c is 0.47196690567082594...
Loop54 pFBA...6838.0...Ave likelihood of: cpd00186_c is 0.3602979929469365...
Loop55 pFBA...21753.0...Ave likelihood of: cpd00637_c is 0.22821858675067147...
Loop56 pFBA...6504.0...Ave likelihood of: cpd00550_c is 0.22200094708926707...
Loop57 pFBA...4052.0...Ave likelihood of: cpd00033_c is 0.24853298140424823...
Loop58 pFBA...5443.0...Ave likelihood of: cpd00035_c is 0.47196690567082594...
Loop59 pFBA...18450.0...Ave likelihood of: cpd00051_c is 0.24064766637270807...
Loop60 pFBA...8158.0...Ave likelihood of: cpd00132_c is 0.14982251149936854...
Loop61 pFBA...5259.0...Ave likelihood of: cpd00041_c is 0.2061944869375652...
Loop62 pFBA...13753.0...Ave likelihood of: cpd00084_c is 0.2530856345980832...
Loop63 pFBA...6589.0...Ave likelihood of: cpd00023_c is 0.2821104035482692...
Loop64 pFBA...9323.0...Ave likelihood of: cpd00053_c is 0.2681557046417539...
Loop65 pFBA...16687.0...Ave likelihood of: cpd00119_c is 0.3169767564093077...
Loop66 pFBA...17011.0...Ave likelihood of: cpd00322_c is 0.22811651537833097...
Loop67 pFBA...14205.0...Ave likelihood of: cpd00107_c is 0.2646191226024326...
Loop68 pFBA...17937.0...Ave likelihood of: cpd00039_c is 0.2908910647838593...
Loop69 pFBA...20753.0...Ave likelihood of: cpd00060_c is 0.23118246450068014...
Loop70 pFBA...21578.0...Ave likelihood of: cpd00066_c is 0.2040912999367326...
Loop71 pFBA...10261.0...Ave likelihood of: cpd00129_c is 0.20350610075169334...
Loop72 pFBA...5504.0...Ave likelihood of: cpd00054_c is 0.2280009726862743...
Loop73 pFBA...7661.0...Ave likelihood of: cpd00161_c is 0.3333223925036125...
Loop74 pFBA...27289.0...Ave likelihood of: cpd00065_c is 0.24927459871283716...
Loop75 pFBA...18914.0...Ave likelihood of: cpd00069_c is 0.1808523864004...
Loop76 pFBA...7659.0...Ave likelihood of: cpd00156_c is 0.3349813254462558...
Loop77 pFBA...24420.0...Ave likelihood of: cpd00098_c is 0.24970753192048534...
Loop78 pFBA...14639.0...Ave likelihood of: cpd00274_c is 0.16547685257011707...
Loop79 pFBA...6677.0...Ave likelihood of: cpd00226_c is 0.3230216297956721...
Loop80 pFBA...4815.0...Ave likelihood of: cpd00246_c is 0.25193275485172245...
Loop81 pFBA...20931.0...Ave likelihood of: cpd00374_c is 0.24009590931929786...
Loop82 pFBA...5085.0...Ave likelihood of: cpd00221_c is 0.2999518188877539...
Loop83 pFBA...4345.0...Ave likelihood of: cpd00159_c is 0.3401825818442616...
Loop84 pFBA...10599.0...Ave likelihood of: cpd00211_c is 0.21691043547933161...
Loop85 pFBA...3760.0...Ave likelihood of: cpd00047_c is 0.22082136703704677...
Loop86 pFBA...5009.0...Ave likelihood of: cpd00106_c is 0.16859662023387884...
Loop87 pFBA...7769.0...Ave likelihood of: cpd00141_c is 0.3178713567439442...
Loop88 pFBA...20315.0...Ave likelihood of: cpd00216_c is 0.2324251625102427...
Loop89 pFBA...4801.0...Ave likelihood of: cpd00036_c is 0.229813888409916...
Loop90 pFBA...17171.0...Ave likelihood of: cpd00581_c is 0.3066006305387917...
Loop91 pFBA...4752.0...Ave likelihood of: cpd00128_c is 0.22476415079635884...
Loop92 pFBA...5863.0...Ave likelihood of: cpd00018_c is 0.27981855219696583...
Loop93 pFBA...5863.0...Ave likelihood of: cpd00091_c is 0.27981921769851353...
Loop94 pFBA...4192.0...Ave likelihood of: cpd00092_c is 0.29076532318258314...
Loop95 pFBA...64106.0...Ave likelihood of: cpd00305_c is 0.14107963197119977...
Loop96 pFBA...13039.0...Ave likelihood of: cpd00220_c is 0.21175919410514757...
Loop97 pFBA...14648.0...Ave likelihood of: cpd00218_c is 0.17165773330802636...
Loop98 pFBA...15168.0...Ave likelihood of: cpd00215_c is 0.2604452286413008...
Loop99 pFBA...28897.0...Ave likelihood of: cpd00104_c is 0.16198716782909828...
Loop100 pFBA...35953.0...Ave likelihood of: cpd00393_c is 0.17311068143932473...
Loop101 pFBA...6482.0...Ave likelihood of: cpd00363_c is 0.3815460357107468...
Loop102 pFBA...8586.0...Ave likelihood of: cpd00281_c is 0.20199151256704134...
Loop103 pFBA...4224.0...Ave likelihood of: cpd00025_c is 0.33463257370511135...
Loop104 pFBA...20318.0...Ave likelihood of: cpd00811_c is 0.2683220281246767...
Loop105 pFBA...6825.0...Ave likelihood of: cpd00714_c is 0.3790164007682858...
Loop106 pFBA...5566.0...Ave likelihood of: cpd00117_c is 0.47196690567082594...
Loop107 pFBA...6838.0...Ave likelihood of: cpd00186_c is 0.3602979929469365...
Loop108 pFBA...21658.0...Ave likelihood of: cpd00637_c is 0.24526203498404534...
Loop109 pFBA...6463.0...Ave likelihood of: cpd00550_c is 0.3088185750398903...
Loop110 pFBA...4052.0...Ave likelihood of: cpd00033_c is 0.24853298140424826...
Loop111 pFBA...5443.0...Ave likelihood of: cpd00035_c is 0.47196690567082594...
Loop112 pFBA...18440.0...Ave likelihood of: cpd00051_c is 0.24671529990690672...
Loop113 pFBA...8158.0...Ave likelihood of: cpd00132_c is 0.14982251149936854...
Loop114 pFBA...5259.0...Ave likelihood of: cpd00041_c is 0.2061944869375652...
Loop115 pFBA...13742.0...Ave likelihood of: cpd00084_c is 0.25320999580710224...
Loop116 pFBA...6589.0...Ave likelihood of: cpd00023_c is 0.2821104035482692...
Loop117 pFBA...9323.0...Ave likelihood of: cpd00053_c is 0.2681557046417539...
Loop118 pFBA...16687.0...Ave likelihood of: cpd00119_c is 0.3169767564093077...
Loop119 pFBA...17011.0...Ave likelihood of: cpd00322_c is 0.22811651537833097...
Loop120 pFBA...14205.0...Ave likelihood of: cpd00107_c is 0.2646191226024326...
Loop121 pFBA...17792.0...Ave likelihood of: cpd00039_c is 0.2913718611919179...
Loop122 pFBA...20658.0...Ave likelihood of: cpd00060_c is 0.24526203498404534...
Loop123 pFBA...21074.0...Ave likelihood of: cpd00066_c is 0.19244287981349908...
Loop124 pFBA...10261.0...Ave likelihood of: cpd00129_c is 0.20350610075169334...
Loop125 pFBA...5463.0...Ave likelihood of: cpd00054_c is 0.31525229535322136...
Loop126 pFBA...7528.0...Ave likelihood of: cpd00161_c is 0.3597868350972984...
Loop127 pFBA...27289.0...Ave likelihood of: cpd00065_c is 0.24927459871283716...
Loop128 pFBA...18561.0...Ave likelihood of: cpd00069_c is 0.20007070514887984...
Loop129 pFBA...7659.0...Ave likelihood of: cpd00156_c is 0.3349813254462558...
Loop130 pFBA...24158.0...Ave likelihood of: cpd00098_c is 0.24674802603794926...
Loop131 pFBA...14639.0...Ave likelihood of: cpd00274_c is 0.16547685257011707...
Loop132 pFBA...6677.0...Ave likelihood of: cpd00226_c is 0.3230216297956721...
Loop133 pFBA...4661.0...Ave likelihood of: cpd00246_c is 0.22013761259955938...
Loop134 pFBA...20501.0...Ave likelihood of: cpd00374_c is 0.21045239782593722...
Loop135 pFBA...5006.0...Ave likelihood of: cpd00221_c is 0.1120801936097516...
Loop136 pFBA...4338.0...Ave likelihood of: cpd00159_c is 0.36516720565255956...
Loop137 pFBA...10563.0...Ave likelihood of: cpd00211_c is 0.3063034260980999...
Loop138 pFBA...3760.0...Ave likelihood of: cpd00047_c is 0.22082136703704677...
Loop139 pFBA...5009.0...Ave likelihood of: cpd00106_c is 0.16859662023387884...
Loop140 pFBA...7742.0...Ave likelihood of: cpd00141_c is 0.36347073002468666...
Loop141 pFBA...19634.0...Ave likelihood of: cpd00216_c is 0.22334132716411462...
Loop142 pFBA...4801.0...Ave likelihood of: cpd00036_c is 0.229813888409916...
Loop143 pFBA...17171.0...Ave likelihood of: cpd00581_c is 0.3066006305387917...
Loop144 pFBA...4752.0...Ave likelihood of: cpd00128_c is 0.22476415079635884...
Loop145 pFBA...5863.0...Ave likelihood of: cpd00018_c is 0.27981855219696583...
Loop146 pFBA...5863.0...Ave likelihood of: cpd00091_c is 0.27981921769851353...
Loop147 pFBA...4192.0...Ave likelihood of: cpd00092_c is 0.29076532318258314...
Loop148 pFBA...64093.0...Ave likelihood of: cpd00305_c is 0.14558758895902255...
Loop149 pFBA...12935.0...Ave likelihood of: cpd00220_c is 0.29692953864903643...
Loop150 pFBA...14552.0...Ave likelihood of: cpd00218_c is 0.15766118805230497...
Loop151 pFBA...14885.0...Ave likelihood of: cpd00215_c is 0.23612364928894958...
Loop152 pFBA...28883.0...Ave likelihood of: cpd00104_c is 0.1802420437914233...
Loop153 pFBA...35953.0...Ave likelihood of: cpd00393_c is 0.17311068143932473...
Loop154 pFBA...6193.0...Ave likelihood of: cpd00363_c is 0.4264407726221649...
Loop155 pFBA...8586.0...Ave likelihood of: cpd00281_c is 0.20199151256704134...
Loop156 pFBA...4149.0...Ave likelihood of: cpd00025_c is 0.31579287745363405...
Loop157 pFBA...19991.0...Ave likelihood of: cpd00811_c is 0.29748756589881314...
Loop158 pFBA...6026.0...Ave likelihood of: cpd00714_c is 0.3082853498063892...
32.9010249853mins to complete!
