
The following have been reloaded with a version change:
  1) anaconda2/4.4.0 => anaconda2/5.1.0

Loading in models...Adding Water...Remove no-like rxns...Pruned 1 metabolites from model
Pruned 1 reactions from model
Set-up Universal...80.0seconds to complete

Loop0 pFBA...5271.0...Ave likelihood of: cpd00117_c is 0.4095382893939686...
Loop1 pFBA...7579.0...Ave likelihood of: cpd00186_c is 0.23680783277468875...
Loop2 pFBA...22061.0...Ave likelihood of: cpd00637_c is 0.2339495472165382...
Loop3 pFBA...6302.0...Ave likelihood of: cpd00550_c is 0.4805507262749945...
Loop4 pFBA...4100.0...Ave likelihood of: cpd00033_c is 0.28411646490985826...
Loop5 pFBA...5138.0...Ave likelihood of: cpd00035_c is 0.41639946912388204...
Loop6 pFBA...18218.0...Ave likelihood of: cpd00051_c is 0.2968300879618163...
Loop7 pFBA...7787.0...Ave likelihood of: cpd00132_c is 0.2187840201713093...
Loop8 pFBA...5331.0...Ave likelihood of: cpd00041_c is 0.18610769578048156...
Loop9 pFBA...13685.0...Ave likelihood of: cpd00084_c is 0.29543080600474825...
Loop10 pFBA...7331.0...Ave likelihood of: cpd00023_c is 0.1338786988510266...
Loop11 pFBA...9464.0...Ave likelihood of: cpd00053_c is 0.2581549157842427...
Loop12 pFBA...21347.0...Ave likelihood of: cpd00119_c is 0.18313242383457923...
Loop13 pFBA...17092.0...Ave likelihood of: cpd00322_c is 0.30450761546657584...
Loop14 pFBA...14684.0...Ave likelihood of: cpd00107_c is 0.2595578100878217...
Loop15 pFBA...16966.0...Ave likelihood of: cpd00039_c is 0.33890645973125905...
Loop16 pFBA...21061.0...Ave likelihood of: cpd00060_c is 0.236768216460111...
Loop17 pFBA...20529.0...Ave likelihood of: cpd00066_c is 0.25556744377824936...
Loop18 pFBA...10554.0...Ave likelihood of: cpd00129_c is 0.14462951991780768...
Loop19 pFBA...5302.0...Ave likelihood of: cpd00054_c is 0.5205966201312441...
Loop20 pFBA...7547.0...Ave likelihood of: cpd00161_c is 0.39127392703349495...
Loop21 pFBA...29302.0...Ave likelihood of: cpd00065_c is 0.20051367243663556...
Loop22 pFBA...18425.0...Ave likelihood of: cpd00069_c is 0.285695710987008...
Loop23 pFBA...8372.0...Ave likelihood of: cpd00156_c is 0.21409064491382995...
Loop24 pFBA...23619.0...Ave likelihood of: cpd00098_c is 0.2631408887557112...
Loop25 pFBA...14423.0...Ave likelihood of: cpd00274_c is 0.26980655729341413...
Loop26 pFBA...6095.0...Ave likelihood of: cpd00226_c is 0.43089005703778166...
Loop27 pFBA...4588.0...Ave likelihood of: cpd00246_c is 0.3863580407513873...
Loop28 pFBA...20290.0...Ave likelihood of: cpd00374_c is 0.28028245939297164...
Loop29 pFBA...4291.0...Ave likelihood of: cpd00221_c is 0.42894271939907136...
Loop30 pFBA...3983.0...Ave likelihood of: cpd00159_c is 0.3892778037669312...
Loop31 pFBA...10210.0...Ave likelihood of: cpd00211_c is 0.2749447509167355...
Loop32 pFBA...3997.0...Ave likelihood of: cpd00047_c is 0.418374430377746...
Loop33 pFBA...5055.0...Ave likelihood of: cpd00106_c is 0.1918367617954814...
Loop34 pFBA...7701.0...Ave likelihood of: cpd00141_c is 0.23199346233815718...
Loop35 pFBA...19543.0...Ave likelihood of: cpd00216_c is 0.2754838228331078...
Loop36 pFBA...4968.0...Ave likelihood of: cpd00036_c is 0.15061741291696218...
Loop37 pFBA...21990.0...Ave likelihood of: cpd00581_c is 0.1897881565766016...
Loop38 pFBA...4229.0...Ave likelihood of: cpd00128_c is 0.40236594473063253...
Loop39 pFBA...5674.0...Ave likelihood of: cpd00018_c is 0.2871319304251488...
Loop40 pFBA...4708.0...Ave likelihood of: cpd00091_c is 0.36185966340133124...
Loop41 pFBA...3259.0...Ave likelihood of: cpd00092_c is 0.4531185293962729...
Loop42 pFBA...61417.0...Ave likelihood of: cpd00305_c is 0.2222729591303249...
Loop43 pFBA...12222.0...Ave likelihood of: cpd00220_c is 0.33420385917413253...
Loop44 pFBA...14393.0...Ave likelihood of: cpd00218_c is 0.20224892859830404...
Loop45 pFBA...14126.0...Ave likelihood of: cpd00215_c is 0.37517445178886283...
Loop46 pFBA...28138.0...Ave likelihood of: cpd00104_c is 0.2386809973985814...
Loop47 pFBA...34856.0...Ave likelihood of: cpd00393_c is 0.23094435382690132...
Loop48 pFBA...6145.0...Ave likelihood of: cpd00363_c is 0.4670686950228138...
Loop49 pFBA...9172.0...Ave likelihood of: cpd00281_c is 0.11829671875674365...
Loop50 pFBA...4107.0...Ave likelihood of: cpd00025_c is 0.3940939978668653...
Loop51 pFBA...20079.0...Ave likelihood of: cpd00811_c is 0.30470755954254525...
Loop52 pFBA...5222.0...Ave likelihood of: cpd00714_c is 0.4794725055563912...
Loop53 pFBA...5271.0...Ave likelihood of: cpd00117_c is 0.4095382893939686...
Loop54 pFBA...7579.0...Ave likelihood of: cpd00186_c is 0.23680783277468875...
Loop55 pFBA...22061.0...Ave likelihood of: cpd00637_c is 0.2339495472165382...
Loop56 pFBA...6302.0...Ave likelihood of: cpd00550_c is 0.4805507262749945...
Loop57 pFBA...4100.0...Ave likelihood of: cpd00033_c is 0.28411646490985826...
Loop58 pFBA...5138.0...Ave likelihood of: cpd00035_c is 0.41639946912388204...
Loop59 pFBA...18327.0...Ave likelihood of: cpd00051_c is 0.32444173446671387...
Loop60 pFBA...7787.0...Ave likelihood of: cpd00132_c is 0.2187840201713093...
Loop61 pFBA...5331.0...Ave likelihood of: cpd00041_c is 0.17946099235975008...
Loop62 pFBA...13728.0...Ave likelihood of: cpd00084_c is 0.2616429499456725...
Loop63 pFBA...7331.0...Ave likelihood of: cpd00023_c is 0.1338786988510266...
Loop64 pFBA...9464.0...Ave likelihood of: cpd00053_c is 0.2581549157842427...
Loop65 pFBA...21347.0...Ave likelihood of: cpd00119_c is 0.18313242383457923...
Loop66 pFBA...17110.0...Ave likelihood of: cpd00322_c is 0.2660690022038484...
Loop67 pFBA...14684.0...Ave likelihood of: cpd00107_c is 0.2595578100878217...
Loop68 pFBA...17035.0...Ave likelihood of: cpd00039_c is 0.304103917680328...
Loop69 pFBA...21061.0...Ave likelihood of: cpd00060_c is 0.236768216460111...
Loop70 pFBA...21444.0...Ave likelihood of: cpd00066_c is 0.27223195651927906...
Loop71 pFBA...10554.0...Ave likelihood of: cpd00129_c is 0.14462951991780768...
Loop72 pFBA...5302.0...Ave likelihood of: cpd00054_c is 0.5205966201312441...
Loop73 pFBA...7610.0...Ave likelihood of: cpd00161_c is 0.3455637934245946...
Loop74 pFBA...29302.0...Ave likelihood of: cpd00065_c is 0.20025611836799315...
Loop75 pFBA...18996.0...Ave likelihood of: cpd00069_c is 0.29903913677661687...
Loop76 pFBA...8372.0...Ave likelihood of: cpd00156_c is 0.21409064491382995...
Loop77 pFBA...23913.0...Ave likelihood of: cpd00098_c is 0.24708054482857325...
Loop78 pFBA...14451.0...Ave likelihood of: cpd00274_c is 0.21420753721343688...
Loop79 pFBA...6095.0...Ave likelihood of: cpd00226_c is 0.43089005703778155...
Loop80 pFBA...4800.0...Ave likelihood of: cpd00246_c is 0.3639566101527033...
Loop81 pFBA...21013.0...Ave likelihood of: cpd00374_c is 0.31209465997879554...
Loop82 pFBA...4334.0...Ave likelihood of: cpd00221_c is 0.3633069552407416...
Loop83 pFBA...4010.0...Ave likelihood of: cpd00159_c is 0.4022219462047997...
Loop84 pFBA...10211.0...Ave likelihood of: cpd00211_c is 0.22568962773634488...
Loop85 pFBA...4071.0...Ave likelihood of: cpd00047_c is 0.35662091706361043...
Loop86 pFBA...5055.0...Ave likelihood of: cpd00106_c is 0.1918367617954814...
Loop87 pFBA...7703.0...Ave likelihood of: cpd00141_c is 0.2626859577766111...
Loop88 pFBA...20504.0...Ave likelihood of: cpd00216_c is 0.3056287593490978...
Loop89 pFBA...4968.0...Ave likelihood of: cpd00036_c is 0.15061741291696218...
Loop90 pFBA...21990.0...Ave likelihood of: cpd00581_c is 0.1897881565766016...
Loop91 pFBA...4229.0...Ave likelihood of: cpd00128_c is 0.40236594473063253...
Loop92 pFBA...5674.0...Ave likelihood of: cpd00018_c is 0.28713193042514884...
Loop93 pFBA...4708.0...Ave likelihood of: cpd00091_c is 0.36185966340133124...
Loop94 pFBA...3259.0...Ave likelihood of: cpd00092_c is 0.4531185293962729...
Loop95 pFBA...61467.0...Ave likelihood of: cpd00305_c is 0.18435156291316257...
Loop96 pFBA...12222.0...Ave likelihood of: cpd00220_c is 0.3262466244318913...
Loop97 pFBA...14672.0...Ave likelihood of: cpd00218_c is 0.18499768663170726...
Loop98 pFBA...14474.0...Ave likelihood of: cpd00215_c is 0.3899125419542249...
Loop99 pFBA...28138.0...Ave likelihood of: cpd00104_c is 0.24410556552127644...
Loop100 pFBA...34856.0...Ave likelihood of: cpd00393_c is 0.23094435382690132...
Loop101 pFBA...6389.0...Ave likelihood of: cpd00363_c is 0.4735235204893981...
Loop102 pFBA...9172.0...Ave likelihood of: cpd00281_c is 0.11829671875674365...
Loop103 pFBA...4189.0...Ave likelihood of: cpd00025_c is 0.4013535465820788...
Loop104 pFBA...20852.0...Ave likelihood of: cpd00811_c is 0.30909520115901995...
Loop105 pFBA...5939.0...Ave likelihood of: cpd00714_c is 0.5212297545418576...
Loop106 pFBA...5271.0...Ave likelihood of: cpd00117_c is 0.4095382893939686...
Loop107 pFBA...7579.0...Ave likelihood of: cpd00186_c is 0.23680783277468875...
Loop108 pFBA...22061.0...Ave likelihood of: cpd00637_c is 0.2339495472165382...
Loop109 pFBA...6302.0...Ave likelihood of: cpd00550_c is 0.4805507262749945...
Loop110 pFBA...4100.0...Ave likelihood of: cpd00033_c is 0.28411646490985826...
Loop111 pFBA...5138.0...Ave likelihood of: cpd00035_c is 0.41639946912388204...
Loop112 pFBA...18221.0...Ave likelihood of: cpd00051_c is 0.27537421112076543...
Loop113 pFBA...7787.0...Ave likelihood of: cpd00132_c is 0.2187840201713093...
Loop114 pFBA...5331.0...Ave likelihood of: cpd00041_c is 0.17946099235975008...
Loop115 pFBA...13705.0...Ave likelihood of: cpd00084_c is 0.2821909736805723...
Loop116 pFBA...7331.0...Ave likelihood of: cpd00023_c is 0.1338786988510266...
Loop117 pFBA...9464.0...Ave likelihood of: cpd00053_c is 0.25813769273023596...
Loop118 pFBA...21347.0...Ave likelihood of: cpd00119_c is 0.18313242383457923...
Loop119 pFBA...17078.0...Ave likelihood of: cpd00322_c is 0.2934554687650842...
Loop120 pFBA...14684.0...Ave likelihood of: cpd00107_c is 0.2595578100878217...
Loop121 pFBA...16957.0...Ave likelihood of: cpd00039_c is 0.3258000483398198...
Loop122 pFBA...21061.0...Ave likelihood of: cpd00060_c is 0.236768216460111...
Loop123 pFBA...20766.0...Ave likelihood of: cpd00066_c is 0.24181000620408025...
Loop124 pFBA...10554.0...Ave likelihood of: cpd00129_c is 0.14462951991780768...
Loop125 pFBA...5302.0...Ave likelihood of: cpd00054_c is 0.5205966201312441...
Loop126 pFBA...7572.0...Ave likelihood of: cpd00161_c is 0.38921248987999796...
Loop127 pFBA...29302.0...Ave likelihood of: cpd00065_c is 0.2002561183679931...
Loop128 pFBA...18580.0...Ave likelihood of: cpd00069_c is 0.2508974193680547...
Loop129 pFBA...8372.0...Ave likelihood of: cpd00156_c is 0.21409064491382995...
Loop130 pFBA...23727.0...Ave likelihood of: cpd00098_c is 0.25423206919433133...
Loop131 pFBA...14450.0...Ave likelihood of: cpd00274_c is 0.2969386031362626...
Loop132 pFBA...6095.0...Ave likelihood of: cpd00226_c is 0.43089005703778155...
Loop133 pFBA...4664.0...Ave likelihood of: cpd00246_c is 0.36653169161802296...
Loop134 pFBA...20511.0...Ave likelihood of: cpd00374_c is 0.2761265357665198...
Loop135 pFBA...4331.0...Ave likelihood of: cpd00221_c is 0.28916865157590543...
Loop136 pFBA...4002.0...Ave likelihood of: cpd00159_c is 0.35070927148202446...
Loop137 pFBA...10211.0...Ave likelihood of: cpd00211_c is 0.22568962773634488...
Loop138 pFBA...4040.0...Ave likelihood of: cpd00047_c is 0.4004283171528413...
Loop139 pFBA...5055.0...Ave likelihood of: cpd00106_c is 0.1918367617954814...
Loop140 pFBA...7703.0...Ave likelihood of: cpd00141_c is 0.2626859577766111...
Loop141 pFBA...19922.0...Ave likelihood of: cpd00216_c is 0.2632615172454139...
Loop142 pFBA...4968.0...Ave likelihood of: cpd00036_c is 0.15061741291696218...
Loop143 pFBA...21990.0...Ave likelihood of: cpd00581_c is 0.1897881565766016...
Loop144 pFBA...4229.0...Ave likelihood of: cpd00128_c is 0.40236594473063253...
Loop145 pFBA...5674.0...Ave likelihood of: cpd00018_c is 0.28713193042514884...
Loop146 pFBA...4708.0...Ave likelihood of: cpd00091_c is 0.36185966340133124...
Loop147 pFBA...3259.0...Ave likelihood of: cpd00092_c is 0.4531185293962729...
Loop148 pFBA...61448.0...Ave likelihood of: cpd00305_c is 0.21467431498036643...
Loop149 pFBA...12222.0...Ave likelihood of: cpd00220_c is 0.33420385917413253...
Loop150 pFBA...14593.0...Ave likelihood of: cpd00218_c is 0.2189610301985678...
Loop151 pFBA...14177.0...Ave likelihood of: cpd00215_c is 0.31806464326018424...
Loop152 pFBA...28138.0...Ave likelihood of: cpd00104_c is 0.2386809973985814...
Loop153 pFBA...34856.0...Ave likelihood of: cpd00393_c is 0.23094435382690132...
Loop154 pFBA...6114.0...Ave likelihood of: cpd00363_c is 0.4232422609455547...
Loop155 pFBA...9172.0...Ave likelihood of: cpd00281_c is 0.11829671875674365...
Loop156 pFBA...4135.0...Ave likelihood of: cpd00025_c is 0.3869195959802203...
Loop157 pFBA...20191.0...Ave likelihood of: cpd00811_c is 0.20783933208701566...
Loop158 pFBA...5624.0...Ave likelihood of: cpd00714_c is 0.4919117406068661...
40.5275127331mins to complete!
