
The following have been reloaded with a version change:
  1) anaconda2/4.4.0 => anaconda2/5.1.0

Loading in models...Adding Water...Remove no-like rxns...Pruned 1 metabolites from model
Pruned 1 reactions from model
Set-up Universal...62.0seconds to complete

Loop0 pFBA...5326.0...Ave likelihood of: cpd00117_c is 0.30724891412295563...
Loop1 pFBA...7123.0...Ave likelihood of: cpd00186_c is 0.3128872831447415...
Loop2 pFBA...21641.0...Ave likelihood of: cpd00637_c is 0.24965571129024308...
Loop3 pFBA...6394.0...Ave likelihood of: cpd00550_c is 0.42551557448205224...
Loop4 pFBA...4105.0...Ave likelihood of: cpd00033_c is 0.2233663470808752...
Loop5 pFBA...5220.0...Ave likelihood of: cpd00035_c is 0.30724891412295563...
Loop6 pFBA...17878.0...Ave likelihood of: cpd00051_c is 0.27187545519155115...
Loop7 pFBA...8174.0...Ave likelihood of: cpd00132_c is 0.18879433771086837...
Loop8 pFBA...5316.0...Ave likelihood of: cpd00041_c is 0.1812369376726118...
Loop9 pFBA...13506.0...Ave likelihood of: cpd00084_c is 0.2960517267007184...
Loop10 pFBA...6630.0...Ave likelihood of: cpd00023_c is 0.27396135208738526...
Loop11 pFBA...9280.0...Ave likelihood of: cpd00053_c is 0.1840942563292447...
Loop12 pFBA...15605.0...Ave likelihood of: cpd00119_c is 0.3208330786328573...
Loop13 pFBA...16893.0...Ave likelihood of: cpd00322_c is 0.2438184704468311...
Loop14 pFBA...13960.0...Ave likelihood of: cpd00107_c is 0.28500122773717984...
Loop15 pFBA...16916.0...Ave likelihood of: cpd00039_c is 0.2954811479919352...
Loop16 pFBA...20641.0...Ave likelihood of: cpd00060_c is 0.25317198891404935...
Loop17 pFBA...20923.0...Ave likelihood of: cpd00066_c is 0.27296742086980164...
Loop18 pFBA...10259.0...Ave likelihood of: cpd00129_c is 0.31178694734046186...
Loop19 pFBA...5394.0...Ave likelihood of: cpd00054_c is 0.4641988085258752...
Loop20 pFBA...7668.0...Ave likelihood of: cpd00161_c is 0.3860944437291106...
Loop21 pFBA...26590.0...Ave likelihood of: cpd00065_c is 0.24168676162936417...
Loop22 pFBA...18418.0...Ave likelihood of: cpd00069_c is 0.2621809422927478...
Loop23 pFBA...7895.0...Ave likelihood of: cpd00156_c is 0.29595694837257197...
Loop24 pFBA...24025.0...Ave likelihood of: cpd00098_c is 0.2189350642500831...
Loop25 pFBA...14390.0...Ave likelihood of: cpd00274_c is 0.2887911939844802...
Loop26 pFBA...6131.0...Ave likelihood of: cpd00226_c is 0.3351022132148539...
Loop27 pFBA...4604.0...Ave likelihood of: cpd00246_c is 0.40035072700694163...
Loop28 pFBA...20257.0...Ave likelihood of: cpd00374_c is 0.2668249402139495...
Loop29 pFBA...4186.0...Ave likelihood of: cpd00221_c is 0.45089627882458855...
Loop30 pFBA...4025.0...Ave likelihood of: cpd00159_c is 0.3918017587827545...
Loop31 pFBA...10143.0...Ave likelihood of: cpd00211_c is 0.33027828436325696...
Loop32 pFBA...3608.0...Ave likelihood of: cpd00047_c is 0.37664257907124116...
Loop33 pFBA...4996.0...Ave likelihood of: cpd00106_c is 0.17504470352488477...
Loop34 pFBA...7624.0...Ave likelihood of: cpd00141_c is 0.2979276868071672...
Loop35 pFBA...20044.0...Ave likelihood of: cpd00216_c is 0.266044229756072...
Loop36 pFBA...4763.0...Ave likelihood of: cpd00036_c is 0.2246087438975724...
Loop37 pFBA...16208.0...Ave likelihood of: cpd00581_c is 0.33233022060540385...
Loop38 pFBA...4256.0...Ave likelihood of: cpd00128_c is 0.36301547968496933...
Loop39 pFBA...5761.0...Ave likelihood of: cpd00018_c is 0.32772354470177334...
Loop40 pFBA...5091.0...Ave likelihood of: cpd00091_c is 0.3679691347025246...
Loop41 pFBA...4160.0...Ave likelihood of: cpd00092_c is 0.38976263086717566...
Loop42 pFBA...61481.0...Ave likelihood of: cpd00305_c is 0.2230151021207458...
Loop43 pFBA...13417.0...Ave likelihood of: cpd00220_c is 0.28877988931421...
Loop44 pFBA...14383.0...Ave likelihood of: cpd00218_c is 0.20101007360716375...
Loop45 pFBA...13475.0...Ave likelihood of: cpd00215_c is 0.3253296673590529...
Loop46 pFBA...27988.0...Ave likelihood of: cpd00104_c is 0.19762032473475313...
Loop47 pFBA...36209.0...Ave likelihood of: cpd00393_c is 0.21516058539763927...
Loop48 pFBA...6177.0...Ave likelihood of: cpd00363_c is 0.4454517747314361...
Loop49 pFBA...8630.0...Ave likelihood of: cpd00281_c is 0.19568668006241804...
Loop50 pFBA...4078.0...Ave likelihood of: cpd00025_c is 0.40592909444338976...
Loop51 pFBA...20300.0...Ave likelihood of: cpd00811_c is 0.20141783523773657...
Loop52 pFBA...5326.0...Ave likelihood of: cpd00117_c is 0.30724891412295563...
Loop53 pFBA...7123.0...Ave likelihood of: cpd00186_c is 0.3128872831447415...
Loop54 pFBA...21641.0...Ave likelihood of: cpd00637_c is 0.24965571129024308...
Loop55 pFBA...6394.0...Ave likelihood of: cpd00550_c is 0.42551557448205224...
Loop56 pFBA...4105.0...Ave likelihood of: cpd00033_c is 0.2233663470808752...
Loop57 pFBA...5220.0...Ave likelihood of: cpd00035_c is 0.30724891412295563...
Loop58 pFBA...18162.0...Ave likelihood of: cpd00051_c is 0.2235444141439585...
Loop59 pFBA...8174.0...Ave likelihood of: cpd00132_c is 0.18879433771086837...
Loop60 pFBA...5316.0...Ave likelihood of: cpd00041_c is 0.1812369376726118...
Loop61 pFBA...13557.0...Ave likelihood of: cpd00084_c is 0.26974320780295935...
Loop62 pFBA...6630.0...Ave likelihood of: cpd00023_c is 0.27396135208738526...
Loop63 pFBA...9280.0...Ave likelihood of: cpd00053_c is 0.1840942563292447...
Loop64 pFBA...15605.0...Ave likelihood of: cpd00119_c is 0.3208330786328573...
Loop65 pFBA...16893.0...Ave likelihood of: cpd00322_c is 0.2438184704468311...
Loop66 pFBA...13960.0...Ave likelihood of: cpd00107_c is 0.28500122773717984...
Loop67 pFBA...17323.0...Ave likelihood of: cpd00039_c is 0.2671861869781648...
Loop68 pFBA...20641.0...Ave likelihood of: cpd00060_c is 0.25317198891404935...
Loop69 pFBA...21171.0...Ave likelihood of: cpd00066_c is 0.2808361897119205...
Loop70 pFBA...10259.0...Ave likelihood of: cpd00129_c is 0.31178694734046186...
Loop71 pFBA...5394.0...Ave likelihood of: cpd00054_c is 0.4641988085258752...
Loop72 pFBA...7710.0...Ave likelihood of: cpd00161_c is 0.2920785476394545...
Loop73 pFBA...26590.0...Ave likelihood of: cpd00065_c is 0.24168676162936412...
Loop74 pFBA...18630.0...Ave likelihood of: cpd00069_c is 0.2503738323203298...
Loop75 pFBA...7895.0...Ave likelihood of: cpd00156_c is 0.29595694837257197...
Loop76 pFBA...24212.0...Ave likelihood of: cpd00098_c is 0.18782892207258736...
Loop77 pFBA...14621.0...Ave likelihood of: cpd00274_c is 0.21681813091438515...
Loop78 pFBA...6131.0...Ave likelihood of: cpd00226_c is 0.3351022132148539...
Loop79 pFBA...4829.0...Ave likelihood of: cpd00246_c is 0.2085673742005079...
Loop80 pFBA...20813.0...Ave likelihood of: cpd00374_c is 0.24688896149371997...
Loop81 pFBA...4309.0...Ave likelihood of: cpd00221_c is 0.25594808848839834...
Loop82 pFBA...4108.0...Ave likelihood of: cpd00159_c is 0.36266395099844817...
Loop83 pFBA...10144.0...Ave likelihood of: cpd00211_c is 0.25043634724044306...
Loop84 pFBA...3634.0...Ave likelihood of: cpd00047_c is 0.4241982793893448...
Loop85 pFBA...4996.0...Ave likelihood of: cpd00106_c is 0.17504470352488477...
Loop86 pFBA...7659.0...Ave likelihood of: cpd00141_c is 0.3137738031364892...
Loop87 pFBA...20246.0...Ave likelihood of: cpd00216_c is 0.2552899953259284...
Loop88 pFBA...4763.0...Ave likelihood of: cpd00036_c is 0.2246087438975724...
Loop89 pFBA...16208.0...Ave likelihood of: cpd00581_c is 0.33233022060540385...
Loop90 pFBA...4256.0...Ave likelihood of: cpd00128_c is 0.36301547968496933...
Loop91 pFBA...5761.0...Ave likelihood of: cpd00018_c is 0.32772354470177334...
Loop92 pFBA...5091.0...Ave likelihood of: cpd00091_c is 0.3679691347025246...
Loop93 pFBA...4160.0...Ave likelihood of: cpd00092_c is 0.38976263086717566...
Loop94 pFBA...61481.0...Ave likelihood of: cpd00305_c is 0.22096909200954623...
Loop95 pFBA...13417.0...Ave likelihood of: cpd00220_c is 0.28877988931421...
Loop96 pFBA...14479.0...Ave likelihood of: cpd00218_c is 0.1739908477118738...
Loop97 pFBA...14015.0...Ave likelihood of: cpd00215_c is 0.29284904321095245...
Loop98 pFBA...27988.0...Ave likelihood of: cpd00104_c is 0.2020612309085678...
Loop99 pFBA...36209.0...Ave likelihood of: cpd00393_c is 0.21516058539763921...
Loop100 pFBA...6472.0...Ave likelihood of: cpd00363_c is 0.4530768579935239...
Loop101 pFBA...8630.0...Ave likelihood of: cpd00281_c is 0.19568668006241804...
Loop102 pFBA...4181.0...Ave likelihood of: cpd00025_c is 0.3180807487424537...
Loop103 pFBA...20700.0...Ave likelihood of: cpd00811_c is 0.20706879033911896...
Loop104 pFBA...5326.0...Ave likelihood of: cpd00117_c is 0.30724891412295563...
Loop105 pFBA...7123.0...Ave likelihood of: cpd00186_c is 0.3128872831447415...
Loop106 pFBA...21641.0...Ave likelihood of: cpd00637_c is 0.24965571129024308...
Loop107 pFBA...6394.0...Ave likelihood of: cpd00550_c is 0.42551557448205224...
Loop108 pFBA...4105.0...Ave likelihood of: cpd00033_c is 0.2233663470808752...
Loop109 pFBA...5220.0...Ave likelihood of: cpd00035_c is 0.30724891412295563...
Loop110 pFBA...17856.0...Ave likelihood of: cpd00051_c is 0.2616191532023085...
Loop111 pFBA...8174.0...Ave likelihood of: cpd00132_c is 0.18879433771086837...
Loop112 pFBA...5316.0...Ave likelihood of: cpd00041_c is 0.1812369376726118...
Loop113 pFBA...13521.0...Ave likelihood of: cpd00084_c is 0.2842368328396744...
Loop114 pFBA...6630.0...Ave likelihood of: cpd00023_c is 0.27396135208738526...
Loop115 pFBA...9280.0...Ave likelihood of: cpd00053_c is 0.1840942563292447...
Loop116 pFBA...15605.0...Ave likelihood of: cpd00119_c is 0.3208330786328573...
Loop117 pFBA...16893.0...Ave likelihood of: cpd00322_c is 0.2438184704468311...
Loop118 pFBA...13960.0...Ave likelihood of: cpd00107_c is 0.28500122773717984...
Loop119 pFBA...17091.0...Ave likelihood of: cpd00039_c is 0.2867280042818985...
Loop120 pFBA...20641.0...Ave likelihood of: cpd00060_c is 0.25317198891404935...
Loop121 pFBA...20757.0...Ave likelihood of: cpd00066_c is 0.2773865590471141...
Loop122 pFBA...10259.0...Ave likelihood of: cpd00129_c is 0.31178694734046186...
Loop123 pFBA...5394.0...Ave likelihood of: cpd00054_c is 0.4641988085258752...
Loop124 pFBA...7628.0...Ave likelihood of: cpd00161_c is 0.355635602090678...
Loop125 pFBA...26590.0...Ave likelihood of: cpd00065_c is 0.24168676162936412...
Loop126 pFBA...18278.0...Ave likelihood of: cpd00069_c is 0.23704995965775486...
Loop127 pFBA...7895.0...Ave likelihood of: cpd00156_c is 0.29595694837257197...
Loop128 pFBA...23931.0...Ave likelihood of: cpd00098_c is 0.23715738269516562...
Loop129 pFBA...14605.0...Ave likelihood of: cpd00274_c is 0.2855363779457995...
Loop130 pFBA...6131.0...Ave likelihood of: cpd00226_c is 0.3351022132148539...
Loop131 pFBA...4539.0...Ave likelihood of: cpd00246_c is 0.3648871803010138...
Loop132 pFBA...20087.0...Ave likelihood of: cpd00374_c is 0.2618790434848171...
Loop133 pFBA...4269.0...Ave likelihood of: cpd00221_c is 0.4013950027867139...
Loop134 pFBA...4085.0...Ave likelihood of: cpd00159_c is 0.36770070288813456...
Loop135 pFBA...10117.0...Ave likelihood of: cpd00211_c is 0.3644983740611692...
Loop136 pFBA...3634.0...Ave likelihood of: cpd00047_c is 0.4241982793893448...
Loop137 pFBA...4996.0...Ave likelihood of: cpd00106_c is 0.17504470352488477...
Loop138 pFBA...7610.0...Ave likelihood of: cpd00141_c is 0.35969877217263974...
Loop139 pFBA...19763.0...Ave likelihood of: cpd00216_c is 0.2659568541249575...
Loop140 pFBA...4763.0...Ave likelihood of: cpd00036_c is 0.2246087438975724...
Loop141 pFBA...16208.0...Ave likelihood of: cpd00581_c is 0.33233022060540385...
Loop142 pFBA...4256.0...Ave likelihood of: cpd00128_c is 0.36301547968496933...
Loop143 pFBA...5761.0...Ave likelihood of: cpd00018_c is 0.31679942654504756...
Loop144 pFBA...5091.0...Ave likelihood of: cpd00091_c is 0.3679691347025246...
Loop145 pFBA...4160.0...Ave likelihood of: cpd00092_c is 0.38976263086717566...
Loop146 pFBA...61455.0...Ave likelihood of: cpd00305_c is 0.21471751835494016...
Loop147 pFBA...13416.0...Ave likelihood of: cpd00220_c is 0.3087840572273249...
Loop148 pFBA...14300.0...Ave likelihood of: cpd00218_c is 0.20229045565213646...
Loop149 pFBA...13258.0...Ave likelihood of: cpd00215_c is 0.4123279451049946...
Loop150 pFBA...27986.0...Ave likelihood of: cpd00104_c is 0.21727729997628878...
Loop151 pFBA...36209.0...Ave likelihood of: cpd00393_c is 0.21516058539763921...
Loop152 pFBA...6037.0...Ave likelihood of: cpd00363_c is 0.4724227051385964...
Loop153 pFBA...8630.0...Ave likelihood of: cpd00281_c is 0.19568668006241804...
Loop154 pFBA...4046.0...Ave likelihood of: cpd00025_c is 0.4035134738451175...
Loop155 pFBA...20083.0...Ave likelihood of: cpd00811_c is 0.2174814013414299...
32.3681480845mins to complete!
