
The following have been reloaded with a version change:
  1) anaconda2/4.4.0 => anaconda2/5.1.0

Loading in models...Adding Water...Remove no-like rxns...Pruned 1 metabolites from model
Pruned 1 reactions from model
Set-up Universal...81.0seconds to complete

Loop0 pFBA...5274.0...Ave likelihood of: cpd00117_c is 0.409291321777074...
Loop1 pFBA...7576.0...Ave likelihood of: cpd00186_c is 0.23731572749328303...
Loop2 pFBA...22302.0...Ave likelihood of: cpd00637_c is 0.19545446157742888...
Loop3 pFBA...6369.0...Ave likelihood of: cpd00550_c is 0.3977812516684456...
Loop4 pFBA...4149.0...Ave likelihood of: cpd00033_c is 0.25515330381186296...
Loop5 pFBA...5142.0...Ave likelihood of: cpd00035_c is 0.4161016673127472...
Loop6 pFBA...18277.0...Ave likelihood of: cpd00051_c is 0.27043504514956346...
Loop7 pFBA...7813.0...Ave likelihood of: cpd00132_c is 0.20846865761208494...
Loop8 pFBA...5426.0...Ave likelihood of: cpd00041_c is 0.11836408259079759...
Loop9 pFBA...13716.0...Ave likelihood of: cpd00084_c is 0.2832137410188516...
Loop10 pFBA...7335.0...Ave likelihood of: cpd00023_c is 0.13303524865443717...
Loop11 pFBA...9523.0...Ave likelihood of: cpd00053_c is 0.20169983642644107...
Loop12 pFBA...21532.0...Ave likelihood of: cpd00119_c is 0.1591078019170352...
Loop13 pFBA...17228.0...Ave likelihood of: cpd00322_c is 0.15842570877100584...
Loop14 pFBA...14690.0...Ave likelihood of: cpd00107_c is 0.24349669551491543...
Loop15 pFBA...16997.0...Ave likelihood of: cpd00039_c is 0.32054263458308124...
Loop16 pFBA...21302.0...Ave likelihood of: cpd00060_c is 0.19783805257227557...
Loop17 pFBA...20525.0...Ave likelihood of: cpd00066_c is 0.2531348073522634...
Loop18 pFBA...10559.0...Ave likelihood of: cpd00129_c is 0.16013034605252596...
Loop19 pFBA...5369.0...Ave likelihood of: cpd00054_c is 0.4243000017796753...
Loop20 pFBA...7926.0...Ave likelihood of: cpd00161_c is 0.33632534455798807...
Loop21 pFBA...29363.0...Ave likelihood of: cpd00065_c is 0.15692683292546175...
Loop22 pFBA...18421.0...Ave likelihood of: cpd00069_c is 0.2544032611875325...
Loop23 pFBA...8501.0...Ave likelihood of: cpd00156_c is 0.24364509632853876...
Loop24 pFBA...23704.0...Ave likelihood of: cpd00098_c is 0.25110153190941736...
Loop25 pFBA...14434.0...Ave likelihood of: cpd00274_c is 0.2459168362769172...
Loop26 pFBA...6103.0...Ave likelihood of: cpd00226_c is 0.4036142077184439...
Loop27 pFBA...4613.0...Ave likelihood of: cpd00246_c is 0.38766591507022985...
Loop28 pFBA...20296.0...Ave likelihood of: cpd00374_c is 0.26315376560223525...
Loop29 pFBA...4302.0...Ave likelihood of: cpd00221_c is 0.3623221735820502...
Loop30 pFBA...3989.0...Ave likelihood of: cpd00159_c is 0.36390587012942865...
Loop31 pFBA...10254.0...Ave likelihood of: cpd00211_c is 0.23233507854040478...
Loop32 pFBA...4056.0...Ave likelihood of: cpd00047_c is 0.3566572295281419...
Loop33 pFBA...5200.0...Ave likelihood of: cpd00106_c is 0.1811061978703138...
Loop34 pFBA...7702.0...Ave likelihood of: cpd00141_c is 0.23185489491345943...
Loop35 pFBA...19261.0...Ave likelihood of: cpd00216_c is 0.2751840997449222...
Loop36 pFBA...4994.0...Ave likelihood of: cpd00036_c is 0.0868344349860886...
Loop37 pFBA...22183.0...Ave likelihood of: cpd00581_c is 0.1522031347896169...
Loop38 pFBA...4424.0...Ave likelihood of: cpd00128_c is 0.38257329893856473...
Loop39 pFBA...5913.0...Ave likelihood of: cpd00018_c is 0.2368881562954935...
Loop40 pFBA...4951.0...Ave likelihood of: cpd00091_c is 0.31982809446368304...
Loop41 pFBA...3320.0...Ave likelihood of: cpd00092_c is 0.41878143034613435...
Loop42 pFBA...61515.0...Ave likelihood of: cpd00305_c is 0.19733362273935767...
Loop43 pFBA...13645.0...Ave likelihood of: cpd00220_c is 0.275416625518024...
Loop44 pFBA...14524.0...Ave likelihood of: cpd00218_c is 0.21282607389164246...
Loop45 pFBA...14330.0...Ave likelihood of: cpd00215_c is 0.34228134603835514...
Loop46 pFBA...28280.0...Ave likelihood of: cpd00104_c is 0.17086751804926917...
Loop47 pFBA...34889.0...Ave likelihood of: cpd00393_c is 0.20964881970023908...
Loop48 pFBA...6213.0...Ave likelihood of: cpd00363_c is 0.4318706523169142...
Loop49 pFBA...9335.0...Ave likelihood of: cpd00281_c is 0.09502517761031226...
Loop50 pFBA...4125.0...Ave likelihood of: cpd00025_c is 0.32518064360860477...
Loop51 pFBA...20152.0...Ave likelihood of: cpd00811_c is 0.27814456921823416...
Loop52 pFBA...5269.0...Ave likelihood of: cpd00714_c is 0.42548605175458226...
Loop53 pFBA...5274.0...Ave likelihood of: cpd00117_c is 0.409291321777074...
Loop54 pFBA...7576.0...Ave likelihood of: cpd00186_c is 0.23731572749328303...
Loop55 pFBA...22344.0...Ave likelihood of: cpd00637_c is 0.18125012127746326...
Loop56 pFBA...6369.0...Ave likelihood of: cpd00550_c is 0.3977812516684456...
Loop57 pFBA...4149.0...Ave likelihood of: cpd00033_c is 0.25515330381186296...
Loop58 pFBA...5142.0...Ave likelihood of: cpd00035_c is 0.4161016673127472...
Loop59 pFBA...18409.0...Ave likelihood of: cpd00051_c is 0.3061126445927502...
Loop60 pFBA...7813.0...Ave likelihood of: cpd00132_c is 0.20846865761208494...
Loop61 pFBA...5426.0...Ave likelihood of: cpd00041_c is 0.11836408259079759...
Loop62 pFBA...13749.0...Ave likelihood of: cpd00084_c is 0.27431832050770494...
Loop63 pFBA...7335.0...Ave likelihood of: cpd00023_c is 0.13303524865443717...
Loop64 pFBA...9523.0...Ave likelihood of: cpd00053_c is 0.20169983642644107...
Loop65 pFBA...21532.0...Ave likelihood of: cpd00119_c is 0.1591078019170352...
Loop66 pFBA...17228.0...Ave likelihood of: cpd00322_c is 0.15842570877100584...
Loop67 pFBA...14690.0...Ave likelihood of: cpd00107_c is 0.24349669551491543...
Loop68 pFBA...17061.0...Ave likelihood of: cpd00039_c is 0.2887434177688466...
Loop69 pFBA...21344.0...Ave likelihood of: cpd00060_c is 0.18354442661008938...
Loop70 pFBA...21443.0...Ave likelihood of: cpd00066_c is 0.2714517384906911...
Loop71 pFBA...10559.0...Ave likelihood of: cpd00129_c is 0.14411731144727336...
Loop72 pFBA...5369.0...Ave likelihood of: cpd00054_c is 0.4243000017796753...
Loop73 pFBA...7932.0...Ave likelihood of: cpd00161_c is 0.3939297863137463...
Loop74 pFBA...29363.0...Ave likelihood of: cpd00065_c is 0.15722251492957803...
Loop75 pFBA...19020.0...Ave likelihood of: cpd00069_c is 0.28931849508560376...
Loop76 pFBA...8501.0...Ave likelihood of: cpd00156_c is 0.24364509632853876...
Loop77 pFBA...23975.0...Ave likelihood of: cpd00098_c is 0.2901761790108888...
Loop78 pFBA...14497.0...Ave likelihood of: cpd00274_c is 0.1778481550278842...
Loop79 pFBA...6103.0...Ave likelihood of: cpd00226_c is 0.4036142077184439...
Loop80 pFBA...4816.0...Ave likelihood of: cpd00246_c is 0.3447267036768167...
Loop81 pFBA...21030.0...Ave likelihood of: cpd00374_c is 0.28734929552022637...
Loop82 pFBA...4343.0...Ave likelihood of: cpd00221_c is 0.37180799633138645...
Loop83 pFBA...4042.0...Ave likelihood of: cpd00159_c is 0.35294698607092156...
Loop84 pFBA...10255.0...Ave likelihood of: cpd00211_c is 0.17193574713534315...
Loop85 pFBA...4101.0...Ave likelihood of: cpd00047_c is 0.35439295702125734...
Loop86 pFBA...5200.0...Ave likelihood of: cpd00106_c is 0.1811061978703138...
Loop87 pFBA...7725.0...Ave likelihood of: cpd00141_c is 0.23913679638335922...
Loop88 pFBA...20201.0...Ave likelihood of: cpd00216_c is 0.29712518329696336...
Loop89 pFBA...4994.0...Ave likelihood of: cpd00036_c is 0.0868344349860886...
Loop90 pFBA...22183.0...Ave likelihood of: cpd00581_c is 0.15219007139890323...
Loop91 pFBA...4424.0...Ave likelihood of: cpd00128_c is 0.38257329893856473...
Loop92 pFBA...5913.0...Ave likelihood of: cpd00018_c is 0.2368881562954935...
Loop93 pFBA...4951.0...Ave likelihood of: cpd00091_c is 0.31982809446368304...
Loop94 pFBA...3325.0...Ave likelihood of: cpd00092_c is 0.39910156783097833...
Loop95 pFBA...61553.0...Ave likelihood of: cpd00305_c is 0.16160810374280565...
Loop96 pFBA...13645.0...Ave likelihood of: cpd00220_c is 0.275416625518024...
Loop97 pFBA...14750.0...Ave likelihood of: cpd00218_c is 0.17991196157513978...
Loop98 pFBA...14622.0...Ave likelihood of: cpd00215_c is 0.3619617436920854...
Loop99 pFBA...28280.0...Ave likelihood of: cpd00104_c is 0.17086751804926917...
Loop100 pFBA...34889.0...Ave likelihood of: cpd00393_c is 0.20964881970023908...
Loop101 pFBA...6421.0...Ave likelihood of: cpd00363_c is 0.34158767411944496...
Loop102 pFBA...9335.0...Ave likelihood of: cpd00281_c is 0.09502517761031226...
Loop103 pFBA...4217.0...Ave likelihood of: cpd00025_c is 0.3923794183375061...
Loop104 pFBA...20934.0...Ave likelihood of: cpd00811_c is 0.28855180457725077...
Loop105 pFBA...6029.0...Ave likelihood of: cpd00714_c is 0.42486387366068373...
Loop106 pFBA...5274.0...Ave likelihood of: cpd00117_c is 0.409291321777074...
Loop107 pFBA...7576.0...Ave likelihood of: cpd00186_c is 0.23731572749328303...
Loop108 pFBA...22330.0...Ave likelihood of: cpd00637_c is 0.19766270456545132...
Loop109 pFBA...6369.0...Ave likelihood of: cpd00550_c is 0.3977812516684456...
Loop110 pFBA...4149.0...Ave likelihood of: cpd00033_c is 0.25515330381186296...
Loop111 pFBA...5142.0...Ave likelihood of: cpd00035_c is 0.4161016673127472...
Loop112 pFBA...18281.0...Ave likelihood of: cpd00051_c is 0.2543170678511771...
Loop113 pFBA...7813.0...Ave likelihood of: cpd00132_c is 0.20846865761208494...
Loop114 pFBA...5426.0...Ave likelihood of: cpd00041_c is 0.11836408259079759...
Loop115 pFBA...13735.0...Ave likelihood of: cpd00084_c is 0.2471267634251711...
Loop116 pFBA...7335.0...Ave likelihood of: cpd00023_c is 0.13303524865443717...
Loop117 pFBA...9523.0...Ave likelihood of: cpd00053_c is 0.2016844283245737...
Loop118 pFBA...21532.0...Ave likelihood of: cpd00119_c is 0.1555720729855455...
Loop119 pFBA...17228.0...Ave likelihood of: cpd00322_c is 0.15842570877100584...
Loop120 pFBA...14690.0...Ave likelihood of: cpd00107_c is 0.24349669551491543...
Loop121 pFBA...16996.0...Ave likelihood of: cpd00039_c is 0.32421303741967566...
Loop122 pFBA...21330.0...Ave likelihood of: cpd00060_c is 0.2000441829337098...
Loop123 pFBA...20761.0...Ave likelihood of: cpd00066_c is 0.24194949625531834...
Loop124 pFBA...10559.0...Ave likelihood of: cpd00129_c is 0.14411731144727336...
Loop125 pFBA...5369.0...Ave likelihood of: cpd00054_c is 0.4243000017796753...
Loop126 pFBA...7920.0...Ave likelihood of: cpd00161_c is 0.3400251115061732...
Loop127 pFBA...29363.0...Ave likelihood of: cpd00065_c is 0.15722251492957803...
Loop128 pFBA...18577.0...Ave likelihood of: cpd00069_c is 0.2523866561911546...
Loop129 pFBA...8501.0...Ave likelihood of: cpd00156_c is 0.24364509632853876...
Loop130 pFBA...23801.0...Ave likelihood of: cpd00098_c is 0.24454554249458485...
Loop131 pFBA...14493.0...Ave likelihood of: cpd00274_c is 0.2759805203944262...
Loop132 pFBA...6103.0...Ave likelihood of: cpd00226_c is 0.4036142077184439...
Loop133 pFBA...4671.0...Ave likelihood of: cpd00246_c is 0.35599829608023825...
Loop134 pFBA...20515.0...Ave likelihood of: cpd00374_c is 0.27354769130656487...
Loop135 pFBA...4339.0...Ave likelihood of: cpd00221_c is 0.2885863468159326...
Loop136 pFBA...4031.0...Ave likelihood of: cpd00159_c is 0.30264193243978116...
Loop137 pFBA...10255.0...Ave likelihood of: cpd00211_c is 0.17193574713534315...
Loop138 pFBA...4081.0...Ave likelihood of: cpd00047_c is 0.3288400655961864...
Loop139 pFBA...5200.0...Ave likelihood of: cpd00106_c is 0.1811061978703138...
Loop140 pFBA...7725.0...Ave likelihood of: cpd00141_c is 0.23913679638335922...
Loop141 pFBA...19676.0...Ave likelihood of: cpd00216_c is 0.277079319190737...
Loop142 pFBA...4994.0...Ave likelihood of: cpd00036_c is 0.0868344349860886...
Loop143 pFBA...22183.0...Ave likelihood of: cpd00581_c is 0.1555720729855455...
Loop144 pFBA...4424.0...Ave likelihood of: cpd00128_c is 0.38257329893856473...
Loop145 pFBA...5913.0...Ave likelihood of: cpd00018_c is 0.2368881562954935...
Loop146 pFBA...4951.0...Ave likelihood of: cpd00091_c is 0.31982809446368304...
Loop147 pFBA...3325.0...Ave likelihood of: cpd00092_c is 0.39910156783097833...
Loop148 pFBA...61535.0...Ave likelihood of: cpd00305_c is 0.18826379674252622...
Loop149 pFBA...13645.0...Ave likelihood of: cpd00220_c is 0.275416625518024...
Loop150 pFBA...14665.0...Ave likelihood of: cpd00218_c is 0.19620600259155294...
Loop151 pFBA...14380.0...Ave likelihood of: cpd00215_c is 0.32352982352569537...
Loop152 pFBA...28280.0...Ave likelihood of: cpd00104_c is 0.16819771307974934...
Loop153 pFBA...34889.0...Ave likelihood of: cpd00393_c is 0.20964881970023908...
Loop154 pFBA...6144.0...Ave likelihood of: cpd00363_c is 0.39387337406917056...
Loop155 pFBA...9335.0...Ave likelihood of: cpd00281_c is 0.09502517761031226...
Loop156 pFBA...4172.0...Ave likelihood of: cpd00025_c is 0.375252838818946...
Loop157 pFBA...20265.0...Ave likelihood of: cpd00811_c is 0.21344343252450804...
Loop158 pFBA...5638.0...Ave likelihood of: cpd00714_c is 0.45710774560537304...
39.8668638349mins to complete!
