
The following have been reloaded with a version change:
  1) anaconda2/4.4.0 => anaconda2/5.1.0

Loading in models...Adding Water...Remove no-like rxns...Pruned 1 metabolites from model
Pruned 1 reactions from model
Set-up Universal...65.0seconds to complete

Loop0 pFBA...5525.0...Ave likelihood of: cpd00117_c is 0.4007001628669031...
Loop1 pFBA...7584.0...Ave likelihood of: cpd00186_c is 0.2359484058559568...
Loop2 pFBA...22495.0...Ave likelihood of: cpd00637_c is 0.18527632980456116...
Loop3 pFBA...6516.0...Ave likelihood of: cpd00550_c is 0.24672812769658953...
Loop4 pFBA...4233.0...Ave likelihood of: cpd00033_c is 0.2427088141981083...
Loop5 pFBA...5399.0...Ave likelihood of: cpd00035_c is 0.4007001628669031...
Loop6 pFBA...18758.0...Ave likelihood of: cpd00051_c is 0.2041783204036142...
Loop7 pFBA...8327.0...Ave likelihood of: cpd00132_c is 0.09079863040716032...
Loop8 pFBA...5649.0...Ave likelihood of: cpd00041_c is 0.07708965940527837...
Loop9 pFBA...13765.0...Ave likelihood of: cpd00084_c is 0.24282615556503745...
Loop10 pFBA...7355.0...Ave likelihood of: cpd00023_c is 0.12902593447863048...
Loop11 pFBA...9953.0...Ave likelihood of: cpd00053_c is 0.10166909687109577...
Loop12 pFBA...22362.0...Ave likelihood of: cpd00119_c is 0.1301349091831358...
Loop13 pFBA...17298.0...Ave likelihood of: cpd00322_c is 0.24565639340417414...
Loop14 pFBA...14123.0...Ave likelihood of: cpd00107_c is 0.2540853616032643...
Loop15 pFBA...17356.0...Ave likelihood of: cpd00039_c is 0.2550220557624921...
Loop16 pFBA...21495.0...Ave likelihood of: cpd00060_c is 0.1873349556912785...
Loop17 pFBA...21263.0...Ave likelihood of: cpd00066_c is 0.17311234728853658...
Loop18 pFBA...10577.0...Ave likelihood of: cpd00129_c is 0.15805847583620952...
Loop19 pFBA...5516.0...Ave likelihood of: cpd00054_c is 0.26214863567762636...
Loop20 pFBA...7766.0...Ave likelihood of: cpd00161_c is 0.30595283408081136...
Loop21 pFBA...29652.0...Ave likelihood of: cpd00065_c is 0.12143673582108726...
Loop22 pFBA...19128.0...Ave likelihood of: cpd00069_c is 0.20699034071368305...
Loop23 pFBA...8025.0...Ave likelihood of: cpd00156_c is 0.1668470048571554...
Loop24 pFBA...24267.0...Ave likelihood of: cpd00098_c is 0.19486291099167932...
Loop25 pFBA...15653.0...Ave likelihood of: cpd00274_c is 0.239544168649663...
Loop26 pFBA...6719.0...Ave likelihood of: cpd00226_c is 0.28795407154734914...
Loop27 pFBA...4635.0...Ave likelihood of: cpd00246_c is 0.2768666931822216...
Loop28 pFBA...21025.0...Ave likelihood of: cpd00374_c is 0.19390967171393056...
Loop29 pFBA...4397.0...Ave likelihood of: cpd00221_c is 0.2880499852297484...
Loop30 pFBA...4215.0...Ave likelihood of: cpd00159_c is 0.3351218814114229...
Loop31 pFBA...10504.0...Ave likelihood of: cpd00211_c is 0.24990459508557067...
Loop32 pFBA...4058.0...Ave likelihood of: cpd00047_c is 0.35060071168713663...
Loop33 pFBA...5307.0...Ave likelihood of: cpd00106_c is 0.05232628474246562...
Loop34 pFBA...7859.0...Ave likelihood of: cpd00141_c is 0.21868104870538482...
Loop35 pFBA...20280.0...Ave likelihood of: cpd00216_c is 0.1624570030650354...
Loop36 pFBA...5016.0...Ave likelihood of: cpd00036_c is 0.08222192204529138...
Loop37 pFBA...22940.0...Ave likelihood of: cpd00581_c is 0.10250060700375195...
Loop38 pFBA...4910.0...Ave likelihood of: cpd00128_c is 0.13844872986575935...
Loop39 pFBA...6080.0...Ave likelihood of: cpd00018_c is 0.1272926788642225...
Loop40 pFBA...5429.0...Ave likelihood of: cpd00091_c is 0.15141091119051092...
Loop41 pFBA...3922.0...Ave likelihood of: cpd00092_c is 0.19220158944332452...
Loop42 pFBA...63465.0...Ave likelihood of: cpd00305_c is 0.12813031444828085...
Loop43 pFBA...13692.0...Ave likelihood of: cpd00220_c is 0.10735014818724913...
Loop44 pFBA...14704.0...Ave likelihood of: cpd00218_c is 0.1174207705817789...
Loop45 pFBA...14710.0...Ave likelihood of: cpd00215_c is 0.20781210331344557...
Loop46 pFBA...28974.0...Ave likelihood of: cpd00104_c is 0.1437522040291511...
Loop47 pFBA...36953.0...Ave likelihood of: cpd00393_c is 0.166007597969681...
Loop48 pFBA...6226.0...Ave likelihood of: cpd00363_c is 0.4052659653327178...
Loop49 pFBA...9355.0...Ave likelihood of: cpd00281_c is 0.09216138177045034...
Loop50 pFBA...4159.0...Ave likelihood of: cpd00025_c is 0.24604867968549246...
Loop51 pFBA...20337.0...Ave likelihood of: cpd00811_c is 0.22392464662430628...
Loop52 pFBA...5525.0...Ave likelihood of: cpd00117_c is 0.4007001628669031...
Loop53 pFBA...7584.0...Ave likelihood of: cpd00186_c is 0.2359484058559568...
Loop54 pFBA...22564.0...Ave likelihood of: cpd00637_c is 0.1747743457792848...
Loop55 pFBA...6537.0...Ave likelihood of: cpd00550_c is 0.299619548012851...
Loop56 pFBA...4233.0...Ave likelihood of: cpd00033_c is 0.2427088141981083...
Loop57 pFBA...5399.0...Ave likelihood of: cpd00035_c is 0.4007001628669031...
Loop58 pFBA...18968.0...Ave likelihood of: cpd00051_c is 0.21896129484777174...
Loop59 pFBA...8327.0...Ave likelihood of: cpd00132_c is 0.09079863040716032...
Loop60 pFBA...5649.0...Ave likelihood of: cpd00041_c is 0.07708965940527837...
Loop61 pFBA...13964.0...Ave likelihood of: cpd00084_c is 0.20256197558853464...
Loop62 pFBA...7355.0...Ave likelihood of: cpd00023_c is 0.12902593447863048...
Loop63 pFBA...9953.0...Ave likelihood of: cpd00053_c is 0.10166909687109577...
Loop64 pFBA...22362.0...Ave likelihood of: cpd00119_c is 0.1301349091831358...
Loop65 pFBA...17300.0...Ave likelihood of: cpd00322_c is 0.16881367107394873...
Loop66 pFBA...14123.0...Ave likelihood of: cpd00107_c is 0.2540853616032643...
Loop67 pFBA...17465.0...Ave likelihood of: cpd00039_c is 0.2864609058037527...
Loop68 pFBA...21564.0...Ave likelihood of: cpd00060_c is 0.17676041789041302...
Loop69 pFBA...21889.0...Ave likelihood of: cpd00066_c is 0.13059163095220297...
Loop70 pFBA...10577.0...Ave likelihood of: cpd00129_c is 0.14225262825258858...
Loop71 pFBA...5537.0...Ave likelihood of: cpd00054_c is 0.3226672055523011...
Loop72 pFBA...7856.0...Ave likelihood of: cpd00161_c is 0.23421274830853192...
Loop73 pFBA...29652.0...Ave likelihood of: cpd00065_c is 0.1257105419604535...
Loop74 pFBA...19583.0...Ave likelihood of: cpd00069_c is 0.19610596683460288...
Loop75 pFBA...8025.0...Ave likelihood of: cpd00156_c is 0.1668470048571554...
Loop76 pFBA...24605.0...Ave likelihood of: cpd00098_c is 0.12956984900303473...
Loop77 pFBA...15743.0...Ave likelihood of: cpd00274_c is 0.20218050187040137...
Loop78 pFBA...6719.0...Ave likelihood of: cpd00226_c is 0.28795407154734914...
Loop79 pFBA...4939.0...Ave likelihood of: cpd00246_c is 0.24489915663973127...
Loop80 pFBA...21780.0...Ave likelihood of: cpd00374_c is 0.1722243739553...
Loop81 pFBA...4484.0...Ave likelihood of: cpd00221_c is 0.2850746238616532...
Loop82 pFBA...4294.0...Ave likelihood of: cpd00159_c is 0.2948990568509932...
Loop83 pFBA...10615.0...Ave likelihood of: cpd00211_c is 0.14705181333740736...
Loop84 pFBA...4173.0...Ave likelihood of: cpd00047_c is 0.29926040964212874...
Loop85 pFBA...5307.0...Ave likelihood of: cpd00106_c is 0.05232628474246562...
Loop86 pFBA...7929.0...Ave likelihood of: cpd00141_c is 0.18540780479422694...
Loop87 pFBA...20688.0...Ave likelihood of: cpd00216_c is 0.16790962631191986...
Loop88 pFBA...5016.0...Ave likelihood of: cpd00036_c is 0.08222192204529138...
Loop89 pFBA...22940.0...Ave likelihood of: cpd00581_c is 0.10250060700375195...
Loop90 pFBA...4910.0...Ave likelihood of: cpd00128_c is 0.13844872986575935...
Loop91 pFBA...6080.0...Ave likelihood of: cpd00018_c is 0.1272926788642225...
Loop92 pFBA...5429.0...Ave likelihood of: cpd00091_c is 0.15141091119051092...
Loop93 pFBA...3922.0...Ave likelihood of: cpd00092_c is 0.19220158944332452...
Loop94 pFBA...63465.0...Ave likelihood of: cpd00305_c is 0.12813031444828085...
Loop95 pFBA...13692.0...Ave likelihood of: cpd00220_c is 0.10428300109618487...
Loop96 pFBA...14704.0...Ave likelihood of: cpd00218_c is 0.1174207705817789...
Loop97 pFBA...15216.0...Ave likelihood of: cpd00215_c is 0.17261828287761097...
Loop98 pFBA...29055.0...Ave likelihood of: cpd00104_c is 0.13198449138107493...
Loop99 pFBA...36953.0...Ave likelihood of: cpd00393_c is 0.16600759796968098...
Loop100 pFBA...6595.0...Ave likelihood of: cpd00363_c is 0.3085650193973017...
Loop101 pFBA...9355.0...Ave likelihood of: cpd00281_c is 0.09216138177045034...
Loop102 pFBA...4281.0...Ave likelihood of: cpd00025_c is 0.2909481430070748...
Loop103 pFBA...21290.0...Ave likelihood of: cpd00811_c is 0.1626589814048666...
Loop104 pFBA...5525.0...Ave likelihood of: cpd00117_c is 0.4007001628669031...
Loop105 pFBA...7584.0...Ave likelihood of: cpd00186_c is 0.2359484058559568...
Loop106 pFBA...22441.0...Ave likelihood of: cpd00637_c is 0.19626408940738466...
Loop107 pFBA...6537.0...Ave likelihood of: cpd00550_c is 0.299619548012851...
Loop108 pFBA...4233.0...Ave likelihood of: cpd00033_c is 0.2427088141981083...
Loop109 pFBA...5399.0...Ave likelihood of: cpd00035_c is 0.4007001628669031...
Loop110 pFBA...18765.0...Ave likelihood of: cpd00051_c is 0.22088795536377398...
Loop111 pFBA...8327.0...Ave likelihood of: cpd00132_c is 0.09079863040716032...
Loop112 pFBA...5649.0...Ave likelihood of: cpd00041_c is 0.07708965940527837...
Loop113 pFBA...13912.0...Ave likelihood of: cpd00084_c is 0.22865536660813043...
Loop114 pFBA...7355.0...Ave likelihood of: cpd00023_c is 0.12902593447863048...
Loop115 pFBA...9953.0...Ave likelihood of: cpd00053_c is 0.10166909687109577...
Loop116 pFBA...22362.0...Ave likelihood of: cpd00119_c is 0.1301349091831358...
Loop117 pFBA...17288.0...Ave likelihood of: cpd00322_c is 0.2585671641851463...
Loop118 pFBA...14123.0...Ave likelihood of: cpd00107_c is 0.2540853616032643...
Loop119 pFBA...17388.0...Ave likelihood of: cpd00039_c is 0.2652171998541496...
Loop120 pFBA...21441.0...Ave likelihood of: cpd00060_c is 0.19844480151191116...
Loop121 pFBA...21142.0...Ave likelihood of: cpd00066_c is 0.16491194902948447...
Loop122 pFBA...10577.0...Ave likelihood of: cpd00129_c is 0.14225262825258858...
Loop123 pFBA...5537.0...Ave likelihood of: cpd00054_c is 0.3226672055523011...
Loop124 pFBA...7768.0...Ave likelihood of: cpd00161_c is 0.29373502368288534...
Loop125 pFBA...29652.0...Ave likelihood of: cpd00065_c is 0.12143673582108726...
Loop126 pFBA...19019.0...Ave likelihood of: cpd00069_c is 0.20003307130419984...
Loop127 pFBA...8025.0...Ave likelihood of: cpd00156_c is 0.1668470048571554...
Loop128 pFBA...24157.0...Ave likelihood of: cpd00098_c is 0.19308970495945635...
Loop129 pFBA...15730.0...Ave likelihood of: cpd00274_c is 0.30699008317678644...
Loop130 pFBA...6719.0...Ave likelihood of: cpd00226_c is 0.28795407154734914...
Loop131 pFBA...4598.0...Ave likelihood of: cpd00246_c is 0.2905250248614528...
Loop132 pFBA...20889.0...Ave likelihood of: cpd00374_c is 0.18961492206712321...
Loop133 pFBA...4421.0...Ave likelihood of: cpd00221_c is 0.29739086775536433...
Loop134 pFBA...4248.0...Ave likelihood of: cpd00159_c is 0.3056221426033894...
Loop135 pFBA...10483.0...Ave likelihood of: cpd00211_c is 0.25521743226726334...
Loop136 pFBA...4140.0...Ave likelihood of: cpd00047_c is 0.3539011566428564...
Loop137 pFBA...5307.0...Ave likelihood of: cpd00106_c is 0.05232628474246562...
Loop138 pFBA...7922.0...Ave likelihood of: cpd00141_c is 0.29348309018968...
Loop139 pFBA...20078.0...Ave likelihood of: cpd00216_c is 0.15624523099367674...
Loop140 pFBA...5016.0...Ave likelihood of: cpd00036_c is 0.08222192204529138...
Loop141 pFBA...22940.0...Ave likelihood of: cpd00581_c is 0.10250060700375195...
Loop142 pFBA...4910.0...Ave likelihood of: cpd00128_c is 0.13844872986575935...
Loop143 pFBA...6080.0...Ave likelihood of: cpd00018_c is 0.1272926788642225...
Loop144 pFBA...5429.0...Ave likelihood of: cpd00091_c is 0.15141091119051092...
Loop145 pFBA...3922.0...Ave likelihood of: cpd00092_c is 0.19220158944332452...
Loop146 pFBA...63460.0...Ave likelihood of: cpd00305_c is 0.12749893727744746...
Loop147 pFBA...13692.0...Ave likelihood of: cpd00220_c is 0.10428300109618487...
Loop148 pFBA...14704.0...Ave likelihood of: cpd00218_c is 0.11552688718529859...
Loop149 pFBA...14606.0...Ave likelihood of: cpd00215_c is 0.21440125354716608...
Loop150 pFBA...29019.0...Ave likelihood of: cpd00104_c is 0.15918813417220357...
Loop151 pFBA...36953.0...Ave likelihood of: cpd00393_c is 0.16600759796968098...
Loop152 pFBA...6215.0...Ave likelihood of: cpd00363_c is 0.42915082437773766...
Loop153 pFBA...9355.0...Ave likelihood of: cpd00281_c is 0.09216138177045034...
Loop154 pFBA...4126.0...Ave likelihood of: cpd00025_c is 0.2664095312137799...
Loop155 pFBA...20196.0...Ave likelihood of: cpd00811_c is 0.22548803645129778...
32.5623524825mins to complete!
