
The following have been reloaded with a version change:
  1) anaconda2/4.4.0 => anaconda2/5.1.0

Loading in models...Adding Water...Remove no-like rxns...Pruned 1 metabolites from model
Pruned 1 reactions from model
Set-up Universal...51.0seconds to complete

Loop0 pFBA...5567.0...Ave likelihood of: cpd00117_c is 0.4717568280894517...
Loop1 pFBA...6836.0...Ave likelihood of: cpd00186_c is 0.3606267185099677...
Loop2 pFBA...21611.0...Ave likelihood of: cpd00637_c is 0.24861633288929944...
Loop3 pFBA...6447.0...Ave likelihood of: cpd00550_c is 0.3223035346071239...
Loop4 pFBA...4048.0...Ave likelihood of: cpd00033_c is 0.2501633826227475...
Loop5 pFBA...5445.0...Ave likelihood of: cpd00035_c is 0.4717568280894517...
Loop6 pFBA...18375.0...Ave likelihood of: cpd00051_c is 0.2727590975648626...
Loop7 pFBA...8161.0...Ave likelihood of: cpd00132_c is 0.14984732981909554...
Loop8 pFBA...5262.0...Ave likelihood of: cpd00041_c is 0.20582037478561527...
Loop9 pFBA...13625.0...Ave likelihood of: cpd00084_c is 0.2674618719222624...
Loop10 pFBA...6589.0...Ave likelihood of: cpd00023_c is 0.28229813640335677...
Loop11 pFBA...9322.0...Ave likelihood of: cpd00053_c is 0.268225172085121...
Loop12 pFBA...16685.0...Ave likelihood of: cpd00119_c is 0.3167565233126686...
Loop13 pFBA...17011.0...Ave likelihood of: cpd00322_c is 0.22798177813880985...
Loop14 pFBA...14209.0...Ave likelihood of: cpd00107_c is 0.26411992846495624...
Loop15 pFBA...17815.0...Ave likelihood of: cpd00039_c is 0.3074468342456491...
Loop16 pFBA...20611.0...Ave likelihood of: cpd00060_c is 0.25184511643331636...
Loop17 pFBA...21043.0...Ave likelihood of: cpd00066_c is 0.19365486505455265...
Loop18 pFBA...10262.0...Ave likelihood of: cpd00129_c is 0.20349536058949091...
Loop19 pFBA...5447.0...Ave likelihood of: cpd00054_c is 0.33207030838309737...
Loop20 pFBA...7538.0...Ave likelihood of: cpd00161_c is 0.36923915587799694...
Loop21 pFBA...27270.0...Ave likelihood of: cpd00065_c is 0.24975385447305468...
Loop22 pFBA...18591.0...Ave likelihood of: cpd00069_c is 0.20180172018649298...
Loop23 pFBA...7658.0...Ave likelihood of: cpd00156_c is 0.33501553435115755...
Loop24 pFBA...23963.0...Ave likelihood of: cpd00098_c is 0.2713097965581757...
Loop25 pFBA...14641.0...Ave likelihood of: cpd00274_c is 0.1654448357609158...
Loop26 pFBA...6633.0...Ave likelihood of: cpd00226_c is 0.32585579695322314...
Loop27 pFBA...4618.0...Ave likelihood of: cpd00246_c is 0.30812945656434365...
Loop28 pFBA...20456.0...Ave likelihood of: cpd00374_c is 0.22432912413947192...
Loop29 pFBA...4897.0...Ave likelihood of: cpd00221_c is 0.2048679256533007...
Loop30 pFBA...4289.0...Ave likelihood of: cpd00159_c is 0.40518821702176205...
Loop31 pFBA...10531.0...Ave likelihood of: cpd00211_c is 0.342388038568468...
Loop32 pFBA...3735.0...Ave likelihood of: cpd00047_c is 0.3095457288924334...
Loop33 pFBA...5009.0...Ave likelihood of: cpd00106_c is 0.16853371647549706...
Loop34 pFBA...7762.0...Ave likelihood of: cpd00141_c is 0.3792496824757962...
Loop35 pFBA...19613.0...Ave likelihood of: cpd00216_c is 0.2247283894409983...
Loop36 pFBA...4802.0...Ave likelihood of: cpd00036_c is 0.22932840380219008...
Loop37 pFBA...17169.0...Ave likelihood of: cpd00581_c is 0.3063803974421525...
Loop38 pFBA...4748.0...Ave likelihood of: cpd00128_c is 0.34571038242177626...
Loop39 pFBA...5863.0...Ave likelihood of: cpd00018_c is 0.2797829197517146...
Loop40 pFBA...5863.0...Ave likelihood of: cpd00091_c is 0.27978365035742364...
Loop41 pFBA...4176.0...Ave likelihood of: cpd00092_c is 0.29334207033964743...
Loop42 pFBA...63981.0...Ave likelihood of: cpd00305_c is 0.14679718182857737...
Loop43 pFBA...12934.0...Ave likelihood of: cpd00220_c is 0.29509362992928523...
Loop44 pFBA...14534.0...Ave likelihood of: cpd00218_c is 0.1885434081812882...
Loop45 pFBA...14825.0...Ave likelihood of: cpd00215_c is 0.21802033014126324...
Loop46 pFBA...28891.0...Ave likelihood of: cpd00104_c is 0.1784399598859155...
Loop47 pFBA...35949.0...Ave likelihood of: cpd00393_c is 0.16166135181902339...
Loop48 pFBA...6118.0...Ave likelihood of: cpd00363_c is 0.545904873669189...
Loop49 pFBA...8585.0...Ave likelihood of: cpd00281_c is 0.20213426965293355...
Loop50 pFBA...4068.0...Ave likelihood of: cpd00025_c is 0.273731513967696...
Loop51 pFBA...19880.0...Ave likelihood of: cpd00811_c is 0.2542736957879524...
Loop52 pFBA...5834.0...Ave likelihood of: cpd00714_c is 0.32726923460513935...
Loop53 pFBA...5567.0...Ave likelihood of: cpd00117_c is 0.4717568280894517...
Loop54 pFBA...6836.0...Ave likelihood of: cpd00186_c is 0.3606267185099677...
Loop55 pFBA...21736.0...Ave likelihood of: cpd00637_c is 0.23553207172745053...
Loop56 pFBA...6502.0...Ave likelihood of: cpd00550_c is 0.2970999892856436...
Loop57 pFBA...4048.0...Ave likelihood of: cpd00033_c is 0.2501633826227475...
Loop58 pFBA...5445.0...Ave likelihood of: cpd00035_c is 0.4717568280894517...
Loop59 pFBA...18421.0...Ave likelihood of: cpd00051_c is 0.23669329114769988...
Loop60 pFBA...8161.0...Ave likelihood of: cpd00132_c is 0.14984732981909554...
Loop61 pFBA...5262.0...Ave likelihood of: cpd00041_c is 0.20582037478561527...
Loop62 pFBA...13757.0...Ave likelihood of: cpd00084_c is 0.2471495035417933...
Loop63 pFBA...6589.0...Ave likelihood of: cpd00023_c is 0.28229813640335677...
Loop64 pFBA...9322.0...Ave likelihood of: cpd00053_c is 0.268225172085121...
Loop65 pFBA...16685.0...Ave likelihood of: cpd00119_c is 0.3167565233126686...
Loop66 pFBA...17011.0...Ave likelihood of: cpd00322_c is 0.22798177813880985...
Loop67 pFBA...14209.0...Ave likelihood of: cpd00107_c is 0.26411992846495624...
Loop68 pFBA...17977.0...Ave likelihood of: cpd00039_c is 0.28904465208891994...
Loop69 pFBA...20736.0...Ave likelihood of: cpd00060_c is 0.2388033505014429...
Loop70 pFBA...21536.0...Ave likelihood of: cpd00066_c is 0.2050486366777033...
Loop71 pFBA...10262.0...Ave likelihood of: cpd00129_c is 0.20349536058949091...
Loop72 pFBA...5502.0...Ave likelihood of: cpd00054_c is 0.3063843639508199...
Loop73 pFBA...7660.0...Ave likelihood of: cpd00161_c is 0.32926235977938806...
Loop74 pFBA...27270.0...Ave likelihood of: cpd00065_c is 0.24975385447305468...
Loop75 pFBA...18901.0...Ave likelihood of: cpd00069_c is 0.18685499458348914...
Loop76 pFBA...7658.0...Ave likelihood of: cpd00156_c is 0.33501553435115755...
Loop77 pFBA...24477.0...Ave likelihood of: cpd00098_c is 0.23690752889196875...
Loop78 pFBA...14641.0...Ave likelihood of: cpd00274_c is 0.1654448357609158...
Loop79 pFBA...6633.0...Ave likelihood of: cpd00226_c is 0.32585579695322314...
Loop80 pFBA...4824.0...Ave likelihood of: cpd00246_c is 0.24875156243147312...
Loop81 pFBA...20909.0...Ave likelihood of: cpd00374_c is 0.24086989446851478...
Loop82 pFBA...5087.0...Ave likelihood of: cpd00221_c is 0.2962496954359584...
Loop83 pFBA...4347.0...Ave likelihood of: cpd00159_c is 0.3364091181778589...
Loop84 pFBA...10601.0...Ave likelihood of: cpd00211_c is 0.21661741849295352...
Loop85 pFBA...3762.0...Ave likelihood of: cpd00047_c is 0.22045806798919698...
Loop86 pFBA...5009.0...Ave likelihood of: cpd00106_c is 0.16853371647549706...
Loop87 pFBA...7771.0...Ave likelihood of: cpd00141_c is 0.3177276979758354...
Loop88 pFBA...20234.0...Ave likelihood of: cpd00216_c is 0.23429274955161633...
Loop89 pFBA...4802.0...Ave likelihood of: cpd00036_c is 0.22932840380219008...
Loop90 pFBA...17169.0...Ave likelihood of: cpd00581_c is 0.3063803974421525...
Loop91 pFBA...4748.0...Ave likelihood of: cpd00128_c is 0.34571038242177626...
Loop92 pFBA...5863.0...Ave likelihood of: cpd00018_c is 0.2797829197517146...
Loop93 pFBA...5863.0...Ave likelihood of: cpd00091_c is 0.27978365035742364...
Loop94 pFBA...4176.0...Ave likelihood of: cpd00092_c is 0.29334207033964743...
Loop95 pFBA...63990.0...Ave likelihood of: cpd00305_c is 0.14222972093413963...
Loop96 pFBA...12958.0...Ave likelihood of: cpd00220_c is 0.21448549886435478...
Loop97 pFBA...14627.0...Ave likelihood of: cpd00218_c is 0.2096940882744957...
Loop98 pFBA...15086.0...Ave likelihood of: cpd00215_c is 0.26187322642114175...
Loop99 pFBA...28898.0...Ave likelihood of: cpd00104_c is 0.1646120991932805...
Loop100 pFBA...35949.0...Ave likelihood of: cpd00393_c is 0.16166135181902339...
Loop101 pFBA...6475.0...Ave likelihood of: cpd00363_c is 0.38191628759253243...
Loop102 pFBA...8585.0...Ave likelihood of: cpd00281_c is 0.20213426965293355...
Loop103 pFBA...4228.0...Ave likelihood of: cpd00025_c is 0.3598044156335293...
Loop104 pFBA...20387.0...Ave likelihood of: cpd00811_c is 0.2673651574398712...
Loop105 pFBA...6699.0...Ave likelihood of: cpd00714_c is 0.39938476466507244...
Loop106 pFBA...5567.0...Ave likelihood of: cpd00117_c is 0.4717568280894517...
Loop107 pFBA...6836.0...Ave likelihood of: cpd00186_c is 0.3606267185099677...
Loop108 pFBA...21640.0...Ave likelihood of: cpd00637_c is 0.24628376795718854...
Loop109 pFBA...6460.0...Ave likelihood of: cpd00550_c is 0.28432984736221895...
Loop110 pFBA...4048.0...Ave likelihood of: cpd00033_c is 0.2501633826227475...
Loop111 pFBA...5445.0...Ave likelihood of: cpd00035_c is 0.4717568280894517...
Loop112 pFBA...18403.0...Ave likelihood of: cpd00051_c is 0.2477095168739109...
Loop113 pFBA...8161.0...Ave likelihood of: cpd00132_c is 0.14984732981909554...
Loop114 pFBA...5262.0...Ave likelihood of: cpd00041_c is 0.20582037478561527...
Loop115 pFBA...13731.0...Ave likelihood of: cpd00084_c is 0.2512481789772246...
Loop116 pFBA...6589.0...Ave likelihood of: cpd00023_c is 0.28229813640335677...
Loop117 pFBA...9322.0...Ave likelihood of: cpd00053_c is 0.268225172085121...
Loop118 pFBA...16685.0...Ave likelihood of: cpd00119_c is 0.31054561109085155...
Loop119 pFBA...17011.0...Ave likelihood of: cpd00322_c is 0.22798177813880985...
Loop120 pFBA...14209.0...Ave likelihood of: cpd00107_c is 0.26411992846495624...
Loop121 pFBA...17822.0...Ave likelihood of: cpd00039_c is 0.2960215815730711...
Loop122 pFBA...20640.0...Ave likelihood of: cpd00060_c is 0.24628376795718854...
Loop123 pFBA...21043.0...Ave likelihood of: cpd00066_c is 0.19365486505455265...
Loop124 pFBA...10262.0...Ave likelihood of: cpd00129_c is 0.20349536058949091...
Loop125 pFBA...5460.0...Ave likelihood of: cpd00054_c is 0.29001644430946333...
Loop126 pFBA...7527.0...Ave likelihood of: cpd00161_c is 0.36104872854604514...
Loop127 pFBA...27270.0...Ave likelihood of: cpd00065_c is 0.24975385447305468...
Loop128 pFBA...18538.0...Ave likelihood of: cpd00069_c is 0.20425219301437306...
Loop129 pFBA...7658.0...Ave likelihood of: cpd00156_c is 0.33501553435115755...
Loop130 pFBA...24128.0...Ave likelihood of: cpd00098_c is 0.24808835430004966...
Loop131 pFBA...14641.0...Ave likelihood of: cpd00274_c is 0.1654448357609158...
Loop132 pFBA...6633.0...Ave likelihood of: cpd00226_c is 0.32585579695322314...
Loop133 pFBA...4662.0...Ave likelihood of: cpd00246_c is 0.22168592979009075...
Loop134 pFBA...20476.0...Ave likelihood of: cpd00374_c is 0.21548091007790043...
Loop135 pFBA...5006.0...Ave likelihood of: cpd00221_c is 0.11204131756769854...
Loop136 pFBA...4338.0...Ave likelihood of: cpd00159_c is 0.3649346050937566...
Loop137 pFBA...10564.0...Ave likelihood of: cpd00211_c is 0.3061602063757078...
Loop138 pFBA...3762.0...Ave likelihood of: cpd00047_c is 0.22045806798919698...
Loop139 pFBA...5009.0...Ave likelihood of: cpd00106_c is 0.16853371647549706...
Loop140 pFBA...7744.0...Ave likelihood of: cpd00141_c is 0.3633194159040606...
Loop141 pFBA...19613.0...Ave likelihood of: cpd00216_c is 0.2247283894409983...
Loop142 pFBA...4802.0...Ave likelihood of: cpd00036_c is 0.22932840380219008...
Loop143 pFBA...17169.0...Ave likelihood of: cpd00581_c is 0.3063803974421525...
Loop144 pFBA...4748.0...Ave likelihood of: cpd00128_c is 0.34571038242177626...
Loop145 pFBA...5863.0...Ave likelihood of: cpd00018_c is 0.2797829197517146...
Loop146 pFBA...5863.0...Ave likelihood of: cpd00091_c is 0.27978365035742364...
Loop147 pFBA...4176.0...Ave likelihood of: cpd00092_c is 0.29334207033964743...
Loop148 pFBA...63976.0...Ave likelihood of: cpd00305_c is 0.14693294569050014...
Loop149 pFBA...12907.0...Ave likelihood of: cpd00220_c is 0.29860487211622866...
Loop150 pFBA...14536.0...Ave likelihood of: cpd00218_c is 0.1590636923754607...
Loop151 pFBA...14802.0...Ave likelihood of: cpd00215_c is 0.2383922233870364...
Loop152 pFBA...28885.0...Ave likelihood of: cpd00104_c is 0.18021722589294942...
Loop153 pFBA...35949.0...Ave likelihood of: cpd00393_c is 0.16166135181902339...
Loop154 pFBA...6186.0...Ave likelihood of: cpd00363_c is 0.42664192083439656...
Loop155 pFBA...8585.0...Ave likelihood of: cpd00281_c is 0.20213426965293355...
Loop156 pFBA...4149.0...Ave likelihood of: cpd00025_c is 0.3043692525068124...
Loop157 pFBA...19989.0...Ave likelihood of: cpd00811_c is 0.29770128148287833...
Loop158 pFBA...6022.0...Ave likelihood of: cpd00714_c is 0.3087149707415093...
31.7071860989mins to complete!
