
The following have been reloaded with a version change:
  1) anaconda2/4.4.0 => anaconda2/5.1.0

Loading in models...Adding Water...Remove no-like rxns...Pruned 1 metabolites from model
Pruned 1 reactions from model
Set-up Universal...64.0seconds to complete

Loop0 pFBA...5583.0...Ave likelihood of: cpd00117_c is 0.27312703160113694...
Loop1 pFBA...6839.0...Ave likelihood of: cpd00186_c is 0.360243596069342...
Loop2 pFBA...21609.0...Ave likelihood of: cpd00637_c is 0.2519760810522819...
Loop3 pFBA...6448.0...Ave likelihood of: cpd00550_c is 0.3128519871129152...
Loop4 pFBA...4049.0...Ave likelihood of: cpd00033_c is 0.2500415150557149...
Loop5 pFBA...5460.0...Ave likelihood of: cpd00035_c is 0.27312703160113694...
Loop6 pFBA...18367.0...Ave likelihood of: cpd00051_c is 0.243046560420632...
Loop7 pFBA...8165.0...Ave likelihood of: cpd00132_c is 0.14966704284742482...
Loop8 pFBA...5265.0...Ave likelihood of: cpd00041_c is 0.20545476776675684...
Loop9 pFBA...13626.0...Ave likelihood of: cpd00084_c is 0.26737898100367496...
Loop10 pFBA...6591.0...Ave likelihood of: cpd00023_c is 0.2818383894746058...
Loop11 pFBA...9324.0...Ave likelihood of: cpd00053_c is 0.2680861704097051...
Loop12 pFBA...16686.0...Ave likelihood of: cpd00119_c is 0.3170275059014097...
Loop13 pFBA...17005.0...Ave likelihood of: cpd00322_c is 0.2279864782304457...
Loop14 pFBA...14215.0...Ave likelihood of: cpd00107_c is 0.2505178132644242...
Loop15 pFBA...17826.0...Ave likelihood of: cpd00039_c is 0.3071664443527536...
Loop16 pFBA...20609.0...Ave likelihood of: cpd00060_c is 0.2552915558029698...
Loop17 pFBA...21041.0...Ave likelihood of: cpd00066_c is 0.19370225316042106...
Loop18 pFBA...10251.0...Ave likelihood of: cpd00129_c is 0.2044224522483205...
Loop19 pFBA...5448.0...Ave likelihood of: cpd00054_c is 0.3220535161456479...
Loop20 pFBA...7539.0...Ave likelihood of: cpd00161_c is 0.36952735854108065...
Loop21 pFBA...27247.0...Ave likelihood of: cpd00065_c is 0.2024558744272478...
Loop22 pFBA...18595.0...Ave likelihood of: cpd00069_c is 0.20164558273713676...
Loop23 pFBA...7658.0...Ave likelihood of: cpd00156_c is 0.33541717590940395...
Loop24 pFBA...23970.0...Ave likelihood of: cpd00098_c is 0.261307348105389...
Loop25 pFBA...14637.0...Ave likelihood of: cpd00274_c is 0.22300087922920717...
Loop26 pFBA...6631.0...Ave likelihood of: cpd00226_c is 0.3260183786900068...
Loop27 pFBA...4617.0...Ave likelihood of: cpd00246_c is 0.3080337680404437...
Loop28 pFBA...20458.0...Ave likelihood of: cpd00374_c is 0.22424970401481772...
Loop29 pFBA...4898.0...Ave likelihood of: cpd00221_c is 0.2047199160512078...
Loop30 pFBA...4289.0...Ave likelihood of: cpd00159_c is 0.40505650009969674...
Loop31 pFBA...10519.0...Ave likelihood of: cpd00211_c is 0.34395012597104485...
Loop32 pFBA...3736.0...Ave likelihood of: cpd00047_c is 0.30948151292326087...
Loop33 pFBA...5010.0...Ave likelihood of: cpd00106_c is 0.16829273068964157...
Loop34 pFBA...7761.0...Ave likelihood of: cpd00141_c is 0.3794101151581233...
Loop35 pFBA...19613.0...Ave likelihood of: cpd00216_c is 0.22478315059943224...
Loop36 pFBA...4805.0...Ave likelihood of: cpd00036_c is 0.22886308577818842...
Loop37 pFBA...17171.0...Ave likelihood of: cpd00581_c is 0.30665138003089365...
Loop38 pFBA...4748.0...Ave likelihood of: cpd00128_c is 0.34578912273969964...
Loop39 pFBA...5863.0...Ave likelihood of: cpd00018_c is 0.2797909802797628...
Loop40 pFBA...5863.0...Ave likelihood of: cpd00091_c is 0.2797917113523882...
Loop41 pFBA...4175.0...Ave likelihood of: cpd00092_c is 0.2935059458215102...
Loop42 pFBA...63536.0...Ave likelihood of: cpd00305_c is 0.15956086690218696...
Loop43 pFBA...12842.0...Ave likelihood of: cpd00220_c is 0.3243043792055252...
Loop44 pFBA...14533.0...Ave likelihood of: cpd00218_c is 0.18849862882904553...
Loop45 pFBA...14805.0...Ave likelihood of: cpd00215_c is 0.21512766861466417...
Loop46 pFBA...28887.0...Ave likelihood of: cpd00104_c is 0.17854657737765192...
Loop47 pFBA...35951.0...Ave likelihood of: cpd00393_c is 0.16188552805204295...
Loop48 pFBA...6122.0...Ave likelihood of: cpd00363_c is 0.5459026473452699...
Loop49 pFBA...8587.0...Ave likelihood of: cpd00281_c is 0.20180788402408406...
Loop50 pFBA...4069.0...Ave likelihood of: cpd00025_c is 0.27344942736722366...
Loop51 pFBA...19884.0...Ave likelihood of: cpd00811_c is 0.25413814861014034...
Loop52 pFBA...5837.0...Ave likelihood of: cpd00714_c is 0.32693638350889065...
Loop53 pFBA...5583.0...Ave likelihood of: cpd00117_c is 0.27312703160113694...
Loop54 pFBA...6839.0...Ave likelihood of: cpd00186_c is 0.360243596069342...
Loop55 pFBA...21734.0...Ave likelihood of: cpd00637_c is 0.22952017374880043...
Loop56 pFBA...6501.0...Ave likelihood of: cpd00550_c is 0.22464267051509368...
Loop57 pFBA...4049.0...Ave likelihood of: cpd00033_c is 0.25004151505571487...
Loop58 pFBA...5460.0...Ave likelihood of: cpd00035_c is 0.27312703160113694...
Loop59 pFBA...18384.0...Ave likelihood of: cpd00051_c is 0.2558450969234541...
Loop60 pFBA...8165.0...Ave likelihood of: cpd00132_c is 0.14966704284742482...
Loop61 pFBA...5265.0...Ave likelihood of: cpd00041_c is 0.20545476776675684...
Loop62 pFBA...13740.0...Ave likelihood of: cpd00084_c is 0.26569830186642446...
Loop63 pFBA...6591.0...Ave likelihood of: cpd00023_c is 0.2818383894746058...
Loop64 pFBA...9324.0...Ave likelihood of: cpd00053_c is 0.2680861704097051...
Loop65 pFBA...16686.0...Ave likelihood of: cpd00119_c is 0.3108112802954997...
Loop66 pFBA...17005.0...Ave likelihood of: cpd00322_c is 0.2279864782304457...
Loop67 pFBA...14215.0...Ave likelihood of: cpd00107_c is 0.2505178132644242...
Loop68 pFBA...17972.0...Ave likelihood of: cpd00039_c is 0.29145422163008183...
Loop69 pFBA...20734.0...Ave likelihood of: cpd00060_c is 0.23250095522605757...
Loop70 pFBA...21510.0...Ave likelihood of: cpd00066_c is 0.21066785491722875...
Loop71 pFBA...10251.0...Ave likelihood of: cpd00129_c is 0.2044224522483205...
Loop72 pFBA...5501.0...Ave likelihood of: cpd00054_c is 0.23071409404252866...
Loop73 pFBA...7654.0...Ave likelihood of: cpd00161_c is 0.3323864148315939...
Loop74 pFBA...27247.0...Ave likelihood of: cpd00065_c is 0.20481001250198325...
Loop75 pFBA...18883.0...Ave likelihood of: cpd00069_c is 0.20999505378023312...
Loop76 pFBA...7658.0...Ave likelihood of: cpd00156_c is 0.33541717590940395...
Loop77 pFBA...24386.0...Ave likelihood of: cpd00098_c is 0.2512745619150345...
Loop78 pFBA...14637.0...Ave likelihood of: cpd00274_c is 0.22300087922920717...
Loop79 pFBA...6631.0...Ave likelihood of: cpd00226_c is 0.3260183786900068...
Loop80 pFBA...4807.0...Ave likelihood of: cpd00246_c is 0.2945790338396555...
Loop81 pFBA...20864.0...Ave likelihood of: cpd00374_c is 0.24311184434241534...
Loop82 pFBA...5078.0...Ave likelihood of: cpd00221_c is 0.28613088908735596...
Loop83 pFBA...4339.0...Ave likelihood of: cpd00159_c is 0.3209277772225332...
Loop84 pFBA...10592.0...Ave likelihood of: cpd00211_c is 0.22407987188417358...
Loop85 pFBA...3762.0...Ave likelihood of: cpd00047_c is 0.2203741027894968...
Loop86 pFBA...5010.0...Ave likelihood of: cpd00106_c is 0.16829273068964157...
Loop87 pFBA...7771.0...Ave likelihood of: cpd00141_c is 0.3177240200823902...
Loop88 pFBA...20232.0...Ave likelihood of: cpd00216_c is 0.23437568628106775...
Loop89 pFBA...4805.0...Ave likelihood of: cpd00036_c is 0.22886308577818842...
Loop90 pFBA...17171.0...Ave likelihood of: cpd00581_c is 0.30665138003089365...
Loop91 pFBA...4748.0...Ave likelihood of: cpd00128_c is 0.34578912273969964...
Loop92 pFBA...5863.0...Ave likelihood of: cpd00018_c is 0.2797909802797628...
Loop93 pFBA...5863.0...Ave likelihood of: cpd00091_c is 0.2797917113523882...
Loop94 pFBA...4175.0...Ave likelihood of: cpd00092_c is 0.2935059458215102...
Loop95 pFBA...63550.0...Ave likelihood of: cpd00305_c is 0.15100687192446063...
Loop96 pFBA...12850.0...Ave likelihood of: cpd00220_c is 0.2254491001179704...
Loop97 pFBA...14624.0...Ave likelihood of: cpd00218_c is 0.17507965158462596...
Loop98 pFBA...15062.0...Ave likelihood of: cpd00215_c is 0.31833245633080304...
Loop99 pFBA...28892.0...Ave likelihood of: cpd00104_c is 0.16132379817939896...
Loop100 pFBA...35951.0...Ave likelihood of: cpd00393_c is 0.16188552805204295...
Loop101 pFBA...6478.0...Ave likelihood of: cpd00363_c is 0.38187999239328735...
Loop102 pFBA...8587.0...Ave likelihood of: cpd00281_c is 0.20180788402408406...
Loop103 pFBA...4220.0...Ave likelihood of: cpd00025_c is 0.33469499019299076...
Loop104 pFBA...20311.0...Ave likelihood of: cpd00811_c is 0.26984718739066965...
Loop105 pFBA...6747.0...Ave likelihood of: cpd00714_c is 0.3852162797883305...
Loop106 pFBA...5583.0...Ave likelihood of: cpd00117_c is 0.27312703160113694...
Loop107 pFBA...6839.0...Ave likelihood of: cpd00186_c is 0.360243596069342...
Loop108 pFBA...21638.0...Ave likelihood of: cpd00637_c is 0.24641927713935308...
Loop109 pFBA...6462.0...Ave likelihood of: cpd00550_c is 0.28429088068407843...
Loop110 pFBA...4049.0...Ave likelihood of: cpd00033_c is 0.25004151505571487...
Loop111 pFBA...5460.0...Ave likelihood of: cpd00035_c is 0.27312703160113694...
Loop112 pFBA...18386.0...Ave likelihood of: cpd00051_c is 0.2635912030767984...
Loop113 pFBA...8165.0...Ave likelihood of: cpd00132_c is 0.14966704284742482...
Loop114 pFBA...5265.0...Ave likelihood of: cpd00041_c is 0.20545476776675684...
Loop115 pFBA...13735.0...Ave likelihood of: cpd00084_c is 0.23365324476482868...
Loop116 pFBA...6591.0...Ave likelihood of: cpd00023_c is 0.2818383894746058...
Loop117 pFBA...9324.0...Ave likelihood of: cpd00053_c is 0.2680861704097051...
Loop118 pFBA...16686.0...Ave likelihood of: cpd00119_c is 0.3108112802954997...
Loop119 pFBA...17005.0...Ave likelihood of: cpd00322_c is 0.2279864782304457...
Loop120 pFBA...14215.0...Ave likelihood of: cpd00107_c is 0.2505178132644242...
Loop121 pFBA...17831.0...Ave likelihood of: cpd00039_c is 0.2958311084460738...
Loop122 pFBA...20638.0...Ave likelihood of: cpd00060_c is 0.2496616360490814...
Loop123 pFBA...21041.0...Ave likelihood of: cpd00066_c is 0.19370225316042106...
Loop124 pFBA...10251.0...Ave likelihood of: cpd00129_c is 0.2044224522483205...
Loop125 pFBA...5462.0...Ave likelihood of: cpd00054_c is 0.28997669829775996...
Loop126 pFBA...7528.0...Ave likelihood of: cpd00161_c is 0.3436261505083585...
Loop127 pFBA...27247.0...Ave likelihood of: cpd00065_c is 0.20481001250198325...
Loop128 pFBA...18540.0...Ave likelihood of: cpd00069_c is 0.20419153090445774...
Loop129 pFBA...7658.0...Ave likelihood of: cpd00156_c is 0.33541717590940395...
Loop130 pFBA...24136.0...Ave likelihood of: cpd00098_c is 0.24797790103657924...
Loop131 pFBA...14637.0...Ave likelihood of: cpd00274_c is 0.22300087922920717...
Loop132 pFBA...6631.0...Ave likelihood of: cpd00226_c is 0.3260183786900068...
Loop133 pFBA...4662.0...Ave likelihood of: cpd00246_c is 0.22619591590243673...
Loop134 pFBA...20477.0...Ave likelihood of: cpd00374_c is 0.21540718495458416...
Loop135 pFBA...5006.0...Ave likelihood of: cpd00221_c is 0.11209751607884284...
Loop136 pFBA...4334.0...Ave likelihood of: cpd00159_c is 0.36541688032285186...
Loop137 pFBA...10513.0...Ave likelihood of: cpd00211_c is 0.3229266610193974...
Loop138 pFBA...3762.0...Ave likelihood of: cpd00047_c is 0.22037410278949676...
Loop139 pFBA...5010.0...Ave likelihood of: cpd00106_c is 0.16829273068964157...
Loop140 pFBA...7743.0...Ave likelihood of: cpd00141_c is 0.36343007368078106...
Loop141 pFBA...19613.0...Ave likelihood of: cpd00216_c is 0.2247831505994322...
Loop142 pFBA...4805.0...Ave likelihood of: cpd00036_c is 0.22886308577818842...
Loop143 pFBA...17171.0...Ave likelihood of: cpd00581_c is 0.30665138003089365...
Loop144 pFBA...4748.0...Ave likelihood of: cpd00128_c is 0.34578912273969964...
Loop145 pFBA...5863.0...Ave likelihood of: cpd00018_c is 0.2797909802797628...
Loop146 pFBA...5863.0...Ave likelihood of: cpd00091_c is 0.2797917113523882...
Loop147 pFBA...4175.0...Ave likelihood of: cpd00092_c is 0.2935059458215102...
Loop148 pFBA...63538.0...Ave likelihood of: cpd00305_c is 0.1505405968842007...
Loop149 pFBA...12818.0...Ave likelihood of: cpd00220_c is 0.2996939263690233...
Loop150 pFBA...14535.0...Ave likelihood of: cpd00218_c is 0.15902417426483997...
Loop151 pFBA...14780.0...Ave likelihood of: cpd00215_c is 0.2529319524506966...
Loop152 pFBA...28881.0...Ave likelihood of: cpd00104_c is 0.1844468665214552...
Loop153 pFBA...35951.0...Ave likelihood of: cpd00393_c is 0.16188552805204293...
Loop154 pFBA...6189.0...Ave likelihood of: cpd00363_c is 0.4270380378666135...
Loop155 pFBA...8587.0...Ave likelihood of: cpd00281_c is 0.20180788402408406...
Loop156 pFBA...4149.0...Ave likelihood of: cpd00025_c is 0.30445156973491194...
Loop157 pFBA...19993.0...Ave likelihood of: cpd00811_c is 0.29741736504277233...
Loop158 pFBA...6026.0...Ave likelihood of: cpd00714_c is 0.30831538226435384...
33.7026133339mins to complete!
