
The following have been reloaded with a version change:
  1) anaconda2/4.4.0 => anaconda2/5.1.0

Loading in models...Adding Water...Remove no-like rxns...Pruned 1 metabolites from model
Pruned 1 reactions from model
Set-up Universal...63.0seconds to complete

Loop0 pFBA...6308.0...Ave likelihood of: cpd00117_c is 0.12523380651698793...
Loop1 pFBA...7946.0...Ave likelihood of: cpd00186_c is 0.17637960491840265...
Loop2 pFBA...23385.0...Ave likelihood of: cpd00637_c is 0.10224309885256688...
Loop3 pFBA...7398.0...Ave likelihood of: cpd00550_c is 0.1307863986347156...
Loop4 pFBA...4736.0...Ave likelihood of: cpd00033_c is 0.15781724305605904...
Loop5 pFBA...6153.0...Ave likelihood of: cpd00035_c is 0.26583117067582973...
Loop6 pFBA...19081.0...Ave likelihood of: cpd00051_c is 0.2655580139308913...
Loop7 pFBA...8375.0...Ave likelihood of: cpd00132_c is 0.14185541484936276...
Loop8 pFBA...5881.0...Ave likelihood of: cpd00041_c is 0.12906746401721197...
Loop9 pFBA...14384.0...Ave likelihood of: cpd00084_c is 0.17767569949977574...
Loop10 pFBA...7711.0...Ave likelihood of: cpd00023_c is 0.12857209888103086...
Loop11 pFBA...10115.0...Ave likelihood of: cpd00053_c is 0.11461978104494781...
Loop12 pFBA...22024.0...Ave likelihood of: cpd00119_c is 0.09292784983936102...
Loop13 pFBA...18237.0...Ave likelihood of: cpd00322_c is 0.1662327412153199...
Loop14 pFBA...15054.0...Ave likelihood of: cpd00107_c is 0.16970777533799986...
Loop15 pFBA...20939.0...Ave likelihood of: cpd00039_c is 0.2068977996526079...
Loop16 pFBA...22397.0...Ave likelihood of: cpd00060_c is 0.13859760966537457...
Loop17 pFBA...21226.0...Ave likelihood of: cpd00066_c is 0.15190732284848868...
Loop18 pFBA...11974.0...Ave likelihood of: cpd00129_c is 0.10512697919835756...
Loop19 pFBA...6398.0...Ave likelihood of: cpd00054_c is 0.13825990712812794...
Loop20 pFBA...8663.0...Ave likelihood of: cpd00161_c is 0.23627945504762396...
Loop21 pFBA...30527.0...Ave likelihood of: cpd00065_c is 0.1266060181870196...
Loop22 pFBA...19118.0...Ave likelihood of: cpd00069_c is 0.1772641262811223...
Loop23 pFBA...9171.0...Ave likelihood of: cpd00156_c is 0.1095978044771394...
Loop24 pFBA...25031.0...Ave likelihood of: cpd00098_c is 0.12853360289389884...
Loop25 pFBA...15441.0...Ave likelihood of: cpd00274_c is 0.23251355002819432...
Loop26 pFBA...7014.0...Ave likelihood of: cpd00226_c is 0.28054293493192983...
Loop27 pFBA...5061.0...Ave likelihood of: cpd00246_c is 0.2674353358367225...
Loop28 pFBA...21002.0...Ave likelihood of: cpd00374_c is 0.17154472480930572...
Loop29 pFBA...5012.0...Ave likelihood of: cpd00221_c is 0.2822309634834669...
Loop30 pFBA...4447.0...Ave likelihood of: cpd00159_c is 0.5328398691466191...
Loop31 pFBA...10709.0...Ave likelihood of: cpd00211_c is 0.22162657895975924...
Loop32 pFBA...4192.0...Ave likelihood of: cpd00047_c is 0.24517950819947928...
Loop33 pFBA...5340.0...Ave likelihood of: cpd00106_c is 0.0895114682746456...
Loop34 pFBA...8014.0...Ave likelihood of: cpd00141_c is 0.42214821403602854...
Loop35 pFBA...21302.0...Ave likelihood of: cpd00216_c is 0.11541157277232562...
Loop36 pFBA...5138.0...Ave likelihood of: cpd00036_c is 0.03856112335141428...
Loop37 pFBA...22022.0...Ave likelihood of: cpd00581_c is 0.0887038566648446...
Loop38 pFBA...4969.0...Ave likelihood of: cpd00128_c is 0.09615916763302923...
Loop39 pFBA...6073.0...Ave likelihood of: cpd00018_c is 0.14961230546739177...
Loop40 pFBA...5422.0...Ave likelihood of: cpd00091_c is 0.17672806175054737...
Loop41 pFBA...3462.0...Ave likelihood of: cpd00092_c is 0.39534547283043686...
Loop42 pFBA...64566.0...Ave likelihood of: cpd00305_c is 0.11091650784583981...
Loop43 pFBA...14646.0...Ave likelihood of: cpd00220_c is 0.06590643610184795...
Loop44 pFBA...14545.0...Ave likelihood of: cpd00218_c is 0.13986141081491285...
Loop45 pFBA...15083.0...Ave likelihood of: cpd00215_c is 0.20208684031076385...
Loop46 pFBA...29102.0...Ave likelihood of: cpd00104_c is 0.1420755464714277...
Loop47 pFBA...35489.0...Ave likelihood of: cpd00393_c is 0.1274484236426478...
Loop48 pFBA...6390.0...Ave likelihood of: cpd00363_c is 0.34127655856603356...
Loop49 pFBA...9999.0...Ave likelihood of: cpd00281_c is 8.337973488117324e-05...
Loop50 pFBA...4241.0...Ave likelihood of: cpd00025_c is 0.24089846628845438...
Loop51 pFBA...21081.0...Ave likelihood of: cpd00811_c is 0.11590913650343607...
Loop52 pFBA...5705.0...Ave likelihood of: cpd00714_c is 0.2876110149155201...
Loop53 pFBA...6308.0...Ave likelihood of: cpd00117_c is 0.12523380651698793...
Loop54 pFBA...7946.0...Ave likelihood of: cpd00186_c is 0.17637960491840265...
Loop55 pFBA...23415.0...Ave likelihood of: cpd00637_c is 0.10315353289064731...
Loop56 pFBA...7462.0...Ave likelihood of: cpd00550_c is 0.10612544971701762...
Loop57 pFBA...4736.0...Ave likelihood of: cpd00033_c is 0.15781724305605904...
Loop58 pFBA...6189.0...Ave likelihood of: cpd00035_c is 0.12523380651698793...
Loop59 pFBA...19474.0...Ave likelihood of: cpd00051_c is 0.1344416447025661...
Loop60 pFBA...8375.0...Ave likelihood of: cpd00132_c is 0.14185541484936276...
Loop61 pFBA...5881.0...Ave likelihood of: cpd00041_c is 0.12906746401721197...
Loop62 pFBA...14703.0...Ave likelihood of: cpd00084_c is 0.15778841809215358...
Loop63 pFBA...7711.0...Ave likelihood of: cpd00023_c is 0.12860857751504137...
Loop64 pFBA...10115.0...Ave likelihood of: cpd00053_c is 0.11460400650051081...
Loop65 pFBA...22024.0...Ave likelihood of: cpd00119_c is 0.09292784983936102...
Loop66 pFBA...18292.0...Ave likelihood of: cpd00322_c is 0.07744139211987103...
Loop67 pFBA...15054.0...Ave likelihood of: cpd00107_c is 0.18460043079049718...
Loop68 pFBA...21468.0...Ave likelihood of: cpd00039_c is 0.1688913087644787...
Loop69 pFBA...22417.0...Ave likelihood of: cpd00060_c is 0.10977673086289304...
Loop70 pFBA...22351.0...Ave likelihood of: cpd00066_c is 0.12987487501733488...
Loop71 pFBA...11974.0...Ave likelihood of: cpd00129_c is 0.10512697919835756...
Loop72 pFBA...6462.0...Ave likelihood of: cpd00054_c is 0.10848379304406246...
Loop73 pFBA...8873.0...Ave likelihood of: cpd00161_c is 0.15436930260388845...
Loop74 pFBA...30527.0...Ave likelihood of: cpd00065_c is 0.1295271847546731...
Loop75 pFBA...20027.0...Ave likelihood of: cpd00069_c is 0.11307472306046533...
Loop76 pFBA...9171.0...Ave likelihood of: cpd00156_c is 0.1095978044771394...
Loop77 pFBA...25367.0...Ave likelihood of: cpd00098_c is 0.10440072755454725...
Loop78 pFBA...15846.0...Ave likelihood of: cpd00274_c is 0.1352905442558265...
Loop79 pFBA...7014.0...Ave likelihood of: cpd00226_c is 0.28054293493192983...
Loop80 pFBA...5145.0...Ave likelihood of: cpd00246_c is 0.19806936365957137...
Loop81 pFBA...22376.0...Ave likelihood of: cpd00374_c is 0.11307472306046532...
Loop82 pFBA...5511.0...Ave likelihood of: cpd00221_c is 0.08388016437613421...
Loop83 pFBA...4769.0...Ave likelihood of: cpd00159_c is 0.2685897902614976...
Loop84 pFBA...10764.0...Ave likelihood of: cpd00211_c is 0.13984689914379855...
Loop85 pFBA...4280.0...Ave likelihood of: cpd00047_c is 0.09612908507811663...
Loop86 pFBA...5340.0...Ave likelihood of: cpd00106_c is 0.0895114682746456...
Loop87 pFBA...8450.0...Ave likelihood of: cpd00141_c is 0.07549452650866326...
Loop88 pFBA...22121.0...Ave likelihood of: cpd00216_c is 0.1377301975095831...
Loop89 pFBA...5138.0...Ave likelihood of: cpd00036_c is 0.03856112335141428...
Loop90 pFBA...22022.0...Ave likelihood of: cpd00581_c is 0.09076673705239914...
Loop91 pFBA...4969.0...Ave likelihood of: cpd00128_c is 0.09615916763302923...
Loop92 pFBA...6073.0...Ave likelihood of: cpd00018_c is 0.14961230546739177...
Loop93 pFBA...5422.0...Ave likelihood of: cpd00091_c is 0.17672806175054737...
Loop94 pFBA...3462.0...Ave likelihood of: cpd00092_c is 0.39534547283043686...
Loop95 pFBA...64765.0...Ave likelihood of: cpd00305_c is 0.10921069883639659...
Loop96 pFBA...14646.0...Ave likelihood of: cpd00220_c is 0.06590643610184795...
Loop97 pFBA...14890.0...Ave likelihood of: cpd00218_c is 0.10246649576532509...
Loop98 pFBA...15517.0...Ave likelihood of: cpd00215_c is 0.16622331724387068...
Loop99 pFBA...29261.0...Ave likelihood of: cpd00104_c is 0.13325838401391302...
Loop100 pFBA...35492.0...Ave likelihood of: cpd00393_c is 0.12889367550523817...
Loop101 pFBA...7468.0...Ave likelihood of: cpd00363_c is 0.15207118489139915...
Loop102 pFBA...9999.0...Ave likelihood of: cpd00281_c is 8.337973488117324e-05...
Loop103 pFBA...4388.0...Ave likelihood of: cpd00025_c is 0.25795044330170075...
Loop104 pFBA...22063.0...Ave likelihood of: cpd00811_c is 0.1000050241970978...
Loop105 pFBA...6559.0...Ave likelihood of: cpd00714_c is 0.2382508234664041...
Loop106 pFBA...6308.0...Ave likelihood of: cpd00117_c is 0.12523380651698793...
Loop107 pFBA...7946.0...Ave likelihood of: cpd00186_c is 0.16600433404084955...
Loop108 pFBA...23322.0...Ave likelihood of: cpd00637_c is 0.11264529976814892...
Loop109 pFBA...7446.0...Ave likelihood of: cpd00550_c is 0.20747255155539238...
Loop110 pFBA...4736.0...Ave likelihood of: cpd00033_c is 0.15781724305605904...
Loop111 pFBA...6189.0...Ave likelihood of: cpd00035_c is 0.12523380651698793...
Loop112 pFBA...19048.0...Ave likelihood of: cpd00051_c is 0.2455122268971664...
Loop113 pFBA...8375.0...Ave likelihood of: cpd00132_c is 0.14185541484936276...
Loop114 pFBA...5881.0...Ave likelihood of: cpd00041_c is 0.13323093059841234...
Loop115 pFBA...14629.0...Ave likelihood of: cpd00084_c is 0.17363800092672702...
Loop116 pFBA...7711.0...Ave likelihood of: cpd00023_c is 0.13714357213976625...
Loop117 pFBA...10115.0...Ave likelihood of: cpd00053_c is 0.11460400650051081...
Loop118 pFBA...22024.0...Ave likelihood of: cpd00119_c is 0.09076673705239913...
Loop119 pFBA...18187.0...Ave likelihood of: cpd00322_c is 0.17074539394927737...
Loop120 pFBA...15054.0...Ave likelihood of: cpd00107_c is 0.16970777533799986...
Loop121 pFBA...21049.0...Ave likelihood of: cpd00039_c is 0.1751975410350067...
Loop122 pFBA...22341.0...Ave likelihood of: cpd00060_c is 0.11821373776716272...
Loop123 pFBA...21046.0...Ave likelihood of: cpd00066_c is 0.16295721042379532...
Loop124 pFBA...11974.0...Ave likelihood of: cpd00129_c is 0.10512697919835756...
Loop125 pFBA...6446.0...Ave likelihood of: cpd00054_c is 0.1958540525993507...
Loop126 pFBA...8667.0...Ave likelihood of: cpd00161_c is 0.30476100413874935...
Loop127 pFBA...30524.0...Ave likelihood of: cpd00065_c is 0.13226626938361716...
Loop128 pFBA...18969.0...Ave likelihood of: cpd00069_c is 0.1651839701544256...
Loop129 pFBA...9171.0...Ave likelihood of: cpd00156_c is 0.1095978044771394...
Loop130 pFBA...24940.0...Ave likelihood of: cpd00098_c is 0.18309724144390557...
Loop131 pFBA...15507.0...Ave likelihood of: cpd00274_c is 0.22293155316945348...
Loop132 pFBA...7014.0...Ave likelihood of: cpd00226_c is 0.28054293493192983...
Loop133 pFBA...5100.0...Ave likelihood of: cpd00246_c is 0.2755270840352438...
Loop134 pFBA...20819.0...Ave likelihood of: cpd00374_c is 0.1752646142251355...
Loop135 pFBA...4903.0...Ave likelihood of: cpd00221_c is 0.17487514658501643...
Loop136 pFBA...4510.0...Ave likelihood of: cpd00159_c is 0.25160821349662066...
Loop137 pFBA...10663.0...Ave likelihood of: cpd00211_c is 0.2283405257102814...
Loop138 pFBA...4265.0...Ave likelihood of: cpd00047_c is 0.12401462606902387...
Loop139 pFBA...5340.0...Ave likelihood of: cpd00106_c is 0.0895114682746456...
Loop140 pFBA...8269.0...Ave likelihood of: cpd00141_c is 0.19894866286663307...
Loop141 pFBA...21099.0...Ave likelihood of: cpd00216_c is 0.1434721375851112...
Loop142 pFBA...5138.0...Ave likelihood of: cpd00036_c is 0.03856112335141428...
Loop143 pFBA...22022.0...Ave likelihood of: cpd00581_c is 0.09076673705239914...
Loop144 pFBA...4969.0...Ave likelihood of: cpd00128_c is 0.09615916763302923...
Loop145 pFBA...6073.0...Ave likelihood of: cpd00018_c is 0.14961230546739177...
Loop146 pFBA...5422.0...Ave likelihood of: cpd00091_c is 0.17672806175054737...
Loop147 pFBA...3452.0...Ave likelihood of: cpd00092_c is 0.3095355482834781...
Loop148 pFBA...64586.0...Ave likelihood of: cpd00305_c is 0.130155514335692...
Loop149 pFBA...14630.0...Ave likelihood of: cpd00220_c is 0.1477577341789485...
Loop150 pFBA...14459.0...Ave likelihood of: cpd00218_c is 0.14390952576743354...
Loop151 pFBA...14971.0...Ave likelihood of: cpd00215_c is 0.1990177483143324...
Loop152 pFBA...29128.0...Ave likelihood of: cpd00104_c is 0.1369900961929412...
Loop153 pFBA...35485.0...Ave likelihood of: cpd00393_c is 0.11604289406683618...
Loop154 pFBA...6577.0...Ave likelihood of: cpd00363_c is 0.3818331610678464...
Loop155 pFBA...9999.0...Ave likelihood of: cpd00281_c is 8.337973488117324e-05...
Loop156 pFBA...4207.0...Ave likelihood of: cpd00025_c is 0.2500741935141679...
Loop157 pFBA...20948.0...Ave likelihood of: cpd00811_c is 0.12091407862655255...
Loop158 pFBA...5568.0...Ave likelihood of: cpd00714_c is 0.30071919666653946...
33.2113263488mins to complete!
