
The following have been reloaded with a version change:
  1) anaconda2/4.4.0 => anaconda2/5.1.0

Loading in models...Adding Water...Remove no-like rxns...Pruned 1 metabolites from model
Pruned 1 reactions from model
Set-up Universal...47.0seconds to complete

Loop0 pFBA...5365.0...Ave likelihood of: cpd00117_c is 0.3946363874651433...
Loop1 pFBA...7603.0...Ave likelihood of: cpd00186_c is 0.23286531173160752...
Loop2 pFBA...22418.0...Ave likelihood of: cpd00637_c is 0.1809551982484688...
Loop3 pFBA...6385.0...Ave likelihood of: cpd00550_c is 0.295635829398255...
Loop4 pFBA...4200.0...Ave likelihood of: cpd00033_c is 0.22608148996228256...
Loop5 pFBA...5237.0...Ave likelihood of: cpd00035_c is 0.3946363874651433...
Loop6 pFBA...18174.0...Ave likelihood of: cpd00051_c is 0.30312109170450235...
Loop7 pFBA...7953.0...Ave likelihood of: cpd00132_c is 0.19152612444713715...
Loop8 pFBA...5456.0...Ave likelihood of: cpd00041_c is 0.17459726248874646...
Loop9 pFBA...13557.0...Ave likelihood of: cpd00084_c is 0.25209206943329915...
Loop10 pFBA...7344.0...Ave likelihood of: cpd00023_c is 0.1311645161566382...
Loop11 pFBA...9677.0...Ave likelihood of: cpd00053_c is 0.16538843506256606...
Loop12 pFBA...21731.0...Ave likelihood of: cpd00119_c is 0.16120784350745238...
Loop13 pFBA...17446.0...Ave likelihood of: cpd00322_c is 0.12580929828000645...
Loop14 pFBA...14904.0...Ave likelihood of: cpd00107_c is 0.19254243383836872...
Loop15 pFBA...20517.0...Ave likelihood of: cpd00039_c is 0.17354876870577118...
Loop16 pFBA...21418.0...Ave likelihood of: cpd00060_c is 0.17908968074075263...
Loop17 pFBA...20679.0...Ave likelihood of: cpd00066_c is 0.24985935191428363...
Loop18 pFBA...10608.0...Ave likelihood of: cpd00129_c is 0.15466620574687848...
Loop19 pFBA...5385.0...Ave likelihood of: cpd00054_c is 0.295635829398255...
Loop20 pFBA...7858.0...Ave likelihood of: cpd00161_c is 0.3280435396604374...
Loop21 pFBA...28552.0...Ave likelihood of: cpd00065_c is 0.17837608000118554...
Loop22 pFBA...18541.0...Ave likelihood of: cpd00069_c is 0.25006804304662617...
Loop23 pFBA...8727.0...Ave likelihood of: cpd00156_c is 0.21662826598206858...
Loop24 pFBA...23952.0...Ave likelihood of: cpd00098_c is 0.21837696164854692...
Loop25 pFBA...14852.0...Ave likelihood of: cpd00274_c is 0.35117413332493...
Loop26 pFBA...6120.0...Ave likelihood of: cpd00226_c is 0.3808342400564341...
Loop27 pFBA...4579.0...Ave likelihood of: cpd00246_c is 0.38532159737369864...
Loop28 pFBA...20385.0...Ave likelihood of: cpd00374_c is 0.23729068799451797...
Loop29 pFBA...4149.0...Ave likelihood of: cpd00221_c is 0.33880314641191034...
Loop30 pFBA...3972.0...Ave likelihood of: cpd00159_c is 0.4167699258360865...
Loop31 pFBA...10130.0...Ave likelihood of: cpd00211_c is 0.24820401931012567...
Loop32 pFBA...3956.0...Ave likelihood of: cpd00047_c is 0.3125392643957179...
Loop33 pFBA...5238.0...Ave likelihood of: cpd00106_c is 0.16404063177721187...
Loop34 pFBA...7652.0...Ave likelihood of: cpd00141_c is 0.3336301276817284...
Loop35 pFBA...19631.0...Ave likelihood of: cpd00216_c is 0.2802475394930263...
Loop36 pFBA...5009.0...Ave likelihood of: cpd00036_c is 0.0803394818662312...
Loop37 pFBA...22367.0...Ave likelihood of: cpd00581_c is 0.13536153571609286...
Loop38 pFBA...4437.0...Ave likelihood of: cpd00128_c is 0.22586284390286301...
Loop39 pFBA...6001.0...Ave likelihood of: cpd00018_c is 0.3155182618063497...
Loop40 pFBA...5187.0...Ave likelihood of: cpd00091_c is 0.4091505518062595...
Loop41 pFBA...3565.0...Ave likelihood of: cpd00092_c is 0.3761867028256696...
Loop42 pFBA...62583.0...Ave likelihood of: cpd00305_c is 0.17266629500457334...
Loop43 pFBA...12629.0...Ave likelihood of: cpd00220_c is 0.21682167186153017...
Loop44 pFBA...14653.0...Ave likelihood of: cpd00218_c is 0.1664007394352258...
Loop45 pFBA...14441.0...Ave likelihood of: cpd00215_c is 0.2723920446446609...
Loop46 pFBA...28428.0...Ave likelihood of: cpd00104_c is 0.19430142186136698...
Loop47 pFBA...36320.0...Ave likelihood of: cpd00393_c is 0.15559787662506264...
Loop48 pFBA...6024.0...Ave likelihood of: cpd00363_c is 0.418803503463821...
Loop49 pFBA...9189.0...Ave likelihood of: cpd00281_c is 0.1159064028022425...
Loop50 pFBA...4106.0...Ave likelihood of: cpd00025_c is 0.27005759427457876...
Loop51 pFBA...20228.0...Ave likelihood of: cpd00811_c is 0.22537607668005474...
Loop52 pFBA...5365.0...Ave likelihood of: cpd00117_c is 0.3946363874651433...
Loop53 pFBA...7603.0...Ave likelihood of: cpd00186_c is 0.23286531173160752...
Loop54 pFBA...22478.0...Ave likelihood of: cpd00637_c is 0.11977773083631389...
Loop55 pFBA...6425.0...Ave likelihood of: cpd00550_c is 0.3801195030183466...
Loop56 pFBA...4200.0...Ave likelihood of: cpd00033_c is 0.22608148996228256...
Loop57 pFBA...5237.0...Ave likelihood of: cpd00035_c is 0.3946363874651433...
Loop58 pFBA...18613.0...Ave likelihood of: cpd00051_c is 0.29944218317440413...
Loop59 pFBA...7953.0...Ave likelihood of: cpd00132_c is 0.19152612444713715...
Loop60 pFBA...5456.0...Ave likelihood of: cpd00041_c is 0.20836311174082114...
Loop61 pFBA...13754.0...Ave likelihood of: cpd00084_c is 0.25229651714608053...
Loop62 pFBA...7344.0...Ave likelihood of: cpd00023_c is 0.1311645161566382...
Loop63 pFBA...9677.0...Ave likelihood of: cpd00053_c is 0.16536860796142028...
Loop64 pFBA...21731.0...Ave likelihood of: cpd00119_c is 0.1547595297671543...
Loop65 pFBA...17446.0...Ave likelihood of: cpd00322_c is 0.12580929828000645...
Loop66 pFBA...14904.0...Ave likelihood of: cpd00107_c is 0.19254243383836872...
Loop67 pFBA...21049.0...Ave likelihood of: cpd00039_c is 0.24742892008029038...
Loop68 pFBA...21478.0...Ave likelihood of: cpd00060_c is 0.12141852166968803...
Loop69 pFBA...21428.0...Ave likelihood of: cpd00066_c is 0.25200696877557877...
Loop70 pFBA...10608.0...Ave likelihood of: cpd00129_c is 0.1391995851721906...
Loop71 pFBA...5425.0...Ave likelihood of: cpd00054_c is 0.40546080321956973...
Loop72 pFBA...7971.0...Ave likelihood of: cpd00161_c is 0.24203492836393828...
Loop73 pFBA...28552.0...Ave likelihood of: cpd00065_c is 0.18081161400410486...
Loop74 pFBA...19037.0...Ave likelihood of: cpd00069_c is 0.279568357477834...
Loop75 pFBA...8727.0...Ave likelihood of: cpd00156_c is 0.21662826598206858...
Loop76 pFBA...24293.0...Ave likelihood of: cpd00098_c is 0.1846342730027798...
Loop77 pFBA...15265.0...Ave likelihood of: cpd00274_c is 0.1942115434446684...
Loop78 pFBA...6120.0...Ave likelihood of: cpd00226_c is 0.3808342400564341...
Loop79 pFBA...4851.0...Ave likelihood of: cpd00246_c is 0.28599340603998824...
Loop80 pFBA...21220.0...Ave likelihood of: cpd00374_c is 0.26434944811743927...
Loop81 pFBA...4296.0...Ave likelihood of: cpd00221_c is 0.29659095933700136...
Loop82 pFBA...4135.0...Ave likelihood of: cpd00159_c is 0.31478729516699583...
Loop83 pFBA...10157.0...Ave likelihood of: cpd00211_c is 0.13452577970579963...
Loop84 pFBA...4079.0...Ave likelihood of: cpd00047_c is 0.40629526499988394...
Loop85 pFBA...5238.0...Ave likelihood of: cpd00106_c is 0.16404063177721187...
Loop86 pFBA...7795.0...Ave likelihood of: cpd00141_c is 0.1948628651928228...
Loop87 pFBA...20309.0...Ave likelihood of: cpd00216_c is 0.22879216416261483...
Loop88 pFBA...5009.0...Ave likelihood of: cpd00036_c is 0.0803394818662312...
Loop89 pFBA...22367.0...Ave likelihood of: cpd00581_c is 0.13849149568752092...
Loop90 pFBA...4437.0...Ave likelihood of: cpd00128_c is 0.22586284390286301...
Loop91 pFBA...6001.0...Ave likelihood of: cpd00018_c is 0.3155182618063497...
Loop92 pFBA...5187.0...Ave likelihood of: cpd00091_c is 0.4091505518062595...
Loop93 pFBA...3565.0...Ave likelihood of: cpd00092_c is 0.3761867028256696...
Loop94 pFBA...62660.0...Ave likelihood of: cpd00305_c is 0.17273564082032838...
Loop95 pFBA...12629.0...Ave likelihood of: cpd00220_c is 0.2223812019092617...
Loop96 pFBA...14807.0...Ave likelihood of: cpd00218_c is 0.17245607453204642...
Loop97 pFBA...14737.0...Ave likelihood of: cpd00215_c is 0.2748827661284521...
Loop98 pFBA...28515.0...Ave likelihood of: cpd00104_c is 0.16608039417530557...
Loop99 pFBA...36325.0...Ave likelihood of: cpd00393_c is 0.1693580093954048...
Loop100 pFBA...6457.0...Ave likelihood of: cpd00363_c is 0.4519345931188942...
Loop101 pFBA...9189.0...Ave likelihood of: cpd00281_c is 0.1159064028022425...
Loop102 pFBA...4241.0...Ave likelihood of: cpd00025_c is 0.3626003754484335...
Loop103 pFBA...21135.0...Ave likelihood of: cpd00811_c is 0.288849415730233...
Loop104 pFBA...5365.0...Ave likelihood of: cpd00117_c is 0.3946363874651433...
Loop105 pFBA...7603.0...Ave likelihood of: cpd00186_c is 0.23286531173160752...
Loop106 pFBA...22451.0...Ave likelihood of: cpd00637_c is 0.16727868472704815...
Loop107 pFBA...6414.0...Ave likelihood of: cpd00550_c is 0.29467865907551616...
Loop108 pFBA...4200.0...Ave likelihood of: cpd00033_c is 0.22608148996228256...
Loop109 pFBA...5237.0...Ave likelihood of: cpd00035_c is 0.3946363874651433...
Loop110 pFBA...18258.0...Ave likelihood of: cpd00051_c is 0.2988209965955344...
Loop111 pFBA...7953.0...Ave likelihood of: cpd00132_c is 0.19152612444713715...
Loop112 pFBA...5456.0...Ave likelihood of: cpd00041_c is 0.1806178577469791...
Loop113 pFBA...13695.0...Ave likelihood of: cpd00084_c is 0.3141390097564857...
Loop114 pFBA...7344.0...Ave likelihood of: cpd00023_c is 0.1311645161566382...
Loop115 pFBA...9677.0...Ave likelihood of: cpd00053_c is 0.16536860796142028...
Loop116 pFBA...21731.0...Ave likelihood of: cpd00119_c is 0.154774994906048...
Loop117 pFBA...17446.0...Ave likelihood of: cpd00322_c is 0.12580929828000645...
Loop118 pFBA...14904.0...Ave likelihood of: cpd00107_c is 0.19254243383836872...
Loop119 pFBA...20669.0...Ave likelihood of: cpd00039_c is 0.1908883668242063...
Loop120 pFBA...21451.0...Ave likelihood of: cpd00060_c is 0.16909693130016823...
Loop121 pFBA...20792.0...Ave likelihood of: cpd00066_c is 0.26825091824724234...
Loop122 pFBA...10608.0...Ave likelihood of: cpd00129_c is 0.15466620574687848...
Loop123 pFBA...5414.0...Ave likelihood of: cpd00054_c is 0.3010847168815056...
Loop124 pFBA...7852.0...Ave likelihood of: cpd00161_c is 0.32869778815702283...
Loop125 pFBA...28552.0...Ave likelihood of: cpd00065_c is 0.17837608000118552...
Loop126 pFBA...18585.0...Ave likelihood of: cpd00069_c is 0.25677991824934926...
Loop127 pFBA...8727.0...Ave likelihood of: cpd00156_c is 0.21662826598206858...
Loop128 pFBA...23947.0...Ave likelihood of: cpd00098_c is 0.195662154700856...
Loop129 pFBA...15000.0...Ave likelihood of: cpd00274_c is 0.33735867780206746...
Loop130 pFBA...6120.0...Ave likelihood of: cpd00226_c is 0.3808342400564341...
Loop131 pFBA...4603.0...Ave likelihood of: cpd00246_c is 0.38818280687521156...
Loop132 pFBA...20497.0...Ave likelihood of: cpd00374_c is 0.27430255669429593...
Loop133 pFBA...4275.0...Ave likelihood of: cpd00221_c is 0.34920752286692075...
Loop134 pFBA...4094.0...Ave likelihood of: cpd00159_c is 0.3338172926080567...
Loop135 pFBA...10127.0...Ave likelihood of: cpd00211_c is 0.24885826780671105...
Loop136 pFBA...4044.0...Ave likelihood of: cpd00047_c is 0.2931360532983715...
Loop137 pFBA...5238.0...Ave likelihood of: cpd00106_c is 0.16404063177721187...
Loop138 pFBA...7770.0...Ave likelihood of: cpd00141_c is 0.24483665154367013...
Loop139 pFBA...19849.0...Ave likelihood of: cpd00216_c is 0.26797181842003537...
Loop140 pFBA...5009.0...Ave likelihood of: cpd00036_c is 0.0803394818662312...
Loop141 pFBA...22367.0...Ave likelihood of: cpd00581_c is 0.1353439616946227...
Loop142 pFBA...4437.0...Ave likelihood of: cpd00128_c is 0.22586284390286301...
Loop143 pFBA...6001.0...Ave likelihood of: cpd00018_c is 0.3155182618063497...
Loop144 pFBA...5187.0...Ave likelihood of: cpd00091_c is 0.4091505518062595...
Loop145 pFBA...3565.0...Ave likelihood of: cpd00092_c is 0.3761867028256696...
Loop146 pFBA...62579.0...Ave likelihood of: cpd00305_c is 0.17720463160398894...
Loop147 pFBA...12625.0...Ave likelihood of: cpd00220_c is 0.2723151224219252...
Loop148 pFBA...14739.0...Ave likelihood of: cpd00218_c is 0.18045102271412922...
Loop149 pFBA...14431.0...Ave likelihood of: cpd00215_c is 0.27317395138448247...
Loop150 pFBA...28417.0...Ave likelihood of: cpd00104_c is 0.1946616260898241...
Loop151 pFBA...36318.0...Ave likelihood of: cpd00393_c is 0.15610673656685126...
Loop152 pFBA...6030.0...Ave likelihood of: cpd00363_c is 0.44592696167006696...
Loop153 pFBA...9189.0...Ave likelihood of: cpd00281_c is 0.1159064028022425...
Loop154 pFBA...4141.0...Ave likelihood of: cpd00025_c is 0.32815718352980666...
Loop155 pFBA...20252.0...Ave likelihood of: cpd00811_c is 0.20495343741376656...
31.8781701644mins to complete!
