
The following have been reloaded with a version change:
  1) anaconda2/4.4.0 => anaconda2/5.1.0

Loading in models...Adding Water...Remove no-like rxns...Pruned 1 metabolites from model
Pruned 1 reactions from model
Set-up Universal...60.0seconds to complete

Loop0 pFBA...5366.0...Ave likelihood of: cpd00117_c is 0.39450475248990496...
Loop1 pFBA...7601.0...Ave likelihood of: cpd00186_c is 0.23323305413083428...
Loop2 pFBA...22416.0...Ave likelihood of: cpd00637_c is 0.17742300318477375...
Loop3 pFBA...6385.0...Ave likelihood of: cpd00550_c is 0.2912097294874533...
Loop4 pFBA...4200.0...Ave likelihood of: cpd00033_c is 0.22635581649626213...
Loop5 pFBA...5239.0...Ave likelihood of: cpd00035_c is 0.39450475248990496...
Loop6 pFBA...18169.0...Ave likelihood of: cpd00051_c is 0.30345166635321125...
Loop7 pFBA...7954.0...Ave likelihood of: cpd00132_c is 0.19159592227167668...
Loop8 pFBA...5455.0...Ave likelihood of: cpd00041_c is 0.20856633249470513...
Loop9 pFBA...13557.0...Ave likelihood of: cpd00084_c is 0.2524531606051824...
Loop10 pFBA...7346.0...Ave likelihood of: cpd00023_c is 0.13088749360226296...
Loop11 pFBA...9678.0...Ave likelihood of: cpd00053_c is 0.1653699553398811...
Loop12 pFBA...21700.0...Ave likelihood of: cpd00119_c is 0.1587391391296305...
Loop13 pFBA...17447.0...Ave likelihood of: cpd00322_c is 0.12573526001273377...
Loop14 pFBA...14902.0...Ave likelihood of: cpd00107_c is 0.19247509140080946...
Loop15 pFBA...20517.0...Ave likelihood of: cpd00039_c is 0.17358450970857892...
Loop16 pFBA...21416.0...Ave likelihood of: cpd00060_c is 0.17925210631038999...
Loop17 pFBA...20675.0...Ave likelihood of: cpd00066_c is 0.25000372912313756...
Loop18 pFBA...10609.0...Ave likelihood of: cpd00129_c is 0.139059481224073...
Loop19 pFBA...5385.0...Ave likelihood of: cpd00054_c is 0.300603591728984...
Loop20 pFBA...7857.0...Ave likelihood of: cpd00161_c is 0.3282996389622142...
Loop21 pFBA...29294.0...Ave likelihood of: cpd00065_c is 0.17104944261198624...
Loop22 pFBA...18541.0...Ave likelihood of: cpd00069_c is 0.2540040848977141...
Loop23 pFBA...8728.0...Ave likelihood of: cpd00156_c is 0.21641610092646082...
Loop24 pFBA...23951.0...Ave likelihood of: cpd00098_c is 0.2281998221684582...
Loop25 pFBA...14851.0...Ave likelihood of: cpd00274_c is 0.35139943379764554...
Loop26 pFBA...6121.0...Ave likelihood of: cpd00226_c is 0.3807480413672342...
Loop27 pFBA...4580.0...Ave likelihood of: cpd00246_c is 0.38550879793205595...
Loop28 pFBA...20385.0...Ave likelihood of: cpd00374_c is 0.23345911002286573...
Loop29 pFBA...4148.0...Ave likelihood of: cpd00221_c is 0.33908014408502585...
Loop30 pFBA...3971.0...Ave likelihood of: cpd00159_c is 0.4168072300735224...
Loop31 pFBA...10131.0...Ave likelihood of: cpd00211_c is 0.24834378990661443...
Loop32 pFBA...3981.0...Ave likelihood of: cpd00047_c is 0.31925942721335754...
Loop33 pFBA...5239.0...Ave likelihood of: cpd00106_c is 0.1389218260441738...
Loop34 pFBA...7652.0...Ave likelihood of: cpd00141_c is 0.3339689191748128...
Loop35 pFBA...19627.0...Ave likelihood of: cpd00216_c is 0.28049877699395714...
Loop36 pFBA...5009.0...Ave likelihood of: cpd00036_c is 0.08068553108278702...
Loop37 pFBA...22335.0...Ave likelihood of: cpd00581_c is 0.13929073429970065...
Loop38 pFBA...4433.0...Ave likelihood of: cpd00128_c is 0.22690702078312952...
Loop39 pFBA...6001.0...Ave likelihood of: cpd00018_c is 0.31550145758297615...
Loop40 pFBA...5187.0...Ave likelihood of: cpd00091_c is 0.40913479784684675...
Loop41 pFBA...3563.0...Ave likelihood of: cpd00092_c is 0.3763189160164654...
Loop42 pFBA...62583.0...Ave likelihood of: cpd00305_c is 0.17702566335542017...
Loop43 pFBA...12628.0...Ave likelihood of: cpd00220_c is 0.21171807248616684...
Loop44 pFBA...14652.0...Ave likelihood of: cpd00218_c is 0.16658609603421806...
Loop45 pFBA...14440.0...Ave likelihood of: cpd00215_c is 0.27262617590469523...
Loop46 pFBA...28428.0...Ave likelihood of: cpd00104_c is 0.19223645127245503...
Loop47 pFBA...36419.0...Ave likelihood of: cpd00393_c is 0.15405505407877076...
Loop48 pFBA...6022.0...Ave likelihood of: cpd00363_c is 0.41915745617102845...
Loop49 pFBA...9190.0...Ave likelihood of: cpd00281_c is 0.11567720019099824...
Loop50 pFBA...4105.0...Ave likelihood of: cpd00025_c is 0.27562361017764947...
Loop51 pFBA...20223.0...Ave likelihood of: cpd00811_c is 0.23245847886037949...
Loop52 pFBA...5366.0...Ave likelihood of: cpd00117_c is 0.39450475248990496...
Loop53 pFBA...7601.0...Ave likelihood of: cpd00186_c is 0.23323305413083428...
Loop54 pFBA...22479.0...Ave likelihood of: cpd00637_c is 0.12144783631414663...
Loop55 pFBA...6425.0...Ave likelihood of: cpd00550_c is 0.3806297394252521...
Loop56 pFBA...4200.0...Ave likelihood of: cpd00033_c is 0.22635581649626213...
Loop57 pFBA...5239.0...Ave likelihood of: cpd00035_c is 0.39450475248990496...
Loop58 pFBA...18551.0...Ave likelihood of: cpd00051_c is 0.30807695702260207...
Loop59 pFBA...7954.0...Ave likelihood of: cpd00132_c is 0.19159592227167668...
Loop60 pFBA...5455.0...Ave likelihood of: cpd00041_c is 0.17477913279831084...
Loop61 pFBA...13754.0...Ave likelihood of: cpd00084_c is 0.2526035755323954...
Loop62 pFBA...7346.0...Ave likelihood of: cpd00023_c is 0.13088749360226296...
Loop63 pFBA...9678.0...Ave likelihood of: cpd00053_c is 0.1653699553398811...
Loop64 pFBA...21700.0...Ave likelihood of: cpd00119_c is 0.1587391391296305...
Loop65 pFBA...17447.0...Ave likelihood of: cpd00322_c is 0.12573526001273377...
Loop66 pFBA...14902.0...Ave likelihood of: cpd00107_c is 0.19247509140080946...
Loop67 pFBA...21002.0...Ave likelihood of: cpd00039_c is 0.21921931482671772...
Loop68 pFBA...21479.0...Ave likelihood of: cpd00060_c is 0.12144783631414663...
Loop69 pFBA...21389.0...Ave likelihood of: cpd00066_c is 0.28426994128989835...
Loop70 pFBA...10609.0...Ave likelihood of: cpd00129_c is 0.15451053469341444...
Loop71 pFBA...5425.0...Ave likelihood of: cpd00054_c is 0.4060050553869356...
Loop72 pFBA...7972.0...Ave likelihood of: cpd00161_c is 0.24225865995445958...
Loop73 pFBA...29294.0...Ave likelihood of: cpd00065_c is 0.17104944261198624...
Loop74 pFBA...18999.0...Ave likelihood of: cpd00069_c is 0.28334325382305703...
Loop75 pFBA...8728.0...Ave likelihood of: cpd00156_c is 0.21641610092646082...
Loop76 pFBA...24332.0...Ave likelihood of: cpd00098_c is 0.23814068216786693...
Loop77 pFBA...15261.0...Ave likelihood of: cpd00274_c is 0.21296434364207015...
Loop78 pFBA...6121.0...Ave likelihood of: cpd00226_c is 0.3807480413672342...
Loop79 pFBA...4821.0...Ave likelihood of: cpd00246_c is 0.3586925883403874...
Loop80 pFBA...21108.0...Ave likelihood of: cpd00374_c is 0.2733889359851588...
Loop81 pFBA...4297.0...Ave likelihood of: cpd00221_c is 0.2965107868855192...
Loop82 pFBA...4135.0...Ave likelihood of: cpd00159_c is 0.3147400600969974...
Loop83 pFBA...10160.0...Ave likelihood of: cpd00211_c is 0.1493141656190698...
Loop84 pFBA...4078.0...Ave likelihood of: cpd00047_c is 0.4215522931996685...
Loop85 pFBA...5239.0...Ave likelihood of: cpd00106_c is 0.16407962786908392...
Loop86 pFBA...7794.0...Ave likelihood of: cpd00141_c is 0.19526951290794317...
Loop87 pFBA...20306.0...Ave likelihood of: cpd00216_c is 0.2334246645140838...
Loop88 pFBA...5009.0...Ave likelihood of: cpd00036_c is 0.08068553108278702...
Loop89 pFBA...22335.0...Ave likelihood of: cpd00581_c is 0.13929073429970065...
Loop90 pFBA...4433.0...Ave likelihood of: cpd00128_c is 0.22690702078312952...
Loop91 pFBA...6001.0...Ave likelihood of: cpd00018_c is 0.31550145758297615...
Loop92 pFBA...5187.0...Ave likelihood of: cpd00091_c is 0.40913479784684675...
Loop93 pFBA...3563.0...Ave likelihood of: cpd00092_c is 0.3763189160164654...
Loop94 pFBA...62660.0...Ave likelihood of: cpd00305_c is 0.1727951973808541...
Loop95 pFBA...12628.0...Ave likelihood of: cpd00220_c is 0.22257540953673952...
Loop96 pFBA...14806.0...Ave likelihood of: cpd00218_c is 0.1725726324767722...
Loop97 pFBA...14731.0...Ave likelihood of: cpd00215_c is 0.31874261537479104...
Loop98 pFBA...28514.0...Ave likelihood of: cpd00104_c is 0.1620941231266389...
Loop99 pFBA...36425.0...Ave likelihood of: cpd00393_c is 0.16792443271110347...
Loop100 pFBA...6451.0...Ave likelihood of: cpd00363_c is 0.4674626608063212...
Loop101 pFBA...9190.0...Ave likelihood of: cpd00281_c is 0.11567720019099824...
Loop102 pFBA...4226.0...Ave likelihood of: cpd00025_c is 0.36747314212791193...
Loop103 pFBA...20990.0...Ave likelihood of: cpd00811_c is 0.2845616075911951...
Loop104 pFBA...5366.0...Ave likelihood of: cpd00117_c is 0.39450475248990496...
Loop105 pFBA...7601.0...Ave likelihood of: cpd00186_c is 0.23323305413083428...
Loop106 pFBA...22451.0...Ave likelihood of: cpd00637_c is 0.1715733868912168...
Loop107 pFBA...6415.0...Ave likelihood of: cpd00550_c is 0.2983480190327292...
Loop108 pFBA...4200.0...Ave likelihood of: cpd00033_c is 0.22635581649626213...
Loop109 pFBA...5239.0...Ave likelihood of: cpd00035_c is 0.39450475248990496...
Loop110 pFBA...18264.0...Ave likelihood of: cpd00051_c is 0.29909428376445746...
Loop111 pFBA...7954.0...Ave likelihood of: cpd00132_c is 0.19159592227167668...
Loop112 pFBA...5455.0...Ave likelihood of: cpd00041_c is 0.17477913279831084...
Loop113 pFBA...13694.0...Ave likelihood of: cpd00084_c is 0.3001610224736224...
Loop114 pFBA...7346.0...Ave likelihood of: cpd00023_c is 0.13088749360226296...
Loop115 pFBA...9678.0...Ave likelihood of: cpd00053_c is 0.1653699553398811...
Loop116 pFBA...21700.0...Ave likelihood of: cpd00119_c is 0.15875491988360368...
Loop117 pFBA...17447.0...Ave likelihood of: cpd00322_c is 0.12573526001273377...
Loop118 pFBA...14902.0...Ave likelihood of: cpd00107_c is 0.19247509140080946...
Loop119 pFBA...20669.0...Ave likelihood of: cpd00039_c is 0.19092722385618932...
Loop120 pFBA...21451.0...Ave likelihood of: cpd00060_c is 0.17716817124636516...
Loop121 pFBA...20789.0...Ave likelihood of: cpd00066_c is 0.26837211234713165...
Loop122 pFBA...10609.0...Ave likelihood of: cpd00129_c is 0.15451053469341444...
Loop123 pFBA...5415.0...Ave likelihood of: cpd00054_c is 0.30483384553344073...
Loop124 pFBA...7851.0...Ave likelihood of: cpd00161_c is 0.3289297821199774...
Loop125 pFBA...29294.0...Ave likelihood of: cpd00065_c is 0.16858194628306777...
Loop126 pFBA...18587.0...Ave likelihood of: cpd00069_c is 0.2606923221821917...
Loop127 pFBA...8728.0...Ave likelihood of: cpd00156_c is 0.21641610092646082...
Loop128 pFBA...23951.0...Ave likelihood of: cpd00098_c is 0.2045300210247507...
Loop129 pFBA...14999.0...Ave likelihood of: cpd00274_c is 0.33756372503024235...
Loop130 pFBA...6121.0...Ave likelihood of: cpd00226_c is 0.3807480413672342...
Loop131 pFBA...4604.0...Ave likelihood of: cpd00246_c is 0.3881458150913691...
Loop132 pFBA...20499.0...Ave likelihood of: cpd00374_c is 0.2742368519761708...
Loop133 pFBA...4276.0...Ave likelihood of: cpd00221_c is 0.34918670436807187...
Loop134 pFBA...4094.0...Ave likelihood of: cpd00159_c is 0.3339214562622181...
Loop135 pFBA...10129.0...Ave likelihood of: cpd00211_c is 0.2489739330643776...
Loop136 pFBA...4044.0...Ave likelihood of: cpd00047_c is 0.3299054476742448...
Loop137 pFBA...5239.0...Ave likelihood of: cpd00106_c is 0.1389218260441738...
Loop138 pFBA...7781.0...Ave likelihood of: cpd00141_c is 0.31435189511957956...
Loop139 pFBA...19845.0...Ave likelihood of: cpd00216_c is 0.2681819052981048...
Loop140 pFBA...5009.0...Ave likelihood of: cpd00036_c is 0.08068553108278702...
Loop141 pFBA...22335.0...Ave likelihood of: cpd00581_c is 0.13929073429970065...
Loop142 pFBA...4433.0...Ave likelihood of: cpd00128_c is 0.22690702078312952...
Loop143 pFBA...6001.0...Ave likelihood of: cpd00018_c is 0.31550145758297615...
Loop144 pFBA...5187.0...Ave likelihood of: cpd00091_c is 0.40913479784684675...
Loop145 pFBA...3563.0...Ave likelihood of: cpd00092_c is 0.3763189160164654...
Loop146 pFBA...62579.0...Ave likelihood of: cpd00305_c is 0.17448140375461987...
Loop147 pFBA...12624.0...Ave likelihood of: cpd00220_c is 0.27774183016314397...
Loop148 pFBA...14738.0...Ave likelihood of: cpd00218_c is 0.18056732887954777...
Loop149 pFBA...14431.0...Ave likelihood of: cpd00215_c is 0.27337927382494875...
Loop150 pFBA...28418.0...Ave likelihood of: cpd00104_c is 0.19258338402223477...
Loop151 pFBA...36418.0...Ave likelihood of: cpd00393_c is 0.1545451654236977...
Loop152 pFBA...6027.0...Ave likelihood of: cpd00363_c is 0.44629806509535563...
Loop153 pFBA...9190.0...Ave likelihood of: cpd00281_c is 0.11567720019099824...
Loop154 pFBA...4140.0...Ave likelihood of: cpd00025_c is 0.32829269062910693...
Loop155 pFBA...20248.0...Ave likelihood of: cpd00811_c is 0.2167230645338341...
31.7850803812mins to complete!
