
The following have been reloaded with a version change:
  1) anaconda2/4.4.0 => anaconda2/5.1.0

Loading in models...Adding Water...Remove no-like rxns...Pruned 1 metabolites from model
Pruned 1 reactions from model
Set-up Universal...61.0seconds to complete

Loop0 pFBA...5367.0...Ave likelihood of: cpd00117_c is 0.3945262580980886...
Loop1 pFBA...7603.0...Ave likelihood of: cpd00186_c is 0.23277627609818388...
Loop2 pFBA...22372.0...Ave likelihood of: cpd00637_c is 0.17882640684633264...
Loop3 pFBA...6388.0...Ave likelihood of: cpd00550_c is 0.29515040532165465...
Loop4 pFBA...4198.0...Ave likelihood of: cpd00033_c is 0.22634078784030442...
Loop5 pFBA...5239.0...Ave likelihood of: cpd00035_c is 0.3945262580980886...
Loop6 pFBA...18178.0...Ave likelihood of: cpd00051_c is 0.30279836439961344...
Loop7 pFBA...7955.0...Ave likelihood of: cpd00132_c is 0.19156090340386428...
Loop8 pFBA...5455.0...Ave likelihood of: cpd00041_c is 0.17507052790587738...
Loop9 pFBA...13565.0...Ave likelihood of: cpd00084_c is 0.2515441496798704...
Loop10 pFBA...7347.0...Ave likelihood of: cpd00023_c is 0.1306795292460249...
Loop11 pFBA...9679.0...Ave likelihood of: cpd00053_c is 0.16539155480800166...
Loop12 pFBA...21701.0...Ave likelihood of: cpd00119_c is 0.1588884667673839...
Loop13 pFBA...17445.0...Ave likelihood of: cpd00322_c is 0.12580896124310437...
Loop14 pFBA...14895.0...Ave likelihood of: cpd00107_c is 0.19272389469558582...
Loop15 pFBA...20525.0...Ave likelihood of: cpd00039_c is 0.17322740311497142...
Loop16 pFBA...21372.0...Ave likelihood of: cpd00060_c is 0.18095529264212232...
Loop17 pFBA...20534.0...Ave likelihood of: cpd00066_c is 0.25291944555539336...
Loop18 pFBA...10609.0...Ave likelihood of: cpd00129_c is 0.13913687270627606...
Loop19 pFBA...5388.0...Ave likelihood of: cpd00054_c is 0.3031296996559796...
Loop20 pFBA...7859.0...Ave likelihood of: cpd00161_c is 0.34656144874802614...
Loop21 pFBA...29298.0...Ave likelihood of: cpd00065_c is 0.16847286446124535...
Loop22 pFBA...18431.0...Ave likelihood of: cpd00069_c is 0.2411230256838164...
Loop23 pFBA...8731.0...Ave likelihood of: cpd00156_c is 0.21626942170272484...
Loop24 pFBA...23896.0...Ave likelihood of: cpd00098_c is 0.22338312994735326...
Loop25 pFBA...14864.0...Ave likelihood of: cpd00274_c is 0.35046701938849...
Loop26 pFBA...6122.0...Ave likelihood of: cpd00226_c is 0.3805433619910994...
Loop27 pFBA...4544.0...Ave likelihood of: cpd00246_c is 0.3970639190021853...
Loop28 pFBA...20237.0...Ave likelihood of: cpd00374_c is 0.23802558209950994...
Loop29 pFBA...4160.0...Ave likelihood of: cpd00221_c is 0.33773089524442773...
Loop30 pFBA...3976.0...Ave likelihood of: cpd00159_c is 0.4159831469468652...
Loop31 pFBA...10132.0...Ave likelihood of: cpd00211_c is 0.22956415311269382...
Loop32 pFBA...4023.0...Ave likelihood of: cpd00047_c is 0.3510381116534582...
Loop33 pFBA...5238.0...Ave likelihood of: cpd00106_c is 0.16418796434403565...
Loop34 pFBA...7656.0...Ave likelihood of: cpd00141_c is 0.33262799055995335...
Loop35 pFBA...19462.0...Ave likelihood of: cpd00216_c is 0.2983012992898885...
Loop36 pFBA...5009.0...Ave likelihood of: cpd00036_c is 0.0802248880023092...
Loop37 pFBA...22335.0...Ave likelihood of: cpd00581_c is 0.13607480057183877...
Loop38 pFBA...4435.0...Ave likelihood of: cpd00128_c is 0.2263733659071952...
Loop39 pFBA...6000.0...Ave likelihood of: cpd00018_c is 0.3155829165326487...
Loop40 pFBA...5189.0...Ave likelihood of: cpd00091_c is 0.4090811757079225...
Loop41 pFBA...3564.0...Ave likelihood of: cpd00092_c is 0.37598749218448285...
Loop42 pFBA...62566.0...Ave likelihood of: cpd00305_c is 0.17740301884211437...
Loop43 pFBA...13738.0...Ave likelihood of: cpd00220_c is 0.2702760114669002...
Loop44 pFBA...14598.0...Ave likelihood of: cpd00218_c is 0.1702017312269015...
Loop45 pFBA...14374.0...Ave likelihood of: cpd00215_c is 0.2940704796387923...
Loop46 pFBA...28437.0...Ave likelihood of: cpd00104_c is 0.18169998385183606...
Loop47 pFBA...36420.0...Ave likelihood of: cpd00393_c is 0.15338688727697256...
Loop48 pFBA...6032.0...Ave likelihood of: cpd00363_c is 0.46667966111876796...
Loop49 pFBA...9191.0...Ave likelihood of: cpd00281_c is 0.11552419614436361...
Loop50 pFBA...4077.0...Ave likelihood of: cpd00025_c is 0.23699674424316727...
Loop51 pFBA...20120.0...Ave likelihood of: cpd00811_c is 0.21054386246954446...
Loop52 pFBA...5367.0...Ave likelihood of: cpd00117_c is 0.3945262580980886...
Loop53 pFBA...7603.0...Ave likelihood of: cpd00186_c is 0.23277627609818388...
Loop54 pFBA...22481.0...Ave likelihood of: cpd00637_c is 0.11974257599510399...
Loop55 pFBA...6427.0...Ave likelihood of: cpd00550_c is 0.3801182865628596...
Loop56 pFBA...4198.0...Ave likelihood of: cpd00033_c is 0.22634078784030442...
Loop57 pFBA...5239.0...Ave likelihood of: cpd00035_c is 0.3945262580980886...
Loop58 pFBA...18551.0...Ave likelihood of: cpd00051_c is 0.3077419503932242...
Loop59 pFBA...7955.0...Ave likelihood of: cpd00132_c is 0.19156090340386428...
Loop60 pFBA...5455.0...Ave likelihood of: cpd00041_c is 0.17507052790587738...
Loop61 pFBA...13754.0...Ave likelihood of: cpd00084_c is 0.25275605270960416...
Loop62 pFBA...7347.0...Ave likelihood of: cpd00023_c is 0.1306795292460249...
Loop63 pFBA...9679.0...Ave likelihood of: cpd00053_c is 0.16539155480800166...
Loop64 pFBA...21701.0...Ave likelihood of: cpd00119_c is 0.1588884667673839...
Loop65 pFBA...17445.0...Ave likelihood of: cpd00322_c is 0.12580896124310437...
Loop66 pFBA...14895.0...Ave likelihood of: cpd00107_c is 0.19272389469558582...
Loop67 pFBA...20999.0...Ave likelihood of: cpd00039_c is 0.21922017434593002...
Loop68 pFBA...21481.0...Ave likelihood of: cpd00060_c is 0.12306875866163465...
Loop69 pFBA...21393.0...Ave likelihood of: cpd00066_c is 0.2801695122584102...
Loop70 pFBA...10609.0...Ave likelihood of: cpd00129_c is 0.13913687270627606...
Loop71 pFBA...5427.0...Ave likelihood of: cpd00054_c is 0.40545950566705025...
Loop72 pFBA...7974.0...Ave likelihood of: cpd00161_c is 0.24196040919596698...
Loop73 pFBA...29298.0...Ave likelihood of: cpd00065_c is 0.17091305888086053...
Loop74 pFBA...19001.0...Ave likelihood of: cpd00069_c is 0.2831049287372589...
Loop75 pFBA...8731.0...Ave likelihood of: cpd00156_c is 0.21626942170272484...
Loop76 pFBA...24333.0...Ave likelihood of: cpd00098_c is 0.17596609972135696...
Loop77 pFBA...15263.0...Ave likelihood of: cpd00274_c is 0.21287061343395633...
Loop78 pFBA...6122.0...Ave likelihood of: cpd00226_c is 0.38054336199109934...
Loop79 pFBA...4822.0...Ave likelihood of: cpd00246_c is 0.3584037126674819...
Loop80 pFBA...21112.0...Ave likelihood of: cpd00374_c is 0.2732055686839387...
Loop81 pFBA...4297.0...Ave likelihood of: cpd00221_c is 0.2963447836671985...
Loop82 pFBA...4135.0...Ave likelihood of: cpd00159_c is 0.31461499546735694...
Loop83 pFBA...10160.0...Ave likelihood of: cpd00211_c is 0.134405546920589...
Loop84 pFBA...4077.0...Ave likelihood of: cpd00047_c is 0.40625202654832115...
Loop85 pFBA...5238.0...Ave likelihood of: cpd00106_c is 0.16418796434403565...
Loop86 pFBA...7795.0...Ave likelihood of: cpd00141_c is 0.1947969541844899...
Loop87 pFBA...20312.0...Ave likelihood of: cpd00216_c is 0.23317466075386473...
Loop88 pFBA...5009.0...Ave likelihood of: cpd00036_c is 0.0802248880023092...
Loop89 pFBA...22335.0...Ave likelihood of: cpd00581_c is 0.1360928178293341...
Loop90 pFBA...4435.0...Ave likelihood of: cpd00128_c is 0.2263733659071952...
Loop91 pFBA...6000.0...Ave likelihood of: cpd00018_c is 0.3155829165326487...
Loop92 pFBA...5189.0...Ave likelihood of: cpd00091_c is 0.4090811757079225...
Loop93 pFBA...3564.0...Ave likelihood of: cpd00092_c is 0.37598749218448285...
Loop94 pFBA...62658.0...Ave likelihood of: cpd00305_c is 0.17143140901533196...
Loop95 pFBA...13798.0...Ave likelihood of: cpd00220_c is 0.16758878357219364...
Loop96 pFBA...14808.0...Ave likelihood of: cpd00218_c is 0.17243213558275225...
Loop97 pFBA...14734.0...Ave likelihood of: cpd00215_c is 0.3116729915128686...
Loop98 pFBA...28518.0...Ave likelihood of: cpd00104_c is 0.16196027832494866...
Loop99 pFBA...36427.0...Ave likelihood of: cpd00393_c is 0.16986170350930715...
Loop100 pFBA...6456.0...Ave likelihood of: cpd00363_c is 0.4664422265853645...
Loop101 pFBA...9191.0...Ave likelihood of: cpd00281_c is 0.11552419614436361...
Loop102 pFBA...4228.0...Ave likelihood of: cpd00025_c is 0.3667610328062754...
Loop103 pFBA...20992.0...Ave likelihood of: cpd00811_c is 0.28225808369100946...
Loop104 pFBA...5367.0...Ave likelihood of: cpd00117_c is 0.3945262580980886...
Loop105 pFBA...7603.0...Ave likelihood of: cpd00186_c is 0.23277627609818388...
Loop106 pFBA...22451.0...Ave likelihood of: cpd00637_c is 0.17543609147866476...
Loop107 pFBA...6417.0...Ave likelihood of: cpd00550_c is 0.2984969803479619...
Loop108 pFBA...4198.0...Ave likelihood of: cpd00033_c is 0.22634078784030442...
Loop109 pFBA...5239.0...Ave likelihood of: cpd00035_c is 0.3945262580980886...
Loop110 pFBA...18265.0...Ave likelihood of: cpd00051_c is 0.2941777783697894...
Loop111 pFBA...7955.0...Ave likelihood of: cpd00132_c is 0.19156090340386428...
Loop112 pFBA...5455.0...Ave likelihood of: cpd00041_c is 0.17507052790587738...
Loop113 pFBA...13695.0...Ave likelihood of: cpd00084_c is 0.3143465973573252...
Loop114 pFBA...7347.0...Ave likelihood of: cpd00023_c is 0.1306795292460249...
Loop115 pFBA...9679.0...Ave likelihood of: cpd00053_c is 0.16539155480800166...
Loop116 pFBA...21701.0...Ave likelihood of: cpd00119_c is 0.1588884667673839...
Loop117 pFBA...17445.0...Ave likelihood of: cpd00322_c is 0.12580896124310437...
Loop118 pFBA...14895.0...Ave likelihood of: cpd00107_c is 0.19272389469558582...
Loop119 pFBA...20665.0...Ave likelihood of: cpd00039_c is 0.1909655189026275...
Loop120 pFBA...21451.0...Ave likelihood of: cpd00060_c is 0.17543609147866476...
Loop121 pFBA...20790.0...Ave likelihood of: cpd00066_c is 0.26826541310237056...
Loop122 pFBA...10609.0...Ave likelihood of: cpd00129_c is 0.13913687270627606...
Loop123 pFBA...5417.0...Ave likelihood of: cpd00054_c is 0.304986045138135...
Loop124 pFBA...7854.0...Ave likelihood of: cpd00161_c is 0.32864039209583323...
Loop125 pFBA...29298.0...Ave likelihood of: cpd00065_c is 0.17091305888086056...
Loop126 pFBA...18586.0...Ave likelihood of: cpd00069_c is 0.2567590836971559...
Loop127 pFBA...8731.0...Ave likelihood of: cpd00156_c is 0.21626942170272484...
Loop128 pFBA...23945.0...Ave likelihood of: cpd00098_c is 0.1866567855109378...
Loop129 pFBA...15002.0...Ave likelihood of: cpd00274_c is 0.3372923508760839...
Loop130 pFBA...6122.0...Ave likelihood of: cpd00226_c is 0.38054336199109934...
Loop131 pFBA...4605.0...Ave likelihood of: cpd00246_c is 0.38791891025465536...
Loop132 pFBA...20498.0...Ave likelihood of: cpd00374_c is 0.27432130429387247...
Loop133 pFBA...4277.0...Ave likelihood of: cpd00221_c is 0.33852657799126834...
Loop134 pFBA...4093.0...Ave likelihood of: cpd00159_c is 0.3340272745377198...
Loop135 pFBA...10130.0...Ave likelihood of: cpd00211_c is 0.24877660548904984...
Loop136 pFBA...4063.0...Ave likelihood of: cpd00047_c is 0.3159448083498938...
Loop137 pFBA...5238.0...Ave likelihood of: cpd00106_c is 0.16418796434403565...
Loop138 pFBA...7781.0...Ave likelihood of: cpd00141_c is 0.3142632678796552...
Loop139 pFBA...19850.0...Ave likelihood of: cpd00216_c is 0.2679398962614934...
Loop140 pFBA...5009.0...Ave likelihood of: cpd00036_c is 0.0802248880023092...
Loop141 pFBA...22335.0...Ave likelihood of: cpd00581_c is 0.13607480057183877...
Loop142 pFBA...4435.0...Ave likelihood of: cpd00128_c is 0.2263733659071952...
Loop143 pFBA...6000.0...Ave likelihood of: cpd00018_c is 0.3155829165326487...
Loop144 pFBA...5189.0...Ave likelihood of: cpd00091_c is 0.4090811757079225...
Loop145 pFBA...3564.0...Ave likelihood of: cpd00092_c is 0.37598749218448285...
Loop146 pFBA...62575.0...Ave likelihood of: cpd00305_c is 0.17895400435621286...
Loop147 pFBA...13793.0...Ave likelihood of: cpd00220_c is 0.23390533332877098...
Loop148 pFBA...14739.0...Ave likelihood of: cpd00218_c is 0.18048458142254103...
Loop149 pFBA...14431.0...Ave likelihood of: cpd00215_c is 0.27311637950660966...
Loop150 pFBA...28421.0...Ave likelihood of: cpd00104_c is 0.1882671719638802...
Loop151 pFBA...36418.0...Ave likelihood of: cpd00393_c is 0.1542278869879351...
Loop152 pFBA...6031.0...Ave likelihood of: cpd00363_c is 0.4458848217573885...
Loop153 pFBA...9191.0...Ave likelihood of: cpd00281_c is 0.11552419614436361...
Loop154 pFBA...4141.0...Ave likelihood of: cpd00025_c is 0.33511184284048345...
Loop155 pFBA...20243.0...Ave likelihood of: cpd00811_c is 0.20533793589672492...
32.5692489823mins to complete!
