
The following have been reloaded with a version change:
  1) anaconda2/4.4.0 => anaconda2/5.1.0

Loading in models...Adding Water...Remove no-like rxns...Pruned 1 metabolites from model
Pruned 1 reactions from model
Set-up Universal...81.0seconds to complete

Loop0 pFBA...5306.0...Ave likelihood of: cpd00117_c is 0.40664621803617984...
Loop1 pFBA...7612.0...Ave likelihood of: cpd00186_c is 0.23139605108943043...
Loop2 pFBA...22091.0...Ave likelihood of: cpd00637_c is 0.22566692586077042...
Loop3 pFBA...6337.0...Ave likelihood of: cpd00550_c is 0.4778821181965502...
Loop4 pFBA...4154.0...Ave likelihood of: cpd00033_c is 0.2487761107024678...
Loop5 pFBA...5173.0...Ave likelihood of: cpd00035_c is 0.4130114076906605...
Loop6 pFBA...18307.0...Ave likelihood of: cpd00051_c is 0.35491158698163616...
Loop7 pFBA...7822.0...Ave likelihood of: cpd00132_c is 0.21769347224870478...
Loop8 pFBA...5350.0...Ave likelihood of: cpd00041_c is 0.1851215361387245...
Loop9 pFBA...13718.0...Ave likelihood of: cpd00084_c is 0.2728215212386831...
Loop10 pFBA...7366.0...Ave likelihood of: cpd00023_c is 0.12683536380600838...
Loop11 pFBA...9499.0...Ave likelihood of: cpd00053_c is 0.25723393092590846...
Loop12 pFBA...20713.0...Ave likelihood of: cpd00119_c is 0.19441858138183668...
Loop13 pFBA...17135.0...Ave likelihood of: cpd00322_c is 0.27465822345161706...
Loop14 pFBA...14693.0...Ave likelihood of: cpd00107_c is 0.2586662402383965...
Loop15 pFBA...16854.0...Ave likelihood of: cpd00039_c is 0.3245737922645221...
Loop16 pFBA...21091.0...Ave likelihood of: cpd00060_c is 0.22832183087089714...
Loop17 pFBA...21057.0...Ave likelihood of: cpd00066_c is 0.24165742227696313...
Loop18 pFBA...10597.0...Ave likelihood of: cpd00129_c is 0.14033812928427367...
Loop19 pFBA...5337.0...Ave likelihood of: cpd00054_c is 0.5177056280462627...
Loop20 pFBA...7600.0...Ave likelihood of: cpd00161_c is 0.36571013201528885...
Loop21 pFBA...29336.0...Ave likelihood of: cpd00065_c is 0.1652409421858217...
Loop22 pFBA...18773.0...Ave likelihood of: cpd00069_c is 0.24262902060141417...
Loop23 pFBA...8394.0...Ave likelihood of: cpd00156_c is 0.2125846374029358...
Loop24 pFBA...23873.0...Ave likelihood of: cpd00098_c is 0.25391493497958834...
Loop25 pFBA...14456.0...Ave likelihood of: cpd00274_c is 0.2685446836659564...
Loop26 pFBA...6118.0...Ave likelihood of: cpd00226_c is 0.42993448090486464...
Loop27 pFBA...4736.0...Ave likelihood of: cpd00246_c is 0.3105475067073785...
Loop28 pFBA...20749.0...Ave likelihood of: cpd00374_c is 0.23275448231915147...
Loop29 pFBA...4242.0...Ave likelihood of: cpd00221_c is 0.32775284509162517...
Loop30 pFBA...3995.0...Ave likelihood of: cpd00159_c is 0.3393246303483319...
Loop31 pFBA...10214.0...Ave likelihood of: cpd00211_c is 0.22473852302789876...
Loop32 pFBA...3970.0...Ave likelihood of: cpd00047_c is 0.3482904087703472...
Loop33 pFBA...5054.0...Ave likelihood of: cpd00106_c is 0.191934853774745...
Loop34 pFBA...7711.0...Ave likelihood of: cpd00141_c is 0.2315792407320678...
Loop35 pFBA...19970.0...Ave likelihood of: cpd00216_c is 0.29277079411508644...
Loop36 pFBA...4970.0...Ave likelihood of: cpd00036_c is 0.14894316095197319...
Loop37 pFBA...21323.0...Ave likelihood of: cpd00581_c is 0.20148472519867433...
Loop38 pFBA...4240.0...Ave likelihood of: cpd00128_c is 0.37694430663485745...
Loop39 pFBA...5682.0...Ave likelihood of: cpd00018_c is 0.28603254459900923...
Loop40 pFBA...4725.0...Ave likelihood of: cpd00091_c is 0.36053337187173096...
Loop41 pFBA...3309.0...Ave likelihood of: cpd00092_c is 0.4322048994518715...
Loop42 pFBA...61605.0...Ave likelihood of: cpd00305_c is 0.19238560135321997...
Loop43 pFBA...12699.0...Ave likelihood of: cpd00220_c is 0.3124942836760815...
Loop44 pFBA...14657.0...Ave likelihood of: cpd00218_c is 0.18564820550437075...
Loop45 pFBA...14315.0...Ave likelihood of: cpd00215_c is 0.33091844640002205...
Loop46 pFBA...28150.0...Ave likelihood of: cpd00104_c is 0.2438562452422099...
Loop47 pFBA...34882.0...Ave likelihood of: cpd00393_c is 0.2303789452046388...
Loop48 pFBA...6220.0...Ave likelihood of: cpd00363_c is 0.4833871581951788...
Loop49 pFBA...9207.0...Ave likelihood of: cpd00281_c is 0.11332492179954015...
Loop50 pFBA...4166.0...Ave likelihood of: cpd00025_c is 0.3697380779201502...
Loop51 pFBA...20468.0...Ave likelihood of: cpd00811_c is 0.1886439685459068...
Loop52 pFBA...5596.0...Ave likelihood of: cpd00714_c is 0.4347076987258638...
Loop53 pFBA...5306.0...Ave likelihood of: cpd00117_c is 0.40664621803617984...
Loop54 pFBA...7612.0...Ave likelihood of: cpd00186_c is 0.23139605108943043...
Loop55 pFBA...22091.0...Ave likelihood of: cpd00637_c is 0.22566692586077042...
Loop56 pFBA...6337.0...Ave likelihood of: cpd00550_c is 0.4778821181965502...
Loop57 pFBA...4154.0...Ave likelihood of: cpd00033_c is 0.2487761107024678...
Loop58 pFBA...5173.0...Ave likelihood of: cpd00035_c is 0.4130114076906605...
Loop59 pFBA...18410.0...Ave likelihood of: cpd00051_c is 0.32110817277178294...
Loop60 pFBA...7822.0...Ave likelihood of: cpd00132_c is 0.21769347224870478...
Loop61 pFBA...5350.0...Ave likelihood of: cpd00041_c is 0.1851215361387245...
Loop62 pFBA...13775.0...Ave likelihood of: cpd00084_c is 0.29672441696169755...
Loop63 pFBA...7366.0...Ave likelihood of: cpd00023_c is 0.12683536380600838...
Loop64 pFBA...9499.0...Ave likelihood of: cpd00053_c is 0.25723393092590846...
Loop65 pFBA...20713.0...Ave likelihood of: cpd00119_c is 0.1944185813818367...
Loop66 pFBA...17136.0...Ave likelihood of: cpd00322_c is 0.26561056588009857...
Loop67 pFBA...14693.0...Ave likelihood of: cpd00107_c is 0.2586662402383965...
Loop68 pFBA...16922.0...Ave likelihood of: cpd00039_c is 0.30635124978558054...
Loop69 pFBA...21091.0...Ave likelihood of: cpd00060_c is 0.22832183087089714...
Loop70 pFBA...21507.0...Ave likelihood of: cpd00066_c is 0.2737635534230413...
Loop71 pFBA...10597.0...Ave likelihood of: cpd00129_c is 0.14033812928427367...
Loop72 pFBA...5337.0...Ave likelihood of: cpd00054_c is 0.5177056280462627...
Loop73 pFBA...7646.0...Ave likelihood of: cpd00161_c is 0.3449047501560979...
Loop74 pFBA...29336.0...Ave likelihood of: cpd00065_c is 0.1652409421858217...
Loop75 pFBA...19078.0...Ave likelihood of: cpd00069_c is 0.2629255016087989...
Loop76 pFBA...8394.0...Ave likelihood of: cpd00156_c is 0.2125846374029358...
Loop77 pFBA...23935.0...Ave likelihood of: cpd00098_c is 0.24260398235584665...
Loop78 pFBA...14489.0...Ave likelihood of: cpd00274_c is 0.2130821418775085...
Loop79 pFBA...6118.0...Ave likelihood of: cpd00226_c is 0.42993448090486464...
Loop80 pFBA...4847.0...Ave likelihood of: cpd00246_c is 0.3346775264441824...
Loop81 pFBA...21208.0...Ave likelihood of: cpd00374_c is 0.2672944241273871...
Loop82 pFBA...4278.0...Ave likelihood of: cpd00221_c is 0.41091380500367836...
Loop83 pFBA...4022.0...Ave likelihood of: cpd00159_c is 0.40080265778365715...
Loop84 pFBA...10214.0...Ave likelihood of: cpd00211_c is 0.22473852302789876...
Loop85 pFBA...4074.0...Ave likelihood of: cpd00047_c is 0.3561248332867091...
Loop86 pFBA...5054.0...Ave likelihood of: cpd00106_c is 0.191934853774745...
Loop87 pFBA...7717.0...Ave likelihood of: cpd00141_c is 0.26095022733706064...
Loop88 pFBA...20259.0...Ave likelihood of: cpd00216_c is 0.3433876594578975...
Loop89 pFBA...4970.0...Ave likelihood of: cpd00036_c is 0.14894316095197319...
Loop90 pFBA...21323.0...Ave likelihood of: cpd00581_c is 0.20148472519867433...
Loop91 pFBA...4240.0...Ave likelihood of: cpd00128_c is 0.37694430663485745...
Loop92 pFBA...5682.0...Ave likelihood of: cpd00018_c is 0.28603254459900923...
Loop93 pFBA...4725.0...Ave likelihood of: cpd00091_c is 0.36053337187173096...
Loop94 pFBA...3309.0...Ave likelihood of: cpd00092_c is 0.4322048994518715...
Loop95 pFBA...61611.0...Ave likelihood of: cpd00305_c is 0.19607546176504456...
Loop96 pFBA...12699.0...Ave likelihood of: cpd00220_c is 0.29795966583068234...
Loop97 pFBA...14734.0...Ave likelihood of: cpd00218_c is 0.1983429914240155...
Loop98 pFBA...14511.0...Ave likelihood of: cpd00215_c is 0.3233874759825535...
Loop99 pFBA...28150.0...Ave likelihood of: cpd00104_c is 0.2438562452422099...
Loop100 pFBA...34882.0...Ave likelihood of: cpd00393_c is 0.2303789452046388...
Loop101 pFBA...6392.0...Ave likelihood of: cpd00363_c is 0.37042633252116924...
Loop102 pFBA...9207.0...Ave likelihood of: cpd00281_c is 0.11332492179954015...
Loop103 pFBA...4199.0...Ave likelihood of: cpd00025_c is 0.34315377196841607...
Loop104 pFBA...20990.0...Ave likelihood of: cpd00811_c is 0.2740696628597118...
Loop105 pFBA...6310.0...Ave likelihood of: cpd00714_c is 0.488361442721514...
Loop106 pFBA...5306.0...Ave likelihood of: cpd00117_c is 0.40664621803617984...
Loop107 pFBA...7612.0...Ave likelihood of: cpd00186_c is 0.23139605108943043...
Loop108 pFBA...22091.0...Ave likelihood of: cpd00637_c is 0.22566692586077042...
Loop109 pFBA...6337.0...Ave likelihood of: cpd00550_c is 0.4778821181965502...
Loop110 pFBA...4154.0...Ave likelihood of: cpd00033_c is 0.2487761107024678...
Loop111 pFBA...5173.0...Ave likelihood of: cpd00035_c is 0.4130114076906605...
Loop112 pFBA...18314.0...Ave likelihood of: cpd00051_c is 0.29282942641349385...
Loop113 pFBA...7822.0...Ave likelihood of: cpd00132_c is 0.21769347224870478...
Loop114 pFBA...5350.0...Ave likelihood of: cpd00041_c is 0.1851215361387245...
Loop115 pFBA...13742.0...Ave likelihood of: cpd00084_c is 0.28149426102908265...
Loop116 pFBA...7366.0...Ave likelihood of: cpd00023_c is 0.12683536380600838...
Loop117 pFBA...9499.0...Ave likelihood of: cpd00053_c is 0.25725068137352647...
Loop118 pFBA...20713.0...Ave likelihood of: cpd00119_c is 0.1944185813818367...
Loop119 pFBA...17102.0...Ave likelihood of: cpd00322_c is 0.2930892099774306...
Loop120 pFBA...14693.0...Ave likelihood of: cpd00107_c is 0.2586662402383965...
Loop121 pFBA...16843.0...Ave likelihood of: cpd00039_c is 0.3277811459194338...
Loop122 pFBA...21091.0...Ave likelihood of: cpd00060_c is 0.22832183087089714...
Loop123 pFBA...20765.0...Ave likelihood of: cpd00066_c is 0.24496059243647644...
Loop124 pFBA...10597.0...Ave likelihood of: cpd00129_c is 0.14033812928427367...
Loop125 pFBA...5337.0...Ave likelihood of: cpd00054_c is 0.5177056280462627...
Loop126 pFBA...7607.0...Ave likelihood of: cpd00161_c is 0.3886839785417159...
Loop127 pFBA...29336.0...Ave likelihood of: cpd00065_c is 0.1652409421858217...
Loop128 pFBA...18588.0...Ave likelihood of: cpd00069_c is 0.2518728403473057...
Loop129 pFBA...8394.0...Ave likelihood of: cpd00156_c is 0.2125846374029358...
Loop130 pFBA...23750.0...Ave likelihood of: cpd00098_c is 0.24985184806757893...
Loop131 pFBA...14488.0...Ave likelihood of: cpd00274_c is 0.2961898321158881...
Loop132 pFBA...6118.0...Ave likelihood of: cpd00226_c is 0.42993448090486464...
Loop133 pFBA...4692.0...Ave likelihood of: cpd00246_c is 0.36570880968876696...
Loop134 pFBA...20534.0...Ave likelihood of: cpd00374_c is 0.2600685428957258...
Loop135 pFBA...4276.0...Ave likelihood of: cpd00221_c is 0.32732004066959836...
Loop136 pFBA...4013.0...Ave likelihood of: cpd00159_c is 0.34924653410432627...
Loop137 pFBA...10214.0...Ave likelihood of: cpd00211_c is 0.22473852302789876...
Loop138 pFBA...4039.0...Ave likelihood of: cpd00047_c is 0.29323811887672424...
Loop139 pFBA...5054.0...Ave likelihood of: cpd00106_c is 0.191934853774745...
Loop140 pFBA...7717.0...Ave likelihood of: cpd00141_c is 0.26095022733706064...
Loop141 pFBA...19757.0...Ave likelihood of: cpd00216_c is 0.2935240878322548...
Loop142 pFBA...4970.0...Ave likelihood of: cpd00036_c is 0.14894316095197319...
Loop143 pFBA...21323.0...Ave likelihood of: cpd00581_c is 0.20148472519867433...
Loop144 pFBA...4240.0...Ave likelihood of: cpd00128_c is 0.37694430663485745...
Loop145 pFBA...5682.0...Ave likelihood of: cpd00018_c is 0.28603254459900923...
Loop146 pFBA...4725.0...Ave likelihood of: cpd00091_c is 0.360533371871731...
Loop147 pFBA...3309.0...Ave likelihood of: cpd00092_c is 0.4322048994518715...
Loop148 pFBA...61575.0...Ave likelihood of: cpd00305_c is 0.20015566939910712...
Loop149 pFBA...12699.0...Ave likelihood of: cpd00220_c is 0.31249428367608156...
Loop150 pFBA...14621.0...Ave likelihood of: cpd00218_c is 0.18939671574700426...
Loop151 pFBA...14184.0...Ave likelihood of: cpd00215_c is 0.3240208467013142...
Loop152 pFBA...28150.0...Ave likelihood of: cpd00104_c is 0.2384372175701608...
Loop153 pFBA...34882.0...Ave likelihood of: cpd00393_c is 0.2303789452046388...
Loop154 pFBA...6106.0...Ave likelihood of: cpd00363_c is 0.42282224787841244...
Loop155 pFBA...9207.0...Ave likelihood of: cpd00281_c is 0.11332492179954015...
Loop156 pFBA...4139.0...Ave likelihood of: cpd00025_c is 0.38618092432158363...
Loop157 pFBA...20226.0...Ave likelihood of: cpd00811_c is 0.20654718685553874...
Loop158 pFBA...5614.0...Ave likelihood of: cpd00714_c is 0.49231629141007494...
40.189801983mins to complete!
