
The following have been reloaded with a version change:
  1) anaconda2/4.4.0 => anaconda2/5.1.0

Loading in models...Adding Water...Remove no-like rxns...Pruned 1 metabolites from model
Pruned 1 reactions from model
Set-up Universal...62.0seconds to complete

Loop0 pFBA...5328.0...Ave likelihood of: cpd00117_c is 0.30716670989242384...
Loop1 pFBA...7075.0...Ave likelihood of: cpd00186_c is 0.3207549587993277...
Loop2 pFBA...21813.0...Ave likelihood of: cpd00637_c is 0.22776388712124088...
Loop3 pFBA...6441.0...Ave likelihood of: cpd00550_c is 0.34233617580959147...
Loop4 pFBA...4193.0...Ave likelihood of: cpd00033_c is 0.19766983069061939...
Loop5 pFBA...5223.0...Ave likelihood of: cpd00035_c is 0.30716670989242384...
Loop6 pFBA...18021.0...Ave likelihood of: cpd00051_c is 0.22629818235740276...
Loop7 pFBA...8190.0...Ave likelihood of: cpd00132_c is 0.18268170011949855...
Loop8 pFBA...5381.0...Ave likelihood of: cpd00041_c is 0.16924144288567503...
Loop9 pFBA...13537.0...Ave likelihood of: cpd00084_c is 0.28238810086515287...
Loop10 pFBA...6632.0...Ave likelihood of: cpd00023_c is 0.27359659296462213...
Loop11 pFBA...9306.0...Ave likelihood of: cpd00053_c is 0.15292514212735994...
Loop12 pFBA...15982.0...Ave likelihood of: cpd00119_c is 0.3057595444004312...
Loop13 pFBA...16893.0...Ave likelihood of: cpd00322_c is 0.17078928717629274...
Loop14 pFBA...13962.0...Ave likelihood of: cpd00107_c is 0.26633008299765176...
Loop15 pFBA...16928.0...Ave likelihood of: cpd00039_c is 0.26077001545674766...
Loop16 pFBA...20813.0...Ave likelihood of: cpd00060_c is 0.230721859681257...
Loop17 pFBA...21295.0...Ave likelihood of: cpd00066_c is 0.2458446037880602...
Loop18 pFBA...10268.0...Ave likelihood of: cpd00129_c is 0.3110276267808202...
Loop19 pFBA...5441.0...Ave likelihood of: cpd00054_c is 0.36678875979599085...
Loop20 pFBA...7755.0...Ave likelihood of: cpd00161_c is 0.31103469290319385...
Loop21 pFBA...29564.0...Ave likelihood of: cpd00065_c is 0.17072067158055645...
Loop22 pFBA...18745.0...Ave likelihood of: cpd00069_c is 0.2655007591395158...
Loop23 pFBA...7979.0...Ave likelihood of: cpd00156_c is 0.30347950527272083...
Loop24 pFBA...24467.0...Ave likelihood of: cpd00098_c is 0.17938846266860264...
Loop25 pFBA...14406.0...Ave likelihood of: cpd00274_c is 0.20627185561302083...
Loop26 pFBA...6143.0...Ave likelihood of: cpd00226_c is 0.3215568845304416...
Loop27 pFBA...4547.0...Ave likelihood of: cpd00246_c is 0.345996271237576...
Loop28 pFBA...20614.0...Ave likelihood of: cpd00374_c is 0.2381879185293989...
Loop29 pFBA...4116.0...Ave likelihood of: cpd00221_c is 0.350108080733247...
Loop30 pFBA...3972.0...Ave likelihood of: cpd00159_c is 0.36015136786774743...
Loop31 pFBA...10449.0...Ave likelihood of: cpd00211_c is 0.23535477561816925...
Loop32 pFBA...3628.0...Ave likelihood of: cpd00047_c is 0.399389671500754...
Loop33 pFBA...5149.0...Ave likelihood of: cpd00106_c is 0.16337382321897503...
Loop34 pFBA...7616.0...Ave likelihood of: cpd00141_c is 0.3152572630881146...
Loop35 pFBA...20312.0...Ave likelihood of: cpd00216_c is 0.25552397843809105...
Loop36 pFBA...4797.0...Ave likelihood of: cpd00036_c is 0.16658173546384245...
Loop37 pFBA...16506.0...Ave likelihood of: cpd00581_c is 0.32894307430726194...
Loop38 pFBA...4445.0...Ave likelihood of: cpd00128_c is 0.19911890739049035...
Loop39 pFBA...6006.0...Ave likelihood of: cpd00018_c is 0.31522970255765753...
Loop40 pFBA...5337.0...Ave likelihood of: cpd00091_c is 0.3597950479629934...
Loop41 pFBA...4191.0...Ave likelihood of: cpd00092_c is 0.26889843843574834...
Loop42 pFBA...62016.0...Ave likelihood of: cpd00305_c is 0.2030272800103381...
Loop43 pFBA...13615.0...Ave likelihood of: cpd00220_c is 0.2318484694332559...
Loop44 pFBA...14240.0...Ave likelihood of: cpd00218_c is 0.19988582437426253...
Loop45 pFBA...13528.0...Ave likelihood of: cpd00215_c is 0.3762552075670697...
Loop46 pFBA...28172.0...Ave likelihood of: cpd00104_c is 0.1488135073543863...
Loop47 pFBA...36654.0...Ave likelihood of: cpd00393_c is 0.17729071644619673...
Loop48 pFBA...6256.0...Ave likelihood of: cpd00363_c is 0.3742226535241773...
Loop49 pFBA...8632.0...Ave likelihood of: cpd00281_c is 0.19542613783187296...
Loop50 pFBA...4064.0...Ave likelihood of: cpd00025_c is 0.3141611660197253...
Loop51 pFBA...20665.0...Ave likelihood of: cpd00811_c is 0.18514451819951297...
Loop52 pFBA...5328.0...Ave likelihood of: cpd00117_c is 0.30716670989242384...
Loop53 pFBA...7075.0...Ave likelihood of: cpd00186_c is 0.3207549587993277...
Loop54 pFBA...21813.0...Ave likelihood of: cpd00637_c is 0.22776388712124088...
Loop55 pFBA...6441.0...Ave likelihood of: cpd00550_c is 0.34233617580959147...
Loop56 pFBA...4193.0...Ave likelihood of: cpd00033_c is 0.1976698306906194...
Loop57 pFBA...5223.0...Ave likelihood of: cpd00035_c is 0.30716670989242384...
Loop58 pFBA...18458.0...Ave likelihood of: cpd00051_c is 0.19996092322201506...
Loop59 pFBA...8190.0...Ave likelihood of: cpd00132_c is 0.18268170011949855...
Loop60 pFBA...5381.0...Ave likelihood of: cpd00041_c is 0.16924144288567503...
Loop61 pFBA...13580.0...Ave likelihood of: cpd00084_c is 0.26628091528643605...
Loop62 pFBA...6632.0...Ave likelihood of: cpd00023_c is 0.27359659296462213...
Loop63 pFBA...9306.0...Ave likelihood of: cpd00053_c is 0.15292514212735994...
Loop64 pFBA...15982.0...Ave likelihood of: cpd00119_c is 0.30575954440043124...
Loop65 pFBA...16893.0...Ave likelihood of: cpd00322_c is 0.17078928717629274...
Loop66 pFBA...13962.0...Ave likelihood of: cpd00107_c is 0.26633008299765176...
Loop67 pFBA...17401.0...Ave likelihood of: cpd00039_c is 0.25021653442566744...
Loop68 pFBA...20813.0...Ave likelihood of: cpd00060_c is 0.230721859681257...
Loop69 pFBA...21459.0...Ave likelihood of: cpd00066_c is 0.22704587968783954...
Loop70 pFBA...10268.0...Ave likelihood of: cpd00129_c is 0.3110276267808202...
Loop71 pFBA...5441.0...Ave likelihood of: cpd00054_c is 0.36678875979599085...
Loop72 pFBA...7770.0...Ave likelihood of: cpd00161_c is 0.2788736341803286...
Loop73 pFBA...29564.0...Ave likelihood of: cpd00065_c is 0.1617830127971705...
Loop74 pFBA...18872.0...Ave likelihood of: cpd00069_c is 0.2172231295592028...
Loop75 pFBA...7979.0...Ave likelihood of: cpd00156_c is 0.30347950527272083...
Loop76 pFBA...24641.0...Ave likelihood of: cpd00098_c is 0.1631616519544423...
Loop77 pFBA...14636.0...Ave likelihood of: cpd00274_c is 0.18614557649305472...
Loop78 pFBA...6143.0...Ave likelihood of: cpd00226_c is 0.3215568845304416...
Loop79 pFBA...4820.0...Ave likelihood of: cpd00246_c is 0.3311497222257485...
Loop80 pFBA...21031.0...Ave likelihood of: cpd00374_c is 0.20168292450058004...
Loop81 pFBA...4318.0...Ave likelihood of: cpd00221_c is 0.2554023079624985...
Loop82 pFBA...4150.0...Ave likelihood of: cpd00159_c is 0.30323136161923414...
Loop83 pFBA...10449.0...Ave likelihood of: cpd00211_c is 0.20655736678634007...
Loop84 pFBA...3666.0...Ave likelihood of: cpd00047_c is 0.3863982306360087...
Loop85 pFBA...5149.0...Ave likelihood of: cpd00106_c is 0.16337382321897503...
Loop86 pFBA...7670.0...Ave likelihood of: cpd00141_c is 0.25952474941409603...
Loop87 pFBA...20408.0...Ave likelihood of: cpd00216_c is 0.27031239481179364...
Loop88 pFBA...4797.0...Ave likelihood of: cpd00036_c is 0.16658173546384245...
Loop89 pFBA...16506.0...Ave likelihood of: cpd00581_c is 0.32894307430726194...
Loop90 pFBA...4445.0...Ave likelihood of: cpd00128_c is 0.19911890739049035...
Loop91 pFBA...6006.0...Ave likelihood of: cpd00018_c is 0.31522970255765753...
Loop92 pFBA...5337.0...Ave likelihood of: cpd00091_c is 0.3597950479629934...
Loop93 pFBA...4191.0...Ave likelihood of: cpd00092_c is 0.26889843843574834...
Loop94 pFBA...62063.0...Ave likelihood of: cpd00305_c is 0.2075588144044156...
Loop95 pFBA...13615.0...Ave likelihood of: cpd00220_c is 0.23866754206364577...
Loop96 pFBA...14365.0...Ave likelihood of: cpd00218_c is 0.17844165810507037...
Loop97 pFBA...14038.0...Ave likelihood of: cpd00215_c is 0.3541094803413422...
Loop98 pFBA...28172.0...Ave likelihood of: cpd00104_c is 0.15054389697478618...
Loop99 pFBA...36654.0...Ave likelihood of: cpd00393_c is 0.17729071644619673...
Loop100 pFBA...6475.0...Ave likelihood of: cpd00363_c is 0.29295653813323713...
Loop101 pFBA...8632.0...Ave likelihood of: cpd00281_c is 0.19542613783187296...
Loop102 pFBA...4201.0...Ave likelihood of: cpd00025_c is 0.4032189607048362...
Loop103 pFBA...20848.0...Ave likelihood of: cpd00811_c is 0.15417699127729495...
Loop104 pFBA...5328.0...Ave likelihood of: cpd00117_c is 0.30716670989242384...
Loop105 pFBA...7075.0...Ave likelihood of: cpd00186_c is 0.3207549587993277...
Loop106 pFBA...21813.0...Ave likelihood of: cpd00637_c is 0.22776388712124088...
Loop107 pFBA...6441.0...Ave likelihood of: cpd00550_c is 0.34233617580959147...
Loop108 pFBA...4193.0...Ave likelihood of: cpd00033_c is 0.19766983069061939...
Loop109 pFBA...5223.0...Ave likelihood of: cpd00035_c is 0.30716670989242384...
Loop110 pFBA...18281.0...Ave likelihood of: cpd00051_c is 0.20691339781846702...
Loop111 pFBA...8190.0...Ave likelihood of: cpd00132_c is 0.18268170011949855...
Loop112 pFBA...5381.0...Ave likelihood of: cpd00041_c is 0.16924144288567503...
Loop113 pFBA...13580.0...Ave likelihood of: cpd00084_c is 0.26628091528643605...
Loop114 pFBA...6632.0...Ave likelihood of: cpd00023_c is 0.27359659296462213...
Loop115 pFBA...9306.0...Ave likelihood of: cpd00053_c is 0.15292514212735997...
Loop116 pFBA...15982.0...Ave likelihood of: cpd00119_c is 0.30575954440043124...
Loop117 pFBA...16893.0...Ave likelihood of: cpd00322_c is 0.17078928717629274...
Loop118 pFBA...13962.0...Ave likelihood of: cpd00107_c is 0.26633008299765176...
Loop119 pFBA...17342.0...Ave likelihood of: cpd00039_c is 0.3004187407976084...
Loop120 pFBA...20813.0...Ave likelihood of: cpd00060_c is 0.230721859681257...
Loop121 pFBA...21254.0...Ave likelihood of: cpd00066_c is 0.2487966438211271...
Loop122 pFBA...10268.0...Ave likelihood of: cpd00129_c is 0.3110276267808202...
Loop123 pFBA...5441.0...Ave likelihood of: cpd00054_c is 0.36678875979599085...
Loop124 pFBA...7766.0...Ave likelihood of: cpd00161_c is 0.2748738365348115...
Loop125 pFBA...29564.0...Ave likelihood of: cpd00065_c is 0.17072067158055643...
Loop126 pFBA...18821.0...Ave likelihood of: cpd00069_c is 0.22762484056431004...
Loop127 pFBA...7979.0...Ave likelihood of: cpd00156_c is 0.30347950527272083...
Loop128 pFBA...24427.0...Ave likelihood of: cpd00098_c is 0.15853771527102944...
Loop129 pFBA...14628.0...Ave likelihood of: cpd00274_c is 0.20776016481133058...
Loop130 pFBA...6143.0...Ave likelihood of: cpd00226_c is 0.3215568845304416...
Loop131 pFBA...4523.0...Ave likelihood of: cpd00246_c is 0.3414066035014748...
Loop132 pFBA...20743.0...Ave likelihood of: cpd00374_c is 0.2527284808193994...
Loop133 pFBA...4264.0...Ave likelihood of: cpd00221_c is 0.24830835173469282...
Loop134 pFBA...4120.0...Ave likelihood of: cpd00159_c is 0.31369128905257465...
Loop135 pFBA...10447.0...Ave likelihood of: cpd00211_c is 0.23807973564869256...
Loop136 pFBA...3666.0...Ave likelihood of: cpd00047_c is 0.3863982306360087...
Loop137 pFBA...5149.0...Ave likelihood of: cpd00106_c is 0.16337382321897503...
Loop138 pFBA...7670.0...Ave likelihood of: cpd00141_c is 0.25952474941409603...
Loop139 pFBA...20284.0...Ave likelihood of: cpd00216_c is 0.252937022600571...
Loop140 pFBA...4797.0...Ave likelihood of: cpd00036_c is 0.16658173546384245...
Loop141 pFBA...16506.0...Ave likelihood of: cpd00581_c is 0.32894307430726194...
Loop142 pFBA...4445.0...Ave likelihood of: cpd00128_c is 0.19911890739049035...
Loop143 pFBA...6006.0...Ave likelihood of: cpd00018_c is 0.31522970255765753...
Loop144 pFBA...5337.0...Ave likelihood of: cpd00091_c is 0.3597950479629934...
Loop145 pFBA...4191.0...Ave likelihood of: cpd00092_c is 0.26889843843574834...
Loop146 pFBA...62063.0...Ave likelihood of: cpd00305_c is 0.2100554716820954...
Loop147 pFBA...13615.0...Ave likelihood of: cpd00220_c is 0.21931611973416099...
Loop148 pFBA...14221.0...Ave likelihood of: cpd00218_c is 0.19868416548686132...
Loop149 pFBA...13457.0...Ave likelihood of: cpd00215_c is 0.3808261082634312...
Loop150 pFBA...28172.0...Ave likelihood of: cpd00104_c is 0.15054389697478618...
Loop151 pFBA...36654.0...Ave likelihood of: cpd00393_c is 0.17729071644619673...
Loop152 pFBA...6381.0...Ave likelihood of: cpd00363_c is 0.33684303590449494...
Loop153 pFBA...8632.0...Ave likelihood of: cpd00281_c is 0.19542613783187296...
Loop154 pFBA...4048.0...Ave likelihood of: cpd00025_c is 0.3196110860807719...
Loop155 pFBA...20642.0...Ave likelihood of: cpd00811_c is 0.19061951325876247...
32.1884239356mins to complete!
