
The following have been reloaded with a version change:
  1) anaconda2/4.4.0 => anaconda2/5.1.0

Loading in models...Adding Water...Remove no-like rxns...Pruned 1 metabolites from model
Pruned 1 reactions from model
Set-up Universal...62.0seconds to complete

Loop0 pFBA...6190.0...Ave likelihood of: cpd00117_c is 0.23091535588145123...
Loop1 pFBA...8231.0...Ave likelihood of: cpd00186_c is 0.12813566072243543...
Loop2 pFBA...22923.0...Ave likelihood of: cpd00637_c is 0.18688428878810068...
Loop3 pFBA...7045.0...Ave likelihood of: cpd00550_c is 0.2310421632507193...
Loop4 pFBA...4745.0...Ave likelihood of: cpd00033_c is 0.22201972387328728...
Loop5 pFBA...6028.0...Ave likelihood of: cpd00035_c is 0.22407472504362666...
Loop6 pFBA...19391.0...Ave likelihood of: cpd00051_c is 0.20510712071855788...
Loop7 pFBA...8881.0...Ave likelihood of: cpd00132_c is 0.12866413574549013...
Loop8 pFBA...6002.0...Ave likelihood of: cpd00041_c is 0.056507620246621246...
Loop9 pFBA...14345.0...Ave likelihood of: cpd00084_c is 0.1938516607960181...
Loop10 pFBA...7999.0...Ave likelihood of: cpd00023_c is 0.00014083582150548624...
Loop11 pFBA...10583.0...Ave likelihood of: cpd00053_c is 0.1283272326429666...
Loop12 pFBA...22791.0...Ave likelihood of: cpd00119_c is 0.08636713574073715...
Loop13 pFBA...18008.0...Ave likelihood of: cpd00322_c is 0.22718071856584682...
Loop14 pFBA...14895.0...Ave likelihood of: cpd00107_c is 0.21845835560951254...
Loop15 pFBA...17695.0...Ave likelihood of: cpd00039_c is 0.2993789425344843...
Loop16 pFBA...21923.0...Ave likelihood of: cpd00060_c is 0.18908292747972544...
Loop17 pFBA...21423.0...Ave likelihood of: cpd00066_c is 0.17727290539568044...
Loop18 pFBA...12000.0...Ave likelihood of: cpd00129_c is 3.789384662177246e-05...
Loop19 pFBA...6045.0...Ave likelihood of: cpd00054_c is 0.2362931215064175...
Loop20 pFBA...8326.0...Ave likelihood of: cpd00161_c is 0.28430532154586274...
Loop21 pFBA...30000.0...Ave likelihood of: cpd00065_c is 0.11515477184568523...
Loop22 pFBA...19248.0...Ave likelihood of: cpd00069_c is 0.1865118036414551...
Loop23 pFBA...8766.0...Ave likelihood of: cpd00156_c is 0.16424502428662696...
Loop24 pFBA...24937.0...Ave likelihood of: cpd00098_c is 0.16664205731672904...
Loop25 pFBA...16125.0...Ave likelihood of: cpd00274_c is 0.24334800215412536...
Loop26 pFBA...7076.0...Ave likelihood of: cpd00226_c is 0.27753241611629603...
Loop27 pFBA...5056.0...Ave likelihood of: cpd00246_c is 0.29541164393224...
Loop28 pFBA...21202.0...Ave likelihood of: cpd00374_c is 0.15877590384325455...
Loop29 pFBA...4306.0...Ave likelihood of: cpd00221_c is 0.2991469911868212...
Loop30 pFBA...4187.0...Ave likelihood of: cpd00159_c is 0.3344074188319289...
Loop31 pFBA...10454.0...Ave likelihood of: cpd00211_c is 0.29957074577442777...
Loop32 pFBA...4066.0...Ave likelihood of: cpd00047_c is 0.33975636450839625...
Loop33 pFBA...5283.0...Ave likelihood of: cpd00106_c is 0.08806147361253222...
Loop34 pFBA...7913.0...Ave likelihood of: cpd00141_c is 0.37786153674017037...
Loop35 pFBA...20715.0...Ave likelihood of: cpd00216_c is 0.18231884710705024...
Loop36 pFBA...5064.0...Ave likelihood of: cpd00036_c is 0.04858760847366136...
Loop37 pFBA...22792.0...Ave likelihood of: cpd00581_c is 0.09697126289042217...
Loop38 pFBA...4994.0...Ave likelihood of: cpd00128_c is 0.0911178639517841...
Loop39 pFBA...6200.0...Ave likelihood of: cpd00018_c is 0.11621333143302108...
Loop40 pFBA...5545.0...Ave likelihood of: cpd00091_c is 0.14328086336721174...
Loop41 pFBA...4057.0...Ave likelihood of: cpd00092_c is 0.24683623846968514...
Loop42 pFBA...63335.0...Ave likelihood of: cpd00305_c is 0.16562045068321188...
Loop43 pFBA...12635.0...Ave likelihood of: cpd00220_c is 0.1723040891839465...
Loop44 pFBA...14709.0...Ave likelihood of: cpd00218_c is 0.14101935135362856...
Loop45 pFBA...14623.0...Ave likelihood of: cpd00215_c is 0.2164724222114853...
Loop46 pFBA...29131.0...Ave likelihood of: cpd00104_c is 0.15378236735492898...
Loop47 pFBA...36584.0...Ave likelihood of: cpd00393_c is 0.17721884191046733...
Loop48 pFBA...6366.0...Ave likelihood of: cpd00363_c is 0.38246806777404413...
Loop49 pFBA...9999.0...Ave likelihood of: cpd00281_c is 0.0001005970153610616...
Loop50 pFBA...4241.0...Ave likelihood of: cpd00025_c is 0.3164011576841534...
Loop51 pFBA...20977.0...Ave likelihood of: cpd00811_c is 0.2127504395465873...
Loop52 pFBA...6190.0...Ave likelihood of: cpd00117_c is 0.23091535588145123...
Loop53 pFBA...8231.0...Ave likelihood of: cpd00186_c is 0.12813566072243543...
Loop54 pFBA...22984.0...Ave likelihood of: cpd00637_c is 0.16174712139542952...
Loop55 pFBA...7170.0...Ave likelihood of: cpd00550_c is 0.19411055982351144...
Loop56 pFBA...4745.0...Ave likelihood of: cpd00033_c is 0.2220197238732873...
Loop57 pFBA...6028.0...Ave likelihood of: cpd00035_c is 0.22407472504362666...
Loop58 pFBA...19611.0...Ave likelihood of: cpd00051_c is 0.1900846118475467...
Loop59 pFBA...8881.0...Ave likelihood of: cpd00132_c is 0.12866413574549013...
Loop60 pFBA...6002.0...Ave likelihood of: cpd00041_c is 0.056507620246621246...
Loop61 pFBA...14493.0...Ave likelihood of: cpd00084_c is 0.15642493253462977...
Loop62 pFBA...7999.0...Ave likelihood of: cpd00023_c is 0.00014083582150548624...
Loop63 pFBA...10583.0...Ave likelihood of: cpd00053_c is 0.1283272326429666...
Loop64 pFBA...22791.0...Ave likelihood of: cpd00119_c is 0.08636713574073715...
Loop65 pFBA...18029.0...Ave likelihood of: cpd00322_c is 0.1838956229237661...
Loop66 pFBA...14895.0...Ave likelihood of: cpd00107_c is 0.21845835560951254...
Loop67 pFBA...17808.0...Ave likelihood of: cpd00039_c is 0.31052036504324265...
Loop68 pFBA...21984.0...Ave likelihood of: cpd00060_c is 0.16365002870596396...
Loop69 pFBA...22035.0...Ave likelihood of: cpd00066_c is 0.16880200623288172...
Loop70 pFBA...12000.0...Ave likelihood of: cpd00129_c is 3.789384662177246e-05...
Loop71 pFBA...6170.0...Ave likelihood of: cpd00054_c is 0.20037219078556018...
Loop72 pFBA...8470.0...Ave likelihood of: cpd00161_c is 0.23973381493363943...
Loop73 pFBA...30000.0...Ave likelihood of: cpd00065_c is 0.10411691266666954...
Loop74 pFBA...19703.0...Ave likelihood of: cpd00069_c is 0.2013065864955464...
Loop75 pFBA...8766.0...Ave likelihood of: cpd00156_c is 0.16424502428662693...
Loop76 pFBA...25292.0...Ave likelihood of: cpd00098_c is 0.11513761761064109...
Loop77 pFBA...16387.0...Ave likelihood of: cpd00274_c is 0.23411350979411572...
Loop78 pFBA...7076.0...Ave likelihood of: cpd00226_c is 0.27753241611629603...
Loop79 pFBA...5147.0...Ave likelihood of: cpd00246_c is 0.19715513553743713...
Loop80 pFBA...22017.0...Ave likelihood of: cpd00374_c is 0.20851511792855226...
Loop81 pFBA...4746.0...Ave likelihood of: cpd00221_c is 0.3064427952743127...
Loop82 pFBA...4516.0...Ave likelihood of: cpd00159_c is 0.28071774745609024...
Loop83 pFBA...10593.0...Ave likelihood of: cpd00211_c is 0.1332939843556051...
Loop84 pFBA...4247.0...Ave likelihood of: cpd00047_c is 0.2820784570821378...
Loop85 pFBA...5283.0...Ave likelihood of: cpd00106_c is 0.08806147361253222...
Loop86 pFBA...8194.0...Ave likelihood of: cpd00141_c is 0.1511944234253434...
Loop87 pFBA...20798.0...Ave likelihood of: cpd00216_c is 0.19142584616374086...
Loop88 pFBA...5064.0...Ave likelihood of: cpd00036_c is 0.04858760847366136...
Loop89 pFBA...22792.0...Ave likelihood of: cpd00581_c is 0.09697126289042217...
Loop90 pFBA...4994.0...Ave likelihood of: cpd00128_c is 0.0911178639517841...
Loop91 pFBA...6200.0...Ave likelihood of: cpd00018_c is 0.11621333143302108...
Loop92 pFBA...5545.0...Ave likelihood of: cpd00091_c is 0.14328086336721174...
Loop93 pFBA...4057.0...Ave likelihood of: cpd00092_c is 0.24683623846968514...
Loop94 pFBA...63495.0...Ave likelihood of: cpd00305_c is 0.16452012015396128...
Loop95 pFBA...12635.0...Ave likelihood of: cpd00220_c is 0.17752542521982367...
Loop96 pFBA...14709.0...Ave likelihood of: cpd00218_c is 0.14101935135362859...
Loop97 pFBA...15215.0...Ave likelihood of: cpd00215_c is 0.20449506204510023...
Loop98 pFBA...29214.0...Ave likelihood of: cpd00104_c is 0.13411156290851264...
Loop99 pFBA...36584.0...Ave likelihood of: cpd00393_c is 0.17721884191046733...
Loop100 pFBA...7214.0...Ave likelihood of: cpd00363_c is 0.3743027853762628...
Loop101 pFBA...9999.0...Ave likelihood of: cpd00281_c is 0.0001005970153610616...
Loop102 pFBA...4367.0...Ave likelihood of: cpd00025_c is 0.2886681468061794...
Loop103 pFBA...21949.0...Ave likelihood of: cpd00811_c is 0.15733975711019083...
Loop104 pFBA...6190.0...Ave likelihood of: cpd00117_c is 0.23091535588145123...
Loop105 pFBA...8231.0...Ave likelihood of: cpd00186_c is 0.12813566072243543...
Loop106 pFBA...22878.0...Ave likelihood of: cpd00637_c is 0.1780611371366149...
Loop107 pFBA...7117.0...Ave likelihood of: cpd00550_c is 0.2525423406639699...
Loop108 pFBA...4745.0...Ave likelihood of: cpd00033_c is 0.2220197238732873...
Loop109 pFBA...6028.0...Ave likelihood of: cpd00035_c is 0.22407472504362666...
Loop110 pFBA...19400.0...Ave likelihood of: cpd00051_c is 0.20740072518425792...
Loop111 pFBA...8881.0...Ave likelihood of: cpd00132_c is 0.12866413574549013...
Loop112 pFBA...6002.0...Ave likelihood of: cpd00041_c is 0.056507620246621246...
Loop113 pFBA...14493.0...Ave likelihood of: cpd00084_c is 0.15642493253462977...
Loop114 pFBA...7999.0...Ave likelihood of: cpd00023_c is 0.00014083582150548624...
Loop115 pFBA...10583.0...Ave likelihood of: cpd00053_c is 0.1283272326429666...
Loop116 pFBA...22791.0...Ave likelihood of: cpd00119_c is 0.08636713574073715...
Loop117 pFBA...17971.0...Ave likelihood of: cpd00322_c is 0.24130151802394445...
Loop118 pFBA...14895.0...Ave likelihood of: cpd00107_c is 0.21845835560951254...
Loop119 pFBA...17769.0...Ave likelihood of: cpd00039_c is 0.266579659757896...
Loop120 pFBA...21878.0...Ave likelihood of: cpd00060_c is 0.18003959421591062...
Loop121 pFBA...21187.0...Ave likelihood of: cpd00066_c is 0.2284989243423811...
Loop122 pFBA...12000.0...Ave likelihood of: cpd00129_c is 3.789384662177246e-05...
Loop123 pFBA...6117.0...Ave likelihood of: cpd00054_c is 0.2575931874772493...
Loop124 pFBA...8345.0...Ave likelihood of: cpd00161_c is 0.28208984569802925...
Loop125 pFBA...29989.0...Ave likelihood of: cpd00065_c is 0.132519225030547...
Loop126 pFBA...19081.0...Ave likelihood of: cpd00069_c is 0.18786693818616737...
Loop127 pFBA...8766.0...Ave likelihood of: cpd00156_c is 0.16424502428662693...
Loop128 pFBA...24810.0...Ave likelihood of: cpd00098_c is 0.17249797867238809...
Loop129 pFBA...16383.0...Ave likelihood of: cpd00274_c is 0.2900684315996483...
Loop130 pFBA...7076.0...Ave likelihood of: cpd00226_c is 0.27753241611629603...
Loop131 pFBA...5084.0...Ave likelihood of: cpd00246_c is 0.26518651016243155...
Loop132 pFBA...21001.0...Ave likelihood of: cpd00374_c is 0.17760806588702563...
Loop133 pFBA...4528.0...Ave likelihood of: cpd00221_c is 0.319934737002237...
Loop134 pFBA...4392.0...Ave likelihood of: cpd00159_c is 0.31309577414597084...
Loop135 pFBA...10428.0...Ave likelihood of: cpd00211_c is 0.29962468543852044...
Loop136 pFBA...4149.0...Ave likelihood of: cpd00047_c is 0.349399090122221...
Loop137 pFBA...5283.0...Ave likelihood of: cpd00106_c is 0.08806147361253222...
Loop138 pFBA...8109.0...Ave likelihood of: cpd00141_c is 0.2167606433710585...
Loop139 pFBA...20488.0...Ave likelihood of: cpd00216_c is 0.19194621395655892...
Loop140 pFBA...5064.0...Ave likelihood of: cpd00036_c is 0.04858760847366136...
Loop141 pFBA...22792.0...Ave likelihood of: cpd00581_c is 0.09697126289042217...
Loop142 pFBA...4994.0...Ave likelihood of: cpd00128_c is 0.0911178639517841...
Loop143 pFBA...6200.0...Ave likelihood of: cpd00018_c is 0.11621333143302108...
Loop144 pFBA...5545.0...Ave likelihood of: cpd00091_c is 0.14328086336721174...
Loop145 pFBA...4057.0...Ave likelihood of: cpd00092_c is 0.24683623846968514...
Loop146 pFBA...63312.0...Ave likelihood of: cpd00305_c is 0.16549488093802006...
Loop147 pFBA...12635.0...Ave likelihood of: cpd00220_c is 0.1723040891839465...
Loop148 pFBA...14709.0...Ave likelihood of: cpd00218_c is 0.1388159239887281...
Loop149 pFBA...14499.0...Ave likelihood of: cpd00215_c is 0.2190055852502449...
Loop150 pFBA...29134.0...Ave likelihood of: cpd00104_c is 0.14294587444513693...
Loop151 pFBA...36584.0...Ave likelihood of: cpd00393_c is 0.17721884191046733...
Loop152 pFBA...6552.0...Ave likelihood of: cpd00363_c is 0.36258651004839104...
Loop153 pFBA...9999.0...Ave likelihood of: cpd00281_c is 0.0001005970153610616...
Loop154 pFBA...4205.0...Ave likelihood of: cpd00025_c is 0.25098059454471705...
Loop155 pFBA...20814.0...Ave likelihood of: cpd00811_c is 0.2158634437728122...
31.9707701325mins to complete!
