
The following have been reloaded with a version change:
  1) anaconda2/4.4.0 => anaconda2/5.1.0

Loading in models...Adding Water...Remove no-like rxns...Pruned 1 metabolites from model
Pruned 1 reactions from model
Set-up Universal...61.0seconds to complete

Loop0 pFBA...5559.0...Ave likelihood of: cpd00117_c is 0.4735925990996576...
Loop1 pFBA...6841.0...Ave likelihood of: cpd00186_c is 0.35985153202427034...
Loop2 pFBA...21379.0...Ave likelihood of: cpd00637_c is 0.27836857293586337...
Loop3 pFBA...6420.0...Ave likelihood of: cpd00550_c is 0.347552388694971...
Loop4 pFBA...4056.0...Ave likelihood of: cpd00033_c is 0.2559447312788272...
Loop5 pFBA...5437.0...Ave likelihood of: cpd00035_c is 0.4735925990996576...
Loop6 pFBA...18093.0...Ave likelihood of: cpd00051_c is 0.3115307463790587...
Loop7 pFBA...7913.0...Ave likelihood of: cpd00132_c is 0.24984535810095074...
Loop8 pFBA...5183.0...Ave likelihood of: cpd00041_c is 0.22298602044692656...
Loop9 pFBA...13617.0...Ave likelihood of: cpd00084_c is 0.2774462455250641...
Loop10 pFBA...6592.0...Ave likelihood of: cpd00023_c is 0.28155025548519413...
Loop11 pFBA...9082.0...Ave likelihood of: cpd00053_c is 0.3109419799922041...
Loop12 pFBA...16376.0...Ave likelihood of: cpd00119_c is 0.33003668988650453...
Loop13 pFBA...16746.0...Ave likelihood of: cpd00322_c is 0.3540406196750696...
Loop14 pFBA...14213.0...Ave likelihood of: cpd00107_c is 0.26385114872954596...
Loop15 pFBA...17676.0...Ave likelihood of: cpd00039_c is 0.3022536962772826...
Loop16 pFBA...20379.0...Ave likelihood of: cpd00060_c is 0.28193740079401547...
Loop17 pFBA...20555.0...Ave likelihood of: cpd00066_c is 0.24647006664409765...
Loop18 pFBA...10265.0...Ave likelihood of: cpd00129_c is 0.20321673104909121...
Loop19 pFBA...5420.0...Ave likelihood of: cpd00054_c is 0.3549471203693322...
Loop20 pFBA...7342.0...Ave likelihood of: cpd00161_c is 0.39920695960646774...
Loop21 pFBA...26522.0...Ave likelihood of: cpd00065_c is 0.2694563137600413...
Loop22 pFBA...18290.0...Ave likelihood of: cpd00069_c is 0.21505978761228892...
Loop23 pFBA...7675.0...Ave likelihood of: cpd00156_c is 0.33230638611066327...
Loop24 pFBA...23618.0...Ave likelihood of: cpd00098_c is 0.2703679746279042...
Loop25 pFBA...14162.0...Ave likelihood of: cpd00274_c is 0.1946029496359054...
Loop26 pFBA...6627.0...Ave likelihood of: cpd00226_c is 0.32632773658377306...
Loop27 pFBA...4454.0...Ave likelihood of: cpd00246_c is 0.43834893936138714...
Loop28 pFBA...20022.0...Ave likelihood of: cpd00374_c is 0.2178281340669723...
Loop29 pFBA...4762.0...Ave likelihood of: cpd00221_c is 0.4229832644095396...
Loop30 pFBA...4265.0...Ave likelihood of: cpd00159_c is 0.42370076627882025...
Loop31 pFBA...10338.0...Ave likelihood of: cpd00211_c is 0.3551154558181352...
Loop32 pFBA...3765.0...Ave likelihood of: cpd00047_c is 0.29135878258923065...
Loop33 pFBA...5000.0...Ave likelihood of: cpd00106_c is 0.190039994552051...
Loop34 pFBA...7563.0...Ave likelihood of: cpd00141_c is 0.4127061757154737...
Loop35 pFBA...19181.0...Ave likelihood of: cpd00216_c is 0.23783032261404866...
Loop36 pFBA...4802.0...Ave likelihood of: cpd00036_c is 0.41773294209393885...
Loop37 pFBA...16945.0...Ave likelihood of: cpd00581_c is 0.32607118109192396...
Loop38 pFBA...4746.0...Ave likelihood of: cpd00128_c is 0.3461192002500743...
Loop39 pFBA...5863.0...Ave likelihood of: cpd00018_c is 0.2797042765823504...
Loop40 pFBA...5863.0...Ave likelihood of: cpd00091_c is 0.2797042765823504...
Loop41 pFBA...3607.0...Ave likelihood of: cpd00092_c is 0.3681550281119416...
Loop42 pFBA...63846.0...Ave likelihood of: cpd00305_c is 0.1583023470157855...
Loop43 pFBA...13662.0...Ave likelihood of: cpd00220_c is 0.2968340670300549...
Loop44 pFBA...14446.0...Ave likelihood of: cpd00218_c is 0.21557565945350451...
Loop45 pFBA...14494.0...Ave likelihood of: cpd00215_c is 0.2994218545796914...
Loop46 pFBA...28665.0...Ave likelihood of: cpd00104_c is 0.2075418592973234...
Loop47 pFBA...36052.0...Ave likelihood of: cpd00393_c is 0.17021394015602478...
Loop48 pFBA...5590.0...Ave likelihood of: cpd00363_c is 0.5691854595886285...
Loop49 pFBA...8589.0...Ave likelihood of: cpd00281_c is 0.20164210482497205...
Loop50 pFBA...4020.0...Ave likelihood of: cpd00025_c is 0.28300407226476965...
Loop51 pFBA...19589.0...Ave likelihood of: cpd00811_c is 0.25990222906502575...
Loop52 pFBA...5367.0...Ave likelihood of: cpd00714_c is 0.37645055283981066...
Loop53 pFBA...5559.0...Ave likelihood of: cpd00117_c is 0.4735925990996576...
Loop54 pFBA...6841.0...Ave likelihood of: cpd00186_c is 0.35985153202427034...
Loop55 pFBA...21649.0...Ave likelihood of: cpd00637_c is 0.2782712953970556...
Loop56 pFBA...6487.0...Ave likelihood of: cpd00550_c is 0.3078309814858796...
Loop57 pFBA...4057.0...Ave likelihood of: cpd00033_c is 0.23857575635430023...
Loop58 pFBA...5437.0...Ave likelihood of: cpd00035_c is 0.4735925990996576...
Loop59 pFBA...18309.0...Ave likelihood of: cpd00051_c is 0.27965952330505495...
Loop60 pFBA...7913.0...Ave likelihood of: cpd00132_c is 0.24984535810095074...
Loop61 pFBA...5183.0...Ave likelihood of: cpd00041_c is 0.22298602044692656...
Loop62 pFBA...13749.0...Ave likelihood of: cpd00084_c is 0.24823368327540718...
Loop63 pFBA...6592.0...Ave likelihood of: cpd00023_c is 0.28155025548519413...
Loop64 pFBA...9082.0...Ave likelihood of: cpd00053_c is 0.3109419799922041...
Loop65 pFBA...16376.0...Ave likelihood of: cpd00119_c is 0.33003668988650453...
Loop66 pFBA...16756.0...Ave likelihood of: cpd00322_c is 0.23975280561059417...
Loop67 pFBA...14213.0...Ave likelihood of: cpd00107_c is 0.26385114872954596...
Loop68 pFBA...17905.0...Ave likelihood of: cpd00039_c is 0.3416178879670554...
Loop69 pFBA...20649.0...Ave likelihood of: cpd00060_c is 0.28162396160665865...
Loop70 pFBA...21421.0...Ave likelihood of: cpd00066_c is 0.23014282850396084...
Loop71 pFBA...10265.0...Ave likelihood of: cpd00129_c is 0.2552514004711696...
Loop72 pFBA...5487.0...Ave likelihood of: cpd00054_c is 0.3078309814858796...
Loop73 pFBA...7655.0...Ave likelihood of: cpd00161_c is 0.3656268777669841...
Loop74 pFBA...26522.0...Ave likelihood of: cpd00065_c is 0.2694563137600413...
Loop75 pFBA...18852.0...Ave likelihood of: cpd00069_c is 0.23881675680531714...
Loop76 pFBA...7675.0...Ave likelihood of: cpd00156_c is 0.33230638611066327...
Loop77 pFBA...24530.0...Ave likelihood of: cpd00098_c is 0.26809112449029837...
Loop78 pFBA...14162.0...Ave likelihood of: cpd00274_c is 0.1946029496359054...
Loop79 pFBA...6627.0...Ave likelihood of: cpd00226_c is 0.32632773658377306...
Loop80 pFBA...4788.0...Ave likelihood of: cpd00246_c is 0.3650960821277598...
Loop81 pFBA...20813.0...Ave likelihood of: cpd00374_c is 0.2219037973878615...
Loop82 pFBA...5068.0...Ave likelihood of: cpd00221_c is 0.3586252200387133...
Loop83 pFBA...4330.0...Ave likelihood of: cpd00159_c is 0.3845759318872218...
Loop84 pFBA...10517.0...Ave likelihood of: cpd00211_c is 0.213676754542493...
Loop85 pFBA...3766.0...Ave likelihood of: cpd00047_c is 0.21906572533253324...
Loop86 pFBA...5000.0...Ave likelihood of: cpd00106_c is 0.190039994552051...
Loop87 pFBA...7729.0...Ave likelihood of: cpd00141_c is 0.3243524981606699...
Loop88 pFBA...20247.0...Ave likelihood of: cpd00216_c is 0.22649408342110175...
Loop89 pFBA...4803.0...Ave likelihood of: cpd00036_c is 0.22801898931707115...
Loop90 pFBA...16945.0...Ave likelihood of: cpd00581_c is 0.32607118109192396...
Loop91 pFBA...4746.0...Ave likelihood of: cpd00128_c is 0.3461192002500743...
Loop92 pFBA...5863.0...Ave likelihood of: cpd00018_c is 0.2797042765823504...
Loop93 pFBA...5863.0...Ave likelihood of: cpd00091_c is 0.2797042765823504...
Loop94 pFBA...3616.0...Ave likelihood of: cpd00092_c is 0.3220075380546431...
Loop95 pFBA...64033.0...Ave likelihood of: cpd00305_c is 0.12212020082852723...
Loop96 pFBA...14047.0...Ave likelihood of: cpd00220_c is 0.1834465385832018...
Loop97 pFBA...14704.0...Ave likelihood of: cpd00218_c is 0.2198208224786621...
Loop98 pFBA...15049.0...Ave likelihood of: cpd00215_c is 0.3481175670928976...
Loop99 pFBA...28715.0...Ave likelihood of: cpd00104_c is 0.17018577039720012...
Loop100 pFBA...36061.0...Ave likelihood of: cpd00393_c is 0.17079032682864895...
Loop101 pFBA...6307.0...Ave likelihood of: cpd00363_c is 0.3916467587139061...
Loop102 pFBA...8589.0...Ave likelihood of: cpd00281_c is 0.20164210482497205...
Loop103 pFBA...4206.0...Ave likelihood of: cpd00025_c is 0.3814495258972382...
Loop104 pFBA...20459.0...Ave likelihood of: cpd00811_c is 0.3021934067412013...
Loop105 pFBA...6325.0...Ave likelihood of: cpd00714_c is 0.4291133674657385...
Loop106 pFBA...5559.0...Ave likelihood of: cpd00117_c is 0.4735925990996576...
Loop107 pFBA...6841.0...Ave likelihood of: cpd00186_c is 0.35985153202427034...
Loop108 pFBA...21554.0...Ave likelihood of: cpd00637_c is 0.24995311672571...
Loop109 pFBA...6443.0...Ave likelihood of: cpd00550_c is 0.30294073415287015...
Loop110 pFBA...4056.0...Ave likelihood of: cpd00033_c is 0.22876618783824162...
Loop111 pFBA...5437.0...Ave likelihood of: cpd00035_c is 0.4735925990996576...
Loop112 pFBA...18191.0...Ave likelihood of: cpd00051_c is 0.27301484929585873...
Loop113 pFBA...7913.0...Ave likelihood of: cpd00132_c is 0.24984535810095074...
Loop114 pFBA...5183.0...Ave likelihood of: cpd00041_c is 0.22298602044692656...
Loop115 pFBA...13733.0...Ave likelihood of: cpd00084_c is 0.23511159655073055...
Loop116 pFBA...6592.0...Ave likelihood of: cpd00023_c is 0.28155025548519413...
Loop117 pFBA...9082.0...Ave likelihood of: cpd00053_c is 0.3109419799922041...
Loop118 pFBA...16376.0...Ave likelihood of: cpd00119_c is 0.33003668988650453...
Loop119 pFBA...16756.0...Ave likelihood of: cpd00322_c is 0.23975280561059417...
Loop120 pFBA...14213.0...Ave likelihood of: cpd00107_c is 0.26385114872954596...
Loop121 pFBA...17739.0...Ave likelihood of: cpd00039_c is 0.2847709287289456...
Loop122 pFBA...20554.0...Ave likelihood of: cpd00060_c is 0.24995311672571...
Loop123 pFBA...20930.0...Ave likelihood of: cpd00066_c is 0.2270902105958034...
Loop124 pFBA...10265.0...Ave likelihood of: cpd00129_c is 0.20321673104909121...
Loop125 pFBA...5443.0...Ave likelihood of: cpd00054_c is 0.30925199944772164...
Loop126 pFBA...7518.0...Ave likelihood of: cpd00161_c is 0.3454491602301894...
Loop127 pFBA...26522.0...Ave likelihood of: cpd00065_c is 0.2694563137600413...
Loop128 pFBA...18468.0...Ave likelihood of: cpd00069_c is 0.1975002138758587...
Loop129 pFBA...7675.0...Ave likelihood of: cpd00156_c is 0.33230638611066327...
Loop130 pFBA...24123.0...Ave likelihood of: cpd00098_c is 0.24236898996723996...
Loop131 pFBA...14162.0...Ave likelihood of: cpd00274_c is 0.19460294963590544...
Loop132 pFBA...6627.0...Ave likelihood of: cpd00226_c is 0.32632773658377306...
Loop133 pFBA...4642.0...Ave likelihood of: cpd00246_c is 0.22821281283529957...
Loop134 pFBA...20429.0...Ave likelihood of: cpd00374_c is 0.2039371664001947...
Loop135 pFBA...4959.0...Ave likelihood of: cpd00221_c is 0.19160760096062035...
Loop136 pFBA...4316.0...Ave likelihood of: cpd00159_c is 0.3467372378069046...
Loop137 pFBA...10493.0...Ave likelihood of: cpd00211_c is 0.3364523308970869...
Loop138 pFBA...3766.0...Ave likelihood of: cpd00047_c is 0.2190657253325332...
Loop139 pFBA...5000.0...Ave likelihood of: cpd00106_c is 0.190039994552051...
Loop140 pFBA...7680.0...Ave likelihood of: cpd00141_c is 0.3711794812441193...
Loop141 pFBA...19628.0...Ave likelihood of: cpd00216_c is 0.2315879566525787...
Loop142 pFBA...4803.0...Ave likelihood of: cpd00036_c is 0.22801898931707115...
Loop143 pFBA...16945.0...Ave likelihood of: cpd00581_c is 0.32607118109192396...
Loop144 pFBA...4746.0...Ave likelihood of: cpd00128_c is 0.3461192002500743...
Loop145 pFBA...5863.0...Ave likelihood of: cpd00018_c is 0.2797042765823504...
Loop146 pFBA...5863.0...Ave likelihood of: cpd00091_c is 0.2797042765823504...
Loop147 pFBA...3616.0...Ave likelihood of: cpd00092_c is 0.3220075380546431...
Loop148 pFBA...64033.0...Ave likelihood of: cpd00305_c is 0.12212020082852722...
Loop149 pFBA...13953.0...Ave likelihood of: cpd00220_c is 0.27750007955496714...
Loop150 pFBA...14657.0...Ave likelihood of: cpd00218_c is 0.15452153895883358...
Loop151 pFBA...14738.0...Ave likelihood of: cpd00215_c is 0.22775515142510444...
Loop152 pFBA...28707.0...Ave likelihood of: cpd00104_c is 0.19262415218938667...
Loop153 pFBA...36052.0...Ave likelihood of: cpd00393_c is 0.15149500702402655...
Loop154 pFBA...5979.0...Ave likelihood of: cpd00363_c is 0.438087162626238...
Loop155 pFBA...8589.0...Ave likelihood of: cpd00281_c is 0.20164210482497205...
Loop156 pFBA...4142.0...Ave likelihood of: cpd00025_c is 0.30797990142246656...
Loop157 pFBA...19993.0...Ave likelihood of: cpd00811_c is 0.2709919209285897...
Loop158 pFBA...6111.0...Ave likelihood of: cpd00714_c is 0.29930789953375087...
33.6570027351mins to complete!
