
The following have been reloaded with a version change:
  1) anaconda2/4.4.0 => anaconda2/5.1.0

Loading in models...Adding Water...Remove no-like rxns...Pruned 1 metabolites from model
Pruned 1 reactions from model
Set-up Universal...62.0seconds to complete

Loop0 pFBA...5567.0...Ave likelihood of: cpd00117_c is 0.47191821114599136...
Loop1 pFBA...6841.0...Ave likelihood of: cpd00186_c is 0.35985153123202324...
Loop2 pFBA...21376.0...Ave likelihood of: cpd00637_c is 0.26809300285936566...
Loop3 pFBA...6435.0...Ave likelihood of: cpd00550_c is 0.3461646758886407...
Loop4 pFBA...4055.0...Ave likelihood of: cpd00033_c is 0.25548720790242574...
Loop5 pFBA...5444.0...Ave likelihood of: cpd00035_c is 0.47191821114599136...
Loop6 pFBA...18118.0...Ave likelihood of: cpd00051_c is 0.31067078574738327...
Loop7 pFBA...7911.0...Ave likelihood of: cpd00132_c is 0.2500673394435842...
Loop8 pFBA...5181.0...Ave likelihood of: cpd00041_c is 0.2232459142613798...
Loop9 pFBA...13628.0...Ave likelihood of: cpd00084_c is 0.2760940310359043...
Loop10 pFBA...6592.0...Ave likelihood of: cpd00023_c is 0.2815502545344976...
Loop11 pFBA...9082.0...Ave likelihood of: cpd00053_c is 0.31098869423100906...
Loop12 pFBA...16376.0...Ave likelihood of: cpd00119_c is 0.3236656021555427...
Loop13 pFBA...16729.0...Ave likelihood of: cpd00322_c is 0.3544843957046958...
Loop14 pFBA...14214.0...Ave likelihood of: cpd00107_c is 0.26383911453099484...
Loop15 pFBA...17691.0...Ave likelihood of: cpd00039_c is 0.30490312450055707...
Loop16 pFBA...20376.0...Ave likelihood of: cpd00060_c is 0.2716675762308238...
Loop17 pFBA...20594.0...Ave likelihood of: cpd00066_c is 0.2394505225172751...
Loop18 pFBA...10265.0...Ave likelihood of: cpd00129_c is 0.20315661529011939...
Loop19 pFBA...5435.0...Ave likelihood of: cpd00054_c is 0.3535298817586118...
Loop20 pFBA...7355.0...Ave likelihood of: cpd00161_c is 0.3979914798194688...
Loop21 pFBA...27279.0...Ave likelihood of: cpd00065_c is 0.24952564189584103...
Loop22 pFBA...18318.0...Ave likelihood of: cpd00069_c is 0.21416072026315067...
Loop23 pFBA...7671.0...Ave likelihood of: cpd00156_c is 0.33292386323993867...
Loop24 pFBA...23630.0...Ave likelihood of: cpd00098_c is 0.26530061297396457...
Loop25 pFBA...14166.0...Ave likelihood of: cpd00274_c is 0.19423044337483955...
Loop26 pFBA...6632.0...Ave likelihood of: cpd00226_c is 0.325930752874883...
Loop27 pFBA...4457.0...Ave likelihood of: cpd00246_c is 0.43847081387744774...
Loop28 pFBA...20049.0...Ave likelihood of: cpd00374_c is 0.2262481004526815...
Loop29 pFBA...4762.0...Ave likelihood of: cpd00221_c is 0.4229152396386072...
Loop30 pFBA...4283.0...Ave likelihood of: cpd00159_c is 0.4214839364711157...
Loop31 pFBA...10324.0...Ave likelihood of: cpd00211_c is 0.3912975550487716...
Loop32 pFBA...3765.0...Ave likelihood of: cpd00047_c is 0.29018613901849416...
Loop33 pFBA...5000.0...Ave likelihood of: cpd00106_c is 0.19023593003820077...
Loop34 pFBA...7569.0...Ave likelihood of: cpd00141_c is 0.4130264341715957...
Loop35 pFBA...19233.0...Ave likelihood of: cpd00216_c is 0.23659317049892253...
Loop36 pFBA...4801.0...Ave likelihood of: cpd00036_c is 0.22836157661794135...
Loop37 pFBA...16944.0...Ave likelihood of: cpd00581_c is 0.3261523313226836...
Loop38 pFBA...4747.0...Ave likelihood of: cpd00128_c is 0.3457268116768109...
Loop39 pFBA...5862.0...Ave likelihood of: cpd00018_c is 0.27974219563538166...
Loop40 pFBA...5862.0...Ave likelihood of: cpd00091_c is 0.27974219563538166...
Loop41 pFBA...3610.0...Ave likelihood of: cpd00092_c is 0.3667567946455604...
Loop42 pFBA...63890.0...Ave likelihood of: cpd00305_c is 0.15926176146470494...
Loop43 pFBA...13681.0...Ave likelihood of: cpd00220_c is 0.2961665308204098...
Loop44 pFBA...14482.0...Ave likelihood of: cpd00218_c is 0.21277858090633453...
Loop45 pFBA...14519.0...Ave likelihood of: cpd00215_c is 0.31442492801408917...
Loop46 pFBA...28649.0...Ave likelihood of: cpd00104_c is 0.20751565080763462...
Loop47 pFBA...35893.0...Ave likelihood of: cpd00393_c is 0.1718608846685496...
Loop48 pFBA...5739.0...Ave likelihood of: cpd00363_c is 0.562671183738467...
Loop49 pFBA...8589.0...Ave likelihood of: cpd00281_c is 0.2016421041459031...
Loop50 pFBA...4024.0...Ave likelihood of: cpd00025_c is 0.2900267346438397...
Loop51 pFBA...19599.0...Ave likelihood of: cpd00811_c is 0.2593800828515358...
Loop52 pFBA...5435.0...Ave likelihood of: cpd00714_c is 0.36933796295695687...
Loop53 pFBA...5567.0...Ave likelihood of: cpd00117_c is 0.47191821114599136...
Loop54 pFBA...6841.0...Ave likelihood of: cpd00186_c is 0.35985153123202324...
Loop55 pFBA...21639.0...Ave likelihood of: cpd00637_c is 0.27835316526015275...
Loop56 pFBA...6503.0...Ave likelihood of: cpd00550_c is 0.29693296146029485...
Loop57 pFBA...4056.0...Ave likelihood of: cpd00033_c is 0.23854323271117045...
Loop58 pFBA...5444.0...Ave likelihood of: cpd00035_c is 0.47191821114599136...
Loop59 pFBA...18321.0...Ave likelihood of: cpd00051_c is 0.27953864850446447...
Loop60 pFBA...7911.0...Ave likelihood of: cpd00132_c is 0.2500673394435842...
Loop61 pFBA...5181.0...Ave likelihood of: cpd00041_c is 0.2232459142613798...
Loop62 pFBA...13756.0...Ave likelihood of: cpd00084_c is 0.25285708826337533...
Loop63 pFBA...6592.0...Ave likelihood of: cpd00023_c is 0.2815502545344976...
Loop64 pFBA...9082.0...Ave likelihood of: cpd00053_c is 0.31098869423100906...
Loop65 pFBA...16376.0...Ave likelihood of: cpd00119_c is 0.33013891419865354...
Loop66 pFBA...16738.0...Ave likelihood of: cpd00322_c is 0.2408852856236598...
Loop67 pFBA...14214.0...Ave likelihood of: cpd00107_c is 0.26383911453099484...
Loop68 pFBA...17912.0...Ave likelihood of: cpd00039_c is 0.3411963451708254...
Loop69 pFBA...20639.0...Ave likelihood of: cpd00060_c is 0.2817068178536486...
Loop70 pFBA...21458.0...Ave likelihood of: cpd00066_c is 0.2292289477699091...
Loop71 pFBA...10265.0...Ave likelihood of: cpd00129_c is 0.20315661529011939...
Loop72 pFBA...5503.0...Ave likelihood of: cpd00054_c is 0.3160899267157977...
Loop73 pFBA...7648.0...Ave likelihood of: cpd00161_c is 0.3655837944281667...
Loop74 pFBA...27279.0...Ave likelihood of: cpd00065_c is 0.24952564189584103...
Loop75 pFBA...18863.0...Ave likelihood of: cpd00069_c is 0.23809647232327869...
Loop76 pFBA...7671.0...Ave likelihood of: cpd00156_c is 0.33292386323993867...
Loop77 pFBA...24524.0...Ave likelihood of: cpd00098_c is 0.26038543597444275...
Loop78 pFBA...14166.0...Ave likelihood of: cpd00274_c is 0.19423044337483955...
Loop79 pFBA...6632.0...Ave likelihood of: cpd00226_c is 0.325930752874883...
Loop80 pFBA...4790.0...Ave likelihood of: cpd00246_c is 0.3562985078198355...
Loop81 pFBA...20820.0...Ave likelihood of: cpd00374_c is 0.2216692973670979...
Loop82 pFBA...5087.0...Ave likelihood of: cpd00221_c is 0.35748141794618316...
Loop83 pFBA...4348.0...Ave likelihood of: cpd00159_c is 0.3835282056409655...
Loop84 pFBA...10498.0...Ave likelihood of: cpd00211_c is 0.21484599996041942...
Loop85 pFBA...3766.0...Ave likelihood of: cpd00047_c is 0.2191681876886287...
Loop86 pFBA...5000.0...Ave likelihood of: cpd00106_c is 0.19023593003820077...
Loop87 pFBA...7729.0...Ave likelihood of: cpd00141_c is 0.3244329126330504...
Loop88 pFBA...20289.0...Ave likelihood of: cpd00216_c is 0.22216340437617518...
Loop89 pFBA...4801.0...Ave likelihood of: cpd00036_c is 0.22836157661794135...
Loop90 pFBA...16944.0...Ave likelihood of: cpd00581_c is 0.3261523313226836...
Loop91 pFBA...4747.0...Ave likelihood of: cpd00128_c is 0.3457268116768109...
Loop92 pFBA...5862.0...Ave likelihood of: cpd00018_c is 0.27974219563538166...
Loop93 pFBA...5862.0...Ave likelihood of: cpd00091_c is 0.27974219563538166...
Loop94 pFBA...3619.0...Ave likelihood of: cpd00092_c is 0.3215667158090056...
Loop95 pFBA...64063.0...Ave likelihood of: cpd00305_c is 0.12059466286276262...
Loop96 pFBA...14058.0...Ave likelihood of: cpd00220_c is 0.1832235660733326...
Loop97 pFBA...14716.0...Ave likelihood of: cpd00218_c is 0.2102052837131928...
Loop98 pFBA...15061.0...Ave likelihood of: cpd00215_c is 0.3475839707077469...
Loop99 pFBA...28692.0...Ave likelihood of: cpd00104_c is 0.170651570351261...
Loop100 pFBA...35902.0...Ave likelihood of: cpd00393_c is 0.17249309263156384...
Loop101 pFBA...6458.0...Ave likelihood of: cpd00363_c is 0.5113146124958001...
Loop102 pFBA...8589.0...Ave likelihood of: cpd00281_c is 0.2016421041459031...
Loop103 pFBA...4207.0...Ave likelihood of: cpd00025_c is 0.3921434675185958...
Loop104 pFBA...20464.0...Ave likelihood of: cpd00811_c is 0.3014336981341282...
Loop105 pFBA...6385.0...Ave likelihood of: cpd00714_c is 0.4242053975799152...
Loop106 pFBA...5567.0...Ave likelihood of: cpd00117_c is 0.47191821114599136...
Loop107 pFBA...6841.0...Ave likelihood of: cpd00186_c is 0.35985153123202324...
Loop108 pFBA...21544.0...Ave likelihood of: cpd00637_c is 0.250258998481113...
Loop109 pFBA...6458.0...Ave likelihood of: cpd00550_c is 0.30217530808652...
Loop110 pFBA...4056.0...Ave likelihood of: cpd00033_c is 0.22820529911756426...
Loop111 pFBA...5444.0...Ave likelihood of: cpd00035_c is 0.47191821114599136...
Loop112 pFBA...18208.0...Ave likelihood of: cpd00051_c is 0.2726367353334437...
Loop113 pFBA...7911.0...Ave likelihood of: cpd00132_c is 0.2500673394435842...
Loop114 pFBA...5181.0...Ave likelihood of: cpd00041_c is 0.2232459142613798...
Loop115 pFBA...13743.0...Ave likelihood of: cpd00084_c is 0.23055658306597399...
Loop116 pFBA...6592.0...Ave likelihood of: cpd00023_c is 0.2815502545344976...
Loop117 pFBA...9082.0...Ave likelihood of: cpd00053_c is 0.31098869423100906...
Loop118 pFBA...16376.0...Ave likelihood of: cpd00119_c is 0.3236656021555427...
Loop119 pFBA...16738.0...Ave likelihood of: cpd00322_c is 0.2408852856236598...
Loop120 pFBA...14214.0...Ave likelihood of: cpd00107_c is 0.26383911453099484...
Loop121 pFBA...17746.0...Ave likelihood of: cpd00039_c is 0.28488513400164167...
Loop122 pFBA...20544.0...Ave likelihood of: cpd00060_c is 0.250258998481113...
Loop123 pFBA...20956.0...Ave likelihood of: cpd00066_c is 0.22639455594988092...
Loop124 pFBA...10265.0...Ave likelihood of: cpd00129_c is 0.20315661529011939...
Loop125 pFBA...5458.0...Ave likelihood of: cpd00054_c is 0.3084706270049891...
Loop126 pFBA...7516.0...Ave likelihood of: cpd00161_c is 0.36835917016707453...
Loop127 pFBA...27279.0...Ave likelihood of: cpd00065_c is 0.24952564189584103...
Loop128 pFBA...18485.0...Ave likelihood of: cpd00069_c is 0.19692604763534913...
Loop129 pFBA...7671.0...Ave likelihood of: cpd00156_c is 0.33292386323993867...
Loop130 pFBA...24123.0...Ave likelihood of: cpd00098_c is 0.2417250448340853...
Loop131 pFBA...14166.0...Ave likelihood of: cpd00274_c is 0.19423044337483955...
Loop132 pFBA...6632.0...Ave likelihood of: cpd00226_c is 0.325930752874883...
Loop133 pFBA...4642.0...Ave likelihood of: cpd00246_c is 0.22796797143520797...
Loop134 pFBA...20441.0...Ave likelihood of: cpd00374_c is 0.21641051696680985...
Loop135 pFBA...4970.0...Ave likelihood of: cpd00221_c is 0.19010227600099475...
Loop136 pFBA...4334.0...Ave likelihood of: cpd00159_c is 0.40751493746071493...
Loop137 pFBA...10477.0...Ave likelihood of: cpd00211_c is 0.38147102625503165...
Loop138 pFBA...3766.0...Ave likelihood of: cpd00047_c is 0.2191681876886287...
Loop139 pFBA...5000.0...Ave likelihood of: cpd00106_c is 0.19023593003820077...
Loop140 pFBA...7673.0...Ave likelihood of: cpd00141_c is 0.37190817763926953...
Loop141 pFBA...19658.0...Ave likelihood of: cpd00216_c is 0.23067299547867226...
Loop142 pFBA...4801.0...Ave likelihood of: cpd00036_c is 0.22836157661794135...
Loop143 pFBA...16944.0...Ave likelihood of: cpd00581_c is 0.3261523313226836...
Loop144 pFBA...4747.0...Ave likelihood of: cpd00128_c is 0.3457268116768109...
Loop145 pFBA...5862.0...Ave likelihood of: cpd00018_c is 0.27974219563538166...
Loop146 pFBA...5862.0...Ave likelihood of: cpd00091_c is 0.27974219563538166...
Loop147 pFBA...3619.0...Ave likelihood of: cpd00092_c is 0.3215667158090056...
Loop148 pFBA...64063.0...Ave likelihood of: cpd00305_c is 0.12182522064707654...
Loop149 pFBA...13956.0...Ave likelihood of: cpd00220_c is 0.2652871328641556...
Loop150 pFBA...14670.0...Ave likelihood of: cpd00218_c is 0.14482070980751538...
Loop151 pFBA...14749.0...Ave likelihood of: cpd00215_c is 0.2314261226258318...
Loop152 pFBA...28683.0...Ave likelihood of: cpd00104_c is 0.19308149929492704...
Loop153 pFBA...35894.0...Ave likelihood of: cpd00393_c is 0.15355313992173866...
Loop154 pFBA...6118.0...Ave likelihood of: cpd00363_c is 0.4324472011900522...
Loop155 pFBA...8589.0...Ave likelihood of: cpd00281_c is 0.2016421041459031...
Loop156 pFBA...4142.0...Ave likelihood of: cpd00025_c is 0.3079411910951255...
Loop157 pFBA...19990.0...Ave likelihood of: cpd00811_c is 0.27121940665024324...
Loop158 pFBA...6178.0...Ave likelihood of: cpd00714_c is 0.2921893658257595...
32.5556705356mins to complete!
