
The following have been reloaded with a version change:
  1) anaconda2/4.4.0 => anaconda2/5.1.0

Loading in models...Adding Water...Remove no-like rxns...Pruned 1 metabolites from model
Pruned 1 reactions from model
Set-up Universal...67.0seconds to complete

Loop0 pFBA...5241.0...Ave likelihood of: cpd00117_c is 0.414773500094207...
Loop1 pFBA...7580.0...Ave likelihood of: cpd00186_c is 0.23661680231212334...
Loop2 pFBA...22038.0...Ave likelihood of: cpd00637_c is 0.24114729495638082...
Loop3 pFBA...6290.0...Ave likelihood of: cpd00550_c is 0.4827442562656864...
Loop4 pFBA...4105.0...Ave likelihood of: cpd00033_c is 0.28114095622759977...
Loop5 pFBA...5092.0...Ave likelihood of: cpd00035_c is 0.42268498438613794...
Loop6 pFBA...18280.0...Ave likelihood of: cpd00051_c is 0.3048787158213011...
Loop7 pFBA...7780.0...Ave likelihood of: cpd00132_c is 0.21982701393068607...
Loop8 pFBA...5325.0...Ave likelihood of: cpd00041_c is 0.18162670902529537...
Loop9 pFBA...13676.0...Ave likelihood of: cpd00084_c is 0.2742232352123007...
Loop10 pFBA...7335.0...Ave likelihood of: cpd00023_c is 0.13303439071782203...
Loop11 pFBA...9470.0...Ave likelihood of: cpd00053_c is 0.2609049887971872...
Loop12 pFBA...21308.0...Ave likelihood of: cpd00119_c is 0.18580061581439747...
Loop13 pFBA...17073.0...Ave likelihood of: cpd00322_c is 0.29643570212230863...
Loop14 pFBA...14685.0...Ave likelihood of: cpd00107_c is 0.2593353428995106...
Loop15 pFBA...16920.0...Ave likelihood of: cpd00039_c is 0.33986301160943805...
Loop16 pFBA...21038.0...Ave likelihood of: cpd00060_c is 0.24412442205460771...
Loop17 pFBA...20487.0...Ave likelihood of: cpd00066_c is 0.2698598045081089...
Loop18 pFBA...10535.0...Ave likelihood of: cpd00129_c is 0.16276403185459914...
Loop19 pFBA...5290.0...Ave likelihood of: cpd00054_c is 0.5229729442878269...
Loop20 pFBA...7533.0...Ave likelihood of: cpd00161_c is 0.39214536107107345...
Loop21 pFBA...29259.0...Ave likelihood of: cpd00065_c is 0.18272226789162216...
Loop22 pFBA...18407.0...Ave likelihood of: cpd00069_c is 0.2823186904728172...
Loop23 pFBA...8379.0...Ave likelihood of: cpd00156_c is 0.21386588218554123...
Loop24 pFBA...23621.0...Ave likelihood of: cpd00098_c is 0.24933583006680005...
Loop25 pFBA...14398.0...Ave likelihood of: cpd00274_c is 0.2705750737174393...
Loop26 pFBA...6089.0...Ave likelihood of: cpd00226_c is 0.444412618271363...
Loop27 pFBA...4591.0...Ave likelihood of: cpd00246_c is 0.3875352975398851...
Loop28 pFBA...20261.0...Ave likelihood of: cpd00374_c is 0.28534821293306023...
Loop29 pFBA...4301.0...Ave likelihood of: cpd00221_c is 0.3638640339240849...
Loop30 pFBA...3958.0...Ave likelihood of: cpd00159_c is 0.3779598202976829...
Loop31 pFBA...10206.0...Ave likelihood of: cpd00211_c is 0.2260009393783913...
Loop32 pFBA...3955.0...Ave likelihood of: cpd00047_c is 0.3514704591755987...
Loop33 pFBA...5052.0...Ave likelihood of: cpd00106_c is 0.1723106714503918...
Loop34 pFBA...7679.0...Ave likelihood of: cpd00141_c is 0.2333847065516006...
Loop35 pFBA...19518.0...Ave likelihood of: cpd00216_c is 0.27380072261421784...
Loop36 pFBA...4969.0...Ave likelihood of: cpd00036_c is 0.1503316589711136...
Loop37 pFBA...21946.0...Ave likelihood of: cpd00581_c is 0.19255572763551157...
Loop38 pFBA...4235.0...Ave likelihood of: cpd00128_c is 0.382438056688671...
Loop39 pFBA...5642.0...Ave likelihood of: cpd00018_c is 0.2902553662620837...
Loop40 pFBA...4688.0...Ave likelihood of: cpd00091_c is 0.36441801840979376...
Loop41 pFBA...3293.0...Ave likelihood of: cpd00092_c is 0.41247483009848623...
Loop42 pFBA...61454.0...Ave likelihood of: cpd00305_c is 0.20004730871530996...
Loop43 pFBA...12234.0...Ave likelihood of: cpd00220_c is 0.3353720877202459...
Loop44 pFBA...14394.0...Ave likelihood of: cpd00218_c is 0.20773151094867714...
Loop45 pFBA...14114.0...Ave likelihood of: cpd00215_c is 0.35681400540221675...
Loop46 pFBA...28085.0...Ave likelihood of: cpd00104_c is 0.19677669501606526...
Loop47 pFBA...34825.0...Ave likelihood of: cpd00393_c is 0.25447717913026374...
Loop48 pFBA...6097.0...Ave likelihood of: cpd00363_c is 0.4556199353498018...
Loop49 pFBA...9176.0...Ave likelihood of: cpd00281_c is 0.11764798292494894...
Loop50 pFBA...4108.0...Ave likelihood of: cpd00025_c is 0.40186905342670787...
Loop51 pFBA...20070.0...Ave likelihood of: cpd00811_c is 0.2920267951380982...
Loop52 pFBA...5202.0...Ave likelihood of: cpd00714_c is 0.43170129355839926...
Loop53 pFBA...5241.0...Ave likelihood of: cpd00117_c is 0.414773500094207...
Loop54 pFBA...7580.0...Ave likelihood of: cpd00186_c is 0.23661680231212334...
Loop55 pFBA...22042.0...Ave likelihood of: cpd00637_c is 0.23387762274997673...
Loop56 pFBA...6290.0...Ave likelihood of: cpd00550_c is 0.4827442562656864...
Loop57 pFBA...4105.0...Ave likelihood of: cpd00033_c is 0.28114095622759977...
Loop58 pFBA...5092.0...Ave likelihood of: cpd00035_c is 0.42268498438613794...
Loop59 pFBA...18379.0...Ave likelihood of: cpd00051_c is 0.3179501601850043...
Loop60 pFBA...7780.0...Ave likelihood of: cpd00132_c is 0.21982701393068607...
Loop61 pFBA...5325.0...Ave likelihood of: cpd00041_c is 0.18162670902529537...
Loop62 pFBA...13733.0...Ave likelihood of: cpd00084_c is 0.2930972258556499...
Loop63 pFBA...7335.0...Ave likelihood of: cpd00023_c is 0.13303439071782203...
Loop64 pFBA...9470.0...Ave likelihood of: cpd00053_c is 0.2609049887971872...
Loop65 pFBA...21308.0...Ave likelihood of: cpd00119_c is 0.18580061581439747...
Loop66 pFBA...17086.0...Ave likelihood of: cpd00322_c is 0.2165884391890537...
Loop67 pFBA...14685.0...Ave likelihood of: cpd00107_c is 0.2593353428995106...
Loop68 pFBA...16988.0...Ave likelihood of: cpd00039_c is 0.3053649640986289...
Loop69 pFBA...21042.0...Ave likelihood of: cpd00060_c is 0.23726715351446914...
Loop70 pFBA...21402.0...Ave likelihood of: cpd00066_c is 0.27211559985135514...
Loop71 pFBA...10535.0...Ave likelihood of: cpd00129_c is 0.14648762866913922...
Loop72 pFBA...5290.0...Ave likelihood of: cpd00054_c is 0.5229729442878269...
Loop73 pFBA...7600.0...Ave likelihood of: cpd00161_c is 0.34658407524857787...
Loop74 pFBA...29259.0...Ave likelihood of: cpd00065_c is 0.18294778228120886...
Loop75 pFBA...19004.0...Ave likelihood of: cpd00069_c is 0.2909629160057162...
Loop76 pFBA...8379.0...Ave likelihood of: cpd00156_c is 0.21386588218554123...
Loop77 pFBA...23900.0...Ave likelihood of: cpd00098_c is 0.24800854724093474...
Loop78 pFBA...14428.0...Ave likelihood of: cpd00274_c is 0.20961768114217863...
Loop79 pFBA...6089.0...Ave likelihood of: cpd00226_c is 0.444412618271363...
Loop80 pFBA...4801.0...Ave likelihood of: cpd00246_c is 0.3618801409284514...
Loop81 pFBA...21007.0...Ave likelihood of: cpd00374_c is 0.31549537244516257...
Loop82 pFBA...4340.0...Ave likelihood of: cpd00221_c is 0.4099789213547115...
Loop83 pFBA...3985.0...Ave likelihood of: cpd00159_c is 0.4028335396664616...
Loop84 pFBA...10206.0...Ave likelihood of: cpd00211_c is 0.2260009393783913...
Loop85 pFBA...4068.0...Ave likelihood of: cpd00047_c is 0.3576688060729773...
Loop86 pFBA...5052.0...Ave likelihood of: cpd00106_c is 0.1723106714503918...
Loop87 pFBA...7683.0...Ave likelihood of: cpd00141_c is 0.2955297394418033...
Loop88 pFBA...20468.0...Ave likelihood of: cpd00216_c is 0.3036438064198411...
Loop89 pFBA...4969.0...Ave likelihood of: cpd00036_c is 0.1503316589711136...
Loop90 pFBA...21946.0...Ave likelihood of: cpd00581_c is 0.19255572763551151...
Loop91 pFBA...4235.0...Ave likelihood of: cpd00128_c is 0.382438056688671...
Loop92 pFBA...5642.0...Ave likelihood of: cpd00018_c is 0.2902553662620837...
Loop93 pFBA...4688.0...Ave likelihood of: cpd00091_c is 0.36441801840979376...
Loop94 pFBA...3296.0...Ave likelihood of: cpd00092_c is 0.4326615216226097...
Loop95 pFBA...61493.0...Ave likelihood of: cpd00305_c is 0.16248771834039422...
Loop96 pFBA...12234.0...Ave likelihood of: cpd00220_c is 0.3353720877202459...
Loop97 pFBA...14685.0...Ave likelihood of: cpd00218_c is 0.17338941795219304...
Loop98 pFBA...14484.0...Ave likelihood of: cpd00215_c is 0.39058478769553484...
Loop99 pFBA...28085.0...Ave likelihood of: cpd00104_c is 0.19379522994006432...
Loop100 pFBA...34825.0...Ave likelihood of: cpd00393_c is 0.25447717913026374...
Loop101 pFBA...6326.0...Ave likelihood of: cpd00363_c is 0.4750808386412857...
Loop102 pFBA...9176.0...Ave likelihood of: cpd00281_c is 0.11764798292494894...
Loop103 pFBA...4190.0...Ave likelihood of: cpd00025_c is 0.40841774843496403...
Loop104 pFBA...20844.0...Ave likelihood of: cpd00811_c is 0.31040151311013253...
Loop105 pFBA...5885.0...Ave likelihood of: cpd00714_c is 0.559809929399429...
Loop106 pFBA...5241.0...Ave likelihood of: cpd00117_c is 0.414773500094207...
Loop107 pFBA...7580.0...Ave likelihood of: cpd00186_c is 0.23661680231212334...
Loop108 pFBA...21996.0...Ave likelihood of: cpd00637_c is 0.25226685835573665...
Loop109 pFBA...6290.0...Ave likelihood of: cpd00550_c is 0.4827442562656864...
Loop110 pFBA...4105.0...Ave likelihood of: cpd00033_c is 0.28114095622759977...
Loop111 pFBA...5092.0...Ave likelihood of: cpd00035_c is 0.42268498438613794...
Loop112 pFBA...17984.0...Ave likelihood of: cpd00051_c is 0.3269983042615434...
Loop113 pFBA...7780.0...Ave likelihood of: cpd00132_c is 0.21982701393068607...
Loop114 pFBA...5325.0...Ave likelihood of: cpd00041_c is 0.18835362417438037...
Loop115 pFBA...13628.0...Ave likelihood of: cpd00084_c is 0.29642614258227884...
Loop116 pFBA...7335.0...Ave likelihood of: cpd00023_c is 0.13303439071782203...
Loop117 pFBA...9470.0...Ave likelihood of: cpd00053_c is 0.2608879423317657...
Loop118 pFBA...21308.0...Ave likelihood of: cpd00119_c is 0.18580061581439747...
Loop119 pFBA...16977.0...Ave likelihood of: cpd00322_c is 0.30720594768717635...
Loop120 pFBA...14685.0...Ave likelihood of: cpd00107_c is 0.2593353428995106...
Loop121 pFBA...16806.0...Ave likelihood of: cpd00039_c is 0.3098613267335133...
Loop122 pFBA...20996.0...Ave likelihood of: cpd00060_c is 0.2553432834576358...
Loop123 pFBA...20202.0...Ave likelihood of: cpd00066_c is 0.2804749648519483...
Loop124 pFBA...10535.0...Ave likelihood of: cpd00129_c is 0.14648762866913922...
Loop125 pFBA...5290.0...Ave likelihood of: cpd00054_c is 0.5229729442878269...
Loop126 pFBA...7479.0...Ave likelihood of: cpd00161_c is 0.4088593597442394...
Loop127 pFBA...29244.0...Ave likelihood of: cpd00065_c is 0.20167604478901924...
Loop128 pFBA...18192.0...Ave likelihood of: cpd00069_c is 0.29544713773894854...
Loop129 pFBA...8379.0...Ave likelihood of: cpd00156_c is 0.21386588218554123...
Loop130 pFBA...23427.0...Ave likelihood of: cpd00098_c is 0.26724404251505773...
Loop131 pFBA...14335.0...Ave likelihood of: cpd00274_c is 0.33224658210119584...
Loop132 pFBA...6089.0...Ave likelihood of: cpd00226_c is 0.4444126182713631...
Loop133 pFBA...4510.0...Ave likelihood of: cpd00246_c is 0.38631786698700243...
Loop134 pFBA...19988.0...Ave likelihood of: cpd00374_c is 0.2809785326274239...
Loop135 pFBA...4294.0...Ave likelihood of: cpd00221_c is 0.36754862399590005...
Loop136 pFBA...3957.0...Ave likelihood of: cpd00159_c is 0.3122579722006998...
Loop137 pFBA...10179.0...Ave likelihood of: cpd00211_c is 0.31242615035637405...
Loop138 pFBA...3959.0...Ave likelihood of: cpd00047_c is 0.35702755440417633...
Loop139 pFBA...5052.0...Ave likelihood of: cpd00106_c is 0.1723106714503918...
Loop140 pFBA...7663.0...Ave likelihood of: cpd00141_c is 0.3334451816548709...
Loop141 pFBA...19301.0...Ave likelihood of: cpd00216_c is 0.27533391439928495...
Loop142 pFBA...4960.0...Ave likelihood of: cpd00036_c is 0.2991676490793598...
Loop143 pFBA...21946.0...Ave likelihood of: cpd00581_c is 0.19255572763551151...
Loop144 pFBA...4235.0...Ave likelihood of: cpd00128_c is 0.382438056688671...
Loop145 pFBA...5642.0...Ave likelihood of: cpd00018_c is 0.2902553662620837...
Loop146 pFBA...4688.0...Ave likelihood of: cpd00091_c is 0.36441801840979376...
Loop147 pFBA...3283.0...Ave likelihood of: cpd00092_c is 0.43171140649582934...
Loop148 pFBA...61375.0...Ave likelihood of: cpd00305_c is 0.20134509434330458...
Loop149 pFBA...12212.0...Ave likelihood of: cpd00220_c is 0.3579285952834049...
Loop150 pFBA...14360.0...Ave likelihood of: cpd00218_c is 0.22877788045376465...
Loop151 pFBA...13894.0...Ave likelihood of: cpd00215_c is 0.3625573504379861...
Loop152 pFBA...28011.0...Ave likelihood of: cpd00104_c is 0.26333162084348694...
Loop153 pFBA...34820.0...Ave likelihood of: cpd00393_c is 0.23006172288579815...
Loop154 pFBA...5673.0...Ave likelihood of: cpd00363_c is 0.561119175804933...
Loop155 pFBA...9176.0...Ave likelihood of: cpd00281_c is 0.11764798292494894...
Loop156 pFBA...4061.0...Ave likelihood of: cpd00025_c is 0.35703474921525585...
Loop157 pFBA...19788.0...Ave likelihood of: cpd00811_c is 0.23782748127144723...
Loop158 pFBA...5164.0...Ave likelihood of: cpd00714_c is 0.5250018753576312...
37.6865329663mins to complete!
