
The following have been reloaded with a version change:
  1) anaconda2/4.4.0 => anaconda2/5.1.0

Loading in models...Adding Water...Remove no-like rxns...Pruned 1 metabolites from model
Pruned 1 reactions from model
Set-up Universal...63.0seconds to complete

Loop0 pFBA...5556.0...Ave likelihood of: cpd00117_c is 0.4737282840321989...
Loop1 pFBA...6839.0...Ave likelihood of: cpd00186_c is 0.36011195133509855...
Loop2 pFBA...21364.0...Ave likelihood of: cpd00637_c is 0.27808402587207554...
Loop3 pFBA...6421.0...Ave likelihood of: cpd00550_c is 0.3332713691206706...
Loop4 pFBA...4051.0...Ave likelihood of: cpd00033_c is 0.2552831002303384...
Loop5 pFBA...5436.0...Ave likelihood of: cpd00035_c is 0.4737282840321989...
Loop6 pFBA...18154.0...Ave likelihood of: cpd00051_c is 0.30948475424481153...
Loop7 pFBA...7916.0...Ave likelihood of: cpd00132_c is 0.24960539082817745...
Loop8 pFBA...5185.0...Ave likelihood of: cpd00041_c is 0.22261473543704666...
Loop9 pFBA...13626.0...Ave likelihood of: cpd00084_c is 0.2758507230636174...
Loop10 pFBA...6592.0...Ave likelihood of: cpd00023_c is 0.2816693656639257...
Loop11 pFBA...9081.0...Ave likelihood of: cpd00053_c is 0.31098317571860634...
Loop12 pFBA...16376.0...Ave likelihood of: cpd00119_c is 0.32370848458567913...
Loop13 pFBA...16735.0...Ave likelihood of: cpd00322_c is 0.3538207628029581...
Loop14 pFBA...14186.0...Ave likelihood of: cpd00107_c is 0.26705585869792464...
Loop15 pFBA...17673.0...Ave likelihood of: cpd00039_c is 0.3041491293997982...
Loop16 pFBA...20364.0...Ave likelihood of: cpd00060_c is 0.2816492056909483...
Loop17 pFBA...20603.0...Ave likelihood of: cpd00066_c is 0.24175022492397807...
Loop18 pFBA...10265.0...Ave likelihood of: cpd00129_c is 0.20320066671455492...
Loop19 pFBA...5421.0...Ave likelihood of: cpd00054_c is 0.34007282563333735...
Loop20 pFBA...7328.0...Ave likelihood of: cpd00161_c is 0.40004374015765265...
Loop21 pFBA...27271.0...Ave likelihood of: cpd00065_c is 0.24970864439401846...
Loop22 pFBA...18327.0...Ave likelihood of: cpd00069_c is 0.21089989357323763...
Loop23 pFBA...7657.0...Ave likelihood of: cpd00156_c is 0.33501497256660895...
Loop24 pFBA...23547.0...Ave likelihood of: cpd00098_c is 0.2850017885185484...
Loop25 pFBA...14169.0...Ave likelihood of: cpd00274_c is 0.19404227621445364...
Loop26 pFBA...6694.0...Ave likelihood of: cpd00226_c is 0.323771715945484...
Loop27 pFBA...4462.0...Ave likelihood of: cpd00246_c is 0.4373274246843817...
Loop28 pFBA...20070.0...Ave likelihood of: cpd00374_c is 0.21914851426764398...
Loop29 pFBA...4768.0...Ave likelihood of: cpd00221_c is 0.42199863995148...
Loop30 pFBA...4263.0...Ave likelihood of: cpd00159_c is 0.42285203380237...
Loop31 pFBA...10316.0...Ave likelihood of: cpd00211_c is 0.356708391907938...
Loop32 pFBA...3739.0...Ave likelihood of: cpd00047_c is 0.30826870761972974...
Loop33 pFBA...5001.0...Ave likelihood of: cpd00106_c is 0.18966070768233043...
Loop34 pFBA...7567.0...Ave likelihood of: cpd00141_c is 0.4132971955880931...
Loop35 pFBA...19221.0...Ave likelihood of: cpd00216_c is 0.23612986398492047...
Loop36 pFBA...4806.0...Ave likelihood of: cpd00036_c is 0.22765521970008915...
Loop37 pFBA...16950.0...Ave likelihood of: cpd00581_c is 0.32611225817074946...
Loop38 pFBA...4763.0...Ave likelihood of: cpd00128_c is 0.22151809292110272...
Loop39 pFBA...5862.0...Ave likelihood of: cpd00018_c is 0.2798647366055916...
Loop40 pFBA...5862.0...Ave likelihood of: cpd00091_c is 0.2798647366055916...
Loop41 pFBA...3611.0...Ave likelihood of: cpd00092_c is 0.36617929117771664...
Loop42 pFBA...63932.0...Ave likelihood of: cpd00305_c is 0.1582971034510365...
Loop43 pFBA...12518.0...Ave likelihood of: cpd00220_c is 0.31903107301923755...
Loop44 pFBA...14490.0...Ave likelihood of: cpd00218_c is 0.21215502606479095...
Loop45 pFBA...14591.0...Ave likelihood of: cpd00215_c is 0.2964594795318476...
Loop46 pFBA...28616.0...Ave likelihood of: cpd00104_c is 0.21804083827971846...
Loop47 pFBA...35521.0...Ave likelihood of: cpd00393_c is 0.175829922826767...
Loop48 pFBA...5743.0...Ave likelihood of: cpd00363_c is 0.5616287534161665...
Loop49 pFBA...8588.0...Ave likelihood of: cpd00281_c is 0.20176173192952723...
Loop50 pFBA...4024.0...Ave likelihood of: cpd00025_c is 0.2978903002680708...
Loop51 pFBA...19535.0...Ave likelihood of: cpd00811_c is 0.25653650935558303...
Loop52 pFBA...5440.0...Ave likelihood of: cpd00714_c is 0.3688877417374391...
Loop53 pFBA...5556.0...Ave likelihood of: cpd00117_c is 0.4737282840321989...
Loop54 pFBA...6839.0...Ave likelihood of: cpd00186_c is 0.36011195133509855...
Loop55 pFBA...21644.0...Ave likelihood of: cpd00637_c is 0.2740019162701284...
Loop56 pFBA...6485.0...Ave likelihood of: cpd00550_c is 0.30765763623612624...
Loop57 pFBA...4052.0...Ave likelihood of: cpd00033_c is 0.24280303526750502...
Loop58 pFBA...5436.0...Ave likelihood of: cpd00035_c is 0.4737282840321989...
Loop59 pFBA...18325.0...Ave likelihood of: cpd00051_c is 0.2903004366569278...
Loop60 pFBA...7916.0...Ave likelihood of: cpd00132_c is 0.24960539082817745...
Loop61 pFBA...5185.0...Ave likelihood of: cpd00041_c is 0.22261473543704666...
Loop62 pFBA...13749.0...Ave likelihood of: cpd00084_c is 0.25319278477254087...
Loop63 pFBA...6592.0...Ave likelihood of: cpd00023_c is 0.2816693656639257...
Loop64 pFBA...9081.0...Ave likelihood of: cpd00053_c is 0.31098317571860634...
Loop65 pFBA...16376.0...Ave likelihood of: cpd00119_c is 0.32370848458567913...
Loop66 pFBA...16742.0...Ave likelihood of: cpd00322_c is 0.2049864277418028...
Loop67 pFBA...14186.0...Ave likelihood of: cpd00107_c is 0.26705585869792464...
Loop68 pFBA...17898.0...Ave likelihood of: cpd00039_c is 0.3358750963928232...
Loop69 pFBA...20644.0...Ave likelihood of: cpd00060_c is 0.2773031441769974...
Loop70 pFBA...21482.0...Ave likelihood of: cpd00066_c is 0.22391031909210146...
Loop71 pFBA...10265.0...Ave likelihood of: cpd00129_c is 0.20320066671455492...
Loop72 pFBA...5485.0...Ave likelihood of: cpd00054_c is 0.31758207611471095...
Loop73 pFBA...7652.0...Ave likelihood of: cpd00161_c is 0.35449581524466217...
Loop74 pFBA...27271.0...Ave likelihood of: cpd00065_c is 0.24970864439401846...
Loop75 pFBA...18892.0...Ave likelihood of: cpd00069_c is 0.23329305388116767...
Loop76 pFBA...7657.0...Ave likelihood of: cpd00156_c is 0.33501497256660895...
Loop77 pFBA...24466.0...Ave likelihood of: cpd00098_c is 0.26678577003423753...
Loop78 pFBA...14169.0...Ave likelihood of: cpd00274_c is 0.19404227621445364...
Loop79 pFBA...6694.0...Ave likelihood of: cpd00226_c is 0.323771715945484...
Loop80 pFBA...4775.0...Ave likelihood of: cpd00246_c is 0.3251890977475281...
Loop81 pFBA...20868.0...Ave likelihood of: cpd00374_c is 0.22303384093494127...
Loop82 pFBA...5068.0...Ave likelihood of: cpd00221_c is 0.3440352786396604...
Loop83 pFBA...4327.0...Ave likelihood of: cpd00159_c is 0.33723379211432747...
Loop84 pFBA...10493.0...Ave likelihood of: cpd00211_c is 0.21480102162013376...
Loop85 pFBA...3765.0...Ave likelihood of: cpd00047_c is 0.21941167982825305...
Loop86 pFBA...5001.0...Ave likelihood of: cpd00106_c is 0.18966070768233043...
Loop87 pFBA...7727.0...Ave likelihood of: cpd00141_c is 0.32460209042152016...
Loop88 pFBA...20318.0...Ave likelihood of: cpd00216_c is 0.21605030125865057...
Loop89 pFBA...4806.0...Ave likelihood of: cpd00036_c is 0.22765521970008915...
Loop90 pFBA...16950.0...Ave likelihood of: cpd00581_c is 0.32611225817074946...
Loop91 pFBA...4763.0...Ave likelihood of: cpd00128_c is 0.22151809292110272...
Loop92 pFBA...5862.0...Ave likelihood of: cpd00018_c is 0.2798647366055916...
Loop93 pFBA...5862.0...Ave likelihood of: cpd00091_c is 0.2798647366055916...
Loop94 pFBA...3619.0...Ave likelihood of: cpd00092_c is 0.32156257107800645...
Loop95 pFBA...64106.0...Ave likelihood of: cpd00305_c is 0.11954100427524562...
Loop96 pFBA...13018.0...Ave likelihood of: cpd00220_c is 0.21092949613761078...
Loop97 pFBA...14737.0...Ave likelihood of: cpd00218_c is 0.2032461306534558...
Loop98 pFBA...15137.0...Ave likelihood of: cpd00215_c is 0.33847542094452854...
Loop99 pFBA...28677.0...Ave likelihood of: cpd00104_c is 0.16618816576165654...
Loop100 pFBA...35531.0...Ave likelihood of: cpd00393_c is 0.17226339662818868...
Loop101 pFBA...6435.0...Ave likelihood of: cpd00363_c is 0.3849904270158606...
Loop102 pFBA...8588.0...Ave likelihood of: cpd00281_c is 0.20176173192952723...
Loop103 pFBA...4213.0...Ave likelihood of: cpd00025_c is 0.33691591054570313...
Loop104 pFBA...20387.0...Ave likelihood of: cpd00811_c is 0.2581339430726814...
Loop105 pFBA...6434.0...Ave likelihood of: cpd00714_c is 0.41018173848030787...
Loop106 pFBA...5556.0...Ave likelihood of: cpd00117_c is 0.4737282840321989...
Loop107 pFBA...6839.0...Ave likelihood of: cpd00186_c is 0.36011195133509855...
Loop108 pFBA...21540.0...Ave likelihood of: cpd00637_c is 0.25185540599309136...
Loop109 pFBA...6440.0...Ave likelihood of: cpd00550_c is 0.3307947876619235...
Loop110 pFBA...4052.0...Ave likelihood of: cpd00033_c is 0.22860729782386763...
Loop111 pFBA...5436.0...Ave likelihood of: cpd00035_c is 0.4737282840321989...
Loop112 pFBA...18244.0...Ave likelihood of: cpd00051_c is 0.271513599372531...
Loop113 pFBA...7916.0...Ave likelihood of: cpd00132_c is 0.24960539082817745...
Loop114 pFBA...5185.0...Ave likelihood of: cpd00041_c is 0.22261473543704666...
Loop115 pFBA...13736.0...Ave likelihood of: cpd00084_c is 0.23019300896152936...
Loop116 pFBA...6592.0...Ave likelihood of: cpd00023_c is 0.2816693656639257...
Loop117 pFBA...9081.0...Ave likelihood of: cpd00053_c is 0.31098317571860634...
Loop118 pFBA...16376.0...Ave likelihood of: cpd00119_c is 0.33018265427739274...
Loop119 pFBA...16742.0...Ave likelihood of: cpd00322_c is 0.2049864277418028...
Loop120 pFBA...14186.0...Ave likelihood of: cpd00107_c is 0.26705585869792464...
Loop121 pFBA...17728.0...Ave likelihood of: cpd00039_c is 0.2841462669083265...
Loop122 pFBA...20540.0...Ave likelihood of: cpd00060_c is 0.25857155015290717...
Loop123 pFBA...20953.0...Ave likelihood of: cpd00066_c is 0.22600446396264792...
Loop124 pFBA...10265.0...Ave likelihood of: cpd00129_c is 0.20320066671455492...
Loop125 pFBA...5440.0...Ave likelihood of: cpd00054_c is 0.3379859786980523...
Loop126 pFBA...7503.0...Ave likelihood of: cpd00161_c is 0.3462096533962874...
Loop127 pFBA...27271.0...Ave likelihood of: cpd00065_c is 0.24970864439401846...
Loop128 pFBA...18490.0...Ave likelihood of: cpd00069_c is 0.19365081409281215...
Loop129 pFBA...7657.0...Ave likelihood of: cpd00156_c is 0.33501497256660895...
Loop130 pFBA...24056.0...Ave likelihood of: cpd00098_c is 0.23254720022250633...
Loop131 pFBA...14169.0...Ave likelihood of: cpd00274_c is 0.19404227621445364...
Loop132 pFBA...6694.0...Ave likelihood of: cpd00226_c is 0.323771715945484...
Loop133 pFBA...4642.0...Ave likelihood of: cpd00246_c is 0.22214994141589736...
Loop134 pFBA...20452.0...Ave likelihood of: cpd00374_c is 0.21183978688827704...
Loop135 pFBA...4963.0...Ave likelihood of: cpd00221_c is 0.19106881316541277...
Loop136 pFBA...4314.0...Ave likelihood of: cpd00159_c is 0.4088005116272177...
Loop137 pFBA...10470.0...Ave likelihood of: cpd00211_c is 0.3390971514984666...
Loop138 pFBA...3765.0...Ave likelihood of: cpd00047_c is 0.21941167982825305...
Loop139 pFBA...5001.0...Ave likelihood of: cpd00106_c is 0.18966070768233043...
Loop140 pFBA...7679.0...Ave likelihood of: cpd00141_c is 0.3712780553606102...
Loop141 pFBA...19646.0...Ave likelihood of: cpd00216_c is 0.2301924412318002...
Loop142 pFBA...4806.0...Ave likelihood of: cpd00036_c is 0.22765521970008915...
Loop143 pFBA...16950.0...Ave likelihood of: cpd00581_c is 0.32611225817074946...
Loop144 pFBA...4763.0...Ave likelihood of: cpd00128_c is 0.22151809292110272...
Loop145 pFBA...5862.0...Ave likelihood of: cpd00018_c is 0.2798647366055916...
Loop146 pFBA...5862.0...Ave likelihood of: cpd00091_c is 0.2798647366055916...
Loop147 pFBA...3619.0...Ave likelihood of: cpd00092_c is 0.32156257107800645...
Loop148 pFBA...64106.0...Ave likelihood of: cpd00305_c is 0.12076081044131956...
Loop149 pFBA...12847.0...Ave likelihood of: cpd00220_c is 0.31393748827133827...
Loop150 pFBA...14686.0...Ave likelihood of: cpd00218_c is 0.14304104227510708...
Loop151 pFBA...14819.0...Ave likelihood of: cpd00215_c is 0.24075339631849577...
Loop152 pFBA...28649.0...Ave likelihood of: cpd00104_c is 0.19202008210055763...
Loop153 pFBA...35522.0...Ave likelihood of: cpd00393_c is 0.15763470237840166...
Loop154 pFBA...6109.0...Ave likelihood of: cpd00363_c is 0.4337620223315749...
Loop155 pFBA...8588.0...Ave likelihood of: cpd00281_c is 0.20176173192952723...
Loop156 pFBA...4142.0...Ave likelihood of: cpd00025_c is 0.3188966564445269...
Loop157 pFBA...19902.0...Ave likelihood of: cpd00811_c is 0.3023692517890267...
Loop158 pFBA...6139.0...Ave likelihood of: cpd00714_c is 0.29639600644203273...
32.7459062497mins to complete!
