
The following have been reloaded with a version change:
  1) anaconda2/4.4.0 => anaconda2/5.1.0

Loading in models...Adding Water...Remove no-like rxns...Pruned 1 metabolites from model
Pruned 1 reactions from model
Set-up Universal...62.0seconds to complete

Loop0 pFBA...5560.0...Ave likelihood of: cpd00117_c is 0.47349021128679386...
Loop1 pFBA...6841.0...Ave likelihood of: cpd00186_c is 0.359851302978676...
Loop2 pFBA...21371.0...Ave likelihood of: cpd00637_c is 0.27870653489571434...
Loop3 pFBA...6418.0...Ave likelihood of: cpd00550_c is 0.347904191817801...
Loop4 pFBA...4054.0...Ave likelihood of: cpd00033_c is 0.32742809964832537...
Loop5 pFBA...5437.0...Ave likelihood of: cpd00035_c is 0.47349021128679386...
Loop6 pFBA...18106.0...Ave likelihood of: cpd00051_c is 0.31118439706229106...
Loop7 pFBA...7916.0...Ave likelihood of: cpd00132_c is 0.24965457941104016...
Loop8 pFBA...5184.0...Ave likelihood of: cpd00041_c is 0.22275889113196926...
Loop9 pFBA...13619.0...Ave likelihood of: cpd00084_c is 0.27308544750286917...
Loop10 pFBA...6592.0...Ave likelihood of: cpd00023_c is 0.281549980630481...
Loop11 pFBA...9082.0...Ave likelihood of: cpd00053_c is 0.31096270771357637...
Loop12 pFBA...16375.0...Ave likelihood of: cpd00119_c is 0.3301015726724097...
Loop13 pFBA...16736.0...Ave likelihood of: cpd00322_c is 0.3545373500299849...
Loop14 pFBA...14213.0...Ave likelihood of: cpd00107_c is 0.263898011837492...
Loop15 pFBA...17681.0...Ave likelihood of: cpd00039_c is 0.3024729355251528...
Loop16 pFBA...20371.0...Ave likelihood of: cpd00060_c is 0.28227969559950555...
Loop17 pFBA...20553.0...Ave likelihood of: cpd00066_c is 0.24645695288807126...
Loop18 pFBA...10269.0...Ave likelihood of: cpd00129_c is 0.20278807783373123...
Loop19 pFBA...5418.0...Ave likelihood of: cpd00054_c is 0.3553064086649883...
Loop20 pFBA...7335.0...Ave likelihood of: cpd00161_c is 0.3995832198907263...
Loop21 pFBA...26521.0...Ave likelihood of: cpd00065_c is 0.2694696657581984...
Loop22 pFBA...18290.0...Ave likelihood of: cpd00069_c is 0.21503301391668683...
Loop23 pFBA...7671.0...Ave likelihood of: cpd00156_c is 0.33290916384471486...
Loop24 pFBA...23607.0...Ave likelihood of: cpd00098_c is 0.2661392767009295...
Loop25 pFBA...14171.0...Ave likelihood of: cpd00274_c is 0.1940023015871969...
Loop26 pFBA...6627.0...Ave likelihood of: cpd00226_c is 0.32633846719380977...
Loop27 pFBA...4454.0...Ave likelihood of: cpd00246_c is 0.43840308441650777...
Loop28 pFBA...20021.0...Ave likelihood of: cpd00374_c is 0.2205208910608034...
Loop29 pFBA...4760.0...Ave likelihood of: cpd00221_c is 0.4231519029922167...
Loop30 pFBA...4264.0...Ave likelihood of: cpd00159_c is 0.4232582187620415...
Loop31 pFBA...10314.0...Ave likelihood of: cpd00211_c is 0.3927819118304794...
Loop32 pFBA...3764.0...Ave likelihood of: cpd00047_c is 0.2914647007836402...
Loop33 pFBA...5000.0...Ave likelihood of: cpd00106_c is 0.18980479105710502...
Loop34 pFBA...7563.0...Ave likelihood of: cpd00141_c is 0.41313040426063286...
Loop35 pFBA...19179.0...Ave likelihood of: cpd00216_c is 0.23790759266551975...
Loop36 pFBA...4804.0...Ave likelihood of: cpd00036_c is 0.4178575321992449...
Loop37 pFBA...16944.0...Ave likelihood of: cpd00581_c is 0.3261337713295293...
Loop38 pFBA...4745.0...Ave likelihood of: cpd00128_c is 0.3461468236436544...
Loop39 pFBA...5861.0...Ave likelihood of: cpd00018_c is 0.27979177692607493...
Loop40 pFBA...5861.0...Ave likelihood of: cpd00091_c is 0.27979177692607493...
Loop41 pFBA...3607.0...Ave likelihood of: cpd00092_c is 0.3681650517547369...
Loop42 pFBA...63821.0...Ave likelihood of: cpd00305_c is 0.16002750450374764...
Loop43 pFBA...13660.0...Ave likelihood of: cpd00220_c is 0.28319927581391774...
Loop44 pFBA...14446.0...Ave likelihood of: cpd00218_c is 0.21559265786320564...
Loop45 pFBA...14494.0...Ave likelihood of: cpd00215_c is 0.29947369557134146...
Loop46 pFBA...28644.0...Ave likelihood of: cpd00104_c is 0.21253345799511306...
Loop47 pFBA...35887.0...Ave likelihood of: cpd00393_c is 0.17214895132610503...
Loop48 pFBA...5589.0...Ave likelihood of: cpd00363_c is 0.5692680269972386...
Loop49 pFBA...8589.0...Ave likelihood of: cpd00281_c is 0.2016419085001769...
Loop50 pFBA...4020.0...Ave likelihood of: cpd00025_c is 0.2830481685612573...
Loop51 pFBA...19583.0...Ave likelihood of: cpd00811_c is 0.2601626874087763...
Loop52 pFBA...5367.0...Ave likelihood of: cpd00714_c is 0.37649428782573024...
Loop53 pFBA...5560.0...Ave likelihood of: cpd00117_c is 0.47349021128679386...
Loop54 pFBA...6841.0...Ave likelihood of: cpd00186_c is 0.359851302978676...
Loop55 pFBA...21646.0...Ave likelihood of: cpd00637_c is 0.23865764671738265...
Loop56 pFBA...6486.0...Ave likelihood of: cpd00550_c is 0.29860429565348484...
Loop57 pFBA...4055.0...Ave likelihood of: cpd00033_c is 0.23875924843291402...
Loop58 pFBA...5437.0...Ave likelihood of: cpd00035_c is 0.47349021128679386...
Loop59 pFBA...18309.0...Ave likelihood of: cpd00051_c is 0.2819567031006812...
Loop60 pFBA...7916.0...Ave likelihood of: cpd00132_c is 0.24965457941104016...
Loop61 pFBA...5184.0...Ave likelihood of: cpd00041_c is 0.22275889113196926...
Loop62 pFBA...13761.0...Ave likelihood of: cpd00084_c is 0.24917970287013327...
Loop63 pFBA...6592.0...Ave likelihood of: cpd00023_c is 0.281549980630481...
Loop64 pFBA...9082.0...Ave likelihood of: cpd00053_c is 0.31096270771357637...
Loop65 pFBA...16375.0...Ave likelihood of: cpd00119_c is 0.32362899281608787...
Loop66 pFBA...16744.0...Ave likelihood of: cpd00322_c is 0.20487311758902071...
Loop67 pFBA...14213.0...Ave likelihood of: cpd00107_c is 0.263898011837492...
Loop68 pFBA...17937.0...Ave likelihood of: cpd00039_c is 0.2882302289130129...
Loop69 pFBA...20646.0...Ave likelihood of: cpd00060_c is 0.24197233625512407...
Loop70 pFBA...21478.0...Ave likelihood of: cpd00066_c is 0.23588455407992745...
Loop71 pFBA...10269.0...Ave likelihood of: cpd00129_c is 0.20278807783373123...
Loop72 pFBA...5486.0...Ave likelihood of: cpd00054_c is 0.31786908892145155...
Loop73 pFBA...7650.0...Ave likelihood of: cpd00161_c is 0.29164475435079545...
Loop74 pFBA...26521.0...Ave likelihood of: cpd00065_c is 0.2694696657581984...
Loop75 pFBA...18878.0...Ave likelihood of: cpd00069_c is 0.23337352926259747...
Loop76 pFBA...7671.0...Ave likelihood of: cpd00156_c is 0.33290916384471486...
Loop77 pFBA...24632.0...Ave likelihood of: cpd00098_c is 0.2676648579089679...
Loop78 pFBA...14171.0...Ave likelihood of: cpd00274_c is 0.1940023015871969...
Loop79 pFBA...6627.0...Ave likelihood of: cpd00226_c is 0.32633846719380977...
Loop80 pFBA...4811.0...Ave likelihood of: cpd00246_c is 0.38572363613160615...
Loop81 pFBA...20868.0...Ave likelihood of: cpd00374_c is 0.22577209828971476...
Loop82 pFBA...5070.0...Ave likelihood of: cpd00221_c is 0.3465507107971979...
Loop83 pFBA...4332.0...Ave likelihood of: cpd00159_c is 0.38038614091411665...
Loop84 pFBA...10499.0...Ave likelihood of: cpd00211_c is 0.21454882638272119...
Loop85 pFBA...3766.0...Ave likelihood of: cpd00047_c is 0.21916595370343803...
Loop86 pFBA...5000.0...Ave likelihood of: cpd00106_c is 0.18980479105710502...
Loop87 pFBA...7729.0...Ave likelihood of: cpd00141_c is 0.3246680298437187...
Loop88 pFBA...20244.0...Ave likelihood of: cpd00216_c is 0.22659076798698286...
Loop89 pFBA...4804.0...Ave likelihood of: cpd00036_c is 0.22786320263890783...
Loop90 pFBA...16944.0...Ave likelihood of: cpd00581_c is 0.3261337713295293...
Loop91 pFBA...4745.0...Ave likelihood of: cpd00128_c is 0.3461468236436544...
Loop92 pFBA...5861.0...Ave likelihood of: cpd00018_c is 0.27979177692607493...
Loop93 pFBA...5861.0...Ave likelihood of: cpd00091_c is 0.27979177692607493...
Loop94 pFBA...3616.0...Ave likelihood of: cpd00092_c is 0.3220190940962212...
Loop95 pFBA...64008.0...Ave likelihood of: cpd00305_c is 0.12237327602610251...
Loop96 pFBA...14045.0...Ave likelihood of: cpd00220_c is 0.17313740324147497...
Loop97 pFBA...14715.0...Ave likelihood of: cpd00218_c is 0.21654736673910538...
Loop98 pFBA...15038.0...Ave likelihood of: cpd00215_c is 0.26984097168894067...
Loop99 pFBA...28691.0...Ave likelihood of: cpd00104_c is 0.17297530169912465...
Loop100 pFBA...35897.0...Ave likelihood of: cpd00393_c is 0.17256589840157652...
Loop101 pFBA...6306.0...Ave likelihood of: cpd00363_c is 0.39184299607087875...
Loop102 pFBA...8589.0...Ave likelihood of: cpd00281_c is 0.2016419085001769...
Loop103 pFBA...4221.0...Ave likelihood of: cpd00025_c is 0.3334576277089578...
Loop104 pFBA...20540.0...Ave likelihood of: cpd00811_c is 0.28671057629609414...
Loop105 pFBA...6428.0...Ave likelihood of: cpd00714_c is 0.42087704854531166...
Loop106 pFBA...5560.0...Ave likelihood of: cpd00117_c is 0.47349021128679386...
Loop107 pFBA...6841.0...Ave likelihood of: cpd00186_c is 0.359851302978676...
Loop108 pFBA...21545.0...Ave likelihood of: cpd00637_c is 0.2502813828494899...
Loop109 pFBA...6442.0...Ave likelihood of: cpd00550_c is 0.30328311955336773...
Loop110 pFBA...4055.0...Ave likelihood of: cpd00033_c is 0.22897284791072997...
Loop111 pFBA...5437.0...Ave likelihood of: cpd00035_c is 0.47349021128679386...
Loop112 pFBA...18204.0...Ave likelihood of: cpd00051_c is 0.2726727041712469...
Loop113 pFBA...7916.0...Ave likelihood of: cpd00132_c is 0.24965457941104016...
Loop114 pFBA...5184.0...Ave likelihood of: cpd00041_c is 0.22275889113196926...
Loop115 pFBA...13732.0...Ave likelihood of: cpd00084_c is 0.23519294170900903...
Loop116 pFBA...6592.0...Ave likelihood of: cpd00023_c is 0.281549980630481...
Loop117 pFBA...9082.0...Ave likelihood of: cpd00053_c is 0.31096270771357637...
Loop118 pFBA...16375.0...Ave likelihood of: cpd00119_c is 0.3301015726724097...
Loop119 pFBA...16744.0...Ave likelihood of: cpd00322_c is 0.20487311758902071...
Loop120 pFBA...14213.0...Ave likelihood of: cpd00107_c is 0.263898011837492...
Loop121 pFBA...17744.0...Ave likelihood of: cpd00039_c is 0.284964423094928...
Loop122 pFBA...20545.0...Ave likelihood of: cpd00060_c is 0.25357455893961484...
Loop123 pFBA...20927.0...Ave likelihood of: cpd00066_c is 0.22715616496036836...
Loop124 pFBA...10269.0...Ave likelihood of: cpd00129_c is 0.20278807783373123...
Loop125 pFBA...5442.0...Ave likelihood of: cpd00054_c is 0.3096015178773962...
Loop126 pFBA...7503.0...Ave likelihood of: cpd00161_c is 0.34717277601974567...
Loop127 pFBA...26521.0...Ave likelihood of: cpd00065_c is 0.2694696657581984...
Loop128 pFBA...18468.0...Ave likelihood of: cpd00069_c is 0.19746893960679096...
Loop129 pFBA...7671.0...Ave likelihood of: cpd00156_c is 0.33290916384471486...
Loop130 pFBA...24112.0...Ave likelihood of: cpd00098_c is 0.2426347355131951...
Loop131 pFBA...14171.0...Ave likelihood of: cpd00274_c is 0.1940023015871969...
Loop132 pFBA...6627.0...Ave likelihood of: cpd00226_c is 0.32633846719380977...
Loop133 pFBA...4641.0...Ave likelihood of: cpd00246_c is 0.22376672413278573...
Loop134 pFBA...20429.0...Ave likelihood of: cpd00374_c is 0.20392425684106402...
Loop135 pFBA...4958.0...Ave likelihood of: cpd00221_c is 0.19172630757176928...
Loop136 pFBA...4315.0...Ave likelihood of: cpd00159_c is 0.3468569825056191...
Loop137 pFBA...10477.0...Ave likelihood of: cpd00211_c is 0.38147492670027416...
Loop138 pFBA...3766.0...Ave likelihood of: cpd00047_c is 0.21916595370343803...
Loop139 pFBA...5000.0...Ave likelihood of: cpd00106_c is 0.18980479105710502...
Loop140 pFBA...7680.0...Ave likelihood of: cpd00141_c is 0.37143048819393015...
Loop141 pFBA...19625.0...Ave likelihood of: cpd00216_c is 0.23167720394416128...
Loop142 pFBA...4804.0...Ave likelihood of: cpd00036_c is 0.22786320263890783...
Loop143 pFBA...16944.0...Ave likelihood of: cpd00581_c is 0.3261337713295293...
Loop144 pFBA...4745.0...Ave likelihood of: cpd00128_c is 0.3461468236436544...
Loop145 pFBA...5861.0...Ave likelihood of: cpd00018_c is 0.27979177692607493...
Loop146 pFBA...5861.0...Ave likelihood of: cpd00091_c is 0.27979177692607493...
Loop147 pFBA...3616.0...Ave likelihood of: cpd00092_c is 0.3220190940962212...
Loop148 pFBA...64008.0...Ave likelihood of: cpd00305_c is 0.12237327602610253...
Loop149 pFBA...13951.0...Ave likelihood of: cpd00220_c is 0.2715009289163928...
Loop150 pFBA...14656.0...Ave likelihood of: cpd00218_c is 0.1549015602715904...
Loop151 pFBA...14725.0...Ave likelihood of: cpd00215_c is 0.24524423770484963...
Loop152 pFBA...28683.0...Ave likelihood of: cpd00104_c is 0.19564106065224268...
Loop153 pFBA...35888.0...Ave likelihood of: cpd00393_c is 0.1534762947272415...
Loop154 pFBA...5979.0...Ave likelihood of: cpd00363_c is 0.43825512846032544...
Loop155 pFBA...8589.0...Ave likelihood of: cpd00281_c is 0.2016419085001769...
Loop156 pFBA...4141.0...Ave likelihood of: cpd00025_c is 0.3080342549117018...
Loop157 pFBA...19988.0...Ave likelihood of: cpd00811_c is 0.27132649744951887...
Loop158 pFBA...6100.0...Ave likelihood of: cpd00714_c is 0.30046479181841085...
32.7013683995mins to complete!
