
The following have been reloaded with a version change:
  1) anaconda2/4.4.0 => anaconda2/5.1.0

Loading in models...Adding Water...Remove no-like rxns...Pruned 1 metabolites from model
Pruned 1 reactions from model
Set-up Universal...61.0seconds to complete

Loop0 pFBA...6190.0...Ave likelihood of: cpd00117_c is 0.23087289444221232...
Loop1 pFBA...8232.0...Ave likelihood of: cpd00186_c is 0.12807930088551597...
Loop2 pFBA...22905.0...Ave likelihood of: cpd00637_c is 0.18753602731674587...
Loop3 pFBA...7028.0...Ave likelihood of: cpd00550_c is 0.2727147677290576...
Loop4 pFBA...4744.0...Ave likelihood of: cpd00033_c is 0.18024123431441438...
Loop5 pFBA...6028.0...Ave likelihood of: cpd00035_c is 0.2240478450548942...
Loop6 pFBA...19341.0...Ave likelihood of: cpd00051_c is 0.2722442472725963...
Loop7 pFBA...8880.0...Ave likelihood of: cpd00132_c is 0.128680365216263...
Loop8 pFBA...6002.0...Ave likelihood of: cpd00041_c is 0.0564827322572697...
Loop9 pFBA...14292.0...Ave likelihood of: cpd00084_c is 0.2539827811291965...
Loop10 pFBA...7999.0...Ave likelihood of: cpd00023_c is 0.00012146805188593685...
Loop11 pFBA...10583.0...Ave likelihood of: cpd00053_c is 0.1283393093063143...
Loop12 pFBA...22794.0...Ave likelihood of: cpd00119_c is 0.08818216692155255...
Loop13 pFBA...17961.0...Ave likelihood of: cpd00322_c is 0.2481131195304925...
Loop14 pFBA...14899.0...Ave likelihood of: cpd00107_c is 0.20022298087255025...
Loop15 pFBA...17693.0...Ave likelihood of: cpd00039_c is 0.2992372030542707...
Loop16 pFBA...21905.0...Ave likelihood of: cpd00060_c is 0.18974233352047232...
Loop17 pFBA...21371.0...Ave likelihood of: cpd00066_c is 0.21474085955512226...
Loop18 pFBA...12000.0...Ave likelihood of: cpd00129_c is 4.077471417593255e-05...
Loop19 pFBA...6028.0...Ave likelihood of: cpd00054_c is 0.2782803752337322...
Loop20 pFBA...8312.0...Ave likelihood of: cpd00161_c is 0.2854202117170221...
Loop21 pFBA...29954.0...Ave likelihood of: cpd00065_c is 0.115804784555878...
Loop22 pFBA...19189.0...Ave likelihood of: cpd00069_c is 0.22427531524419103...
Loop23 pFBA...8765.0...Ave likelihood of: cpd00156_c is 0.16425871527306393...
Loop24 pFBA...24923.0...Ave likelihood of: cpd00098_c is 0.17396759515897978...
Loop25 pFBA...16127.0...Ave likelihood of: cpd00274_c is 0.23558664330476656...
Loop26 pFBA...7078.0...Ave likelihood of: cpd00226_c is 0.27742355343948977...
Loop27 pFBA...5056.0...Ave likelihood of: cpd00246_c is 0.3033935798355037...
Loop28 pFBA...21196.0...Ave likelihood of: cpd00374_c is 0.1790954198548069...
Loop29 pFBA...4308.0...Ave likelihood of: cpd00221_c is 0.29899842701435636...
Loop30 pFBA...4189.0...Ave likelihood of: cpd00159_c is 0.33424652223396345...
Loop31 pFBA...10489.0...Ave likelihood of: cpd00211_c is 0.27147136989070914...
Loop32 pFBA...4065.0...Ave likelihood of: cpd00047_c is 0.3397693806007127...
Loop33 pFBA...5283.0...Ave likelihood of: cpd00106_c is 0.0880543987530171...
Loop34 pFBA...7916.0...Ave likelihood of: cpd00141_c is 0.37729627215551353...
Loop35 pFBA...20408.0...Ave likelihood of: cpd00216_c is 0.20158107243401077...
Loop36 pFBA...5064.0...Ave likelihood of: cpd00036_c is 0.04858760847366136...
Loop37 pFBA...22794.0...Ave likelihood of: cpd00581_c is 0.0968999071904602...
Loop38 pFBA...4994.0...Ave likelihood of: cpd00128_c is 0.0911178639517841...
Loop39 pFBA...6200.0...Ave likelihood of: cpd00018_c is 0.11622065348741639...
Loop40 pFBA...5545.0...Ave likelihood of: cpd00091_c is 0.14327068323019604...
Loop41 pFBA...4057.0...Ave likelihood of: cpd00092_c is 0.24684529519079018...
Loop42 pFBA...63333.0...Ave likelihood of: cpd00305_c is 0.1683947844906398...
Loop43 pFBA...12633.0...Ave likelihood of: cpd00220_c is 0.18320748887609967...
Loop44 pFBA...14711.0...Ave likelihood of: cpd00218_c is 0.14087115017145527...
Loop45 pFBA...14624.0...Ave likelihood of: cpd00215_c is 0.21647308027004641...
Loop46 pFBA...29107.0...Ave likelihood of: cpd00104_c is 0.14745369819509127...
Loop47 pFBA...36567.0...Ave likelihood of: cpd00393_c is 0.17789047774322495...
Loop48 pFBA...6366.0...Ave likelihood of: cpd00363_c is 0.409709925385561...
Loop49 pFBA...9999.0...Ave likelihood of: cpd00281_c is 8.676289420424061e-05...
Loop50 pFBA...4212.0...Ave likelihood of: cpd00025_c is 0.27831071005938646...
Loop51 pFBA...20962.0...Ave likelihood of: cpd00811_c is 0.2139877077205608...
Loop52 pFBA...6190.0...Ave likelihood of: cpd00117_c is 0.23087289444221232...
Loop53 pFBA...8232.0...Ave likelihood of: cpd00186_c is 0.12807930088551597...
Loop54 pFBA...22964.0...Ave likelihood of: cpd00637_c is 0.16246363312367385...
Loop55 pFBA...7165.0...Ave likelihood of: cpd00550_c is 0.1629975425693661...
Loop56 pFBA...4744.0...Ave likelihood of: cpd00033_c is 0.18024123431441436...
Loop57 pFBA...6028.0...Ave likelihood of: cpd00035_c is 0.2240478450548942...
Loop58 pFBA...19615.0...Ave likelihood of: cpd00051_c is 0.18997312180921264...
Loop59 pFBA...8880.0...Ave likelihood of: cpd00132_c is 0.128680365216263...
Loop60 pFBA...6002.0...Ave likelihood of: cpd00041_c is 0.0564827322572697...
Loop61 pFBA...14399.0...Ave likelihood of: cpd00084_c is 0.2043097277708244...
Loop62 pFBA...7999.0...Ave likelihood of: cpd00023_c is 0.00012146805188593685...
Loop63 pFBA...10583.0...Ave likelihood of: cpd00053_c is 0.12832332666790827...
Loop64 pFBA...22794.0...Ave likelihood of: cpd00119_c is 0.08630595060407271...
Loop65 pFBA...18028.0...Ave likelihood of: cpd00322_c is 0.1842123596993173...
Loop66 pFBA...14899.0...Ave likelihood of: cpd00107_c is 0.20022298087255025...
Loop67 pFBA...17805.0...Ave likelihood of: cpd00039_c is 0.3104592292906944...
Loop68 pFBA...21964.0...Ave likelihood of: cpd00060_c is 0.16437496998395235...
Loop69 pFBA...21737.0...Ave likelihood of: cpd00066_c is 0.19078165937961786...
Loop70 pFBA...12000.0...Ave likelihood of: cpd00129_c is 4.077471417593255e-05...
Loop71 pFBA...6165.0...Ave likelihood of: cpd00054_c is 0.16728695158434945...
Loop72 pFBA...8463.0...Ave likelihood of: cpd00161_c is 0.24113323487061486...
Loop73 pFBA...29955.0...Ave likelihood of: cpd00065_c is 0.10542818804773052...
Loop74 pFBA...19511.0...Ave likelihood of: cpd00069_c is 0.1904020650481213...
Loop75 pFBA...8765.0...Ave likelihood of: cpd00156_c is 0.16425871527306393...
Loop76 pFBA...25280.0...Ave likelihood of: cpd00098_c is 0.11328578308212578...
Loop77 pFBA...16388.0...Ave likelihood of: cpd00274_c is 0.24119349188553216...
Loop78 pFBA...7078.0...Ave likelihood of: cpd00226_c is 0.27742355343948977...
Loop79 pFBA...5147.0...Ave likelihood of: cpd00246_c is 0.18721238989375902...
Loop80 pFBA...21812.0...Ave likelihood of: cpd00374_c is 0.1904020650481213...
Loop81 pFBA...4746.0...Ave likelihood of: cpd00221_c is 0.30640295613190627...
Loop82 pFBA...4516.0...Ave likelihood of: cpd00159_c is 0.2806756538093072...
Loop83 pFBA...10602.0...Ave likelihood of: cpd00211_c is 0.13100065147357387...
Loop84 pFBA...4246.0...Ave likelihood of: cpd00047_c is 0.38093122339456853...
Loop85 pFBA...5283.0...Ave likelihood of: cpd00106_c is 0.08805439875301709...
Loop86 pFBA...8194.0...Ave likelihood of: cpd00141_c is 0.15118935684696902...
Loop87 pFBA...20408.0...Ave likelihood of: cpd00216_c is 0.20158107243401077...
Loop88 pFBA...5064.0...Ave likelihood of: cpd00036_c is 0.04858760847366136...
Loop89 pFBA...22794.0...Ave likelihood of: cpd00581_c is 0.0968999071904602...
Loop90 pFBA...4994.0...Ave likelihood of: cpd00128_c is 0.0911178639517841...
Loop91 pFBA...6200.0...Ave likelihood of: cpd00018_c is 0.11622065348741639...
Loop92 pFBA...5545.0...Ave likelihood of: cpd00091_c is 0.14327068323019604...
Loop93 pFBA...4057.0...Ave likelihood of: cpd00092_c is 0.24684529519079018...
Loop94 pFBA...63488.0...Ave likelihood of: cpd00305_c is 0.16124682573725346...
Loop95 pFBA...12633.0...Ave likelihood of: cpd00220_c is 0.18320748887609967...
Loop96 pFBA...14711.0...Ave likelihood of: cpd00218_c is 0.1386700384500263...
Loop97 pFBA...15206.0...Ave likelihood of: cpd00215_c is 0.20494522118457034...
Loop98 pFBA...29204.0...Ave likelihood of: cpd00104_c is 0.13433308625337528...
Loop99 pFBA...36567.0...Ave likelihood of: cpd00393_c is 0.17789047774322495...
Loop100 pFBA...7188.0...Ave likelihood of: cpd00363_c is 0.35888632750315685...
Loop101 pFBA...9999.0...Ave likelihood of: cpd00281_c is 8.676289420424061e-05...
Loop102 pFBA...4363.0...Ave likelihood of: cpd00025_c is 0.33109482270780033...
Loop103 pFBA...21950.0...Ave likelihood of: cpd00811_c is 0.15087258387077546...
Loop104 pFBA...6190.0...Ave likelihood of: cpd00117_c is 0.23087289444221232...
Loop105 pFBA...8232.0...Ave likelihood of: cpd00186_c is 0.12807930088551597...
Loop106 pFBA...22866.0...Ave likelihood of: cpd00637_c is 0.17850168113634482...
Loop107 pFBA...7087.0...Ave likelihood of: cpd00550_c is 0.27443228404656084...
Loop108 pFBA...4744.0...Ave likelihood of: cpd00033_c is 0.18024123431441438...
Loop109 pFBA...6028.0...Ave likelihood of: cpd00035_c is 0.2240478450548942...
Loop110 pFBA...19292.0...Ave likelihood of: cpd00051_c is 0.2502767183693739...
Loop111 pFBA...8880.0...Ave likelihood of: cpd00132_c is 0.128680365216263...
Loop112 pFBA...6002.0...Ave likelihood of: cpd00041_c is 0.0564827322572697...
Loop113 pFBA...14399.0...Ave likelihood of: cpd00084_c is 0.20430972777082443...
Loop114 pFBA...7999.0...Ave likelihood of: cpd00023_c is 0.00012146805188593685...
Loop115 pFBA...10583.0...Ave likelihood of: cpd00053_c is 0.12832332666790827...
Loop116 pFBA...22794.0...Ave likelihood of: cpd00119_c is 0.08630595060407271...
Loop117 pFBA...17921.0...Ave likelihood of: cpd00322_c is 0.2513392236168152...
Loop118 pFBA...14899.0...Ave likelihood of: cpd00107_c is 0.20022298087255025...
Loop119 pFBA...17710.0...Ave likelihood of: cpd00039_c is 0.266836430071156...
Loop120 pFBA...21866.0...Ave likelihood of: cpd00060_c is 0.18048503314897088...
Loop121 pFBA...21197.0...Ave likelihood of: cpd00066_c is 0.20759250709882626...
Loop122 pFBA...12000.0...Ave likelihood of: cpd00129_c is 4.077471417593255e-05...
Loop123 pFBA...6087.0...Ave likelihood of: cpd00054_c is 0.28014962329753085...
Loop124 pFBA...8274.0...Ave likelihood of: cpd00161_c is 0.31266385515709194...
Loop125 pFBA...29946.0...Ave likelihood of: cpd00065_c is 0.1396198393798069...
Loop126 pFBA...19093.0...Ave likelihood of: cpd00069_c is 0.2019388066024777...
Loop127 pFBA...8765.0...Ave likelihood of: cpd00156_c is 0.16425871527306393...
Loop128 pFBA...24803.0...Ave likelihood of: cpd00098_c is 0.17637937996304087...
Loop129 pFBA...16268.0...Ave likelihood of: cpd00274_c is 0.31613856173364546...
Loop130 pFBA...7078.0...Ave likelihood of: cpd00226_c is 0.27742355343948977...
Loop131 pFBA...5056.0...Ave likelihood of: cpd00246_c is 0.3559153819793644...
Loop132 pFBA...21017.0...Ave likelihood of: cpd00374_c is 0.18347564498884028...
Loop133 pFBA...4533.0...Ave likelihood of: cpd00221_c is 0.31903344036610837...
Loop134 pFBA...4397.0...Ave likelihood of: cpd00159_c is 0.31215102613228424...
Loop135 pFBA...10466.0...Ave likelihood of: cpd00211_c is 0.2761484904817589...
Loop136 pFBA...4150.0...Ave likelihood of: cpd00047_c is 0.3488887764317818...
Loop137 pFBA...5283.0...Ave likelihood of: cpd00106_c is 0.0880543987530171...
Loop138 pFBA...8095.0...Ave likelihood of: cpd00141_c is 0.23868461331675714...
Loop139 pFBA...20383.0...Ave likelihood of: cpd00216_c is 0.20249929738037342...
Loop140 pFBA...5060.0...Ave likelihood of: cpd00036_c is 0.24926203442388098...
Loop141 pFBA...22794.0...Ave likelihood of: cpd00581_c is 0.0968999071904602...
Loop142 pFBA...4994.0...Ave likelihood of: cpd00128_c is 0.0911178639517841...
Loop143 pFBA...6200.0...Ave likelihood of: cpd00018_c is 0.11622065348741639...
Loop144 pFBA...5545.0...Ave likelihood of: cpd00091_c is 0.14327068323019604...
Loop145 pFBA...4057.0...Ave likelihood of: cpd00092_c is 0.24684529519079018...
Loop146 pFBA...63309.0...Ave likelihood of: cpd00305_c is 0.16412583157918942...
Loop147 pFBA...12633.0...Ave likelihood of: cpd00220_c is 0.17765574678894513...
Loop148 pFBA...14711.0...Ave likelihood of: cpd00218_c is 0.1408711501714553...
Loop149 pFBA...14508.0...Ave likelihood of: cpd00215_c is 0.21852177752259844...
Loop150 pFBA...29028.0...Ave likelihood of: cpd00104_c is 0.14619679694321225...
Loop151 pFBA...36567.0...Ave likelihood of: cpd00393_c is 0.17789047774322495...
Loop152 pFBA...6441.0...Ave likelihood of: cpd00363_c is 0.3864241272050558...
Loop153 pFBA...9999.0...Ave likelihood of: cpd00281_c is 8.676289420424061e-05...
Loop154 pFBA...4175.0...Ave likelihood of: cpd00025_c is 0.28589087101729466...
Loop155 pFBA...20808.0...Ave likelihood of: cpd00811_c is 0.22250481214784795...
31.7384456317mins to complete!
