
The following have been reloaded with a version change:
  1) anaconda2/4.4.0 => anaconda2/5.1.0

Loading in models...Adding Water...Remove no-like rxns...Pruned 1 metabolites from model
Pruned 1 reactions from model
Set-up Universal...63.0seconds to complete

Loop0 pFBA...5275.0...Ave likelihood of: cpd00117_c is 0.40919435548633637...
Loop1 pFBA...7581.0...Ave likelihood of: cpd00186_c is 0.23656612511041222...
Loop2 pFBA...22302.0...Ave likelihood of: cpd00637_c is 0.1957178165498765...
Loop3 pFBA...6370.0...Ave likelihood of: cpd00550_c is 0.3977326634297541...
Loop4 pFBA...4148.0...Ave likelihood of: cpd00033_c is 0.2618158197742202...
Loop5 pFBA...5142.0...Ave likelihood of: cpd00035_c is 0.41602214529245635...
Loop6 pFBA...18282.0...Ave likelihood of: cpd00051_c is 0.27101977284940537...
Loop7 pFBA...7815.0...Ave likelihood of: cpd00132_c is 0.2083603887111708...
Loop8 pFBA...5426.0...Ave likelihood of: cpd00041_c is 0.11828549884278185...
Loop9 pFBA...13717.0...Ave likelihood of: cpd00084_c is 0.2830214492787888...
Loop10 pFBA...7335.0...Ave likelihood of: cpd00023_c is 0.1330342303524972...
Loop11 pFBA...9524.0...Ave likelihood of: cpd00053_c is 0.20161711096699253...
Loop12 pFBA...21539.0...Ave likelihood of: cpd00119_c is 0.15536219822789157...
Loop13 pFBA...17235.0...Ave likelihood of: cpd00322_c is 0.15798854012312266...
Loop14 pFBA...14690.0...Ave likelihood of: cpd00107_c is 0.24384129701084348...
Loop15 pFBA...16998.0...Ave likelihood of: cpd00039_c is 0.32046091287776696...
Loop16 pFBA...21302.0...Ave likelihood of: cpd00060_c is 0.19810461919072864...
Loop17 pFBA...20525.0...Ave likelihood of: cpd00066_c is 0.2556668560802332...
Loop18 pFBA...10560.0...Ave likelihood of: cpd00129_c is 0.15999231434554206...
Loop19 pFBA...5370.0...Ave likelihood of: cpd00054_c is 0.4242481743250711...
Loop20 pFBA...7927.0...Ave likelihood of: cpd00161_c is 0.3362555587643376...
Loop21 pFBA...29363.0...Ave likelihood of: cpd00065_c is 0.15688594164840136...
Loop22 pFBA...18422.0...Ave likelihood of: cpd00069_c is 0.2543473679390605...
Loop23 pFBA...8505.0...Ave likelihood of: cpd00156_c is 0.2434465957498437...
Loop24 pFBA...23700.0...Ave likelihood of: cpd00098_c is 0.256235412045756...
Loop25 pFBA...14445.0...Ave likelihood of: cpd00274_c is 0.24545939707315148...
Loop26 pFBA...6103.0...Ave likelihood of: cpd00226_c is 0.40361849070305467...
Loop27 pFBA...4613.0...Ave likelihood of: cpd00246_c is 0.3622265046183833...
Loop28 pFBA...20297.0...Ave likelihood of: cpd00374_c is 0.26310664520999577...
Loop29 pFBA...4303.0...Ave likelihood of: cpd00221_c is 0.3639567751587...
Loop30 pFBA...3989.0...Ave likelihood of: cpd00159_c is 0.3656906913273005...
Loop31 pFBA...10259.0...Ave likelihood of: cpd00211_c is 0.23324902568058897...
Loop32 pFBA...4013.0...Ave likelihood of: cpd00047_c is 0.3535537865200315...
Loop33 pFBA...5200.0...Ave likelihood of: cpd00106_c is 0.18101767808694813...
Loop34 pFBA...7702.0...Ave likelihood of: cpd00141_c is 0.23179917436149067...
Loop35 pFBA...19224.0...Ave likelihood of: cpd00216_c is 0.27832162565636015...
Loop36 pFBA...4994.0...Ave likelihood of: cpd00036_c is 0.0868139830385551...
Loop37 pFBA...22190.0...Ave likelihood of: cpd00581_c is 0.15536219822789155...
Loop38 pFBA...4425.0...Ave likelihood of: cpd00128_c is 0.3821507980658646...
Loop39 pFBA...5913.0...Ave likelihood of: cpd00018_c is 0.23678819041662713...
Loop40 pFBA...4955.0...Ave likelihood of: cpd00091_c is 0.31960205896101807...
Loop41 pFBA...3322.0...Ave likelihood of: cpd00092_c is 0.4198553192165212...
Loop42 pFBA...61450.0...Ave likelihood of: cpd00305_c is 0.21391478327418964...
Loop43 pFBA...12430.0...Ave likelihood of: cpd00220_c is 0.29274850601149993...
Loop44 pFBA...14515.0...Ave likelihood of: cpd00218_c is 0.20569944991638534...
Loop45 pFBA...14331.0...Ave likelihood of: cpd00215_c is 0.34684917232080587...
Loop46 pFBA...28291.0...Ave likelihood of: cpd00104_c is 0.1732873321910481...
Loop47 pFBA...34898.0...Ave likelihood of: cpd00393_c is 0.20944672651995638...
Loop48 pFBA...6196.0...Ave likelihood of: cpd00363_c is 0.4337897988539286...
Loop49 pFBA...9177.0...Ave likelihood of: cpd00281_c is 0.11756763076870683...
Loop50 pFBA...4125.0...Ave likelihood of: cpd00025_c is 0.3251710748903469...
Loop51 pFBA...20154.0...Ave likelihood of: cpd00811_c is 0.27795678707856103...
Loop52 pFBA...5236.0...Ave likelihood of: cpd00714_c is 0.4314832874952039...
Loop53 pFBA...5275.0...Ave likelihood of: cpd00117_c is 0.40919435548633637...
Loop54 pFBA...7581.0...Ave likelihood of: cpd00186_c is 0.23656612511041222...
Loop55 pFBA...22350.0...Ave likelihood of: cpd00637_c is 0.19097058812430442...
Loop56 pFBA...6370.0...Ave likelihood of: cpd00550_c is 0.3977326634297541...
Loop57 pFBA...4148.0...Ave likelihood of: cpd00033_c is 0.2618158197742202...
Loop58 pFBA...5142.0...Ave likelihood of: cpd00035_c is 0.41602214529245635...
Loop59 pFBA...18428.0...Ave likelihood of: cpd00051_c is 0.301194407530897...
Loop60 pFBA...7815.0...Ave likelihood of: cpd00132_c is 0.2083603887111708...
Loop61 pFBA...5426.0...Ave likelihood of: cpd00041_c is 0.11828549884278185...
Loop62 pFBA...13750.0...Ave likelihood of: cpd00084_c is 0.27413709171835504...
Loop63 pFBA...7335.0...Ave likelihood of: cpd00023_c is 0.1330342303524972...
Loop64 pFBA...9524.0...Ave likelihood of: cpd00053_c is 0.20160183341665588...
Loop65 pFBA...21539.0...Ave likelihood of: cpd00119_c is 0.15536219822789157...
Loop66 pFBA...17235.0...Ave likelihood of: cpd00322_c is 0.15798854012312266...
Loop67 pFBA...14690.0...Ave likelihood of: cpd00107_c is 0.24384129701084348...
Loop68 pFBA...17063.0...Ave likelihood of: cpd00039_c is 0.288638893904987...
Loop69 pFBA...21350.0...Ave likelihood of: cpd00060_c is 0.19341892899769295...
Loop70 pFBA...21444.0...Ave likelihood of: cpd00066_c is 0.27145400966359856...
Loop71 pFBA...10560.0...Ave likelihood of: cpd00129_c is 0.14399308291098784...
Loop72 pFBA...5370.0...Ave likelihood of: cpd00054_c is 0.4242481743250711...
Loop73 pFBA...7933.0...Ave likelihood of: cpd00161_c is 0.39382352861763087...
Loop74 pFBA...29363.0...Ave likelihood of: cpd00065_c is 0.15718229594211514...
Loop75 pFBA...19020.0...Ave likelihood of: cpd00069_c is 0.2893065658242339...
Loop76 pFBA...8505.0...Ave likelihood of: cpd00156_c is 0.2434465957498437...
Loop77 pFBA...23983.0...Ave likelihood of: cpd00098_c is 0.28527437105406234...
Loop78 pFBA...14507.0...Ave likelihood of: cpd00274_c is 0.17718248005085604...
Loop79 pFBA...6103.0...Ave likelihood of: cpd00226_c is 0.40361849070305467...
Loop80 pFBA...4816.0...Ave likelihood of: cpd00246_c is 0.3446391195811311...
Loop81 pFBA...21029.0...Ave likelihood of: cpd00374_c is 0.2873833613417191...
Loop82 pFBA...4345.0...Ave likelihood of: cpd00221_c is 0.3625141268706735...
Loop83 pFBA...4042.0...Ave likelihood of: cpd00159_c is 0.3527830016939679...
Loop84 pFBA...10263.0...Ave likelihood of: cpd00211_c is 0.1715919625301596...
Loop85 pFBA...4096.0...Ave likelihood of: cpd00047_c is 0.33831661766158627...
Loop86 pFBA...5200.0...Ave likelihood of: cpd00106_c is 0.18101767808694813...
Loop87 pFBA...7725.0...Ave likelihood of: cpd00141_c is 0.23909703537321386...
Loop88 pFBA...20184.0...Ave likelihood of: cpd00216_c is 0.3323773287813075...
Loop89 pFBA...4994.0...Ave likelihood of: cpd00036_c is 0.0868139830385551...
Loop90 pFBA...22190.0...Ave likelihood of: cpd00581_c is 0.15198475913598086...
Loop91 pFBA...4425.0...Ave likelihood of: cpd00128_c is 0.3821507980658646...
Loop92 pFBA...5913.0...Ave likelihood of: cpd00018_c is 0.23678819041662713...
Loop93 pFBA...4955.0...Ave likelihood of: cpd00091_c is 0.31960205896101807...
Loop94 pFBA...3327.0...Ave likelihood of: cpd00092_c is 0.3989675666902165...
Loop95 pFBA...61485.0...Ave likelihood of: cpd00305_c is 0.18224751262320524...
Loop96 pFBA...12430.0...Ave likelihood of: cpd00220_c is 0.29274850601149993...
Loop97 pFBA...14727.0...Ave likelihood of: cpd00218_c is 0.177602482709643...
Loop98 pFBA...14623.0...Ave likelihood of: cpd00215_c is 0.36200656771447975...
Loop99 pFBA...28291.0...Ave likelihood of: cpd00104_c is 0.1732873321910481...
Loop100 pFBA...34898.0...Ave likelihood of: cpd00393_c is 0.20944672651995638...
Loop101 pFBA...6422.0...Ave likelihood of: cpd00363_c is 0.3415554036247988...
Loop102 pFBA...9177.0...Ave likelihood of: cpd00281_c is 0.11756763076870683...
Loop103 pFBA...4217.0...Ave likelihood of: cpd00025_c is 0.39241358833439866...
Loop104 pFBA...20934.0...Ave likelihood of: cpd00811_c is 0.28238757661832753...
Loop105 pFBA...6028.0...Ave likelihood of: cpd00714_c is 0.4250487064507295...
Loop106 pFBA...5275.0...Ave likelihood of: cpd00117_c is 0.40919435548633637...
Loop107 pFBA...7581.0...Ave likelihood of: cpd00186_c is 0.23656612511041222...
Loop108 pFBA...22336.0...Ave likelihood of: cpd00637_c is 0.19722953306907973...
Loop109 pFBA...6370.0...Ave likelihood of: cpd00550_c is 0.3977326634297541...
Loop110 pFBA...4148.0...Ave likelihood of: cpd00033_c is 0.2618158197742202...
Loop111 pFBA...5142.0...Ave likelihood of: cpd00035_c is 0.41602214529245635...
Loop112 pFBA...18294.0...Ave likelihood of: cpd00051_c is 0.26037866466560516...
Loop113 pFBA...7815.0...Ave likelihood of: cpd00132_c is 0.2083603887111708...
Loop114 pFBA...5426.0...Ave likelihood of: cpd00041_c is 0.11828549884278185...
Loop115 pFBA...13735.0...Ave likelihood of: cpd00084_c is 0.24953472085806222...
Loop116 pFBA...7335.0...Ave likelihood of: cpd00023_c is 0.1330342303524972...
Loop117 pFBA...9524.0...Ave likelihood of: cpd00053_c is 0.20160183341665588...
Loop118 pFBA...21539.0...Ave likelihood of: cpd00119_c is 0.15536219822789157...
Loop119 pFBA...17235.0...Ave likelihood of: cpd00322_c is 0.15798854012312266...
Loop120 pFBA...14690.0...Ave likelihood of: cpd00107_c is 0.24384129701084348...
Loop121 pFBA...16997.0...Ave likelihood of: cpd00039_c is 0.32413176701219026...
Loop122 pFBA...21336.0...Ave likelihood of: cpd00060_c is 0.1996057925036469...
Loop123 pFBA...20762.0...Ave likelihood of: cpd00066_c is 0.24190884345004823...
Loop124 pFBA...10560.0...Ave likelihood of: cpd00129_c is 0.15999231434554206...
Loop125 pFBA...5370.0...Ave likelihood of: cpd00054_c is 0.4242481743250711...
Loop126 pFBA...7921.0...Ave likelihood of: cpd00161_c is 0.3399553808074942...
Loop127 pFBA...29363.0...Ave likelihood of: cpd00065_c is 0.15718229594211514...
Loop128 pFBA...18578.0...Ave likelihood of: cpd00069_c is 0.25234020132599705...
Loop129 pFBA...8505.0...Ave likelihood of: cpd00156_c is 0.2434465957498437...
Loop130 pFBA...23808.0...Ave likelihood of: cpd00098_c is 0.23341767960280083...
Loop131 pFBA...14504.0...Ave likelihood of: cpd00274_c is 0.2754785017001927...
Loop132 pFBA...6103.0...Ave likelihood of: cpd00226_c is 0.40361849070305467...
Loop133 pFBA...4671.0...Ave likelihood of: cpd00246_c is 0.3559866890177042...
Loop134 pFBA...20515.0...Ave likelihood of: cpd00374_c is 0.2734811989646145...
Loop135 pFBA...4341.0...Ave likelihood of: cpd00221_c is 0.2884730001585882...
Loop136 pFBA...4031.0...Ave likelihood of: cpd00159_c is 0.30259922497701996...
Loop137 pFBA...10263.0...Ave likelihood of: cpd00211_c is 0.17159196253015963...
Loop138 pFBA...4060.0...Ave likelihood of: cpd00047_c is 0.3438790519984162...
Loop139 pFBA...5200.0...Ave likelihood of: cpd00106_c is 0.18101767808694813...
Loop140 pFBA...7725.0...Ave likelihood of: cpd00141_c is 0.23909703537321386...
Loop141 pFBA...19641.0...Ave likelihood of: cpd00216_c is 0.28007208593989985...
Loop142 pFBA...4994.0...Ave likelihood of: cpd00036_c is 0.0868139830385551...
Loop143 pFBA...22190.0...Ave likelihood of: cpd00581_c is 0.1519847591359809...
Loop144 pFBA...4425.0...Ave likelihood of: cpd00128_c is 0.3821507980658646...
Loop145 pFBA...5913.0...Ave likelihood of: cpd00018_c is 0.23678819041662713...
Loop146 pFBA...4955.0...Ave likelihood of: cpd00091_c is 0.31960205896101807...
Loop147 pFBA...3327.0...Ave likelihood of: cpd00092_c is 0.3989675666902165...
Loop148 pFBA...61477.0...Ave likelihood of: cpd00305_c is 0.1870688759551286...
Loop149 pFBA...12430.0...Ave likelihood of: cpd00220_c is 0.2856082985478048...
Loop150 pFBA...14655.0...Ave likelihood of: cpd00218_c is 0.19128749547881493...
Loop151 pFBA...14380.0...Ave likelihood of: cpd00215_c is 0.315722131153514...
Loop152 pFBA...28291.0...Ave likelihood of: cpd00104_c is 0.1732873321910481...
Loop153 pFBA...34898.0...Ave likelihood of: cpd00393_c is 0.20944672651995638...
Loop154 pFBA...6145.0...Ave likelihood of: cpd00363_c is 0.3938485560086366...
Loop155 pFBA...9177.0...Ave likelihood of: cpd00281_c is 0.11756763076870683...
Loop156 pFBA...4172.0...Ave likelihood of: cpd00025_c is 0.36797260974043644...
Loop157 pFBA...20265.0...Ave likelihood of: cpd00811_c is 0.24309810618036...
Loop158 pFBA...5639.0...Ave likelihood of: cpd00714_c is 0.45698933656488605...
33.4821220517mins to complete!
