
The following have been reloaded with a version change:
  1) anaconda2/4.4.0 => anaconda2/5.1.0

Loading in models...Adding Water...Remove no-like rxns...Pruned 1 metabolites from model
Pruned 1 reactions from model
Set-up Universal...60.0seconds to complete

Loop0 pFBA...5566.0...Ave likelihood of: cpd00117_c is 0.4715967885400658...
Loop1 pFBA...6839.0...Ave likelihood of: cpd00186_c is 0.36010649785537635...
Loop2 pFBA...21376.0...Ave likelihood of: cpd00637_c is 0.27331224368965584...
Loop3 pFBA...6418.0...Ave likelihood of: cpd00550_c is 0.32921031309428245...
Loop4 pFBA...4052.0...Ave likelihood of: cpd00033_c is 0.25540692118333497...
Loop5 pFBA...5445.0...Ave likelihood of: cpd00035_c is 0.4715967885400658...
Loop6 pFBA...18148.0...Ave likelihood of: cpd00051_c is 0.30940024755992773...
Loop7 pFBA...7909.0...Ave likelihood of: cpd00132_c is 0.2506066165757018...
Loop8 pFBA...5178.0...Ave likelihood of: cpd00041_c is 0.22387630441119427...
Loop9 pFBA...13603.0...Ave likelihood of: cpd00084_c is 0.2885307549897983...
Loop10 pFBA...6592.0...Ave likelihood of: cpd00023_c is 0.2816738716178471...
Loop11 pFBA...9081.0...Ave likelihood of: cpd00053_c is 0.31099606445980377...
Loop12 pFBA...16366.0...Ave likelihood of: cpd00119_c is 0.32504200741962863...
Loop13 pFBA...16756.0...Ave likelihood of: cpd00322_c is 0.35306542772093863...
Loop14 pFBA...14209.0...Ave likelihood of: cpd00107_c is 0.2640627705443921...
Loop15 pFBA...17653.0...Ave likelihood of: cpd00039_c is 0.33352117643852147...
Loop16 pFBA...20376.0...Ave likelihood of: cpd00060_c is 0.2769084574224145...
Loop17 pFBA...20617.0...Ave likelihood of: cpd00066_c is 0.23357444272744432...
Loop18 pFBA...10269.0...Ave likelihood of: cpd00129_c is 0.20281172756166413...
Loop19 pFBA...5418.0...Ave likelihood of: cpd00054_c is 0.33566541727260174...
Loop20 pFBA...7338.0...Ave likelihood of: cpd00161_c is 0.39892520928214653...
Loop21 pFBA...27284.0...Ave likelihood of: cpd00065_c is 0.2493842071926063...
Loop22 pFBA...18340.0...Ave likelihood of: cpd00069_c is 0.21294766705287455...
Loop23 pFBA...7657.0...Ave likelihood of: cpd00156_c is 0.33501891264276834...
Loop24 pFBA...23559.0...Ave likelihood of: cpd00098_c is 0.28507270755722053...
Loop25 pFBA...14162.0...Ave likelihood of: cpd00274_c is 0.1945995163064056...
Loop26 pFBA...6703.0...Ave likelihood of: cpd00226_c is 0.3230379753574232...
Loop27 pFBA...4462.0...Ave likelihood of: cpd00246_c is 0.4373451546287828...
Loop28 pFBA...20077.0...Ave likelihood of: cpd00374_c is 0.2250861607620365...
Loop29 pFBA...4752.0...Ave likelihood of: cpd00221_c is 0.42435944838480566...
Loop30 pFBA...4281.0...Ave likelihood of: cpd00159_c is 0.4219084509680763...
Loop31 pFBA...10329.0...Ave likelihood of: cpd00211_c is 0.35542433282876423...
Loop32 pFBA...3761.0...Ave likelihood of: cpd00047_c is 0.2595301759412378...
Loop33 pFBA...5000.0...Ave likelihood of: cpd00106_c is 0.1897826625683198...
Loop34 pFBA...7574.0...Ave likelihood of: cpd00141_c is 0.41262348285581524...
Loop35 pFBA...19147.0...Ave likelihood of: cpd00216_c is 0.244910235018537...
Loop36 pFBA...4804.0...Ave likelihood of: cpd00036_c is 0.22930678374102334...
Loop37 pFBA...16928.0...Ave likelihood of: cpd00581_c is 0.32760893340685804...
Loop38 pFBA...4763.0...Ave likelihood of: cpd00128_c is 0.22152145904180282...
Loop39 pFBA...5861.0...Ave likelihood of: cpd00018_c is 0.27986770671209166...
Loop40 pFBA...5861.0...Ave likelihood of: cpd00091_c is 0.27986770671209166...
Loop41 pFBA...3614.0...Ave likelihood of: cpd00092_c is 0.36550645752932165...
Loop42 pFBA...63937.0...Ave likelihood of: cpd00305_c is 0.15874647959901472...
Loop43 pFBA...13728.0...Ave likelihood of: cpd00220_c is 0.28168571861196656...
Loop44 pFBA...14424.0...Ave likelihood of: cpd00218_c is 0.21297074716111553...
Loop45 pFBA...14609.0...Ave likelihood of: cpd00215_c is 0.297305440493841...
Loop46 pFBA...28620.0...Ave likelihood of: cpd00104_c is 0.21329578119502154...
Loop47 pFBA...35298.0...Ave likelihood of: cpd00393_c is 0.1788917222666586...
Loop48 pFBA...5812.0...Ave likelihood of: cpd00363_c is 0.5596860262026002...
Loop49 pFBA...8588.0...Ave likelihood of: cpd00281_c is 0.2017627263084413...
Loop50 pFBA...4024.0...Ave likelihood of: cpd00025_c is 0.3066117627976874...
Loop51 pFBA...19523.0...Ave likelihood of: cpd00811_c is 0.26660786927718944...
Loop52 pFBA...5477.0...Ave likelihood of: cpd00714_c is 0.3649901120516525...
Loop53 pFBA...5566.0...Ave likelihood of: cpd00117_c is 0.4715967885400658...
Loop54 pFBA...6839.0...Ave likelihood of: cpd00186_c is 0.36010649785537635...
Loop55 pFBA...21644.0...Ave likelihood of: cpd00637_c is 0.2757589159017935...
Loop56 pFBA...6503.0...Ave likelihood of: cpd00550_c is 0.29624072797628664...
Loop57 pFBA...4052.0...Ave likelihood of: cpd00033_c is 0.25540692118333497...
Loop58 pFBA...5445.0...Ave likelihood of: cpd00035_c is 0.4715967885400658...
Loop59 pFBA...18342.0...Ave likelihood of: cpd00051_c is 0.28185309136131087...
Loop60 pFBA...7909.0...Ave likelihood of: cpd00132_c is 0.25060661657570177...
Loop61 pFBA...5178.0...Ave likelihood of: cpd00041_c is 0.22387630441119427...
Loop62 pFBA...13762.0...Ave likelihood of: cpd00084_c is 0.2519100585735982...
Loop63 pFBA...6592.0...Ave likelihood of: cpd00023_c is 0.2816738716178471...
Loop64 pFBA...9081.0...Ave likelihood of: cpd00053_c is 0.31099606445980377...
Loop65 pFBA...16366.0...Ave likelihood of: cpd00119_c is 0.32504200741962863...
Loop66 pFBA...16764.0...Ave likelihood of: cpd00322_c is 0.20381350015959482...
Loop67 pFBA...14209.0...Ave likelihood of: cpd00107_c is 0.2640627705443921...
Loop68 pFBA...17875.0...Ave likelihood of: cpd00039_c is 0.3339549967917462...
Loop69 pFBA...20644.0...Ave likelihood of: cpd00060_c is 0.27908131247892354...
Loop70 pFBA...21475.0...Ave likelihood of: cpd00066_c is 0.22568960148546754...
Loop71 pFBA...10269.0...Ave likelihood of: cpd00129_c is 0.20281172756166413...
Loop72 pFBA...5503.0...Ave likelihood of: cpd00054_c is 0.3054982507255456...
Loop73 pFBA...7650.0...Ave likelihood of: cpd00161_c is 0.3590182622889092...
Loop74 pFBA...27284.0...Ave likelihood of: cpd00065_c is 0.2493842071926063...
Loop75 pFBA...18888.0...Ave likelihood of: cpd00069_c is 0.2320098646813109...
Loop76 pFBA...7657.0...Ave likelihood of: cpd00156_c is 0.33501891264276834...
Loop77 pFBA...24449.0...Ave likelihood of: cpd00098_c is 0.26194721613195215...
Loop78 pFBA...14162.0...Ave likelihood of: cpd00274_c is 0.1945995163064056...
Loop79 pFBA...6703.0...Ave likelihood of: cpd00226_c is 0.3230379753574232...
Loop80 pFBA...4766.0...Ave likelihood of: cpd00246_c is 0.3192981930359084...
Loop81 pFBA...20828.0...Ave likelihood of: cpd00374_c is 0.21647470008885664...
Loop82 pFBA...5086.0...Ave likelihood of: cpd00221_c is 0.35435901550662224...
Loop83 pFBA...4345.0...Ave likelihood of: cpd00159_c is 0.3801862018799831...
Loop84 pFBA...10496.0...Ave likelihood of: cpd00211_c is 0.21475240873091575...
Loop85 pFBA...3761.0...Ave likelihood of: cpd00047_c is 0.22077318658201447...
Loop86 pFBA...5000.0...Ave likelihood of: cpd00106_c is 0.1897826625683198...
Loop87 pFBA...7740.0...Ave likelihood of: cpd00141_c is 0.323217292107186...
Loop88 pFBA...20313.0...Ave likelihood of: cpd00216_c is 0.23161867942676956...
Loop89 pFBA...4804.0...Ave likelihood of: cpd00036_c is 0.22930678374102334...
Loop90 pFBA...16928.0...Ave likelihood of: cpd00581_c is 0.32760893340685804...
Loop91 pFBA...4763.0...Ave likelihood of: cpd00128_c is 0.22152145904180282...
Loop92 pFBA...5861.0...Ave likelihood of: cpd00018_c is 0.27986770671209166...
Loop93 pFBA...5861.0...Ave likelihood of: cpd00091_c is 0.27986770671209166...
Loop94 pFBA...3623.0...Ave likelihood of: cpd00092_c is 0.32078204626585366...
Loop95 pFBA...64071.0...Ave likelihood of: cpd00305_c is 0.13621745850211672...
Loop96 pFBA...14246.0...Ave likelihood of: cpd00220_c is 0.16077552149250426...
Loop97 pFBA...14610.0...Ave likelihood of: cpd00218_c is 0.2145093319101171...
Loop98 pFBA...15143.0...Ave likelihood of: cpd00215_c is 0.31851939800626694...
Loop99 pFBA...28680.0...Ave likelihood of: cpd00104_c is 0.1696033203567006...
Loop100 pFBA...35308.0...Ave likelihood of: cpd00393_c is 0.17806490561312832...
Loop101 pFBA...6526.0...Ave likelihood of: cpd00363_c is 0.5045069947319368...
Loop102 pFBA...8588.0...Ave likelihood of: cpd00281_c is 0.2017627263084413...
Loop103 pFBA...4205.0...Ave likelihood of: cpd00025_c is 0.38680543385014493...
Loop104 pFBA...20372.0...Ave likelihood of: cpd00811_c is 0.26697705907616504...
Loop105 pFBA...6410.0...Ave likelihood of: cpd00714_c is 0.41428175593253547...
Loop106 pFBA...5566.0...Ave likelihood of: cpd00117_c is 0.4715967885400658...
Loop107 pFBA...6839.0...Ave likelihood of: cpd00186_c is 0.36010649785537635...
Loop108 pFBA...21553.0...Ave likelihood of: cpd00637_c is 0.24810567239055467...
Loop109 pFBA...6452.0...Ave likelihood of: cpd00550_c is 0.2856569845851144...
Loop110 pFBA...4052.0...Ave likelihood of: cpd00033_c is 0.25540692118333497...
Loop111 pFBA...5445.0...Ave likelihood of: cpd00035_c is 0.4715967885400658...
Loop112 pFBA...18243.0...Ave likelihood of: cpd00051_c is 0.27115362099848095...
Loop113 pFBA...7909.0...Ave likelihood of: cpd00132_c is 0.25060661657570177...
Loop114 pFBA...5178.0...Ave likelihood of: cpd00041_c is 0.22387630441119427...
Loop115 pFBA...13720.0...Ave likelihood of: cpd00084_c is 0.24811424395159673...
Loop116 pFBA...6592.0...Ave likelihood of: cpd00023_c is 0.2816738716178471...
Loop117 pFBA...9081.0...Ave likelihood of: cpd00053_c is 0.31099606445980377...
Loop118 pFBA...16366.0...Ave likelihood of: cpd00119_c is 0.3315428475680212...
Loop119 pFBA...16764.0...Ave likelihood of: cpd00322_c is 0.20381350015959482...
Loop120 pFBA...14209.0...Ave likelihood of: cpd00107_c is 0.2640627705443921...
Loop121 pFBA...17712.0...Ave likelihood of: cpd00039_c is 0.2838917395223381...
Loop122 pFBA...20553.0...Ave likelihood of: cpd00060_c is 0.25145845174718384...
Loop123 pFBA...20991.0...Ave likelihood of: cpd00066_c is 0.2249653935668421...
Loop124 pFBA...10269.0...Ave likelihood of: cpd00129_c is 0.20281172756166413...
Loop125 pFBA...5452.0...Ave likelihood of: cpd00054_c is 0.29137012427681674...
Loop126 pFBA...7513.0...Ave likelihood of: cpd00161_c is 0.34528344189202037...
Loop127 pFBA...27284.0...Ave likelihood of: cpd00065_c is 0.2493842071926063...
Loop128 pFBA...18513.0...Ave likelihood of: cpd00069_c is 0.19538711331389239...
Loop129 pFBA...7657.0...Ave likelihood of: cpd00156_c is 0.33501891264276834...
Loop130 pFBA...24080.0...Ave likelihood of: cpd00098_c is 0.23533249403981601...
Loop131 pFBA...14162.0...Ave likelihood of: cpd00274_c is 0.1945995163064056...
Loop132 pFBA...6703.0...Ave likelihood of: cpd00226_c is 0.3230379753574232...
Loop133 pFBA...4646.0...Ave likelihood of: cpd00246_c is 0.2214030242938038...
Loop134 pFBA...20469.0...Ave likelihood of: cpd00374_c is 0.2051238965685327...
Loop135 pFBA...4978.0...Ave likelihood of: cpd00221_c is 0.18888588886621008...
Loop136 pFBA...4332.0...Ave likelihood of: cpd00159_c is 0.40812514851338816...
Loop137 pFBA...10476.0...Ave likelihood of: cpd00211_c is 0.3385927701764246...
Loop138 pFBA...3761.0...Ave likelihood of: cpd00047_c is 0.22077318658201447...
Loop139 pFBA...5000.0...Ave likelihood of: cpd00106_c is 0.1897826625683198...
Loop140 pFBA...7688.0...Ave likelihood of: cpd00141_c is 0.37042677345382513...
Loop141 pFBA...19589.0...Ave likelihood of: cpd00216_c is 0.24028435834919276...
Loop142 pFBA...4804.0...Ave likelihood of: cpd00036_c is 0.22930678374102334...
Loop143 pFBA...16928.0...Ave likelihood of: cpd00581_c is 0.32760893340685804...
Loop144 pFBA...4763.0...Ave likelihood of: cpd00128_c is 0.22152145904180282...
Loop145 pFBA...5861.0...Ave likelihood of: cpd00018_c is 0.27986770671209166...
Loop146 pFBA...5861.0...Ave likelihood of: cpd00091_c is 0.27986770671209166...
Loop147 pFBA...3623.0...Ave likelihood of: cpd00092_c is 0.32078204626585366...
Loop148 pFBA...64071.0...Ave likelihood of: cpd00305_c is 0.1376665804010754...
Loop149 pFBA...14073.0...Ave likelihood of: cpd00220_c is 0.26047115041648167...
Loop150 pFBA...14567.0...Ave likelihood of: cpd00218_c is 0.15823453575804078...
Loop151 pFBA...14842.0...Ave likelihood of: cpd00215_c is 0.22106626897441836...
Loop152 pFBA...28655.0...Ave likelihood of: cpd00104_c is 0.196224810682172...
Loop153 pFBA...35299.0...Ave likelihood of: cpd00393_c is 0.16054219312471998...
Loop154 pFBA...6196.0...Ave likelihood of: cpd00363_c is 0.4293554105238225...
Loop155 pFBA...8588.0...Ave likelihood of: cpd00281_c is 0.2017627263084413...
Loop156 pFBA...4144.0...Ave likelihood of: cpd00025_c is 0.3182292694312721...
Loop157 pFBA...19915.0...Ave likelihood of: cpd00811_c is 0.3016285483364908...
Loop158 pFBA...6158.0...Ave likelihood of: cpd00714_c is 0.29433487084205207...
32.4277725856mins to complete!
