
The following have been reloaded with a version change:
  1) anaconda2/4.4.0 => anaconda2/5.1.0

Loading in models...Adding Water...Remove no-like rxns...Pruned 1 metabolites from model
Pruned 1 reactions from model
Set-up Universal...63.0seconds to complete

Loop0 pFBA...5325.0...Ave likelihood of: cpd00117_c is 0.30724228454134533...
Loop1 pFBA...7125.0...Ave likelihood of: cpd00186_c is 0.31242144936663907...
Loop2 pFBA...21649.0...Ave likelihood of: cpd00637_c is 0.2602544389574007...
Loop3 pFBA...6393.0...Ave likelihood of: cpd00550_c is 0.42562997813473014...
Loop4 pFBA...4103.0...Ave likelihood of: cpd00033_c is 0.22352999315931282...
Loop5 pFBA...5219.0...Ave likelihood of: cpd00035_c is 0.30724228454134533...
Loop6 pFBA...17822.0...Ave likelihood of: cpd00051_c is 0.2703711646673657...
Loop7 pFBA...8186.0...Ave likelihood of: cpd00132_c is 0.15079231831166484...
Loop8 pFBA...5315.0...Ave likelihood of: cpd00041_c is 0.17187728637354058...
Loop9 pFBA...13524.0...Ave likelihood of: cpd00084_c is 0.30025996289172663...
Loop10 pFBA...6628.0...Ave likelihood of: cpd00023_c is 0.27433809720097885...
Loop11 pFBA...9270.0...Ave likelihood of: cpd00053_c is 0.18812093330139826...
Loop12 pFBA...15616.0...Ave likelihood of: cpd00119_c is 0.32100819216771537...
Loop13 pFBA...16858.0...Ave likelihood of: cpd00322_c is 0.26160111485893206...
Loop14 pFBA...13910.0...Ave likelihood of: cpd00107_c is 0.3019589936255727...
Loop15 pFBA...16728.0...Ave likelihood of: cpd00039_c is 0.3118831082912966...
Loop16 pFBA...20649.0...Ave likelihood of: cpd00060_c is 0.26386908394292014...
Loop17 pFBA...20688.0...Ave likelihood of: cpd00066_c is 0.28271382156463315...
Loop18 pFBA...10270.0...Ave likelihood of: cpd00129_c is 0.31079929883147905...
Loop19 pFBA...5393.0...Ave likelihood of: cpd00054_c is 0.4643236125106147...
Loop20 pFBA...7640.0...Ave likelihood of: cpd00161_c is 0.38261628254535285...
Loop21 pFBA...26566.0...Ave likelihood of: cpd00065_c is 0.20661592770083417...
Loop22 pFBA...18278.0...Ave likelihood of: cpd00069_c is 0.2688169125461191...
Loop23 pFBA...7715.0...Ave likelihood of: cpd00156_c is 0.29189893419321195...
Loop24 pFBA...24058.0...Ave likelihood of: cpd00098_c is 0.21424461614810017...
Loop25 pFBA...14501.0...Ave likelihood of: cpd00274_c is 0.28641365577314165...
Loop26 pFBA...6130.0...Ave likelihood of: cpd00226_c is 0.3319886654779728...
Loop27 pFBA...4578.0...Ave likelihood of: cpd00246_c is 0.39568791971898326...
Loop28 pFBA...20096.0...Ave likelihood of: cpd00374_c is 0.26144978731043045...
Loop29 pFBA...4125.0...Ave likelihood of: cpd00221_c is 0.4442244304306917...
Loop30 pFBA...3987.0...Ave likelihood of: cpd00159_c is 0.39671904268929403...
Loop31 pFBA...10099.0...Ave likelihood of: cpd00211_c is 0.366138836274663...
Loop32 pFBA...3591.0...Ave likelihood of: cpd00047_c is 0.3779801004973171...
Loop33 pFBA...4995.0...Ave likelihood of: cpd00106_c is 0.1750731278855914...
Loop34 pFBA...7571.0...Ave likelihood of: cpd00141_c is 0.3052016972664731...
Loop35 pFBA...19712.0...Ave likelihood of: cpd00216_c is 0.2807220818295544...
Loop36 pFBA...4762.0...Ave likelihood of: cpd00036_c is 0.22476162056223764...
Loop37 pFBA...16221.0...Ave likelihood of: cpd00581_c is 0.33212259164922037...
Loop38 pFBA...4256.0...Ave likelihood of: cpd00128_c is 0.36306477531545633...
Loop39 pFBA...5763.0...Ave likelihood of: cpd00018_c is 0.393261815657558...
Loop40 pFBA...5091.0...Ave likelihood of: cpd00091_c is 0.36802935189462016...
Loop41 pFBA...4015.0...Ave likelihood of: cpd00092_c is 0.2599908536899902...
Loop42 pFBA...61545.0...Ave likelihood of: cpd00305_c is 0.18787603127067773...
Loop43 pFBA...13406.0...Ave likelihood of: cpd00220_c is 0.25084729592765376...
Loop44 pFBA...14417.0...Ave likelihood of: cpd00218_c is 0.19740888218212344...
Loop45 pFBA...13479.0...Ave likelihood of: cpd00215_c is 0.3334878812523761...
Loop46 pFBA...27997.0...Ave likelihood of: cpd00104_c is 0.20415885330914563...
Loop47 pFBA...36197.0...Ave likelihood of: cpd00393_c is 0.2170104973760422...
Loop48 pFBA...6095.0...Ave likelihood of: cpd00363_c is 0.44434134339570447...
Loop49 pFBA...8628.0...Ave likelihood of: cpd00281_c is 0.19595578371498487...
Loop50 pFBA...4080.0...Ave likelihood of: cpd00025_c is 0.39907158516092994...
Loop51 pFBA...20238.0...Ave likelihood of: cpd00811_c is 0.20600481050637326...
Loop52 pFBA...5325.0...Ave likelihood of: cpd00117_c is 0.30724228454134533...
Loop53 pFBA...7125.0...Ave likelihood of: cpd00186_c is 0.31242144936663907...
Loop54 pFBA...21649.0...Ave likelihood of: cpd00637_c is 0.2602544389574007...
Loop55 pFBA...6393.0...Ave likelihood of: cpd00550_c is 0.42562997813473014...
Loop56 pFBA...4103.0...Ave likelihood of: cpd00033_c is 0.22352999315931282...
Loop57 pFBA...5219.0...Ave likelihood of: cpd00035_c is 0.30724228454134533...
Loop58 pFBA...18110.0...Ave likelihood of: cpd00051_c is 0.2466901117723749...
Loop59 pFBA...8186.0...Ave likelihood of: cpd00132_c is 0.15079231831166484...
Loop60 pFBA...5315.0...Ave likelihood of: cpd00041_c is 0.17187728637354058...
Loop61 pFBA...13624.0...Ave likelihood of: cpd00084_c is 0.240942807472972...
Loop62 pFBA...6628.0...Ave likelihood of: cpd00023_c is 0.27433809720097885...
Loop63 pFBA...9270.0...Ave likelihood of: cpd00053_c is 0.18463721231433533...
Loop64 pFBA...15616.0...Ave likelihood of: cpd00119_c is 0.32100819216771537...
Loop65 pFBA...16858.0...Ave likelihood of: cpd00322_c is 0.26160111485893206...
Loop66 pFBA...13910.0...Ave likelihood of: cpd00107_c is 0.3019589936255727...
Loop67 pFBA...17062.0...Ave likelihood of: cpd00039_c is 0.2834345297595515...
Loop68 pFBA...20649.0...Ave likelihood of: cpd00060_c is 0.26386908394292014...
Loop69 pFBA...21013.0...Ave likelihood of: cpd00066_c is 0.28933315862630266...
Loop70 pFBA...10270.0...Ave likelihood of: cpd00129_c is 0.31079929883147905...
Loop71 pFBA...5393.0...Ave likelihood of: cpd00054_c is 0.4643236125106147...
Loop72 pFBA...7702.0...Ave likelihood of: cpd00161_c is 0.33855788374038837...
Loop73 pFBA...26566.0...Ave likelihood of: cpd00065_c is 0.20661592770083417...
Loop74 pFBA...18523.0...Ave likelihood of: cpd00069_c is 0.25572793535539506...
Loop75 pFBA...7715.0...Ave likelihood of: cpd00156_c is 0.29189893419321195...
Loop76 pFBA...24279.0...Ave likelihood of: cpd00098_c is 0.1779074128329582...
Loop77 pFBA...14666.0...Ave likelihood of: cpd00274_c is 0.26264989790060084...
Loop78 pFBA...6130.0...Ave likelihood of: cpd00226_c is 0.3319886654779728...
Loop79 pFBA...4827.0...Ave likelihood of: cpd00246_c is 0.2136195574715905...
Loop80 pFBA...20738.0...Ave likelihood of: cpd00374_c is 0.3017833994813335...
Loop81 pFBA...4311.0...Ave likelihood of: cpd00221_c is 0.25589064633450487...
Loop82 pFBA...4108.0...Ave likelihood of: cpd00159_c is 0.36097820166821976...
Loop83 pFBA...10104.0...Ave likelihood of: cpd00211_c is 0.28530742170410067...
Loop84 pFBA...3634.0...Ave likelihood of: cpd00047_c is 0.4192911890643812...
Loop85 pFBA...4995.0...Ave likelihood of: cpd00106_c is 0.1750731278855914...
Loop86 pFBA...7648.0...Ave likelihood of: cpd00141_c is 0.3301204104186266...
Loop87 pFBA...20044.0...Ave likelihood of: cpd00216_c is 0.2537804730424982...
Loop88 pFBA...4762.0...Ave likelihood of: cpd00036_c is 0.22476162056223764...
Loop89 pFBA...16221.0...Ave likelihood of: cpd00581_c is 0.33212259164922037...
Loop90 pFBA...4256.0...Ave likelihood of: cpd00128_c is 0.36306477531545633...
Loop91 pFBA...5763.0...Ave likelihood of: cpd00018_c is 0.393261815657558...
Loop92 pFBA...5091.0...Ave likelihood of: cpd00091_c is 0.36802935189462016...
Loop93 pFBA...4015.0...Ave likelihood of: cpd00092_c is 0.2599908536899902...
Loop94 pFBA...61606.0...Ave likelihood of: cpd00305_c is 0.20585833943046827...
Loop95 pFBA...13406.0...Ave likelihood of: cpd00220_c is 0.24368023032972078...
Loop96 pFBA...14517.0...Ave likelihood of: cpd00218_c is 0.16212158360374598...
Loop97 pFBA...14037.0...Ave likelihood of: cpd00215_c is 0.2908167449525737...
Loop98 pFBA...27997.0...Ave likelihood of: cpd00104_c is 0.20415885330914563...
Loop99 pFBA...36197.0...Ave likelihood of: cpd00393_c is 0.2170104973760422...
Loop100 pFBA...6470.0...Ave likelihood of: cpd00363_c is 0.4525385437298047...
Loop101 pFBA...8628.0...Ave likelihood of: cpd00281_c is 0.19595578371498487...
Loop102 pFBA...4181.0...Ave likelihood of: cpd00025_c is 0.32007956560373274...
Loop103 pFBA...20737.0...Ave likelihood of: cpd00811_c is 0.205702263208287...
Loop104 pFBA...5325.0...Ave likelihood of: cpd00117_c is 0.30724228454134533...
Loop105 pFBA...7125.0...Ave likelihood of: cpd00186_c is 0.31242144936663907...
Loop106 pFBA...21649.0...Ave likelihood of: cpd00637_c is 0.2602544389574007...
Loop107 pFBA...6393.0...Ave likelihood of: cpd00550_c is 0.42562997813473014...
Loop108 pFBA...4103.0...Ave likelihood of: cpd00033_c is 0.22352999315931282...
Loop109 pFBA...5219.0...Ave likelihood of: cpd00035_c is 0.30724228454134533...
Loop110 pFBA...17854.0...Ave likelihood of: cpd00051_c is 0.2723140176621432...
Loop111 pFBA...8186.0...Ave likelihood of: cpd00132_c is 0.15079231831166484...
Loop112 pFBA...5315.0...Ave likelihood of: cpd00041_c is 0.17187728637354058...
Loop113 pFBA...13592.0...Ave likelihood of: cpd00084_c is 0.30561011881523575...
Loop114 pFBA...6628.0...Ave likelihood of: cpd00023_c is 0.27433809720097885...
Loop115 pFBA...9270.0...Ave likelihood of: cpd00053_c is 0.18463721231433533...
Loop116 pFBA...15616.0...Ave likelihood of: cpd00119_c is 0.32100819216771537...
Loop117 pFBA...16858.0...Ave likelihood of: cpd00322_c is 0.26160111485893206...
Loop118 pFBA...13910.0...Ave likelihood of: cpd00107_c is 0.3019589936255727...
Loop119 pFBA...16882.0...Ave likelihood of: cpd00039_c is 0.30938085565258366...
Loop120 pFBA...20649.0...Ave likelihood of: cpd00060_c is 0.26386908394292014...
Loop121 pFBA...20597.0...Ave likelihood of: cpd00066_c is 0.28205177575409585...
Loop122 pFBA...10270.0...Ave likelihood of: cpd00129_c is 0.31079929883147905...
Loop123 pFBA...5393.0...Ave likelihood of: cpd00054_c is 0.4643236125106147...
Loop124 pFBA...7621.0...Ave likelihood of: cpd00161_c is 0.35609808274796856...
Loop125 pFBA...26566.0...Ave likelihood of: cpd00065_c is 0.20661592770083417...
Loop126 pFBA...18200.0...Ave likelihood of: cpd00069_c is 0.27994485259477264...
Loop127 pFBA...7715.0...Ave likelihood of: cpd00156_c is 0.29189893419321195...
Loop128 pFBA...23989.0...Ave likelihood of: cpd00098_c is 0.20750499787833915...
Loop129 pFBA...14662.0...Ave likelihood of: cpd00274_c is 0.265843786723661...
Loop130 pFBA...6130.0...Ave likelihood of: cpd00226_c is 0.3319886654779728...
Loop131 pFBA...4550.0...Ave likelihood of: cpd00246_c is 0.3587027379521135...
Loop132 pFBA...19999.0...Ave likelihood of: cpd00374_c is 0.265863801241146...
Loop133 pFBA...4275.0...Ave likelihood of: cpd00221_c is 0.33560977256505486...
Loop134 pFBA...4086.0...Ave likelihood of: cpd00159_c is 0.37479678796256793...
Loop135 pFBA...10088.0...Ave likelihood of: cpd00211_c is 0.3720977550811289...
Loop136 pFBA...3634.0...Ave likelihood of: cpd00047_c is 0.4192911890643812...
Loop137 pFBA...4995.0...Ave likelihood of: cpd00106_c is 0.1750731278855914...
Loop138 pFBA...7601.0...Ave likelihood of: cpd00141_c is 0.3778132769754601...
Loop139 pFBA...19553.0...Ave likelihood of: cpd00216_c is 0.2775434347159495...
Loop140 pFBA...4762.0...Ave likelihood of: cpd00036_c is 0.22476162056223764...
Loop141 pFBA...16221.0...Ave likelihood of: cpd00581_c is 0.33212259164922037...
Loop142 pFBA...4256.0...Ave likelihood of: cpd00128_c is 0.36306477531545633...
Loop143 pFBA...5763.0...Ave likelihood of: cpd00018_c is 0.393261815657558...
Loop144 pFBA...5091.0...Ave likelihood of: cpd00091_c is 0.36802935189462016...
Loop145 pFBA...4015.0...Ave likelihood of: cpd00092_c is 0.2599908536899902...
Loop146 pFBA...61508.0...Ave likelihood of: cpd00305_c is 0.19748446174183132...
Loop147 pFBA...13406.0...Ave likelihood of: cpd00220_c is 0.30269230257292695...
Loop148 pFBA...14365.0...Ave likelihood of: cpd00218_c is 0.19845355984481447...
Loop149 pFBA...13361.0...Ave likelihood of: cpd00215_c is 0.40622834066205266...
Loop150 pFBA...27997.0...Ave likelihood of: cpd00104_c is 0.20415885330914563...
Loop151 pFBA...36197.0...Ave likelihood of: cpd00393_c is 0.22491583637943385...
Loop152 pFBA...6030.0...Ave likelihood of: cpd00363_c is 0.47292202907132164...
Loop153 pFBA...8628.0...Ave likelihood of: cpd00281_c is 0.19595578371498487...
Loop154 pFBA...4053.0...Ave likelihood of: cpd00025_c is 0.4043684018777886...
Loop155 pFBA...20118.0...Ave likelihood of: cpd00811_c is 0.21483283836780434...
32.5784262498mins to complete!
