
The following have been reloaded with a version change:
  1) anaconda2/4.4.0 => anaconda2/5.1.0

Loading in models...Adding Water...Remove no-like rxns...Pruned 1 metabolites from model
Pruned 1 reactions from model
Set-up Universal...62.0seconds to complete

Loop0 pFBA...5367.0...Ave likelihood of: cpd00117_c is 0.3944164754760467...
Loop1 pFBA...7602.0...Ave likelihood of: cpd00186_c is 0.23305650010311785...
Loop2 pFBA...22260.0...Ave likelihood of: cpd00637_c is 0.21117093027871364...
Loop3 pFBA...6366.0...Ave likelihood of: cpd00550_c is 0.32683506346259117...
Loop4 pFBA...4201.0...Ave likelihood of: cpd00033_c is 0.22633788662905605...
Loop5 pFBA...5240.0...Ave likelihood of: cpd00035_c is 0.3944164754760467...
Loop6 pFBA...18170.0...Ave likelihood of: cpd00051_c is 0.30905152454185775...
Loop7 pFBA...7948.0...Ave likelihood of: cpd00132_c is 0.2713600066463552...
Loop8 pFBA...5442.0...Ave likelihood of: cpd00041_c is 0.21510877442747794...
Loop9 pFBA...13555.0...Ave likelihood of: cpd00084_c is 0.2245317122819041...
Loop10 pFBA...7347.0...Ave likelihood of: cpd00023_c is 0.1306756287690032...
Loop11 pFBA...9678.0...Ave likelihood of: cpd00053_c is 0.20097439212475593...
Loop12 pFBA...21692.0...Ave likelihood of: cpd00119_c is 0.15570854007078297...
Loop13 pFBA...17447.0...Ave likelihood of: cpd00322_c is 0.12570410341960733...
Loop14 pFBA...14879.0...Ave likelihood of: cpd00107_c is 0.2103889754637041...
Loop15 pFBA...17045.0...Ave likelihood of: cpd00039_c is 0.3100782623935182...
Loop16 pFBA...21260.0...Ave likelihood of: cpd00060_c is 0.21381056690719755...
Loop17 pFBA...20534.0...Ave likelihood of: cpd00066_c is 0.24131435445060317...
Loop18 pFBA...10610.0...Ave likelihood of: cpd00129_c is 0.15439283200827011...
Loop19 pFBA...5366.0...Ave likelihood of: cpd00054_c is 0.33378900098307185...
Loop20 pFBA...7843.0...Ave likelihood of: cpd00161_c is 0.37656578156746406...
Loop21 pFBA...29294.0...Ave likelihood of: cpd00065_c is 0.16856782196085043...
Loop22 pFBA...18494.0...Ave likelihood of: cpd00069_c is 0.2547681934995527...
Loop23 pFBA...8729.0...Ave likelihood of: cpd00156_c is 0.21638575423650855...
Loop24 pFBA...23953.0...Ave likelihood of: cpd00098_c is 0.2245058161464484...
Loop25 pFBA...14825.0...Ave likelihood of: cpd00274_c is 0.3057489030667938...
Loop26 pFBA...6122.0...Ave likelihood of: cpd00226_c is 0.38072291686597864...
Loop27 pFBA...4581.0...Ave likelihood of: cpd00246_c is 0.39298329539465554...
Loop28 pFBA...20377.0...Ave likelihood of: cpd00374_c is 0.26463365643473546...
Loop29 pFBA...4148.0...Ave likelihood of: cpd00221_c is 0.3390409098566444...
Loop30 pFBA...3969.0...Ave likelihood of: cpd00159_c is 0.40437995977894203...
Loop31 pFBA...10131.0...Ave likelihood of: cpd00211_c is 0.2483449712004486...
Loop32 pFBA...3915.0...Ave likelihood of: cpd00047_c is 0.3868772349180221...
Loop33 pFBA...5239.0...Ave likelihood of: cpd00106_c is 0.1389218260441738...
Loop34 pFBA...7652.0...Ave likelihood of: cpd00141_c is 0.3339284131050753...
Loop35 pFBA...19289.0...Ave likelihood of: cpd00216_c is 0.2784694948088089...
Loop36 pFBA...5009.0...Ave likelihood of: cpd00036_c is 0.08062977717929763...
Loop37 pFBA...22326.0...Ave likelihood of: cpd00581_c is 0.13629891061950217...
Loop38 pFBA...4433.0...Ave likelihood of: cpd00128_c is 0.22683639917204296...
Loop39 pFBA...6001.0...Ave likelihood of: cpd00018_c is 0.31543083597188953...
Loop40 pFBA...5187.0...Ave likelihood of: cpd00091_c is 0.40906859008645313...
Loop41 pFBA...3563.0...Ave likelihood of: cpd00092_c is 0.37629039631233746...
Loop42 pFBA...62582.0...Ave likelihood of: cpd00305_c is 0.18234789209616672...
Loop43 pFBA...12628.0...Ave likelihood of: cpd00220_c is 0.22254835238154116...
Loop44 pFBA...14645.0...Ave likelihood of: cpd00218_c is 0.19048925654513013...
Loop45 pFBA...14442.0...Ave likelihood of: cpd00215_c is 0.2725140651018572...
Loop46 pFBA...28429.0...Ave likelihood of: cpd00104_c is 0.19334209945422887...
Loop47 pFBA...36419.0...Ave likelihood of: cpd00393_c is 0.16794040962466703...
Loop48 pFBA...6022.0...Ave likelihood of: cpd00363_c is 0.4191232844237285...
Loop49 pFBA...9191.0...Ave likelihood of: cpd00281_c is 0.11552586816724128...
Loop50 pFBA...4103.0...Ave likelihood of: cpd00025_c is 0.3414995073876482...
Loop51 pFBA...20224.0...Ave likelihood of: cpd00811_c is 0.2257886555081372...
Loop52 pFBA...5367.0...Ave likelihood of: cpd00117_c is 0.3944164754760467...
Loop53 pFBA...7602.0...Ave likelihood of: cpd00186_c is 0.23305650010311785...
Loop54 pFBA...22295.0...Ave likelihood of: cpd00637_c is 0.19067575571534004...
Loop55 pFBA...6422.0...Ave likelihood of: cpd00550_c is 0.33043712712811535...
Loop56 pFBA...4201.0...Ave likelihood of: cpd00033_c is 0.22633788662905605...
Loop57 pFBA...5240.0...Ave likelihood of: cpd00035_c is 0.3944164754760467...
Loop58 pFBA...18550.0...Ave likelihood of: cpd00051_c is 0.3315451053211601...
Loop59 pFBA...7948.0...Ave likelihood of: cpd00132_c is 0.2713600066463552...
Loop60 pFBA...5442.0...Ave likelihood of: cpd00041_c is 0.21510877442747794...
Loop61 pFBA...13755.0...Ave likelihood of: cpd00084_c is 0.2525837897872101...
Loop62 pFBA...7347.0...Ave likelihood of: cpd00023_c is 0.1306756287690032...
Loop63 pFBA...9678.0...Ave likelihood of: cpd00053_c is 0.20097439212475593...
Loop64 pFBA...21692.0...Ave likelihood of: cpd00119_c is 0.16219639590706558...
Loop65 pFBA...17447.0...Ave likelihood of: cpd00322_c is 0.12570410341960733...
Loop66 pFBA...14879.0...Ave likelihood of: cpd00107_c is 0.2103889754637041...
Loop67 pFBA...17443.0...Ave likelihood of: cpd00039_c is 0.28939577214757584...
Loop68 pFBA...21295.0...Ave likelihood of: cpd00060_c is 0.19325245511689873...
Loop69 pFBA...21242.0...Ave likelihood of: cpd00066_c is 0.27129163797775646...
Loop70 pFBA...10610.0...Ave likelihood of: cpd00129_c is 0.1389535488074431...
Loop71 pFBA...5422.0...Ave likelihood of: cpd00054_c is 0.3558553676764319...
Loop72 pFBA...7973.0...Ave likelihood of: cpd00161_c is 0.2422289853639078...
Loop73 pFBA...29294.0...Ave likelihood of: cpd00065_c is 0.17103531828976892...
Loop74 pFBA...18931.0...Ave likelihood of: cpd00069_c is 0.30173469274824094...
Loop75 pFBA...8729.0...Ave likelihood of: cpd00156_c is 0.21638575423650855...
Loop76 pFBA...24334.0...Ave likelihood of: cpd00098_c is 0.23446415355326103...
Loop77 pFBA...15240.0...Ave likelihood of: cpd00274_c is 0.22958071310131684...
Loop78 pFBA...6122.0...Ave likelihood of: cpd00226_c is 0.3807229168659786...
Loop79 pFBA...4822.0...Ave likelihood of: cpd00246_c is 0.35863557234838506...
Loop80 pFBA...21108.0...Ave likelihood of: cpd00374_c is 0.2805871190068859...
Loop81 pFBA...4297.0...Ave likelihood of: cpd00221_c is 0.2964662757574184...
Loop82 pFBA...4136.0...Ave likelihood of: cpd00159_c is 0.31469748423533583...
Loop83 pFBA...10160.0...Ave likelihood of: cpd00211_c is 0.13437474954687703...
Loop84 pFBA...4078.0...Ave likelihood of: cpd00047_c is 0.4215148798187574...
Loop85 pFBA...5239.0...Ave likelihood of: cpd00106_c is 0.16407962786908392...
Loop86 pFBA...7795.0...Ave likelihood of: cpd00141_c is 0.19521375900445376...
Loop87 pFBA...19963.0...Ave likelihood of: cpd00216_c is 0.2523396592840902...
Loop88 pFBA...5009.0...Ave likelihood of: cpd00036_c is 0.08062977717929763...
Loop89 pFBA...22326.0...Ave likelihood of: cpd00581_c is 0.13946865272693246...
Loop90 pFBA...4433.0...Ave likelihood of: cpd00128_c is 0.22683639917204296...
Loop91 pFBA...6001.0...Ave likelihood of: cpd00018_c is 0.31543083597188953...
Loop92 pFBA...5187.0...Ave likelihood of: cpd00091_c is 0.40906859008645313...
Loop93 pFBA...3563.0...Ave likelihood of: cpd00092_c is 0.37629039631233746...
Loop94 pFBA...62661.0...Ave likelihood of: cpd00305_c is 0.17278396208937818...
Loop95 pFBA...12628.0...Ave likelihood of: cpd00220_c is 0.2169846435720026...
Loop96 pFBA...14802.0...Ave likelihood of: cpd00218_c is 0.19578271438881256...
Loop97 pFBA...14732.0...Ave likelihood of: cpd00215_c is 0.3186535653422244...
Loop98 pFBA...28516.0...Ave likelihood of: cpd00104_c is 0.16594462557648132...
Loop99 pFBA...36425.0...Ave likelihood of: cpd00393_c is 0.16790467089397085...
Loop100 pFBA...6452.0...Ave likelihood of: cpd00363_c is 0.46743390137434193...
Loop101 pFBA...9191.0...Ave likelihood of: cpd00281_c is 0.11552586816724128...
Loop102 pFBA...4218.0...Ave likelihood of: cpd00025_c is 0.3830782388009735...
Loop103 pFBA...20991.0...Ave likelihood of: cpd00811_c is 0.2825915611094623...
Loop104 pFBA...5367.0...Ave likelihood of: cpd00117_c is 0.3944164754760467...
Loop105 pFBA...7602.0...Ave likelihood of: cpd00186_c is 0.23305650010311785...
Loop106 pFBA...22268.0...Ave likelihood of: cpd00637_c is 0.2047503856457576...
Loop107 pFBA...6403.0...Ave likelihood of: cpd00550_c is 0.30551163446986485...
Loop108 pFBA...4201.0...Ave likelihood of: cpd00033_c is 0.22633788662905605...
Loop109 pFBA...5240.0...Ave likelihood of: cpd00035_c is 0.3944164754760467...
Loop110 pFBA...18265.0...Ave likelihood of: cpd00051_c is 0.29910338392311847...
Loop111 pFBA...7948.0...Ave likelihood of: cpd00132_c is 0.2713600066463552...
Loop112 pFBA...5442.0...Ave likelihood of: cpd00041_c is 0.24425615822246657...
Loop113 pFBA...13693.0...Ave likelihood of: cpd00084_c is 0.29846345358977994...
Loop114 pFBA...7347.0...Ave likelihood of: cpd00023_c is 0.1306756287690032...
Loop115 pFBA...9678.0...Ave likelihood of: cpd00053_c is 0.20097439212475593...
Loop116 pFBA...21692.0...Ave likelihood of: cpd00119_c is 0.15888626537834996...
Loop117 pFBA...17447.0...Ave likelihood of: cpd00322_c is 0.12570410341960733...
Loop118 pFBA...14879.0...Ave likelihood of: cpd00107_c is 0.2103889754637041...
Loop119 pFBA...17214.0...Ave likelihood of: cpd00039_c is 0.27611177590154184...
Loop120 pFBA...21268.0...Ave likelihood of: cpd00060_c is 0.20737539058993398...
Loop121 pFBA...20647.0...Ave likelihood of: cpd00066_c is 0.2535545679288812...
Loop122 pFBA...10610.0...Ave likelihood of: cpd00129_c is 0.1389535488074431...
Loop123 pFBA...5403.0...Ave likelihood of: cpd00054_c is 0.31215319174094885...
Loop124 pFBA...7838.0...Ave likelihood of: cpd00161_c is 0.37234937071398216...
Loop125 pFBA...29294.0...Ave likelihood of: cpd00065_c is 0.16856782196085043...
Loop126 pFBA...18533.0...Ave likelihood of: cpd00069_c is 0.24762706398039305...
Loop127 pFBA...8729.0...Ave likelihood of: cpd00156_c is 0.21638575423650855...
Loop128 pFBA...23953.0...Ave likelihood of: cpd00098_c is 0.19799752126521925...
Loop129 pFBA...14999.0...Ave likelihood of: cpd00274_c is 0.3375860195561007...
Loop130 pFBA...6122.0...Ave likelihood of: cpd00226_c is 0.3807229168659786...
Loop131 pFBA...4605.0...Ave likelihood of: cpd00246_c is 0.3880984335721546...
Loop132 pFBA...20476.0...Ave likelihood of: cpd00374_c is 0.27912736441255115...
Loop133 pFBA...4277.0...Ave likelihood of: cpd00221_c is 0.34921409478555504...
Loop134 pFBA...4094.0...Ave likelihood of: cpd00159_c is 0.3339475586977761...
Loop135 pFBA...10129.0...Ave likelihood of: cpd00211_c is 0.249016297802665...
Loop136 pFBA...4031.0...Ave likelihood of: cpd00047_c is 0.375227007865539...
Loop137 pFBA...5239.0...Ave likelihood of: cpd00106_c is 0.16407962786908392...
Loop138 pFBA...7782.0...Ave likelihood of: cpd00141_c is 0.3143651463855802...
Loop139 pFBA...19513.0...Ave likelihood of: cpd00216_c is 0.2661527352712648...
Loop140 pFBA...5009.0...Ave likelihood of: cpd00036_c is 0.08062977717929763...
Loop141 pFBA...22326.0...Ave likelihood of: cpd00581_c is 0.13946865272693246...
Loop142 pFBA...4433.0...Ave likelihood of: cpd00128_c is 0.22683639917204296...
Loop143 pFBA...6001.0...Ave likelihood of: cpd00018_c is 0.31543083597188953...
Loop144 pFBA...5187.0...Ave likelihood of: cpd00091_c is 0.40906859008645313...
Loop145 pFBA...3563.0...Ave likelihood of: cpd00092_c is 0.37629039631233746...
Loop146 pFBA...62579.0...Ave likelihood of: cpd00305_c is 0.1851974904320695...
Loop147 pFBA...12624.0...Ave likelihood of: cpd00220_c is 0.2725195062848188...
Loop148 pFBA...14734.0...Ave likelihood of: cpd00218_c is 0.19607783666716988...
Loop149 pFBA...14431.0...Ave likelihood of: cpd00215_c is 0.2733163822606037...
Loop150 pFBA...28419.0...Ave likelihood of: cpd00104_c is 0.19369580916937515...
Loop151 pFBA...36418.0...Ave likelihood of: cpd00393_c is 0.168462552537502...
Loop152 pFBA...6027.0...Ave likelihood of: cpd00363_c is 0.44633002058241933...
Loop153 pFBA...9191.0...Ave likelihood of: cpd00281_c is 0.11552586816724128...
Loop154 pFBA...4137.0...Ave likelihood of: cpd00025_c is 0.32837583731097886...
Loop155 pFBA...20249.0...Ave likelihood of: cpd00811_c is 0.20525913477981314...
32.6117249846mins to complete!
