
The following have been reloaded with a version change:
  1) anaconda2/4.4.0 => anaconda2/5.1.0

Loading in models...Adding Water...Remove no-like rxns...Pruned 1 metabolites from model
Pruned 1 reactions from model
Set-up Universal...58.0seconds to complete

Loop0 pFBA...5567.0...Ave likelihood of: cpd00117_c is 0.47169476696141577...
Loop1 pFBA...6840.0...Ave likelihood of: cpd00186_c is 0.35998359107344974...
Loop2 pFBA...21367.0...Ave likelihood of: cpd00637_c is 0.2742377210794719...
Loop3 pFBA...6434.0...Ave likelihood of: cpd00550_c is 0.34693711930082755...
Loop4 pFBA...4051.0...Ave likelihood of: cpd00033_c is 0.2597957130485221...
Loop5 pFBA...5445.0...Ave likelihood of: cpd00035_c is 0.47169476696141577...
Loop6 pFBA...18127.0...Ave likelihood of: cpd00051_c is 0.31023084313578664...
Loop7 pFBA...7914.0...Ave likelihood of: cpd00132_c is 0.24994652229178366...
Loop8 pFBA...5181.0...Ave likelihood of: cpd00041_c is 0.22318878987246923...
Loop9 pFBA...13631.0...Ave likelihood of: cpd00084_c is 0.2716177304430743...
Loop10 pFBA...6592.0...Ave likelihood of: cpd00023_c is 0.2816286090805765...
Loop11 pFBA...9083.0...Ave likelihood of: cpd00053_c is 0.31078812777998904...
Loop12 pFBA...16383.0...Ave likelihood of: cpd00119_c is 0.3236511990739528...
Loop13 pFBA...16730.0...Ave likelihood of: cpd00322_c is 0.35540788495741865...
Loop14 pFBA...14211.0...Ave likelihood of: cpd00107_c is 0.26404711733099084...
Loop15 pFBA...17656.0...Ave likelihood of: cpd00039_c is 0.30517449353889614...
Loop16 pFBA...20367.0...Ave likelihood of: cpd00060_c is 0.27784611214630706...
Loop17 pFBA...20600.0...Ave likelihood of: cpd00066_c is 0.23929726716789626...
Loop18 pFBA...10264.0...Ave likelihood of: cpd00129_c is 0.20323313264498696...
Loop19 pFBA...5434.0...Ave likelihood of: cpd00054_c is 0.3543187601370154...
Loop20 pFBA...7337.0...Ave likelihood of: cpd00161_c is 0.3987619213131108...
Loop21 pFBA...27281.0...Ave likelihood of: cpd00065_c is 0.2494480256508933...
Loop22 pFBA...18324.0...Ave likelihood of: cpd00069_c is 0.2139966349272711...
Loop23 pFBA...7658.0...Ave likelihood of: cpd00156_c is 0.33492034486222527...
Loop24 pFBA...23593.0...Ave likelihood of: cpd00098_c is 0.26601404004991686...
Loop25 pFBA...14176.0...Ave likelihood of: cpd00274_c is 0.19374295250945486...
Loop26 pFBA...6631.0...Ave likelihood of: cpd00226_c is 0.37943525692891433...
Loop27 pFBA...4453.0...Ave likelihood of: cpd00246_c is 0.4395843013864795...
Loop28 pFBA...20055.0...Ave likelihood of: cpd00374_c is 0.22609085111431212...
Loop29 pFBA...4765.0...Ave likelihood of: cpd00221_c is 0.4225247144575598...
Loop30 pFBA...4283.0...Ave likelihood of: cpd00159_c is 0.42097031313606376...
Loop31 pFBA...10323.0...Ave likelihood of: cpd00211_c is 0.3559271393143796...
Loop32 pFBA...3765.0...Ave likelihood of: cpd00047_c is 0.2596129998028044...
Loop33 pFBA...5001.0...Ave likelihood of: cpd00106_c is 0.18994210818921153...
Loop34 pFBA...7570.0...Ave likelihood of: cpd00141_c is 0.41451642959163293...
Loop35 pFBA...19238.0...Ave likelihood of: cpd00216_c is 0.23639761304958565...
Loop36 pFBA...4802.0...Ave likelihood of: cpd00036_c is 0.22847417296239386...
Loop37 pFBA...16950.0...Ave likelihood of: cpd00581_c is 0.3261628399099127...
Loop38 pFBA...4748.0...Ave likelihood of: cpd00128_c is 0.34552308520863884...
Loop39 pFBA...5863.0...Ave likelihood of: cpd00018_c is 0.2797951037959083...
Loop40 pFBA...5863.0...Ave likelihood of: cpd00091_c is 0.2797951037959083...
Loop41 pFBA...3613.0...Ave likelihood of: cpd00092_c is 0.36605302040126486...
Loop42 pFBA...63879.0...Ave likelihood of: cpd00305_c is 0.15793480647299246...
Loop43 pFBA...13693.0...Ave likelihood of: cpd00220_c is 0.29513693607301444...
Loop44 pFBA...14490.0...Ave likelihood of: cpd00218_c is 0.21213420558610827...
Loop45 pFBA...14534.0...Ave likelihood of: cpd00215_c is 0.31408662861158615...
Loop46 pFBA...28666.0...Ave likelihood of: cpd00104_c is 0.20181923355901007...
Loop47 pFBA...35908.0...Ave likelihood of: cpd00393_c is 0.17162136926194396...
Loop48 pFBA...5762.0...Ave likelihood of: cpd00363_c is 0.5617170299936206...
Loop49 pFBA...8588.0...Ave likelihood of: cpd00281_c is 0.20165401274801345...
Loop50 pFBA...4025.0...Ave likelihood of: cpd00025_c is 0.2978736615038577...
Loop51 pFBA...19578.0...Ave likelihood of: cpd00811_c is 0.26001403052461636...
Loop52 pFBA...5450.0...Ave likelihood of: cpd00714_c is 0.3676905919282008...
Loop53 pFBA...5567.0...Ave likelihood of: cpd00117_c is 0.47169476696141577...
Loop54 pFBA...6840.0...Ave likelihood of: cpd00186_c is 0.35998359107344974...
Loop55 pFBA...21635.0...Ave likelihood of: cpd00637_c is 0.23900253708688288...
Loop56 pFBA...6503.0...Ave likelihood of: cpd00550_c is 0.2966995546547586...
Loop57 pFBA...4052.0...Ave likelihood of: cpd00033_c is 0.23918606762056482...
Loop58 pFBA...5445.0...Ave likelihood of: cpd00035_c is 0.47169476696141577...
Loop59 pFBA...18331.0...Ave likelihood of: cpd00051_c is 0.27887122487572863...
Loop60 pFBA...7914.0...Ave likelihood of: cpd00132_c is 0.24994652229178366...
Loop61 pFBA...5181.0...Ave likelihood of: cpd00041_c is 0.22318878987246923...
Loop62 pFBA...13759.0...Ave likelihood of: cpd00084_c is 0.246771331254554...
Loop63 pFBA...6592.0...Ave likelihood of: cpd00023_c is 0.2816286090805765...
Loop64 pFBA...9083.0...Ave likelihood of: cpd00053_c is 0.31078812777998904...
Loop65 pFBA...16383.0...Ave likelihood of: cpd00119_c is 0.3301242230554318...
Loop66 pFBA...16740.0...Ave likelihood of: cpd00322_c is 0.24214608302576543...
Loop67 pFBA...14211.0...Ave likelihood of: cpd00107_c is 0.26404711733099084...
Loop68 pFBA...17881.0...Ave likelihood of: cpd00039_c is 0.2916361716193628...
Loop69 pFBA...20635.0...Ave likelihood of: cpd00060_c is 0.24232201676864515...
Loop70 pFBA...21532.0...Ave likelihood of: cpd00066_c is 0.22178204383421604...
Loop71 pFBA...10264.0...Ave likelihood of: cpd00129_c is 0.20323313264498696...
Loop72 pFBA...5503.0...Ave likelihood of: cpd00054_c is 0.3059714157377198...
Loop73 pFBA...7622.0...Ave likelihood of: cpd00161_c is 0.291510382717344...
Loop74 pFBA...27281.0...Ave likelihood of: cpd00065_c is 0.2494480256508933...
Loop75 pFBA...18900.0...Ave likelihood of: cpd00069_c is 0.22311548583166932...
Loop76 pFBA...7658.0...Ave likelihood of: cpd00156_c is 0.33492034486222527...
Loop77 pFBA...24551.0...Ave likelihood of: cpd00098_c is 0.27851956319287424...
Loop78 pFBA...14176.0...Ave likelihood of: cpd00274_c is 0.19374295250945486...
Loop79 pFBA...6631.0...Ave likelihood of: cpd00226_c is 0.37943525692891433...
Loop80 pFBA...4798.0...Ave likelihood of: cpd00246_c is 0.3217317819500469...
Loop81 pFBA...20897.0...Ave likelihood of: cpd00374_c is 0.21051520531956652...
Loop82 pFBA...5089.0...Ave likelihood of: cpd00221_c is 0.33883508773574017...
Loop83 pFBA...4350.0...Ave likelihood of: cpd00159_c is 0.37255034283881394...
Loop84 pFBA...10498.0...Ave likelihood of: cpd00211_c is 0.2147778809493295...
Loop85 pFBA...3765.0...Ave likelihood of: cpd00047_c is 0.21930125277688026...
Loop86 pFBA...5001.0...Ave likelihood of: cpd00106_c is 0.18994210818921153...
Loop87 pFBA...7720.0...Ave likelihood of: cpd00141_c is 0.32556710964233815...
Loop88 pFBA...20293.0...Ave likelihood of: cpd00216_c is 0.22539145829654883...
Loop89 pFBA...4802.0...Ave likelihood of: cpd00036_c is 0.22847417296239386...
Loop90 pFBA...16950.0...Ave likelihood of: cpd00581_c is 0.3261628399099127...
Loop91 pFBA...4748.0...Ave likelihood of: cpd00128_c is 0.34552308520863884...
Loop92 pFBA...5863.0...Ave likelihood of: cpd00018_c is 0.2797951037959083...
Loop93 pFBA...5863.0...Ave likelihood of: cpd00091_c is 0.2797951037959083...
Loop94 pFBA...3621.0...Ave likelihood of: cpd00092_c is 0.32133640509430095...
Loop95 pFBA...64050.0...Ave likelihood of: cpd00305_c is 0.12196271262522405...
Loop96 pFBA...14073.0...Ave likelihood of: cpd00220_c is 0.18180360230978432...
Loop97 pFBA...14734.0...Ave likelihood of: cpd00218_c is 0.2011285224141502...
Loop98 pFBA...15090.0...Ave likelihood of: cpd00215_c is 0.26598430306303733...
Loop99 pFBA...28707.0...Ave likelihood of: cpd00104_c is 0.17021653027637557...
Loop100 pFBA...35917.0...Ave likelihood of: cpd00393_c is 0.17226184485999688...
Loop101 pFBA...6480.0...Ave likelihood of: cpd00363_c is 0.3816006159352218...
Loop102 pFBA...8588.0...Ave likelihood of: cpd00281_c is 0.20165401274801345...
Loop103 pFBA...4222.0...Ave likelihood of: cpd00025_c is 0.36115287629654125...
Loop104 pFBA...20505.0...Ave likelihood of: cpd00811_c is 0.2517007295932284...
Loop105 pFBA...6541.0...Ave likelihood of: cpd00714_c is 0.4017568589824188...
Loop106 pFBA...5567.0...Ave likelihood of: cpd00117_c is 0.47169476696141577...
Loop107 pFBA...6840.0...Ave likelihood of: cpd00186_c is 0.35998359107344974...
Loop108 pFBA...21535.0...Ave likelihood of: cpd00637_c is 0.2555025877963478...
Loop109 pFBA...6458.0...Ave likelihood of: cpd00550_c is 0.30257507108844683...
Loop110 pFBA...4052.0...Ave likelihood of: cpd00033_c is 0.22839358416864522...
Loop111 pFBA...5445.0...Ave likelihood of: cpd00035_c is 0.47169476696141577...
Loop112 pFBA...18220.0...Ave likelihood of: cpd00051_c is 0.2719471020603971...
Loop113 pFBA...7914.0...Ave likelihood of: cpd00132_c is 0.24994652229178366...
Loop114 pFBA...5181.0...Ave likelihood of: cpd00041_c is 0.22318878987246923...
Loop115 pFBA...13746.0...Ave likelihood of: cpd00084_c is 0.23008932421584763...
Loop116 pFBA...6592.0...Ave likelihood of: cpd00023_c is 0.2816286090805765...
Loop117 pFBA...9083.0...Ave likelihood of: cpd00053_c is 0.31078812777998904...
Loop118 pFBA...16383.0...Ave likelihood of: cpd00119_c is 0.3301242230554318...
Loop119 pFBA...16740.0...Ave likelihood of: cpd00322_c is 0.24214608302576543...
Loop120 pFBA...14211.0...Ave likelihood of: cpd00107_c is 0.26404711733099084...
Loop121 pFBA...17714.0...Ave likelihood of: cpd00039_c is 0.2849276931330527...
Loop122 pFBA...20535.0...Ave likelihood of: cpd00060_c is 0.2555025877963478...
Loop123 pFBA...20972.0...Ave likelihood of: cpd00066_c is 0.2259408472232106...
Loop124 pFBA...10264.0...Ave likelihood of: cpd00129_c is 0.20323313264498696...
Loop125 pFBA...5458.0...Ave likelihood of: cpd00054_c is 0.30887871840278947...
Loop126 pFBA...7487.0...Ave likelihood of: cpd00161_c is 0.3699919188121897...
Loop127 pFBA...27281.0...Ave likelihood of: cpd00065_c is 0.2494480256508933...
Loop128 pFBA...18494.0...Ave likelihood of: cpd00069_c is 0.19649866182540274...
Loop129 pFBA...7658.0...Ave likelihood of: cpd00156_c is 0.33492034486222527...
Loop130 pFBA...24100.0...Ave likelihood of: cpd00098_c is 0.24205367547827225...
Loop131 pFBA...14176.0...Ave likelihood of: cpd00274_c is 0.19374295250945486...
Loop132 pFBA...6631.0...Ave likelihood of: cpd00226_c is 0.37943525692891433...
Loop133 pFBA...4645.0...Ave likelihood of: cpd00246_c is 0.2670017259834336...
Loop134 pFBA...20449.0...Ave likelihood of: cpd00374_c is 0.21926961653766933...
Loop135 pFBA...4977.0...Ave likelihood of: cpd00221_c is 0.18887159818003857...
Loop136 pFBA...4334.0...Ave likelihood of: cpd00159_c is 0.4069744899517528...
Loop137 pFBA...10477.0...Ave likelihood of: cpd00211_c is 0.3154844375758117...
Loop138 pFBA...3765.0...Ave likelihood of: cpd00047_c is 0.21930125277688026...
Loop139 pFBA...5001.0...Ave likelihood of: cpd00106_c is 0.18994210818921153...
Loop140 pFBA...7670.0...Ave likelihood of: cpd00141_c is 0.37246847997077503...
Loop141 pFBA...19676.0...Ave likelihood of: cpd00216_c is 0.23017399066387997...
Loop142 pFBA...4802.0...Ave likelihood of: cpd00036_c is 0.22847417296239386...
Loop143 pFBA...16950.0...Ave likelihood of: cpd00581_c is 0.3261628399099127...
Loop144 pFBA...4748.0...Ave likelihood of: cpd00128_c is 0.34552308520863884...
Loop145 pFBA...5863.0...Ave likelihood of: cpd00018_c is 0.2797951037959083...
Loop146 pFBA...5863.0...Ave likelihood of: cpd00091_c is 0.2797951037959083...
Loop147 pFBA...3621.0...Ave likelihood of: cpd00092_c is 0.32133640509430095...
Loop148 pFBA...64050.0...Ave likelihood of: cpd00305_c is 0.12196271262522405...
Loop149 pFBA...13977.0...Ave likelihood of: cpd00220_c is 0.27580740977876284...
Loop150 pFBA...14673.0...Ave likelihood of: cpd00218_c is 0.1439318465884625...
Loop151 pFBA...14766.0...Ave likelihood of: cpd00215_c is 0.24637765514357793...
Loop152 pFBA...28699.0...Ave likelihood of: cpd00104_c is 0.19238538088428594...
Loop153 pFBA...35908.0...Ave likelihood of: cpd00393_c is 0.15308858123847102...
Loop154 pFBA...6146.0...Ave likelihood of: cpd00363_c is 0.43101019525901585...
Loop155 pFBA...8588.0...Ave likelihood of: cpd00281_c is 0.20165401274801345...
Loop156 pFBA...4145.0...Ave likelihood of: cpd00025_c is 0.30674024030632807...
Loop157 pFBA...19985.0...Ave likelihood of: cpd00811_c is 0.2718231446803653...
Loop158 pFBA...6195.0...Ave likelihood of: cpd00714_c is 0.29051279695714133...
32.252591149mins to complete!
