
The following have been reloaded with a version change:
  1) anaconda2/4.4.0 => anaconda2/5.1.0

Loading in models...Adding Water...Remove no-like rxns...Pruned 1 metabolites from model
Pruned 1 reactions from model
Set-up Universal...64.0seconds to complete

Loop0 pFBA...5559.0...Ave likelihood of: cpd00117_c is 0.4732287925689126...
Loop1 pFBA...6814.0...Ave likelihood of: cpd00186_c is 0.3642626234384776...
Loop2 pFBA...21201.0...Ave likelihood of: cpd00637_c is 0.27151006623369967...
Loop3 pFBA...6410.0...Ave likelihood of: cpd00550_c is 0.32971105884847585...
Loop4 pFBA...4045.0...Ave likelihood of: cpd00033_c is 0.25587218119368027...
Loop5 pFBA...5438.0...Ave likelihood of: cpd00035_c is 0.4732287925689126...
Loop6 pFBA...18097.0...Ave likelihood of: cpd00051_c is 0.3168845181805816...
Loop7 pFBA...7755.0...Ave likelihood of: cpd00132_c is 0.17667969417414248...
Loop8 pFBA...5145.0...Ave likelihood of: cpd00041_c is 0.24169819883780827...
Loop9 pFBA...13587.0...Ave likelihood of: cpd00084_c is 0.30677805448069617...
Loop10 pFBA...6567.0...Ave likelihood of: cpd00023_c is 0.2866612223175686...
Loop11 pFBA...8943.0...Ave likelihood of: cpd00053_c is 0.2625449214145902...
Loop12 pFBA...16339.0...Ave likelihood of: cpd00119_c is 0.3326375502780997...
Loop13 pFBA...16466.0...Ave likelihood of: cpd00322_c is 0.20100104373302552...
Loop14 pFBA...13922.0...Ave likelihood of: cpd00107_c is 0.30268838304960055...
Loop15 pFBA...17568.0...Ave likelihood of: cpd00039_c is 0.3495221076264568...
Loop16 pFBA...20201.0...Ave likelihood of: cpd00060_c is 0.27494690251513887...
Loop17 pFBA...20602.0...Ave likelihood of: cpd00066_c is 0.24590503750615966...
Loop18 pFBA...10236.0...Ave likelihood of: cpd00129_c is 0.20581292409267957...
Loop19 pFBA...5410.0...Ave likelihood of: cpd00054_c is 0.33617598157099504...
Loop20 pFBA...7319.0...Ave likelihood of: cpd00161_c is 0.40981584682886735...
Loop21 pFBA...27255.0...Ave likelihood of: cpd00065_c is 0.25020723778032733...
Loop22 pFBA...18303.0...Ave likelihood of: cpd00069_c is 0.22226105336292912...
Loop23 pFBA...7553.0...Ave likelihood of: cpd00156_c is 0.29444031937245335...
Loop24 pFBA...23539.0...Ave likelihood of: cpd00098_c is 0.2910559242521544...
Loop25 pFBA...13777.0...Ave likelihood of: cpd00274_c is 0.3334355213537765...
Loop26 pFBA...6703.0...Ave likelihood of: cpd00226_c is 0.32924953064582924...
Loop27 pFBA...4462.0...Ave likelihood of: cpd00246_c is 0.43734479898086837...
Loop28 pFBA...20055.0...Ave likelihood of: cpd00374_c is 0.22560350331860815...
Loop29 pFBA...4752.0...Ave likelihood of: cpd00221_c is 0.42435944838480566...
Loop30 pFBA...4281.0...Ave likelihood of: cpd00159_c is 0.4219084685288669...
Loop31 pFBA...10205.0...Ave likelihood of: cpd00211_c is 0.38112742200094796...
Loop32 pFBA...3761.0...Ave likelihood of: cpd00047_c is 0.2595301957679368...
Loop33 pFBA...4991.0...Ave likelihood of: cpd00106_c is 0.20498369016749057...
Loop34 pFBA...7507.0...Ave likelihood of: cpd00141_c is 0.43435159238600496...
Loop35 pFBA...19146.0...Ave likelihood of: cpd00216_c is 0.24531244072012745...
Loop36 pFBA...4790.0...Ave likelihood of: cpd00036_c is 0.2312115310968648...
Loop37 pFBA...16903.0...Ave likelihood of: cpd00581_c is 0.32811784674356437...
Loop38 pFBA...4763.0...Ave likelihood of: cpd00128_c is 0.22152145904180282...
Loop39 pFBA...5861.0...Ave likelihood of: cpd00018_c is 0.27986770671209166...
Loop40 pFBA...5861.0...Ave likelihood of: cpd00091_c is 0.27986770671209166...
Loop41 pFBA...3614.0...Ave likelihood of: cpd00092_c is 0.3655059331968725...
Loop42 pFBA...63892.0...Ave likelihood of: cpd00305_c is 0.16112930484800764...
Loop43 pFBA...13728.0...Ave likelihood of: cpd00220_c is 0.28168540401249703...
Loop44 pFBA...14405.0...Ave likelihood of: cpd00218_c is 0.22024779318582344...
Loop45 pFBA...14584.0...Ave likelihood of: cpd00215_c is 0.29778233500648144...
Loop46 pFBA...28359.0...Ave likelihood of: cpd00104_c is 0.21187263481746638...
Loop47 pFBA...35235.0...Ave likelihood of: cpd00393_c is 0.18534335213939238...
Loop48 pFBA...5812.0...Ave likelihood of: cpd00363_c is 0.5596232713629434...
Loop49 pFBA...8563.0...Ave likelihood of: cpd00281_c is 0.2053251196653852...
Loop50 pFBA...4024.0...Ave likelihood of: cpd00025_c is 0.28957733903188604...
Loop51 pFBA...19513.0...Ave likelihood of: cpd00811_c is 0.26704211195351174...
Loop52 pFBA...5477.0...Ave likelihood of: cpd00714_c is 0.3649901120516525...
Loop53 pFBA...5559.0...Ave likelihood of: cpd00117_c is 0.4732287925689126...
Loop54 pFBA...6814.0...Ave likelihood of: cpd00186_c is 0.3642626234384776...
Loop55 pFBA...21447.0...Ave likelihood of: cpd00637_c is 0.2579167177188788...
Loop56 pFBA...6493.0...Ave likelihood of: cpd00550_c is 0.32115353265977586...
Loop57 pFBA...4045.0...Ave likelihood of: cpd00033_c is 0.25587218119368027...
Loop58 pFBA...5438.0...Ave likelihood of: cpd00035_c is 0.4732287925689126...
Loop59 pFBA...18300.0...Ave likelihood of: cpd00051_c is 0.2890377193159295...
Loop60 pFBA...7755.0...Ave likelihood of: cpd00132_c is 0.17667969417414248...
Loop61 pFBA...5145.0...Ave likelihood of: cpd00041_c is 0.24169819883780827...
Loop62 pFBA...13721.0...Ave likelihood of: cpd00084_c is 0.2997035899013612...
Loop63 pFBA...6567.0...Ave likelihood of: cpd00023_c is 0.2866612223175686...
Loop64 pFBA...8943.0...Ave likelihood of: cpd00053_c is 0.27050082812412324...
Loop65 pFBA...16339.0...Ave likelihood of: cpd00119_c is 0.3326375502780997...
Loop66 pFBA...16466.0...Ave likelihood of: cpd00322_c is 0.20100104373302552...
Loop67 pFBA...13922.0...Ave likelihood of: cpd00107_c is 0.30268838304960055...
Loop68 pFBA...17753.0...Ave likelihood of: cpd00039_c is 0.26835950986254015...
Loop69 pFBA...20447.0...Ave likelihood of: cpd00060_c is 0.26144982344105516...
Loop70 pFBA...21465.0...Ave likelihood of: cpd00066_c is 0.23631604877422208...
Loop71 pFBA...10236.0...Ave likelihood of: cpd00129_c is 0.20581292409267957...
Loop72 pFBA...5493.0...Ave likelihood of: cpd00054_c is 0.33151332403589767...
Loop73 pFBA...7620.0...Ave likelihood of: cpd00161_c is 0.38356115106470273...
Loop74 pFBA...27255.0...Ave likelihood of: cpd00065_c is 0.25020723778032733...
Loop75 pFBA...18830.0...Ave likelihood of: cpd00069_c is 0.2474064334765114...
Loop76 pFBA...7553.0...Ave likelihood of: cpd00156_c is 0.29444031937245335...
Loop77 pFBA...24423.0...Ave likelihood of: cpd00098_c is 0.27369080991794253...
Loop78 pFBA...13790.0...Ave likelihood of: cpd00274_c is 0.26839067255081134...
Loop79 pFBA...6703.0...Ave likelihood of: cpd00226_c is 0.32924953064582924...
Loop80 pFBA...4764.0...Ave likelihood of: cpd00246_c is 0.3200953834806643...
Loop81 pFBA...20796.0...Ave likelihood of: cpd00374_c is 0.2170732728831084...
Loop82 pFBA...5086.0...Ave likelihood of: cpd00221_c is 0.3545621349200583...
Loop83 pFBA...4345.0...Ave likelihood of: cpd00159_c is 0.3803893212934192...
Loop84 pFBA...10275.0...Ave likelihood of: cpd00211_c is 0.2517941314518952...
Loop85 pFBA...3761.0...Ave likelihood of: cpd00047_c is 0.22077318658201447...
Loop86 pFBA...4991.0...Ave likelihood of: cpd00106_c is 0.20498369016749057...
Loop87 pFBA...7672.0...Ave likelihood of: cpd00141_c is 0.34919564849862866...
Loop88 pFBA...20303.0...Ave likelihood of: cpd00216_c is 0.23861539710371063...
Loop89 pFBA...4790.0...Ave likelihood of: cpd00036_c is 0.2312115310968648...
Loop90 pFBA...16903.0...Ave likelihood of: cpd00581_c is 0.32811784674356437...
Loop91 pFBA...4763.0...Ave likelihood of: cpd00128_c is 0.22152145904180282...
Loop92 pFBA...5861.0...Ave likelihood of: cpd00018_c is 0.27986770671209166...
Loop93 pFBA...5861.0...Ave likelihood of: cpd00091_c is 0.27986770671209166...
Loop94 pFBA...3623.0...Ave likelihood of: cpd00092_c is 0.32078144126687386...
Loop95 pFBA...64034.0...Ave likelihood of: cpd00305_c is 0.138063917729244...
Loop96 pFBA...14246.0...Ave likelihood of: cpd00220_c is 0.15158834883578973...
Loop97 pFBA...14607.0...Ave likelihood of: cpd00218_c is 0.21486537789693372...
Loop98 pFBA...15116.0...Ave likelihood of: cpd00215_c is 0.27553051207568335...
Loop99 pFBA...28368.0...Ave likelihood of: cpd00104_c is 0.18210588414809872...
Loop100 pFBA...35245.0...Ave likelihood of: cpd00393_c is 0.18394305727495244...
Loop101 pFBA...6525.0...Ave likelihood of: cpd00363_c is 0.5047814720643131...
Loop102 pFBA...8563.0...Ave likelihood of: cpd00281_c is 0.2053251196653852...
Loop103 pFBA...4204.0...Ave likelihood of: cpd00025_c is 0.3760439780334012...
Loop104 pFBA...20362.0...Ave likelihood of: cpd00811_c is 0.26753360937738957...
Loop105 pFBA...6405.0...Ave likelihood of: cpd00714_c is 0.4146879701743007...
Loop106 pFBA...5559.0...Ave likelihood of: cpd00117_c is 0.4732287925689126...
Loop107 pFBA...6814.0...Ave likelihood of: cpd00186_c is 0.3642626234384776...
Loop108 pFBA...21370.0...Ave likelihood of: cpd00637_c is 0.2608549813934946...
Loop109 pFBA...6444.0...Ave likelihood of: cpd00550_c is 0.2861675488835077...
Loop110 pFBA...4045.0...Ave likelihood of: cpd00033_c is 0.25587218119368027...
Loop111 pFBA...5438.0...Ave likelihood of: cpd00035_c is 0.4732287925689126...
Loop112 pFBA...18195.0...Ave likelihood of: cpd00051_c is 0.2817553048175374...
Loop113 pFBA...7755.0...Ave likelihood of: cpd00132_c is 0.17667969417414248...
Loop114 pFBA...5145.0...Ave likelihood of: cpd00041_c is 0.24169819883780827...
Loop115 pFBA...13701.0...Ave likelihood of: cpd00084_c is 0.26046181929172063...
Loop116 pFBA...6567.0...Ave likelihood of: cpd00023_c is 0.2866612223175686...
Loop117 pFBA...8943.0...Ave likelihood of: cpd00053_c is 0.2625449214145902...
Loop118 pFBA...16339.0...Ave likelihood of: cpd00119_c is 0.3326375502780997...
Loop119 pFBA...16466.0...Ave likelihood of: cpd00322_c is 0.20100104373302552...
Loop120 pFBA...13922.0...Ave likelihood of: cpd00107_c is 0.30268838304960055...
Loop121 pFBA...17627.0...Ave likelihood of: cpd00039_c is 0.30703719865966767...
Loop122 pFBA...20370.0...Ave likelihood of: cpd00060_c is 0.26438004870962295...
Loop123 pFBA...20983.0...Ave likelihood of: cpd00066_c is 0.26325071171944986...
Loop124 pFBA...10236.0...Ave likelihood of: cpd00129_c is 0.20581292409267957...
Loop125 pFBA...5444.0...Ave likelihood of: cpd00054_c is 0.29189089986117783...
Loop126 pFBA...7497.0...Ave likelihood of: cpd00161_c is 0.3814855460663529...
Loop127 pFBA...27255.0...Ave likelihood of: cpd00065_c is 0.25020723778032733...
Loop128 pFBA...18486.0...Ave likelihood of: cpd00069_c is 0.20523271857007672...
Loop129 pFBA...7553.0...Ave likelihood of: cpd00156_c is 0.29444031937245335...
Loop130 pFBA...24060.0...Ave likelihood of: cpd00098_c is 0.2357333334333443...
Loop131 pFBA...13782.0...Ave likelihood of: cpd00274_c is 0.30508185359908957...
Loop132 pFBA...6703.0...Ave likelihood of: cpd00226_c is 0.32924953064582924...
Loop133 pFBA...4646.0...Ave likelihood of: cpd00246_c is 0.22189167181390443...
Loop134 pFBA...20439.0...Ave likelihood of: cpd00374_c is 0.20573143971426858...
Loop135 pFBA...4978.0...Ave likelihood of: cpd00221_c is 0.18888588886621008...
Loop136 pFBA...4332.0...Ave likelihood of: cpd00159_c is 0.40812514851338816...
Loop137 pFBA...10275.0...Ave likelihood of: cpd00211_c is 0.2517941314518952...
Loop138 pFBA...3761.0...Ave likelihood of: cpd00047_c is 0.22077318658201447...
Loop139 pFBA...4991.0...Ave likelihood of: cpd00106_c is 0.20498369016749057...
Loop140 pFBA...7608.0...Ave likelihood of: cpd00141_c is 0.3919438537613821...
Loop141 pFBA...19589.0...Ave likelihood of: cpd00216_c is 0.24028435834919276...
Loop142 pFBA...4790.0...Ave likelihood of: cpd00036_c is 0.2312115310968648...
Loop143 pFBA...16903.0...Ave likelihood of: cpd00581_c is 0.32811784674356437...
Loop144 pFBA...4763.0...Ave likelihood of: cpd00128_c is 0.22152145904180282...
Loop145 pFBA...5861.0...Ave likelihood of: cpd00018_c is 0.27986770671209166...
Loop146 pFBA...5861.0...Ave likelihood of: cpd00091_c is 0.27986770671209166...
Loop147 pFBA...3623.0...Ave likelihood of: cpd00092_c is 0.32078144126687386...
Loop148 pFBA...64030.0...Ave likelihood of: cpd00305_c is 0.15551080544848217...
Loop149 pFBA...14071.0...Ave likelihood of: cpd00220_c is 0.25921988430325305...
Loop150 pFBA...14565.0...Ave likelihood of: cpd00218_c is 0.1584450622099097...
Loop151 pFBA...14818.0...Ave likelihood of: cpd00215_c is 0.22141480779749165...
Loop152 pFBA...28368.0...Ave likelihood of: cpd00104_c is 0.1781896285750213...
Loop153 pFBA...35236.0...Ave likelihood of: cpd00393_c is 0.1671551137442721...
Loop154 pFBA...6195.0...Ave likelihood of: cpd00363_c is 0.4296761819216409...
Loop155 pFBA...8563.0...Ave likelihood of: cpd00281_c is 0.2053251196653852...
Loop156 pFBA...4144.0...Ave likelihood of: cpd00025_c is 0.3182292694312721...
Loop157 pFBA...19907.0...Ave likelihood of: cpd00811_c is 0.3022206974405666...
Loop158 pFBA...6158.0...Ave likelihood of: cpd00714_c is 0.29433487084205207...
33.0382039666mins to complete!
