
The following have been reloaded with a version change:
  1) anaconda2/4.4.0 => anaconda2/5.1.0

Loading in models...Adding Water...Remove no-like rxns...Pruned 1 metabolites from model
Pruned 1 reactions from model
Set-up Universal...63.0seconds to complete

Loop0 pFBA...5547.0...Ave likelihood of: cpd00117_c is 0.2803488563902683...
Loop1 pFBA...7588.0...Ave likelihood of: cpd00186_c is 0.23536959263116689...
Loop2 pFBA...22471.0...Ave likelihood of: cpd00637_c is 0.19766314928457615...
Loop3 pFBA...6477.0...Ave likelihood of: cpd00550_c is 0.2923515773183674...
Loop4 pFBA...4241.0...Ave likelihood of: cpd00033_c is 0.20620408791121986...
Loop5 pFBA...5420.0...Ave likelihood of: cpd00035_c is 0.2803488563902683...
Loop6 pFBA...18717.0...Ave likelihood of: cpd00051_c is 0.21515819235016706...
Loop7 pFBA...8284.0...Ave likelihood of: cpd00132_c is 0.16853564732279505...
Loop8 pFBA...5636.0...Ave likelihood of: cpd00041_c is 0.10397810638977496...
Loop9 pFBA...13698.0...Ave likelihood of: cpd00084_c is 0.20858789219405027...
Loop10 pFBA...7357.0...Ave likelihood of: cpd00023_c is 0.1286390648937084...
Loop11 pFBA...9941.0...Ave likelihood of: cpd00053_c is 0.14135076070896874...
Loop12 pFBA...22147.0...Ave likelihood of: cpd00119_c is 0.10843128669233534...
Loop13 pFBA...17608.0...Ave likelihood of: cpd00322_c is 0.24828332405426057...
Loop14 pFBA...14810.0...Ave likelihood of: cpd00107_c is 0.24602995205150044...
Loop15 pFBA...17052.0...Ave likelihood of: cpd00039_c is 0.3108159146053697...
Loop16 pFBA...21471.0...Ave likelihood of: cpd00060_c is 0.19978855949193716...
Loop17 pFBA...21237.0...Ave likelihood of: cpd00066_c is 0.21962723433125175...
Loop18 pFBA...11357.0...Ave likelihood of: cpd00129_c is 0.06430375693457399...
Loop19 pFBA...5477.0...Ave likelihood of: cpd00054_c is 0.3085933316138323...
Loop20 pFBA...7758.0...Ave likelihood of: cpd00161_c is 0.29934758248362525...
Loop21 pFBA...29607.0...Ave likelihood of: cpd00065_c is 0.12297159389027322...
Loop22 pFBA...19028.0...Ave likelihood of: cpd00069_c is 0.22192964224053674...
Loop23 pFBA...8576.0...Ave likelihood of: cpd00156_c is 0.24264680540883604...
Loop24 pFBA...24292.0...Ave likelihood of: cpd00098_c is 0.19793002702176643...
Loop25 pFBA...15483.0...Ave likelihood of: cpd00274_c is 0.2557764450684933...
Loop26 pFBA...6656.0...Ave likelihood of: cpd00226_c is 0.2972416781957272...
Loop27 pFBA...4647.0...Ave likelihood of: cpd00246_c is 0.23521956030810962...
Loop28 pFBA...20937.0...Ave likelihood of: cpd00374_c is 0.22488826713623858...
Loop29 pFBA...4281.0...Ave likelihood of: cpd00221_c is 0.3228558558420328...
Loop30 pFBA...4130.0...Ave likelihood of: cpd00159_c is 0.37529517955230174...
Loop31 pFBA...10348.0...Ave likelihood of: cpd00211_c is 0.2971438874262421...
Loop32 pFBA...4040.0...Ave likelihood of: cpd00047_c is 0.3189293020764414...
Loop33 pFBA...5280.0...Ave likelihood of: cpd00106_c is 0.08835884410820621...
Loop34 pFBA...7789.0...Ave likelihood of: cpd00141_c is 0.30494265831230055...
Loop35 pFBA...20278.0...Ave likelihood of: cpd00216_c is 0.17704365451623502...
Loop36 pFBA...5015.0...Ave likelihood of: cpd00036_c is 0.08240889652668808...
Loop37 pFBA...22765.0...Ave likelihood of: cpd00581_c is 0.12391891383668614...
Loop38 pFBA...4900.0...Ave likelihood of: cpd00128_c is 0.14204669693301053...
Loop39 pFBA...6077.0...Ave likelihood of: cpd00018_c is 0.3015317233413387...
Loop40 pFBA...5417.0...Ave likelihood of: cpd00091_c is 0.34553882181061285...
Loop41 pFBA...3938.0...Ave likelihood of: cpd00092_c is 0.19059610545057168...
Loop42 pFBA...63053.0...Ave likelihood of: cpd00305_c is 0.1626592943736795...
Loop43 pFBA...12382.0...Ave likelihood of: cpd00220_c is 0.1988406203369272...
Loop44 pFBA...14703.0...Ave likelihood of: cpd00218_c is 0.14231542758758173...
Loop45 pFBA...14595.0...Ave likelihood of: cpd00215_c is 0.217970260512268...
Loop46 pFBA...28956.0...Ave likelihood of: cpd00104_c is 0.1441847544305217...
Loop47 pFBA...36589.0...Ave likelihood of: cpd00393_c is 0.17715541863881937...
Loop48 pFBA...6285.0...Ave likelihood of: cpd00363_c is 0.4021183395674797...
Loop49 pFBA...9357.0...Ave likelihood of: cpd00281_c is 0.09188504635264887...
Loop50 pFBA...4169.0...Ave likelihood of: cpd00025_c is 0.23546785707780213...
Loop51 pFBA...20337.0...Ave likelihood of: cpd00811_c is 0.218171589149522...
Loop52 pFBA...5547.0...Ave likelihood of: cpd00117_c is 0.2803488563902683...
Loop53 pFBA...7588.0...Ave likelihood of: cpd00186_c is 0.23536959263116689...
Loop54 pFBA...22565.0...Ave likelihood of: cpd00637_c is 0.17959610250713376...
Loop55 pFBA...6536.0...Ave likelihood of: cpd00550_c is 0.3001983344202074...
Loop56 pFBA...4241.0...Ave likelihood of: cpd00033_c is 0.20620408791121986...
Loop57 pFBA...5420.0...Ave likelihood of: cpd00035_c is 0.2803488563902683...
Loop58 pFBA...18936.0...Ave likelihood of: cpd00051_c is 0.22355128870328975...
Loop59 pFBA...8284.0...Ave likelihood of: cpd00132_c is 0.16853564732279505...
Loop60 pFBA...5636.0...Ave likelihood of: cpd00041_c is 0.10026460259014014...
Loop61 pFBA...13951.0...Ave likelihood of: cpd00084_c is 0.2128200323201316...
Loop62 pFBA...7357.0...Ave likelihood of: cpd00023_c is 0.1286390648937084...
Loop63 pFBA...9941.0...Ave likelihood of: cpd00053_c is 0.14135076070896874...
Loop64 pFBA...22147.0...Ave likelihood of: cpd00119_c is 0.10843128669233534...
Loop65 pFBA...17677.0...Ave likelihood of: cpd00322_c is 0.1967066663661701...
Loop66 pFBA...14810.0...Ave likelihood of: cpd00107_c is 0.24602995205150044...
Loop67 pFBA...17163.0...Ave likelihood of: cpd00039_c is 0.3223936833865691...
Loop68 pFBA...21565.0...Ave likelihood of: cpd00060_c is 0.18173415134650436...
Loop69 pFBA...21817.0...Ave likelihood of: cpd00066_c is 0.17289737128382562...
Loop70 pFBA...11357.0...Ave likelihood of: cpd00129_c is 0.06430375693457399...
Loop71 pFBA...5536.0...Ave likelihood of: cpd00054_c is 0.32329051399099257...
Loop72 pFBA...7850.0...Ave likelihood of: cpd00161_c is 0.23456360032331605...
Loop73 pFBA...29607.0...Ave likelihood of: cpd00065_c is 0.12297159389027322...
Loop74 pFBA...19443.0...Ave likelihood of: cpd00069_c is 0.20979297011845033...
Loop75 pFBA...8576.0...Ave likelihood of: cpd00156_c is 0.24264680540883604...
Loop76 pFBA...24644.0...Ave likelihood of: cpd00098_c is 0.12762276871165532...
Loop77 pFBA...15744.0...Ave likelihood of: cpd00274_c is 0.25302371177972705...
Loop78 pFBA...6656.0...Ave likelihood of: cpd00226_c is 0.2972416781957272...
Loop79 pFBA...4933.0...Ave likelihood of: cpd00246_c is 0.21864598371952143...
Loop80 pFBA...21663.0...Ave likelihood of: cpd00374_c is 0.2108113580441065...
Loop81 pFBA...4486.0...Ave likelihood of: cpd00221_c is 0.2850580024280791...
Loop82 pFBA...4299.0...Ave likelihood of: cpd00159_c is 0.3621070693524107...
Loop83 pFBA...10457.0...Ave likelihood of: cpd00211_c is 0.18300539427398646...
Loop84 pFBA...4186.0...Ave likelihood of: cpd00047_c is 0.19342017833459949...
Loop85 pFBA...5280.0...Ave likelihood of: cpd00106_c is 0.08835884410820621...
Loop86 pFBA...7933.0...Ave likelihood of: cpd00141_c is 0.18502002655234803...
Loop87 pFBA...20677.0...Ave likelihood of: cpd00216_c is 0.21307374239727636...
Loop88 pFBA...5015.0...Ave likelihood of: cpd00036_c is 0.08240889652668808...
Loop89 pFBA...22765.0...Ave likelihood of: cpd00581_c is 0.12391891383668614...
Loop90 pFBA...4900.0...Ave likelihood of: cpd00128_c is 0.14204669693301053...
Loop91 pFBA...6077.0...Ave likelihood of: cpd00018_c is 0.3015317233413387...
Loop92 pFBA...5417.0...Ave likelihood of: cpd00091_c is 0.34553882181061285...
Loop93 pFBA...3938.0...Ave likelihood of: cpd00092_c is 0.19059610545057168...
Loop94 pFBA...63057.0...Ave likelihood of: cpd00305_c is 0.16707438247979417...
Loop95 pFBA...12382.0...Ave likelihood of: cpd00220_c is 0.1988406203369272...
Loop96 pFBA...14703.0...Ave likelihood of: cpd00218_c is 0.14009174903152577...
Loop97 pFBA...15180.0...Ave likelihood of: cpd00215_c is 0.1920131099186664...
Loop98 pFBA...29026.0...Ave likelihood of: cpd00104_c is 0.1373383239217572...
Loop99 pFBA...36589.0...Ave likelihood of: cpd00393_c is 0.17715541863881937...
Loop100 pFBA...6677.0...Ave likelihood of: cpd00363_c is 0.3037860506266449...
Loop101 pFBA...9357.0...Ave likelihood of: cpd00281_c is 0.09188504635264887...
Loop102 pFBA...4285.0...Ave likelihood of: cpd00025_c is 0.29853932882196743...
Loop103 pFBA...21301.0...Ave likelihood of: cpd00811_c is 0.18500888116848185...
Loop104 pFBA...5547.0...Ave likelihood of: cpd00117_c is 0.2803488563902683...
Loop105 pFBA...7588.0...Ave likelihood of: cpd00186_c is 0.23536959263116689...
Loop106 pFBA...22407.0...Ave likelihood of: cpd00637_c is 0.19545847896965568...
Loop107 pFBA...6524.0...Ave likelihood of: cpd00550_c is 0.26464559559415396...
Loop108 pFBA...4241.0...Ave likelihood of: cpd00033_c is 0.20620408791121986...
Loop109 pFBA...5420.0...Ave likelihood of: cpd00035_c is 0.2803488563902683...
Loop110 pFBA...18734.0...Ave likelihood of: cpd00051_c is 0.21971777105534737...
Loop111 pFBA...8284.0...Ave likelihood of: cpd00132_c is 0.16853564732279505...
Loop112 pFBA...5636.0...Ave likelihood of: cpd00041_c is 0.10397810638977496...
Loop113 pFBA...13915.0...Ave likelihood of: cpd00084_c is 0.19850832098481344...
Loop114 pFBA...7357.0...Ave likelihood of: cpd00023_c is 0.1286390648937084...
Loop115 pFBA...9941.0...Ave likelihood of: cpd00053_c is 0.14135076070896874...
Loop116 pFBA...22147.0...Ave likelihood of: cpd00119_c is 0.10843128669233534...
Loop117 pFBA...17584.0...Ave likelihood of: cpd00322_c is 0.25026250077461537...
Loop118 pFBA...14810.0...Ave likelihood of: cpd00107_c is 0.24602995205150044...
Loop119 pFBA...17126.0...Ave likelihood of: cpd00039_c is 0.2765819318226404...
Loop120 pFBA...21407.0...Ave likelihood of: cpd00060_c is 0.19773125198093075...
Loop121 pFBA...21112.0...Ave likelihood of: cpd00066_c is 0.21426142438911452...
Loop122 pFBA...11357.0...Ave likelihood of: cpd00129_c is 0.07144861881619333...
Loop123 pFBA...5524.0...Ave likelihood of: cpd00054_c is 0.27976820105667705...
Loop124 pFBA...7770.0...Ave likelihood of: cpd00161_c is 0.2911811652325613...
Loop125 pFBA...29607.0...Ave likelihood of: cpd00065_c is 0.12297159389027322...
Loop126 pFBA...18914.0...Ave likelihood of: cpd00069_c is 0.21638225897309596...
Loop127 pFBA...8576.0...Ave likelihood of: cpd00156_c is 0.24264680540883604...
Loop128 pFBA...24180.0...Ave likelihood of: cpd00098_c is 0.1994868067703595...
Loop129 pFBA...15743.0...Ave likelihood of: cpd00274_c is 0.30388328495127365...
Loop130 pFBA...6656.0...Ave likelihood of: cpd00226_c is 0.2972416781957272...
Loop131 pFBA...4614.0...Ave likelihood of: cpd00246_c is 0.28039877104270206...
Loop132 pFBA...20810.0...Ave likelihood of: cpd00374_c is 0.2013570686147091...
Loop133 pFBA...4423.0...Ave likelihood of: cpd00221_c is 0.2930467956399477...
Loop134 pFBA...4255.0...Ave likelihood of: cpd00159_c is 0.30095773174221374...
Loop135 pFBA...10306.0...Ave likelihood of: cpd00211_c is 0.3093445951340516...
Loop136 pFBA...4151.0...Ave likelihood of: cpd00047_c is 0.35454921921094273...
Loop137 pFBA...5280.0...Ave likelihood of: cpd00106_c is 0.08835884410820621...
Loop138 pFBA...7933.0...Ave likelihood of: cpd00141_c is 0.2300057890830735...
Loop139 pFBA...20070.0...Ave likelihood of: cpd00216_c is 0.17596391588357427...
Loop140 pFBA...5015.0...Ave likelihood of: cpd00036_c is 0.08240889652668808...
Loop141 pFBA...22765.0...Ave likelihood of: cpd00581_c is 0.12391891383668614...
Loop142 pFBA...4900.0...Ave likelihood of: cpd00128_c is 0.14204669693301053...
Loop143 pFBA...6077.0...Ave likelihood of: cpd00018_c is 0.3015317233413387...
Loop144 pFBA...5417.0...Ave likelihood of: cpd00091_c is 0.34553882181061285...
Loop145 pFBA...3938.0...Ave likelihood of: cpd00092_c is 0.19059610545057168...
Loop146 pFBA...63047.0...Ave likelihood of: cpd00305_c is 0.16060543760019577...
Loop147 pFBA...12382.0...Ave likelihood of: cpd00220_c is 0.19299236679760584...
Loop148 pFBA...14703.0...Ave likelihood of: cpd00218_c is 0.14231542758758173...
Loop149 pFBA...14492.0...Ave likelihood of: cpd00215_c is 0.2246731268480858...
Loop150 pFBA...28995.0...Ave likelihood of: cpd00104_c is 0.164330510764675...
Loop151 pFBA...36589.0...Ave likelihood of: cpd00393_c is 0.17715541863881937...
Loop152 pFBA...6314.0...Ave likelihood of: cpd00363_c is 0.4215769254359025...
Loop153 pFBA...9357.0...Ave likelihood of: cpd00281_c is 0.09188504635264887...
Loop154 pFBA...4136.0...Ave likelihood of: cpd00025_c is 0.25560982282849315...
Loop155 pFBA...20193.0...Ave likelihood of: cpd00811_c is 0.22575641158215792...
32.6560273647mins to complete!
