
The following have been reloaded with a version change:
  1) anaconda2/4.4.0 => anaconda2/5.1.0

Loading in models...Adding Water...Remove no-like rxns...Pruned 1 metabolites from model
Pruned 1 reactions from model
Set-up Universal...62.0seconds to complete

Loop0 pFBA...6190.0...Ave likelihood of: cpd00117_c is 0.23093524143557137...
Loop1 pFBA...8232.0...Ave likelihood of: cpd00186_c is 0.12807930088551597...
Loop2 pFBA...22890.0...Ave likelihood of: cpd00637_c is 0.167370088964824...
Loop3 pFBA...7054.0...Ave likelihood of: cpd00550_c is 0.2691460156212553...
Loop4 pFBA...4747.0...Ave likelihood of: cpd00033_c is 0.17930991676084518...
Loop5 pFBA...6028.0...Ave likelihood of: cpd00035_c is 0.22407457331112846...
Loop6 pFBA...19352.0...Ave likelihood of: cpd00051_c is 0.2654901597102789...
Loop7 pFBA...8880.0...Ave likelihood of: cpd00132_c is 0.12868191527413514...
Loop8 pFBA...6002.0...Ave likelihood of: cpd00041_c is 0.05641967007875333...
Loop9 pFBA...14269.0...Ave likelihood of: cpd00084_c is 0.26107322351853196...
Loop10 pFBA...7999.0...Ave likelihood of: cpd00023_c is 0.00012146805188593685...
Loop11 pFBA...10583.0...Ave likelihood of: cpd00053_c is 0.12834252073107685...
Loop12 pFBA...22792.0...Ave likelihood of: cpd00119_c is 0.09011703114295178...
Loop13 pFBA...17961.0...Ave likelihood of: cpd00322_c is 0.24813241353211768...
Loop14 pFBA...14899.0...Ave likelihood of: cpd00107_c is 0.20022358304020346...
Loop15 pFBA...17712.0...Ave likelihood of: cpd00039_c is 0.3053758894709768...
Loop16 pFBA...21890.0...Ave likelihood of: cpd00060_c is 0.16911352739154095...
Loop17 pFBA...21370.0...Ave likelihood of: cpd00066_c is 0.2181050087612245...
Loop18 pFBA...12000.0...Ave likelihood of: cpd00129_c is 0.0...
Loop19 pFBA...6054.0...Ave likelihood of: cpd00054_c is 0.2746387914502605...
Loop20 pFBA...8319.0...Ave likelihood of: cpd00161_c is 0.3015951480076804...
Loop21 pFBA...29993.0...Ave likelihood of: cpd00065_c is 0.13629487327010167...
Loop22 pFBA...19139.0...Ave likelihood of: cpd00069_c is 0.2375999580899277...
Loop23 pFBA...8765.0...Ave likelihood of: cpd00156_c is 0.1642574967154538...
Loop24 pFBA...24898.0...Ave likelihood of: cpd00098_c is 0.17019757205323757...
Loop25 pFBA...16158.0...Ave likelihood of: cpd00274_c is 0.23268844138312686...
Loop26 pFBA...7078.0...Ave likelihood of: cpd00226_c is 0.27743447349228495...
Loop27 pFBA...5048.0...Ave likelihood of: cpd00246_c is 0.3055686562805848...
Loop28 pFBA...21146.0...Ave likelihood of: cpd00374_c is 0.18155038462797038...
Loop29 pFBA...4346.0...Ave likelihood of: cpd00221_c is 0.4338265430954601...
Loop30 pFBA...4223.0...Ave likelihood of: cpd00159_c is 0.3305244594765442...
Loop31 pFBA...10391.0...Ave likelihood of: cpd00211_c is 0.3002981906414159...
Loop32 pFBA...4066.0...Ave likelihood of: cpd00047_c is 0.33974371599209763...
Loop33 pFBA...5283.0...Ave likelihood of: cpd00106_c is 0.08806981240411586...
Loop34 pFBA...7953.0...Ave likelihood of: cpd00141_c is 0.372787922883894...
Loop35 pFBA...20467.0...Ave likelihood of: cpd00216_c is 0.20735473341077326...
Loop36 pFBA...5064.0...Ave likelihood of: cpd00036_c is 0.04858760847366136...
Loop37 pFBA...22793.0...Ave likelihood of: cpd00581_c is 0.09687102013103195...
Loop38 pFBA...4994.0...Ave likelihood of: cpd00128_c is 0.09113438612006781...
Loop39 pFBA...6200.0...Ave likelihood of: cpd00018_c is 0.11622922053763755...
Loop40 pFBA...5545.0...Ave likelihood of: cpd00091_c is 0.1432706553292446...
Loop41 pFBA...4057.0...Ave likelihood of: cpd00092_c is 0.24684521706812626...
Loop42 pFBA...63344.0...Ave likelihood of: cpd00305_c is 0.1642927526964571...
Loop43 pFBA...12636.0...Ave likelihood of: cpd00220_c is 0.18303463364267786...
Loop44 pFBA...14711.0...Ave likelihood of: cpd00218_c is 0.13867328927301972...
Loop45 pFBA...14624.0...Ave likelihood of: cpd00215_c is 0.21648527359156328...
Loop46 pFBA...29107.0...Ave likelihood of: cpd00104_c is 0.14606792053380122...
Loop47 pFBA...36592.0...Ave likelihood of: cpd00393_c is 0.1769654844912034...
Loop48 pFBA...6347.0...Ave likelihood of: cpd00363_c is 0.4168560255156878...
Loop49 pFBA...9999.0...Ave likelihood of: cpd00281_c is 8.676289420424061e-05...
Loop50 pFBA...4181.0...Ave likelihood of: cpd00025_c is 0.27836741265341924...
Loop51 pFBA...20940.0...Ave likelihood of: cpd00811_c is 0.20691760386170432...
Loop52 pFBA...6190.0...Ave likelihood of: cpd00117_c is 0.23093524143557137...
Loop53 pFBA...8232.0...Ave likelihood of: cpd00186_c is 0.12807930088551597...
Loop54 pFBA...22983.0...Ave likelihood of: cpd00637_c is 0.1617439617364209...
Loop55 pFBA...7171.0...Ave likelihood of: cpd00550_c is 0.1938659981047464...
Loop56 pFBA...4747.0...Ave likelihood of: cpd00033_c is 0.17930991676084518...
Loop57 pFBA...6028.0...Ave likelihood of: cpd00035_c is 0.22407457331112846...
Loop58 pFBA...19615.0...Ave likelihood of: cpd00051_c is 0.18999038336007398...
Loop59 pFBA...8880.0...Ave likelihood of: cpd00132_c is 0.12868191527413514...
Loop60 pFBA...6002.0...Ave likelihood of: cpd00041_c is 0.05641967007875333...
Loop61 pFBA...14398.0...Ave likelihood of: cpd00084_c is 0.2107681050219667...
Loop62 pFBA...7999.0...Ave likelihood of: cpd00023_c is 0.00012146805188593685...
Loop63 pFBA...10583.0...Ave likelihood of: cpd00053_c is 0.12834252073107685...
Loop64 pFBA...22792.0...Ave likelihood of: cpd00119_c is 0.09216514548710976...
Loop65 pFBA...18028.0...Ave likelihood of: cpd00322_c is 0.18422853026459898...
Loop66 pFBA...14899.0...Ave likelihood of: cpd00107_c is 0.20022358304020346...
Loop67 pFBA...17801.0...Ave likelihood of: cpd00039_c is 0.3105022289975045...
Loop68 pFBA...21983.0...Ave likelihood of: cpd00060_c is 0.1636468318744964...
Loop69 pFBA...21737.0...Ave likelihood of: cpd00066_c is 0.19078668499015017...
Loop70 pFBA...12000.0...Ave likelihood of: cpd00129_c is 0.0...
Loop71 pFBA...6171.0...Ave likelihood of: cpd00054_c is 0.20679039797839616...
Loop72 pFBA...8468.0...Ave likelihood of: cpd00161_c is 0.23999002387090157...
Loop73 pFBA...30006.0...Ave likelihood of: cpd00065_c is 0.10394939802855085...
Loop74 pFBA...19511.0...Ave likelihood of: cpd00069_c is 0.1875229306493061...
Loop75 pFBA...8765.0...Ave likelihood of: cpd00156_c is 0.1642574967154538...
Loop76 pFBA...25279.0...Ave likelihood of: cpd00098_c is 0.1177503679837439...
Loop77 pFBA...16387.0...Ave likelihood of: cpd00274_c is 0.23412189635272052...
Loop78 pFBA...7078.0...Ave likelihood of: cpd00226_c is 0.27743447349228495...
Loop79 pFBA...5147.0...Ave likelihood of: cpd00246_c is 0.1872216423079979...
Loop80 pFBA...21812.0...Ave likelihood of: cpd00374_c is 0.1904078988131416...
Loop81 pFBA...4746.0...Ave likelihood of: cpd00221_c is 0.27124997296237396...
Loop82 pFBA...4516.0...Ave likelihood of: cpd00159_c is 0.2781573129298427...
Loop83 pFBA...10592.0...Ave likelihood of: cpd00211_c is 0.1618402738920212...
Loop84 pFBA...4246.0...Ave likelihood of: cpd00047_c is 0.3808982115033624...
Loop85 pFBA...5283.0...Ave likelihood of: cpd00106_c is 0.08806981240411586...
Loop86 pFBA...8194.0...Ave likelihood of: cpd00141_c is 0.151208029330794...
Loop87 pFBA...20467.0...Ave likelihood of: cpd00216_c is 0.20735473341077326...
Loop88 pFBA...5064.0...Ave likelihood of: cpd00036_c is 0.04858760847366136...
Loop89 pFBA...22793.0...Ave likelihood of: cpd00581_c is 0.09686017476925643...
Loop90 pFBA...4994.0...Ave likelihood of: cpd00128_c is 0.09113438612006781...
Loop91 pFBA...6200.0...Ave likelihood of: cpd00018_c is 0.11622922053763755...
Loop92 pFBA...5545.0...Ave likelihood of: cpd00091_c is 0.14327065532924466...
Loop93 pFBA...4057.0...Ave likelihood of: cpd00092_c is 0.24684521706812626...
Loop94 pFBA...63487.0...Ave likelihood of: cpd00305_c is 0.16125928489983773...
Loop95 pFBA...12636.0...Ave likelihood of: cpd00220_c is 0.1722678904872262...
Loop96 pFBA...14711.0...Ave likelihood of: cpd00218_c is 0.13867328927301972...
Loop97 pFBA...15206.0...Ave likelihood of: cpd00215_c is 0.19542047817037325...
Loop98 pFBA...29204.0...Ave likelihood of: cpd00104_c is 0.13436165342847703...
Loop99 pFBA...36592.0...Ave likelihood of: cpd00393_c is 0.1769654844912034...
Loop100 pFBA...7188.0...Ave likelihood of: cpd00363_c is 0.35891170735014494...
Loop101 pFBA...9999.0...Ave likelihood of: cpd00281_c is 8.676289420424061e-05...
Loop102 pFBA...4363.0...Ave likelihood of: cpd00025_c is 0.33114282798429967...
Loop103 pFBA...21950.0...Ave likelihood of: cpd00811_c is 0.15087961236602881...
Loop104 pFBA...6190.0...Ave likelihood of: cpd00117_c is 0.23093524143557137...
Loop105 pFBA...8232.0...Ave likelihood of: cpd00186_c is 0.12807930088551597...
Loop106 pFBA...22881.0...Ave likelihood of: cpd00637_c is 0.17776020674612888...
Loop107 pFBA...7096.0...Ave likelihood of: cpd00550_c is 0.2731962742686078...
Loop108 pFBA...4747.0...Ave likelihood of: cpd00033_c is 0.17930991676084518...
Loop109 pFBA...6028.0...Ave likelihood of: cpd00035_c is 0.22407457331112846...
Loop110 pFBA...19295.0...Ave likelihood of: cpd00051_c is 0.24571810135949426...
Loop111 pFBA...8880.0...Ave likelihood of: cpd00132_c is 0.12868191527413514...
Loop112 pFBA...6002.0...Ave likelihood of: cpd00041_c is 0.05641967007875333...
Loop113 pFBA...14390.0...Ave likelihood of: cpd00084_c is 0.2415787752090282...
Loop114 pFBA...7999.0...Ave likelihood of: cpd00023_c is 0.00012146805188593685...
Loop115 pFBA...10583.0...Ave likelihood of: cpd00053_c is 0.12832653809267083...
Loop116 pFBA...22792.0...Ave likelihood of: cpd00119_c is 0.09011703114295178...
Loop117 pFBA...17921.0...Ave likelihood of: cpd00322_c is 0.2513486335691277...
Loop118 pFBA...14899.0...Ave likelihood of: cpd00107_c is 0.20022358304020346...
Loop119 pFBA...17707.0...Ave likelihood of: cpd00039_c is 0.2706237094098813...
Loop120 pFBA...21881.0...Ave likelihood of: cpd00060_c is 0.1797353201544192...
Loop121 pFBA...21196.0...Ave likelihood of: cpd00066_c is 0.20760035480018132...
Loop122 pFBA...12000.0...Ave likelihood of: cpd00129_c is 0.0...
Loop123 pFBA...6096.0...Ave likelihood of: cpd00054_c is 0.27888786331587045...
Loop124 pFBA...8287.0...Ave likelihood of: cpd00161_c is 0.3115651119724542...
Loop125 pFBA...29995.0...Ave likelihood of: cpd00065_c is 0.13219017395262023...
Loop126 pFBA...19093.0...Ave likelihood of: cpd00069_c is 0.19882947772202936...
Loop127 pFBA...8765.0...Ave likelihood of: cpd00156_c is 0.1642574967154538...
Loop128 pFBA...24817.0...Ave likelihood of: cpd00098_c is 0.17529764925197724...
Loop129 pFBA...16268.0...Ave likelihood of: cpd00274_c is 0.3161458337457744...
Loop130 pFBA...7078.0...Ave likelihood of: cpd00226_c is 0.27743447349228495...
Loop131 pFBA...5056.0...Ave likelihood of: cpd00246_c is 0.3559267071368464...
Loop132 pFBA...21016.0...Ave likelihood of: cpd00374_c is 0.18347325112274507...
Loop133 pFBA...4533.0...Ave likelihood of: cpd00221_c is 0.31902710917553306...
Loop134 pFBA...4397.0...Ave likelihood of: cpd00159_c is 0.31217720160058193...
Loop135 pFBA...10423.0...Ave likelihood of: cpd00211_c is 0.3097199150918565...
Loop136 pFBA...4150.0...Ave likelihood of: cpd00047_c is 0.34884875938625715...
Loop137 pFBA...5283.0...Ave likelihood of: cpd00106_c is 0.08806981240411586...
Loop138 pFBA...8095.0...Ave likelihood of: cpd00141_c is 0.2386877067885888...
Loop139 pFBA...20412.0...Ave likelihood of: cpd00216_c is 0.21033849169909938...
Loop140 pFBA...5060.0...Ave likelihood of: cpd00036_c is 0.249249163781093...
Loop141 pFBA...22793.0...Ave likelihood of: cpd00581_c is 0.09686017476925643...
Loop142 pFBA...4994.0...Ave likelihood of: cpd00128_c is 0.09113438612006781...
Loop143 pFBA...6200.0...Ave likelihood of: cpd00018_c is 0.11622922053763755...
Loop144 pFBA...5545.0...Ave likelihood of: cpd00091_c is 0.14327065532924466...
Loop145 pFBA...4057.0...Ave likelihood of: cpd00092_c is 0.24684521706812626...
Loop146 pFBA...63309.0...Ave likelihood of: cpd00305_c is 0.162789514022146...
Loop147 pFBA...12636.0...Ave likelihood of: cpd00220_c is 0.17748812959289975...
Loop148 pFBA...14711.0...Ave likelihood of: cpd00218_c is 0.13867328927301972...
Loop149 pFBA...14508.0...Ave likelihood of: cpd00215_c is 0.2185179690992652...
Loop150 pFBA...29027.0...Ave likelihood of: cpd00104_c is 0.14485434360104016...
Loop151 pFBA...36592.0...Ave likelihood of: cpd00393_c is 0.1769654844912034...
Loop152 pFBA...6441.0...Ave likelihood of: cpd00363_c is 0.3864398302450658...
Loop153 pFBA...9999.0...Ave likelihood of: cpd00281_c is 8.676289420424061e-05...
Loop154 pFBA...4175.0...Ave likelihood of: cpd00025_c is 0.27637104938089274...
Loop155 pFBA...20831.0...Ave likelihood of: cpd00811_c is 0.20920377957345848...
32.4987904191mins to complete!
