
The following have been reloaded with a version change:
  1) anaconda2/4.4.0 => anaconda2/5.1.0

Loading in models...Adding Water...Remove no-like rxns...Pruned 1 metabolites from model
Pruned 1 reactions from model
Set-up Universal...60.0seconds to complete

Loop0 pFBA...6190.0...Ave likelihood of: cpd00117_c is 0.23091055927154086...
Loop1 pFBA...8232.0...Ave likelihood of: cpd00186_c is 0.12807930088551597...
Loop2 pFBA...22856.0...Ave likelihood of: cpd00637_c is 0.16880534267498365...
Loop3 pFBA...7048.0...Ave likelihood of: cpd00550_c is 0.23039197749114887...
Loop4 pFBA...4748.0...Ave likelihood of: cpd00033_c is 0.17921940296041192...
Loop5 pFBA...6028.0...Ave likelihood of: cpd00035_c is 0.22406508752346127...
Loop6 pFBA...19365.0...Ave likelihood of: cpd00051_c is 0.20538997675387033...
Loop7 pFBA...8881.0...Ave likelihood of: cpd00132_c is 0.12867710073641106...
Loop8 pFBA...6002.0...Ave likelihood of: cpd00041_c is 0.05640700337281123...
Loop9 pFBA...14350.0...Ave likelihood of: cpd00084_c is 0.19338410987037669...
Loop10 pFBA...7999.0...Ave likelihood of: cpd00023_c is 0.00012146805188593685...
Loop11 pFBA...10583.0...Ave likelihood of: cpd00053_c is 0.12834049019432242...
Loop12 pFBA...22794.0...Ave likelihood of: cpd00119_c is 0.09214498882097208...
Loop13 pFBA...17857.0...Ave likelihood of: cpd00322_c is 0.2243372072550403...
Loop14 pFBA...14892.0...Ave likelihood of: cpd00107_c is 0.20119021947099652...
Loop15 pFBA...17699.0...Ave likelihood of: cpd00039_c is 0.29917032593572274...
Loop16 pFBA...21856.0...Ave likelihood of: cpd00060_c is 0.1705637316611814...
Loop17 pFBA...21425.0...Ave likelihood of: cpd00066_c is 0.1771927228577595...
Loop18 pFBA...12000.0...Ave likelihood of: cpd00129_c is 0.0...
Loop19 pFBA...6048.0...Ave likelihood of: cpd00054_c is 0.23562815879776589...
Loop20 pFBA...8331.0...Ave likelihood of: cpd00161_c is 0.28381805450919395...
Loop21 pFBA...29999.0...Ave likelihood of: cpd00065_c is 0.13673044022927483...
Loop22 pFBA...19096.0...Ave likelihood of: cpd00069_c is 0.175959440406183...
Loop23 pFBA...8765.0...Ave likelihood of: cpd00156_c is 0.16425863629586215...
Loop24 pFBA...24914.0...Ave likelihood of: cpd00098_c is 0.16943861061786822...
Loop25 pFBA...16097.0...Ave likelihood of: cpd00274_c is 0.23661880126500764...
Loop26 pFBA...7078.0...Ave likelihood of: cpd00226_c is 0.27742779254718947...
Loop27 pFBA...5049.0...Ave likelihood of: cpd00246_c is 0.3051267456123432...
Loop28 pFBA...21102.0...Ave likelihood of: cpd00374_c is 0.1796783066906072...
Loop29 pFBA...4299.0...Ave likelihood of: cpd00221_c is 0.4382234003597192...
Loop30 pFBA...4188.0...Ave likelihood of: cpd00159_c is 0.3344012269234354...
Loop31 pFBA...10194.0...Ave likelihood of: cpd00211_c is 0.2934324296970642...
Loop32 pFBA...4064.0...Ave likelihood of: cpd00047_c is 0.31715065401591624...
Loop33 pFBA...5283.0...Ave likelihood of: cpd00106_c is 0.08805580105752675...
Loop34 pFBA...7917.0...Ave likelihood of: cpd00141_c is 0.3771849614020009...
Loop35 pFBA...20715.0...Ave likelihood of: cpd00216_c is 0.2061153844141718...
Loop36 pFBA...5064.0...Ave likelihood of: cpd00036_c is 0.04858760847366136...
Loop37 pFBA...22794.0...Ave likelihood of: cpd00581_c is 0.096837325462216...
Loop38 pFBA...4994.0...Ave likelihood of: cpd00128_c is 0.0911178639517841...
Loop39 pFBA...6200.0...Ave likelihood of: cpd00018_c is 0.11622065348741639...
Loop40 pFBA...5545.0...Ave likelihood of: cpd00091_c is 0.1432651479398167...
Loop41 pFBA...4057.0...Ave likelihood of: cpd00092_c is 0.24682979637772817...
Loop42 pFBA...63205.0...Ave likelihood of: cpd00305_c is 0.16797760663118058...
Loop43 pFBA...12477.0...Ave likelihood of: cpd00220_c is 0.1929405607109827...
Loop44 pFBA...14711.0...Ave likelihood of: cpd00218_c is 0.138672515201917...
Loop45 pFBA...14624.0...Ave likelihood of: cpd00215_c is 0.21648531901380935...
Loop46 pFBA...29009.0...Ave likelihood of: cpd00104_c is 0.15926324643350662...
Loop47 pFBA...36594.0...Ave likelihood of: cpd00393_c is 0.17687923439000108...
Loop48 pFBA...6349.0...Ave likelihood of: cpd00363_c is 0.41627073627998623...
Loop49 pFBA...9999.0...Ave likelihood of: cpd00281_c is 8.676289420424061e-05...
Loop50 pFBA...4212.0...Ave likelihood of: cpd00025_c is 0.2513608336228062...
Loop51 pFBA...20952.0...Ave likelihood of: cpd00811_c is 0.20623388543044696...
Loop52 pFBA...6190.0...Ave likelihood of: cpd00117_c is 0.23091055927154086...
Loop53 pFBA...8232.0...Ave likelihood of: cpd00186_c is 0.12807930088551597...
Loop54 pFBA...22941.0...Ave likelihood of: cpd00637_c is 0.163581487745482...
Loop55 pFBA...7171.0...Ave likelihood of: cpd00550_c is 0.19993181717937902...
Loop56 pFBA...4748.0...Ave likelihood of: cpd00033_c is 0.17921940296041192...
Loop57 pFBA...6028.0...Ave likelihood of: cpd00035_c is 0.22406508752346127...
Loop58 pFBA...19586.0...Ave likelihood of: cpd00051_c is 0.20836709245722512...
Loop59 pFBA...8881.0...Ave likelihood of: cpd00132_c is 0.12867710073641106...
Loop60 pFBA...6002.0...Ave likelihood of: cpd00041_c is 0.05640700337281123...
Loop61 pFBA...14500.0...Ave likelihood of: cpd00084_c is 0.1560228422599539...
Loop62 pFBA...7999.0...Ave likelihood of: cpd00023_c is 0.00012146805188593685...
Loop63 pFBA...10583.0...Ave likelihood of: cpd00053_c is 0.1283245075559164...
Loop64 pFBA...22794.0...Ave likelihood of: cpd00119_c is 0.09214498882097208...
Loop65 pFBA...17868.0...Ave likelihood of: cpd00322_c is 0.17792895952164794...
Loop66 pFBA...14892.0...Ave likelihood of: cpd00107_c is 0.20119021947099652...
Loop67 pFBA...17811.0...Ave likelihood of: cpd00039_c is 0.3103201319630085...
Loop68 pFBA...21941.0...Ave likelihood of: cpd00060_c is 0.16550597583660534...
Loop69 pFBA...22036.0...Ave likelihood of: cpd00066_c is 0.17267262244109097...
Loop70 pFBA...12000.0...Ave likelihood of: cpd00129_c is 0.0...
Loop71 pFBA...6171.0...Ave likelihood of: cpd00054_c is 0.20659621108535833...
Loop72 pFBA...8472.0...Ave likelihood of: cpd00161_c is 0.2512330918835305...
Loop73 pFBA...30011.0...Ave likelihood of: cpd00065_c is 0.10142688062980597...
Loop74 pFBA...19625.0...Ave likelihood of: cpd00069_c is 0.20286155481580023...
Loop75 pFBA...8765.0...Ave likelihood of: cpd00156_c is 0.16425863629586215...
Loop76 pFBA...25293.0...Ave likelihood of: cpd00098_c is 0.11085900065980195...
Loop77 pFBA...16358.0...Ave likelihood of: cpd00274_c is 0.234978879258857...
Loop78 pFBA...7078.0...Ave likelihood of: cpd00226_c is 0.27742779254718947...
Loop79 pFBA...5147.0...Ave likelihood of: cpd00246_c is 0.18721103101406922...
Loop80 pFBA...21946.0...Ave likelihood of: cpd00374_c is 0.20681787713569222...
Loop81 pFBA...4746.0...Ave likelihood of: cpd00221_c is 0.30649602020017497...
Loop82 pFBA...4515.0...Ave likelihood of: cpd00159_c is 0.28076521833591334...
Loop83 pFBA...10339.0...Ave likelihood of: cpd00211_c is 0.15697874765742562...
Loop84 pFBA...4246.0...Ave likelihood of: cpd00047_c is 0.38088114269495293...
Loop85 pFBA...5283.0...Ave likelihood of: cpd00106_c is 0.08805580105752675...
Loop86 pFBA...8192.0...Ave likelihood of: cpd00141_c is 0.18556756744727246...
Loop87 pFBA...20863.0...Ave likelihood of: cpd00216_c is 0.191834877538808...
Loop88 pFBA...5064.0...Ave likelihood of: cpd00036_c is 0.04858760847366136...
Loop89 pFBA...22794.0...Ave likelihood of: cpd00581_c is 0.096837325462216...
Loop90 pFBA...4994.0...Ave likelihood of: cpd00128_c is 0.0911178639517841...
Loop91 pFBA...6200.0...Ave likelihood of: cpd00018_c is 0.11622065348741639...
Loop92 pFBA...5545.0...Ave likelihood of: cpd00091_c is 0.1432651479398167...
Loop93 pFBA...4057.0...Ave likelihood of: cpd00092_c is 0.24682979637772817...
Loop94 pFBA...63362.0...Ave likelihood of: cpd00305_c is 0.1642393887991097...
Loop95 pFBA...12477.0...Ave likelihood of: cpd00220_c is 0.18159111596327784...
Loop96 pFBA...14711.0...Ave likelihood of: cpd00218_c is 0.1408736662368681...
Loop97 pFBA...15215.0...Ave likelihood of: cpd00215_c is 0.19962772121099853...
Loop98 pFBA...29070.0...Ave likelihood of: cpd00104_c is 0.13587136366616376...
Loop99 pFBA...36594.0...Ave likelihood of: cpd00393_c is 0.17687923439000108...
Loop100 pFBA...7215.0...Ave likelihood of: cpd00363_c is 0.37419725633020035...
Loop101 pFBA...9999.0...Ave likelihood of: cpd00281_c is 8.676289420424061e-05...
Loop102 pFBA...4367.0...Ave likelihood of: cpd00025_c is 0.2944658265971734...
Loop103 pFBA...21951.0...Ave likelihood of: cpd00811_c is 0.15727266500141265...
Loop104 pFBA...6190.0...Ave likelihood of: cpd00117_c is 0.23091055927154086...
Loop105 pFBA...8232.0...Ave likelihood of: cpd00186_c is 0.12807930088551597...
Loop106 pFBA...22846.0...Ave likelihood of: cpd00637_c is 0.1794967344126638...
Loop107 pFBA...7121.0...Ave likelihood of: cpd00550_c is 0.25170537908331414...
Loop108 pFBA...4748.0...Ave likelihood of: cpd00033_c is 0.17921940296041192...
Loop109 pFBA...6028.0...Ave likelihood of: cpd00035_c is 0.22406508752346127...
Loop110 pFBA...19380.0...Ave likelihood of: cpd00051_c is 0.21125949836101496...
Loop111 pFBA...8881.0...Ave likelihood of: cpd00132_c is 0.12867710073641106...
Loop112 pFBA...6002.0...Ave likelihood of: cpd00041_c is 0.05640700337281123...
Loop113 pFBA...14500.0...Ave likelihood of: cpd00084_c is 0.1560228422599539...
Loop114 pFBA...7999.0...Ave likelihood of: cpd00023_c is 0.00012146805188593685...
Loop115 pFBA...10583.0...Ave likelihood of: cpd00053_c is 0.1283245075559164...
Loop116 pFBA...22794.0...Ave likelihood of: cpd00119_c is 0.09214498882097208...
Loop117 pFBA...17837.0...Ave likelihood of: cpd00322_c is 0.22936794697543134...
Loop118 pFBA...14892.0...Ave likelihood of: cpd00107_c is 0.20119021947099652...
Loop119 pFBA...17774.0...Ave likelihood of: cpd00039_c is 0.26225819487513435...
Loop120 pFBA...21846.0...Ave likelihood of: cpd00060_c is 0.18149114257280452...
Loop121 pFBA...21205.0...Ave likelihood of: cpd00066_c is 0.22799331431266362...
Loop122 pFBA...12000.0...Ave likelihood of: cpd00129_c is 0.0...
Loop123 pFBA...6121.0...Ave likelihood of: cpd00054_c is 0.2567394866649804...
Loop124 pFBA...8352.0...Ave likelihood of: cpd00161_c is 0.2812572546202321...
Loop125 pFBA...30000.0...Ave likelihood of: cpd00065_c is 0.13212167508803546...
Loop126 pFBA...19031.0...Ave likelihood of: cpd00069_c is 0.19339529183750473...
Loop127 pFBA...8765.0...Ave likelihood of: cpd00156_c is 0.16425863629586215...
Loop128 pFBA...24824.0...Ave likelihood of: cpd00098_c is 0.1717306702488655...
Loop129 pFBA...16356.0...Ave likelihood of: cpd00274_c is 0.28364033733087984...
Loop130 pFBA...7078.0...Ave likelihood of: cpd00226_c is 0.27742779254718947...
Loop131 pFBA...5087.0...Ave likelihood of: cpd00246_c is 0.26432413565604973...
Loop132 pFBA...20984.0...Ave likelihood of: cpd00374_c is 0.17655663743266486...
Loop133 pFBA...4533.0...Ave likelihood of: cpd00221_c is 0.3190310905171469...
Loop134 pFBA...4397.0...Ave likelihood of: cpd00159_c is 0.3121951357342875...
Loop135 pFBA...10222.0...Ave likelihood of: cpd00211_c is 0.2925393151039768...
Loop136 pFBA...4150.0...Ave likelihood of: cpd00047_c is 0.34882654357485526...
Loop137 pFBA...5283.0...Ave likelihood of: cpd00106_c is 0.08805580105752676...
Loop138 pFBA...8094.0...Ave likelihood of: cpd00141_c is 0.24053575318570491...
Loop139 pFBA...20538.0...Ave likelihood of: cpd00216_c is 0.18581944278947166...
Loop140 pFBA...5064.0...Ave likelihood of: cpd00036_c is 0.04858760847366136...
Loop141 pFBA...22794.0...Ave likelihood of: cpd00581_c is 0.096837325462216...
Loop142 pFBA...4994.0...Ave likelihood of: cpd00128_c is 0.0911178639517841...
Loop143 pFBA...6200.0...Ave likelihood of: cpd00018_c is 0.11622065348741639...
Loop144 pFBA...5545.0...Ave likelihood of: cpd00091_c is 0.1432651479398167...
Loop145 pFBA...4057.0...Ave likelihood of: cpd00092_c is 0.24682979637772817...
Loop146 pFBA...63200.0...Ave likelihood of: cpd00305_c is 0.16526925079370133...
Loop147 pFBA...12477.0...Ave likelihood of: cpd00220_c is 0.18159111596327784...
Loop148 pFBA...14711.0...Ave likelihood of: cpd00218_c is 0.138672515201917...
Loop149 pFBA...14508.0...Ave likelihood of: cpd00215_c is 0.21852083648529116...
Loop150 pFBA...29012.0...Ave likelihood of: cpd00104_c is 0.1374509168862415...
Loop151 pFBA...36594.0...Ave likelihood of: cpd00393_c is 0.17687923439000108...
Loop152 pFBA...6563.0...Ave likelihood of: cpd00363_c is 0.361696345353248...
Loop153 pFBA...9999.0...Ave likelihood of: cpd00281_c is 8.676289420424061e-05...
Loop154 pFBA...4208.0...Ave likelihood of: cpd00025_c is 0.24999139124673883...
Loop155 pFBA...20833.0...Ave likelihood of: cpd00811_c is 0.20905098387262971...
31.9939819177mins to complete!
