
The following have been reloaded with a version change:
  1) anaconda2/4.4.0 => anaconda2/5.1.0

Loading in models...Adding Water...Remove no-like rxns...Pruned 1 metabolites from model
Pruned 1 reactions from model
Set-up Universal...63.0seconds to complete

Loop0 pFBA...5559.0...Ave likelihood of: cpd00117_c is 0.4736688602992351...
Loop1 pFBA...6840.0...Ave likelihood of: cpd00186_c is 0.3599913115521612...
Loop2 pFBA...21384.0...Ave likelihood of: cpd00637_c is 0.26780095163805884...
Loop3 pFBA...6422.0...Ave likelihood of: cpd00550_c is 0.3476816033487612...
Loop4 pFBA...4055.0...Ave likelihood of: cpd00033_c is 0.2555525546042874...
Loop5 pFBA...5437.0...Ave likelihood of: cpd00035_c is 0.4736688602992351...
Loop6 pFBA...18106.0...Ave likelihood of: cpd00051_c is 0.31086978144943334...
Loop7 pFBA...7914.0...Ave likelihood of: cpd00132_c is 0.24982419268600917...
Loop8 pFBA...5183.0...Ave likelihood of: cpd00041_c is 0.2229612058225123...
Loop9 pFBA...13623.0...Ave likelihood of: cpd00084_c is 0.2767769559667557...
Loop10 pFBA...6592.0...Ave likelihood of: cpd00023_c is 0.281549980630481...
Loop11 pFBA...9082.0...Ave likelihood of: cpd00053_c is 0.3109728269106414...
Loop12 pFBA...16376.0...Ave likelihood of: cpd00119_c is 0.3235967797870556...
Loop13 pFBA...16748.0...Ave likelihood of: cpd00322_c is 0.353440239028855...
Loop14 pFBA...14214.0...Ave likelihood of: cpd00107_c is 0.2637918111977989...
Loop15 pFBA...17684.0...Ave likelihood of: cpd00039_c is 0.30249056631376914...
Loop16 pFBA...20384.0...Ave likelihood of: cpd00060_c is 0.2713716309932329...
Loop17 pFBA...20576.0...Ave likelihood of: cpd00066_c is 0.24599098454255783...
Loop18 pFBA...10265.0...Ave likelihood of: cpd00129_c is 0.20315167371664336...
Loop19 pFBA...5422.0...Ave likelihood of: cpd00054_c is 0.35477714627424606...
Loop20 pFBA...7350.0...Ave likelihood of: cpd00161_c is 0.39891487856198005...
Loop21 pFBA...27275.0...Ave likelihood of: cpd00065_c is 0.2496220696575772...
Loop22 pFBA...18308.0...Ave likelihood of: cpd00069_c is 0.21457080918631163...
Loop23 pFBA...7672.0...Ave likelihood of: cpd00156_c is 0.33286491366734205...
Loop24 pFBA...23627.0...Ave likelihood of: cpd00098_c is 0.24674164658346012...
Loop25 pFBA...14163.0...Ave likelihood of: cpd00274_c is 0.19456668505645638...
Loop26 pFBA...6632.0...Ave likelihood of: cpd00226_c is 0.32589233564196646...
Loop27 pFBA...4461.0...Ave likelihood of: cpd00246_c is 0.4373599195373258...
Loop28 pFBA...20047.0...Ave likelihood of: cpd00374_c is 0.21735704509560397...
Loop29 pFBA...4763.0...Ave likelihood of: cpd00221_c is 0.4228310607190569...
Loop30 pFBA...4265.0...Ave likelihood of: cpd00159_c is 0.4227264370900816...
Loop31 pFBA...10343.0...Ave likelihood of: cpd00211_c is 0.35482987915564335...
Loop32 pFBA...3766.0...Ave likelihood of: cpd00047_c is 0.25952010566288364...
Loop33 pFBA...5001.0...Ave likelihood of: cpd00106_c is 0.19005310460519864...
Loop34 pFBA...7573.0...Ave likelihood of: cpd00141_c is 0.4123432986329028...
Loop35 pFBA...19206.0...Ave likelihood of: cpd00216_c is 0.2372244964893605...
Loop36 pFBA...4803.0...Ave likelihood of: cpd00036_c is 0.22799328893861662...
Loop37 pFBA...16945.0...Ave likelihood of: cpd00581_c is 0.3260725863604876...
Loop38 pFBA...4748.0...Ave likelihood of: cpd00128_c is 0.3456776817187898...
Loop39 pFBA...5864.0...Ave likelihood of: cpd00018_c is 0.2796504651734834...
Loop40 pFBA...5864.0...Ave likelihood of: cpd00091_c is 0.27965046517348335...
Loop41 pFBA...3610.0...Ave likelihood of: cpd00092_c is 0.366712471165437...
Loop42 pFBA...63873.0...Ave likelihood of: cpd00305_c is 0.16089685857084354...
Loop43 pFBA...13724.0...Ave likelihood of: cpd00220_c is 0.2834246715315935...
Loop44 pFBA...14472.0...Ave likelihood of: cpd00218_c is 0.20840150196391335...
Loop45 pFBA...14520.0...Ave likelihood of: cpd00215_c is 0.31440020828567056...
Loop46 pFBA...28670.0...Ave likelihood of: cpd00104_c is 0.20719407411199914...
Loop47 pFBA...36071.0...Ave likelihood of: cpd00393_c is 0.16962119244289775...
Loop48 pFBA...5711.0...Ave likelihood of: cpd00363_c is 0.5638139762069564...
Loop49 pFBA...8588.0...Ave likelihood of: cpd00281_c is 0.20168014373457185...
Loop50 pFBA...4024.0...Ave likelihood of: cpd00025_c is 0.2747480031595544...
Loop51 pFBA...19598.0...Ave likelihood of: cpd00811_c is 0.25946495081193355...
Loop52 pFBA...5420.0...Ave likelihood of: cpd00714_c is 0.3708027359368075...
Loop53 pFBA...5559.0...Ave likelihood of: cpd00117_c is 0.4736688602992351...
Loop54 pFBA...6840.0...Ave likelihood of: cpd00186_c is 0.3599913115521612...
Loop55 pFBA...21649.0...Ave likelihood of: cpd00637_c is 0.2779336839119815...
Loop56 pFBA...6486.0...Ave likelihood of: cpd00550_c is 0.3075529832810536...
Loop57 pFBA...4056.0...Ave likelihood of: cpd00033_c is 0.23860413202498226...
Loop58 pFBA...5437.0...Ave likelihood of: cpd00035_c is 0.4736688602992351...
Loop59 pFBA...18294.0...Ave likelihood of: cpd00051_c is 0.2849548964425797...
Loop60 pFBA...7914.0...Ave likelihood of: cpd00132_c is 0.24982419268600917...
Loop61 pFBA...5183.0...Ave likelihood of: cpd00041_c is 0.2229612058225123...
Loop62 pFBA...13750.0...Ave likelihood of: cpd00084_c is 0.24803843060985353...
Loop63 pFBA...6592.0...Ave likelihood of: cpd00023_c is 0.281549980630481...
Loop64 pFBA...9082.0...Ave likelihood of: cpd00053_c is 0.3109728269106414...
Loop65 pFBA...16376.0...Ave likelihood of: cpd00119_c is 0.3235967797870556...
Loop66 pFBA...16757.0...Ave likelihood of: cpd00322_c is 0.2395975364196064...
Loop67 pFBA...14214.0...Ave likelihood of: cpd00107_c is 0.2637918111977989...
Loop68 pFBA...17907.0...Ave likelihood of: cpd00039_c is 0.34106784678390506...
Loop69 pFBA...20649.0...Ave likelihood of: cpd00060_c is 0.28128228251333065...
Loop70 pFBA...21434.0...Ave likelihood of: cpd00066_c is 0.22960704074596963...
Loop71 pFBA...10265.0...Ave likelihood of: cpd00129_c is 0.20315167371664336...
Loop72 pFBA...5486.0...Ave likelihood of: cpd00054_c is 0.3075529832810536...
Loop73 pFBA...7657.0...Ave likelihood of: cpd00161_c is 0.3615854743636626...
Loop74 pFBA...27275.0...Ave likelihood of: cpd00065_c is 0.24962206965757713...
Loop75 pFBA...18861.0...Ave likelihood of: cpd00069_c is 0.2383554411293463...
Loop76 pFBA...7672.0...Ave likelihood of: cpd00156_c is 0.33286491366734205...
Loop77 pFBA...24530.0...Ave likelihood of: cpd00098_c is 0.26391686073283865...
Loop78 pFBA...14163.0...Ave likelihood of: cpd00274_c is 0.19456668505645638...
Loop79 pFBA...6632.0...Ave likelihood of: cpd00226_c is 0.32589233564196646...
Loop80 pFBA...4793.0...Ave likelihood of: cpd00246_c is 0.35671283132285475...
Loop81 pFBA...20826.0...Ave likelihood of: cpd00374_c is 0.2251286739341502...
Loop82 pFBA...5068.0...Ave likelihood of: cpd00221_c is 0.3499573610330439...
Loop83 pFBA...4330.0...Ave likelihood of: cpd00159_c is 0.38387039438931647...
Loop84 pFBA...10517.0...Ave likelihood of: cpd00211_c is 0.21366884979477088...
Loop85 pFBA...3766.0...Ave likelihood of: cpd00047_c is 0.21904451234847425...
Loop86 pFBA...5001.0...Ave likelihood of: cpd00106_c is 0.19005310460519864...
Loop87 pFBA...7730.0...Ave likelihood of: cpd00141_c is 0.3242388136155505...
Loop88 pFBA...20256.0...Ave likelihood of: cpd00216_c is 0.22297149756805107...
Loop89 pFBA...4803.0...Ave likelihood of: cpd00036_c is 0.22799328893861662...
Loop90 pFBA...16945.0...Ave likelihood of: cpd00581_c is 0.3260725863604876...
Loop91 pFBA...4748.0...Ave likelihood of: cpd00128_c is 0.3456776817187898...
Loop92 pFBA...5864.0...Ave likelihood of: cpd00018_c is 0.2796504651734834...
Loop93 pFBA...5864.0...Ave likelihood of: cpd00091_c is 0.27965046517348335...
Loop94 pFBA...3619.0...Ave likelihood of: cpd00092_c is 0.3215194120280949...
Loop95 pFBA...64046.0...Ave likelihood of: cpd00305_c is 0.12199276660660041...
Loop96 pFBA...14162.0...Ave likelihood of: cpd00220_c is 0.15575359415207768...
Loop97 pFBA...14715.0...Ave likelihood of: cpd00218_c is 0.210429645904509...
Loop98 pFBA...15063.0...Ave likelihood of: cpd00215_c is 0.34732901486585654...
Loop99 pFBA...28716.0...Ave likelihood of: cpd00104_c is 0.1700339204294958...
Loop100 pFBA...36080.0...Ave likelihood of: cpd00393_c is 0.17047841315513398...
Loop101 pFBA...6412.0...Ave likelihood of: cpd00363_c is 0.38618307601709495...
Loop102 pFBA...8588.0...Ave likelihood of: cpd00281_c is 0.20168014373457185...
Loop103 pFBA...4209.0...Ave likelihood of: cpd00025_c is 0.3372596410071181...
Loop104 pFBA...20467.0...Ave likelihood of: cpd00811_c is 0.30186078854113957...
Loop105 pFBA...6379.0...Ave likelihood of: cpd00714_c is 0.424796543237753...
Loop106 pFBA...5559.0...Ave likelihood of: cpd00117_c is 0.4736688602992351...
Loop107 pFBA...6840.0...Ave likelihood of: cpd00186_c is 0.3599913115521612...
Loop108 pFBA...21552.0...Ave likelihood of: cpd00637_c is 0.24676877411060863...
Loop109 pFBA...6442.0...Ave likelihood of: cpd00550_c is 0.30305729092356665...
Loop110 pFBA...4056.0...Ave likelihood of: cpd00033_c is 0.2288500484755239...
Loop111 pFBA...5437.0...Ave likelihood of: cpd00035_c is 0.4736688602992351...
Loop112 pFBA...18197.0...Ave likelihood of: cpd00051_c is 0.2728410541491643...
Loop113 pFBA...7914.0...Ave likelihood of: cpd00132_c is 0.24982419268600917...
Loop114 pFBA...5183.0...Ave likelihood of: cpd00041_c is 0.2229612058225123...
Loop115 pFBA...13734.0...Ave likelihood of: cpd00084_c is 0.2349904227893323...
Loop116 pFBA...6592.0...Ave likelihood of: cpd00023_c is 0.281549980630481...
Loop117 pFBA...9082.0...Ave likelihood of: cpd00053_c is 0.3109728269106414...
Loop118 pFBA...16376.0...Ave likelihood of: cpd00119_c is 0.3300687153827966...
Loop119 pFBA...16757.0...Ave likelihood of: cpd00322_c is 0.2395975364196064...
Loop120 pFBA...14214.0...Ave likelihood of: cpd00107_c is 0.2637918111977989...
Loop121 pFBA...17740.0...Ave likelihood of: cpd00039_c is 0.2846220489002389...
Loop122 pFBA...20552.0...Ave likelihood of: cpd00060_c is 0.24997356338477236...
Loop123 pFBA...20932.0...Ave likelihood of: cpd00066_c is 0.2269761922930926...
Loop124 pFBA...10265.0...Ave likelihood of: cpd00129_c is 0.20315167371664336...
Loop125 pFBA...5442.0...Ave likelihood of: cpd00054_c is 0.3093709844844743...
Loop126 pFBA...7516.0...Ave likelihood of: cpd00161_c is 0.345435859105253...
Loop127 pFBA...27275.0...Ave likelihood of: cpd00065_c is 0.24962206965757713...
Loop128 pFBA...18471.0...Ave likelihood of: cpd00069_c is 0.1973726478705311...
Loop129 pFBA...7672.0...Ave likelihood of: cpd00156_c is 0.33286491366734205...
Loop130 pFBA...24116.0...Ave likelihood of: cpd00098_c is 0.2383973529071745...
Loop131 pFBA...14163.0...Ave likelihood of: cpd00274_c is 0.19456668505645638...
Loop132 pFBA...6632.0...Ave likelihood of: cpd00226_c is 0.32589233564196646...
Loop133 pFBA...4642.0...Ave likelihood of: cpd00246_c is 0.22797807983615...
Loop134 pFBA...20432.0...Ave likelihood of: cpd00374_c is 0.20676539595602175...
Loop135 pFBA...4959.0...Ave likelihood of: cpd00221_c is 0.19160772798325573...
Loop136 pFBA...4315.0...Ave likelihood of: cpd00159_c is 0.3467756269769364...
Loop137 pFBA...10492.0...Ave likelihood of: cpd00211_c is 0.33683898458445627...
Loop138 pFBA...3766.0...Ave likelihood of: cpd00047_c is 0.21904451234847425...
Loop139 pFBA...5001.0...Ave likelihood of: cpd00106_c is 0.19005310460519864...
Loop140 pFBA...7681.0...Ave likelihood of: cpd00141_c is 0.3710629947960608...
Loop141 pFBA...19630.0...Ave likelihood of: cpd00216_c is 0.2314327256713307...
Loop142 pFBA...4803.0...Ave likelihood of: cpd00036_c is 0.22799328893861662...
Loop143 pFBA...16945.0...Ave likelihood of: cpd00581_c is 0.3260725863604876...
Loop144 pFBA...4748.0...Ave likelihood of: cpd00128_c is 0.3456776817187898...
Loop145 pFBA...5864.0...Ave likelihood of: cpd00018_c is 0.2796504651734834...
Loop146 pFBA...5864.0...Ave likelihood of: cpd00091_c is 0.27965046517348335...
Loop147 pFBA...3619.0...Ave likelihood of: cpd00092_c is 0.3215194120280949...
Loop148 pFBA...64046.0...Ave likelihood of: cpd00305_c is 0.12325042399429731...
Loop149 pFBA...14034.0...Ave likelihood of: cpd00220_c is 0.27433706592000257...
Loop150 pFBA...14668.0...Ave likelihood of: cpd00218_c is 0.14529527278565138...
Loop151 pFBA...14749.0...Ave likelihood of: cpd00215_c is 0.23141401463760156...
Loop152 pFBA...28708.0...Ave likelihood of: cpd00104_c is 0.1949024359231913...
Loop153 pFBA...36071.0...Ave likelihood of: cpd00393_c is 0.1512551473498956...
Loop154 pFBA...6084.0...Ave likelihood of: cpd00363_c is 0.43466906714352327...
Loop155 pFBA...8588.0...Ave likelihood of: cpd00281_c is 0.20168014373457185...
Loop156 pFBA...4142.0...Ave likelihood of: cpd00025_c is 0.31072962602581206...
Loop157 pFBA...19989.0...Ave likelihood of: cpd00811_c is 0.27129404447590355...
Loop158 pFBA...6165.0...Ave likelihood of: cpd00714_c is 0.29366010866436987...
32.6958032489mins to complete!
