
The following have been reloaded with a version change:
  1) anaconda2/4.4.0 => anaconda2/5.1.0

Loading in models...Adding Water...Remove no-like rxns...Pruned 1 metabolites from model
Pruned 1 reactions from model
Set-up Universal...62.0seconds to complete

Loop0 pFBA...5558.0...Ave likelihood of: cpd00117_c is 0.4737629238472739...
Loop1 pFBA...6841.0...Ave likelihood of: cpd00186_c is 0.359851302978676...
Loop2 pFBA...21382.0...Ave likelihood of: cpd00637_c is 0.27375423435735213...
Loop3 pFBA...6422.0...Ave likelihood of: cpd00550_c is 0.34773923871997275...
Loop4 pFBA...4055.0...Ave likelihood of: cpd00033_c is 0.2594178209526189...
Loop5 pFBA...5436.0...Ave likelihood of: cpd00035_c is 0.4737629238472739...
Loop6 pFBA...18124.0...Ave likelihood of: cpd00051_c is 0.3104288690789859...
Loop7 pFBA...7914.0...Ave likelihood of: cpd00132_c is 0.24981397982169853...
Loop8 pFBA...5183.0...Ave likelihood of: cpd00041_c is 0.2229501256631122...
Loop9 pFBA...13623.0...Ave likelihood of: cpd00084_c is 0.27265472165875254...
Loop10 pFBA...6592.0...Ave likelihood of: cpd00023_c is 0.281549980630481...
Loop11 pFBA...9082.0...Ave likelihood of: cpd00053_c is 0.3109460636131864...
Loop12 pFBA...16391.0...Ave likelihood of: cpd00119_c is 0.32335287460216744...
Loop13 pFBA...16742.0...Ave likelihood of: cpd00322_c is 0.3539551636844302...
Loop14 pFBA...14214.0...Ave likelihood of: cpd00107_c is 0.2638194276817276...
Loop15 pFBA...17663.0...Ave likelihood of: cpd00039_c is 0.3031098949359366...
Loop16 pFBA...20382.0...Ave likelihood of: cpd00060_c is 0.27735626375679096...
Loop17 pFBA...20574.0...Ave likelihood of: cpd00066_c is 0.2460207059969213...
Loop18 pFBA...10285.0...Ave likelihood of: cpd00129_c is 0.20135493643767494...
Loop19 pFBA...5422.0...Ave likelihood of: cpd00054_c is 0.3548359578775232...
Loop20 pFBA...7349.0...Ave likelihood of: cpd00161_c is 0.3989664896109079...
Loop21 pFBA...27275.0...Ave likelihood of: cpd00065_c is 0.24962220906419075...
Loop22 pFBA...18306.0...Ave likelihood of: cpd00069_c is 0.21461331317199017...
Loop23 pFBA...7672.0...Ave likelihood of: cpd00156_c is 0.33290016626388613...
Loop24 pFBA...23625.0...Ave likelihood of: cpd00098_c is 0.24680325899140387...
Loop25 pFBA...14175.0...Ave likelihood of: cpd00274_c is 0.19377741375278004...
Loop26 pFBA...6631.0...Ave likelihood of: cpd00226_c is 0.32596541871399276...
Loop27 pFBA...4460.0...Ave likelihood of: cpd00246_c is 0.4374718247801644...
Loop28 pFBA...20045.0...Ave likelihood of: cpd00374_c is 0.2200415957122911...
Loop29 pFBA...4760.0...Ave likelihood of: cpd00221_c is 0.42329847045057745...
Loop30 pFBA...4265.0...Ave likelihood of: cpd00159_c is 0.4227664565748557...
Loop31 pFBA...10330.0...Ave likelihood of: cpd00211_c is 0.3916221455429389...
Loop32 pFBA...3765.0...Ave likelihood of: cpd00047_c is 0.29029201188528053...
Loop33 pFBA...5000.0...Ave likelihood of: cpd00106_c is 0.18994414689424882...
Loop34 pFBA...7572.0...Ave likelihood of: cpd00141_c is 0.4126877889018824...
Loop35 pFBA...19204.0...Ave likelihood of: cpd00216_c is 0.23726907713543807...
Loop36 pFBA...4803.0...Ave likelihood of: cpd00036_c is 0.22811528452086902...
Loop37 pFBA...16959.0...Ave likelihood of: cpd00581_c is 0.32585272138144133...
Loop38 pFBA...4747.0...Ave likelihood of: cpd00128_c is 0.34568696667468185...
Loop39 pFBA...5862.0...Ave likelihood of: cpd00018_c is 0.2797419754859346...
Loop40 pFBA...5862.0...Ave likelihood of: cpd00091_c is 0.2797419754859346...
Loop41 pFBA...3610.0...Ave likelihood of: cpd00092_c is 0.36690788587309425...
Loop42 pFBA...63866.0...Ave likelihood of: cpd00305_c is 0.1594857159264634...
Loop43 pFBA...13680.0...Ave likelihood of: cpd00220_c is 0.29612587497692205...
Loop44 pFBA...14472.0...Ave likelihood of: cpd00218_c is 0.20841806511404046...
Loop45 pFBA...14519.0...Ave likelihood of: cpd00215_c is 0.3144781278897124...
Loop46 pFBA...28657.0...Ave likelihood of: cpd00104_c is 0.21511756455043338...
Loop47 pFBA...35889.0...Ave likelihood of: cpd00393_c is 0.17186658976414504...
Loop48 pFBA...5709.0...Ave likelihood of: cpd00363_c is 0.5638920111768638...
Loop49 pFBA...8588.0...Ave likelihood of: cpd00281_c is 0.20165915085037006...
Loop50 pFBA...4023.0...Ave likelihood of: cpd00025_c is 0.29841052854444666...
Loop51 pFBA...19596.0...Ave likelihood of: cpd00811_c is 0.2595048088991312...
Loop52 pFBA...5419.0...Ave likelihood of: cpd00714_c is 0.37101613329640154...
Loop53 pFBA...5558.0...Ave likelihood of: cpd00117_c is 0.4737629238472739...
Loop54 pFBA...6841.0...Ave likelihood of: cpd00186_c is 0.359851302978676...
Loop55 pFBA...21645.0...Ave likelihood of: cpd00637_c is 0.27826320179971603...
Loop56 pFBA...6486.0...Ave likelihood of: cpd00550_c is 0.3075895610519457...
Loop57 pFBA...4056.0...Ave likelihood of: cpd00033_c is 0.23856809249310693...
Loop58 pFBA...5436.0...Ave likelihood of: cpd00035_c is 0.4737629238472739...
Loop59 pFBA...18307.0...Ave likelihood of: cpd00051_c is 0.28461956293978014...
Loop60 pFBA...7914.0...Ave likelihood of: cpd00132_c is 0.24981397982169853...
Loop61 pFBA...5183.0...Ave likelihood of: cpd00041_c is 0.2229501256631122...
Loop62 pFBA...13763.0...Ave likelihood of: cpd00084_c is 0.24887190231435763...
Loop63 pFBA...6592.0...Ave likelihood of: cpd00023_c is 0.281549980630481...
Loop64 pFBA...9082.0...Ave likelihood of: cpd00053_c is 0.3109460636131864...
Loop65 pFBA...16391.0...Ave likelihood of: cpd00119_c is 0.3298199320942108...
Loop66 pFBA...16750.0...Ave likelihood of: cpd00322_c is 0.2401890088980628...
Loop67 pFBA...14214.0...Ave likelihood of: cpd00107_c is 0.2638194276817276...
Loop68 pFBA...17912.0...Ave likelihood of: cpd00039_c is 0.33705453877790575...
Loop69 pFBA...20645.0...Ave likelihood of: cpd00060_c is 0.2816157704960981...
Loop70 pFBA...21427.0...Ave likelihood of: cpd00066_c is 0.22990336142990866...
Loop71 pFBA...10285.0...Ave likelihood of: cpd00129_c is 0.20135493643767494...
Loop72 pFBA...5486.0...Ave likelihood of: cpd00054_c is 0.3075895610519456...
Loop73 pFBA...7650.0...Ave likelihood of: cpd00161_c is 0.36210087972866317...
Loop74 pFBA...27275.0...Ave likelihood of: cpd00065_c is 0.24962220906419075...
Loop75 pFBA...18858.0...Ave likelihood of: cpd00069_c is 0.2386070836110198...
Loop76 pFBA...7672.0...Ave likelihood of: cpd00156_c is 0.33290016626388613...
Loop77 pFBA...24568.0...Ave likelihood of: cpd00098_c is 0.2778348548760971...
Loop78 pFBA...14175.0...Ave likelihood of: cpd00274_c is 0.19377741375278004...
Loop79 pFBA...6631.0...Ave likelihood of: cpd00226_c is 0.32596541871399276...
Loop80 pFBA...4790.0...Ave likelihood of: cpd00246_c is 0.3571841437633405...
Loop81 pFBA...20820.0...Ave likelihood of: cpd00374_c is 0.22797116514979687...
Loop82 pFBA...5067.0...Ave likelihood of: cpd00221_c is 0.3585221102277608...
Loop83 pFBA...4331.0...Ave likelihood of: cpd00159_c is 0.38447728261736247...
Loop84 pFBA...10505.0...Ave likelihood of: cpd00211_c is 0.21433027754729195...
Loop85 pFBA...3766.0...Ave likelihood of: cpd00047_c is 0.21915538953657965...
Loop86 pFBA...5000.0...Ave likelihood of: cpd00106_c is 0.18994414689424882...
Loop87 pFBA...7729.0...Ave likelihood of: cpd00141_c is 0.32465937227837366...
Loop88 pFBA...20256.0...Ave likelihood of: cpd00216_c is 0.2229691445106352...
Loop89 pFBA...4803.0...Ave likelihood of: cpd00036_c is 0.22811528452086902...
Loop90 pFBA...16959.0...Ave likelihood of: cpd00581_c is 0.32585272138144133...
Loop91 pFBA...4747.0...Ave likelihood of: cpd00128_c is 0.34568696667468185...
Loop92 pFBA...5862.0...Ave likelihood of: cpd00018_c is 0.2797419754859346...
Loop93 pFBA...5862.0...Ave likelihood of: cpd00091_c is 0.2797419754859346...
Loop94 pFBA...3618.0...Ave likelihood of: cpd00092_c is 0.32161526079348957...
Loop95 pFBA...64040.0...Ave likelihood of: cpd00305_c is 0.12205301129782042...
Loop96 pFBA...14057.0...Ave likelihood of: cpd00220_c is 0.17266614833107524...
Loop97 pFBA...14714.0...Ave likelihood of: cpd00218_c is 0.21082220029974125...
Loop98 pFBA...15061.0...Ave likelihood of: cpd00215_c is 0.34772907379865015...
Loop99 pFBA...28700.0...Ave likelihood of: cpd00104_c is 0.17044770187973052...
Loop100 pFBA...35898.0...Ave likelihood of: cpd00393_c is 0.17249079359325364...
Loop101 pFBA...6411.0...Ave likelihood of: cpd00363_c is 0.386260977071689...
Loop102 pFBA...8588.0...Ave likelihood of: cpd00281_c is 0.20165915085037006...
Loop103 pFBA...4208.0...Ave likelihood of: cpd00025_c is 0.38108644940149833...
Loop104 pFBA...20459.0...Ave likelihood of: cpd00811_c is 0.3021503397782242...
Loop105 pFBA...6368.0...Ave likelihood of: cpd00714_c is 0.42568701745945503...
Loop106 pFBA...5558.0...Ave likelihood of: cpd00117_c is 0.4737629238472739...
Loop107 pFBA...6841.0...Ave likelihood of: cpd00186_c is 0.359851302978676...
Loop108 pFBA...21550.0...Ave likelihood of: cpd00637_c is 0.2499841420798157...
Loop109 pFBA...6443.0...Ave likelihood of: cpd00550_c is 0.30293786077812196...
Loop110 pFBA...4055.0...Ave likelihood of: cpd00033_c is 0.22871195693747376...
Loop111 pFBA...5436.0...Ave likelihood of: cpd00035_c is 0.4737629238472739...
Loop112 pFBA...18216.0...Ave likelihood of: cpd00051_c is 0.2722624985167721...
Loop113 pFBA...7914.0...Ave likelihood of: cpd00132_c is 0.24981397982169853...
Loop114 pFBA...5183.0...Ave likelihood of: cpd00041_c is 0.2229501256631122...
Loop115 pFBA...13731.0...Ave likelihood of: cpd00084_c is 0.2422150392153669...
Loop116 pFBA...6592.0...Ave likelihood of: cpd00023_c is 0.281549980630481...
Loop117 pFBA...9082.0...Ave likelihood of: cpd00053_c is 0.3109460636131864...
Loop118 pFBA...16391.0...Ave likelihood of: cpd00119_c is 0.32335287460216744...
Loop119 pFBA...16750.0...Ave likelihood of: cpd00322_c is 0.2401890088980628...
Loop120 pFBA...14214.0...Ave likelihood of: cpd00107_c is 0.2638194276817276...
Loop121 pFBA...17721.0...Ave likelihood of: cpd00039_c is 0.28502823677091155...
Loop122 pFBA...20550.0...Ave likelihood of: cpd00060_c is 0.25327340710718166...
Loop123 pFBA...20935.0...Ave likelihood of: cpd00066_c is 0.22688273976418538...
Loop124 pFBA...10285.0...Ave likelihood of: cpd00129_c is 0.20135493643767494...
Loop125 pFBA...5443.0...Ave likelihood of: cpd00054_c is 0.3092490662109995...
Loop126 pFBA...7513.0...Ave likelihood of: cpd00161_c is 0.34563790960042773...
Loop127 pFBA...27275.0...Ave likelihood of: cpd00065_c is 0.24962220906419075...
Loop128 pFBA...18472.0...Ave likelihood of: cpd00069_c is 0.19730011188718402...
Loop129 pFBA...7672.0...Ave likelihood of: cpd00156_c is 0.33290016626388613...
Loop130 pFBA...24118.0...Ave likelihood of: cpd00098_c is 0.24235063119518058...
Loop131 pFBA...14175.0...Ave likelihood of: cpd00274_c is 0.19377741375278004...
Loop132 pFBA...6631.0...Ave likelihood of: cpd00226_c is 0.32596541871399276...
Loop133 pFBA...4643.0...Ave likelihood of: cpd00246_c is 0.223424236769614...
Loop134 pFBA...20434.0...Ave likelihood of: cpd00374_c is 0.21288253706791407...
Loop135 pFBA...4960.0...Ave likelihood of: cpd00221_c is 0.19144823065788794...
Loop136 pFBA...4316.0...Ave likelihood of: cpd00159_c is 0.3466434956581647...
Loop137 pFBA...10484.0...Ave likelihood of: cpd00211_c is 0.3808365842012364...
Loop138 pFBA...3766.0...Ave likelihood of: cpd00047_c is 0.21915538953657965...
Loop139 pFBA...5000.0...Ave likelihood of: cpd00106_c is 0.18994414689424882...
Loop140 pFBA...7681.0...Ave likelihood of: cpd00141_c is 0.3712897290795611...
Loop141 pFBA...19634.0...Ave likelihood of: cpd00216_c is 0.2313161646513574...
Loop142 pFBA...4803.0...Ave likelihood of: cpd00036_c is 0.22811528452086902...
Loop143 pFBA...16959.0...Ave likelihood of: cpd00581_c is 0.32585272138144133...
Loop144 pFBA...4747.0...Ave likelihood of: cpd00128_c is 0.34568696667468185...
Loop145 pFBA...5862.0...Ave likelihood of: cpd00018_c is 0.2797419754859346...
Loop146 pFBA...5862.0...Ave likelihood of: cpd00091_c is 0.2797419754859346...
Loop147 pFBA...3618.0...Ave likelihood of: cpd00092_c is 0.32161526079348957...
Loop148 pFBA...64040.0...Ave likelihood of: cpd00305_c is 0.12331128976480825...
Loop149 pFBA...13960.0...Ave likelihood of: cpd00220_c is 0.2771327894580992...
Loop150 pFBA...14667.0...Ave likelihood of: cpd00218_c is 0.14575205421744583...
Loop151 pFBA...14752.0...Ave likelihood of: cpd00215_c is 0.24700855975850156...
Loop152 pFBA...28692.0...Ave likelihood of: cpd00104_c is 0.20022581602086706...
Loop153 pFBA...35889.0...Ave likelihood of: cpd00393_c is 0.15344727331747915...
Loop154 pFBA...6086.0...Ave likelihood of: cpd00363_c is 0.4344264783306395...
Loop155 pFBA...8588.0...Ave likelihood of: cpd00281_c is 0.20165915085037006...
Loop156 pFBA...4142.0...Ave likelihood of: cpd00025_c is 0.30776521133917684...
Loop157 pFBA...19992.0...Ave likelihood of: cpd00811_c is 0.27115711845203216...
Loop158 pFBA...6153.0...Ave likelihood of: cpd00714_c is 0.2949038822060419...
32.9364186009mins to complete!
