
The following have been reloaded with a version change:
  1) anaconda2/4.4.0 => anaconda2/5.1.0

Loading in models...Adding Water...Remove no-like rxns...Pruned 1 metabolites from model
Pruned 1 reactions from model
Set-up Universal...63.0seconds to complete

Loop0 pFBA...5568.0...Ave likelihood of: cpd00117_c is 0.47173645280378573...
Loop1 pFBA...6841.0...Ave likelihood of: cpd00186_c is 0.3598513020676995...
Loop2 pFBA...21395.0...Ave likelihood of: cpd00637_c is 0.27680175149702085...
Loop3 pFBA...6440.0...Ave likelihood of: cpd00550_c is 0.3449148993245813...
Loop4 pFBA...4060.0...Ave likelihood of: cpd00033_c is 0.25399918248535214...
Loop5 pFBA...5445.0...Ave likelihood of: cpd00035_c is 0.47173645280378573...
Loop6 pFBA...18149.0...Ave likelihood of: cpd00051_c is 0.30938718867924875...
Loop7 pFBA...7913.0...Ave likelihood of: cpd00132_c is 0.2498396425211246...
Loop8 pFBA...5182.0...Ave likelihood of: cpd00041_c is 0.22297931942230279...
Loop9 pFBA...13633.0...Ave likelihood of: cpd00084_c is 0.27065579754582303...
Loop10 pFBA...6592.0...Ave likelihood of: cpd00023_c is 0.28154997953730915...
Loop11 pFBA...9082.0...Ave likelihood of: cpd00053_c is 0.3109407074037007...
Loop12 pFBA...16373.0...Ave likelihood of: cpd00119_c is 0.3236946926803211...
Loop13 pFBA...16745.0...Ave likelihood of: cpd00322_c is 0.35351872547078333...
Loop14 pFBA...14213.0...Ave likelihood of: cpd00107_c is 0.2638910259631295...
Loop15 pFBA...17689.0...Ave likelihood of: cpd00039_c is 0.3035979687637259...
Loop16 pFBA...20395.0...Ave likelihood of: cpd00060_c is 0.28035049190082884...
Loop17 pFBA...20621.0...Ave likelihood of: cpd00066_c is 0.23831145251557379...
Loop18 pFBA...10265.0...Ave likelihood of: cpd00129_c is 0.20315649029139735...
Loop19 pFBA...5440.0...Ave likelihood of: cpd00054_c is 0.35195397890263397...
Loop20 pFBA...7362.0...Ave likelihood of: cpd00161_c is 0.39771087806085015...
Loop21 pFBA...27277.0...Ave likelihood of: cpd00065_c is 0.24957934797854273...
Loop22 pFBA...18338.0...Ave likelihood of: cpd00069_c is 0.21039672853521854...
Loop23 pFBA...7674.0...Ave likelihood of: cpd00156_c is 0.33246202974897066...
Loop24 pFBA...23669.0...Ave likelihood of: cpd00098_c is 0.24498226140221616...
Loop25 pFBA...14167.0...Ave likelihood of: cpd00274_c is 0.19437183243221917...
Loop26 pFBA...6703.0...Ave likelihood of: cpd00226_c is 0.3230420319033539...
Loop27 pFBA...4455.0...Ave likelihood of: cpd00246_c is 0.439104436289522...
Loop28 pFBA...20079.0...Ave likelihood of: cpd00374_c is 0.227989120889047...
Loop29 pFBA...4760.0...Ave likelihood of: cpd00221_c is 0.4232229517215369...
Loop30 pFBA...4283.0...Ave likelihood of: cpd00159_c is 0.4212353388933458...
Loop31 pFBA...10346.0...Ave likelihood of: cpd00211_c is 0.3539098516304062...
Loop32 pFBA...3766.0...Ave likelihood of: cpd00047_c is 0.2903921729260605...
Loop33 pFBA...4999.0...Ave likelihood of: cpd00106_c is 0.18996212261571793...
Loop34 pFBA...7573.0...Ave likelihood of: cpd00141_c is 0.41209371341867373...
Loop35 pFBA...19251.0...Ave likelihood of: cpd00216_c is 0.23529709544486455...
Loop36 pFBA...4802.0...Ave likelihood of: cpd00036_c is 0.22815376720343838...
Loop37 pFBA...16941.0...Ave likelihood of: cpd00581_c is 0.32621426852304714...
Loop38 pFBA...4763.0...Ave likelihood of: cpd00128_c is 0.2214768914966008...
Loop39 pFBA...5862.0...Ave likelihood of: cpd00018_c is 0.2797531420252705...
Loop40 pFBA...5862.0...Ave likelihood of: cpd00091_c is 0.2797531420252705...
Loop41 pFBA...3613.0...Ave likelihood of: cpd00092_c is 0.3660614566883388...
Loop42 pFBA...63957.0...Ave likelihood of: cpd00305_c is 0.1565708402469836...
Loop43 pFBA...13696.0...Ave likelihood of: cpd00220_c is 0.3114072768532661...
Loop44 pFBA...14487.0...Ave likelihood of: cpd00218_c is 0.21187425089419318...
Loop45 pFBA...14601.0...Ave likelihood of: cpd00215_c is 0.29694151470172114...
Loop46 pFBA...28671.0...Ave likelihood of: cpd00104_c is 0.21159495572700265...
Loop47 pFBA...36064.0...Ave likelihood of: cpd00393_c is 0.16967214681421552...
Loop48 pFBA...5718.0...Ave likelihood of: cpd00363_c is 0.5634541738726638...
Loop49 pFBA...8589.0...Ave likelihood of: cpd00281_c is 0.20163465468479172...
Loop50 pFBA...4024.0...Ave likelihood of: cpd00025_c is 0.29828956510893345...
Loop51 pFBA...19608.0...Ave likelihood of: cpd00811_c is 0.257721232184938...
Loop52 pFBA...5423.0...Ave likelihood of: cpd00714_c is 0.3705711025985996...
Loop53 pFBA...5568.0...Ave likelihood of: cpd00117_c is 0.47173645280378573...
Loop54 pFBA...6841.0...Ave likelihood of: cpd00186_c is 0.3598513020676995...
Loop55 pFBA...21671.0...Ave likelihood of: cpd00637_c is 0.2767892999405907...
Loop56 pFBA...6503.0...Ave likelihood of: cpd00550_c is 0.29643651740534577...
Loop57 pFBA...4061.0...Ave likelihood of: cpd00033_c is 0.24117281710401942...
Loop58 pFBA...5445.0...Ave likelihood of: cpd00035_c is 0.47173645280378573...
Loop59 pFBA...18356.0...Ave likelihood of: cpd00051_c is 0.2578494731874191...
Loop60 pFBA...7913.0...Ave likelihood of: cpd00132_c is 0.2498396425211246...
Loop61 pFBA...5182.0...Ave likelihood of: cpd00041_c is 0.22297931942230279...
Loop62 pFBA...13760.0...Ave likelihood of: cpd00084_c is 0.24689652404890924...
Loop63 pFBA...6592.0...Ave likelihood of: cpd00023_c is 0.28154997953730915...
Loop64 pFBA...9082.0...Ave likelihood of: cpd00053_c is 0.3109407074037007...
Loop65 pFBA...16373.0...Ave likelihood of: cpd00119_c is 0.3301685865339275...
Loop66 pFBA...16754.0...Ave likelihood of: cpd00322_c is 0.23975714307784465...
Loop67 pFBA...14213.0...Ave likelihood of: cpd00107_c is 0.2638910259631295...
Loop68 pFBA...17911.0...Ave likelihood of: cpd00039_c is 0.3399909933756069...
Loop69 pFBA...20671.0...Ave likelihood of: cpd00060_c is 0.2801241107832484...
Loop70 pFBA...21491.0...Ave likelihood of: cpd00066_c is 0.2278912223938197...
Loop71 pFBA...10265.0...Ave likelihood of: cpd00129_c is 0.20315649029139735...
Loop72 pFBA...5503.0...Ave likelihood of: cpd00054_c is 0.3155614540121422...
Loop73 pFBA...7660.0...Ave likelihood of: cpd00161_c is 0.3645895753076163...
Loop74 pFBA...27277.0...Ave likelihood of: cpd00065_c is 0.24957934797854273...
Loop75 pFBA...18893.0...Ave likelihood of: cpd00069_c is 0.23688077432452165...
Loop76 pFBA...7674.0...Ave likelihood of: cpd00156_c is 0.33246202974897066...
Loop77 pFBA...24570.0...Ave likelihood of: cpd00098_c is 0.26995360203629803...
Loop78 pFBA...14167.0...Ave likelihood of: cpd00274_c is 0.19437183243221917...
Loop79 pFBA...6703.0...Ave likelihood of: cpd00226_c is 0.3230420319033539...
Loop80 pFBA...4793.0...Ave likelihood of: cpd00246_c is 0.35594739968232425...
Loop81 pFBA...20853.0...Ave likelihood of: cpd00374_c is 0.21796727942153116...
Loop82 pFBA...5085.0...Ave likelihood of: cpd00221_c is 0.34920490446370067...
Loop83 pFBA...4347.0...Ave likelihood of: cpd00159_c is 0.38309200122641296...
Loop84 pFBA...10515.0...Ave likelihood of: cpd00211_c is 0.2137986755294462...
Loop85 pFBA...3766.0...Ave likelihood of: cpd00047_c is 0.21919161765230497...
Loop86 pFBA...4999.0...Ave likelihood of: cpd00106_c is 0.18996212261571793...
Loop87 pFBA...7735.0...Ave likelihood of: cpd00141_c is 0.32358822775130874...
Loop88 pFBA...20366.0...Ave likelihood of: cpd00216_c is 0.2239085990449695...
Loop89 pFBA...4802.0...Ave likelihood of: cpd00036_c is 0.22815376720343838...
Loop90 pFBA...16941.0...Ave likelihood of: cpd00581_c is 0.32621426852304714...
Loop91 pFBA...4763.0...Ave likelihood of: cpd00128_c is 0.2214768914966008...
Loop92 pFBA...5862.0...Ave likelihood of: cpd00018_c is 0.2797531420252705...
Loop93 pFBA...5862.0...Ave likelihood of: cpd00091_c is 0.2797531420252705...
Loop94 pFBA...3623.0...Ave likelihood of: cpd00092_c is 0.32083535442669875...
Loop95 pFBA...64128.0...Ave likelihood of: cpd00305_c is 0.12052692964885908...
Loop96 pFBA...14141.0...Ave likelihood of: cpd00220_c is 0.1732439297871578...
Loop97 pFBA...14732.0...Ave likelihood of: cpd00218_c is 0.20914369981844372...
Loop98 pFBA...15148.0...Ave likelihood of: cpd00215_c is 0.34460171774231646...
Loop99 pFBA...28721.0...Ave likelihood of: cpd00104_c is 0.1690157918713804...
Loop100 pFBA...36074.0...Ave likelihood of: cpd00393_c is 0.16964777579661272...
Loop101 pFBA...6437.0...Ave likelihood of: cpd00363_c is 0.3839580622249034...
Loop102 pFBA...8589.0...Ave likelihood of: cpd00281_c is 0.20163465468479172...
Loop103 pFBA...4208.0...Ave likelihood of: cpd00025_c is 0.3805691934001052...
Loop104 pFBA...20477.0...Ave likelihood of: cpd00811_c is 0.29993463861261577...
Loop105 pFBA...6380.0...Ave likelihood of: cpd00714_c is 0.4246542179411064...
Loop106 pFBA...5568.0...Ave likelihood of: cpd00117_c is 0.47173645280378573...
Loop107 pFBA...6841.0...Ave likelihood of: cpd00186_c is 0.3598513020676995...
Loop108 pFBA...21574.0...Ave likelihood of: cpd00637_c is 0.2441990601520216...
Loop109 pFBA...6459.0...Ave likelihood of: cpd00550_c is 0.3003084063513785...
Loop110 pFBA...4061.0...Ave likelihood of: cpd00033_c is 0.22680349426690646...
Loop111 pFBA...5445.0...Ave likelihood of: cpd00035_c is 0.47173645280378573...
Loop112 pFBA...18239.0...Ave likelihood of: cpd00051_c is 0.2714689674688718...
Loop113 pFBA...7913.0...Ave likelihood of: cpd00132_c is 0.2498396425211246...
Loop114 pFBA...5182.0...Ave likelihood of: cpd00041_c is 0.22297931942230279...
Loop115 pFBA...13747.0...Ave likelihood of: cpd00084_c is 0.23306623493670792...
Loop116 pFBA...6592.0...Ave likelihood of: cpd00023_c is 0.28154997953730915...
Loop117 pFBA...9082.0...Ave likelihood of: cpd00053_c is 0.3109407074037007...
Loop118 pFBA...16373.0...Ave likelihood of: cpd00119_c is 0.3236946926803211...
Loop119 pFBA...16754.0...Ave likelihood of: cpd00322_c is 0.23975714307784465...
Loop120 pFBA...14213.0...Ave likelihood of: cpd00107_c is 0.2638910259631295...
Loop121 pFBA...17743.0...Ave likelihood of: cpd00039_c is 0.2836133926552515...
Loop122 pFBA...20574.0...Ave likelihood of: cpd00060_c is 0.25079903475072496...
Loop123 pFBA...20980.0...Ave likelihood of: cpd00066_c is 0.22526310216147682...
Loop124 pFBA...10265.0...Ave likelihood of: cpd00129_c is 0.20315649029139735...
Loop125 pFBA...5459.0...Ave likelihood of: cpd00054_c is 0.3065648314836989...
Loop126 pFBA...7525.0...Ave likelihood of: cpd00161_c is 0.36744243010977456...
Loop127 pFBA...27277.0...Ave likelihood of: cpd00065_c is 0.24957934797854273...
Loop128 pFBA...18506.0...Ave likelihood of: cpd00069_c is 0.19578750012081383...
Loop129 pFBA...7674.0...Ave likelihood of: cpd00156_c is 0.33246202974897066...
Loop130 pFBA...24155.0...Ave likelihood of: cpd00098_c is 0.24018099479086205...
Loop131 pFBA...14167.0...Ave likelihood of: cpd00274_c is 0.19437183243221917...
Loop132 pFBA...6703.0...Ave likelihood of: cpd00226_c is 0.3230420319033539...
Loop133 pFBA...4642.0...Ave likelihood of: cpd00246_c is 0.2658792989041168...
Loop134 pFBA...20468.0...Ave likelihood of: cpd00374_c is 0.21438374052474288...
Loop135 pFBA...4968.0...Ave likelihood of: cpd00221_c is 0.1903532576806164...
Loop136 pFBA...4333.0...Ave likelihood of: cpd00159_c is 0.345799755304189...
Loop137 pFBA...10491.0...Ave likelihood of: cpd00211_c is 0.3366086753150225...
Loop138 pFBA...3766.0...Ave likelihood of: cpd00047_c is 0.21919161765230497...
Loop139 pFBA...4999.0...Ave likelihood of: cpd00106_c is 0.18996212261571793...
Loop140 pFBA...7680.0...Ave likelihood of: cpd00141_c is 0.371164937886474...
Loop141 pFBA...19676.0...Ave likelihood of: cpd00216_c is 0.22920135568999506...
Loop142 pFBA...4802.0...Ave likelihood of: cpd00036_c is 0.22815376720343838...
Loop143 pFBA...16941.0...Ave likelihood of: cpd00581_c is 0.32621426852304714...
Loop144 pFBA...4763.0...Ave likelihood of: cpd00128_c is 0.2214768914966008...
Loop145 pFBA...5862.0...Ave likelihood of: cpd00018_c is 0.2797531420252705...
Loop146 pFBA...5862.0...Ave likelihood of: cpd00091_c is 0.2797531420252705...
Loop147 pFBA...3623.0...Ave likelihood of: cpd00092_c is 0.32083535442669875...
Loop148 pFBA...64128.0...Ave likelihood of: cpd00305_c is 0.1205269296488591...
Loop149 pFBA...13987.0...Ave likelihood of: cpd00220_c is 0.2752160007088372...
Loop150 pFBA...14685.0...Ave likelihood of: cpd00218_c is 0.13381619667800773...
Loop151 pFBA...14831.0...Ave likelihood of: cpd00215_c is 0.24069340451030488...
Loop152 pFBA...28712.0...Ave likelihood of: cpd00104_c is 0.19634262740433245...
Loop153 pFBA...36064.0...Ave likelihood of: cpd00393_c is 0.15135180397052514...
Loop154 pFBA...6096.0...Ave likelihood of: cpd00363_c is 0.4332938145925075...
Loop155 pFBA...8589.0...Ave likelihood of: cpd00281_c is 0.20163465468479172...
Loop156 pFBA...4141.0...Ave likelihood of: cpd00025_c is 0.31945845108445636...
Loop157 pFBA...19993.0...Ave likelihood of: cpd00811_c is 0.27094482490608873...
Loop158 pFBA...6167.0...Ave likelihood of: cpd00714_c is 0.293415943645833...
32.4354812503mins to complete!
