
The following have been reloaded with a version change:
  1) anaconda2/4.4.0 => anaconda2/5.1.0

Loading in models...Adding Water...Remove no-like rxns...Pruned 1 metabolites from model
Pruned 1 reactions from model
Set-up Universal...62.0seconds to complete

Loop0 pFBA...5546.0...Ave likelihood of: cpd00117_c is 0.2804569450308386...
Loop1 pFBA...7587.0...Ave likelihood of: cpd00186_c is 0.2355808950113668...
Loop2 pFBA...22477.0...Ave likelihood of: cpd00637_c is 0.18503940515341522...
Loop3 pFBA...6482.0...Ave likelihood of: cpd00550_c is 0.289747701994824...
Loop4 pFBA...4241.0...Ave likelihood of: cpd00033_c is 0.20609376614019886...
Loop5 pFBA...5419.0...Ave likelihood of: cpd00035_c is 0.2804569450308386...
Loop6 pFBA...18756.0...Ave likelihood of: cpd00051_c is 0.22010254668104556...
Loop7 pFBA...8283.0...Ave likelihood of: cpd00132_c is 0.1685530979228546...
Loop8 pFBA...5635.0...Ave likelihood of: cpd00041_c is 0.10402826192788416...
Loop9 pFBA...13715.0...Ave likelihood of: cpd00084_c is 0.20653471411181945...
Loop10 pFBA...7356.0...Ave likelihood of: cpd00023_c is 0.1288926277499483...
Loop11 pFBA...9940.0...Ave likelihood of: cpd00053_c is 0.14138326876746105...
Loop12 pFBA...22146.0...Ave likelihood of: cpd00119_c is 0.10844490699847245...
Loop13 pFBA...17617.0...Ave likelihood of: cpd00322_c is 0.24669235733780345...
Loop14 pFBA...14810.0...Ave likelihood of: cpd00107_c is 0.24574763064809937...
Loop15 pFBA...17076.0...Ave likelihood of: cpd00039_c is 0.3041839864890928...
Loop16 pFBA...21477.0...Ave likelihood of: cpd00060_c is 0.18707280521004613...
Loop17 pFBA...21281.0...Ave likelihood of: cpd00066_c is 0.22850879488275783...
Loop18 pFBA...11356.0...Ave likelihood of: cpd00129_c is 0.06441673023760108...
Loop19 pFBA...5482.0...Ave likelihood of: cpd00054_c is 0.2975787209676571...
Loop20 pFBA...7773.0...Ave likelihood of: cpd00161_c is 0.29131744330279524...
Loop21 pFBA...29604.0...Ave likelihood of: cpd00065_c is 0.1276299739995358...
Loop22 pFBA...19062.0...Ave likelihood of: cpd00069_c is 0.22289502626198124...
Loop23 pFBA...8576.0...Ave likelihood of: cpd00156_c is 0.24268468519491404...
Loop24 pFBA...24334.0...Ave likelihood of: cpd00098_c is 0.18966356465558395...
Loop25 pFBA...15516.0...Ave likelihood of: cpd00274_c is 0.2526824571740463...
Loop26 pFBA...6660.0...Ave likelihood of: cpd00226_c is 0.29669093868546054...
Loop27 pFBA...4666.0...Ave likelihood of: cpd00246_c is 0.2495850356566695...
Loop28 pFBA...20985.0...Ave likelihood of: cpd00374_c is 0.22301633806456592...
Loop29 pFBA...4323.0...Ave likelihood of: cpd00221_c is 0.31918702008570793...
Loop30 pFBA...4152.0...Ave likelihood of: cpd00159_c is 0.369253340867502...
Loop31 pFBA...10320.0...Ave likelihood of: cpd00211_c is 0.30457324758304066...
Loop32 pFBA...4060.0...Ave likelihood of: cpd00047_c is 0.301268251108705...
Loop33 pFBA...5280.0...Ave likelihood of: cpd00106_c is 0.08836585868628989...
Loop34 pFBA...7803.0...Ave likelihood of: cpd00141_c is 0.31276112436923736...
Loop35 pFBA...20355.0...Ave likelihood of: cpd00216_c is 0.17523290208684342...
Loop36 pFBA...5015.0...Ave likelihood of: cpd00036_c is 0.08246835615986023...
Loop37 pFBA...22765.0...Ave likelihood of: cpd00581_c is 0.12393447990084283...
Loop38 pFBA...4909.0...Ave likelihood of: cpd00128_c is 0.1412624601116797...
Loop39 pFBA...6089.0...Ave likelihood of: cpd00018_c is 0.3007997689747633...
Loop40 pFBA...5429.0...Ave likelihood of: cpd00091_c is 0.34480686744403743...
Loop41 pFBA...3946.0...Ave likelihood of: cpd00092_c is 0.1898641510839962...
Loop42 pFBA...63061.0...Ave likelihood of: cpd00305_c is 0.15977402461711823...
Loop43 pFBA...12369.0...Ave likelihood of: cpd00220_c is 0.18786042125680838...
Loop44 pFBA...14703.0...Ave likelihood of: cpd00218_c is 0.14219604089945861...
Loop45 pFBA...14631.0...Ave likelihood of: cpd00215_c is 0.22077126807477648...
Loop46 pFBA...28981.0...Ave likelihood of: cpd00104_c is 0.15282754412193741...
Loop47 pFBA...36597.0...Ave likelihood of: cpd00393_c is 0.21436619989216515...
Loop48 pFBA...6290.0...Ave likelihood of: cpd00363_c is 0.3995124168294676...
Loop49 pFBA...9356.0...Ave likelihood of: cpd00281_c is 0.0920661626785345...
Loop50 pFBA...4165.0...Ave likelihood of: cpd00025_c is 0.23832906564128356...
Loop51 pFBA...20391.0...Ave likelihood of: cpd00811_c is 0.22732435543740312...
Loop52 pFBA...5546.0...Ave likelihood of: cpd00117_c is 0.2804569450308386...
Loop53 pFBA...7587.0...Ave likelihood of: cpd00186_c is 0.2355808950113668...
Loop54 pFBA...22566.0...Ave likelihood of: cpd00637_c is 0.1774301728691923...
Loop55 pFBA...6531.0...Ave likelihood of: cpd00550_c is 0.30136523198471005...
Loop56 pFBA...4241.0...Ave likelihood of: cpd00033_c is 0.20609376614019886...
Loop57 pFBA...5419.0...Ave likelihood of: cpd00035_c is 0.2804569450308386...
Loop58 pFBA...18941.0...Ave likelihood of: cpd00051_c is 0.2195203988884692...
Loop59 pFBA...8283.0...Ave likelihood of: cpd00132_c is 0.1685530979228546...
Loop60 pFBA...5635.0...Ave likelihood of: cpd00041_c is 0.10402826192788416...
Loop61 pFBA...13951.0...Ave likelihood of: cpd00084_c is 0.21271697048555152...
Loop62 pFBA...7356.0...Ave likelihood of: cpd00023_c is 0.1288926277499483...
Loop63 pFBA...9940.0...Ave likelihood of: cpd00053_c is 0.14138326876746105...
Loop64 pFBA...22146.0...Ave likelihood of: cpd00119_c is 0.10844490699847245...
Loop65 pFBA...17676.0...Ave likelihood of: cpd00322_c is 0.19672762331125238...
Loop66 pFBA...14810.0...Ave likelihood of: cpd00107_c is 0.24574763064809937...
Loop67 pFBA...17163.0...Ave likelihood of: cpd00039_c is 0.32227230467433554...
Loop68 pFBA...21566.0...Ave likelihood of: cpd00060_c is 0.17951758666765338...
Loop69 pFBA...21819.0...Ave likelihood of: cpd00066_c is 0.17049577553539266...
Loop70 pFBA...11356.0...Ave likelihood of: cpd00129_c is 0.06441673023760108...
Loop71 pFBA...5531.0...Ave likelihood of: cpd00054_c is 0.3245471729066108...
Loop72 pFBA...7845.0...Ave likelihood of: cpd00161_c is 0.23487226091951366...
Loop73 pFBA...29604.0...Ave likelihood of: cpd00065_c is 0.12308073754057001...
Loop74 pFBA...19446.0...Ave likelihood of: cpd00069_c is 0.20666437402717577...
Loop75 pFBA...8576.0...Ave likelihood of: cpd00156_c is 0.24268468519491404...
Loop76 pFBA...24652.0...Ave likelihood of: cpd00098_c is 0.12486317545952505...
Loop77 pFBA...15743.0...Ave likelihood of: cpd00274_c is 0.2530619461439908...
Loop78 pFBA...6660.0...Ave likelihood of: cpd00226_c is 0.29669093868546054...
Loop79 pFBA...4934.0...Ave likelihood of: cpd00246_c is 0.2215415536344419...
Loop80 pFBA...21667.0...Ave likelihood of: cpd00374_c is 0.21057836538118166...
Loop81 pFBA...4488.0...Ave likelihood of: cpd00221_c is 0.28455894263268683...
Loop82 pFBA...4299.0...Ave likelihood of: cpd00159_c is 0.36182486312807965...
Loop83 pFBA...10453.0...Ave likelihood of: cpd00211_c is 0.18359906088875064...
Loop84 pFBA...4186.0...Ave likelihood of: cpd00047_c is 0.19346121468396157...
Loop85 pFBA...5280.0...Ave likelihood of: cpd00106_c is 0.08836585868628989...
Loop86 pFBA...7932.0...Ave likelihood of: cpd00141_c is 0.18509130021176637...
Loop87 pFBA...20680.0...Ave likelihood of: cpd00216_c is 0.21294587665578363...
Loop88 pFBA...5015.0...Ave likelihood of: cpd00036_c is 0.08246835615986023...
Loop89 pFBA...22765.0...Ave likelihood of: cpd00581_c is 0.12393447990084283...
Loop90 pFBA...4909.0...Ave likelihood of: cpd00128_c is 0.1412624601116797...
Loop91 pFBA...6089.0...Ave likelihood of: cpd00018_c is 0.3007997689747633...
Loop92 pFBA...5429.0...Ave likelihood of: cpd00091_c is 0.34480686744403743...
Loop93 pFBA...3946.0...Ave likelihood of: cpd00092_c is 0.1898641510839962...
Loop94 pFBA...63063.0...Ave likelihood of: cpd00305_c is 0.1656432452869182...
Loop95 pFBA...12369.0...Ave likelihood of: cpd00220_c is 0.1992459013329786...
Loop96 pFBA...14703.0...Ave likelihood of: cpd00218_c is 0.13997422776040452...
Loop97 pFBA...15179.0...Ave likelihood of: cpd00215_c is 0.20115928570937805...
Loop98 pFBA...29024.0...Ave likelihood of: cpd00104_c is 0.13436159504501966...
Loop99 pFBA...36597.0...Ave likelihood of: cpd00393_c is 0.21436619989216515...
Loop100 pFBA...6632.0...Ave likelihood of: cpd00363_c is 0.30617131590167557...
Loop101 pFBA...9356.0...Ave likelihood of: cpd00281_c is 0.0920661626785345...
Loop102 pFBA...4287.0...Ave likelihood of: cpd00025_c is 0.2924366224364507...
Loop103 pFBA...21305.0...Ave likelihood of: cpd00811_c is 0.1680647175554005...
Loop104 pFBA...5546.0...Ave likelihood of: cpd00117_c is 0.2804569450308386...
Loop105 pFBA...7587.0...Ave likelihood of: cpd00186_c is 0.2355808950113668...
Loop106 pFBA...22410.0...Ave likelihood of: cpd00637_c is 0.19533507265643996...
Loop107 pFBA...6523.0...Ave likelihood of: cpd00550_c is 0.2719153963088897...
Loop108 pFBA...4241.0...Ave likelihood of: cpd00033_c is 0.20609376614019886...
Loop109 pFBA...5419.0...Ave likelihood of: cpd00035_c is 0.2804569450308386...
Loop110 pFBA...18742.0...Ave likelihood of: cpd00051_c is 0.21916813990104658...
Loop111 pFBA...8283.0...Ave likelihood of: cpd00132_c is 0.1685530979228546...
Loop112 pFBA...5635.0...Ave likelihood of: cpd00041_c is 0.10031296685903114...
Loop113 pFBA...13915.0...Ave likelihood of: cpd00084_c is 0.19540825074652393...
Loop114 pFBA...7356.0...Ave likelihood of: cpd00023_c is 0.1288926277499483...
Loop115 pFBA...9940.0...Ave likelihood of: cpd00053_c is 0.14138326876746105...
Loop116 pFBA...22146.0...Ave likelihood of: cpd00119_c is 0.10844490699847245...
Loop117 pFBA...17585.0...Ave likelihood of: cpd00322_c is 0.24997077322849873...
Loop118 pFBA...14810.0...Ave likelihood of: cpd00107_c is 0.24574763064809937...
Loop119 pFBA...17127.0...Ave likelihood of: cpd00039_c is 0.27230411762660695...
Loop120 pFBA...21410.0...Ave likelihood of: cpd00060_c is 0.19760641071058457...
Loop121 pFBA...21116.0...Ave likelihood of: cpd00066_c is 0.2142152033545925...
Loop122 pFBA...11356.0...Ave likelihood of: cpd00129_c is 0.06441673023760108...
Loop123 pFBA...5523.0...Ave likelihood of: cpd00054_c is 0.2719153963088897...
Loop124 pFBA...7771.0...Ave likelihood of: cpd00161_c is 0.29082930377243343...
Loop125 pFBA...29604.0...Ave likelihood of: cpd00065_c is 0.12483903379114959...
Loop126 pFBA...18921.0...Ave likelihood of: cpd00069_c is 0.21610837091476934...
Loop127 pFBA...8576.0...Ave likelihood of: cpd00156_c is 0.24268468519491404...
Loop128 pFBA...24184.0...Ave likelihood of: cpd00098_c is 0.21044595825429943...
Loop129 pFBA...15742.0...Ave likelihood of: cpd00274_c is 0.2967253041990211...
Loop130 pFBA...6660.0...Ave likelihood of: cpd00226_c is 0.29669093868546054...
Loop131 pFBA...4616.0...Ave likelihood of: cpd00246_c is 0.27987234742576256...
Loop132 pFBA...20818.0...Ave likelihood of: cpd00374_c is 0.2010752946068156...
Loop133 pFBA...4423.0...Ave likelihood of: cpd00221_c is 0.2924075702860121...
Loop134 pFBA...4256.0...Ave likelihood of: cpd00159_c is 0.30032474156879696...
Loop135 pFBA...10306.0...Ave likelihood of: cpd00211_c is 0.3034793338826425...
Loop136 pFBA...4148.0...Ave likelihood of: cpd00047_c is 0.3552688569954586...
Loop137 pFBA...5280.0...Ave likelihood of: cpd00106_c is 0.08836585868628989...
Loop138 pFBA...7932.0...Ave likelihood of: cpd00141_c is 0.2296905334141297...
Loop139 pFBA...20079.0...Ave likelihood of: cpd00216_c is 0.17578882971197998...
Loop140 pFBA...5015.0...Ave likelihood of: cpd00036_c is 0.08246835615986023...
Loop141 pFBA...22765.0...Ave likelihood of: cpd00581_c is 0.12393447990084283...
Loop142 pFBA...4909.0...Ave likelihood of: cpd00128_c is 0.1412624601116797...
Loop143 pFBA...6089.0...Ave likelihood of: cpd00018_c is 0.3007997689747633...
Loop144 pFBA...5429.0...Ave likelihood of: cpd00091_c is 0.34480686744403743...
Loop145 pFBA...3946.0...Ave likelihood of: cpd00092_c is 0.1898641510839962...
Loop146 pFBA...63054.0...Ave likelihood of: cpd00305_c is 0.1655861645658675...
Loop147 pFBA...12369.0...Ave likelihood of: cpd00220_c is 0.18786042125680838...
Loop148 pFBA...14703.0...Ave likelihood of: cpd00218_c is 0.13997422776040452...
Loop149 pFBA...14494.0...Ave likelihood of: cpd00215_c is 0.22457606159180535...
Loop150 pFBA...28995.0...Ave likelihood of: cpd00104_c is 0.160803182998947...
Loop151 pFBA...36597.0...Ave likelihood of: cpd00393_c is 0.21436619989216515...
Loop152 pFBA...6269.0...Ave likelihood of: cpd00363_c is 0.4225322670262924...
Loop153 pFBA...9356.0...Ave likelihood of: cpd00281_c is 0.0920661626785345...
Loop154 pFBA...4137.0...Ave likelihood of: cpd00025_c is 0.2550226580249837...
Loop155 pFBA...20199.0...Ave likelihood of: cpd00811_c is 0.23800150514037588...
32.0395829002mins to complete!
