
The following have been reloaded with a version change:
  1) anaconda2/4.4.0 => anaconda2/5.1.0

Loading in models...Adding Water...Remove no-like rxns...Pruned 1 metabolites from model
Pruned 1 reactions from model
Set-up Universal...61.0seconds to complete

Loop0 pFBA...5559.0...Ave likelihood of: cpd00117_c is 0.4736046859370966...
Loop1 pFBA...6841.0...Ave likelihood of: cpd00186_c is 0.3597987109667297...
Loop2 pFBA...21303.0...Ave likelihood of: cpd00637_c is 0.28021741769972375...
Loop3 pFBA...6416.0...Ave likelihood of: cpd00550_c is 0.3479626883483519...
Loop4 pFBA...4057.0...Ave likelihood of: cpd00033_c is 0.2500595560533544...
Loop5 pFBA...5437.0...Ave likelihood of: cpd00035_c is 0.4736046859370966...
Loop6 pFBA...18123.0...Ave likelihood of: cpd00051_c is 0.31120440313541403...
Loop7 pFBA...7914.0...Ave likelihood of: cpd00132_c is 0.24978391840629505...
Loop8 pFBA...5183.0...Ave likelihood of: cpd00041_c is 0.222909071548072...
Loop9 pFBA...13566.0...Ave likelihood of: cpd00084_c is 0.35759757668772185...
Loop10 pFBA...6593.0...Ave likelihood of: cpd00023_c is 0.2814868702161454...
Loop11 pFBA...9082.0...Ave likelihood of: cpd00053_c is 0.3108947899140611...
Loop12 pFBA...16374.0...Ave likelihood of: cpd00119_c is 0.33014651999085415...
Loop13 pFBA...16733.0...Ave likelihood of: cpd00322_c is 0.33899863145018905...
Loop14 pFBA...14210.0...Ave likelihood of: cpd00107_c is 0.2643520942923204...
Loop15 pFBA...17625.0...Ave likelihood of: cpd00039_c is 0.3448287323857367...
Loop16 pFBA...20303.0...Ave likelihood of: cpd00060_c is 0.28380994869587406...
Loop17 pFBA...20473.0...Ave likelihood of: cpd00066_c is 0.2742987992700463...
Loop18 pFBA...10285.0...Ave likelihood of: cpd00129_c is 0.2013262498857042...
Loop19 pFBA...5416.0...Ave likelihood of: cpd00054_c is 0.3553661498025721...
Loop20 pFBA...7254.0...Ave likelihood of: cpd00161_c is 0.41623569991514003...
Loop21 pFBA...27225.0...Ave likelihood of: cpd00065_c is 0.2523149986056983...
Loop22 pFBA...18240.0...Ave likelihood of: cpd00069_c is 0.22738131013199972...
Loop23 pFBA...7671.0...Ave likelihood of: cpd00156_c is 0.33294951463689465...
Loop24 pFBA...23578.0...Ave likelihood of: cpd00098_c is 0.26240729936877116...
Loop25 pFBA...14170.0...Ave likelihood of: cpd00274_c is 0.2715331810046472...
Loop26 pFBA...6687.0...Ave likelihood of: cpd00226_c is 0.32420923211417046...
Loop27 pFBA...4437.0...Ave likelihood of: cpd00246_c is 0.4406109096234129...
Loop28 pFBA...19967.0...Ave likelihood of: cpd00374_c is 0.23989889950110685...
Loop29 pFBA...4761.0...Ave likelihood of: cpd00221_c is 0.4230731575148502...
Loop30 pFBA...4253.0...Ave likelihood of: cpd00159_c is 0.43319176497538664...
Loop31 pFBA...10234.0...Ave likelihood of: cpd00211_c is 0.34287320520664855...
Loop32 pFBA...3752.0...Ave likelihood of: cpd00047_c is 0.29940976556662297...
Loop33 pFBA...5000.0...Ave likelihood of: cpd00106_c is 0.18989950962903623...
Loop34 pFBA...7528.0...Ave likelihood of: cpd00141_c is 0.4158834946379408...
Loop35 pFBA...19041.0...Ave likelihood of: cpd00216_c is 0.23130820759090406...
Loop36 pFBA...4803.0...Ave likelihood of: cpd00036_c is 0.22807539422684558...
Loop37 pFBA...16942.0...Ave likelihood of: cpd00581_c is 0.3261871095754179...
Loop38 pFBA...4763.0...Ave likelihood of: cpd00128_c is 0.22142251010890138...
Loop39 pFBA...5862.0...Ave likelihood of: cpd00018_c is 0.2797051584478886...
Loop40 pFBA...5862.0...Ave likelihood of: cpd00091_c is 0.2797051584478886...
Loop41 pFBA...3604.0...Ave likelihood of: cpd00092_c is 0.3431137445302875...
Loop42 pFBA...63885.0...Ave likelihood of: cpd00305_c is 0.1522838442887682...
Loop43 pFBA...13647.0...Ave likelihood of: cpd00220_c is 0.2843558652412389...
Loop44 pFBA...14456.0...Ave likelihood of: cpd00218_c is 0.2144803022027334...
Loop45 pFBA...14518.0...Ave likelihood of: cpd00215_c is 0.29960287929664237...
Loop46 pFBA...28615.0...Ave likelihood of: cpd00104_c is 0.2168626257985257...
Loop47 pFBA...36056.0...Ave likelihood of: cpd00393_c is 0.18043125939918458...
Loop48 pFBA...5487.0...Ave likelihood of: cpd00363_c is 0.5756780195758664...
Loop49 pFBA...8589.0...Ave likelihood of: cpd00281_c is 0.20159682963279438...
Loop50 pFBA...4012.0...Ave likelihood of: cpd00025_c is 0.3019636283857907...
Loop51 pFBA...19553.0...Ave likelihood of: cpd00811_c is 0.2602582226378335...
Loop52 pFBA...5371.0...Ave likelihood of: cpd00714_c is 0.37605008738899104...
Loop53 pFBA...5559.0...Ave likelihood of: cpd00117_c is 0.4736046859370966...
Loop54 pFBA...6841.0...Ave likelihood of: cpd00186_c is 0.3597987109667297...
Loop55 pFBA...21612.0...Ave likelihood of: cpd00637_c is 0.2838956219089675...
Loop56 pFBA...6487.0...Ave likelihood of: cpd00550_c is 0.3078117812001152...
Loop57 pFBA...4058.0...Ave likelihood of: cpd00033_c is 0.23766324752667858...
Loop58 pFBA...5437.0...Ave likelihood of: cpd00035_c is 0.4736046859370966...
Loop59 pFBA...18328.0...Ave likelihood of: cpd00051_c is 0.2843539771283794...
Loop60 pFBA...7914.0...Ave likelihood of: cpd00132_c is 0.24978391840629505...
Loop61 pFBA...5183.0...Ave likelihood of: cpd00041_c is 0.222909071548072...
Loop62 pFBA...13705.0...Ave likelihood of: cpd00084_c is 0.2928708930406975...
Loop63 pFBA...6593.0...Ave likelihood of: cpd00023_c is 0.2814868702161454...
Loop64 pFBA...9082.0...Ave likelihood of: cpd00053_c is 0.3108947899140611...
Loop65 pFBA...16374.0...Ave likelihood of: cpd00119_c is 0.33014651999085415...
Loop66 pFBA...16745.0...Ave likelihood of: cpd00322_c is 0.20480158907224152...
Loop67 pFBA...14210.0...Ave likelihood of: cpd00107_c is 0.2643520942923204...
Loop68 pFBA...17929.0...Ave likelihood of: cpd00039_c is 0.33773759366611744...
Loop69 pFBA...20612.0...Ave likelihood of: cpd00060_c is 0.29090539035116425...
Loop70 pFBA...21377.0...Ave likelihood of: cpd00066_c is 0.23235935349645997...
Loop71 pFBA...10285.0...Ave likelihood of: cpd00129_c is 0.2013262498857042...
Loop72 pFBA...5487.0...Ave likelihood of: cpd00054_c is 0.3078117812001152...
Loop73 pFBA...7641.0...Ave likelihood of: cpd00161_c is 0.33759321873113346...
Loop74 pFBA...27225.0...Ave likelihood of: cpd00065_c is 0.2523149986056983...
Loop75 pFBA...18857.0...Ave likelihood of: cpd00069_c is 0.23653996072154587...
Loop76 pFBA...7671.0...Ave likelihood of: cpd00156_c is 0.33294951463689465...
Loop77 pFBA...24505.0...Ave likelihood of: cpd00098_c is 0.2842387616830762...
Loop78 pFBA...14173.0...Ave likelihood of: cpd00274_c is 0.19389513825300517...
Loop79 pFBA...6687.0...Ave likelihood of: cpd00226_c is 0.32420923211417046...
Loop80 pFBA...4774.0...Ave likelihood of: cpd00246_c is 0.3596814565954679...
Loop81 pFBA...20801.0...Ave likelihood of: cpd00374_c is 0.2225230040870603...
Loop82 pFBA...5064.0...Ave likelihood of: cpd00221_c is 0.39669265301423223...
Loop83 pFBA...4330.0...Ave likelihood of: cpd00159_c is 0.39292290890459936...
Loop84 pFBA...10461.0...Ave likelihood of: cpd00211_c is 0.2294567363080294...
Loop85 pFBA...3766.0...Ave likelihood of: cpd00047_c is 0.21915762928499286...
Loop86 pFBA...5000.0...Ave likelihood of: cpd00106_c is 0.18989950962903623...
Loop87 pFBA...7727.0...Ave likelihood of: cpd00141_c is 0.3246722782447829...
Loop88 pFBA...20308.0...Ave likelihood of: cpd00216_c is 0.2252392008963723...
Loop89 pFBA...4803.0...Ave likelihood of: cpd00036_c is 0.22807539422684558...
Loop90 pFBA...16942.0...Ave likelihood of: cpd00581_c is 0.3261871095754179...
Loop91 pFBA...4763.0...Ave likelihood of: cpd00128_c is 0.22142251010890138...
Loop92 pFBA...5862.0...Ave likelihood of: cpd00018_c is 0.2797051584478886...
Loop93 pFBA...5862.0...Ave likelihood of: cpd00091_c is 0.2797051584478886...
Loop94 pFBA...3616.0...Ave likelihood of: cpd00092_c is 0.3220803014665146...
Loop95 pFBA...64107.0...Ave likelihood of: cpd00305_c is 0.12198117151212859...
Loop96 pFBA...14210.0...Ave likelihood of: cpd00220_c is 0.15259857804855784...
Loop97 pFBA...14711.0...Ave likelihood of: cpd00218_c is 0.22050778721486428...
Loop98 pFBA...15075.0...Ave likelihood of: cpd00215_c is 0.3493534513667578...
Loop99 pFBA...28677.0...Ave likelihood of: cpd00104_c is 0.1627375931493223...
Loop100 pFBA...36067.0...Ave likelihood of: cpd00393_c is 0.17296581398602595...
Loop101 pFBA...6239.0...Ave likelihood of: cpd00363_c is 0.5219273196802134...
Loop102 pFBA...8589.0...Ave likelihood of: cpd00281_c is 0.20159682963279438...
Loop103 pFBA...4198.0...Ave likelihood of: cpd00025_c is 0.39592809147926944...
Loop104 pFBA...20409.0...Ave likelihood of: cpd00811_c is 0.30309031408821235...
Loop105 pFBA...6307.0...Ave likelihood of: cpd00714_c is 0.4305387615339546...
Loop106 pFBA...5559.0...Ave likelihood of: cpd00117_c is 0.4736046859370966...
Loop107 pFBA...6841.0...Ave likelihood of: cpd00186_c is 0.3597987109667297...
Loop108 pFBA...21526.0...Ave likelihood of: cpd00637_c is 0.25141008558161715...
Loop109 pFBA...6445.0...Ave likelihood of: cpd00550_c is 0.3298786355058369...
Loop110 pFBA...4058.0...Ave likelihood of: cpd00033_c is 0.228030414501443...
Loop111 pFBA...5437.0...Ave likelihood of: cpd00035_c is 0.4736046859370966...
Loop112 pFBA...18237.0...Ave likelihood of: cpd00051_c is 0.27163984336603547...
Loop113 pFBA...7914.0...Ave likelihood of: cpd00132_c is 0.24978391840629505...
Loop114 pFBA...5183.0...Ave likelihood of: cpd00041_c is 0.222909071548072...
Loop115 pFBA...13687.0...Ave likelihood of: cpd00084_c is 0.3055662609810786...
Loop116 pFBA...6593.0...Ave likelihood of: cpd00023_c is 0.2814868702161454...
Loop117 pFBA...9082.0...Ave likelihood of: cpd00053_c is 0.3108947899140611...
Loop118 pFBA...16374.0...Ave likelihood of: cpd00119_c is 0.33014651999085415...
Loop119 pFBA...16745.0...Ave likelihood of: cpd00322_c is 0.20480158907224152...
Loop120 pFBA...14210.0...Ave likelihood of: cpd00107_c is 0.2643520942923204...
Loop121 pFBA...17742.0...Ave likelihood of: cpd00039_c is 0.2842303612867856...
Loop122 pFBA...20526.0...Ave likelihood of: cpd00060_c is 0.25141008558161715...
Loop123 pFBA...20922.0...Ave likelihood of: cpd00066_c is 0.23517238479960906...
Loop124 pFBA...10285.0...Ave likelihood of: cpd00129_c is 0.2013262498857042...
Loop125 pFBA...5445.0...Ave likelihood of: cpd00054_c is 0.3370499101907463...
Loop126 pFBA...7505.0...Ave likelihood of: cpd00161_c is 0.3470636031176887...
Loop127 pFBA...27225.0...Ave likelihood of: cpd00065_c is 0.2523149986056983...
Loop128 pFBA...18484.0...Ave likelihood of: cpd00069_c is 0.19669240549269806...
Loop129 pFBA...7671.0...Ave likelihood of: cpd00156_c is 0.33294951463689465...
Loop130 pFBA...24102.0...Ave likelihood of: cpd00098_c is 0.24487738869864006...
Loop131 pFBA...14173.0...Ave likelihood of: cpd00274_c is 0.19389513825300517...
Loop132 pFBA...6687.0...Ave likelihood of: cpd00226_c is 0.32420923211417046...
Loop133 pFBA...4640.0...Ave likelihood of: cpd00246_c is 0.22323612143920454...
Loop134 pFBA...20445.0...Ave likelihood of: cpd00374_c is 0.2114293043564241...
Loop135 pFBA...4959.0...Ave likelihood of: cpd00221_c is 0.19159276202514736...
Loop136 pFBA...4317.0...Ave likelihood of: cpd00159_c is 0.34672781530152236...
Loop137 pFBA...10416.0...Ave likelihood of: cpd00211_c is 0.3076444236645552...
Loop138 pFBA...3766.0...Ave likelihood of: cpd00047_c is 0.21915762928499286...
Loop139 pFBA...5000.0...Ave likelihood of: cpd00106_c is 0.18989950962903623...
Loop140 pFBA...7678.0...Ave likelihood of: cpd00141_c is 0.3714576366789786...
Loop141 pFBA...19622.0...Ave likelihood of: cpd00216_c is 0.23421175219489884...
Loop142 pFBA...4803.0...Ave likelihood of: cpd00036_c is 0.22807539422684558...
Loop143 pFBA...16942.0...Ave likelihood of: cpd00581_c is 0.3261871095754179...
Loop144 pFBA...4763.0...Ave likelihood of: cpd00128_c is 0.22142251010890138...
Loop145 pFBA...5862.0...Ave likelihood of: cpd00018_c is 0.2797051584478886...
Loop146 pFBA...5862.0...Ave likelihood of: cpd00091_c is 0.2797051584478886...
Loop147 pFBA...3616.0...Ave likelihood of: cpd00092_c is 0.3220803014665146...
Loop148 pFBA...64107.0...Ave likelihood of: cpd00305_c is 0.11951690542097447...
Loop149 pFBA...14051.0...Ave likelihood of: cpd00220_c is 0.26727628009862564...
Loop150 pFBA...14649.0...Ave likelihood of: cpd00218_c is 0.1676219355866825...
Loop151 pFBA...14785.0...Ave likelihood of: cpd00215_c is 0.24357447705244434...
Loop152 pFBA...28668.0...Ave likelihood of: cpd00104_c is 0.18025827147064263...
Loop153 pFBA...36058.0...Ave likelihood of: cpd00393_c is 0.16201573103859562...
Loop154 pFBA...5925.0...Ave likelihood of: cpd00363_c is 0.4413121921093248...
Loop155 pFBA...8589.0...Ave likelihood of: cpd00281_c is 0.20159682963279438...
Loop156 pFBA...4135.0...Ave likelihood of: cpd00025_c is 0.3119028256150151...
Loop157 pFBA...19989.0...Ave likelihood of: cpd00811_c is 0.2712648573196631...
Loop158 pFBA...5973.0...Ave likelihood of: cpd00714_c is 0.3138531154599078...
33.4085958481mins to complete!
