
The following have been reloaded with a version change:
  1) anaconda2/4.4.0 => anaconda2/5.1.0

Loading in models...Adding Water...Remove no-like rxns...Pruned 1 metabolites from model
Pruned 1 reactions from model
Set-up Universal...62.0seconds to complete

Loop0 pFBA...5547.0...Ave likelihood of: cpd00117_c is 0.2803527758363042...
Loop1 pFBA...7588.0...Ave likelihood of: cpd00186_c is 0.23539260617298832...
Loop2 pFBA...22474.0...Ave likelihood of: cpd00637_c is 0.1975646576010764...
Loop3 pFBA...6477.0...Ave likelihood of: cpd00550_c is 0.2923515773183674...
Loop4 pFBA...4241.0...Ave likelihood of: cpd00033_c is 0.206074748673497...
Loop5 pFBA...5420.0...Ave likelihood of: cpd00035_c is 0.2803527758363042...
Loop6 pFBA...18722.0...Ave likelihood of: cpd00051_c is 0.21494484463341407...
Loop7 pFBA...8284.0...Ave likelihood of: cpd00132_c is 0.16853111896224252...
Loop8 pFBA...5636.0...Ave likelihood of: cpd00041_c is 0.10397307487804995...
Loop9 pFBA...13698.0...Ave likelihood of: cpd00084_c is 0.20843754607902423...
Loop10 pFBA...7357.0...Ave likelihood of: cpd00023_c is 0.12866668114389412...
Loop11 pFBA...9941.0...Ave likelihood of: cpd00053_c is 0.14135081789959317...
Loop12 pFBA...22147.0...Ave likelihood of: cpd00119_c is 0.1084281868759832...
Loop13 pFBA...17610.0...Ave likelihood of: cpd00322_c is 0.24804678934467972...
Loop14 pFBA...14925.0...Ave likelihood of: cpd00107_c is 0.23466981103433163...
Loop15 pFBA...17052.0...Ave likelihood of: cpd00039_c is 0.3106887907559019...
Loop16 pFBA...21474.0...Ave likelihood of: cpd00060_c is 0.1996890087580772...
Loop17 pFBA...21239.0...Ave likelihood of: cpd00066_c is 0.23007759010374343...
Loop18 pFBA...11357.0...Ave likelihood of: cpd00129_c is 0.06430375693457399...
Loop19 pFBA...5477.0...Ave likelihood of: cpd00054_c is 0.3085933316138323...
Loop20 pFBA...7759.0...Ave likelihood of: cpd00161_c is 0.2991640220632678...
Loop21 pFBA...29605.0...Ave likelihood of: cpd00065_c is 0.12307455872452802...
Loop22 pFBA...19034.0...Ave likelihood of: cpd00069_c is 0.22167835947333447...
Loop23 pFBA...8576.0...Ave likelihood of: cpd00156_c is 0.2426493559160236...
Loop24 pFBA...24296.0...Ave likelihood of: cpd00098_c is 0.19134444141479284...
Loop25 pFBA...15483.0...Ave likelihood of: cpd00274_c is 0.2557737920054274...
Loop26 pFBA...6658.0...Ave likelihood of: cpd00226_c is 0.297013859729538...
Loop27 pFBA...4648.0...Ave likelihood of: cpd00246_c is 0.2350377464015665...
Loop28 pFBA...20944.0...Ave likelihood of: cpd00374_c is 0.22462050681053125...
Loop29 pFBA...4281.0...Ave likelihood of: cpd00221_c is 0.3228558558420328...
Loop30 pFBA...4130.0...Ave likelihood of: cpd00159_c is 0.37529517955230174...
Loop31 pFBA...10363.0...Ave likelihood of: cpd00211_c is 0.31075441590176756...
Loop32 pFBA...4041.0...Ave likelihood of: cpd00047_c is 0.2595998502464471...
Loop33 pFBA...5280.0...Ave likelihood of: cpd00106_c is 0.08835459877018824...
Loop34 pFBA...7789.0...Ave likelihood of: cpd00141_c is 0.30494265831230055...
Loop35 pFBA...20284.0...Ave likelihood of: cpd00216_c is 0.17691236929843102...
Loop36 pFBA...5015.0...Ave likelihood of: cpd00036_c is 0.08240889652668808...
Loop37 pFBA...22765.0...Ave likelihood of: cpd00581_c is 0.12391537118942655...
Loop38 pFBA...4900.0...Ave likelihood of: cpd00128_c is 0.14204669693301053...
Loop39 pFBA...6077.0...Ave likelihood of: cpd00018_c is 0.3015317233413387...
Loop40 pFBA...5417.0...Ave likelihood of: cpd00091_c is 0.34553882181061285...
Loop41 pFBA...3938.0...Ave likelihood of: cpd00092_c is 0.19058704872946663...
Loop42 pFBA...63061.0...Ave likelihood of: cpd00305_c is 0.16265408385566213...
Loop43 pFBA...12369.0...Ave likelihood of: cpd00220_c is 0.19926380288437442...
Loop44 pFBA...14703.0...Ave likelihood of: cpd00218_c is 0.14219928533328144...
Loop45 pFBA...14595.0...Ave likelihood of: cpd00215_c is 0.21798023413621023...
Loop46 pFBA...28979.0...Ave likelihood of: cpd00104_c is 0.15008589727030622...
Loop47 pFBA...36593.0...Ave likelihood of: cpd00393_c is 0.21441431258891466...
Loop48 pFBA...6251.0...Ave likelihood of: cpd00363_c is 0.40362973586464057...
Loop49 pFBA...9357.0...Ave likelihood of: cpd00281_c is 0.09190477224563866...
Loop50 pFBA...4169.0...Ave likelihood of: cpd00025_c is 0.24452431311925604...
Loop51 pFBA...20342.0...Ave likelihood of: cpd00811_c is 0.21796969801420632...
Loop52 pFBA...5547.0...Ave likelihood of: cpd00117_c is 0.2803527758363042...
Loop53 pFBA...7588.0...Ave likelihood of: cpd00186_c is 0.23539260617298832...
Loop54 pFBA...22567.0...Ave likelihood of: cpd00637_c is 0.17741151511948372...
Loop55 pFBA...6533.0...Ave likelihood of: cpd00550_c is 0.30126850344692807...
Loop56 pFBA...4241.0...Ave likelihood of: cpd00033_c is 0.206074748673497...
Loop57 pFBA...5420.0...Ave likelihood of: cpd00035_c is 0.2803527758363042...
Loop58 pFBA...18939.0...Ave likelihood of: cpd00051_c is 0.22342583344839098...
Loop59 pFBA...8284.0...Ave likelihood of: cpd00132_c is 0.16853111896224252...
Loop60 pFBA...5636.0...Ave likelihood of: cpd00041_c is 0.10025975077526246...
Loop61 pFBA...13952.0...Ave likelihood of: cpd00084_c is 0.21269512855766526...
Loop62 pFBA...7357.0...Ave likelihood of: cpd00023_c is 0.12866668114389412...
Loop63 pFBA...9941.0...Ave likelihood of: cpd00053_c is 0.14135081789959317...
Loop64 pFBA...22147.0...Ave likelihood of: cpd00119_c is 0.10842818687598323...
Loop65 pFBA...17677.0...Ave likelihood of: cpd00322_c is 0.19668335055724667...
Loop66 pFBA...14925.0...Ave likelihood of: cpd00107_c is 0.23466981103433163...
Loop67 pFBA...17164.0...Ave likelihood of: cpd00039_c is 0.3222502421300796...
Loop68 pFBA...21567.0...Ave likelihood of: cpd00060_c is 0.17949870941500706...
Loop69 pFBA...21820.0...Ave likelihood of: cpd00066_c is 0.1727662167069763...
Loop70 pFBA...11357.0...Ave likelihood of: cpd00129_c is 0.06430375693457399...
Loop71 pFBA...5533.0...Ave likelihood of: cpd00054_c is 0.3244430037120764...
Loop72 pFBA...7846.0...Ave likelihood of: cpd00161_c is 0.2348192639687246...
Loop73 pFBA...29605.0...Ave likelihood of: cpd00065_c is 0.12762370691469324...
Loop74 pFBA...19447.0...Ave likelihood of: cpd00069_c is 0.2066255546238642...
Loop75 pFBA...8576.0...Ave likelihood of: cpd00156_c is 0.2426493559160236...
Loop76 pFBA...24650.0...Ave likelihood of: cpd00098_c is 0.12747523288200155...
Loop77 pFBA...15744.0...Ave likelihood of: cpd00274_c is 0.2530212147791944...
Loop78 pFBA...6658.0...Ave likelihood of: cpd00226_c is 0.297013859729538...
Loop79 pFBA...4935.0...Ave likelihood of: cpd00246_c is 0.21267324389900877...
Loop80 pFBA...21668.0...Ave likelihood of: cpd00374_c is 0.21053452109718873...
Loop81 pFBA...4486.0...Ave likelihood of: cpd00221_c is 0.2850580024280791...
Loop82 pFBA...4299.0...Ave likelihood of: cpd00159_c is 0.3540530313068242...
Loop83 pFBA...10475.0...Ave likelihood of: cpd00211_c is 0.19875654810378612...
Loop84 pFBA...4186.0...Ave likelihood of: cpd00047_c is 0.19342017833459949...
Loop85 pFBA...5280.0...Ave likelihood of: cpd00106_c is 0.08835459877018824...
Loop86 pFBA...7933.0...Ave likelihood of: cpd00141_c is 0.18502002655234803...
Loop87 pFBA...20681.0...Ave likelihood of: cpd00216_c is 0.21291882584026767...
Loop88 pFBA...5015.0...Ave likelihood of: cpd00036_c is 0.08240889652668808...
Loop89 pFBA...22765.0...Ave likelihood of: cpd00581_c is 0.12391537118942655...
Loop90 pFBA...4900.0...Ave likelihood of: cpd00128_c is 0.14204669693301053...
Loop91 pFBA...6077.0...Ave likelihood of: cpd00018_c is 0.3015317233413387...
Loop92 pFBA...5417.0...Ave likelihood of: cpd00091_c is 0.34553882181061285...
Loop93 pFBA...3938.0...Ave likelihood of: cpd00092_c is 0.19058704872946663...
Loop94 pFBA...63064.0...Ave likelihood of: cpd00305_c is 0.1671390675267972...
Loop95 pFBA...12369.0...Ave likelihood of: cpd00220_c is 0.1878772998624102...
Loop96 pFBA...14703.0...Ave likelihood of: cpd00218_c is 0.1399774214999489...
Loop97 pFBA...15179.0...Ave likelihood of: cpd00215_c is 0.19202285686933723...
Loop98 pFBA...29044.0...Ave likelihood of: cpd00104_c is 0.1339115452801085...
Loop99 pFBA...36593.0...Ave likelihood of: cpd00393_c is 0.21441431258891466...
Loop100 pFBA...6631.0...Ave likelihood of: cpd00363_c is 0.3067491746121298...
Loop101 pFBA...9357.0...Ave likelihood of: cpd00281_c is 0.09190477224563866...
Loop102 pFBA...4285.0...Ave likelihood of: cpd00025_c is 0.29264782108774057...
Loop103 pFBA...21306.0...Ave likelihood of: cpd00811_c is 0.1680444460809593...
Loop104 pFBA...5547.0...Ave likelihood of: cpd00117_c is 0.2803527758363042...
Loop105 pFBA...7588.0...Ave likelihood of: cpd00186_c is 0.23539260617298832...
Loop106 pFBA...22410.0...Ave likelihood of: cpd00637_c is 0.1953520626679433...
Loop107 pFBA...6524.0...Ave likelihood of: cpd00550_c is 0.26464559559415396...
Loop108 pFBA...4241.0...Ave likelihood of: cpd00033_c is 0.206074748673497...
Loop109 pFBA...5420.0...Ave likelihood of: cpd00035_c is 0.2803527758363042...
Loop110 pFBA...18739.0...Ave likelihood of: cpd00051_c is 0.2235061059287897...
Loop111 pFBA...8284.0...Ave likelihood of: cpd00132_c is 0.16853111896224252...
Loop112 pFBA...5636.0...Ave likelihood of: cpd00041_c is 0.10397307487804995...
Loop113 pFBA...13916.0...Ave likelihood of: cpd00084_c is 0.20119868120765208...
Loop114 pFBA...7357.0...Ave likelihood of: cpd00023_c is 0.12866668114389412...
Loop115 pFBA...9941.0...Ave likelihood of: cpd00053_c is 0.14135081789959317...
Loop116 pFBA...22147.0...Ave likelihood of: cpd00119_c is 0.10842818687598323...
Loop117 pFBA...17586.0...Ave likelihood of: cpd00322_c is 0.2499924393813279...
Loop118 pFBA...14925.0...Ave likelihood of: cpd00107_c is 0.23466981103433163...
Loop119 pFBA...17127.0...Ave likelihood of: cpd00039_c is 0.2723489812788214...
Loop120 pFBA...21410.0...Ave likelihood of: cpd00060_c is 0.19762359828036125...
Loop121 pFBA...21114.0...Ave likelihood of: cpd00066_c is 0.2142540433843786...
Loop122 pFBA...11357.0...Ave likelihood of: cpd00129_c is 0.06430375693457399...
Loop123 pFBA...5524.0...Ave likelihood of: cpd00054_c is 0.27199686213843605...
Loop124 pFBA...7772.0...Ave likelihood of: cpd00161_c is 0.2908557066004785...
Loop125 pFBA...29605.0...Ave likelihood of: cpd00065_c is 0.12307455872452802...
Loop126 pFBA...18921.0...Ave likelihood of: cpd00069_c is 0.21614409281696045...
Loop127 pFBA...8576.0...Ave likelihood of: cpd00156_c is 0.2426493559160236...
Loop128 pFBA...24184.0...Ave likelihood of: cpd00098_c is 0.2143989869613508...
Loop129 pFBA...15743.0...Ave likelihood of: cpd00274_c is 0.2967841774252681...
Loop130 pFBA...6658.0...Ave likelihood of: cpd00226_c is 0.297013859729538...
Loop131 pFBA...4614.0...Ave likelihood of: cpd00246_c is 0.28039877104270206...
Loop132 pFBA...20817.0...Ave likelihood of: cpd00374_c is 0.20111324912789366...
Loop133 pFBA...4423.0...Ave likelihood of: cpd00221_c is 0.29283163375521337...
Loop134 pFBA...4256.0...Ave likelihood of: cpd00159_c is 0.30074256985747944...
Loop135 pFBA...10323.0...Ave likelihood of: cpd00211_c is 0.3173049443663168...
Loop136 pFBA...4151.0...Ave likelihood of: cpd00047_c is 0.23312436705954914...
Loop137 pFBA...5280.0...Ave likelihood of: cpd00106_c is 0.08835459877018824...
Loop138 pFBA...7933.0...Ave likelihood of: cpd00141_c is 0.22973855317271052...
Loop139 pFBA...20077.0...Ave likelihood of: cpd00216_c is 0.17583693509914092...
Loop140 pFBA...5015.0...Ave likelihood of: cpd00036_c is 0.08240889652668808...
Loop141 pFBA...22765.0...Ave likelihood of: cpd00581_c is 0.12391537118942655...
Loop142 pFBA...4900.0...Ave likelihood of: cpd00128_c is 0.14204669693301053...
Loop143 pFBA...6077.0...Ave likelihood of: cpd00018_c is 0.3015317233413387...
Loop144 pFBA...5417.0...Ave likelihood of: cpd00091_c is 0.34553882181061285...
Loop145 pFBA...3938.0...Ave likelihood of: cpd00092_c is 0.19058704872946663...
Loop146 pFBA...63055.0...Ave likelihood of: cpd00305_c is 0.16640592411860575...
Loop147 pFBA...12369.0...Ave likelihood of: cpd00220_c is 0.19926380288437442...
Loop148 pFBA...14703.0...Ave likelihood of: cpd00218_c is 0.14219928533328144...
Loop149 pFBA...14492.0...Ave likelihood of: cpd00215_c is 0.22468310047202802...
Loop150 pFBA...29014.0...Ave likelihood of: cpd00104_c is 0.16042342590303768...
Loop151 pFBA...36593.0...Ave likelihood of: cpd00393_c is 0.21441431258891466...
Loop152 pFBA...6268.0...Ave likelihood of: cpd00363_c is 0.4230883217330635...
Loop153 pFBA...9357.0...Ave likelihood of: cpd00281_c is 0.09190477224563866...
Loop154 pFBA...4136.0...Ave likelihood of: cpd00025_c is 0.25560982282849315...
Loop155 pFBA...20198.0...Ave likelihood of: cpd00811_c is 0.23165058856702714...
32.1991526008mins to complete!
