
The following have been reloaded with a version change:
  1) anaconda2/4.4.0 => anaconda2/5.1.0

Loading in models...Adding Water...Remove no-like rxns...Pruned 1 metabolites from model
Pruned 1 reactions from model
Set-up Universal...60.0seconds to complete

Loop0 pFBA...5559.0...Ave likelihood of: cpd00117_c is 0.4736164582723456...
Loop1 pFBA...6841.0...Ave likelihood of: cpd00186_c is 0.35984772711512497...
Loop2 pFBA...21384.0...Ave likelihood of: cpd00637_c is 0.273889868274787...
Loop3 pFBA...6420.0...Ave likelihood of: cpd00550_c is 0.3476544868343072...
Loop4 pFBA...4054.0...Ave likelihood of: cpd00033_c is 0.25601119485732676...
Loop5 pFBA...5437.0...Ave likelihood of: cpd00035_c is 0.4736164582723456...
Loop6 pFBA...18095.0...Ave likelihood of: cpd00051_c is 0.31127492367520715...
Loop7 pFBA...7912.0...Ave likelihood of: cpd00132_c is 0.24987941624181265...
Loop8 pFBA...5182.0...Ave likelihood of: cpd00041_c is 0.22304789626052526...
Loop9 pFBA...13619.0...Ave likelihood of: cpd00084_c is 0.27719191171636115...
Loop10 pFBA...6592.0...Ave likelihood of: cpd00023_c is 0.2815456895942196...
Loop11 pFBA...9081.0...Ave likelihood of: cpd00053_c is 0.31108218993454284...
Loop12 pFBA...16374.0...Ave likelihood of: cpd00119_c is 0.33026371545180255...
Loop13 pFBA...16753.0...Ave likelihood of: cpd00322_c is 0.3539199018022446...
Loop14 pFBA...14210.0...Ave likelihood of: cpd00107_c is 0.2640370160140865...
Loop15 pFBA...17669.0...Ave likelihood of: cpd00039_c is 0.30232836946008723...
Loop16 pFBA...20384.0...Ave likelihood of: cpd00060_c is 0.2774936823310342...
Loop17 pFBA...20557.0...Ave likelihood of: cpd00066_c is 0.2464381767113165...
Loop18 pFBA...10265.0...Ave likelihood of: cpd00129_c is 0.20315454294493582...
Loop19 pFBA...5420.0...Ave likelihood of: cpd00054_c is 0.35505139080950526...
Loop20 pFBA...7343.0...Ave likelihood of: cpd00161_c is 0.3993143036966072...
Loop21 pFBA...26522.0...Ave likelihood of: cpd00065_c is 0.26945451489624694...
Loop22 pFBA...18292.0...Ave likelihood of: cpd00069_c is 0.2157659537224883...
Loop23 pFBA...7675.0...Ave likelihood of: cpd00156_c is 0.33238588703499466...
Loop24 pFBA...23613.0...Ave likelihood of: cpd00098_c is 0.26075846904464284...
Loop25 pFBA...14161.0...Ave likelihood of: cpd00274_c is 0.19462367475833373...
Loop26 pFBA...6627.0...Ave likelihood of: cpd00226_c is 0.32635142774402676...
Loop27 pFBA...4454.0...Ave likelihood of: cpd00246_c is 0.43840461255905294...
Loop28 pFBA...20025.0...Ave likelihood of: cpd00374_c is 0.2177887277471563...
Loop29 pFBA...4761.0...Ave likelihood of: cpd00221_c is 0.42305585813185653...
Loop30 pFBA...4265.0...Ave likelihood of: cpd00159_c is 0.4232577767643007...
Loop31 pFBA...10331.0...Ave likelihood of: cpd00211_c is 0.3838002700941248...
Loop32 pFBA...3764.0...Ave likelihood of: cpd00047_c is 0.2915441865143106...
Loop33 pFBA...5000.0...Ave likelihood of: cpd00106_c is 0.19008040414026284...
Loop34 pFBA...7567.0...Ave likelihood of: cpd00141_c is 0.4125955950558519...
Loop35 pFBA...19184.0...Ave likelihood of: cpd00216_c is 0.23779634476622763...
Loop36 pFBA...4802.0...Ave likelihood of: cpd00036_c is 0.4178246070463348...
Loop37 pFBA...16943.0...Ave likelihood of: cpd00581_c is 0.32627156602273844...
Loop38 pFBA...4746.0...Ave likelihood of: cpd00128_c is 0.34621399272638875...
Loop39 pFBA...5861.0...Ave likelihood of: cpd00018_c is 0.2797747199687436...
Loop40 pFBA...5861.0...Ave likelihood of: cpd00091_c is 0.2797747199687436...
Loop41 pFBA...3607.0...Ave likelihood of: cpd00092_c is 0.3680731860271574...
Loop42 pFBA...63842.0...Ave likelihood of: cpd00305_c is 0.15985099975024544...
Loop43 pFBA...13661.0...Ave likelihood of: cpd00220_c is 0.2831436303128792...
Loop44 pFBA...14447.0...Ave likelihood of: cpd00218_c is 0.2155430425206443...
Loop45 pFBA...14494.0...Ave likelihood of: cpd00215_c is 0.29943682797138615...
Loop46 pFBA...28667.0...Ave likelihood of: cpd00104_c is 0.20725661062237943...
Loop47 pFBA...35889.0...Ave likelihood of: cpd00393_c is 0.17215879613101906...
Loop48 pFBA...5591.0...Ave likelihood of: cpd00363_c is 0.5691555160401002...
Loop49 pFBA...8589.0...Ave likelihood of: cpd00281_c is 0.20163884347427596...
Loop50 pFBA...4020.0...Ave likelihood of: cpd00025_c is 0.30792605759686076...
Loop51 pFBA...19587.0...Ave likelihood of: cpd00811_c is 0.2599911701267456...
Loop52 pFBA...5368.0...Ave likelihood of: cpd00714_c is 0.37640330092321433...
Loop53 pFBA...5559.0...Ave likelihood of: cpd00117_c is 0.4736164582723456...
Loop54 pFBA...6841.0...Ave likelihood of: cpd00186_c is 0.35984772711512497...
Loop55 pFBA...21653.0...Ave likelihood of: cpd00637_c is 0.2781000310319029...
Loop56 pFBA...6487.0...Ave likelihood of: cpd00550_c is 0.2985093194773504...
Loop57 pFBA...4055.0...Ave likelihood of: cpd00033_c is 0.2386736510809498...
Loop58 pFBA...5437.0...Ave likelihood of: cpd00035_c is 0.4736164582723456...
Loop59 pFBA...18288.0...Ave likelihood of: cpd00051_c is 0.28512560685718824...
Loop60 pFBA...7912.0...Ave likelihood of: cpd00132_c is 0.24987941624181265...
Loop61 pFBA...5182.0...Ave likelihood of: cpd00041_c is 0.22304789626052526...
Loop62 pFBA...13749.0...Ave likelihood of: cpd00084_c is 0.2482213308173282...
Loop63 pFBA...6592.0...Ave likelihood of: cpd00023_c is 0.2815456895942196...
Loop64 pFBA...9081.0...Ave likelihood of: cpd00053_c is 0.31108218993454284...
Loop65 pFBA...16374.0...Ave likelihood of: cpd00119_c is 0.3237879563252966...
Loop66 pFBA...16762.0...Ave likelihood of: cpd00322_c is 0.23964321341946032...
Loop67 pFBA...14210.0...Ave likelihood of: cpd00107_c is 0.2640370160140866...
Loop68 pFBA...17897.0...Ave likelihood of: cpd00039_c is 0.34169835777220786...
Loop69 pFBA...20653.0...Ave likelihood of: cpd00060_c is 0.2814506338154198...
Loop70 pFBA...21422.0...Ave likelihood of: cpd00066_c is 0.23009882757756384...
Loop71 pFBA...10265.0...Ave likelihood of: cpd00129_c is 0.20315454294493582...
Loop72 pFBA...5487.0...Ave likelihood of: cpd00054_c is 0.3078377357110176...
Loop73 pFBA...7651.0...Ave likelihood of: cpd00161_c is 0.3658057742397486...
Loop74 pFBA...26522.0...Ave likelihood of: cpd00065_c is 0.26945451489624694...
Loop75 pFBA...18853.0...Ave likelihood of: cpd00069_c is 0.2387677718890259...
Loop76 pFBA...7675.0...Ave likelihood of: cpd00156_c is 0.33238588703499466...
Loop77 pFBA...24527.0...Ave likelihood of: cpd00098_c is 0.26066526717938593...
Loop78 pFBA...14161.0...Ave likelihood of: cpd00274_c is 0.19462367475833373...
Loop79 pFBA...6627.0...Ave likelihood of: cpd00226_c is 0.32635142774402676...
Loop80 pFBA...4789.0...Ave likelihood of: cpd00246_c is 0.3572600106469069...
Loop81 pFBA...20814.0...Ave likelihood of: cpd00374_c is 0.22188007660170672...
Loop82 pFBA...5068.0...Ave likelihood of: cpd00221_c is 0.35851519055230313...
Loop83 pFBA...4330.0...Ave likelihood of: cpd00159_c is 0.384497209244448...
Loop84 pFBA...10507.0...Ave likelihood of: cpd00211_c is 0.21425580421950524...
Loop85 pFBA...3765.0...Ave likelihood of: cpd00047_c is 0.21937191132923328...
Loop86 pFBA...5000.0...Ave likelihood of: cpd00106_c is 0.19008040414026284...
Loop87 pFBA...7731.0...Ave likelihood of: cpd00141_c is 0.32423496597044765...
Loop88 pFBA...20247.0...Ave likelihood of: cpd00216_c is 0.2231204143444045...
Loop89 pFBA...4803.0...Ave likelihood of: cpd00036_c is 0.22808574259420292...
Loop90 pFBA...16943.0...Ave likelihood of: cpd00581_c is 0.32627156602273844...
Loop91 pFBA...4746.0...Ave likelihood of: cpd00128_c is 0.34621399272638875...
Loop92 pFBA...5861.0...Ave likelihood of: cpd00018_c is 0.2797747199687436...
Loop93 pFBA...5861.0...Ave likelihood of: cpd00091_c is 0.2797747199687436...
Loop94 pFBA...3615.0...Ave likelihood of: cpd00092_c is 0.32205603725605125...
Loop95 pFBA...64030.0...Ave likelihood of: cpd00305_c is 0.12214465187857772...
Loop96 pFBA...14046.0...Ave likelihood of: cpd00220_c is 0.1836076259192208...
Loop97 pFBA...14704.0...Ave likelihood of: cpd00218_c is 0.21968364001219892...
Loop98 pFBA...15049.0...Ave likelihood of: cpd00215_c is 0.3480365588630257...
Loop99 pFBA...28714.0...Ave likelihood of: cpd00104_c is 0.1701783471240237...
Loop100 pFBA...35898.0...Ave likelihood of: cpd00393_c is 0.1725943273536971...
Loop101 pFBA...6307.0...Ave likelihood of: cpd00363_c is 0.3917036884407166...
Loop102 pFBA...8589.0...Ave likelihood of: cpd00281_c is 0.20163884347427596...
Loop103 pFBA...4206.0...Ave likelihood of: cpd00025_c is 0.38137336779441905...
Loop104 pFBA...20457.0...Ave likelihood of: cpd00811_c is 0.3022436121430567...
Loop105 pFBA...6326.0...Ave likelihood of: cpd00714_c is 0.42904136539273524...
Loop106 pFBA...5559.0...Ave likelihood of: cpd00117_c is 0.4736164582723456...
Loop107 pFBA...6841.0...Ave likelihood of: cpd00186_c is 0.35984772711512497...
Loop108 pFBA...21558.0...Ave likelihood of: cpd00637_c is 0.2498804506568774...
Loop109 pFBA...6443.0...Ave likelihood of: cpd00550_c is 0.3030885609260975...
Loop110 pFBA...4055.0...Ave likelihood of: cpd00033_c is 0.22886298349470058...
Loop111 pFBA...5437.0...Ave likelihood of: cpd00035_c is 0.4736164582723456...
Loop112 pFBA...18193.0...Ave likelihood of: cpd00051_c is 0.27280066886146215...
Loop113 pFBA...7912.0...Ave likelihood of: cpd00132_c is 0.2498794162418126...
Loop114 pFBA...5182.0...Ave likelihood of: cpd00041_c is 0.22304789626052526...
Loop115 pFBA...13733.0...Ave likelihood of: cpd00084_c is 0.23132304025566156...
Loop116 pFBA...6592.0...Ave likelihood of: cpd00023_c is 0.2815456895942196...
Loop117 pFBA...9081.0...Ave likelihood of: cpd00053_c is 0.31108218993454284...
Loop118 pFBA...16374.0...Ave likelihood of: cpd00119_c is 0.33026371545180255...
Loop119 pFBA...16762.0...Ave likelihood of: cpd00322_c is 0.23964321341946032...
Loop120 pFBA...14210.0...Ave likelihood of: cpd00107_c is 0.2640370160140865...
Loop121 pFBA...17731.0...Ave likelihood of: cpd00039_c is 0.28488096831320164...
Loop122 pFBA...20558.0...Ave likelihood of: cpd00060_c is 0.2498804506568774...
Loop123 pFBA...20930.0...Ave likelihood of: cpd00066_c is 0.2270960019039039...
Loop124 pFBA...10265.0...Ave likelihood of: cpd00129_c is 0.20315454294493582...
Loop125 pFBA...5443.0...Ave likelihood of: cpd00054_c is 0.30940290594539116...
Loop126 pFBA...7515.0...Ave likelihood of: cpd00161_c is 0.3457468542533296...
Loop127 pFBA...26522.0...Ave likelihood of: cpd00065_c is 0.26945451489624694...
Loop128 pFBA...18469.0...Ave likelihood of: cpd00069_c is 0.19747948430530876...
Loop129 pFBA...7675.0...Ave likelihood of: cpd00156_c is 0.33238588703499466...
Loop130 pFBA...24118.0...Ave likelihood of: cpd00098_c is 0.24247339384002778...
Loop131 pFBA...14161.0...Ave likelihood of: cpd00274_c is 0.19462367475833373...
Loop132 pFBA...6627.0...Ave likelihood of: cpd00226_c is 0.32635142774402676...
Loop133 pFBA...4641.0...Ave likelihood of: cpd00246_c is 0.22833109351994138...
Loop134 pFBA...20430.0...Ave likelihood of: cpd00374_c is 0.2068944245361313...
Loop135 pFBA...4959.0...Ave likelihood of: cpd00221_c is 0.1915718837634677...
Loop136 pFBA...4316.0...Ave likelihood of: cpd00159_c is 0.4087625095633775...
Loop137 pFBA...10484.0...Ave likelihood of: cpd00211_c is 0.38084625297978764...
Loop138 pFBA...3765.0...Ave likelihood of: cpd00047_c is 0.21937191132923328...
Loop139 pFBA...5000.0...Ave likelihood of: cpd00106_c is 0.19008040414026284...
Loop140 pFBA...7683.0...Ave likelihood of: cpd00141_c is 0.3710826696282667...
Loop141 pFBA...19628.0...Ave likelihood of: cpd00216_c is 0.231586964666243...
Loop142 pFBA...4803.0...Ave likelihood of: cpd00036_c is 0.22808574259420292...
Loop143 pFBA...16943.0...Ave likelihood of: cpd00581_c is 0.32627156602273844...
Loop144 pFBA...4746.0...Ave likelihood of: cpd00128_c is 0.34621399272638875...
Loop145 pFBA...5861.0...Ave likelihood of: cpd00018_c is 0.2797747199687436...
Loop146 pFBA...5861.0...Ave likelihood of: cpd00091_c is 0.2797747199687436...
Loop147 pFBA...3615.0...Ave likelihood of: cpd00092_c is 0.32205603725605125...
Loop148 pFBA...64030.0...Ave likelihood of: cpd00305_c is 0.12340387509382078...
Loop149 pFBA...13952.0...Ave likelihood of: cpd00220_c is 0.277646440066883...
Loop150 pFBA...14658.0...Ave likelihood of: cpd00218_c is 0.15438473592572904...
Loop151 pFBA...14737.0...Ave likelihood of: cpd00215_c is 0.22773833992182752...
Loop152 pFBA...28706.0...Ave likelihood of: cpd00104_c is 0.20003937163815907...
Loop153 pFBA...35890.0...Ave likelihood of: cpd00393_c is 0.15351945712727266...
Loop154 pFBA...5979.0...Ave likelihood of: cpd00363_c is 0.4381458651285678...
Loop155 pFBA...8589.0...Ave likelihood of: cpd00281_c is 0.20163884347427596...
Loop156 pFBA...4141.0...Ave likelihood of: cpd00025_c is 0.3080041187687804...
Loop157 pFBA...19988.0...Ave likelihood of: cpd00811_c is 0.27115883552234515...
Loop158 pFBA...6111.0...Ave likelihood of: cpd00714_c is 0.29925761904296877...
32.3347539345mins to complete!
