
The following have been reloaded with a version change:
  1) anaconda2/4.4.0 => anaconda2/5.1.0

Loading in models...Adding Water...Remove no-like rxns...Pruned 1 metabolites from model
Pruned 1 reactions from model
Set-up Universal...61.0seconds to complete

Loop0 pFBA...5566.0...Ave likelihood of: cpd00117_c is 0.47180993329330334...
Loop1 pFBA...6840.0...Ave likelihood of: cpd00186_c is 0.3599913196431972...
Loop2 pFBA...21388.0...Ave likelihood of: cpd00637_c is 0.27346484866895926...
Loop3 pFBA...6435.0...Ave likelihood of: cpd00550_c is 0.34586286358013857...
Loop4 pFBA...4056.0...Ave likelihood of: cpd00033_c is 0.2552223808695008...
Loop5 pFBA...5445.0...Ave likelihood of: cpd00035_c is 0.47180993329330334...
Loop6 pFBA...18128.0...Ave likelihood of: cpd00051_c is 0.3102970592933608...
Loop7 pFBA...7914.0...Ave likelihood of: cpd00132_c is 0.24976023485243928...
Loop8 pFBA...5184.0...Ave likelihood of: cpd00041_c is 0.22283160829612897...
Loop9 pFBA...13629.0...Ave likelihood of: cpd00084_c is 0.2718057631630053...
Loop10 pFBA...6592.0...Ave likelihood of: cpd00023_c is 0.28154999033972417...
Loop11 pFBA...9082.0...Ave likelihood of: cpd00053_c is 0.31091009521209495...
Loop12 pFBA...16375.0...Ave likelihood of: cpd00119_c is 0.33009951843254337...
Loop13 pFBA...16739.0...Ave likelihood of: cpd00322_c is 0.35393694322588304...
Loop14 pFBA...14215.0...Ave likelihood of: cpd00107_c is 0.26381402942617654...
Loop15 pFBA...17680.0...Ave likelihood of: cpd00039_c is 0.30483768871363515...
Loop16 pFBA...20388.0...Ave likelihood of: cpd00060_c is 0.27706307036197186...
Loop17 pFBA...20597.0...Ave likelihood of: cpd00066_c is 0.23937119267622325...
Loop18 pFBA...10265.0...Ave likelihood of: cpd00129_c is 0.20319077233934105...
Loop19 pFBA...5435.0...Ave likelihood of: cpd00054_c is 0.35322164791163085...
Loop20 pFBA...7361.0...Ave likelihood of: cpd00161_c is 0.39769490976997907...
Loop21 pFBA...27274.0...Ave likelihood of: cpd00065_c is 0.24964794614941202...
Loop22 pFBA...18323.0...Ave likelihood of: cpd00069_c is 0.21397347734909666...
Loop23 pFBA...7675.0...Ave likelihood of: cpd00156_c is 0.3324021009973197...
Loop24 pFBA...23640.0...Ave likelihood of: cpd00098_c is 0.27989678068646384...
Loop25 pFBA...14174.0...Ave likelihood of: cpd00274_c is 0.1938213010114872...
Loop26 pFBA...6632.0...Ave likelihood of: cpd00226_c is 0.3258773496741058...
Loop27 pFBA...4462.0...Ave likelihood of: cpd00246_c is 0.43718468453291226...
Loop28 pFBA...20054.0...Ave likelihood of: cpd00374_c is 0.22889120123606138...
Loop29 pFBA...4761.0...Ave likelihood of: cpd00221_c is 0.4230475811345065...
Loop30 pFBA...4284.0...Ave likelihood of: cpd00159_c is 0.4211675456548851...
Loop31 pFBA...10329.0...Ave likelihood of: cpd00211_c is 0.39068354289029195...
Loop32 pFBA...3766.0...Ave likelihood of: cpd00047_c is 0.25944138490496577...
Loop33 pFBA...5001.0...Ave likelihood of: cpd00106_c is 0.18984248204556864...
Loop34 pFBA...7575.0...Ave likelihood of: cpd00141_c is 0.4123299126257195...
Loop35 pFBA...19237.0...Ave likelihood of: cpd00216_c is 0.23649330433822577...
Loop36 pFBA...4804.0...Ave likelihood of: cpd00036_c is 0.22795905708257289...
Loop37 pFBA...16944.0...Ave likelihood of: cpd00581_c is 0.32613901077799223...
Loop38 pFBA...4747.0...Ave likelihood of: cpd00128_c is 0.22556938709610844...
Loop39 pFBA...5862.0...Ave likelihood of: cpd00018_c is 0.2797419754859346...
Loop40 pFBA...5862.0...Ave likelihood of: cpd00091_c is 0.2797419754859346...
Loop41 pFBA...3610.0...Ave likelihood of: cpd00092_c is 0.3665476541195273...
Loop42 pFBA...63878.0...Ave likelihood of: cpd00305_c is 0.1578591015527275...
Loop43 pFBA...13685.0...Ave likelihood of: cpd00220_c is 0.29594948368418084...
Loop44 pFBA...14497.0...Ave likelihood of: cpd00218_c is 0.21177024221508636...
Loop45 pFBA...14524.0...Ave likelihood of: cpd00215_c is 0.31427913104728417...
Loop46 pFBA...28658.0...Ave likelihood of: cpd00104_c is 0.20728695488201157...
Loop47 pFBA...36055.0...Ave likelihood of: cpd00393_c is 0.16973906457236254...
Loop48 pFBA...5797.0...Ave likelihood of: cpd00363_c is 0.5602518300448736...
Loop49 pFBA...8589.0...Ave likelihood of: cpd00281_c is 0.20164191543535062...
Loop50 pFBA...4024.0...Ave likelihood of: cpd00025_c is 0.28985775365205757...
Loop51 pFBA...19605.0...Ave likelihood of: cpd00811_c is 0.2591233832308626...
Loop52 pFBA...5463.0...Ave likelihood of: cpd00714_c is 0.36630203948805695...
Loop53 pFBA...5566.0...Ave likelihood of: cpd00117_c is 0.47180993329330334...
Loop54 pFBA...6840.0...Ave likelihood of: cpd00186_c is 0.3599913196431972...
Loop55 pFBA...21656.0...Ave likelihood of: cpd00637_c is 0.23823736889753847...
Loop56 pFBA...6503.0...Ave likelihood of: cpd00550_c is 0.29705936887551004...
Loop57 pFBA...4057.0...Ave likelihood of: cpd00033_c is 0.24273010096589387...
Loop58 pFBA...5445.0...Ave likelihood of: cpd00035_c is 0.47180993329330334...
Loop59 pFBA...18320.0...Ave likelihood of: cpd00051_c is 0.28159439608870196...
Loop60 pFBA...7914.0...Ave likelihood of: cpd00132_c is 0.24976023485243928...
Loop61 pFBA...5184.0...Ave likelihood of: cpd00041_c is 0.22283160829612897...
Loop62 pFBA...13770.0...Ave likelihood of: cpd00084_c is 0.24290129586760523...
Loop63 pFBA...6592.0...Ave likelihood of: cpd00023_c is 0.28154999033972417...
Loop64 pFBA...9082.0...Ave likelihood of: cpd00053_c is 0.31091009521209495...
Loop65 pFBA...16375.0...Ave likelihood of: cpd00119_c is 0.32362697885543457...
Loop66 pFBA...16747.0...Ave likelihood of: cpd00322_c is 0.20473686739541952...
Loop67 pFBA...14215.0...Ave likelihood of: cpd00107_c is 0.26381402942617654...
Loop68 pFBA...17926.0...Ave likelihood of: cpd00039_c is 0.2882798487266651...
Loop69 pFBA...20656.0...Ave likelihood of: cpd00060_c is 0.24154622124333766...
Loop70 pFBA...21522.0...Ave likelihood of: cpd00066_c is 0.23367675282922282...
Loop71 pFBA...10265.0...Ave likelihood of: cpd00129_c is 0.25519950433156074...
Loop72 pFBA...5503.0...Ave likelihood of: cpd00054_c is 0.3063424741528698...
Loop73 pFBA...7663.0...Ave likelihood of: cpd00161_c is 0.3403512269664861...
Loop74 pFBA...27274.0...Ave likelihood of: cpd00065_c is 0.24964794614941202...
Loop75 pFBA...18893.0...Ave likelihood of: cpd00069_c is 0.23516275917959453...
Loop76 pFBA...7675.0...Ave likelihood of: cpd00156_c is 0.3324021009973197...
Loop77 pFBA...24659.0...Ave likelihood of: cpd00098_c is 0.26071538028139674...
Loop78 pFBA...14174.0...Ave likelihood of: cpd00274_c is 0.1938213010114872...
Loop79 pFBA...6632.0...Ave likelihood of: cpd00226_c is 0.3258773496741058...
Loop80 pFBA...4815.0...Ave likelihood of: cpd00246_c is 0.3840013668511715...
Loop81 pFBA...20884.0...Ave likelihood of: cpd00374_c is 0.21640695573151325...
Loop82 pFBA...5090.0...Ave likelihood of: cpd00221_c is 0.3450247110161437...
Loop83 pFBA...4352.0...Ave likelihood of: cpd00159_c is 0.3788296211374413...
Loop84 pFBA...10500.0...Ave likelihood of: cpd00211_c is 0.21463345124217986...
Loop85 pFBA...3766.0...Ave likelihood of: cpd00047_c is 0.21911051733860185...
Loop86 pFBA...5001.0...Ave likelihood of: cpd00106_c is 0.18984248204556864...
Loop87 pFBA...7736.0...Ave likelihood of: cpd00141_c is 0.32378240102805395...
Loop88 pFBA...20290.0...Ave likelihood of: cpd00216_c is 0.22547869169184356...
Loop89 pFBA...4804.0...Ave likelihood of: cpd00036_c is 0.22795905708257289...
Loop90 pFBA...16944.0...Ave likelihood of: cpd00581_c is 0.32613901077799223...
Loop91 pFBA...4747.0...Ave likelihood of: cpd00128_c is 0.22556938709610844...
Loop92 pFBA...5862.0...Ave likelihood of: cpd00018_c is 0.2797419754859346...
Loop93 pFBA...5862.0...Ave likelihood of: cpd00091_c is 0.2797419754859346...
Loop94 pFBA...3619.0...Ave likelihood of: cpd00092_c is 0.32152041721207286...
Loop95 pFBA...64048.0...Ave likelihood of: cpd00305_c is 0.12073808692238974...
Loop96 pFBA...14059.0...Ave likelihood of: cpd00220_c is 0.17771381810690628...
Loop97 pFBA...14732.0...Ave likelihood of: cpd00218_c is 0.20574328881699933...
Loop98 pFBA...15083.0...Ave likelihood of: cpd00215_c is 0.3432294019112313...
Loop99 pFBA...28701.0...Ave likelihood of: cpd00104_c is 0.17040207496289347...
Loop100 pFBA...36064.0...Ave likelihood of: cpd00393_c is 0.17060195121846006...
Loop101 pFBA...6514.0...Ave likelihood of: cpd00363_c is 0.37981924597981537...
Loop102 pFBA...8589.0...Ave likelihood of: cpd00281_c is 0.20164191543535062...
Loop103 pFBA...4224.0...Ave likelihood of: cpd00025_c is 0.33908120950601445...
Loop104 pFBA...20564.0...Ave likelihood of: cpd00811_c is 0.28529089022449006...
Loop105 pFBA...6526.0...Ave likelihood of: cpd00714_c is 0.41299428544275224...
Loop106 pFBA...5566.0...Ave likelihood of: cpd00117_c is 0.47180993329330334...
Loop107 pFBA...6840.0...Ave likelihood of: cpd00186_c is 0.3599913196431972...
Loop108 pFBA...21554.0...Ave likelihood of: cpd00637_c is 0.24986859376399284...
Loop109 pFBA...6457.0...Ave likelihood of: cpd00550_c is 0.3019827571035776...
Loop110 pFBA...4057.0...Ave likelihood of: cpd00033_c is 0.22801732238057404...
Loop111 pFBA...5445.0...Ave likelihood of: cpd00035_c is 0.47180993329330334...
Loop112 pFBA...18216.0...Ave likelihood of: cpd00051_c is 0.2723550859548464...
Loop113 pFBA...7914.0...Ave likelihood of: cpd00132_c is 0.24976023485243928...
Loop114 pFBA...5184.0...Ave likelihood of: cpd00041_c is 0.22283160829612897...
Loop115 pFBA...13743.0...Ave likelihood of: cpd00084_c is 0.2305444077093912...
Loop116 pFBA...6592.0...Ave likelihood of: cpd00023_c is 0.28154999033972417...
Loop117 pFBA...9082.0...Ave likelihood of: cpd00053_c is 0.310910095212095...
Loop118 pFBA...16375.0...Ave likelihood of: cpd00119_c is 0.32362697885543457...
Loop119 pFBA...16747.0...Ave likelihood of: cpd00322_c is 0.20473686739541952...
Loop120 pFBA...14215.0...Ave likelihood of: cpd00107_c is 0.26381402942617654...
Loop121 pFBA...17734.0...Ave likelihood of: cpd00039_c is 0.2848852075474169...
Loop122 pFBA...20554.0...Ave likelihood of: cpd00060_c is 0.24986859376399284...
Loop123 pFBA...20956.0...Ave likelihood of: cpd00066_c is 0.22637819315434518...
Loop124 pFBA...10265.0...Ave likelihood of: cpd00129_c is 0.25519950433156074...
Loop125 pFBA...5457.0...Ave likelihood of: cpd00054_c is 0.30827406454323547...
Loop126 pFBA...7521.0...Ave likelihood of: cpd00161_c is 0.3680039306050572...
Loop127 pFBA...27274.0...Ave likelihood of: cpd00065_c is 0.24964794614941202...
Loop128 pFBA...18487.0...Ave likelihood of: cpd00069_c is 0.19679251277044005...
Loop129 pFBA...7675.0...Ave likelihood of: cpd00156_c is 0.3324021009973197...
Loop130 pFBA...24130.0...Ave likelihood of: cpd00098_c is 0.24156885563352415...
Loop131 pFBA...14174.0...Ave likelihood of: cpd00274_c is 0.1938213010114872...
Loop132 pFBA...6632.0...Ave likelihood of: cpd00226_c is 0.3258773496741058...
Loop133 pFBA...4642.0...Ave likelihood of: cpd00246_c is 0.22344174415198978...
Loop134 pFBA...20442.0...Ave likelihood of: cpd00374_c is 0.21947261290286624...
Loop135 pFBA...4969.0...Ave likelihood of: cpd00221_c is 0.19017112026611246...
Loop136 pFBA...4334.0...Ave likelihood of: cpd00159_c is 0.34565957609299586...
Loop137 pFBA...10480.0...Ave likelihood of: cpd00211_c is 0.3809730767877746...
Loop138 pFBA...3766.0...Ave likelihood of: cpd00047_c is 0.21911051733860185...
Loop139 pFBA...5001.0...Ave likelihood of: cpd00106_c is 0.18984248204556864...
Loop140 pFBA...7680.0...Ave likelihood of: cpd00141_c is 0.3713406322434482...
Loop141 pFBA...19658.0...Ave likelihood of: cpd00216_c is 0.23065067197941735...
Loop142 pFBA...4804.0...Ave likelihood of: cpd00036_c is 0.22795905708257289...
Loop143 pFBA...16944.0...Ave likelihood of: cpd00581_c is 0.32613901077799223...
Loop144 pFBA...4747.0...Ave likelihood of: cpd00128_c is 0.22556938709610844...
Loop145 pFBA...5862.0...Ave likelihood of: cpd00018_c is 0.2797419754859346...
Loop146 pFBA...5862.0...Ave likelihood of: cpd00091_c is 0.2797419754859346...
Loop147 pFBA...3619.0...Ave likelihood of: cpd00092_c is 0.32152041721207286...
Loop148 pFBA...64048.0...Ave likelihood of: cpd00305_c is 0.1219701082175162...
Loop149 pFBA...13957.0...Ave likelihood of: cpd00220_c is 0.27107395921103056...
Loop150 pFBA...14673.0...Ave likelihood of: cpd00218_c is 0.1440912019391846...
Loop151 pFBA...14751.0...Ave likelihood of: cpd00215_c is 0.231372079411162...
Loop152 pFBA...28693.0...Ave likelihood of: cpd00104_c is 0.1928351159016061...
Loop153 pFBA...36056.0...Ave likelihood of: cpd00393_c is 0.1514352136769806...
Loop154 pFBA...6173.0...Ave likelihood of: cpd00363_c is 0.4305847833888584...
Loop155 pFBA...8589.0...Ave likelihood of: cpd00281_c is 0.20164191543535062...
Loop156 pFBA...4142.0...Ave likelihood of: cpd00025_c is 0.3193082232445661...
Loop157 pFBA...19993.0...Ave likelihood of: cpd00811_c is 0.27101088949020935...
Loop158 pFBA...6197.0...Ave likelihood of: cpd00714_c is 0.290240861276503...
32.9182957649mins to complete!
