
The following have been reloaded with a version change:
  1) anaconda2/4.4.0 => anaconda2/5.1.0

Loading in models...Adding Water...Remove no-like rxns...Pruned 1 metabolites from model
Pruned 1 reactions from model
Set-up Universal...61.0seconds to complete

Loop0 pFBA...5545.0...Ave likelihood of: cpd00117_c is 0.28047515382071625...
Loop1 pFBA...7587.0...Ave likelihood of: cpd00186_c is 0.23557851864333612...
Loop2 pFBA...22490.0...Ave likelihood of: cpd00637_c is 0.1971517393389691...
Loop3 pFBA...6475.0...Ave likelihood of: cpd00550_c is 0.3002743736444808...
Loop4 pFBA...4240.0...Ave likelihood of: cpd00033_c is 0.20604880695057698...
Loop5 pFBA...5418.0...Ave likelihood of: cpd00035_c is 0.28047515382071625...
Loop6 pFBA...18721.0...Ave likelihood of: cpd00051_c is 0.21491995241125425...
Loop7 pFBA...8282.0...Ave likelihood of: cpd00132_c is 0.1685964778043145...
Loop8 pFBA...5635.0...Ave likelihood of: cpd00041_c is 0.10016689164751694...
Loop9 pFBA...13708.0...Ave likelihood of: cpd00084_c is 0.18952931658502048...
Loop10 pFBA...7354.0...Ave likelihood of: cpd00023_c is 0.12911031321922642...
Loop11 pFBA...9939.0...Ave likelihood of: cpd00053_c is 0.14508865097160042...
Loop12 pFBA...22144.0...Ave likelihood of: cpd00119_c is 0.10850596571485048...
Loop13 pFBA...17608.0...Ave likelihood of: cpd00322_c is 0.24803111011490733...
Loop14 pFBA...14734.0...Ave likelihood of: cpd00107_c is 0.2535111210234723...
Loop15 pFBA...17056.0...Ave likelihood of: cpd00039_c is 0.31054037588834144...
Loop16 pFBA...21490.0...Ave likelihood of: cpd00060_c is 0.1992716505146569...
Loop17 pFBA...21244.0...Ave likelihood of: cpd00066_c is 0.22611332780906554...
Loop18 pFBA...11355.0...Ave likelihood of: cpd00129_c is 0.06454218727945256...
Loop19 pFBA...5475.0...Ave likelihood of: cpd00054_c is 0.30861532846793854...
Loop20 pFBA...7757.0...Ave likelihood of: cpd00161_c is 0.29919276662101413...
Loop21 pFBA...29607.0...Ave likelihood of: cpd00065_c is 0.12278485082730038...
Loop22 pFBA...19112.0...Ave likelihood of: cpd00069_c is 0.19280494101767137...
Loop23 pFBA...8576.0...Ave likelihood of: cpd00156_c is 0.24268695949618319...
Loop24 pFBA...24299.0...Ave likelihood of: cpd00098_c is 0.17776391581880582...
Loop25 pFBA...15481.0...Ave likelihood of: cpd00274_c is 0.2558261440270025...
Loop26 pFBA...6655.0...Ave likelihood of: cpd00226_c is 0.3663575074918031...
Loop27 pFBA...4646.0...Ave likelihood of: cpd00246_c is 0.3472664192247973...
Loop28 pFBA...21019.0...Ave likelihood of: cpd00374_c is 0.19438666688068496...
Loop29 pFBA...4281.0...Ave likelihood of: cpd00221_c is 0.3229318967992977...
Loop30 pFBA...4130.0...Ave likelihood of: cpd00159_c is 0.375330702937986...
Loop31 pFBA...10449.0...Ave likelihood of: cpd00211_c is 0.30837892491573987...
Loop32 pFBA...4021.0...Ave likelihood of: cpd00047_c is 0.3633649409950514...
Loop33 pFBA...5279.0...Ave likelihood of: cpd00106_c is 0.08837225502947416...
Loop34 pFBA...7788.0...Ave likelihood of: cpd00141_c is 0.3049341826251927...
Loop35 pFBA...20284.0...Ave likelihood of: cpd00216_c is 0.176845578690732...
Loop36 pFBA...5015.0...Ave likelihood of: cpd00036_c is 0.08252321302136922...
Loop37 pFBA...22763.0...Ave likelihood of: cpd00581_c is 0.12400426129098913...
Loop38 pFBA...4900.0...Ave likelihood of: cpd00128_c is 0.14220513695991494...
Loop39 pFBA...6077.0...Ave likelihood of: cpd00018_c is 0.30159877262653206...
Loop40 pFBA...5434.0...Ave likelihood of: cpd00091_c is 0.3444539241809838...
Loop41 pFBA...3937.0...Ave likelihood of: cpd00092_c is 0.19073492608791073...
Loop42 pFBA...63196.0...Ave likelihood of: cpd00305_c is 0.16005275339863148...
Loop43 pFBA...12375.0...Ave likelihood of: cpd00220_c is 0.18772337197944994...
Loop44 pFBA...14704.0...Ave likelihood of: cpd00218_c is 0.14214515256574223...
Loop45 pFBA...14596.0...Ave likelihood of: cpd00215_c is 0.2231157889062115...
Loop46 pFBA...28964.0...Ave likelihood of: cpd00104_c is 0.14401777872151955...
Loop47 pFBA...36595.0...Ave likelihood of: cpd00393_c is 0.17684499354352615...
Loop48 pFBA...6294.0...Ave likelihood of: cpd00363_c is 0.40112341539994134...
Loop49 pFBA...9354.0...Ave likelihood of: cpd00281_c is 0.09222165229944744...
Loop50 pFBA...4169.0...Ave likelihood of: cpd00025_c is 0.24447550266053383...
Loop51 pFBA...20342.0...Ave likelihood of: cpd00811_c is 0.23005106344483817...
Loop52 pFBA...5545.0...Ave likelihood of: cpd00117_c is 0.28047515382071625...
Loop53 pFBA...7587.0...Ave likelihood of: cpd00186_c is 0.23557851864333612...
Loop54 pFBA...22568.0...Ave likelihood of: cpd00637_c is 0.17730809475687437...
Loop55 pFBA...6536.0...Ave likelihood of: cpd00550_c is 0.29991045852500564...
Loop56 pFBA...4240.0...Ave likelihood of: cpd00033_c is 0.20604880695057698...
Loop57 pFBA...5418.0...Ave likelihood of: cpd00035_c is 0.28047515382071625...
Loop58 pFBA...18939.0...Ave likelihood of: cpd00051_c is 0.22339222535486478...
Loop59 pFBA...8282.0...Ave likelihood of: cpd00132_c is 0.1685964778043145...
Loop60 pFBA...5635.0...Ave likelihood of: cpd00041_c is 0.10387677652335091...
Loop61 pFBA...13963.0...Ave likelihood of: cpd00084_c is 0.2093618432821629...
Loop62 pFBA...7354.0...Ave likelihood of: cpd00023_c is 0.12911031321922642...
Loop63 pFBA...9939.0...Ave likelihood of: cpd00053_c is 0.14508865097160042...
Loop64 pFBA...22144.0...Ave likelihood of: cpd00119_c is 0.10850596571485048...
Loop65 pFBA...17676.0...Ave likelihood of: cpd00322_c is 0.19671415417985832...
Loop66 pFBA...14734.0...Ave likelihood of: cpd00107_c is 0.2535111210234723...
Loop67 pFBA...17167.0...Ave likelihood of: cpd00039_c is 0.32208692348112133...
Loop68 pFBA...21568.0...Ave likelihood of: cpd00060_c is 0.1793461188345396...
Loop69 pFBA...21833.0...Ave likelihood of: cpd00066_c is 0.1560759837862609...
Loop70 pFBA...11355.0...Ave likelihood of: cpd00129_c is 0.06454218727945256...
Loop71 pFBA...5536.0...Ave likelihood of: cpd00054_c is 0.3229804937961599...
Loop72 pFBA...7849.0...Ave likelihood of: cpd00161_c is 0.23451390772839628...
Loop73 pFBA...29607.0...Ave likelihood of: cpd00065_c is 0.12453892012483325...
Loop74 pFBA...19528.0...Ave likelihood of: cpd00069_c is 0.208078705336895...
Loop75 pFBA...8576.0...Ave likelihood of: cpd00156_c is 0.24268695949618319...
Loop76 pFBA...24649.0...Ave likelihood of: cpd00098_c is 0.12685882551457622...
Loop77 pFBA...15743.0...Ave likelihood of: cpd00274_c is 0.2607078600702594...
Loop78 pFBA...6655.0...Ave likelihood of: cpd00226_c is 0.3663575074918031...
Loop79 pFBA...4933.0...Ave likelihood of: cpd00246_c is 0.22559687200201234...
Loop80 pFBA...21751.0...Ave likelihood of: cpd00374_c is 0.24135006900483075...
Loop81 pFBA...4486.0...Ave likelihood of: cpd00221_c is 0.28480723874628455...
Loop82 pFBA...4299.0...Ave likelihood of: cpd00159_c is 0.36061491995912504...
Loop83 pFBA...10563.0...Ave likelihood of: cpd00211_c is 0.18738416415330464...
Loop84 pFBA...4179.0...Ave likelihood of: cpd00047_c is 0.2516406262675999...
Loop85 pFBA...5279.0...Ave likelihood of: cpd00106_c is 0.08837225502947416...
Loop86 pFBA...7932.0...Ave likelihood of: cpd00141_c is 0.18510375885747204...
Loop87 pFBA...20683.0...Ave likelihood of: cpd00216_c is 0.21286313010985197...
Loop88 pFBA...5015.0...Ave likelihood of: cpd00036_c is 0.08252321302136922...
Loop89 pFBA...22763.0...Ave likelihood of: cpd00581_c is 0.12400426129098913...
Loop90 pFBA...4900.0...Ave likelihood of: cpd00128_c is 0.14220513695991494...
Loop91 pFBA...6077.0...Ave likelihood of: cpd00018_c is 0.30159877262653206...
Loop92 pFBA...5434.0...Ave likelihood of: cpd00091_c is 0.3444539241809838...
Loop93 pFBA...3937.0...Ave likelihood of: cpd00092_c is 0.19073492608791073...
Loop94 pFBA...63200.0...Ave likelihood of: cpd00305_c is 0.16573260104218981...
Loop95 pFBA...12375.0...Ave likelihood of: cpd00220_c is 0.19324464762590438...
Loop96 pFBA...14704.0...Ave likelihood of: cpd00218_c is 0.14214515256574223...
Loop97 pFBA...15179.0...Ave likelihood of: cpd00215_c is 0.2011214384038167...
Loop98 pFBA...29029.0...Ave likelihood of: cpd00104_c is 0.13254426115721643...
Loop99 pFBA...36595.0...Ave likelihood of: cpd00393_c is 0.17684499354352612...
Loop100 pFBA...6681.0...Ave likelihood of: cpd00363_c is 0.30336154939999516...
Loop101 pFBA...9354.0...Ave likelihood of: cpd00281_c is 0.09222165229944744...
Loop102 pFBA...4287.0...Ave likelihood of: cpd00025_c is 0.28516820072290805...
Loop103 pFBA...21297.0...Ave likelihood of: cpd00811_c is 0.1684702816627042...
Loop104 pFBA...5545.0...Ave likelihood of: cpd00117_c is 0.28047515382071625...
Loop105 pFBA...7587.0...Ave likelihood of: cpd00186_c is 0.23557851864333612...
Loop106 pFBA...22426.0...Ave likelihood of: cpd00637_c is 0.19491431604412945...
Loop107 pFBA...6523.0...Ave likelihood of: cpd00550_c is 0.25768062006739706...
Loop108 pFBA...4240.0...Ave likelihood of: cpd00033_c is 0.20604880695057698...
Loop109 pFBA...5418.0...Ave likelihood of: cpd00035_c is 0.28047515382071625...
Loop110 pFBA...18739.0...Ave likelihood of: cpd00051_c is 0.2194224883254135...
Loop111 pFBA...8282.0...Ave likelihood of: cpd00132_c is 0.1685964778043145...
Loop112 pFBA...5635.0...Ave likelihood of: cpd00041_c is 0.10387677652335091...
Loop113 pFBA...13925.0...Ave likelihood of: cpd00084_c is 0.19489664297935586...
Loop114 pFBA...7354.0...Ave likelihood of: cpd00023_c is 0.12911031321922642...
Loop115 pFBA...9939.0...Ave likelihood of: cpd00053_c is 0.14508865097160042...
Loop116 pFBA...22144.0...Ave likelihood of: cpd00119_c is 0.10850596571485048...
Loop117 pFBA...17584.0...Ave likelihood of: cpd00322_c is 0.24999388285366492...
Loop118 pFBA...14734.0...Ave likelihood of: cpd00107_c is 0.2535111210234723...
Loop119 pFBA...17130.0...Ave likelihood of: cpd00039_c is 0.2722260840981095...
Loop120 pFBA...21426.0...Ave likelihood of: cpd00060_c is 0.1971807615795263...
Loop121 pFBA...21120.0...Ave likelihood of: cpd00066_c is 0.22363352200591283...
Loop122 pFBA...11355.0...Ave likelihood of: cpd00129_c is 0.06454218727945256...
Loop123 pFBA...5523.0...Ave likelihood of: cpd00054_c is 0.27976753035888824...
Loop124 pFBA...7770.0...Ave likelihood of: cpd00161_c is 0.2908972266813812...
Loop125 pFBA...29607.0...Ave likelihood of: cpd00065_c is 0.12453892012483325...
Loop126 pFBA...19003.0...Ave likelihood of: cpd00069_c is 0.21726954322528033...
Loop127 pFBA...8576.0...Ave likelihood of: cpd00156_c is 0.24268695949618319...
Loop128 pFBA...24187.0...Ave likelihood of: cpd00098_c is 0.18969145849005886...
Loop129 pFBA...15742.0...Ave likelihood of: cpd00274_c is 0.30349191836803724...
Loop130 pFBA...6655.0...Ave likelihood of: cpd00226_c is 0.3663575074918031...
Loop131 pFBA...4613.0...Ave likelihood of: cpd00246_c is 0.2803391586099046...
Loop132 pFBA...20861.0...Ave likelihood of: cpd00374_c is 0.21917579719546237...
Loop133 pFBA...4422.0...Ave likelihood of: cpd00221_c is 0.2927954048243466...
Loop134 pFBA...4255.0...Ave likelihood of: cpd00159_c is 0.30069423661637223...
Loop135 pFBA...10408.0...Ave likelihood of: cpd00211_c is 0.31493709474778653...
Loop136 pFBA...4106.0...Ave likelihood of: cpd00047_c is 0.36457186310007667...
Loop137 pFBA...5279.0...Ave likelihood of: cpd00106_c is 0.08837225502947416...
Loop138 pFBA...7932.0...Ave likelihood of: cpd00141_c is 0.22970432177898345...
Loop139 pFBA...20076.0...Ave likelihood of: cpd00216_c is 0.1757778461534957...
Loop140 pFBA...5015.0...Ave likelihood of: cpd00036_c is 0.08252321302136922...
Loop141 pFBA...22763.0...Ave likelihood of: cpd00581_c is 0.12400426129098913...
Loop142 pFBA...4900.0...Ave likelihood of: cpd00128_c is 0.14220513695991494...
Loop143 pFBA...6077.0...Ave likelihood of: cpd00018_c is 0.30159877262653206...
Loop144 pFBA...5434.0...Ave likelihood of: cpd00091_c is 0.3444539241809838...
Loop145 pFBA...3937.0...Ave likelihood of: cpd00092_c is 0.19073492608791073...
Loop146 pFBA...63185.0...Ave likelihood of: cpd00305_c is 0.1587890346332246...
Loop147 pFBA...12375.0...Ave likelihood of: cpd00220_c is 0.18772337197944994...
Loop148 pFBA...14704.0...Ave likelihood of: cpd00218_c is 0.14214515256574223...
Loop149 pFBA...14493.0...Ave likelihood of: cpd00215_c is 0.22463773503885892...
Loop150 pFBA...29002.0...Ave likelihood of: cpd00104_c is 0.15818765408810567...
Loop151 pFBA...36595.0...Ave likelihood of: cpd00393_c is 0.17684499354352615...
Loop152 pFBA...6325.0...Ave likelihood of: cpd00363_c is 0.42061040354773016...
Loop153 pFBA...9354.0...Ave likelihood of: cpd00281_c is 0.09222165229944744...
Loop154 pFBA...4135.0...Ave likelihood of: cpd00025_c is 0.3429666874729576...
Loop155 pFBA...20197.0...Ave likelihood of: cpd00811_c is 0.22553678306905858...
31.9014436483mins to complete!
