
The following have been reloaded with a version change:
  1) anaconda2/4.4.0 => anaconda2/5.1.0

Loading in models...Adding Water...Remove no-like rxns...Pruned 1 metabolites from model
Pruned 1 reactions from model
Set-up Universal...62.0seconds to complete

Loop0 pFBA...5365.0...Ave likelihood of: cpd00117_c is 0.3946717596510292...
Loop1 pFBA...7601.0...Ave likelihood of: cpd00186_c is 0.23309211419958928...
Loop2 pFBA...22368.0...Ave likelihood of: cpd00637_c is 0.185775596804033...
Loop3 pFBA...6387.0...Ave likelihood of: cpd00550_c is 0.29052896771249664...
Loop4 pFBA...4196.0...Ave likelihood of: cpd00033_c is 0.22643357142317005...
Loop5 pFBA...5237.0...Ave likelihood of: cpd00035_c is 0.3946717596510292...
Loop6 pFBA...18112.0...Ave likelihood of: cpd00051_c is 0.34786794547891736...
Loop7 pFBA...7990.0...Ave likelihood of: cpd00132_c is 0.17388441673332913...
Loop8 pFBA...5509.0...Ave likelihood of: cpd00041_c is 0.1339370453106444...
Loop9 pFBA...13550.0...Ave likelihood of: cpd00084_c is 0.32545551347166973...
Loop10 pFBA...7345.0...Ave likelihood of: cpd00023_c is 0.13095633410769106...
Loop11 pFBA...9677.0...Ave likelihood of: cpd00053_c is 0.1654573473529374...
Loop12 pFBA...21152.0...Ave likelihood of: cpd00119_c is 0.13613947599022763...
Loop13 pFBA...17446.0...Ave likelihood of: cpd00322_c is 0.125736958858359...
Loop14 pFBA...14891.0...Ave likelihood of: cpd00107_c is 0.24102630979058184...
Loop15 pFBA...20798.0...Ave likelihood of: cpd00039_c is 0.16315504109867177...
Loop16 pFBA...21368.0...Ave likelihood of: cpd00060_c is 0.18839215450549823...
Loop17 pFBA...20659.0...Ave likelihood of: cpd00066_c is 0.2505770167644859...
Loop18 pFBA...10611.0...Ave likelihood of: cpd00129_c is 0.13890132123193452...
Loop19 pFBA...5387.0...Ave likelihood of: cpd00054_c is 0.29990086989677067...
Loop20 pFBA...7797.0...Ave likelihood of: cpd00161_c is 0.371367275586783...
Loop21 pFBA...29286.0...Ave likelihood of: cpd00065_c is 0.20642497264422732...
Loop22 pFBA...18510.0...Ave likelihood of: cpd00069_c is 0.2690597898525925...
Loop23 pFBA...8720.0...Ave likelihood of: cpd00156_c is 0.21682913143166563...
Loop24 pFBA...23740.0...Ave likelihood of: cpd00098_c is 0.2132812721173332...
Loop25 pFBA...14864.0...Ave likelihood of: cpd00274_c is 0.3504698735662515...
Loop26 pFBA...6120.0...Ave likelihood of: cpd00226_c is 0.3809048728860938...
Loop27 pFBA...4516.0...Ave likelihood of: cpd00246_c is 0.3999357613969161...
Loop28 pFBA...20328.0...Ave likelihood of: cpd00374_c is 0.2449653859926935...
Loop29 pFBA...4161.0...Ave likelihood of: cpd00221_c is 0.3377336959401183...
Loop30 pFBA...3975.0...Ave likelihood of: cpd00159_c is 0.4483613121683203...
Loop31 pFBA...10111.0...Ave likelihood of: cpd00211_c is 0.23469624724432103...
Loop32 pFBA...4014.0...Ave likelihood of: cpd00047_c is 0.3560724142976454...
Loop33 pFBA...5235.0...Ave likelihood of: cpd00106_c is 0.16458211793822508...
Loop34 pFBA...7656.0...Ave likelihood of: cpd00141_c is 0.3326072002354173...
Loop35 pFBA...19761.0...Ave likelihood of: cpd00216_c is 0.2425986643441239...
Loop36 pFBA...5009.0...Ave likelihood of: cpd00036_c is 0.08029740849164431...
Loop37 pFBA...21787.0...Ave likelihood of: cpd00581_c is 0.1411816788046805...
Loop38 pFBA...4433.0...Ave likelihood of: cpd00128_c is 0.22682403292338973...
Loop39 pFBA...5999.0...Ave likelihood of: cpd00018_c is 0.31572053300580977...
Loop40 pFBA...5188.0...Ave likelihood of: cpd00091_c is 0.40921019115151097...
Loop41 pFBA...3562.0...Ave likelihood of: cpd00092_c is 0.37652876975808736...
Loop42 pFBA...62572.0...Ave likelihood of: cpd00305_c is 0.17282194699256154...
Loop43 pFBA...12582.0...Ave likelihood of: cpd00220_c is 0.32595143853067404...
Loop44 pFBA...14602.0...Ave likelihood of: cpd00218_c is 0.1876303245866427...
Loop45 pFBA...14382.0...Ave likelihood of: cpd00215_c is 0.3048206637288724...
Loop46 pFBA...28435.0...Ave likelihood of: cpd00104_c is 0.20960347365834014...
Loop47 pFBA...36419.0...Ave likelihood of: cpd00393_c is 0.15327649892115042...
Loop48 pFBA...5958.0...Ave likelihood of: cpd00363_c is 0.5007954678528241...
Loop49 pFBA...9190.0...Ave likelihood of: cpd00281_c is 0.11572191390269658...
Loop50 pFBA...4074.0...Ave likelihood of: cpd00025_c is 0.25048255238039346...
Loop51 pFBA...19982.0...Ave likelihood of: cpd00811_c is 0.30021366155412943...
Loop52 pFBA...5365.0...Ave likelihood of: cpd00117_c is 0.3946717596510292...
Loop53 pFBA...7601.0...Ave likelihood of: cpd00186_c is 0.23309211419958928...
Loop54 pFBA...22539.0...Ave likelihood of: cpd00637_c is 0.11232503661668808...
Loop55 pFBA...6426.0...Ave likelihood of: cpd00550_c is 0.3801997386826702...
Loop56 pFBA...4196.0...Ave likelihood of: cpd00033_c is 0.22643357142317008...
Loop57 pFBA...5237.0...Ave likelihood of: cpd00035_c is 0.3946717596510292...
Loop58 pFBA...18549.0...Ave likelihood of: cpd00051_c is 0.307818186326236...
Loop59 pFBA...7990.0...Ave likelihood of: cpd00132_c is 0.17388441673332913...
Loop60 pFBA...5509.0...Ave likelihood of: cpd00041_c is 0.1339370453106444...
Loop61 pFBA...13727.0...Ave likelihood of: cpd00084_c is 0.23845113496453976...
Loop62 pFBA...7345.0...Ave likelihood of: cpd00023_c is 0.13095633410769106...
Loop63 pFBA...9677.0...Ave likelihood of: cpd00053_c is 0.1654369302809873...
Loop64 pFBA...21152.0...Ave likelihood of: cpd00119_c is 0.1361536950224786...
Loop65 pFBA...17446.0...Ave likelihood of: cpd00322_c is 0.125736958858359...
Loop66 pFBA...14892.0...Ave likelihood of: cpd00107_c is 0.19289532882477153...
Loop67 pFBA...21319.0...Ave likelihood of: cpd00039_c is 0.18621413603741335...
Loop68 pFBA...21539.0...Ave likelihood of: cpd00060_c is 0.11397687539046289...
Loop69 pFBA...21395.0...Ave likelihood of: cpd00066_c is 0.28421059180950936...
Loop70 pFBA...10611.0...Ave likelihood of: cpd00129_c is 0.13890132123193452...
Loop71 pFBA...5426.0...Ave likelihood of: cpd00054_c is 0.40554638792818154...
Loop72 pFBA...7973.0...Ave likelihood of: cpd00161_c is 0.24199290504284515...
Loop73 pFBA...29296.0...Ave likelihood of: cpd00065_c is 0.1688139312593381...
Loop74 pFBA...18995.0...Ave likelihood of: cpd00069_c is 0.28331146769715815...
Loop75 pFBA...8720.0...Ave likelihood of: cpd00156_c is 0.21682913143166563...
Loop76 pFBA...24330.0...Ave likelihood of: cpd00098_c is 0.1759290471097805...
Loop77 pFBA...15262.0...Ave likelihood of: cpd00274_c is 0.21298699669832583...
Loop78 pFBA...6120.0...Ave likelihood of: cpd00226_c is 0.38090487288609387...
Loop79 pFBA...4821.0...Ave likelihood of: cpd00246_c is 0.3586953407296036...
Loop80 pFBA...21105.0...Ave likelihood of: cpd00374_c is 0.27704173193549786...
Loop81 pFBA...4297.0...Ave likelihood of: cpd00221_c is 0.29641595976796253...
Loop82 pFBA...4134.0...Ave likelihood of: cpd00159_c is 0.31468307695504427...
Loop83 pFBA...10156.0...Ave likelihood of: cpd00211_c is 0.13473141877096184...
Loop84 pFBA...4127.0...Ave likelihood of: cpd00047_c is 0.4135971224015832...
Loop85 pFBA...5235.0...Ave likelihood of: cpd00106_c is 0.13940007910327365...
Loop86 pFBA...7794.0...Ave likelihood of: cpd00141_c is 0.19486961301775682...
Loop87 pFBA...20462.0...Ave likelihood of: cpd00216_c is 0.23301867058012773...
Loop88 pFBA...5009.0...Ave likelihood of: cpd00036_c is 0.08029740849164431...
Loop89 pFBA...21787.0...Ave likelihood of: cpd00581_c is 0.1411816788046805...
Loop90 pFBA...4433.0...Ave likelihood of: cpd00128_c is 0.22682403292338973...
Loop91 pFBA...5999.0...Ave likelihood of: cpd00018_c is 0.31572053300580977...
Loop92 pFBA...5188.0...Ave likelihood of: cpd00091_c is 0.40921019115151097...
Loop93 pFBA...3562.0...Ave likelihood of: cpd00092_c is 0.37652876975808736...
Loop94 pFBA...62649.0...Ave likelihood of: cpd00305_c is 0.17299051838976587...
Loop95 pFBA...12629.0...Ave likelihood of: cpd00220_c is 0.22235618243838012...
Loop96 pFBA...14829.0...Ave likelihood of: cpd00218_c is 0.1766595942400747...
Loop97 pFBA...14736.0...Ave likelihood of: cpd00215_c is 0.3315433401415109...
Loop98 pFBA...28516.0...Ave likelihood of: cpd00104_c is 0.16009510674246236...
Loop99 pFBA...36425.0...Ave likelihood of: cpd00393_c is 0.1698898111172732...
Loop100 pFBA...6445.0...Ave likelihood of: cpd00363_c is 0.4640406795877777...
Loop101 pFBA...9190.0...Ave likelihood of: cpd00281_c is 0.11572191390269658...
Loop102 pFBA...4227.0...Ave likelihood of: cpd00025_c is 0.36706534298465954...
Loop103 pFBA...20987.0...Ave likelihood of: cpd00811_c is 0.29463334668259017...
Loop104 pFBA...5365.0...Ave likelihood of: cpd00117_c is 0.3946717596510292...
Loop105 pFBA...7601.0...Ave likelihood of: cpd00186_c is 0.23309211419958928...
Loop106 pFBA...22522.0...Ave likelihood of: cpd00637_c is 0.14906201393017496...
Loop107 pFBA...6415.0...Ave likelihood of: cpd00550_c is 0.29874204960256456...
Loop108 pFBA...4196.0...Ave likelihood of: cpd00033_c is 0.22643357142317008...
Loop109 pFBA...5237.0...Ave likelihood of: cpd00035_c is 0.3946717596510292...
Loop110 pFBA...18268.0...Ave likelihood of: cpd00051_c is 0.2875681320004641...
Loop111 pFBA...7990.0...Ave likelihood of: cpd00132_c is 0.1738844167333291...
Loop112 pFBA...5509.0...Ave likelihood of: cpd00041_c is 0.1339370453106444...
Loop113 pFBA...13674.0...Ave likelihood of: cpd00084_c is 0.3168610061703086...
Loop114 pFBA...7345.0...Ave likelihood of: cpd00023_c is 0.13095633410769106...
Loop115 pFBA...9677.0...Ave likelihood of: cpd00053_c is 0.1654369302809873...
Loop116 pFBA...21152.0...Ave likelihood of: cpd00119_c is 0.13613947599022763...
Loop117 pFBA...17446.0...Ave likelihood of: cpd00322_c is 0.125736958858359...
Loop118 pFBA...14892.0...Ave likelihood of: cpd00107_c is 0.19289532882477153...
Loop119 pFBA...20914.0...Ave likelihood of: cpd00039_c is 0.1671895533452989...
Loop120 pFBA...21522.0...Ave likelihood of: cpd00060_c is 0.15063108776101888...
Loop121 pFBA...20797.0...Ave likelihood of: cpd00066_c is 0.2684374285738693...
Loop122 pFBA...10611.0...Ave likelihood of: cpd00129_c is 0.13890132123193452...
Loop123 pFBA...5415.0...Ave likelihood of: cpd00054_c is 0.30523644198522903...
Loop124 pFBA...7854.0...Ave likelihood of: cpd00161_c is 0.3285331056999496...
Loop125 pFBA...29296.0...Ave likelihood of: cpd00065_c is 0.1688139312593381...
Loop126 pFBA...18584.0...Ave likelihood of: cpd00069_c is 0.2567528437814322...
Loop127 pFBA...8720.0...Ave likelihood of: cpd00156_c is 0.21682913143166563...
Loop128 pFBA...23943.0...Ave likelihood of: cpd00098_c is 0.19795149443927237...
Loop129 pFBA...15005.0...Ave likelihood of: cpd00274_c is 0.33713768229835744...
Loop130 pFBA...6120.0...Ave likelihood of: cpd00226_c is 0.3809048728860938...
Loop131 pFBA...4605.0...Ave likelihood of: cpd00246_c is 0.38807855817385484...
Loop132 pFBA...20497.0...Ave likelihood of: cpd00374_c is 0.2743081673829062...
Loop133 pFBA...4276.0...Ave likelihood of: cpd00221_c is 0.33846150343496173...
Loop134 pFBA...4093.0...Ave likelihood of: cpd00159_c is 0.3339604874930893...
Loop135 pFBA...10128.0...Ave likelihood of: cpd00211_c is 0.24892454785810883...
Loop136 pFBA...4086.0...Ave likelihood of: cpd00047_c is 0.32166738530822475...
Loop137 pFBA...5235.0...Ave likelihood of: cpd00106_c is 0.16458211793822508...
Loop138 pFBA...7782.0...Ave likelihood of: cpd00141_c is 0.31736281910498315...
Loop139 pFBA...19970.0...Ave likelihood of: cpd00216_c is 0.22218637002388886...
Loop140 pFBA...5009.0...Ave likelihood of: cpd00036_c is 0.08029740849164431...
Loop141 pFBA...21787.0...Ave likelihood of: cpd00581_c is 0.1411816788046805...
Loop142 pFBA...4433.0...Ave likelihood of: cpd00128_c is 0.22682403292338973...
Loop143 pFBA...5999.0...Ave likelihood of: cpd00018_c is 0.31572053300580977...
Loop144 pFBA...5188.0...Ave likelihood of: cpd00091_c is 0.40921019115151097...
Loop145 pFBA...3562.0...Ave likelihood of: cpd00092_c is 0.37652876975808736...
Loop146 pFBA...62567.0...Ave likelihood of: cpd00305_c is 0.17746894981471065...
Loop147 pFBA...12626.0...Ave likelihood of: cpd00220_c is 0.2774107612383352...
Loop148 pFBA...14771.0...Ave likelihood of: cpd00218_c is 0.17943003386142248...
Loop149 pFBA...14432.0...Ave likelihood of: cpd00215_c is 0.27300278669872075...
Loop150 pFBA...28422.0...Ave likelihood of: cpd00104_c is 0.19243371886031285...
Loop151 pFBA...36418.0...Ave likelihood of: cpd00393_c is 0.15399734263435064...
Loop152 pFBA...6032.0...Ave likelihood of: cpd00363_c is 0.4704404499581745...
Loop153 pFBA...9190.0...Ave likelihood of: cpd00281_c is 0.11572191390269658...
Loop154 pFBA...4142.0...Ave likelihood of: cpd00025_c is 0.3352872761925967...
Loop155 pFBA...20242.0...Ave likelihood of: cpd00811_c is 0.2166793051945675...
32.4893704136mins to complete!
