
The following have been reloaded with a version change:
  1) anaconda2/4.4.0 => anaconda2/5.1.0

Loading in models...Adding Water...Remove no-like rxns...Pruned 1 metabolites from model
Pruned 1 reactions from model
Set-up Universal...62.0seconds to complete

Loop0 pFBA...5567.0...Ave likelihood of: cpd00117_c is 0.4718272160858262...
Loop1 pFBA...6841.0...Ave likelihood of: cpd00186_c is 0.3598515322790646...
Loop2 pFBA...21351.0...Ave likelihood of: cpd00637_c is 0.2794155480552803...
Loop3 pFBA...6421.0...Ave likelihood of: cpd00550_c is 0.34850053978580986...
Loop4 pFBA...4055.0...Ave likelihood of: cpd00033_c is 0.2510257887236302...
Loop5 pFBA...5445.0...Ave likelihood of: cpd00035_c is 0.4718272160858262...
Loop6 pFBA...18078.0...Ave likelihood of: cpd00051_c is 0.3126198500472082...
Loop7 pFBA...7911.0...Ave likelihood of: cpd00132_c is 0.2500230301824411...
Loop8 pFBA...5181.0...Ave likelihood of: cpd00041_c is 0.22319400215674057...
Loop9 pFBA...13609.0...Ave likelihood of: cpd00084_c is 0.26940193643577554...
Loop10 pFBA...6592.0...Ave likelihood of: cpd00023_c is 0.2815502557909473...
Loop11 pFBA...9082.0...Ave likelihood of: cpd00053_c is 0.31089670954281884...
Loop12 pFBA...16376.0...Ave likelihood of: cpd00119_c is 0.3301109445696313...
Loop13 pFBA...16744.0...Ave likelihood of: cpd00322_c is 0.33893855969882236...
Loop14 pFBA...14214.0...Ave likelihood of: cpd00107_c is 0.2638256435277743...
Loop15 pFBA...17661.0...Ave likelihood of: cpd00039_c is 0.293926711166126...
Loop16 pFBA...20351.0...Ave likelihood of: cpd00060_c is 0.28299779867137365...
Loop17 pFBA...20482.0...Ave likelihood of: cpd00066_c is 0.27298344672332664...
Loop18 pFBA...10285.0...Ave likelihood of: cpd00129_c is 0.2013537316781782...
Loop19 pFBA...5421.0...Ave likelihood of: cpd00054_c is 0.35591544488763555...
Loop20 pFBA...7302.0...Ave likelihood of: cpd00161_c is 0.4004151416563385...
Loop21 pFBA...27273.0...Ave likelihood of: cpd00065_c is 0.2496993617947998...
Loop22 pFBA...18234.0...Ave likelihood of: cpd00069_c is 0.22470040683928819...
Loop23 pFBA...7671.0...Ave likelihood of: cpd00156_c is 0.33292808993867273...
Loop24 pFBA...23565.0...Ave likelihood of: cpd00098_c is 0.24866098333506817...
Loop25 pFBA...14160.0...Ave likelihood of: cpd00274_c is 0.315348285846511...
Loop26 pFBA...6631.0...Ave likelihood of: cpd00226_c is 0.32598568250645277...
Loop27 pFBA...4435.0...Ave likelihood of: cpd00246_c is 0.44095079522196234...
Loop28 pFBA...19946.0...Ave likelihood of: cpd00374_c is 0.24026213027964327...
Loop29 pFBA...4761.0...Ave likelihood of: cpd00221_c is 0.4231458892681358...
Loop30 pFBA...4281.0...Ave likelihood of: cpd00159_c is 0.42424045866153576...
Loop31 pFBA...10262.0...Ave likelihood of: cpd00211_c is 0.38916652743533603...
Loop32 pFBA...3761.0...Ave likelihood of: cpd00047_c is 0.2938851796112775...
Loop33 pFBA...5000.0...Ave likelihood of: cpd00106_c is 0.1901438779245868...
Loop34 pFBA...7539.0...Ave likelihood of: cpd00141_c is 0.41431869181274483...
Loop35 pFBA...19048.0...Ave likelihood of: cpd00216_c is 0.23169094885301078...
Loop36 pFBA...4800.0...Ave likelihood of: cpd00036_c is 0.41887983845729504...
Loop37 pFBA...16944.0...Ave likelihood of: cpd00581_c is 0.3261571111584858...
Loop38 pFBA...4747.0...Ave likelihood of: cpd00128_c is 0.34572349175123573...
Loop39 pFBA...5862.0...Ave likelihood of: cpd00018_c is 0.2797319566585321...
Loop40 pFBA...5862.0...Ave likelihood of: cpd00091_c is 0.2797319566585321...
Loop41 pFBA...3605.0...Ave likelihood of: cpd00092_c is 0.34297849356146515...
Loop42 pFBA...63813.0...Ave likelihood of: cpd00305_c is 0.16210506253859222...
Loop43 pFBA...13604.0...Ave likelihood of: cpd00220_c is 0.28797598992679385...
Loop44 pFBA...14475.0...Ave likelihood of: cpd00218_c is 0.2132641889291204...
Loop45 pFBA...14465.0...Ave likelihood of: cpd00215_c is 0.30081465770323035...
Loop46 pFBA...28619.0...Ave likelihood of: cpd00104_c is 0.22169427548214224...
Loop47 pFBA...36050.0...Ave likelihood of: cpd00393_c is 0.17119066709958977...
Loop48 pFBA...5657.0...Ave likelihood of: cpd00363_c is 0.5680381904470394...
Loop49 pFBA...8589.0...Ave likelihood of: cpd00281_c is 0.20164210504336716...
Loop50 pFBA...4011.0...Ave likelihood of: cpd00025_c is 0.2858658261220314...
Loop51 pFBA...19546.0...Ave likelihood of: cpd00811_c is 0.2613143026497014...
Loop52 pFBA...5420.0...Ave likelihood of: cpd00714_c is 0.37091173564525726...
Loop53 pFBA...5567.0...Ave likelihood of: cpd00117_c is 0.4718272160858262...
Loop54 pFBA...6841.0...Ave likelihood of: cpd00186_c is 0.3598515322790646...
Loop55 pFBA...21652.0...Ave likelihood of: cpd00637_c is 0.23840765711894987...
Loop56 pFBA...6502.0...Ave likelihood of: cpd00550_c is 0.3064436916338801...
Loop57 pFBA...4056.0...Ave likelihood of: cpd00033_c is 0.2386856800831953...
Loop58 pFBA...5445.0...Ave likelihood of: cpd00035_c is 0.4718272160858262...
Loop59 pFBA...18304.0...Ave likelihood of: cpd00051_c is 0.28208292155551856...
Loop60 pFBA...7911.0...Ave likelihood of: cpd00132_c is 0.2500230301824411...
Loop61 pFBA...5181.0...Ave likelihood of: cpd00041_c is 0.22319400215674057...
Loop62 pFBA...13770.0...Ave likelihood of: cpd00084_c is 0.24812237518646738...
Loop63 pFBA...6592.0...Ave likelihood of: cpd00023_c is 0.2815502557909473...
Loop64 pFBA...9082.0...Ave likelihood of: cpd00053_c is 0.3108967095428188...
Loop65 pFBA...16376.0...Ave likelihood of: cpd00119_c is 0.3236381809506189...
Loop66 pFBA...16757.0...Ave likelihood of: cpd00322_c is 0.23989646993759628...
Loop67 pFBA...14214.0...Ave likelihood of: cpd00107_c is 0.2638256435277743...
Loop68 pFBA...17932.0...Ave likelihood of: cpd00039_c is 0.2882570333265015...
Loop69 pFBA...20652.0...Ave likelihood of: cpd00060_c is 0.24171887457893534...
Loop70 pFBA...21500.0...Ave likelihood of: cpd00066_c is 0.22753003277147296...
Loop71 pFBA...10285.0...Ave likelihood of: cpd00129_c is 0.2013537316781782...
Loop72 pFBA...5502.0...Ave likelihood of: cpd00054_c is 0.3064436916338801...
Loop73 pFBA...7656.0...Ave likelihood of: cpd00161_c is 0.3638091444998305...
Loop74 pFBA...27273.0...Ave likelihood of: cpd00065_c is 0.2496993617947998...
Loop75 pFBA...18877.0...Ave likelihood of: cpd00069_c is 0.23661726612092698...
Loop76 pFBA...7671.0...Ave likelihood of: cpd00156_c is 0.33292808993867273...
Loop77 pFBA...24614.0...Ave likelihood of: cpd00098_c is 0.2755394973951552...
Loop78 pFBA...14162.0...Ave likelihood of: cpd00274_c is 0.1946057643842818...
Loop79 pFBA...6631.0...Ave likelihood of: cpd00226_c is 0.32598568250645277...
Loop80 pFBA...4806.0...Ave likelihood of: cpd00246_c is 0.36141437480915384...
Loop81 pFBA...20853.0...Ave likelihood of: cpd00374_c is 0.21774090771447746...
Loop82 pFBA...5089.0...Ave likelihood of: cpd00221_c is 0.3549920689397505...
Loop83 pFBA...4351.0...Ave likelihood of: cpd00159_c is 0.38094278078825894...
Loop84 pFBA...10463.0...Ave likelihood of: cpd00211_c is 0.20727137391256478...
Loop85 pFBA...3766.0...Ave likelihood of: cpd00047_c is 0.2191486074592378...
Loop86 pFBA...5000.0...Ave likelihood of: cpd00106_c is 0.1901438779245868...
Loop87 pFBA...7733.0...Ave likelihood of: cpd00141_c is 0.32378560085761393...
Loop88 pFBA...20286.0...Ave likelihood of: cpd00216_c is 0.21777219101634934...
Loop89 pFBA...4801.0...Ave likelihood of: cpd00036_c is 0.2282928444071887...
Loop90 pFBA...16944.0...Ave likelihood of: cpd00581_c is 0.3261571111584858...
Loop91 pFBA...4747.0...Ave likelihood of: cpd00128_c is 0.34572349175123573...
Loop92 pFBA...5862.0...Ave likelihood of: cpd00018_c is 0.2797319566585321...
Loop93 pFBA...5862.0...Ave likelihood of: cpd00091_c is 0.2797319566585321...
Loop94 pFBA...3618.0...Ave likelihood of: cpd00092_c is 0.32162612685846603...
Loop95 pFBA...64041.0...Ave likelihood of: cpd00305_c is 0.1220494493052234...
Loop96 pFBA...14057.0...Ave likelihood of: cpd00220_c is 0.17777172172267364...
Loop97 pFBA...14725.0...Ave likelihood of: cpd00218_c is 0.21582425712576048...
Loop98 pFBA...15071.0...Ave likelihood of: cpd00215_c is 0.3453375136906745...
Loop99 pFBA...28681.0...Ave likelihood of: cpd00104_c is 0.1631385387448498...
Loop100 pFBA...36061.0...Ave likelihood of: cpd00393_c is 0.17073045117488655...
Loop101 pFBA...6430.0...Ave likelihood of: cpd00363_c is 0.3842442629126041...
Loop102 pFBA...8589.0...Ave likelihood of: cpd00281_c is 0.20164210504336716...
Loop103 pFBA...4217.0...Ave likelihood of: cpd00025_c is 0.38862854681072767...
Loop104 pFBA...20512.0...Ave likelihood of: cpd00811_c is 0.2998417696973598...
Loop105 pFBA...6483.0...Ave likelihood of: cpd00714_c is 0.4163790456506456...
Loop106 pFBA...5567.0...Ave likelihood of: cpd00117_c is 0.4718272160858262...
Loop107 pFBA...6841.0...Ave likelihood of: cpd00186_c is 0.3598515322790646...
Loop108 pFBA...21548.0...Ave likelihood of: cpd00637_c is 0.2473731264541557...
Loop109 pFBA...6457.0...Ave likelihood of: cpd00550_c is 0.30232148495977423...
Loop110 pFBA...4055.0...Ave likelihood of: cpd00033_c is 0.22832339354457457...
Loop111 pFBA...5445.0...Ave likelihood of: cpd00035_c is 0.4718272160858262...
Loop112 pFBA...18196.0...Ave likelihood of: cpd00051_c is 0.2728849177901983...
Loop113 pFBA...7911.0...Ave likelihood of: cpd00132_c is 0.2500230301824411...
Loop114 pFBA...5181.0...Ave likelihood of: cpd00041_c is 0.22319400215674057...
Loop115 pFBA...13742.0...Ave likelihood of: cpd00084_c is 0.23058847509784056...
Loop116 pFBA...6592.0...Ave likelihood of: cpd00023_c is 0.2815502557909473...
Loop117 pFBA...9082.0...Ave likelihood of: cpd00053_c is 0.3108967095428188...
Loop118 pFBA...16376.0...Ave likelihood of: cpd00119_c is 0.3236381809506189...
Loop119 pFBA...16757.0...Ave likelihood of: cpd00322_c is 0.23989646993759628...
Loop120 pFBA...14214.0...Ave likelihood of: cpd00107_c is 0.2638256435277743...
Loop121 pFBA...17741.0...Ave likelihood of: cpd00039_c is 0.28465239471548215...
Loop122 pFBA...20548.0...Ave likelihood of: cpd00060_c is 0.2505857644600539...
Loop123 pFBA...20948.0...Ave likelihood of: cpd00066_c is 0.2340086164770524...
Loop124 pFBA...10285.0...Ave likelihood of: cpd00129_c is 0.2013537316781782...
Loop125 pFBA...5457.0...Ave likelihood of: cpd00054_c is 0.3086198492297695...
Loop126 pFBA...7516.0...Ave likelihood of: cpd00161_c is 0.36571496189205976...
Loop127 pFBA...27273.0...Ave likelihood of: cpd00065_c is 0.2496993617947998...
Loop128 pFBA...18485.0...Ave likelihood of: cpd00069_c is 0.19694019557056322...
Loop129 pFBA...7671.0...Ave likelihood of: cpd00156_c is 0.33292808993867273...
Loop130 pFBA...24111.0...Ave likelihood of: cpd00098_c is 0.24359315531691672...
Loop131 pFBA...14162.0...Ave likelihood of: cpd00274_c is 0.1946057643842818...
Loop132 pFBA...6631.0...Ave likelihood of: cpd00226_c is 0.32598568250645277...
Loop133 pFBA...4638.0...Ave likelihood of: cpd00246_c is 0.22436748972567885...
Loop134 pFBA...20435.0...Ave likelihood of: cpd00374_c is 0.2217517696095947...
Loop135 pFBA...4969.0...Ave likelihood of: cpd00221_c is 0.190232143603087...
Loop136 pFBA...4334.0...Ave likelihood of: cpd00159_c is 0.3457198189753077...
Loop137 pFBA...10445.0...Ave likelihood of: cpd00211_c is 0.34515462885591647...
Loop138 pFBA...3766.0...Ave likelihood of: cpd00047_c is 0.2191486074592378...
Loop139 pFBA...5000.0...Ave likelihood of: cpd00106_c is 0.1901438779245868...
Loop140 pFBA...7678.0...Ave likelihood of: cpd00141_c is 0.37134557744186464...
Loop141 pFBA...19631.0...Ave likelihood of: cpd00216_c is 0.23464695430905855...
Loop142 pFBA...4801.0...Ave likelihood of: cpd00036_c is 0.2282928444071887...
Loop143 pFBA...16944.0...Ave likelihood of: cpd00581_c is 0.3261571111584858...
Loop144 pFBA...4747.0...Ave likelihood of: cpd00128_c is 0.34572349175123573...
Loop145 pFBA...5862.0...Ave likelihood of: cpd00018_c is 0.2797319566585321...
Loop146 pFBA...5862.0...Ave likelihood of: cpd00091_c is 0.2797319566585321...
Loop147 pFBA...3618.0...Ave likelihood of: cpd00092_c is 0.32162612685846603...
Loop148 pFBA...64041.0...Ave likelihood of: cpd00305_c is 0.12081662658496863...
Loop149 pFBA...13957.0...Ave likelihood of: cpd00220_c is 0.2772776336781696...
Loop150 pFBA...14648.0...Ave likelihood of: cpd00218_c is 0.1396999390408914...
Loop151 pFBA...14748.0...Ave likelihood of: cpd00215_c is 0.23145143598122098...
Loop152 pFBA...28673.0...Ave likelihood of: cpd00104_c is 0.18455826337548212...
Loop153 pFBA...36053.0...Ave likelihood of: cpd00393_c is 0.15154797135590614...
Loop154 pFBA...6089.0...Ave likelihood of: cpd00363_c is 0.43342146598489056...
Loop155 pFBA...8589.0...Ave likelihood of: cpd00281_c is 0.20164210504336716...
Loop156 pFBA...4134.0...Ave likelihood of: cpd00025_c is 0.312172887164628...
Loop157 pFBA...19988.0...Ave likelihood of: cpd00811_c is 0.27138153117017205...
Loop158 pFBA...6022.0...Ave likelihood of: cpd00714_c is 0.30870991803874587...
32.8437965989mins to complete!
