
The following have been reloaded with a version change:
  1) anaconda2/4.4.0 => anaconda2/5.1.0

Loading in models...Adding Water...Remove no-like rxns...Pruned 1 metabolites from model
Pruned 1 reactions from model
Set-up Universal...62.0seconds to complete

Loop0 pFBA...5379.0...Ave likelihood of: cpd00117_c is 0.4004818869371482...
Loop1 pFBA...7684.0...Ave likelihood of: cpd00186_c is 0.21926194852772443...
Loop2 pFBA...22349.0...Ave likelihood of: cpd00637_c is 0.21557079244330296...
Loop3 pFBA...6411.0...Ave likelihood of: cpd00550_c is 0.47220179122736117...
Loop4 pFBA...4210.0...Ave likelihood of: cpd00033_c is 0.2529802092331662...
Loop5 pFBA...5247.0...Ave likelihood of: cpd00035_c is 0.40553911598261383...
Loop6 pFBA...18370.0...Ave likelihood of: cpd00051_c is 0.2926551828228891...
Loop7 pFBA...7898.0...Ave likelihood of: cpd00132_c is 0.2149970005700005...
Loop8 pFBA...5393.0...Ave likelihood of: cpd00041_c is 0.1755887530176374...
Loop9 pFBA...13802.0...Ave likelihood of: cpd00084_c is 0.2611865892535179...
Loop10 pFBA...7439.0...Ave likelihood of: cpd00023_c is 0.11216818419990744...
Loop11 pFBA...9577.0...Ave likelihood of: cpd00053_c is 0.25482367398213424...
Loop12 pFBA...21460.0...Ave likelihood of: cpd00119_c is 0.18121031715581146...
Loop13 pFBA...17286.0...Ave likelihood of: cpd00322_c is 0.1550895031420801...
Loop14 pFBA...14709.0...Ave likelihood of: cpd00107_c is 0.2562975727265826...
Loop15 pFBA...17070.0...Ave likelihood of: cpd00039_c is 0.3375783633461566...
Loop16 pFBA...21349.0...Ave likelihood of: cpd00060_c is 0.21796602347045074...
Loop17 pFBA...20539.0...Ave likelihood of: cpd00066_c is 0.2286853348397251...
Loop18 pFBA...10665.0...Ave likelihood of: cpd00129_c is 0.13353880570099963...
Loop19 pFBA...5411.0...Ave likelihood of: cpd00054_c is 0.5115519404963079...
Loop20 pFBA...7965.0...Ave likelihood of: cpd00161_c is 0.3563985409048847...
Loop21 pFBA...29325.0...Ave likelihood of: cpd00065_c is 0.20755618491471511...
Loop22 pFBA...18434.0...Ave likelihood of: cpd00069_c is 0.2551450033064242...
Loop23 pFBA...8429.0...Ave likelihood of: cpd00156_c is 0.2016051894536042...
Loop24 pFBA...23724.0...Ave likelihood of: cpd00098_c is 0.2703479707703104...
Loop25 pFBA...14530.0...Ave likelihood of: cpd00274_c is 0.2669617974157546...
Loop26 pFBA...6169.0...Ave likelihood of: cpd00226_c is 0.43962220707964256...
Loop27 pFBA...4673.0...Ave likelihood of: cpd00246_c is 0.3844065376085886...
Loop28 pFBA...20326.0...Ave likelihood of: cpd00374_c is 0.25251344133247716...
Loop29 pFBA...4281.0...Ave likelihood of: cpd00221_c is 0.36511199425932717...
Loop30 pFBA...4019.0...Ave likelihood of: cpd00159_c is 0.3869662787029096...
Loop31 pFBA...10207.0...Ave likelihood of: cpd00211_c is 0.27423897846623163...
Loop32 pFBA...4003.0...Ave likelihood of: cpd00047_c is 0.41639193173394373...
Loop33 pFBA...5055.0...Ave likelihood of: cpd00106_c is 0.19161211855376542...
Loop34 pFBA...7738.0...Ave likelihood of: cpd00141_c is 0.2703995144870808...
Loop35 pFBA...19737.0...Ave likelihood of: cpd00216_c is 0.26695493792205877...
Loop36 pFBA...4976.0...Ave likelihood of: cpd00036_c is 0.14517355646661917...
Loop37 pFBA...22001.0...Ave likelihood of: cpd00581_c is 0.18779624683767712...
Loop38 pFBA...4247.0...Ave likelihood of: cpd00128_c is 0.3725198280786842...
Loop39 pFBA...5700.0...Ave likelihood of: cpd00018_c is 0.2716854196013269...
Loop40 pFBA...4738.0...Ave likelihood of: cpd00091_c is 0.34970372239360065...
Loop41 pFBA...3353.0...Ave likelihood of: cpd00092_c is 0.41026510347198464...
Loop42 pFBA...61573.0...Ave likelihood of: cpd00305_c is 0.21233672241721752...
Loop43 pFBA...12262.0...Ave likelihood of: cpd00220_c is 0.3316498221595632...
Loop44 pFBA...14430.0...Ave likelihood of: cpd00218_c is 0.20386070777015367...
Loop45 pFBA...14147.0...Ave likelihood of: cpd00215_c is 0.3725059070712473...
Loop46 pFBA...28208.0...Ave likelihood of: cpd00104_c is 0.18926659573142998...
Loop47 pFBA...34928.0...Ave likelihood of: cpd00393_c is 0.22928051981965164...
Loop48 pFBA...6186.0...Ave likelihood of: cpd00363_c is 0.49250543821519227...
Loop49 pFBA...9439.0...Ave likelihood of: cpd00281_c is 0.08012013157136245...
Loop50 pFBA...4118.0...Ave likelihood of: cpd00025_c is 0.39935932585438155...
Loop51 pFBA...20176.0...Ave likelihood of: cpd00811_c is 0.29602010783425825...
Loop52 pFBA...5236.0...Ave likelihood of: cpd00714_c is 0.4314985780951919...
Loop53 pFBA...5379.0...Ave likelihood of: cpd00117_c is 0.4004818869371482...
Loop54 pFBA...7684.0...Ave likelihood of: cpd00186_c is 0.21926194852772443...
Loop55 pFBA...22367.0...Ave likelihood of: cpd00637_c is 0.20874808924924904...
Loop56 pFBA...6411.0...Ave likelihood of: cpd00550_c is 0.47220179122736117...
Loop57 pFBA...4210.0...Ave likelihood of: cpd00033_c is 0.24829539054366312...
Loop58 pFBA...5247.0...Ave likelihood of: cpd00035_c is 0.40553911598261383...
Loop59 pFBA...18485.0...Ave likelihood of: cpd00051_c is 0.3200366218830229...
Loop60 pFBA...7898.0...Ave likelihood of: cpd00132_c is 0.2149970005700005...
Loop61 pFBA...5393.0...Ave likelihood of: cpd00041_c is 0.1755887530176374...
Loop62 pFBA...13857.0...Ave likelihood of: cpd00084_c is 0.27288089560834267...
Loop63 pFBA...7439.0...Ave likelihood of: cpd00023_c is 0.11216818419990744...
Loop64 pFBA...9577.0...Ave likelihood of: cpd00053_c is 0.2548064913517789...
Loop65 pFBA...21460.0...Ave likelihood of: cpd00119_c is 0.1812103171558114...
Loop66 pFBA...17286.0...Ave likelihood of: cpd00322_c is 0.1550895031420801...
Loop67 pFBA...14709.0...Ave likelihood of: cpd00107_c is 0.2562975727265826...
Loop68 pFBA...17140.0...Ave likelihood of: cpd00039_c is 0.3021930022326868...
Loop69 pFBA...21367.0...Ave likelihood of: cpd00060_c is 0.2111202266270814...
Loop70 pFBA...21470.0...Ave likelihood of: cpd00066_c is 0.2755387548880867...
Loop71 pFBA...10665.0...Ave likelihood of: cpd00129_c is 0.14837645077888847...
Loop72 pFBA...5411.0...Ave likelihood of: cpd00054_c is 0.5115519404963079...
Loop73 pFBA...7983.0...Ave likelihood of: cpd00161_c is 0.30222089132987473...
Loop74 pFBA...29330.0...Ave likelihood of: cpd00065_c is 0.17463047220597877...
Loop75 pFBA...19049.0...Ave likelihood of: cpd00069_c is 0.2891746782716718...
Loop76 pFBA...8429.0...Ave likelihood of: cpd00156_c is 0.2016051894536042...
Loop77 pFBA...24022.0...Ave likelihood of: cpd00098_c is 0.23695795221405166...
Loop78 pFBA...14562.0...Ave likelihood of: cpd00274_c is 0.20562937120265617...
Loop79 pFBA...6169.0...Ave likelihood of: cpd00226_c is 0.4396222070796426...
Loop80 pFBA...4870.0...Ave likelihood of: cpd00246_c is 0.3000853809037943...
Loop81 pFBA...21070.0...Ave likelihood of: cpd00374_c is 0.30987770630042216...
Loop82 pFBA...4318.0...Ave likelihood of: cpd00221_c is 0.416641067495639...
Loop83 pFBA...4049.0...Ave likelihood of: cpd00159_c is 0.39791770143454575...
Loop84 pFBA...10217.0...Ave likelihood of: cpd00211_c is 0.22280546268034412...
Loop85 pFBA...4080.0...Ave likelihood of: cpd00047_c is 0.3557329998104455...
Loop86 pFBA...5055.0...Ave likelihood of: cpd00106_c is 0.19161211855376542...
Loop87 pFBA...7748.0...Ave likelihood of: cpd00141_c is 0.25725914999564947...
Loop88 pFBA...20604.0...Ave likelihood of: cpd00216_c is 0.2973299012628604...
Loop89 pFBA...4976.0...Ave likelihood of: cpd00036_c is 0.14517355646661917...
Loop90 pFBA...22001.0...Ave likelihood of: cpd00581_c is 0.18779624683767712...
Loop91 pFBA...4247.0...Ave likelihood of: cpd00128_c is 0.3725198280786842...
Loop92 pFBA...5700.0...Ave likelihood of: cpd00018_c is 0.2716854196013269...
Loop93 pFBA...4738.0...Ave likelihood of: cpd00091_c is 0.34970372239360065...
Loop94 pFBA...3354.0...Ave likelihood of: cpd00092_c is 0.43019640841216156...
Loop95 pFBA...61637.0...Ave likelihood of: cpd00305_c is 0.19237570986263192...
Loop96 pFBA...12262.0...Ave likelihood of: cpd00220_c is 0.3316498221595632...
Loop97 pFBA...14737.0...Ave likelihood of: cpd00218_c is 0.1949662882689002...
Loop98 pFBA...14514.0...Ave likelihood of: cpd00215_c is 0.3876909866166741...
Loop99 pFBA...28208.0...Ave likelihood of: cpd00104_c is 0.18926659573142998...
Loop100 pFBA...34928.0...Ave likelihood of: cpd00393_c is 0.22928051981965164...
Loop101 pFBA...6464.0...Ave likelihood of: cpd00363_c is 0.47102676924313125...
Loop102 pFBA...9439.0...Ave likelihood of: cpd00281_c is 0.08012013157136245...
Loop103 pFBA...4204.0...Ave likelihood of: cpd00025_c is 0.3997001410605859...
Loop104 pFBA...20938.0...Ave likelihood of: cpd00811_c is 0.3037818469428114...
Loop105 pFBA...5949.0...Ave likelihood of: cpd00714_c is 0.5566653633364086...
Loop106 pFBA...5379.0...Ave likelihood of: cpd00117_c is 0.4004818869371482...
Loop107 pFBA...7684.0...Ave likelihood of: cpd00186_c is 0.21926194852772443...
Loop108 pFBA...22365.0...Ave likelihood of: cpd00637_c is 0.20659053094247568...
Loop109 pFBA...6411.0...Ave likelihood of: cpd00550_c is 0.47220179122736117...
Loop110 pFBA...4210.0...Ave likelihood of: cpd00033_c is 0.24829539054366312...
Loop111 pFBA...5247.0...Ave likelihood of: cpd00035_c is 0.40553911598261383...
Loop112 pFBA...18398.0...Ave likelihood of: cpd00051_c is 0.2677700105327669...
Loop113 pFBA...7898.0...Ave likelihood of: cpd00132_c is 0.2149970005700005...
Loop114 pFBA...5393.0...Ave likelihood of: cpd00041_c is 0.18209204016643876...
Loop115 pFBA...13832.0...Ave likelihood of: cpd00084_c is 0.2783346597648422...
Loop116 pFBA...7439.0...Ave likelihood of: cpd00023_c is 0.11216818419990744...
Loop117 pFBA...9577.0...Ave likelihood of: cpd00053_c is 0.2548064913517789...
Loop118 pFBA...21460.0...Ave likelihood of: cpd00119_c is 0.1812103171558114...
Loop119 pFBA...17286.0...Ave likelihood of: cpd00322_c is 0.1550895031420801...
Loop120 pFBA...14709.0...Ave likelihood of: cpd00107_c is 0.2562975727265826...
Loop121 pFBA...17062.0...Ave likelihood of: cpd00039_c is 0.32393846222040634...
Loop122 pFBA...21365.0...Ave likelihood of: cpd00060_c is 0.2088360801918504...
Loop123 pFBA...20782.0...Ave likelihood of: cpd00066_c is 0.27992100035466494...
Loop124 pFBA...10665.0...Ave likelihood of: cpd00129_c is 0.13353880570099963...
Loop125 pFBA...5411.0...Ave likelihood of: cpd00054_c is 0.5115519404963079...
Loop126 pFBA...7953.0...Ave likelihood of: cpd00161_c is 0.3587774166507687...
Loop127 pFBA...29330.0...Ave likelihood of: cpd00065_c is 0.17463047220597877...
Loop128 pFBA...18601.0...Ave likelihood of: cpd00069_c is 0.24216146479866069...
Loop129 pFBA...8429.0...Ave likelihood of: cpd00156_c is 0.2016051894536042...
Loop130 pFBA...23837.0...Ave likelihood of: cpd00098_c is 0.24077029854290138...
Loop131 pFBA...14561.0...Ave likelihood of: cpd00274_c is 0.2947415374693274...
Loop132 pFBA...6169.0...Ave likelihood of: cpd00226_c is 0.43962220707964256...
Loop133 pFBA...4750.0...Ave likelihood of: cpd00246_c is 0.3639132446787224...
Loop134 pFBA...20575.0...Ave likelihood of: cpd00374_c is 0.2386490365918421...
Loop135 pFBA...4314.0...Ave likelihood of: cpd00221_c is 0.324748977249891...
Loop136 pFBA...4038.0...Ave likelihood of: cpd00159_c is 0.3482181066715834...
Loop137 pFBA...10217.0...Ave likelihood of: cpd00211_c is 0.2869547429223713...
Loop138 pFBA...4050.0...Ave likelihood of: cpd00047_c is 0.39768590514968327...
Loop139 pFBA...5055.0...Ave likelihood of: cpd00106_c is 0.19161211855376542...
Loop140 pFBA...7748.0...Ave likelihood of: cpd00141_c is 0.25725914999564947...
Loop141 pFBA...20108.0...Ave likelihood of: cpd00216_c is 0.24677901710366573...
Loop142 pFBA...4976.0...Ave likelihood of: cpd00036_c is 0.14517355646661917...
Loop143 pFBA...22001.0...Ave likelihood of: cpd00581_c is 0.18779624683767715...
Loop144 pFBA...4247.0...Ave likelihood of: cpd00128_c is 0.3725198280786842...
Loop145 pFBA...5700.0...Ave likelihood of: cpd00018_c is 0.2716854196013269...
Loop146 pFBA...4738.0...Ave likelihood of: cpd00091_c is 0.34970372239360065...
Loop147 pFBA...3354.0...Ave likelihood of: cpd00092_c is 0.43019640841216156...
Loop148 pFBA...61584.0...Ave likelihood of: cpd00305_c is 0.1996327226072321...
Loop149 pFBA...12262.0...Ave likelihood of: cpd00220_c is 0.3316498221595632...
Loop150 pFBA...14631.0...Ave likelihood of: cpd00218_c is 0.2180734553844072...
Loop151 pFBA...14198.0...Ave likelihood of: cpd00215_c is 0.3155082037989951...
Loop152 pFBA...28208.0...Ave likelihood of: cpd00104_c is 0.18926659573142998...
Loop153 pFBA...34928.0...Ave likelihood of: cpd00393_c is 0.22928051981965164...
Loop154 pFBA...6157.0...Ave likelihood of: cpd00363_c is 0.41975958290190263...
Loop155 pFBA...9439.0...Ave likelihood of: cpd00281_c is 0.08012013157136245...
Loop156 pFBA...4147.0...Ave likelihood of: cpd00025_c is 0.3920785017612328...
Loop157 pFBA...20299.0...Ave likelihood of: cpd00811_c is 0.20384417115160633...
Loop158 pFBA...5639.0...Ave likelihood of: cpd00714_c is 0.4570661965337907...
33.0471455336mins to complete!
