
The following have been reloaded with a version change:
  1) anaconda2/4.4.0 => anaconda2/5.1.0

Loading in models...Adding Water...Remove no-like rxns...Pruned 1 metabolites from model
Pruned 1 reactions from model
Set-up Universal...64.0seconds to complete

Loop0 pFBA...5566.0...Ave likelihood of: cpd00117_c is 0.26904571155472645...
Loop1 pFBA...6841.0...Ave likelihood of: cpd00186_c is 0.3598513084403991...
Loop2 pFBA...21383.0...Ave likelihood of: cpd00637_c is 0.2775254012875111...
Loop3 pFBA...6437.0...Ave likelihood of: cpd00550_c is 0.3450236574488465...
Loop4 pFBA...4058.0...Ave likelihood of: cpd00033_c is 0.25467640174783984...
Loop5 pFBA...5444.0...Ave likelihood of: cpd00035_c is 0.26904571155472645...
Loop6 pFBA...18148.0...Ave likelihood of: cpd00051_c is 0.3097033552137972...
Loop7 pFBA...7914.0...Ave likelihood of: cpd00132_c is 0.2498282979588946...
Loop8 pFBA...5183.0...Ave likelihood of: cpd00041_c is 0.22296601890106763...
Loop9 pFBA...13632.0...Ave likelihood of: cpd00084_c is 0.2711134008543249...
Loop10 pFBA...6592.0...Ave likelihood of: cpd00023_c is 0.28154998718454854...
Loop11 pFBA...9082.0...Ave likelihood of: cpd00053_c is 0.3109320451088989...
Loop12 pFBA...16373.0...Ave likelihood of: cpd00119_c is 0.32368198897982625...
Loop13 pFBA...16736.0...Ave likelihood of: cpd00322_c is 0.3539700200146997...
Loop14 pFBA...14214.0...Ave likelihood of: cpd00107_c is 0.26384012438607796...
Loop15 pFBA...17685.0...Ave likelihood of: cpd00039_c is 0.30418941504145286...
Loop16 pFBA...20383.0...Ave likelihood of: cpd00060_c is 0.2810834192527356...
Loop17 pFBA...20612.0...Ave likelihood of: cpd00066_c is 0.2387262996959505...
Loop18 pFBA...10285.0...Ave likelihood of: cpd00129_c is 0.20135493941679658...
Loop19 pFBA...5437.0...Ave likelihood of: cpd00054_c is 0.3523645863307368...
Loop20 pFBA...7357.0...Ave likelihood of: cpd00161_c is 0.39787811798503997...
Loop21 pFBA...27273.0...Ave likelihood of: cpd00065_c is 0.249679434230971...
Loop22 pFBA...18333.0...Ave likelihood of: cpd00069_c is 0.2133938049586807...
Loop23 pFBA...7673.0...Ave likelihood of: cpd00156_c is 0.332649439999657...
Loop24 pFBA...23650.0...Ave likelihood of: cpd00098_c is 0.24572440291296785...
Loop25 pFBA...14169.0...Ave likelihood of: cpd00274_c is 0.19404738883782996...
Loop26 pFBA...6687.0...Ave likelihood of: cpd00226_c is 0.32421496183488435...
Loop27 pFBA...4462.0...Ave likelihood of: cpd00246_c is 0.4372480821519748...
Loop28 pFBA...20069.0...Ave likelihood of: cpd00374_c is 0.23120888582331708...
Loop29 pFBA...4760.0...Ave likelihood of: cpd00221_c is 0.42317865993964293...
Loop30 pFBA...4283.0...Ave likelihood of: cpd00159_c is 0.4211822322026251...
Loop31 pFBA...10334.0...Ave likelihood of: cpd00211_c is 0.3906091229661041...
Loop32 pFBA...3766.0...Ave likelihood of: cpd00047_c is 0.2580669508377917...
Loop33 pFBA...5000.0...Ave likelihood of: cpd00106_c is 0.1899570616169083...
Loop34 pFBA...7572.0...Ave likelihood of: cpd00141_c is 0.4126148986704024...
Loop35 pFBA...19247.0...Ave likelihood of: cpd00216_c is 0.23575000831170304...
Loop36 pFBA...4803.0...Ave likelihood of: cpd00036_c is 0.22799262364298442...
Loop37 pFBA...16941.0...Ave likelihood of: cpd00581_c is 0.32619623301362355...
Loop38 pFBA...4763.0...Ave likelihood of: cpd00128_c is 0.22146719650403981...
Loop39 pFBA...5862.0...Ave likelihood of: cpd00018_c is 0.2797445876200696...
Loop40 pFBA...5862.0...Ave likelihood of: cpd00091_c is 0.2797445876200696...
Loop41 pFBA...3608.0...Ave likelihood of: cpd00092_c is 0.36709126783287077...
Loop42 pFBA...63931.0...Ave likelihood of: cpd00305_c is 0.1582654678485905...
Loop43 pFBA...13689.0...Ave likelihood of: cpd00220_c is 0.2927606795421568...
Loop44 pFBA...14487.0...Ave likelihood of: cpd00218_c is 0.2120504858818614...
Loop45 pFBA...14570.0...Ave likelihood of: cpd00215_c is 0.29757121112004803...
Loop46 pFBA...28655.0...Ave likelihood of: cpd00104_c is 0.2096958557240768...
Loop47 pFBA...36055.0...Ave likelihood of: cpd00393_c is 0.16972655136928477...
Loop48 pFBA...5741.0...Ave likelihood of: cpd00363_c is 0.5625161137153044...
Loop49 pFBA...8589.0...Ave likelihood of: cpd00281_c is 0.2016416437925003...
Loop50 pFBA...4024.0...Ave likelihood of: cpd00025_c is 0.2899430589960369...
Loop51 pFBA...19603.0...Ave likelihood of: cpd00811_c is 0.2584433722712018...
Loop52 pFBA...5434.0...Ave likelihood of: cpd00714_c is 0.3693983450384084...
Loop53 pFBA...5566.0...Ave likelihood of: cpd00117_c is 0.26904571155472645...
Loop54 pFBA...6841.0...Ave likelihood of: cpd00186_c is 0.3598513084403991...
Loop55 pFBA...21652.0...Ave likelihood of: cpd00637_c is 0.277689600694853...
Loop56 pFBA...6502.0...Ave likelihood of: cpd00550_c is 0.29752377756000337...
Loop57 pFBA...4059.0...Ave likelihood of: cpd00033_c is 0.23763845219340765...
Loop58 pFBA...5444.0...Ave likelihood of: cpd00035_c is 0.26904571155472645...
Loop59 pFBA...18328.0...Ave likelihood of: cpd00051_c is 0.2840619582120417...
Loop60 pFBA...7914.0...Ave likelihood of: cpd00132_c is 0.2498282979588946...
Loop61 pFBA...5183.0...Ave likelihood of: cpd00041_c is 0.22296601890106763...
Loop62 pFBA...13768.0...Ave likelihood of: cpd00084_c is 0.24316263286988438...
Loop63 pFBA...6592.0...Ave likelihood of: cpd00023_c is 0.28154998718454854...
Loop64 pFBA...9082.0...Ave likelihood of: cpd00053_c is 0.3109320451088989...
Loop65 pFBA...16373.0...Ave likelihood of: cpd00119_c is 0.3301556287594228...
Loop66 pFBA...16744.0...Ave likelihood of: cpd00322_c is 0.24034606775587752...
Loop67 pFBA...14214.0...Ave likelihood of: cpd00107_c is 0.26384012438607796...
Loop68 pFBA...17930.0...Ave likelihood of: cpd00039_c is 0.3360788304263332...
Loop69 pFBA...20652.0...Ave likelihood of: cpd00060_c is 0.28103525853455...
Loop70 pFBA...21474.0...Ave likelihood of: cpd00066_c is 0.22855511952365873...
Loop71 pFBA...10285.0...Ave likelihood of: cpd00129_c is 0.20135493941679658...
Loop72 pFBA...5502.0...Ave likelihood of: cpd00054_c is 0.3068213956087535...
Loop73 pFBA...7653.0...Ave likelihood of: cpd00161_c is 0.36558937894816923...
Loop74 pFBA...27273.0...Ave likelihood of: cpd00065_c is 0.249679434230971...
Loop75 pFBA...18878.0...Ave likelihood of: cpd00069_c is 0.2345231431742013...
Loop76 pFBA...7673.0...Ave likelihood of: cpd00156_c is 0.332649439999657...
Loop77 pFBA...24593.0...Ave likelihood of: cpd00098_c is 0.2844422866135958...
Loop78 pFBA...14169.0...Ave likelihood of: cpd00274_c is 0.19404738883782996...
Loop79 pFBA...6687.0...Ave likelihood of: cpd00226_c is 0.32421496183488435...
Loop80 pFBA...4791.0...Ave likelihood of: cpd00246_c is 0.3561692395434972...
Loop81 pFBA...20837.0...Ave likelihood of: cpd00374_c is 0.22102730107001153...
Loop82 pFBA...5086.0...Ave likelihood of: cpd00221_c is 0.35747358825390635...
Loop83 pFBA...4350.0...Ave likelihood of: cpd00159_c is 0.3834201321006111...
Loop84 pFBA...10505.0...Ave likelihood of: cpd00211_c is 0.21425586637530725...
Loop85 pFBA...3766.0...Ave likelihood of: cpd00047_c is 0.21911960335339567...
Loop86 pFBA...5000.0...Ave likelihood of: cpd00106_c is 0.1899570616169083...
Loop87 pFBA...7733.0...Ave likelihood of: cpd00141_c is 0.32401003790194566...
Loop88 pFBA...20337.0...Ave likelihood of: cpd00216_c is 0.21554026775796128...
Loop89 pFBA...4803.0...Ave likelihood of: cpd00036_c is 0.22799262364298442...
Loop90 pFBA...16941.0...Ave likelihood of: cpd00581_c is 0.32619623301362355...
Loop91 pFBA...4763.0...Ave likelihood of: cpd00128_c is 0.22146719650403981...
Loop92 pFBA...5862.0...Ave likelihood of: cpd00018_c is 0.2797445876200696...
Loop93 pFBA...5862.0...Ave likelihood of: cpd00091_c is 0.2797445876200696...
Loop94 pFBA...3615.0...Ave likelihood of: cpd00092_c is 0.32209850973757764...
Loop95 pFBA...64100.0...Ave likelihood of: cpd00305_c is 0.12080614270859302...
Loop96 pFBA...14100.0...Ave likelihood of: cpd00220_c is 0.18016234574048742...
Loop97 pFBA...14726.0...Ave likelihood of: cpd00218_c is 0.20956465366292637...
Loop98 pFBA...15114.0...Ave likelihood of: cpd00215_c is 0.3455094974440563...
Loop99 pFBA...28702.0...Ave likelihood of: cpd00104_c is 0.16986967723866017...
Loop100 pFBA...36065.0...Ave likelihood of: cpd00393_c is 0.1700764156384314...
Loop101 pFBA...6459.0...Ave likelihood of: cpd00363_c is 0.511355071592941...
Loop102 pFBA...8589.0...Ave likelihood of: cpd00281_c is 0.2016416437925003...
Loop103 pFBA...4207.0...Ave likelihood of: cpd00025_c is 0.38099817610165115...
Loop104 pFBA...20466.0...Ave likelihood of: cpd00811_c is 0.3007438024173572...
Loop105 pFBA...6383.0...Ave likelihood of: cpd00714_c is 0.42445376392784523...
Loop106 pFBA...5566.0...Ave likelihood of: cpd00117_c is 0.26904571155472645...
Loop107 pFBA...6841.0...Ave likelihood of: cpd00186_c is 0.3598513084403991...
Loop108 pFBA...21557.0...Ave likelihood of: cpd00637_c is 0.24952213734661138...
Loop109 pFBA...6458.0...Ave likelihood of: cpd00550_c is 0.30116316215928735...
Loop110 pFBA...4059.0...Ave likelihood of: cpd00033_c is 0.22747596241512305...
Loop111 pFBA...5444.0...Ave likelihood of: cpd00035_c is 0.26904571155472645...
Loop112 pFBA...18237.0...Ave likelihood of: cpd00051_c is 0.27177933107426927...
Loop113 pFBA...7914.0...Ave likelihood of: cpd00132_c is 0.2498282979588946...
Loop114 pFBA...5183.0...Ave likelihood of: cpd00041_c is 0.22296601890106763...
Loop115 pFBA...13744.0...Ave likelihood of: cpd00084_c is 0.22980433833095198...
Loop116 pFBA...6592.0...Ave likelihood of: cpd00023_c is 0.28154998718454854...
Loop117 pFBA...9082.0...Ave likelihood of: cpd00053_c is 0.3109320451088989...
Loop118 pFBA...16373.0...Ave likelihood of: cpd00119_c is 0.32368198897982625...
Loop119 pFBA...16744.0...Ave likelihood of: cpd00322_c is 0.24034606775587752...
Loop120 pFBA...14214.0...Ave likelihood of: cpd00107_c is 0.26384012438607796...
Loop121 pFBA...17739.0...Ave likelihood of: cpd00039_c is 0.2842300058273348...
Loop122 pFBA...20557.0...Ave likelihood of: cpd00060_c is 0.24952213734661138...
Loop123 pFBA...20971.0...Ave likelihood of: cpd00066_c is 0.2257131223220627...
Loop124 pFBA...10285.0...Ave likelihood of: cpd00129_c is 0.20135493941679658...
Loop125 pFBA...5458.0...Ave likelihood of: cpd00054_c is 0.3074373947042725...
Loop126 pFBA...7519.0...Ave likelihood of: cpd00161_c is 0.3683725994951568...
Loop127 pFBA...27273.0...Ave likelihood of: cpd00065_c is 0.249679434230971...
Loop128 pFBA...18499.0...Ave likelihood of: cpd00069_c is 0.19616686377302822...
Loop129 pFBA...7673.0...Ave likelihood of: cpd00156_c is 0.332649439999657...
Loop130 pFBA...24138.0...Ave likelihood of: cpd00098_c is 0.24089216472131048...
Loop131 pFBA...14169.0...Ave likelihood of: cpd00274_c is 0.19404738883782996...
Loop132 pFBA...6687.0...Ave likelihood of: cpd00226_c is 0.32421496183488435...
Loop133 pFBA...4642.0...Ave likelihood of: cpd00246_c is 0.22702467093295486...
Loop134 pFBA...20460.0...Ave likelihood of: cpd00374_c is 0.2054640466600995...
Loop135 pFBA...4969.0...Ave likelihood of: cpd00221_c is 0.19024856287891398...
Loop136 pFBA...4333.0...Ave likelihood of: cpd00159_c is 0.345746267000434...
Loop137 pFBA...10483.0...Ave likelihood of: cpd00211_c is 0.3808650635047186...
Loop138 pFBA...3766.0...Ave likelihood of: cpd00047_c is 0.21911960335339564...
Loop139 pFBA...5000.0...Ave likelihood of: cpd00106_c is 0.1899570616169083...
Loop140 pFBA...7677.0...Ave likelihood of: cpd00141_c is 0.371551640494349...
Loop141 pFBA...19671.0...Ave likelihood of: cpd00216_c is 0.22976675249267836...
Loop142 pFBA...4803.0...Ave likelihood of: cpd00036_c is 0.22799262364298442...
Loop143 pFBA...16941.0...Ave likelihood of: cpd00581_c is 0.32619623301362355...
Loop144 pFBA...4763.0...Ave likelihood of: cpd00128_c is 0.22146719650403981...
Loop145 pFBA...5862.0...Ave likelihood of: cpd00018_c is 0.2797445876200696...
Loop146 pFBA...5862.0...Ave likelihood of: cpd00091_c is 0.2797445876200696...
Loop147 pFBA...3615.0...Ave likelihood of: cpd00092_c is 0.32209850973757764...
Loop148 pFBA...64100.0...Ave likelihood of: cpd00305_c is 0.11958587864082947...
Loop149 pFBA...13968.0...Ave likelihood of: cpd00220_c is 0.27645313534469484...
Loop150 pFBA...14679.0...Ave likelihood of: cpd00218_c is 0.13436067302021715...
Loop151 pFBA...14798.0...Ave likelihood of: cpd00215_c is 0.24156311041041495...
Loop152 pFBA...28693.0...Ave likelihood of: cpd00104_c is 0.19232637889156828...
Loop153 pFBA...36056.0...Ave likelihood of: cpd00393_c is 0.15142566282485231...
Loop154 pFBA...6118.0...Ave likelihood of: cpd00363_c is 0.4324874101920976...
Loop155 pFBA...8589.0...Ave likelihood of: cpd00281_c is 0.2016416437925003...
Loop156 pFBA...4141.0...Ave likelihood of: cpd00025_c is 0.31942647266734575...
Loop157 pFBA...19990.0...Ave likelihood of: cpd00811_c is 0.27119756044436744...
Loop158 pFBA...6167.0...Ave likelihood of: cpd00714_c is 0.2934019776620865...
33.0480039159mins to complete!
