
The following have been reloaded with a version change:
  1) anaconda2/4.4.0 => anaconda2/5.1.0

Loading in models...Adding Water...Remove no-like rxns...Pruned 1 metabolites from model
Pruned 1 reactions from model
Set-up Universal...64.0seconds to complete

Loop0 pFBA...5526.0...Ave likelihood of: cpd00117_c is 0.40061870055905785...
Loop1 pFBA...7585.0...Ave likelihood of: cpd00186_c is 0.23582548291865502...
Loop2 pFBA...22494.0...Ave likelihood of: cpd00637_c is 0.18528090694601795...
Loop3 pFBA...6517.0...Ave likelihood of: cpd00550_c is 0.25416666619241507...
Loop4 pFBA...4234.0...Ave likelihood of: cpd00033_c is 0.24267884124257383...
Loop5 pFBA...5400.0...Ave likelihood of: cpd00035_c is 0.40061870055905785...
Loop6 pFBA...18756.0...Ave likelihood of: cpd00051_c is 0.2047260037325173...
Loop7 pFBA...8324.0...Ave likelihood of: cpd00132_c is 0.09086062142003072...
Loop8 pFBA...5650.0...Ave likelihood of: cpd00041_c is 0.07704314758994342...
Loop9 pFBA...13766.0...Ave likelihood of: cpd00084_c is 0.24282064565312023...
Loop10 pFBA...7356.0...Ave likelihood of: cpd00023_c is 0.12887842695386836...
Loop11 pFBA...9954.0...Ave likelihood of: cpd00053_c is 0.10164715001457242...
Loop12 pFBA...22363.0...Ave likelihood of: cpd00119_c is 0.13010607185762812...
Loop13 pFBA...17297.0...Ave likelihood of: cpd00322_c is 0.24632665422833167...
Loop14 pFBA...14122.0...Ave likelihood of: cpd00107_c is 0.254104289102813...
Loop15 pFBA...17356.0...Ave likelihood of: cpd00039_c is 0.25503807665220535...
Loop16 pFBA...21494.0...Ave likelihood of: cpd00060_c is 0.18733958368986262...
Loop17 pFBA...21257.0...Ave likelihood of: cpd00066_c is 0.16617999975263215...
Loop18 pFBA...10578.0...Ave likelihood of: cpd00129_c is 0.1421788744902075...
Loop19 pFBA...5517.0...Ave likelihood of: cpd00054_c is 0.26210937451092803...
Loop20 pFBA...7767.0...Ave likelihood of: cpd00161_c is 0.3033765022834556...
Loop21 pFBA...29652.0...Ave likelihood of: cpd00065_c is 0.12315966469146186...
Loop22 pFBA...19128.0...Ave likelihood of: cpd00069_c is 0.2076200396705054...
Loop23 pFBA...8024.0...Ave likelihood of: cpd00156_c is 0.16688858705546064...
Loop24 pFBA...24268.0...Ave likelihood of: cpd00098_c is 0.1852462791802164...
Loop25 pFBA...15653.0...Ave likelihood of: cpd00274_c is 0.2395667825083371...
Loop26 pFBA...6720.0...Ave likelihood of: cpd00226_c is 0.2878765291134259...
Loop27 pFBA...4632.0...Ave likelihood of: cpd00246_c is 0.2799643490422938...
Loop28 pFBA...21025.0...Ave likelihood of: cpd00374_c is 0.19389730231624025...
Loop29 pFBA...4397.0...Ave likelihood of: cpd00221_c is 0.28922091435747477...
Loop30 pFBA...4215.0...Ave likelihood of: cpd00159_c is 0.33625447057205843...
Loop31 pFBA...10494.0...Ave likelihood of: cpd00211_c is 0.2508928269833225...
Loop32 pFBA...4058.0...Ave likelihood of: cpd00047_c is 0.35057718725782916...
Loop33 pFBA...5307.0...Ave likelihood of: cpd00106_c is 0.052304274472103944...
Loop34 pFBA...7859.0...Ave likelihood of: cpd00141_c is 0.21867766689248538...
Loop35 pFBA...20275.0...Ave likelihood of: cpd00216_c is 0.1631689799927687...
Loop36 pFBA...5017.0...Ave likelihood of: cpd00036_c is 0.08218033852766822...
Loop37 pFBA...22940.0...Ave likelihood of: cpd00581_c is 0.10247118116139717...
Loop38 pFBA...4910.0...Ave likelihood of: cpd00128_c is 0.13839229509184217...
Loop39 pFBA...6080.0...Ave likelihood of: cpd00018_c is 0.12721513643029922...
Loop40 pFBA...5429.0...Ave likelihood of: cpd00091_c is 0.1513333687565877...
Loop41 pFBA...3922.0...Ave likelihood of: cpd00092_c is 0.1921489169876685...
Loop42 pFBA...63468.0...Ave likelihood of: cpd00305_c is 0.12690453306821117...
Loop43 pFBA...13693.0...Ave likelihood of: cpd00220_c is 0.10425190042747921...
Loop44 pFBA...14694.0...Ave likelihood of: cpd00218_c is 0.11680450523845758...
Loop45 pFBA...14710.0...Ave likelihood of: cpd00215_c is 0.20782339037296393...
Loop46 pFBA...28974.0...Ave likelihood of: cpd00104_c is 0.14379330630680429...
Loop47 pFBA...36954.0...Ave likelihood of: cpd00393_c is 0.16600184599052092...
Loop48 pFBA...6226.0...Ave likelihood of: cpd00363_c is 0.4052867270969954...
Loop49 pFBA...9356.0...Ave likelihood of: cpd00281_c is 0.0920560192527631...
Loop50 pFBA...4157.0...Ave likelihood of: cpd00025_c is 0.24901520495263124...
Loop51 pFBA...20338.0...Ave likelihood of: cpd00811_c is 0.23008850326597596...
Loop52 pFBA...5526.0...Ave likelihood of: cpd00117_c is 0.40061870055905785...
Loop53 pFBA...7585.0...Ave likelihood of: cpd00186_c is 0.23582548291865502...
Loop54 pFBA...22565.0...Ave likelihood of: cpd00637_c is 0.17477715890882523...
Loop55 pFBA...6538.0...Ave likelihood of: cpd00550_c is 0.29952763064826593...
Loop56 pFBA...4234.0...Ave likelihood of: cpd00033_c is 0.24267884124257383...
Loop57 pFBA...5400.0...Ave likelihood of: cpd00035_c is 0.40061870055905785...
Loop58 pFBA...18968.0...Ave likelihood of: cpd00051_c is 0.22269673672414636...
Loop59 pFBA...8324.0...Ave likelihood of: cpd00132_c is 0.09086062142003072...
Loop60 pFBA...5650.0...Ave likelihood of: cpd00041_c is 0.07704314758994342...
Loop61 pFBA...13964.0...Ave likelihood of: cpd00084_c is 0.20256902940734264...
Loop62 pFBA...7356.0...Ave likelihood of: cpd00023_c is 0.12887842695386836...
Loop63 pFBA...9954.0...Ave likelihood of: cpd00053_c is 0.10166542581267139...
Loop64 pFBA...22363.0...Ave likelihood of: cpd00119_c is 0.13010607185762812...
Loop65 pFBA...17300.0...Ave likelihood of: cpd00322_c is 0.16881303015062116...
Loop66 pFBA...14122.0...Ave likelihood of: cpd00107_c is 0.254104289102813...
Loop67 pFBA...17465.0...Ave likelihood of: cpd00039_c is 0.2864805391751092...
Loop68 pFBA...21565.0...Ave likelihood of: cpd00060_c is 0.1767632629873346...
Loop69 pFBA...21876.0...Ave likelihood of: cpd00066_c is 0.12432466973995707...
Loop70 pFBA...10578.0...Ave likelihood of: cpd00129_c is 0.1421788744902075...
Loop71 pFBA...5538.0...Ave likelihood of: cpd00054_c is 0.32256821762120946...
Loop72 pFBA...7857.0...Ave likelihood of: cpd00161_c is 0.23425698517773524...
Loop73 pFBA...29652.0...Ave likelihood of: cpd00065_c is 0.1256986603190983...
Loop74 pFBA...19579.0...Ave likelihood of: cpd00069_c is 0.1964373392405445...
Loop75 pFBA...8024.0...Ave likelihood of: cpd00156_c is 0.16688858705546064...
Loop76 pFBA...24607.0...Ave likelihood of: cpd00098_c is 0.12708301236273267...
Loop77 pFBA...15743.0...Ave likelihood of: cpd00274_c is 0.20218742023616623...
Loop78 pFBA...6720.0...Ave likelihood of: cpd00226_c is 0.2878765291134259...
Loop79 pFBA...4940.0...Ave likelihood of: cpd00246_c is 0.24924962816429783...
Loop80 pFBA...21773.0...Ave likelihood of: cpd00374_c is 0.1728940467211526...
Loop81 pFBA...4484.0...Ave likelihood of: cpd00221_c is 0.2850462631575001...
Loop82 pFBA...4295.0...Ave likelihood of: cpd00159_c is 0.29484377652102245...
Loop83 pFBA...10612.0...Ave likelihood of: cpd00211_c is 0.14724953135893926...
Loop84 pFBA...4173.0...Ave likelihood of: cpd00047_c is 0.2992308926611744...
Loop85 pFBA...5307.0...Ave likelihood of: cpd00106_c is 0.052304274472103944...
Loop86 pFBA...7929.0...Ave likelihood of: cpd00141_c is 0.18533789615512472...
Loop87 pFBA...20669.0...Ave likelihood of: cpd00216_c is 0.16869280093242656...
Loop88 pFBA...5017.0...Ave likelihood of: cpd00036_c is 0.08218033852766822...
Loop89 pFBA...22940.0...Ave likelihood of: cpd00581_c is 0.10247118116139717...
Loop90 pFBA...4910.0...Ave likelihood of: cpd00128_c is 0.13839229509184217...
Loop91 pFBA...6080.0...Ave likelihood of: cpd00018_c is 0.12721513643029922...
Loop92 pFBA...5429.0...Ave likelihood of: cpd00091_c is 0.1513333687565877...
Loop93 pFBA...3922.0...Ave likelihood of: cpd00092_c is 0.1921489169876685...
Loop94 pFBA...63468.0...Ave likelihood of: cpd00305_c is 0.1257185093946765...
Loop95 pFBA...13693.0...Ave likelihood of: cpd00220_c is 0.10425190042747921...
Loop96 pFBA...14694.0...Ave likelihood of: cpd00218_c is 0.1187193331931864...
Loop97 pFBA...15216.0...Ave likelihood of: cpd00215_c is 0.17263232531722011...
Loop98 pFBA...29053.0...Ave likelihood of: cpd00104_c is 0.13203590066888224...
Loop99 pFBA...36954.0...Ave likelihood of: cpd00393_c is 0.16600184599052092...
Loop100 pFBA...6596.0...Ave likelihood of: cpd00363_c is 0.3085288292460029...
Loop101 pFBA...9356.0...Ave likelihood of: cpd00281_c is 0.0920560192527631...
Loop102 pFBA...4282.0...Ave likelihood of: cpd00025_c is 0.2864545369654582...
Loop103 pFBA...21298.0...Ave likelihood of: cpd00811_c is 0.17587380012042053...
Loop104 pFBA...5526.0...Ave likelihood of: cpd00117_c is 0.40061870055905785...
Loop105 pFBA...7585.0...Ave likelihood of: cpd00186_c is 0.23582548291865502...
Loop106 pFBA...22441.0...Ave likelihood of: cpd00637_c is 0.19626866654884145...
Loop107 pFBA...6538.0...Ave likelihood of: cpd00550_c is 0.29952763064826593...
Loop108 pFBA...4234.0...Ave likelihood of: cpd00033_c is 0.24267884124257383...
Loop109 pFBA...5400.0...Ave likelihood of: cpd00035_c is 0.40061870055905785...
Loop110 pFBA...18764.0...Ave likelihood of: cpd00051_c is 0.22575372412767866...
Loop111 pFBA...8324.0...Ave likelihood of: cpd00132_c is 0.09086062142003072...
Loop112 pFBA...5650.0...Ave likelihood of: cpd00041_c is 0.07704314758994342...
Loop113 pFBA...13911.0...Ave likelihood of: cpd00084_c is 0.22930510339306764...
Loop114 pFBA...7356.0...Ave likelihood of: cpd00023_c is 0.12887842695386836...
Loop115 pFBA...9954.0...Ave likelihood of: cpd00053_c is 0.10166542581267139...
Loop116 pFBA...22363.0...Ave likelihood of: cpd00119_c is 0.13010607185762812...
Loop117 pFBA...17287.0...Ave likelihood of: cpd00322_c is 0.2592597670367758...
Loop118 pFBA...14122.0...Ave likelihood of: cpd00107_c is 0.254104289102813...
Loop119 pFBA...17384.0...Ave likelihood of: cpd00039_c is 0.2658466702015055...
Loop120 pFBA...21441.0...Ave likelihood of: cpd00060_c is 0.19844942951049527...
Loop121 pFBA...21136.0...Ave likelihood of: cpd00066_c is 0.1654894851124169...
Loop122 pFBA...10578.0...Ave likelihood of: cpd00129_c is 0.1421788744902075...
Loop123 pFBA...5538.0...Ave likelihood of: cpd00054_c is 0.32256821762120946...
Loop124 pFBA...7765.0...Ave likelihood of: cpd00161_c is 0.2945002158292271...
Loop125 pFBA...29652.0...Ave likelihood of: cpd00065_c is 0.12142502152679338...
Loop126 pFBA...19019.0...Ave likelihood of: cpd00069_c is 0.20306168085588625...
Loop127 pFBA...8024.0...Ave likelihood of: cpd00156_c is 0.16688858705546064...
Loop128 pFBA...24158.0...Ave likelihood of: cpd00098_c is 0.19305594150071972...
Loop129 pFBA...15728.0...Ave likelihood of: cpd00274_c is 0.3079420485895166...
Loop130 pFBA...6720.0...Ave likelihood of: cpd00226_c is 0.2878765291134259...
Loop131 pFBA...4595.0...Ave likelihood of: cpd00246_c is 0.29324201187288934...
Loop132 pFBA...20889.0...Ave likelihood of: cpd00374_c is 0.1896031065230608...
Loop133 pFBA...4421.0...Ave likelihood of: cpd00221_c is 0.2984934541164419...
Loop134 pFBA...4248.0...Ave likelihood of: cpd00159_c is 0.3066885189955478...
Loop135 pFBA...10474.0...Ave likelihood of: cpd00211_c is 0.25620818865684725...
Loop136 pFBA...4140.0...Ave likelihood of: cpd00047_c is 0.3538791347702352...
Loop137 pFBA...5307.0...Ave likelihood of: cpd00106_c is 0.052304274472103944...
Loop138 pFBA...7921.0...Ave likelihood of: cpd00141_c is 0.29457259995748825...
Loop139 pFBA...20074.0...Ave likelihood of: cpd00216_c is 0.15690893829919086...
Loop140 pFBA...5017.0...Ave likelihood of: cpd00036_c is 0.08218033852766822...
Loop141 pFBA...22940.0...Ave likelihood of: cpd00581_c is 0.10247118116139717...
Loop142 pFBA...4910.0...Ave likelihood of: cpd00128_c is 0.13839229509184217...
Loop143 pFBA...6080.0...Ave likelihood of: cpd00018_c is 0.12721513643029922...
Loop144 pFBA...5429.0...Ave likelihood of: cpd00091_c is 0.1513333687565877...
Loop145 pFBA...3922.0...Ave likelihood of: cpd00092_c is 0.1921489169876685...
Loop146 pFBA...63463.0...Ave likelihood of: cpd00305_c is 0.12857326569999739...
Loop147 pFBA...13693.0...Ave likelihood of: cpd00220_c is 0.1073181327929933...
Loop148 pFBA...14694.0...Ave likelihood of: cpd00218_c is 0.11680450523845758...
Loop149 pFBA...14606.0...Ave likelihood of: cpd00215_c is 0.21441254060668447...
Loop150 pFBA...29016.0...Ave likelihood of: cpd00104_c is 0.15966708098863314...
Loop151 pFBA...36954.0...Ave likelihood of: cpd00393_c is 0.16600184599052092...
Loop152 pFBA...6209.0...Ave likelihood of: cpd00363_c is 0.4306679962610507...
Loop153 pFBA...9356.0...Ave likelihood of: cpd00281_c is 0.0920560192527631...
Loop154 pFBA...4124.0...Ave likelihood of: cpd00025_c is 0.26949015360657796...
Loop155 pFBA...20197.0...Ave likelihood of: cpd00811_c is 0.22543472572697676...
32.2762063503mins to complete!
