
The following have been reloaded with a version change:
  1) anaconda2/4.4.0 => anaconda2/5.1.0

Loading in models...Adding Water...Remove no-like rxns...Pruned 1 metabolites from model
Pruned 1 reactions from model
Set-up Universal...63.0seconds to complete

Loop0 pFBA...5274.0...Ave likelihood of: cpd00117_c is 0.40921560862389034...
Loop1 pFBA...7578.0...Ave likelihood of: cpd00186_c is 0.2370099234925315...
Loop2 pFBA...22110.0...Ave likelihood of: cpd00637_c is 0.19791565394534238...
Loop3 pFBA...6365.0...Ave likelihood of: cpd00550_c is 0.3980120564672841...
Loop4 pFBA...4144.0...Ave likelihood of: cpd00033_c is 0.2618762209447374...
Loop5 pFBA...5138.0...Ave likelihood of: cpd00035_c is 0.41645088068213687...
Loop6 pFBA...18311.0...Ave likelihood of: cpd00051_c is 0.278214504009759...
Loop7 pFBA...7810.0...Ave likelihood of: cpd00132_c is 0.2085298344040523...
Loop8 pFBA...5423.0...Ave likelihood of: cpd00041_c is 0.11849027526367316...
Loop9 pFBA...13712.0...Ave likelihood of: cpd00084_c is 0.2831088530016161...
Loop10 pFBA...7331.0...Ave likelihood of: cpd00023_c is 0.1338786988510266...
Loop11 pFBA...9520.0...Ave likelihood of: cpd00053_c is 0.2017381774104119...
Loop12 pFBA...21530.0...Ave likelihood of: cpd00119_c is 0.15561899336481141...
Loop13 pFBA...17113.0...Ave likelihood of: cpd00322_c is 0.2745767256952107...
Loop14 pFBA...14690.0...Ave likelihood of: cpd00107_c is 0.24360176589753615...
Loop15 pFBA...16996.0...Ave likelihood of: cpd00039_c is 0.3205447508779382...
Loop16 pFBA...21110.0...Ave likelihood of: cpd00060_c is 0.2009605101598861...
Loop17 pFBA...21058.0...Ave likelihood of: cpd00066_c is 0.24197827188765297...
Loop18 pFBA...10555.0...Ave likelihood of: cpd00129_c is 0.16057716283859827...
Loop19 pFBA...5365.0...Ave likelihood of: cpd00054_c is 0.42454619356510304...
Loop20 pFBA...7568.0...Ave likelihood of: cpd00161_c is 0.36055951851239754...
Loop21 pFBA...29363.0...Ave likelihood of: cpd00065_c is 0.15692491088943133...
Loop22 pFBA...18779.0...Ave likelihood of: cpd00069_c is 0.24447135869551728...
Loop23 pFBA...8499.0...Ave likelihood of: cpd00156_c is 0.24382393425034588...
Loop24 pFBA...23925.0...Ave likelihood of: cpd00098_c is 0.2198773829676719...
Loop25 pFBA...14432.0...Ave likelihood of: cpd00274_c is 0.24501360890642973...
Loop26 pFBA...6100.0...Ave likelihood of: cpd00226_c is 0.4037185518997888...
Loop27 pFBA...4711.0...Ave likelihood of: cpd00246_c is 0.3141384471887379...
Loop28 pFBA...20731.0...Ave likelihood of: cpd00374_c is 0.2528991187497462...
Loop29 pFBA...4305.0...Ave likelihood of: cpd00221_c is 0.323142944489263...
Loop30 pFBA...3991.0...Ave likelihood of: cpd00159_c is 0.3238497766807082...
Loop31 pFBA...10265.0...Ave likelihood of: cpd00211_c is 0.17167320059649982...
Loop32 pFBA...4036.0...Ave likelihood of: cpd00047_c is 0.3708963142877263...
Loop33 pFBA...5199.0...Ave likelihood of: cpd00106_c is 0.18118334339138137...
Loop34 pFBA...7701.0...Ave likelihood of: cpd00141_c is 0.2319751427337009...
Loop35 pFBA...20212.0...Ave likelihood of: cpd00216_c is 0.2301077650124199...
Loop36 pFBA...4993.0...Ave likelihood of: cpd00036_c is 0.08706730512658387...
Loop37 pFBA...22186.0...Ave likelihood of: cpd00581_c is 0.15223597176992423...
Loop38 pFBA...4425.0...Ave likelihood of: cpd00128_c is 0.3822739112157269...
Loop39 pFBA...5912.0...Ave likelihood of: cpd00018_c is 0.23695326362941152...
Loop40 pFBA...4957.0...Ave likelihood of: cpd00091_c is 0.31966929077456735...
Loop41 pFBA...3325.0...Ave likelihood of: cpd00092_c is 0.3990306591163577...
Loop42 pFBA...61483.0...Ave likelihood of: cpd00305_c is 0.18229630272097588...
Loop43 pFBA...12886.0...Ave likelihood of: cpd00220_c is 0.2859067917728889...
Loop44 pFBA...14706.0...Ave likelihood of: cpd00218_c is 0.17079465238867...
Loop45 pFBA...14494.0...Ave likelihood of: cpd00215_c is 0.32029548702114885...
Loop46 pFBA...28285.0...Ave likelihood of: cpd00104_c is 0.22161466056923215...
Loop47 pFBA...34877.0...Ave likelihood of: cpd00393_c is 0.2097923996977535...
Loop48 pFBA...6244.0...Ave likelihood of: cpd00363_c is 0.45194816798885123...
Loop49 pFBA...9172.0...Ave likelihood of: cpd00281_c is 0.11829671875674365...
Loop50 pFBA...4195.0...Ave likelihood of: cpd00025_c is 0.35850726506307024...
Loop51 pFBA...20503.0...Ave likelihood of: cpd00811_c is 0.2042529169621867...
Loop52 pFBA...5619.0...Ave likelihood of: cpd00714_c is 0.3618023161344012...
Loop53 pFBA...5274.0...Ave likelihood of: cpd00117_c is 0.40921560862389034...
Loop54 pFBA...7578.0...Ave likelihood of: cpd00186_c is 0.2370099234925315...
Loop55 pFBA...22110.0...Ave likelihood of: cpd00637_c is 0.19791565394534238...
Loop56 pFBA...6365.0...Ave likelihood of: cpd00550_c is 0.3980120564672841...
Loop57 pFBA...4144.0...Ave likelihood of: cpd00033_c is 0.2618762209447374...
Loop58 pFBA...5138.0...Ave likelihood of: cpd00035_c is 0.41645088068213687...
Loop59 pFBA...18421.0...Ave likelihood of: cpd00051_c is 0.30626006261192895...
Loop60 pFBA...7810.0...Ave likelihood of: cpd00132_c is 0.2085298344040523...
Loop61 pFBA...5423.0...Ave likelihood of: cpd00041_c is 0.11849027526367316...
Loop62 pFBA...13746.0...Ave likelihood of: cpd00084_c is 0.2749555161500141...
Loop63 pFBA...7331.0...Ave likelihood of: cpd00023_c is 0.1338786988510266...
Loop64 pFBA...9520.0...Ave likelihood of: cpd00053_c is 0.2017381774104119...
Loop65 pFBA...21530.0...Ave likelihood of: cpd00119_c is 0.15561899336481141...
Loop66 pFBA...17113.0...Ave likelihood of: cpd00322_c is 0.265891191665458...
Loop67 pFBA...14690.0...Ave likelihood of: cpd00107_c is 0.24360176589753615...
Loop68 pFBA...17060.0...Ave likelihood of: cpd00039_c is 0.2887245333745764...
Loop69 pFBA...21110.0...Ave likelihood of: cpd00060_c is 0.2009605101598861...
Loop70 pFBA...21514.0...Ave likelihood of: cpd00066_c is 0.27659713451265977...
Loop71 pFBA...10555.0...Ave likelihood of: cpd00129_c is 0.14451944655473845...
Loop72 pFBA...5365.0...Ave likelihood of: cpd00054_c is 0.42454619356510304...
Loop73 pFBA...7618.0...Ave likelihood of: cpd00161_c is 0.30226302668105665...
Loop74 pFBA...29363.0...Ave likelihood of: cpd00065_c is 0.15692491088943133...
Loop75 pFBA...19085.0...Ave likelihood of: cpd00069_c is 0.27148307963107693...
Loop76 pFBA...8499.0...Ave likelihood of: cpd00156_c is 0.24382393425034588...
Loop77 pFBA...23976.0...Ave likelihood of: cpd00098_c is 0.22414154616650564...
Loop78 pFBA...14491.0...Ave likelihood of: cpd00274_c is 0.17789046828257654...
Loop79 pFBA...6100.0...Ave likelihood of: cpd00226_c is 0.4037185518997888...
Loop80 pFBA...4843.0...Ave likelihood of: cpd00246_c is 0.314908028640491...
Loop81 pFBA...21211.0...Ave likelihood of: cpd00374_c is 0.2599954287317012...
Loop82 pFBA...4342.0...Ave likelihood of: cpd00221_c is 0.36261184294246607...
Loop83 pFBA...4041.0...Ave likelihood of: cpd00159_c is 0.35284644924697184...
Loop84 pFBA...10265.0...Ave likelihood of: cpd00211_c is 0.17167320059649982...
Loop85 pFBA...4097.0...Ave likelihood of: cpd00047_c is 0.336970837616545...
Loop86 pFBA...5199.0...Ave likelihood of: cpd00106_c is 0.18118334339138137...
Loop87 pFBA...7723.0...Ave likelihood of: cpd00141_c is 0.239320625407359...
Loop88 pFBA...20520.0...Ave likelihood of: cpd00216_c is 0.2791041958983155...
Loop89 pFBA...4993.0...Ave likelihood of: cpd00036_c is 0.08706730512658387...
Loop90 pFBA...22186.0...Ave likelihood of: cpd00581_c is 0.15223597176992423...
Loop91 pFBA...4425.0...Ave likelihood of: cpd00128_c is 0.3822739112157269...
Loop92 pFBA...5912.0...Ave likelihood of: cpd00018_c is 0.23695326362941152...
Loop93 pFBA...4957.0...Ave likelihood of: cpd00091_c is 0.31966929077456735...
Loop94 pFBA...3325.0...Ave likelihood of: cpd00092_c is 0.3990306591163577...
Loop95 pFBA...61483.0...Ave likelihood of: cpd00305_c is 0.18419522254098605...
Loop96 pFBA...12886.0...Ave likelihood of: cpd00220_c is 0.27857584839409694...
Loop97 pFBA...14727.0...Ave likelihood of: cpd00218_c is 0.17763756419564966...
Loop98 pFBA...14640.0...Ave likelihood of: cpd00215_c is 0.2785073493153905...
Loop99 pFBA...28285.0...Ave likelihood of: cpd00104_c is 0.22416195551830384...
Loop100 pFBA...34877.0...Ave likelihood of: cpd00393_c is 0.2097923996977535...
Loop101 pFBA...6418.0...Ave likelihood of: cpd00363_c is 0.34178023690464665...
Loop102 pFBA...9172.0...Ave likelihood of: cpd00281_c is 0.11829671875674365...
Loop103 pFBA...4221.0...Ave likelihood of: cpd00025_c is 0.3216241740727686...
Loop104 pFBA...21063.0...Ave likelihood of: cpd00811_c is 0.2633708474365455...
Loop105 pFBA...6400.0...Ave likelihood of: cpd00714_c is 0.45119273177886077...
Loop106 pFBA...5274.0...Ave likelihood of: cpd00117_c is 0.40921560862389034...
Loop107 pFBA...7578.0...Ave likelihood of: cpd00186_c is 0.2370099234925315...
Loop108 pFBA...22110.0...Ave likelihood of: cpd00637_c is 0.19791565394534238...
Loop109 pFBA...6365.0...Ave likelihood of: cpd00550_c is 0.3980120564672841...
Loop110 pFBA...4144.0...Ave likelihood of: cpd00033_c is 0.2618762209447374...
Loop111 pFBA...5138.0...Ave likelihood of: cpd00035_c is 0.41645088068213687...
Loop112 pFBA...18293.0...Ave likelihood of: cpd00051_c is 0.2579045302415468...
Loop113 pFBA...7810.0...Ave likelihood of: cpd00132_c is 0.2085298344040523...
Loop114 pFBA...5423.0...Ave likelihood of: cpd00041_c is 0.11849027526367316...
Loop115 pFBA...13730.0...Ave likelihood of: cpd00084_c is 0.24957648639156707...
Loop116 pFBA...7331.0...Ave likelihood of: cpd00023_c is 0.1338786988510266...
Loop117 pFBA...9520.0...Ave likelihood of: cpd00053_c is 0.2017381774104119...
Loop118 pFBA...21530.0...Ave likelihood of: cpd00119_c is 0.15561899336481141...
Loop119 pFBA...17079.0...Ave likelihood of: cpd00322_c is 0.2932903900475054...
Loop120 pFBA...14690.0...Ave likelihood of: cpd00107_c is 0.24360176589753615...
Loop121 pFBA...16995.0...Ave likelihood of: cpd00039_c is 0.32420735145741464...
Loop122 pFBA...21110.0...Ave likelihood of: cpd00060_c is 0.2009605101598861...
Loop123 pFBA...20766.0...Ave likelihood of: cpd00066_c is 0.24183831622243407...
Loop124 pFBA...10555.0...Ave likelihood of: cpd00129_c is 0.14451944655473845...
Loop125 pFBA...5365.0...Ave likelihood of: cpd00054_c is 0.42454619356510304...
Loop126 pFBA...7573.0...Ave likelihood of: cpd00161_c is 0.3741807035010105...
Loop127 pFBA...29363.0...Ave likelihood of: cpd00065_c is 0.15692491088943133...
Loop128 pFBA...18581.0...Ave likelihood of: cpd00069_c is 0.25225630628827495...
Loop129 pFBA...8499.0...Ave likelihood of: cpd00156_c is 0.24382393425034588...
Loop130 pFBA...23801.0...Ave likelihood of: cpd00098_c is 0.25297948188035546...
Loop131 pFBA...14489.0...Ave likelihood of: cpd00274_c is 0.27600502643390923...
Loop132 pFBA...6100.0...Ave likelihood of: cpd00226_c is 0.40371855189978884...
Loop133 pFBA...4667.0...Ave likelihood of: cpd00246_c is 0.35609985955793605...
Loop134 pFBA...20518.0...Ave likelihood of: cpd00374_c is 0.27336022037796165...
Loop135 pFBA...4339.0...Ave likelihood of: cpd00221_c is 0.28867855909526735...
Loop136 pFBA...4029.0...Ave likelihood of: cpd00159_c is 0.30276216798122735...
Loop137 pFBA...10265.0...Ave likelihood of: cpd00211_c is 0.17167320059649982...
Loop138 pFBA...4062.0...Ave likelihood of: cpd00047_c is 0.3426571668268495...
Loop139 pFBA...5199.0...Ave likelihood of: cpd00106_c is 0.18118334339138137...
Loop140 pFBA...7723.0...Ave likelihood of: cpd00141_c is 0.239320625407359...
Loop141 pFBA...19952.0...Ave likelihood of: cpd00216_c is 0.23683090774511636...
Loop142 pFBA...4993.0...Ave likelihood of: cpd00036_c is 0.08706730512658387...
Loop143 pFBA...22186.0...Ave likelihood of: cpd00581_c is 0.15561899336481141...
Loop144 pFBA...4425.0...Ave likelihood of: cpd00128_c is 0.3822739112157269...
Loop145 pFBA...5912.0...Ave likelihood of: cpd00018_c is 0.23695326362941152...
Loop146 pFBA...4957.0...Ave likelihood of: cpd00091_c is 0.31966929077456735...
Loop147 pFBA...3325.0...Ave likelihood of: cpd00092_c is 0.4098878243718137...
Loop148 pFBA...61475.0...Ave likelihood of: cpd00305_c is 0.1870568252173314...
Loop149 pFBA...12886.0...Ave likelihood of: cpd00220_c is 0.2785758483940969...
Loop150 pFBA...14654.0...Ave likelihood of: cpd00218_c is 0.19135366082235095...
Loop151 pFBA...14380.0...Ave likelihood of: cpd00215_c is 0.3234981289252144...
Loop152 pFBA...28285.0...Ave likelihood of: cpd00104_c is 0.2297579619830221...
Loop153 pFBA...34877.0...Ave likelihood of: cpd00393_c is 0.2097923996977535...
Loop154 pFBA...6143.0...Ave likelihood of: cpd00363_c is 0.3940078841950153...
Loop155 pFBA...9172.0...Ave likelihood of: cpd00281_c is 0.11829671875674365...
Loop156 pFBA...4172.0...Ave likelihood of: cpd00025_c is 0.3752432734778243...
Loop157 pFBA...20261.0...Ave likelihood of: cpd00811_c is 0.20664520460175453...
Loop158 pFBA...5638.0...Ave likelihood of: cpd00714_c is 0.457200218738233...
33.3379186511mins to complete!
