
The following have been reloaded with a version change:
  1) anaconda2/4.4.0 => anaconda2/5.1.0

Loading in models...Adding Water...Remove no-like rxns...Pruned 1 metabolites from model
Pruned 1 reactions from model
Set-up Universal...62.0seconds to complete

Loop0 pFBA...5365.0...Ave likelihood of: cpd00117_c is 0.39474823647566376...
Loop1 pFBA...7602.0...Ave likelihood of: cpd00186_c is 0.23300636240352915...
Loop2 pFBA...22372.0...Ave likelihood of: cpd00637_c is 0.18536777294122916...
Loop3 pFBA...6387.0...Ave likelihood of: cpd00550_c is 0.2951682194393516...
Loop4 pFBA...4201.0...Ave likelihood of: cpd00033_c is 0.22609519601852057...
Loop5 pFBA...5237.0...Ave likelihood of: cpd00035_c is 0.39474823647566376...
Loop6 pFBA...18117.0...Ave likelihood of: cpd00051_c is 0.3475955111380102...
Loop7 pFBA...7990.0...Ave likelihood of: cpd00132_c is 0.1739275580886989...
Loop8 pFBA...5509.0...Ave likelihood of: cpd00041_c is 0.1339517941303805...
Loop9 pFBA...13564.0...Ave likelihood of: cpd00084_c is 0.32951766507507446...
Loop10 pFBA...7345.0...Ave likelihood of: cpd00023_c is 0.13095563281243924...
Loop11 pFBA...9677.0...Ave likelihood of: cpd00053_c is 0.165471722677121...
Loop12 pFBA...21746.0...Ave likelihood of: cpd00119_c is 0.12520547180973016...
Loop13 pFBA...17445.0...Ave likelihood of: cpd00322_c is 0.12580917529678173...
Loop14 pFBA...14904.0...Ave likelihood of: cpd00107_c is 0.22320341962884277...
Loop15 pFBA...20684.0...Ave likelihood of: cpd00039_c is 0.17042393537594605...
Loop16 pFBA...21372.0...Ave likelihood of: cpd00060_c is 0.18797858664462672...
Loop17 pFBA...20634.0...Ave likelihood of: cpd00066_c is 0.25110128700958334...
Loop18 pFBA...10610.0...Ave likelihood of: cpd00129_c is 0.139019622835931...
Loop19 pFBA...5387.0...Ave likelihood of: cpd00054_c is 0.2999289971722445...
Loop20 pFBA...7797.0...Ave likelihood of: cpd00161_c is 0.37137066594714124...
Loop21 pFBA...28541.0...Ave likelihood of: cpd00065_c is 0.2153143140643333...
Loop22 pFBA...18502.0...Ave likelihood of: cpd00069_c is 0.25517979165855537...
Loop23 pFBA...8732.0...Ave likelihood of: cpd00156_c is 0.21631418398008517...
Loop24 pFBA...23755.0...Ave likelihood of: cpd00098_c is 0.21297470906747226...
Loop25 pFBA...14865.0...Ave likelihood of: cpd00274_c is 0.3504501158877354...
Loop26 pFBA...6121.0...Ave likelihood of: cpd00226_c is 0.3808119691734603...
Loop27 pFBA...4516.0...Ave likelihood of: cpd00246_c is 0.39995309865034145...
Loop28 pFBA...20326.0...Ave likelihood of: cpd00374_c is 0.28605946611240485...
Loop29 pFBA...4161.0...Ave likelihood of: cpd00221_c is 0.33773072754069705...
Loop30 pFBA...3974.0...Ave likelihood of: cpd00159_c is 0.44837234540055926...
Loop31 pFBA...10112.0...Ave likelihood of: cpd00211_c is 0.23466054387458612...
Loop32 pFBA...4015.0...Ave likelihood of: cpd00047_c is 0.3393787036163086...
Loop33 pFBA...5235.0...Ave likelihood of: cpd00106_c is 0.16462437515860534...
Loop34 pFBA...7655.0...Ave likelihood of: cpd00141_c is 0.3326707451394252...
Loop35 pFBA...19732.0...Ave likelihood of: cpd00216_c is 0.24304314050737238...
Loop36 pFBA...5009.0...Ave likelihood of: cpd00036_c is 0.08029740849164431...
Loop37 pFBA...22382.0...Ave likelihood of: cpd00581_c is 0.12984271150638682...
Loop38 pFBA...4438.0...Ave likelihood of: cpd00128_c is 0.22576506761403986...
Loop39 pFBA...5999.0...Ave likelihood of: cpd00018_c is 0.31584643928589035...
Loop40 pFBA...5187.0...Ave likelihood of: cpd00091_c is 0.40932822828908655...
Loop41 pFBA...3566.0...Ave likelihood of: cpd00092_c is 0.37594295814262607...
Loop42 pFBA...62578.0...Ave likelihood of: cpd00305_c is 0.17400801264982835...
Loop43 pFBA...12426.0...Ave likelihood of: cpd00220_c is 0.3321081799301872...
Loop44 pFBA...14603.0...Ave likelihood of: cpd00218_c is 0.18735839622995853...
Loop45 pFBA...14382.0...Ave likelihood of: cpd00215_c is 0.3048139301621904...
Loop46 pFBA...28438.0...Ave likelihood of: cpd00104_c is 0.20471002536441144...
Loop47 pFBA...36417.0...Ave likelihood of: cpd00393_c is 0.15332470846018742...
Loop48 pFBA...5958.0...Ave likelihood of: cpd00363_c is 0.5007624057524439...
Loop49 pFBA...9190.0...Ave likelihood of: cpd00281_c is 0.11572141297751672...
Loop50 pFBA...4074.0...Ave likelihood of: cpd00025_c is 0.2504262373341385...
Loop51 pFBA...19991.0...Ave likelihood of: cpd00811_c is 0.2856860091534993...
Loop52 pFBA...5365.0...Ave likelihood of: cpd00117_c is 0.39474823647566376...
Loop53 pFBA...7602.0...Ave likelihood of: cpd00186_c is 0.23300636240352915...
Loop54 pFBA...22546.0...Ave likelihood of: cpd00637_c is 0.1121707602649524...
Loop55 pFBA...6425.0...Ave likelihood of: cpd00550_c is 0.3803112215656856...
Loop56 pFBA...4201.0...Ave likelihood of: cpd00033_c is 0.22609519601852057...
Loop57 pFBA...5237.0...Ave likelihood of: cpd00035_c is 0.39474823647566376...
Loop58 pFBA...18557.0...Ave likelihood of: cpd00051_c is 0.30758674329597074...
Loop59 pFBA...7990.0...Ave likelihood of: cpd00132_c is 0.17392755808869886...
Loop60 pFBA...5509.0...Ave likelihood of: cpd00041_c is 0.1339517941303805...
Loop61 pFBA...13756.0...Ave likelihood of: cpd00084_c is 0.25218295986758066...
Loop62 pFBA...7345.0...Ave likelihood of: cpd00023_c is 0.13095563281243924...
Loop63 pFBA...9677.0...Ave likelihood of: cpd00053_c is 0.165471722677121...
Loop64 pFBA...21746.0...Ave likelihood of: cpd00119_c is 0.12520547180973016...
Loop65 pFBA...17445.0...Ave likelihood of: cpd00322_c is 0.12580917529678173...
Loop66 pFBA...14905.0...Ave likelihood of: cpd00107_c is 0.1923917010700568...
Loop67 pFBA...21179.0...Ave likelihood of: cpd00039_c is 0.21676331160470477...
Loop68 pFBA...21546.0...Ave likelihood of: cpd00060_c is 0.11382033026884876...
Loop69 pFBA...21394.0...Ave likelihood of: cpd00066_c is 0.2842422892628657...
Loop70 pFBA...10610.0...Ave likelihood of: cpd00129_c is 0.1544662475954789...
Loop71 pFBA...5425.0...Ave likelihood of: cpd00054_c is 0.405665303003398...
Loop72 pFBA...7973.0...Ave likelihood of: cpd00161_c is 0.24199771845116222...
Loop73 pFBA...28551.0...Ave likelihood of: cpd00065_c is 0.17877026613776106...
Loop74 pFBA...18997.0...Ave likelihood of: cpd00069_c is 0.28313131137484876...
Loop75 pFBA...8732.0...Ave likelihood of: cpd00156_c is 0.21631418398008517...
Loop76 pFBA...24338.0...Ave likelihood of: cpd00098_c is 0.24045505935656497...
Loop77 pFBA...15262.0...Ave likelihood of: cpd00274_c is 0.21297428691802175...
Loop78 pFBA...6121.0...Ave likelihood of: cpd00226_c is 0.3808119691734603...
Loop79 pFBA...4822.0...Ave likelihood of: cpd00246_c is 0.3582386457480914...
Loop80 pFBA...21106.0...Ave likelihood of: cpd00374_c is 0.2731661363872431...
Loop81 pFBA...4297.0...Ave likelihood of: cpd00221_c is 0.3053189624462044...
Loop82 pFBA...4134.0...Ave likelihood of: cpd00159_c is 0.3147125874374479...
Loop83 pFBA...10156.0...Ave likelihood of: cpd00211_c is 0.13499021304705217...
Loop84 pFBA...4130.0...Ave likelihood of: cpd00047_c is 0.4129667627647436...
Loop85 pFBA...5235.0...Ave likelihood of: cpd00106_c is 0.13941533327740324...
Loop86 pFBA...7794.0...Ave likelihood of: cpd00141_c is 0.1949150918324947...
Loop87 pFBA...20461.0...Ave likelihood of: cpd00216_c is 0.2284861480746391...
Loop88 pFBA...5009.0...Ave likelihood of: cpd00036_c is 0.08029740849164431...
Loop89 pFBA...22382.0...Ave likelihood of: cpd00581_c is 0.12984271150638682...
Loop90 pFBA...4438.0...Ave likelihood of: cpd00128_c is 0.22576506761403986...
Loop91 pFBA...5999.0...Ave likelihood of: cpd00018_c is 0.31584643928589035...
Loop92 pFBA...5187.0...Ave likelihood of: cpd00091_c is 0.40932822828908655...
Loop93 pFBA...3566.0...Ave likelihood of: cpd00092_c is 0.37594295814262607...
Loop94 pFBA...62653.0...Ave likelihood of: cpd00305_c is 0.17562961926342055...
Loop95 pFBA...12480.0...Ave likelihood of: cpd00220_c is 0.25324349128829554...
Loop96 pFBA...14829.0...Ave likelihood of: cpd00218_c is 0.1766492675192263...
Loop97 pFBA...14737.0...Ave likelihood of: cpd00215_c is 0.33115796361001293...
Loop98 pFBA...28516.0...Ave likelihood of: cpd00104_c is 0.16198541043431977...
Loop99 pFBA...36424.0...Ave likelihood of: cpd00393_c is 0.16993439275515793...
Loop100 pFBA...6453.0...Ave likelihood of: cpd00363_c is 0.46662684837937535...
Loop101 pFBA...9190.0...Ave likelihood of: cpd00281_c is 0.11572141297751672...
Loop102 pFBA...4227.0...Ave likelihood of: cpd00025_c is 0.373191531832539...
Loop103 pFBA...20994.0...Ave likelihood of: cpd00811_c is 0.2943198924898408...
Loop104 pFBA...5365.0...Ave likelihood of: cpd00117_c is 0.39474823647566376...
Loop105 pFBA...7602.0...Ave likelihood of: cpd00186_c is 0.23300636240352915...
Loop106 pFBA...22530.0...Ave likelihood of: cpd00637_c is 0.1447673841025288...
Loop107 pFBA...6416.0...Ave likelihood of: cpd00550_c is 0.2977225266009442...
Loop108 pFBA...4201.0...Ave likelihood of: cpd00033_c is 0.2260951960185206...
Loop109 pFBA...5237.0...Ave likelihood of: cpd00035_c is 0.39474823647566376...
Loop110 pFBA...18274.0...Ave likelihood of: cpd00051_c is 0.287311967793811...
Loop111 pFBA...7990.0...Ave likelihood of: cpd00132_c is 0.1739275580886989...
Loop112 pFBA...5509.0...Ave likelihood of: cpd00041_c is 0.1339517941303805...
Loop113 pFBA...13697.0...Ave likelihood of: cpd00084_c is 0.3138582157033079...
Loop114 pFBA...7345.0...Ave likelihood of: cpd00023_c is 0.13095563281243924...
Loop115 pFBA...9677.0...Ave likelihood of: cpd00053_c is 0.165471722677121...
Loop116 pFBA...21746.0...Ave likelihood of: cpd00119_c is 0.12520547180973016...
Loop117 pFBA...17445.0...Ave likelihood of: cpd00322_c is 0.12580917529678173...
Loop118 pFBA...14905.0...Ave likelihood of: cpd00107_c is 0.1923917010700568...
Loop119 pFBA...20815.0...Ave likelihood of: cpd00039_c is 0.18800709935207055...
Loop120 pFBA...21530.0...Ave likelihood of: cpd00060_c is 0.1447673841025288...
Loop121 pFBA...20797.0...Ave likelihood of: cpd00066_c is 0.268453233854355...
Loop122 pFBA...10610.0...Ave likelihood of: cpd00129_c is 0.1544662475954789...
Loop123 pFBA...5416.0...Ave likelihood of: cpd00054_c is 0.30419475544009517...
Loop124 pFBA...7854.0...Ave likelihood of: cpd00161_c is 0.3285234553563535...
Loop125 pFBA...28551.0...Ave likelihood of: cpd00065_c is 0.17877026613776106...
Loop126 pFBA...18584.0...Ave likelihood of: cpd00069_c is 0.26070632068914884...
Loop127 pFBA...8732.0...Ave likelihood of: cpd00156_c is 0.21631418398008517...
Loop128 pFBA...23958.0...Ave likelihood of: cpd00098_c is 0.1785780324054505...
Loop129 pFBA...15006.0...Ave likelihood of: cpd00274_c is 0.33710127575321036...
Loop130 pFBA...6121.0...Ave likelihood of: cpd00226_c is 0.3808119691734603...
Loop131 pFBA...4605.0...Ave likelihood of: cpd00246_c is 0.38798431357908986...
Loop132 pFBA...20497.0...Ave likelihood of: cpd00374_c is 0.274312377858758...
Loop133 pFBA...4277.0...Ave likelihood of: cpd00221_c is 0.3379515251779305...
Loop134 pFBA...4093.0...Ave likelihood of: cpd00159_c is 0.33345982816297876...
Loop135 pFBA...10128.0...Ave likelihood of: cpd00211_c is 0.2488744578600491...
Loop136 pFBA...4089.0...Ave likelihood of: cpd00047_c is 0.32102304810029153...
Loop137 pFBA...5235.0...Ave likelihood of: cpd00106_c is 0.13941533327740324...
Loop138 pFBA...7781.0...Ave likelihood of: cpd00141_c is 0.3173404699785997...
Loop139 pFBA...19970.0...Ave likelihood of: cpd00216_c is 0.22220749030016343...
Loop140 pFBA...5009.0...Ave likelihood of: cpd00036_c is 0.08029740849164431...
Loop141 pFBA...22382.0...Ave likelihood of: cpd00581_c is 0.12984271150638682...
Loop142 pFBA...4438.0...Ave likelihood of: cpd00128_c is 0.22576506761403986...
Loop143 pFBA...5999.0...Ave likelihood of: cpd00018_c is 0.31584643928589035...
Loop144 pFBA...5187.0...Ave likelihood of: cpd00091_c is 0.40932822828908655...
Loop145 pFBA...3566.0...Ave likelihood of: cpd00092_c is 0.37594295814262607...
Loop146 pFBA...62572.0...Ave likelihood of: cpd00305_c is 0.17718830275901928...
Loop147 pFBA...12470.0...Ave likelihood of: cpd00220_c is 0.28341824327174864...
Loop148 pFBA...14772.0...Ave likelihood of: cpd00218_c is 0.1794273952061...
Loop149 pFBA...14433.0...Ave likelihood of: cpd00215_c is 0.2729776715831249...
Loop150 pFBA...28428.0...Ave likelihood of: cpd00104_c is 0.18806002561766383...
Loop151 pFBA...36416.0...Ave likelihood of: cpd00393_c is 0.15403267205834187...
Loop152 pFBA...6033.0...Ave likelihood of: cpd00363_c is 0.4457487778460655...
Loop153 pFBA...9190.0...Ave likelihood of: cpd00281_c is 0.11572141297751672...
Loop154 pFBA...4142.0...Ave likelihood of: cpd00025_c is 0.3351444717717043...
Loop155 pFBA...20257.0...Ave likelihood of: cpd00811_c is 0.21028504969558157...
32.664779985mins to complete!
