
The following have been reloaded with a version change:
  1) anaconda2/4.4.0 => anaconda2/5.1.0

Loading in models...Adding Water...Remove no-like rxns...Pruned 1 metabolites from model
Pruned 1 reactions from model
Set-up Universal...61.0seconds to complete

Loop0 pFBA...5327.0...Ave likelihood of: cpd00117_c is 0.30715250112202214...
Loop1 pFBA...7057.0...Ave likelihood of: cpd00186_c is 0.32386194889892334...
Loop2 pFBA...21585.0...Ave likelihood of: cpd00637_c is 0.25708044686655795...
Loop3 pFBA...6394.0...Ave likelihood of: cpd00550_c is 0.42548413297978005...
Loop4 pFBA...4078.0...Ave likelihood of: cpd00033_c is 0.25014619769092694...
Loop5 pFBA...5223.0...Ave likelihood of: cpd00035_c is 0.30715250112202214...
Loop6 pFBA...17858.0...Ave likelihood of: cpd00051_c is 0.28102158348932066...
Loop7 pFBA...8157.0...Ave likelihood of: cpd00132_c is 0.19006266893366425...
Loop8 pFBA...5291.0...Ave likelihood of: cpd00041_c is 0.18259236042342414...
Loop9 pFBA...13502.0...Ave likelihood of: cpd00084_c is 0.27332777055593793...
Loop10 pFBA...6633.0...Ave likelihood of: cpd00023_c is 0.2734691246527688...
Loop11 pFBA...9263.0...Ave likelihood of: cpd00053_c is 0.1835309837421376...
Loop12 pFBA...15804.0...Ave likelihood of: cpd00119_c is 0.3627355377293922...
Loop13 pFBA...16872.0...Ave likelihood of: cpd00322_c is 0.24448046275115545...
Loop14 pFBA...13953.0...Ave likelihood of: cpd00107_c is 0.2851715731487314...
Loop15 pFBA...16860.0...Ave likelihood of: cpd00039_c is 0.29440516956530016...
Loop16 pFBA...20585.0...Ave likelihood of: cpd00060_c is 0.26041915396872106...
Loop17 pFBA...20883.0...Ave likelihood of: cpd00066_c is 0.28801963993797075...
Loop18 pFBA...10268.0...Ave likelihood of: cpd00129_c is 0.3109764471964276...
Loop19 pFBA...5394.0...Ave likelihood of: cpd00054_c is 0.4641645087052146...
Loop20 pFBA...7552.0...Ave likelihood of: cpd00161_c is 0.38188059099410726...
Loop21 pFBA...25917.0...Ave likelihood of: cpd00065_c is 0.2632539720848194...
Loop22 pFBA...18361.0...Ave likelihood of: cpd00069_c is 0.24286737783786674...
Loop23 pFBA...7902.0...Ave likelihood of: cpd00156_c is 0.2953952966724031...
Loop24 pFBA...23959.0...Ave likelihood of: cpd00098_c is 0.1870421811256543...
Loop25 pFBA...14392.0...Ave likelihood of: cpd00274_c is 0.2884950884428796...
Loop26 pFBA...6120.0...Ave likelihood of: cpd00226_c is 0.36334508805275345...
Loop27 pFBA...4570.0...Ave likelihood of: cpd00246_c is 0.34906382136856245...
Loop28 pFBA...20207.0...Ave likelihood of: cpd00374_c is 0.25885393873276397...
Loop29 pFBA...4149.0...Ave likelihood of: cpd00221_c is 0.44402414146703056...
Loop30 pFBA...4024.0...Ave likelihood of: cpd00159_c is 0.3526603146508469...
Loop31 pFBA...10194.0...Ave likelihood of: cpd00211_c is 0.284879261196037...
Loop32 pFBA...3603.0...Ave likelihood of: cpd00047_c is 0.404931278174671...
Loop33 pFBA...4977.0...Ave likelihood of: cpd00106_c is 0.17634662138884266...
Loop34 pFBA...7631.0...Ave likelihood of: cpd00141_c is 0.3093584264483398...
Loop35 pFBA...20027.0...Ave likelihood of: cpd00216_c is 0.2703068899262982...
Loop36 pFBA...4747.0...Ave likelihood of: cpd00036_c is 0.22688377372661292...
Loop37 pFBA...16334.0...Ave likelihood of: cpd00581_c is 0.3550448235191006...
Loop38 pFBA...4232.0...Ave likelihood of: cpd00128_c is 0.36842316157886423...
Loop39 pFBA...5760.0...Ave likelihood of: cpd00018_c is 0.328244809795788...
Loop40 pFBA...5092.0...Ave likelihood of: cpd00091_c is 0.37925017694520774...
Loop41 pFBA...4139.0...Ave likelihood of: cpd00092_c is 0.31828155989006257...
Loop42 pFBA...61379.0...Ave likelihood of: cpd00305_c is 0.19315438882203412...
Loop43 pFBA...13417.0...Ave likelihood of: cpd00220_c is 0.2887153603598654...
Loop44 pFBA...14244.0...Ave likelihood of: cpd00218_c is 0.21143795829109846...
Loop45 pFBA...13457.0...Ave likelihood of: cpd00215_c is 0.3750606596249256...
Loop46 pFBA...27960.0...Ave likelihood of: cpd00104_c is 0.2017380656729607...
Loop47 pFBA...35820.0...Ave likelihood of: cpd00393_c is 0.20677868223613607...
Loop48 pFBA...6135.0...Ave likelihood of: cpd00363_c is 0.4737065747790513...
Loop49 pFBA...8633.0...Ave likelihood of: cpd00281_c is 0.19533508903769198...
Loop50 pFBA...4068.0...Ave likelihood of: cpd00025_c is 0.34115688203572525...
Loop51 pFBA...20114.0...Ave likelihood of: cpd00811_c is 0.21514708555627138...
Loop52 pFBA...5327.0...Ave likelihood of: cpd00117_c is 0.30715250112202214...
Loop53 pFBA...7057.0...Ave likelihood of: cpd00186_c is 0.32386194889892334...
Loop54 pFBA...21585.0...Ave likelihood of: cpd00637_c is 0.25708044686655795...
Loop55 pFBA...6394.0...Ave likelihood of: cpd00550_c is 0.42548413297978005...
Loop56 pFBA...4078.0...Ave likelihood of: cpd00033_c is 0.250146197690927...
Loop57 pFBA...5223.0...Ave likelihood of: cpd00035_c is 0.30715250112202214...
Loop58 pFBA...18152.0...Ave likelihood of: cpd00051_c is 0.2240727440767671...
Loop59 pFBA...8157.0...Ave likelihood of: cpd00132_c is 0.19006266893366425...
Loop60 pFBA...5291.0...Ave likelihood of: cpd00041_c is 0.18259236042342414...
Loop61 pFBA...13627.0...Ave likelihood of: cpd00084_c is 0.26935565772704284...
Loop62 pFBA...6633.0...Ave likelihood of: cpd00023_c is 0.2734691246527688...
Loop63 pFBA...9263.0...Ave likelihood of: cpd00053_c is 0.18353098374213758...
Loop64 pFBA...15804.0...Ave likelihood of: cpd00119_c is 0.3627355377293922...
Loop65 pFBA...16872.0...Ave likelihood of: cpd00322_c is 0.24448046275115545...
Loop66 pFBA...13953.0...Ave likelihood of: cpd00107_c is 0.2851715731487314...
Loop67 pFBA...17300.0...Ave likelihood of: cpd00039_c is 0.27385930974319883...
Loop68 pFBA...20585.0...Ave likelihood of: cpd00060_c is 0.26041915396872106...
Loop69 pFBA...21120.0...Ave likelihood of: cpd00066_c is 0.28509040221114573...
Loop70 pFBA...10268.0...Ave likelihood of: cpd00129_c is 0.3109764471964276...
Loop71 pFBA...5394.0...Ave likelihood of: cpd00054_c is 0.4641645087052146...
Loop72 pFBA...7650.0...Ave likelihood of: cpd00161_c is 0.355950304880415...
Loop73 pFBA...25917.0...Ave likelihood of: cpd00065_c is 0.2632539720848194...
Loop74 pFBA...18529.0...Ave likelihood of: cpd00069_c is 0.2645411581200842...
Loop75 pFBA...7902.0...Ave likelihood of: cpd00156_c is 0.2953952966724031...
Loop76 pFBA...24102.0...Ave likelihood of: cpd00098_c is 0.20663628030640807...
Loop77 pFBA...14616.0...Ave likelihood of: cpd00274_c is 0.21754303021239263...
Loop78 pFBA...6120.0...Ave likelihood of: cpd00226_c is 0.36334508805275345...
Loop79 pFBA...4810.0...Ave likelihood of: cpd00246_c is 0.3345073488891152...
Loop80 pFBA...20711.0...Ave likelihood of: cpd00374_c is 0.24232173348841748...
Loop81 pFBA...4318.0...Ave likelihood of: cpd00221_c is 0.255974043516091...
Loop82 pFBA...4106.0...Ave likelihood of: cpd00159_c is 0.35321457702181513...
Loop83 pFBA...10377.0...Ave likelihood of: cpd00211_c is 0.20758420354770638...
Loop84 pFBA...3634.0...Ave likelihood of: cpd00047_c is 0.42422144509581916...
Loop85 pFBA...4977.0...Ave likelihood of: cpd00106_c is 0.17634662138884266...
Loop86 pFBA...7654.0...Ave likelihood of: cpd00141_c is 0.3140361081341673...
Loop87 pFBA...20238.0...Ave likelihood of: cpd00216_c is 0.2564455474252446...
Loop88 pFBA...4747.0...Ave likelihood of: cpd00036_c is 0.22688377372661292...
Loop89 pFBA...16334.0...Ave likelihood of: cpd00581_c is 0.3550448235191006...
Loop90 pFBA...4232.0...Ave likelihood of: cpd00128_c is 0.36842316157886423...
Loop91 pFBA...5760.0...Ave likelihood of: cpd00018_c is 0.3173033161359284...
Loop92 pFBA...5092.0...Ave likelihood of: cpd00091_c is 0.36809575997623106...
Loop93 pFBA...4139.0...Ave likelihood of: cpd00092_c is 0.31828155989006257...
Loop94 pFBA...61380.0...Ave likelihood of: cpd00305_c is 0.20254386473834898...
Loop95 pFBA...13417.0...Ave likelihood of: cpd00220_c is 0.2806954892387581...
Loop96 pFBA...14326.0...Ave likelihood of: cpd00218_c is 0.18351622884703198...
Loop97 pFBA...13855.0...Ave likelihood of: cpd00215_c is 0.3516683677811251...
Loop98 pFBA...27960.0...Ave likelihood of: cpd00104_c is 0.20173806567296065...
Loop99 pFBA...35820.0...Ave likelihood of: cpd00393_c is 0.20677868223613613...
Loop100 pFBA...6449.0...Ave likelihood of: cpd00363_c is 0.43881576009416084...
Loop101 pFBA...8633.0...Ave likelihood of: cpd00281_c is 0.19533508903769198...
Loop102 pFBA...4168.0...Ave likelihood of: cpd00025_c is 0.44120052615483124...
Loop103 pFBA...20489.0...Ave likelihood of: cpd00811_c is 0.23548600523330582...
Loop104 pFBA...5327.0...Ave likelihood of: cpd00117_c is 0.30715250112202214...
Loop105 pFBA...7057.0...Ave likelihood of: cpd00186_c is 0.32386194889892334...
Loop106 pFBA...21565.0...Ave likelihood of: cpd00637_c is 0.24264614767744472...
Loop107 pFBA...6394.0...Ave likelihood of: cpd00550_c is 0.42548413297978005...
Loop108 pFBA...4078.0...Ave likelihood of: cpd00033_c is 0.250146197690927...
Loop109 pFBA...5223.0...Ave likelihood of: cpd00035_c is 0.30715250112202214...
Loop110 pFBA...17831.0...Ave likelihood of: cpd00051_c is 0.26379087855654804...
Loop111 pFBA...8157.0...Ave likelihood of: cpd00132_c is 0.19006266893366425...
Loop112 pFBA...5291.0...Ave likelihood of: cpd00041_c is 0.18259236042342414...
Loop113 pFBA...13534.0...Ave likelihood of: cpd00084_c is 0.31348256566365557...
Loop114 pFBA...6633.0...Ave likelihood of: cpd00023_c is 0.2734691246527688...
Loop115 pFBA...9263.0...Ave likelihood of: cpd00053_c is 0.1835309837421376...
Loop116 pFBA...15804.0...Ave likelihood of: cpd00119_c is 0.3627355377293922...
Loop117 pFBA...16872.0...Ave likelihood of: cpd00322_c is 0.24448046275115545...
Loop118 pFBA...13953.0...Ave likelihood of: cpd00107_c is 0.2851715731487314...
Loop119 pFBA...17065.0...Ave likelihood of: cpd00039_c is 0.27552753223266974...
Loop120 pFBA...20565.0...Ave likelihood of: cpd00060_c is 0.24567922452341281...
Loop121 pFBA...20723.0...Ave likelihood of: cpd00066_c is 0.2764186267605267...
Loop122 pFBA...10268.0...Ave likelihood of: cpd00129_c is 0.3109764471964276...
Loop123 pFBA...5394.0...Ave likelihood of: cpd00054_c is 0.4641645087052146...
Loop124 pFBA...7529.0...Ave likelihood of: cpd00161_c is 0.3665494235385752...
Loop125 pFBA...25917.0...Ave likelihood of: cpd00065_c is 0.2673302673086904...
Loop126 pFBA...18230.0...Ave likelihood of: cpd00069_c is 0.23832676576307021...
Loop127 pFBA...7902.0...Ave likelihood of: cpd00156_c is 0.2953952966724031...
Loop128 pFBA...23808.0...Ave likelihood of: cpd00098_c is 0.1816883314423637...
Loop129 pFBA...14591.0...Ave likelihood of: cpd00274_c is 0.2769641755248905...
Loop130 pFBA...6120.0...Ave likelihood of: cpd00226_c is 0.36334508805275345...
Loop131 pFBA...4501.0...Ave likelihood of: cpd00246_c is 0.3854762258440649...
Loop132 pFBA...20039.0...Ave likelihood of: cpd00374_c is 0.26316470682887944...
Loop133 pFBA...4259.0...Ave likelihood of: cpd00221_c is 0.4255292008885547...
Loop134 pFBA...4085.0...Ave likelihood of: cpd00159_c is 0.3719020163713022...
Loop135 pFBA...10126.0...Ave likelihood of: cpd00211_c is 0.29423412404096827...
Loop136 pFBA...3634.0...Ave likelihood of: cpd00047_c is 0.4242214450958192...
Loop137 pFBA...4977.0...Ave likelihood of: cpd00106_c is 0.17634662138884266...
Loop138 pFBA...7592.0...Ave likelihood of: cpd00141_c is 0.3623142490758748...
Loop139 pFBA...19805.0...Ave likelihood of: cpd00216_c is 0.27115097462026466...
Loop140 pFBA...4747.0...Ave likelihood of: cpd00036_c is 0.22688377372661292...
Loop141 pFBA...16334.0...Ave likelihood of: cpd00581_c is 0.3550448235191006...
Loop142 pFBA...4232.0...Ave likelihood of: cpd00128_c is 0.36842316157886423...
Loop143 pFBA...5760.0...Ave likelihood of: cpd00018_c is 0.328244809795788...
Loop144 pFBA...5092.0...Ave likelihood of: cpd00091_c is 0.36809575997623106...
Loop145 pFBA...4139.0...Ave likelihood of: cpd00092_c is 0.31828155989006257...
Loop146 pFBA...61359.0...Ave likelihood of: cpd00305_c is 0.20321154142593076...
Loop147 pFBA...13402.0...Ave likelihood of: cpd00220_c is 0.3115298383229891...
Loop148 pFBA...14143.0...Ave likelihood of: cpd00218_c is 0.22417708152635227...
Loop149 pFBA...13246.0...Ave likelihood of: cpd00215_c is 0.38744209574321703...
Loop150 pFBA...27958.0...Ave likelihood of: cpd00104_c is 0.22777956141705352...
Loop151 pFBA...35820.0...Ave likelihood of: cpd00393_c is 0.2093991577371961...
Loop152 pFBA...5994.0...Ave likelihood of: cpd00363_c is 0.4636404706857401...
Loop153 pFBA...8633.0...Ave likelihood of: cpd00281_c is 0.19533508903769198...
Loop154 pFBA...4023.0...Ave likelihood of: cpd00025_c is 0.3561914830365077...
Loop155 pFBA...19903.0...Ave likelihood of: cpd00811_c is 0.2307385236311569...
31.8107824008mins to complete!
