
The following have been reloaded with a version change:
  1) anaconda2/4.4.0 => anaconda2/5.1.0

Loading in models...Adding Water...Remove no-like rxns...Pruned 1 metabolites from model
Pruned 1 reactions from model
Set-up Universal...61.0seconds to complete

Loop0 pFBA...5559.0...Ave likelihood of: cpd00117_c is 0.4735971691263786...
Loop1 pFBA...6841.0...Ave likelihood of: cpd00186_c is 0.359851302978676...
Loop2 pFBA...21370.0...Ave likelihood of: cpd00637_c is 0.2779785477288987...
Loop3 pFBA...6423.0...Ave likelihood of: cpd00550_c is 0.3324983467540977...
Loop4 pFBA...4058.0...Ave likelihood of: cpd00033_c is 0.32559231706345737...
Loop5 pFBA...5437.0...Ave likelihood of: cpd00035_c is 0.4735971691263786...
Loop6 pFBA...18290.0...Ave likelihood of: cpd00051_c is 0.30280842627348487...
Loop7 pFBA...8191.0...Ave likelihood of: cpd00132_c is 0.2354995111341388...
Loop8 pFBA...5270.0...Ave likelihood of: cpd00041_c is 0.20473260475518365...
Loop9 pFBA...13628.0...Ave likelihood of: cpd00084_c is 0.26478887876999696...
Loop10 pFBA...6592.0...Ave likelihood of: cpd00023_c is 0.281549980630481...
Loop11 pFBA...9326.0...Ave likelihood of: cpd00053_c is 0.26791203397671004...
Loop12 pFBA...16694.0...Ave likelihood of: cpd00119_c is 0.30928588088976455...
Loop13 pFBA...16715.0...Ave likelihood of: cpd00322_c is 0.35488883691191314...
Loop14 pFBA...14214.0...Ave likelihood of: cpd00107_c is 0.2638175753788319...
Loop15 pFBA...17547.0...Ave likelihood of: cpd00039_c is 0.31377730390709163...
Loop16 pFBA...20370.0...Ave likelihood of: cpd00060_c is 0.28154237526388454...
Loop17 pFBA...20669.0...Ave likelihood of: cpd00066_c is 0.22946804950774338...
Loop18 pFBA...10265.0...Ave likelihood of: cpd00129_c is 0.20315649078829365...
Loop19 pFBA...5423.0...Ave likelihood of: cpd00054_c is 0.33928402730009966...
Loop20 pFBA...7403.0...Ave likelihood of: cpd00161_c is 0.4261193081748776...
Loop21 pFBA...27274.0...Ave likelihood of: cpd00065_c is 0.2496633742964032...
Loop22 pFBA...18391.0...Ave likelihood of: cpd00069_c is 0.2044553124582224...
Loop23 pFBA...7672.0...Ave likelihood of: cpd00156_c is 0.33290281778703146...
Loop24 pFBA...23642.0...Ave likelihood of: cpd00098_c is 0.264417289322278...
Loop25 pFBA...14628.0...Ave likelihood of: cpd00274_c is 0.16656231669223742...
Loop26 pFBA...6688.0...Ave likelihood of: cpd00226_c is 0.32411962971065833...
Loop27 pFBA...4461.0...Ave likelihood of: cpd00246_c is 0.43740484003509333...
Loop28 pFBA...20052.0...Ave likelihood of: cpd00374_c is 0.22879766077532254...
Loop29 pFBA...4762.0...Ave likelihood of: cpd00221_c is 0.4230438728042157...
Loop30 pFBA...4265.0...Ave likelihood of: cpd00159_c is 0.4224453316514356...
Loop31 pFBA...10332.0...Ave likelihood of: cpd00211_c is 0.3919603230982654...
Loop32 pFBA...3766.0...Ave likelihood of: cpd00047_c is 0.259568223478449...
Loop33 pFBA...5009.0...Ave likelihood of: cpd00106_c is 0.16837292041508917...
Loop34 pFBA...7568.0...Ave likelihood of: cpd00141_c is 0.4132473854387515...
Loop35 pFBA...19162.0...Ave likelihood of: cpd00216_c is 0.2238427405236891...
Loop36 pFBA...4804.0...Ave likelihood of: cpd00036_c is 0.22796322945148836...
Loop37 pFBA...17178.0...Ave likelihood of: cpd00581_c is 0.3052430459990575...
Loop38 pFBA...4764.0...Ave likelihood of: cpd00128_c is 0.22140431061882046...
Loop39 pFBA...5863.0...Ave likelihood of: cpd00018_c is 0.2797475546886532...
Loop40 pFBA...5863.0...Ave likelihood of: cpd00091_c is 0.2797475546886532...
Loop41 pFBA...4173.0...Ave likelihood of: cpd00092_c is 0.2938733023643705...
Loop42 pFBA...64148.0...Ave likelihood of: cpd00305_c is 0.14708665692854278...
Loop43 pFBA...13693.0...Ave likelihood of: cpd00220_c is 0.29257501586869283...
Loop44 pFBA...14525.0...Ave likelihood of: cpd00218_c is 0.22522303922366405...
Loop45 pFBA...14572.0...Ave likelihood of: cpd00215_c is 0.2975594367446572...
Loop46 pFBA...28633.0...Ave likelihood of: cpd00104_c is 0.2205312413853992...
Loop47 pFBA...36672.0...Ave likelihood of: cpd00393_c is 0.1668487879587707...
Loop48 pFBA...5711.0...Ave likelihood of: cpd00363_c is 0.5637795436012776...
Loop49 pFBA...8589.0...Ave likelihood of: cpd00281_c is 0.2016419085001769...
Loop50 pFBA...4024.0...Ave likelihood of: cpd00025_c is 0.29006110295704984...
Loop51 pFBA...19598.0...Ave likelihood of: cpd00811_c is 0.258583285230367...
Loop52 pFBA...5419.0...Ave likelihood of: cpd00714_c is 0.3709167275634792...
Loop53 pFBA...5559.0...Ave likelihood of: cpd00117_c is 0.4735971691263786...
Loop54 pFBA...6841.0...Ave likelihood of: cpd00186_c is 0.359851302978676...
Loop55 pFBA...21623.0...Ave likelihood of: cpd00637_c is 0.28724379495208735...
Loop56 pFBA...6486.0...Ave likelihood of: cpd00550_c is 0.30791079535142596...
Loop57 pFBA...4059.0...Ave likelihood of: cpd00033_c is 0.23763996729646672...
Loop58 pFBA...5437.0...Ave likelihood of: cpd00035_c is 0.4735971691263786...
Loop59 pFBA...18420.0...Ave likelihood of: cpd00051_c is 0.2369664211691144...
Loop60 pFBA...8191.0...Ave likelihood of: cpd00132_c is 0.2354995111341388...
Loop61 pFBA...5270.0...Ave likelihood of: cpd00041_c is 0.20473260475518365...
Loop62 pFBA...13749.0...Ave likelihood of: cpd00084_c is 0.24794276195914847...
Loop63 pFBA...6592.0...Ave likelihood of: cpd00023_c is 0.281549980630481...
Loop64 pFBA...9326.0...Ave likelihood of: cpd00053_c is 0.26791203397671004...
Loop65 pFBA...16694.0...Ave likelihood of: cpd00119_c is 0.31547159850755985...
Loop66 pFBA...16721.0...Ave likelihood of: cpd00322_c is 0.20604496595688018...
Loop67 pFBA...14214.0...Ave likelihood of: cpd00107_c is 0.2638175753788319...
Loop68 pFBA...17749.0...Ave likelihood of: cpd00039_c is 0.25893369927990717...
Loop69 pFBA...20623.0...Ave likelihood of: cpd00060_c is 0.2907900146428539...
Loop70 pFBA...21376.0...Ave likelihood of: cpd00066_c is 0.2318800189992155...
Loop71 pFBA...10265.0...Ave likelihood of: cpd00129_c is 0.20315649078829365...
Loop72 pFBA...5486.0...Ave likelihood of: cpd00054_c is 0.31784340165308483...
Loop73 pFBA...7640.0...Ave likelihood of: cpd00161_c is 0.39346232882185395...
Loop74 pFBA...27274.0...Ave likelihood of: cpd00065_c is 0.2496633742964032...
Loop75 pFBA...18850.0...Ave likelihood of: cpd00069_c is 0.24029238633822997...
Loop76 pFBA...7672.0...Ave likelihood of: cpd00156_c is 0.33290281778703146...
Loop77 pFBA...24494.0...Ave likelihood of: cpd00098_c is 0.2759077695178522...
Loop78 pFBA...14628.0...Ave likelihood of: cpd00274_c is 0.16656231669223742...
Loop79 pFBA...6688.0...Ave likelihood of: cpd00226_c is 0.32411962971065833...
Loop80 pFBA...4765.0...Ave likelihood of: cpd00246_c is 0.36903843221269633...
Loop81 pFBA...20783.0...Ave likelihood of: cpd00374_c is 0.22329029117889665...
Loop82 pFBA...5061.0...Ave likelihood of: cpd00221_c is 0.3919131013014052...
Loop83 pFBA...4328.0...Ave likelihood of: cpd00159_c is 0.38813878279820296...
Loop84 pFBA...10509.0...Ave likelihood of: cpd00211_c is 0.21410320332751573...
Loop85 pFBA...3766.0...Ave likelihood of: cpd00047_c is 0.21907306392201872...
Loop86 pFBA...5009.0...Ave likelihood of: cpd00106_c is 0.16837292041508917...
Loop87 pFBA...7722.0...Ave likelihood of: cpd00141_c is 0.32541281113379156...
Loop88 pFBA...20308.0...Ave likelihood of: cpd00216_c is 0.21623384175979113...
Loop89 pFBA...4804.0...Ave likelihood of: cpd00036_c is 0.22796322945148836...
Loop90 pFBA...17178.0...Ave likelihood of: cpd00581_c is 0.3052430459990575...
Loop91 pFBA...4764.0...Ave likelihood of: cpd00128_c is 0.22140431061882046...
Loop92 pFBA...5863.0...Ave likelihood of: cpd00018_c is 0.2797475546886532...
Loop93 pFBA...5863.0...Ave likelihood of: cpd00091_c is 0.2797475546886532...
Loop94 pFBA...4173.0...Ave likelihood of: cpd00092_c is 0.2938733023643705...
Loop95 pFBA...64231.0...Ave likelihood of: cpd00305_c is 0.13447427319849417...
Loop96 pFBA...14110.0...Ave likelihood of: cpd00220_c is 0.17968694375756256...
Loop97 pFBA...14714.0...Ave likelihood of: cpd00218_c is 0.21300335327109565...
Loop98 pFBA...15099.0...Ave likelihood of: cpd00215_c is 0.3246208618486317...
Loop99 pFBA...28677.0...Ave likelihood of: cpd00104_c is 0.17047388399726113...
Loop100 pFBA...36672.0...Ave likelihood of: cpd00393_c is 0.1668487879587707...
Loop101 pFBA...6387.0...Ave likelihood of: cpd00363_c is 0.5185032306728232...
Loop102 pFBA...8589.0...Ave likelihood of: cpd00281_c is 0.2016419085001769...
Loop103 pFBA...4193.0...Ave likelihood of: cpd00025_c is 0.3866308385252151...
Loop104 pFBA...20379.0...Ave likelihood of: cpd00811_c is 0.30411147796390925...
Loop105 pFBA...6272.0...Ave likelihood of: cpd00714_c is 0.43332059898392394...
Loop106 pFBA...5559.0...Ave likelihood of: cpd00117_c is 0.4735971691263786...
Loop107 pFBA...6841.0...Ave likelihood of: cpd00186_c is 0.359851302978676...
Loop108 pFBA...21545.0...Ave likelihood of: cpd00637_c is 0.24539012810514033...
Loop109 pFBA...6443.0...Ave likelihood of: cpd00550_c is 0.3299329802048779...
Loop110 pFBA...4058.0...Ave likelihood of: cpd00033_c is 0.22804183779461742...
Loop111 pFBA...5437.0...Ave likelihood of: cpd00035_c is 0.4735971691263786...
Loop112 pFBA...18377.0...Ave likelihood of: cpd00051_c is 0.25117022796109717...
Loop113 pFBA...8191.0...Ave likelihood of: cpd00132_c is 0.2354995111341388...
Loop114 pFBA...5270.0...Ave likelihood of: cpd00041_c is 0.20473260475518365...
Loop115 pFBA...13736.0...Ave likelihood of: cpd00084_c is 0.23415519851004532...
Loop116 pFBA...6592.0...Ave likelihood of: cpd00023_c is 0.281549980630481...
Loop117 pFBA...9326.0...Ave likelihood of: cpd00053_c is 0.26791203397671004...
Loop118 pFBA...16694.0...Ave likelihood of: cpd00119_c is 0.30928588088976455...
Loop119 pFBA...16721.0...Ave likelihood of: cpd00322_c is 0.20604496595688018...
Loop120 pFBA...14214.0...Ave likelihood of: cpd00107_c is 0.2638175753788319...
Loop121 pFBA...17583.0...Ave likelihood of: cpd00039_c is 0.2880551268637204...
Loop122 pFBA...20545.0...Ave likelihood of: cpd00060_c is 0.24866199647987552...
Loop123 pFBA...20986.0...Ave likelihood of: cpd00066_c is 0.18671786432450216...
Loop124 pFBA...10265.0...Ave likelihood of: cpd00129_c is 0.20315649078829365...
Loop125 pFBA...5443.0...Ave likelihood of: cpd00054_c is 0.33710543629628825...
Loop126 pFBA...7513.0...Ave likelihood of: cpd00161_c is 0.3458487010731224...
Loop127 pFBA...27274.0...Ave likelihood of: cpd00065_c is 0.2496633742964032...
Loop128 pFBA...18490.0...Ave likelihood of: cpd00069_c is 0.20331222089006643...
Loop129 pFBA...7672.0...Ave likelihood of: cpd00156_c is 0.33290281778703146...
Loop130 pFBA...24130.0...Ave likelihood of: cpd00098_c is 0.23755812807190008...
Loop131 pFBA...14628.0...Ave likelihood of: cpd00274_c is 0.16656231669223742...
Loop132 pFBA...6688.0...Ave likelihood of: cpd00226_c is 0.32411962971065833...
Loop133 pFBA...4642.0...Ave likelihood of: cpd00246_c is 0.22250449541542835...
Loop134 pFBA...20446.0...Ave likelihood of: cpd00374_c is 0.21216282577450435...
Loop135 pFBA...4958.0...Ave likelihood of: cpd00221_c is 0.1916621362110958...
Loop136 pFBA...4315.0...Ave likelihood of: cpd00159_c is 0.34683951592267454...
Loop137 pFBA...10486.0...Ave likelihood of: cpd00211_c is 0.38090490263174454...
Loop138 pFBA...3766.0...Ave likelihood of: cpd00047_c is 0.21907306392201872...
Loop139 pFBA...5009.0...Ave likelihood of: cpd00106_c is 0.16837292041508917...
Loop140 pFBA...7673.0...Ave likelihood of: cpd00141_c is 0.3720530057383953...
Loop141 pFBA...19644.0...Ave likelihood of: cpd00216_c is 0.2304319083332132...
Loop142 pFBA...4804.0...Ave likelihood of: cpd00036_c is 0.22796322945148836...
Loop143 pFBA...17178.0...Ave likelihood of: cpd00581_c is 0.3052430459990575...
Loop144 pFBA...4764.0...Ave likelihood of: cpd00128_c is 0.22140431061882046...
Loop145 pFBA...5863.0...Ave likelihood of: cpd00018_c is 0.2797475546886532...
Loop146 pFBA...5863.0...Ave likelihood of: cpd00091_c is 0.2797475546886532...
Loop147 pFBA...4173.0...Ave likelihood of: cpd00092_c is 0.2938733023643705...
Loop148 pFBA...64226.0...Ave likelihood of: cpd00305_c is 0.14007081672379426...
Loop149 pFBA...13976.0...Ave likelihood of: cpd00220_c is 0.26998548974183034...
Loop150 pFBA...14662.0...Ave likelihood of: cpd00218_c is 0.1715234044606309...
Loop151 pFBA...14803.0...Ave likelihood of: cpd00215_c is 0.24138733465369605...
Loop152 pFBA...28668.0...Ave likelihood of: cpd00104_c is 0.20033753595357034...
Loop153 pFBA...36672.0...Ave likelihood of: cpd00393_c is 0.1668487879587707...
Loop154 pFBA...6084.0...Ave likelihood of: cpd00363_c is 0.43468950654983496...
Loop155 pFBA...8589.0...Ave likelihood of: cpd00281_c is 0.2016419085001769...
Loop156 pFBA...4142.0...Ave likelihood of: cpd00025_c is 0.30798551035178096...
Loop157 pFBA...19989.0...Ave likelihood of: cpd00811_c is 0.2713259438060993...
Loop158 pFBA...6029.0...Ave likelihood of: cpd00714_c is 0.3079398074705431...
33.1699054678mins to complete!
