
The following have been reloaded with a version change:
  1) anaconda2/4.4.0 => anaconda2/5.1.0

Loading in models...Adding Water...Remove no-like rxns...Pruned 1 metabolites from model
Pruned 1 reactions from model
Set-up Universal...60.0seconds to complete

Loop0 pFBA...6190.0...Ave likelihood of: cpd00117_c is 0.2309124621614747...
Loop1 pFBA...8232.0...Ave likelihood of: cpd00186_c is 0.12807930088551597...
Loop2 pFBA...22855.0...Ave likelihood of: cpd00637_c is 0.1689000991221311...
Loop3 pFBA...7048.0...Ave likelihood of: cpd00550_c is 0.230377750113093...
Loop4 pFBA...4747.0...Ave likelihood of: cpd00033_c is 0.17940325930850742...
Loop5 pFBA...6028.0...Ave likelihood of: cpd00035_c is 0.2240658855095626...
Loop6 pFBA...19361.0...Ave likelihood of: cpd00051_c is 0.20555285061115688...
Loop7 pFBA...8881.0...Ave likelihood of: cpd00132_c is 0.12867710073641106...
Loop8 pFBA...6002.0...Ave likelihood of: cpd00041_c is 0.05640700337281123...
Loop9 pFBA...14315.0...Ave likelihood of: cpd00084_c is 0.2347539888811861...
Loop10 pFBA...7999.0...Ave likelihood of: cpd00023_c is 0.00012146805188593685...
Loop11 pFBA...10583.0...Ave likelihood of: cpd00053_c is 0.1283245075559164...
Loop12 pFBA...22792.0...Ave likelihood of: cpd00119_c is 0.09013696537365376...
Loop13 pFBA...17856.0...Ave likelihood of: cpd00322_c is 0.2244760188491224...
Loop14 pFBA...14892.0...Ave likelihood of: cpd00107_c is 0.20117923062466847...
Loop15 pFBA...17694.0...Ave likelihood of: cpd00039_c is 0.2993827960501708...
Loop16 pFBA...21855.0...Ave likelihood of: cpd00060_c is 0.17065947515465332...
Loop17 pFBA...21422.0...Ave likelihood of: cpd00066_c is 0.17732730206078856...
Loop18 pFBA...12000.0...Ave likelihood of: cpd00129_c is 0.0...
Loop19 pFBA...6048.0...Ave likelihood of: cpd00054_c is 0.23561360807020873...
Loop20 pFBA...8329.0...Ave likelihood of: cpd00161_c is 0.28400446666927726...
Loop21 pFBA...29998.0...Ave likelihood of: cpd00065_c is 0.13601154186566541...
Loop22 pFBA...19090.0...Ave likelihood of: cpd00069_c is 0.1761501930544022...
Loop23 pFBA...8765.0...Ave likelihood of: cpd00156_c is 0.16425875124188455...
Loop24 pFBA...24910.0...Ave likelihood of: cpd00098_c is 0.17576713055621443...
Loop25 pFBA...16096.0...Ave likelihood of: cpd00274_c is 0.23661289560293286...
Loop26 pFBA...7076.0...Ave likelihood of: cpd00226_c is 0.2776202689979837...
Loop27 pFBA...5049.0...Ave likelihood of: cpd00246_c is 0.305113670479598...
Loop28 pFBA...21096.0...Ave likelihood of: cpd00374_c is 0.17986368602479202...
Loop29 pFBA...4299.0...Ave likelihood of: cpd00221_c is 0.4382027093931277...
Loop30 pFBA...4188.0...Ave likelihood of: cpd00159_c is 0.33436908958141537...
Loop31 pFBA...10193.0...Ave likelihood of: cpd00211_c is 0.29352295989570626...
Loop32 pFBA...4064.0...Ave likelihood of: cpd00047_c is 0.31714170929519475...
Loop33 pFBA...5283.0...Ave likelihood of: cpd00106_c is 0.08805580105752676...
Loop34 pFBA...7916.0...Ave likelihood of: cpd00141_c is 0.377585618451082...
Loop35 pFBA...20712.0...Ave likelihood of: cpd00216_c is 0.20633169017232142...
Loop36 pFBA...5064.0...Ave likelihood of: cpd00036_c is 0.04858760847366136...
Loop37 pFBA...22792.0...Ave likelihood of: cpd00581_c is 0.09686918142099543...
Loop38 pFBA...4994.0...Ave likelihood of: cpd00128_c is 0.0911178639517841...
Loop39 pFBA...6200.0...Ave likelihood of: cpd00018_c is 0.11622065348741639...
Loop40 pFBA...5545.0...Ave likelihood of: cpd00091_c is 0.143330845255362...
Loop41 pFBA...4055.0...Ave likelihood of: cpd00092_c is 0.24701374886125496...
Loop42 pFBA...63192.0...Ave likelihood of: cpd00305_c is 0.1680795482873236...
Loop43 pFBA...12633.0...Ave likelihood of: cpd00220_c is 0.17234740947520985...
Loop44 pFBA...14708.0...Ave likelihood of: cpd00218_c is 0.1410570818783665...
Loop45 pFBA...14622.0...Ave likelihood of: cpd00215_c is 0.2165435549203651...
Loop46 pFBA...29007.0...Ave likelihood of: cpd00104_c is 0.1609629014818812...
Loop47 pFBA...36590.0...Ave likelihood of: cpd00393_c is 0.1770600141218913...
Loop48 pFBA...6345.0...Ave likelihood of: cpd00363_c is 0.41653606647170077...
Loop49 pFBA...9999.0...Ave likelihood of: cpd00281_c is 8.676289420424061e-05...
Loop50 pFBA...4212.0...Ave likelihood of: cpd00025_c is 0.25166082093620273...
Loop51 pFBA...20948.0...Ave likelihood of: cpd00811_c is 0.20648920141303875...
Loop52 pFBA...6190.0...Ave likelihood of: cpd00117_c is 0.2309124621614747...
Loop53 pFBA...8232.0...Ave likelihood of: cpd00186_c is 0.12807930088551597...
Loop54 pFBA...22940.0...Ave likelihood of: cpd00637_c is 0.16368836420331115...
Loop55 pFBA...7171.0...Ave likelihood of: cpd00550_c is 0.20001204330015837...
Loop56 pFBA...4747.0...Ave likelihood of: cpd00033_c is 0.17940325930850742...
Loop57 pFBA...6028.0...Ave likelihood of: cpd00035_c is 0.2240658855095626...
Loop58 pFBA...19581.0...Ave likelihood of: cpd00051_c is 0.20852326493540324...
Loop59 pFBA...8881.0...Ave likelihood of: cpd00132_c is 0.12867710073641106...
Loop60 pFBA...6002.0...Ave likelihood of: cpd00041_c is 0.05640700337281123...
Loop61 pFBA...14476.0...Ave likelihood of: cpd00084_c is 0.17427738548338417...
Loop62 pFBA...7999.0...Ave likelihood of: cpd00023_c is 0.00012146805188593685...
Loop63 pFBA...10583.0...Ave likelihood of: cpd00053_c is 0.1283245075559164...
Loop64 pFBA...22792.0...Ave likelihood of: cpd00119_c is 0.09013696537365376...
Loop65 pFBA...17868.0...Ave likelihood of: cpd00322_c is 0.177948283750562...
Loop66 pFBA...14892.0...Ave likelihood of: cpd00107_c is 0.20117923062466847...
Loop67 pFBA...17805.0...Ave likelihood of: cpd00039_c is 0.31062207403240344...
Loop68 pFBA...21940.0...Ave likelihood of: cpd00060_c is 0.1656141096645266...
Loop69 pFBA...22031.0...Ave likelihood of: cpd00066_c is 0.1728681413833981...
Loop70 pFBA...12000.0...Ave likelihood of: cpd00129_c is 0.0...
Loop71 pFBA...6171.0...Ave likelihood of: cpd00054_c is 0.20001204330015837...
Loop72 pFBA...8472.0...Ave likelihood of: cpd00161_c is 0.2512577049989767...
Loop73 pFBA...30010.0...Ave likelihood of: cpd00065_c is 0.10270342056319463...
Loop74 pFBA...19619.0...Ave likelihood of: cpd00069_c is 0.20305271454752022...
Loop75 pFBA...8765.0...Ave likelihood of: cpd00156_c is 0.16425875124188455...
Loop76 pFBA...25293.0...Ave likelihood of: cpd00098_c is 0.11512289458700346...
Loop77 pFBA...16358.0...Ave likelihood of: cpd00274_c is 0.23498427502980562...
Loop78 pFBA...7076.0...Ave likelihood of: cpd00226_c is 0.2776202689979837...
Loop79 pFBA...5147.0...Ave likelihood of: cpd00246_c is 0.1800119133593837...
Loop80 pFBA...21940.0...Ave likelihood of: cpd00374_c is 0.20700372687486443...
Loop81 pFBA...4746.0...Ave likelihood of: cpd00221_c is 0.30647858313523446...
Loop82 pFBA...4516.0...Ave likelihood of: cpd00159_c is 0.28074966635907456...
Loop83 pFBA...10339.0...Ave likelihood of: cpd00211_c is 0.15701037858423839...
Loop84 pFBA...4246.0...Ave likelihood of: cpd00047_c is 0.38086250709662284...
Loop85 pFBA...5283.0...Ave likelihood of: cpd00106_c is 0.08805580105752675...
Loop86 pFBA...8192.0...Ave likelihood of: cpd00141_c is 0.18555764853431944...
Loop87 pFBA...20856.0...Ave likelihood of: cpd00216_c is 0.1920723897438351...
Loop88 pFBA...5064.0...Ave likelihood of: cpd00036_c is 0.04858760847366136...
Loop89 pFBA...22792.0...Ave likelihood of: cpd00581_c is 0.09686918142099543...
Loop90 pFBA...4994.0...Ave likelihood of: cpd00128_c is 0.0911178639517841...
Loop91 pFBA...6200.0...Ave likelihood of: cpd00018_c is 0.11622065348741639...
Loop92 pFBA...5545.0...Ave likelihood of: cpd00091_c is 0.143330845255362...
Loop93 pFBA...4055.0...Ave likelihood of: cpd00092_c is 0.24701374886125496...
Loop94 pFBA...63349.0...Ave likelihood of: cpd00305_c is 0.16585316873831912...
Loop95 pFBA...12633.0...Ave likelihood of: cpd00220_c is 0.17234740947520985...
Loop96 pFBA...14708.0...Ave likelihood of: cpd00218_c is 0.1410570818783665...
Loop97 pFBA...15214.0...Ave likelihood of: cpd00215_c is 0.19969341852654382...
Loop98 pFBA...29070.0...Ave likelihood of: cpd00104_c is 0.13915086319692666...
Loop99 pFBA...36590.0...Ave likelihood of: cpd00393_c is 0.17706001412189132...
Loop100 pFBA...7215.0...Ave likelihood of: cpd00363_c is 0.37446148888120157...
Loop101 pFBA...9999.0...Ave likelihood of: cpd00281_c is 8.676289420424061e-05...
Loop102 pFBA...4367.0...Ave likelihood of: cpd00025_c is 0.28309253984277166...
Loop103 pFBA...21948.0...Ave likelihood of: cpd00811_c is 0.15741662670315848...
Loop104 pFBA...6190.0...Ave likelihood of: cpd00117_c is 0.2309124621614747...
Loop105 pFBA...8232.0...Ave likelihood of: cpd00186_c is 0.12807930088551597...
Loop106 pFBA...22844.0...Ave likelihood of: cpd00637_c is 0.17960316780561586...
Loop107 pFBA...7120.0...Ave likelihood of: cpd00550_c is 0.25188627885141923...
Loop108 pFBA...4747.0...Ave likelihood of: cpd00033_c is 0.17940325930850742...
Loop109 pFBA...6028.0...Ave likelihood of: cpd00035_c is 0.2240658855095626...
Loop110 pFBA...19375.0...Ave likelihood of: cpd00051_c is 0.21715323772068595...
Loop111 pFBA...8881.0...Ave likelihood of: cpd00132_c is 0.12867710073641106...
Loop112 pFBA...6002.0...Ave likelihood of: cpd00041_c is 0.05640700337281123...
Loop113 pFBA...14473.0...Ave likelihood of: cpd00084_c is 0.19378632132991305...
Loop114 pFBA...7999.0...Ave likelihood of: cpd00023_c is 0.00012146805188593685...
Loop115 pFBA...10583.0...Ave likelihood of: cpd00053_c is 0.1283245075559164...
Loop116 pFBA...22792.0...Ave likelihood of: cpd00119_c is 0.09013696537365376...
Loop117 pFBA...17837.0...Ave likelihood of: cpd00322_c is 0.22952023279562608...
Loop118 pFBA...14892.0...Ave likelihood of: cpd00107_c is 0.20117923062466847...
Loop119 pFBA...17769.0...Ave likelihood of: cpd00039_c is 0.26246178722240526...
Loop120 pFBA...21844.0...Ave likelihood of: cpd00060_c is 0.1815987585590116...
Loop121 pFBA...21202.0...Ave likelihood of: cpd00066_c is 0.19304300032848978...
Loop122 pFBA...12000.0...Ave likelihood of: cpd00129_c is 0.0...
Loop123 pFBA...6120.0...Ave likelihood of: cpd00054_c is 0.25692400442844765...
Loop124 pFBA...8351.0...Ave likelihood of: cpd00161_c is 0.28481973816369943...
Loop125 pFBA...29999.0...Ave likelihood of: cpd00065_c is 0.13215213085791208...
Loop126 pFBA...19026.0...Ave likelihood of: cpd00069_c is 0.19360336012267235...
Loop127 pFBA...8765.0...Ave likelihood of: cpd00156_c is 0.16425875124188455...
Loop128 pFBA...24820.0...Ave likelihood of: cpd00098_c is 0.18189072662267033...
Loop129 pFBA...16356.0...Ave likelihood of: cpd00274_c is 0.2838597292455009...
Loop130 pFBA...7076.0...Ave likelihood of: cpd00226_c is 0.2776202689979837...
Loop131 pFBA...5086.0...Ave likelihood of: cpd00246_c is 0.26463517480019755...
Loop132 pFBA...20980.0...Ave likelihood of: cpd00374_c is 0.17675541485621543...
Loop133 pFBA...4533.0...Ave likelihood of: cpd00221_c is 0.31902507097510185...
Loop134 pFBA...4397.0...Ave likelihood of: cpd00159_c is 0.31218882954738314...
Loop135 pFBA...10220.0...Ave likelihood of: cpd00211_c is 0.29264058581099567...
Loop136 pFBA...4150.0...Ave likelihood of: cpd00047_c is 0.3488298943600066...
Loop137 pFBA...5283.0...Ave likelihood of: cpd00106_c is 0.08805580105752675...
Loop138 pFBA...8093.0...Ave likelihood of: cpd00141_c is 0.24069208369484713...
Loop139 pFBA...20535.0...Ave likelihood of: cpd00216_c is 0.18605290919394782...
Loop140 pFBA...5064.0...Ave likelihood of: cpd00036_c is 0.04858760847366136...
Loop141 pFBA...22792.0...Ave likelihood of: cpd00581_c is 0.09686918142099543...
Loop142 pFBA...4994.0...Ave likelihood of: cpd00128_c is 0.0911178639517841...
Loop143 pFBA...6200.0...Ave likelihood of: cpd00018_c is 0.11622065348741639...
Loop144 pFBA...5545.0...Ave likelihood of: cpd00091_c is 0.143330845255362...
Loop145 pFBA...4055.0...Ave likelihood of: cpd00092_c is 0.24701374886125496...
Loop146 pFBA...63188.0...Ave likelihood of: cpd00305_c is 0.1653840074234558...
Loop147 pFBA...12633.0...Ave likelihood of: cpd00220_c is 0.17234740947520985...
Loop148 pFBA...14708.0...Ave likelihood of: cpd00218_c is 0.13885306497401698...
Loop149 pFBA...14505.0...Ave likelihood of: cpd00215_c is 0.21859033315528578...
Loop150 pFBA...29011.0...Ave likelihood of: cpd00104_c is 0.14004225095387032...
Loop151 pFBA...36590.0...Ave likelihood of: cpd00393_c is 0.17706001412189132...
Loop152 pFBA...6561.0...Ave likelihood of: cpd00363_c is 0.3619856635968056...
Loop153 pFBA...9999.0...Ave likelihood of: cpd00281_c is 8.676289420424061e-05...
Loop154 pFBA...4207.0...Ave likelihood of: cpd00025_c is 0.2503078473396464...
Loop155 pFBA...20828.0...Ave likelihood of: cpd00811_c is 0.20930586383996222...
31.2327067018mins to complete!
