
The following have been reloaded with a version change:
  1) anaconda2/4.4.0 => anaconda2/5.1.0

Loading in models...Adding Water...Remove no-like rxns...Pruned 1 metabolites from model
Pruned 1 reactions from model
Set-up Universal...60.0seconds to complete

Loop0 pFBA...5364.0...Ave likelihood of: cpd00117_c is 0.39481998070051033...
Loop1 pFBA...7602.0...Ave likelihood of: cpd00186_c is 0.233006946816239...
Loop2 pFBA...22372.0...Ave likelihood of: cpd00637_c is 0.18537193982409272...
Loop3 pFBA...6412.0...Ave likelihood of: cpd00550_c is 0.33533821387315527...
Loop4 pFBA...4200.0...Ave likelihood of: cpd00033_c is 0.22738499114127123...
Loop5 pFBA...5237.0...Ave likelihood of: cpd00035_c is 0.39481998070051033...
Loop6 pFBA...18187.0...Ave likelihood of: cpd00051_c is 0.32124502280838363...
Loop7 pFBA...7989.0...Ave likelihood of: cpd00132_c is 0.1739381268678257...
Loop8 pFBA...5509.0...Ave likelihood of: cpd00041_c is 0.13395595672430993...
Loop9 pFBA...13605.0...Ave likelihood of: cpd00084_c is 0.34323580872924614...
Loop10 pFBA...7345.0...Ave likelihood of: cpd00023_c is 0.13095633410769106...
Loop11 pFBA...9675.0...Ave likelihood of: cpd00053_c is 0.1716553208786543...
Loop12 pFBA...21728.0...Ave likelihood of: cpd00119_c is 0.12644817585027973...
Loop13 pFBA...17445.0...Ave likelihood of: cpd00322_c is 0.12580619312133556...
Loop14 pFBA...14904.0...Ave likelihood of: cpd00107_c is 0.22321176992762287...
Loop15 pFBA...20947.0...Ave likelihood of: cpd00039_c is 0.19328829516602364...
Loop16 pFBA...21372.0...Ave likelihood of: cpd00060_c is 0.18798281221598134...
Loop17 pFBA...20682.0...Ave likelihood of: cpd00066_c is 0.2497702349841737...
Loop18 pFBA...10611.0...Ave likelihood of: cpd00129_c is 0.1543300172571612...
Loop19 pFBA...5412.0...Ave likelihood of: cpd00054_c is 0.34218185089097475...
Loop20 pFBA...7799.0...Ave likelihood of: cpd00161_c is 0.3615136349282614...
Loop21 pFBA...29289.0...Ave likelihood of: cpd00065_c is 0.20828574144272244...
Loop22 pFBA...18517.0...Ave likelihood of: cpd00069_c is 0.26888207939026265...
Loop23 pFBA...8729.0...Ave likelihood of: cpd00156_c is 0.21642818172982253...
Loop24 pFBA...23755.0...Ave likelihood of: cpd00098_c is 0.21630634258005227...
Loop25 pFBA...14980.0...Ave likelihood of: cpd00274_c is 0.37422547774249804...
Loop26 pFBA...6121.0...Ave likelihood of: cpd00226_c is 0.38051545425145317...
Loop27 pFBA...4520.0...Ave likelihood of: cpd00246_c is 0.36988071920761606...
Loop28 pFBA...20334.0...Ave likelihood of: cpd00374_c is 0.24478876472091982...
Loop29 pFBA...4236.0...Ave likelihood of: cpd00221_c is 0.4045127199833355...
Loop30 pFBA...4053.0...Ave likelihood of: cpd00159_c is 0.40162040632325896...
Loop31 pFBA...10114.0...Ave likelihood of: cpd00211_c is 0.2343793657767155...
Loop32 pFBA...4070.0...Ave likelihood of: cpd00047_c is 0.33943936711390066...
Loop33 pFBA...5238.0...Ave likelihood of: cpd00106_c is 0.13899477059514861...
Loop34 pFBA...7733.0...Ave likelihood of: cpd00141_c is 0.27806304186903347...
Loop35 pFBA...19788.0...Ave likelihood of: cpd00216_c is 0.24175283007527792...
Loop36 pFBA...5009.0...Ave likelihood of: cpd00036_c is 0.08030623954048359...
Loop37 pFBA...22365.0...Ave likelihood of: cpd00581_c is 0.1311314416225123...
Loop38 pFBA...4435.0...Ave likelihood of: cpd00128_c is 0.22653179971876414...
Loop39 pFBA...5978.0...Ave likelihood of: cpd00018_c is 0.3204663208912084...
Loop40 pFBA...5166.0...Ave likelihood of: cpd00091_c is 0.41365936729407227...
Loop41 pFBA...3563.0...Ave likelihood of: cpd00092_c is 0.3759187082706914...
Loop42 pFBA...62596.0...Ave likelihood of: cpd00305_c is 0.18857152576073538...
Loop43 pFBA...12583.0...Ave likelihood of: cpd00220_c is 0.33245727914956547...
Loop44 pFBA...14526.0...Ave likelihood of: cpd00218_c is 0.19843072957415664...
Loop45 pFBA...14369.0...Ave likelihood of: cpd00215_c is 0.3293891681523488...
Loop46 pFBA...28438.0...Ave likelihood of: cpd00104_c is 0.2092019360840228...
Loop47 pFBA...36424.0...Ave likelihood of: cpd00393_c is 0.1699271945137837...
Loop48 pFBA...5678.0...Ave likelihood of: cpd00363_c is 0.43830218740970156...
Loop49 pFBA...9190.0...Ave likelihood of: cpd00281_c is 0.11572191390269658...
Loop50 pFBA...4074.0...Ave likelihood of: cpd00025_c is 0.2577548902990147...
Loop51 pFBA...19990.0...Ave likelihood of: cpd00811_c is 0.2428046273821549...
Loop52 pFBA...5364.0...Ave likelihood of: cpd00117_c is 0.39481998070051033...
Loop53 pFBA...7602.0...Ave likelihood of: cpd00186_c is 0.233006946816239...
Loop54 pFBA...22545.0...Ave likelihood of: cpd00637_c is 0.11221847598723567...
Loop55 pFBA...6425.0...Ave likelihood of: cpd00550_c is 0.38030887476184444...
Loop56 pFBA...4200.0...Ave likelihood of: cpd00033_c is 0.22738499114127123...
Loop57 pFBA...5237.0...Ave likelihood of: cpd00035_c is 0.39481998070051033...
Loop58 pFBA...18551.0...Ave likelihood of: cpd00051_c is 0.30777499152955357...
Loop59 pFBA...7989.0...Ave likelihood of: cpd00132_c is 0.17393812686782573...
Loop60 pFBA...5509.0...Ave likelihood of: cpd00041_c is 0.13395595672430993...
Loop61 pFBA...13697.0...Ave likelihood of: cpd00084_c is 0.2691026562413439...
Loop62 pFBA...7345.0...Ave likelihood of: cpd00023_c is 0.13095633410769106...
Loop63 pFBA...9675.0...Ave likelihood of: cpd00053_c is 0.17167627524197152...
Loop64 pFBA...21728.0...Ave likelihood of: cpd00119_c is 0.12644817585027973...
Loop65 pFBA...17445.0...Ave likelihood of: cpd00322_c is 0.12580619312133556...
Loop66 pFBA...14905.0...Ave likelihood of: cpd00107_c is 0.19249974226176694...
Loop67 pFBA...21320.0...Ave likelihood of: cpd00039_c is 0.20204279630926114...
Loop68 pFBA...21545.0...Ave likelihood of: cpd00060_c is 0.11386874769293032...
Loop69 pFBA...21397.0...Ave likelihood of: cpd00066_c is 0.28391088684649496...
Loop70 pFBA...10611.0...Ave likelihood of: cpd00129_c is 0.13889701553144507...
Loop71 pFBA...5425.0...Ave likelihood of: cpd00054_c is 0.4056627997459674...
Loop72 pFBA...7973.0...Ave likelihood of: cpd00161_c is 0.24199812415639846...
Loop73 pFBA...29297.0...Ave likelihood of: cpd00065_c is 0.1684779298835341...
Loop74 pFBA...19003.0...Ave likelihood of: cpd00069_c is 0.2831348855595828...
Loop75 pFBA...8729.0...Ave likelihood of: cpd00156_c is 0.21642818172982253...
Loop76 pFBA...24337.0...Ave likelihood of: cpd00098_c is 0.23771826213806424...
Loop77 pFBA...15262.0...Ave likelihood of: cpd00274_c is 0.21304616048006728...
Loop78 pFBA...6121.0...Ave likelihood of: cpd00226_c is 0.38051545425145317...
Loop79 pFBA...4821.0...Ave likelihood of: cpd00246_c is 0.35811788356940744...
Loop80 pFBA...21111.0...Ave likelihood of: cpd00374_c is 0.2695562584328015...
Loop81 pFBA...4297.0...Ave likelihood of: cpd00221_c is 0.31941944922306326...
Loop82 pFBA...4134.0...Ave likelihood of: cpd00159_c is 0.3147199116068129...
Loop83 pFBA...10159.0...Ave likelihood of: cpd00211_c is 0.13470486531535847...
Loop84 pFBA...4130.0...Ave likelihood of: cpd00047_c is 0.41276742962390545...
Loop85 pFBA...5238.0...Ave likelihood of: cpd00106_c is 0.1642038124763507...
Loop86 pFBA...7794.0...Ave likelihood of: cpd00141_c is 0.19491603826969195...
Loop87 pFBA...20461.0...Ave likelihood of: cpd00216_c is 0.22380726209766158...
Loop88 pFBA...5009.0...Ave likelihood of: cpd00036_c is 0.08030623954048359...
Loop89 pFBA...22365.0...Ave likelihood of: cpd00581_c is 0.1311314416225123...
Loop90 pFBA...4435.0...Ave likelihood of: cpd00128_c is 0.22653179971876414...
Loop91 pFBA...5978.0...Ave likelihood of: cpd00018_c is 0.3204663208912084...
Loop92 pFBA...5166.0...Ave likelihood of: cpd00091_c is 0.41365936729407227...
Loop93 pFBA...3563.0...Ave likelihood of: cpd00092_c is 0.3759187082706914...
Loop94 pFBA...62663.0...Ave likelihood of: cpd00305_c is 0.17273338325074972...
Loop95 pFBA...12630.0...Ave likelihood of: cpd00220_c is 0.22233886227265137...
Loop96 pFBA...14798.0...Ave likelihood of: cpd00218_c is 0.1805735219465397...
Loop97 pFBA...14737.0...Ave likelihood of: cpd00215_c is 0.3315165853044674...
Loop98 pFBA...28516.0...Ave likelihood of: cpd00104_c is 0.16199123378106145...
Loop99 pFBA...36424.0...Ave likelihood of: cpd00393_c is 0.1699271945137837...
Loop100 pFBA...6165.0...Ave likelihood of: cpd00363_c is 0.47455834667179936...
Loop101 pFBA...9190.0...Ave likelihood of: cpd00281_c is 0.11572191390269658...
Loop102 pFBA...4227.0...Ave likelihood of: cpd00025_c is 0.3730209128872935...
Loop103 pFBA...20987.0...Ave likelihood of: cpd00811_c is 0.263816642035998...
Loop104 pFBA...5364.0...Ave likelihood of: cpd00117_c is 0.39481998070051033...
Loop105 pFBA...7602.0...Ave likelihood of: cpd00186_c is 0.233006946816239...
Loop106 pFBA...22529.0...Ave likelihood of: cpd00637_c is 0.14140719209900884...
Loop107 pFBA...6416.0...Ave likelihood of: cpd00550_c is 0.29793942012899655...
Loop108 pFBA...4200.0...Ave likelihood of: cpd00033_c is 0.22738499114127123...
Loop109 pFBA...5237.0...Ave likelihood of: cpd00035_c is 0.39481998070051033...
Loop110 pFBA...18270.0...Ave likelihood of: cpd00051_c is 0.2874748033573372...
Loop111 pFBA...7989.0...Ave likelihood of: cpd00132_c is 0.1739381268678257...
Loop112 pFBA...5509.0...Ave likelihood of: cpd00041_c is 0.13395595672430993...
Loop113 pFBA...13619.0...Ave likelihood of: cpd00084_c is 0.31039991770373093...
Loop114 pFBA...7345.0...Ave likelihood of: cpd00023_c is 0.13095633410769106...
Loop115 pFBA...9675.0...Ave likelihood of: cpd00053_c is 0.1716553208786543...
Loop116 pFBA...21728.0...Ave likelihood of: cpd00119_c is 0.12644817585027973...
Loop117 pFBA...17445.0...Ave likelihood of: cpd00322_c is 0.12580619312133556...
Loop118 pFBA...14905.0...Ave likelihood of: cpd00107_c is 0.19249974226176694...
Loop119 pFBA...20918.0...Ave likelihood of: cpd00039_c is 0.16697893120664584...
Loop120 pFBA...21529.0...Ave likelihood of: cpd00060_c is 0.14465793214726191...
Loop121 pFBA...20799.0...Ave likelihood of: cpd00066_c is 0.2680654881090067...
Loop122 pFBA...10611.0...Ave likelihood of: cpd00129_c is 0.13889701553144507...
Loop123 pFBA...5416.0...Ave likelihood of: cpd00054_c is 0.3044163640448443...
Loop124 pFBA...7854.0...Ave likelihood of: cpd00161_c is 0.32850637297840707...
Loop125 pFBA...29297.0...Ave likelihood of: cpd00065_c is 0.1684779298835341...
Loop126 pFBA...18592.0...Ave likelihood of: cpd00069_c is 0.2565701357971352...
Loop127 pFBA...8729.0...Ave likelihood of: cpd00156_c is 0.21642818172982253...
Loop128 pFBA...23958.0...Ave likelihood of: cpd00098_c is 0.18771428671295562...
Loop129 pFBA...15005.0...Ave likelihood of: cpd00274_c is 0.3371033238018761...
Loop130 pFBA...6121.0...Ave likelihood of: cpd00226_c is 0.38051545425145317...
Loop131 pFBA...4605.0...Ave likelihood of: cpd00246_c is 0.38770236389432045...
Loop132 pFBA...20504.0...Ave likelihood of: cpd00374_c is 0.27408070108491717...
Loop133 pFBA...4276.0...Ave likelihood of: cpd00221_c is 0.33803610082034485...
Loop134 pFBA...4093.0...Ave likelihood of: cpd00159_c is 0.3335466294801936...
Loop135 pFBA...10130.0...Ave likelihood of: cpd00211_c is 0.2485810955494329...
Loop136 pFBA...4089.0...Ave likelihood of: cpd00047_c is 0.32071741860067365...
Loop137 pFBA...5238.0...Ave likelihood of: cpd00106_c is 0.13899477059514861...
Loop138 pFBA...7781.0...Ave likelihood of: cpd00141_c is 0.31731785091797765...
Loop139 pFBA...19970.0...Ave likelihood of: cpd00216_c is 0.2221894827147531...
Loop140 pFBA...5009.0...Ave likelihood of: cpd00036_c is 0.08030623954048359...
Loop141 pFBA...22365.0...Ave likelihood of: cpd00581_c is 0.1311314416225123...
Loop142 pFBA...4435.0...Ave likelihood of: cpd00128_c is 0.22653179971876414...
Loop143 pFBA...5978.0...Ave likelihood of: cpd00018_c is 0.3204663208912084...
Loop144 pFBA...5166.0...Ave likelihood of: cpd00091_c is 0.41365936729407227...
Loop145 pFBA...3563.0...Ave likelihood of: cpd00092_c is 0.3759187082706914...
Loop146 pFBA...62582.0...Ave likelihood of: cpd00305_c is 0.17571279429876832...
Loop147 pFBA...12627.0...Ave likelihood of: cpd00220_c is 0.26709869641565265...
Loop148 pFBA...14709.0...Ave likelihood of: cpd00218_c is 0.18617717626389496...
Loop149 pFBA...14420.0...Ave likelihood of: cpd00215_c is 0.27467112015063444...
Loop150 pFBA...28428.0...Ave likelihood of: cpd00104_c is 0.18805538825537155...
Loop151 pFBA...36416.0...Ave likelihood of: cpd00393_c is 0.15402701044205008...
Loop152 pFBA...5744.0...Ave likelihood of: cpd00363_c is 0.45533512648386404...
Loop153 pFBA...9190.0...Ave likelihood of: cpd00281_c is 0.11572191390269658...
Loop154 pFBA...4142.0...Ave likelihood of: cpd00025_c is 0.33484567822392447...
Loop155 pFBA...20257.0...Ave likelihood of: cpd00811_c is 0.2047639697302567...
31.2483713508mins to complete!
