
The following have been reloaded with a version change:
  1) anaconda2/4.4.0 => anaconda2/5.1.0

Loading in models...Adding Water...Remove no-like rxns...Pruned 1 metabolites from model
Pruned 1 reactions from model
Set-up Universal...62.0seconds to complete

Loop0 pFBA...5364.0...Ave likelihood of: cpd00117_c is 0.3947932562381647...
Loop1 pFBA...7600.0...Ave likelihood of: cpd00186_c is 0.23341213605489583...
Loop2 pFBA...22459.0...Ave likelihood of: cpd00637_c is 0.17076214941001056...
Loop3 pFBA...6386.0...Ave likelihood of: cpd00550_c is 0.29526625511981175...
Loop4 pFBA...4200.0...Ave likelihood of: cpd00033_c is 0.22610965447858078...
Loop5 pFBA...5237.0...Ave likelihood of: cpd00035_c is 0.3947932562381647...
Loop6 pFBA...18177.0...Ave likelihood of: cpd00051_c is 0.30286558418510007...
Loop7 pFBA...7989.0...Ave likelihood of: cpd00132_c is 0.17390008953457836...
Loop8 pFBA...5509.0...Ave likelihood of: cpd00041_c is 0.13393849592583218...
Loop9 pFBA...13512.0...Ave likelihood of: cpd00084_c is 0.32294840532830466...
Loop10 pFBA...7344.0...Ave likelihood of: cpd00023_c is 0.13110239191113676...
Loop11 pFBA...9677.0...Ave likelihood of: cpd00053_c is 0.16545554687581687...
Loop12 pFBA...21717.0...Ave likelihood of: cpd00119_c is 0.1257109813686103...
Loop13 pFBA...17438.0...Ave likelihood of: cpd00322_c is 0.12624632515298073...
Loop14 pFBA...14904.0...Ave likelihood of: cpd00107_c is 0.192518271621584...
Loop15 pFBA...20697.0...Ave likelihood of: cpd00039_c is 0.17017448049591724...
Loop16 pFBA...21459.0...Ave likelihood of: cpd00060_c is 0.17300901979698438...
Loop17 pFBA...20677.0...Ave likelihood of: cpd00066_c is 0.24994110113546325...
Loop18 pFBA...10610.0...Ave likelihood of: cpd00129_c is 0.15441935952666047...
Loop19 pFBA...5386.0...Ave likelihood of: cpd00054_c is 0.30324206020764266...
Loop20 pFBA...7856.0...Ave likelihood of: cpd00161_c is 0.3451911043252677...
Loop21 pFBA...29297.0...Ave likelihood of: cpd00065_c is 0.16844625063062757...
Loop22 pFBA...18541.0...Ave likelihood of: cpd00069_c is 0.25371458574674777...
Loop23 pFBA...8729.0...Ave likelihood of: cpd00156_c is 0.2165501706905684...
Loop24 pFBA...23894.0...Ave likelihood of: cpd00098_c is 0.2148719169723617...
Loop25 pFBA...14860.0...Ave likelihood of: cpd00274_c is 0.35069971242196923...
Loop26 pFBA...6120.0...Ave likelihood of: cpd00226_c is 0.38094378831027886...
Loop27 pFBA...4567.0...Ave likelihood of: cpd00246_c is 0.3306517540237495...
Loop28 pFBA...20385.0...Ave likelihood of: cpd00374_c is 0.23351186731079154...
Loop29 pFBA...4159.0...Ave likelihood of: cpd00221_c is 0.3379514954715205...
Loop30 pFBA...3976.0...Ave likelihood of: cpd00159_c is 0.44045557412772984...
Loop31 pFBA...10129.0...Ave likelihood of: cpd00211_c is 0.22808626777228433...
Loop32 pFBA...4067.0...Ave likelihood of: cpd00047_c is 0.34010295038967264...
Loop33 pFBA...5238.0...Ave likelihood of: cpd00106_c is 0.16413258299644715...
Loop34 pFBA...7655.0...Ave likelihood of: cpd00141_c is 0.3327503568107807...
Loop35 pFBA...19635.0...Ave likelihood of: cpd00216_c is 0.2725756472917285...
Loop36 pFBA...5009.0...Ave likelihood of: cpd00036_c is 0.0803301232847555...
Loop37 pFBA...22353.0...Ave likelihood of: cpd00581_c is 0.13036694364152182...
Loop38 pFBA...4435.0...Ave likelihood of: cpd00128_c is 0.22653074827900416...
Loop39 pFBA...6000.0...Ave likelihood of: cpd00018_c is 0.315702622421628...
Loop40 pFBA...5189.0...Ave likelihood of: cpd00091_c is 0.4091599354040418...
Loop41 pFBA...3563.0...Ave likelihood of: cpd00092_c is 0.376436841313718...
Loop42 pFBA...62583.0...Ave likelihood of: cpd00305_c is 0.17836287623116678...
Loop43 pFBA...13800.0...Ave likelihood of: cpd00220_c is 0.17614597715361285...
Loop44 pFBA...14673.0...Ave likelihood of: cpd00218_c is 0.1677902762221134...
Loop45 pFBA...14447.0...Ave likelihood of: cpd00215_c is 0.271854005200743...
Loop46 pFBA...28435.0...Ave likelihood of: cpd00104_c is 0.1818574651322419...
Loop47 pFBA...36412.0...Ave likelihood of: cpd00393_c is 0.1535181388154061...
Loop48 pFBA...6025.0...Ave likelihood of: cpd00363_c is 0.48291534547373915...
Loop49 pFBA...9189.0...Ave likelihood of: cpd00281_c is 0.11588296650277316...
Loop50 pFBA...4106.0...Ave likelihood of: cpd00025_c is 0.2649175427873059...
Loop51 pFBA...20145.0...Ave likelihood of: cpd00811_c is 0.26965241060302647...
Loop52 pFBA...5364.0...Ave likelihood of: cpd00117_c is 0.3947932562381647...
Loop53 pFBA...7600.0...Ave likelihood of: cpd00186_c is 0.23341213605489583...
Loop54 pFBA...22536.0...Ave likelihood of: cpd00637_c is 0.11248666198388882...
Loop55 pFBA...6425.0...Ave likelihood of: cpd00550_c is 0.38023100640695906...
Loop56 pFBA...4200.0...Ave likelihood of: cpd00033_c is 0.22610965447858078...
Loop57 pFBA...5237.0...Ave likelihood of: cpd00035_c is 0.3947932562381647...
Loop58 pFBA...18620.0...Ave likelihood of: cpd00051_c is 0.29873034664740944...
Loop59 pFBA...7989.0...Ave likelihood of: cpd00132_c is 0.17390008953457836...
Loop60 pFBA...5509.0...Ave likelihood of: cpd00041_c is 0.13393849592583218...
Loop61 pFBA...13700.0...Ave likelihood of: cpd00084_c is 0.26871534847486944...
Loop62 pFBA...7344.0...Ave likelihood of: cpd00023_c is 0.13110239191113676...
Loop63 pFBA...9677.0...Ave likelihood of: cpd00053_c is 0.1654356883783434...
Loop64 pFBA...21717.0...Ave likelihood of: cpd00119_c is 0.1257109813686103...
Loop65 pFBA...17438.0...Ave likelihood of: cpd00322_c is 0.12624632515298073...
Loop66 pFBA...14904.0...Ave likelihood of: cpd00107_c is 0.192518271621584...
Loop67 pFBA...21235.0...Ave likelihood of: cpd00039_c is 0.2029747225351404...
Loop68 pFBA...21536.0...Ave likelihood of: cpd00060_c is 0.11414087760129897...
Loop69 pFBA...21434.0...Ave likelihood of: cpd00066_c is 0.24869061224771563...
Loop70 pFBA...10610.0...Ave likelihood of: cpd00129_c is 0.13897742357399442...
Loop71 pFBA...5425.0...Ave likelihood of: cpd00054_c is 0.40557974016742304...
Loop72 pFBA...7972.0...Ave likelihood of: cpd00161_c is 0.24199142701295157...
Loop73 pFBA...29297.0...Ave likelihood of: cpd00065_c is 0.16844625063062757...
Loop74 pFBA...19043.0...Ave likelihood of: cpd00069_c is 0.2789254920604353...
Loop75 pFBA...8729.0...Ave likelihood of: cpd00156_c is 0.2165501706905684...
Loop76 pFBA...24338.0...Ave likelihood of: cpd00098_c is 0.18260431774335756...
Loop77 pFBA...15264.0...Ave likelihood of: cpd00274_c is 0.1942922746508712...
Loop78 pFBA...6120.0...Ave likelihood of: cpd00226_c is 0.38094378831027886...
Loop79 pFBA...4855.0...Ave likelihood of: cpd00246_c is 0.28963847201779064...
Loop80 pFBA...21238.0...Ave likelihood of: cpd00374_c is 0.25541037332047367...
Loop81 pFBA...4296.0...Ave likelihood of: cpd00221_c is 0.2964745414301849...
Loop82 pFBA...4134.0...Ave likelihood of: cpd00159_c is 0.31469649518860215...
Loop83 pFBA...10156.0...Ave likelihood of: cpd00211_c is 0.13454795660871838...
Loop84 pFBA...4130.0...Ave likelihood of: cpd00047_c is 0.396221698577812...
Loop85 pFBA...5238.0...Ave likelihood of: cpd00106_c is 0.1389539023482912...
Loop86 pFBA...7794.0...Ave likelihood of: cpd00141_c is 0.19489868022694473...
Loop87 pFBA...20308.0...Ave likelihood of: cpd00216_c is 0.23332062348388272...
Loop88 pFBA...5009.0...Ave likelihood of: cpd00036_c is 0.0803301232847555...
Loop89 pFBA...22353.0...Ave likelihood of: cpd00581_c is 0.13036694364152182...
Loop90 pFBA...4435.0...Ave likelihood of: cpd00128_c is 0.22653074827900416...
Loop91 pFBA...6000.0...Ave likelihood of: cpd00018_c is 0.315702622421628...
Loop92 pFBA...5189.0...Ave likelihood of: cpd00091_c is 0.4091599354040418...
Loop93 pFBA...3563.0...Ave likelihood of: cpd00092_c is 0.376436841313718...
Loop94 pFBA...62657.0...Ave likelihood of: cpd00305_c is 0.17561625859064645...
Loop95 pFBA...13800.0...Ave likelihood of: cpd00220_c is 0.17614597715361285...
Loop96 pFBA...14831.0...Ave likelihood of: cpd00218_c is 0.17514298407462844...
Loop97 pFBA...14740.0...Ave likelihood of: cpd00215_c is 0.26058260882730383...
Loop98 pFBA...28515.0...Ave likelihood of: cpd00104_c is 0.1660018925391341...
Loop99 pFBA...36418.0...Ave likelihood of: cpd00393_c is 0.1699878874284891...
Loop100 pFBA...6460.0...Ave likelihood of: cpd00363_c is 0.4502197174083031...
Loop101 pFBA...9189.0...Ave likelihood of: cpd00281_c is 0.11588296650277316...
Loop102 pFBA...4245.0...Ave likelihood of: cpd00025_c is 0.3556059168126753...
Loop103 pFBA...21162.0...Ave likelihood of: cpd00811_c is 0.2598489307194671...
Loop104 pFBA...5364.0...Ave likelihood of: cpd00117_c is 0.3947932562381647...
Loop105 pFBA...7600.0...Ave likelihood of: cpd00186_c is 0.23341213605489583...
Loop106 pFBA...22520.0...Ave likelihood of: cpd00637_c is 0.14331125673981068...
Loop107 pFBA...6415.0...Ave likelihood of: cpd00550_c is 0.29819636404050115...
Loop108 pFBA...4200.0...Ave likelihood of: cpd00033_c is 0.22610965447858078...
Loop109 pFBA...5237.0...Ave likelihood of: cpd00035_c is 0.3947932562381647...
Loop110 pFBA...18266.0...Ave likelihood of: cpd00051_c is 0.2876993362344378...
Loop111 pFBA...7989.0...Ave likelihood of: cpd00132_c is 0.17390008953457836...
Loop112 pFBA...5509.0...Ave likelihood of: cpd00041_c is 0.13393849592583218...
Loop113 pFBA...13621.0...Ave likelihood of: cpd00084_c is 0.3102351066037613...
Loop114 pFBA...7344.0...Ave likelihood of: cpd00023_c is 0.13110239191113676...
Loop115 pFBA...9677.0...Ave likelihood of: cpd00053_c is 0.16545554687581687...
Loop116 pFBA...21717.0...Ave likelihood of: cpd00119_c is 0.1257109813686103...
Loop117 pFBA...17438.0...Ave likelihood of: cpd00322_c is 0.12624632515298073...
Loop118 pFBA...14904.0...Ave likelihood of: cpd00107_c is 0.192518271621584...
Loop119 pFBA...20824.0...Ave likelihood of: cpd00039_c is 0.16920009457699278...
Loop120 pFBA...21520.0...Ave likelihood of: cpd00060_c is 0.1466440766639923...
Loop121 pFBA...20789.0...Ave likelihood of: cpd00066_c is 0.26836442475351535...
Loop122 pFBA...10610.0...Ave likelihood of: cpd00129_c is 0.15441935952666047...
Loop123 pFBA...5415.0...Ave likelihood of: cpd00054_c is 0.30467889369355555...
Loop124 pFBA...7852.0...Ave likelihood of: cpd00161_c is 0.32874734086769786...
Loop125 pFBA...29297.0...Ave likelihood of: cpd00065_c is 0.16844625063062757...
Loop126 pFBA...18584.0...Ave likelihood of: cpd00069_c is 0.25682326332999583...
Loop127 pFBA...8729.0...Ave likelihood of: cpd00156_c is 0.2165501706905684...
Loop128 pFBA...23957.0...Ave likelihood of: cpd00098_c is 0.19776580508507866...
Loop129 pFBA...14997.0...Ave likelihood of: cpd00274_c is 0.3374758837894273...
Loop130 pFBA...6120.0...Ave likelihood of: cpd00226_c is 0.38094378831027886...
Loop131 pFBA...4603.0...Ave likelihood of: cpd00246_c is 0.38834955176279323...
Loop132 pFBA...20495.0...Ave likelihood of: cpd00374_c is 0.27439180897073057...
Loop133 pFBA...4275.0...Ave likelihood of: cpd00221_c is 0.3384222123195123...
Loop134 pFBA...4093.0...Ave likelihood of: cpd00159_c is 0.3338714020741632...
Loop135 pFBA...10126.0...Ave likelihood of: cpd00211_c is 0.24895202866493332...
Loop136 pFBA...4108.0...Ave likelihood of: cpd00047_c is 0.23998214514737184...
Loop137 pFBA...5238.0...Ave likelihood of: cpd00106_c is 0.16413258299644715...
Loop138 pFBA...7781.0...Ave likelihood of: cpd00141_c is 0.31766602584572406...
Loop139 pFBA...19849.0...Ave likelihood of: cpd00216_c is 0.2601883980309078...
Loop140 pFBA...5009.0...Ave likelihood of: cpd00036_c is 0.0803301232847555...
Loop141 pFBA...22353.0...Ave likelihood of: cpd00581_c is 0.13036694364152182...
Loop142 pFBA...4435.0...Ave likelihood of: cpd00128_c is 0.22653074827900416...
Loop143 pFBA...6000.0...Ave likelihood of: cpd00018_c is 0.315702622421628...
Loop144 pFBA...5189.0...Ave likelihood of: cpd00091_c is 0.4091599354040418...
Loop145 pFBA...3563.0...Ave likelihood of: cpd00092_c is 0.376436841313718...
Loop146 pFBA...62576.0...Ave likelihood of: cpd00305_c is 0.1745252196067558...
Loop147 pFBA...13794.0...Ave likelihood of: cpd00220_c is 0.2383578942662437...
Loop148 pFBA...14772.0...Ave likelihood of: cpd00218_c is 0.17928485011445883...
Loop149 pFBA...14430.0...Ave likelihood of: cpd00215_c is 0.2731697275525481...
Loop150 pFBA...28418.0...Ave likelihood of: cpd00104_c is 0.19473137387383038...
Loop151 pFBA...36409.0...Ave likelihood of: cpd00393_c is 0.15437440256816812...
Loop152 pFBA...6031.0...Ave likelihood of: cpd00363_c is 0.44602571015050707...
Loop153 pFBA...9189.0...Ave likelihood of: cpd00281_c is 0.11588296650277316...
Loop154 pFBA...4141.0...Ave likelihood of: cpd00025_c is 0.32828295605349656...
Loop155 pFBA...20252.0...Ave likelihood of: cpd00811_c is 0.2105514521477585...
32.5333404024mins to complete!
