
The following have been reloaded with a version change:
  1) anaconda2/4.4.0 => anaconda2/5.1.0

Loading in models...Adding Water...Remove no-like rxns...Pruned 1 metabolites from model
Pruned 1 reactions from model
Set-up Universal...61.0seconds to complete

Loop0 pFBA...5558.0...Ave likelihood of: cpd00117_c is 0.4737621793290093...
Loop1 pFBA...6841.0...Ave likelihood of: cpd00186_c is 0.3598264890004305...
Loop2 pFBA...21378.0...Ave likelihood of: cpd00637_c is 0.27848167008930874...
Loop3 pFBA...6419.0...Ave likelihood of: cpd00550_c is 0.34773795918086764...
Loop4 pFBA...4054.0...Ave likelihood of: cpd00033_c is 0.2559798030678386...
Loop5 pFBA...5436.0...Ave likelihood of: cpd00035_c is 0.4737621793290093...
Loop6 pFBA...18093.0...Ave likelihood of: cpd00051_c is 0.31151541624769297...
Loop7 pFBA...7915.0...Ave likelihood of: cpd00132_c is 0.24976609372740047...
Loop8 pFBA...5183.0...Ave likelihood of: cpd00041_c is 0.22289308980207456...
Loop9 pFBA...13619.0...Ave likelihood of: cpd00084_c is 0.2771310258456616...
Loop10 pFBA...6592.0...Ave likelihood of: cpd00023_c is 0.2815499644890659...
Loop11 pFBA...9084.0...Ave likelihood of: cpd00053_c is 0.3106644825100635...
Loop12 pFBA...16376.0...Ave likelihood of: cpd00119_c is 0.33015903414706443...
Loop13 pFBA...16748.0...Ave likelihood of: cpd00322_c is 0.3539442188185121...
Loop14 pFBA...14210.0...Ave likelihood of: cpd00107_c is 0.2640212192751645...
Loop15 pFBA...17678.0...Ave likelihood of: cpd00039_c is 0.29352172523151965...
Loop16 pFBA...20378.0...Ave likelihood of: cpd00060_c is 0.28205194791096655...
Loop17 pFBA...20555.0...Ave likelihood of: cpd00066_c is 0.2464639109761787...
Loop18 pFBA...10265.0...Ave likelihood of: cpd00129_c is 0.2031564860789568...
Loop19 pFBA...5419.0...Ave likelihood of: cpd00054_c is 0.3551366391634393...
Loop20 pFBA...7342.0...Ave likelihood of: cpd00161_c is 0.39931212689140116...
Loop21 pFBA...26521.0...Ave likelihood of: cpd00065_c is 0.2694800419648514...
Loop22 pFBA...18290.0...Ave likelihood of: cpd00069_c is 0.21848471290064947...
Loop23 pFBA...7675.0...Ave likelihood of: cpd00156_c is 0.3322928942841258...
Loop24 pFBA...23612.0...Ave likelihood of: cpd00098_c is 0.25182552553553195...
Loop25 pFBA...14166.0...Ave likelihood of: cpd00274_c is 0.19452429214714445...
Loop26 pFBA...6627.0...Ave likelihood of: cpd00226_c is 0.3263518063341368...
Loop27 pFBA...4453.0...Ave likelihood of: cpd00246_c is 0.4384818963058271...
Loop28 pFBA...20022.0...Ave likelihood of: cpd00374_c is 0.2178063068768557...
Loop29 pFBA...4761.0...Ave likelihood of: cpd00221_c is 0.4230914351692595...
Loop30 pFBA...4265.0...Ave likelihood of: cpd00159_c is 0.4232410389451072...
Loop31 pFBA...10337.0...Ave likelihood of: cpd00211_c is 0.3552205729678377...
Loop32 pFBA...3764.0...Ave likelihood of: cpd00047_c is 0.2916237116057864...
Loop33 pFBA...5000.0...Ave likelihood of: cpd00106_c is 0.18990046786982195...
Loop34 pFBA...7564.0...Ave likelihood of: cpd00141_c is 0.4126539117051069...
Loop35 pFBA...19180.0...Ave likelihood of: cpd00216_c is 0.23780462718554318...
Loop36 pFBA...4802.0...Ave likelihood of: cpd00036_c is 0.41784270733145107...
Loop37 pFBA...16944.0...Ave likelihood of: cpd00581_c is 0.3261997410989322...
Loop38 pFBA...4746.0...Ave likelihood of: cpd00128_c is 0.34613918677237904...
Loop39 pFBA...5862.0...Ave likelihood of: cpd00018_c is 0.27974158176058656...
Loop40 pFBA...5862.0...Ave likelihood of: cpd00091_c is 0.27974158176058656...
Loop41 pFBA...3611.0...Ave likelihood of: cpd00092_c is 0.3680223700689131...
Loop42 pFBA...63850.0...Ave likelihood of: cpd00305_c is 0.1597819499025846...
Loop43 pFBA...13662.0...Ave likelihood of: cpd00220_c is 0.29685265207358524...
Loop44 pFBA...14447.0...Ave likelihood of: cpd00218_c is 0.21552022685728864...
Loop45 pFBA...14494.0...Ave likelihood of: cpd00215_c is 0.29948105828680077...
Loop46 pFBA...28666.0...Ave likelihood of: cpd00104_c is 0.20748170710266725...
Loop47 pFBA...36056.0...Ave likelihood of: cpd00393_c is 0.17015766493455695...
Loop48 pFBA...5591.0...Ave likelihood of: cpd00363_c is 0.5691976814287236...
Loop49 pFBA...8589.0...Ave likelihood of: cpd00281_c is 0.20164189697059473...
Loop50 pFBA...4020.0...Ave likelihood of: cpd00025_c is 0.28305708672412727...
Loop51 pFBA...19587.0...Ave likelihood of: cpd00811_c is 0.26003529245535795...
Loop52 pFBA...5368.0...Ave likelihood of: cpd00714_c is 0.37636794839566673...
Loop53 pFBA...5558.0...Ave likelihood of: cpd00117_c is 0.4737621793290093...
Loop54 pFBA...6841.0...Ave likelihood of: cpd00186_c is 0.3598264890004305...
Loop55 pFBA...21648.0...Ave likelihood of: cpd00637_c is 0.27823671106764725...
Loop56 pFBA...6486.0...Ave likelihood of: cpd00550_c is 0.29858358491494563...
Loop57 pFBA...4055.0...Ave likelihood of: cpd00033_c is 0.2386795777467255...
Loop58 pFBA...5436.0...Ave likelihood of: cpd00035_c is 0.4737621793290093...
Loop59 pFBA...18310.0...Ave likelihood of: cpd00051_c is 0.27958139881552746...
Loop60 pFBA...7915.0...Ave likelihood of: cpd00132_c is 0.24976609372740047...
Loop61 pFBA...5183.0...Ave likelihood of: cpd00041_c is 0.22289308980207456...
Loop62 pFBA...13748.0...Ave likelihood of: cpd00084_c is 0.2535305635494422...
Loop63 pFBA...6592.0...Ave likelihood of: cpd00023_c is 0.2815499644890659...
Loop64 pFBA...9084.0...Ave likelihood of: cpd00053_c is 0.3106644825100635...
Loop65 pFBA...16376.0...Ave likelihood of: cpd00119_c is 0.33015903414706443...
Loop66 pFBA...16758.0...Ave likelihood of: cpd00322_c is 0.2396087172281929...
Loop67 pFBA...14210.0...Ave likelihood of: cpd00107_c is 0.2640212192751645...
Loop68 pFBA...17907.0...Ave likelihood of: cpd00039_c is 0.34149974715418835...
Loop69 pFBA...20648.0...Ave likelihood of: cpd00060_c is 0.2815889605985828...
Loop70 pFBA...21420.0...Ave likelihood of: cpd00066_c is 0.23011996598890957...
Loop71 pFBA...10265.0...Ave likelihood of: cpd00129_c is 0.2031564860789568...
Loop72 pFBA...5486.0...Ave likelihood of: cpd00054_c is 0.30791432194353774...
Loop73 pFBA...7655.0...Ave likelihood of: cpd00161_c is 0.3620486468794216...
Loop74 pFBA...26521.0...Ave likelihood of: cpd00065_c is 0.2694800419648514...
Loop75 pFBA...18852.0...Ave likelihood of: cpd00069_c is 0.23880555554961744...
Loop76 pFBA...7675.0...Ave likelihood of: cpd00156_c is 0.3322928942841258...
Loop77 pFBA...24528.0...Ave likelihood of: cpd00098_c is 0.27198867596164844...
Loop78 pFBA...14166.0...Ave likelihood of: cpd00274_c is 0.19452429214714445...
Loop79 pFBA...6627.0...Ave likelihood of: cpd00226_c is 0.3263518063341368...
Loop80 pFBA...4789.0...Ave likelihood of: cpd00246_c is 0.3650823625365493...
Loop81 pFBA...20814.0...Ave likelihood of: cpd00374_c is 0.22188759793492943...
Loop82 pFBA...5067.0...Ave likelihood of: cpd00221_c is 0.3584343387561766...
Loop83 pFBA...4329.0...Ave likelihood of: cpd00159_c is 0.38440516599872127...
Loop84 pFBA...10513.0...Ave likelihood of: cpd00211_c is 0.21390184660915493...
Loop85 pFBA...3765.0...Ave likelihood of: cpd00047_c is 0.21937885182765662...
Loop86 pFBA...5000.0...Ave likelihood of: cpd00106_c is 0.18990046786982195...
Loop87 pFBA...7729.0...Ave likelihood of: cpd00141_c is 0.3243119428226568...
Loop88 pFBA...20245.0...Ave likelihood of: cpd00216_c is 0.21872635108664468...
Loop89 pFBA...4803.0...Ave likelihood of: cpd00036_c is 0.22810596183261617...
Loop90 pFBA...16944.0...Ave likelihood of: cpd00581_c is 0.3261997410989322...
Loop91 pFBA...4746.0...Ave likelihood of: cpd00128_c is 0.34613918677237904...
Loop92 pFBA...5862.0...Ave likelihood of: cpd00018_c is 0.27974158176058656...
Loop93 pFBA...5862.0...Ave likelihood of: cpd00091_c is 0.27974158176058656...
Loop94 pFBA...3619.0...Ave likelihood of: cpd00092_c is 0.32185469206635514...
Loop95 pFBA...64039.0...Ave likelihood of: cpd00305_c is 0.12204447930233753...
Loop96 pFBA...14047.0...Ave likelihood of: cpd00220_c is 0.183427928239466...
Loop97 pFBA...14704.0...Ave likelihood of: cpd00218_c is 0.2197246976371966...
Loop98 pFBA...15050.0...Ave likelihood of: cpd00215_c is 0.34801439581214116...
Loop99 pFBA...28715.0...Ave likelihood of: cpd00104_c is 0.17236081904750924...
Loop100 pFBA...36065.0...Ave likelihood of: cpd00393_c is 0.17075348799549805...
Loop101 pFBA...6307.0...Ave likelihood of: cpd00363_c is 0.3917218061393384...
Loop102 pFBA...8589.0...Ave likelihood of: cpd00281_c is 0.20164189697059473...
Loop103 pFBA...4206.0...Ave likelihood of: cpd00025_c is 0.39257593825458265...
Loop104 pFBA...20458.0...Ave likelihood of: cpd00811_c is 0.3022646957496345...
Loop105 pFBA...6328.0...Ave likelihood of: cpd00714_c is 0.4288500085658669...
Loop106 pFBA...5558.0...Ave likelihood of: cpd00117_c is 0.4737621793290093...
Loop107 pFBA...6841.0...Ave likelihood of: cpd00186_c is 0.3598264890004305...
Loop108 pFBA...21553.0...Ave likelihood of: cpd00637_c is 0.24684686021379834...
Loop109 pFBA...6442.0...Ave likelihood of: cpd00550_c is 0.3031226347430417...
Loop110 pFBA...4055.0...Ave likelihood of: cpd00033_c is 0.2289068865100563...
Loop111 pFBA...5436.0...Ave likelihood of: cpd00035_c is 0.4737621793290093...
Loop112 pFBA...18191.0...Ave likelihood of: cpd00051_c is 0.2730018265988971...
Loop113 pFBA...7915.0...Ave likelihood of: cpd00132_c is 0.24976609372740047...
Loop114 pFBA...5183.0...Ave likelihood of: cpd00041_c is 0.22289308980207456...
Loop115 pFBA...13733.0...Ave likelihood of: cpd00084_c is 0.23138103813746416...
Loop116 pFBA...6592.0...Ave likelihood of: cpd00023_c is 0.2815499644890659...
Loop117 pFBA...9084.0...Ave likelihood of: cpd00053_c is 0.3106644825100635...
Loop118 pFBA...16376.0...Ave likelihood of: cpd00119_c is 0.3236853275951612...
Loop119 pFBA...16758.0...Ave likelihood of: cpd00322_c is 0.2396087172281929...
Loop120 pFBA...14210.0...Ave likelihood of: cpd00107_c is 0.2640212192751645...
Loop121 pFBA...17741.0...Ave likelihood of: cpd00039_c is 0.28471226791695814...
Loop122 pFBA...20553.0...Ave likelihood of: cpd00060_c is 0.2533428302194246...
Loop123 pFBA...20929.0...Ave likelihood of: cpd00066_c is 0.22708014732877066...
Loop124 pFBA...10265.0...Ave likelihood of: cpd00129_c is 0.2031564860789568...
Loop125 pFBA...5442.0...Ave likelihood of: cpd00054_c is 0.30943768963352175...
Loop126 pFBA...7518.0...Ave likelihood of: cpd00161_c is 0.3455914951488118...
Loop127 pFBA...26521.0...Ave likelihood of: cpd00065_c is 0.2694800419648514...
Loop128 pFBA...18467.0...Ave likelihood of: cpd00069_c is 0.1974752323874043...
Loop129 pFBA...7675.0...Ave likelihood of: cpd00156_c is 0.3322928942841258...
Loop130 pFBA...24118.0...Ave likelihood of: cpd00098_c is 0.23846756459333704...
Loop131 pFBA...14166.0...Ave likelihood of: cpd00274_c is 0.19452429214714445...
Loop132 pFBA...6627.0...Ave likelihood of: cpd00226_c is 0.3263518063341368...
Loop133 pFBA...4641.0...Ave likelihood of: cpd00246_c is 0.22836303461002497...
Loop134 pFBA...20428.0...Ave likelihood of: cpd00374_c is 0.20400544884755561...
Loop135 pFBA...4958.0...Ave likelihood of: cpd00221_c is 0.19168059391109013...
Loop136 pFBA...4315.0...Ave likelihood of: cpd00159_c is 0.4088446864611084...
Loop137 pFBA...10490.0...Ave likelihood of: cpd00211_c is 0.3366759809773739...
Loop138 pFBA...3765.0...Ave likelihood of: cpd00047_c is 0.21937885182765662...
Loop139 pFBA...5000.0...Ave likelihood of: cpd00106_c is 0.18990046786982195...
Loop140 pFBA...7680.0...Ave likelihood of: cpd00141_c is 0.3711242797868104...
Loop141 pFBA...19627.0...Ave likelihood of: cpd00216_c is 0.23164716037169736...
Loop142 pFBA...4803.0...Ave likelihood of: cpd00036_c is 0.22810596183261617...
Loop143 pFBA...16944.0...Ave likelihood of: cpd00581_c is 0.3261997410989322...
Loop144 pFBA...4746.0...Ave likelihood of: cpd00128_c is 0.34613918677237904...
Loop145 pFBA...5862.0...Ave likelihood of: cpd00018_c is 0.27974158176058656...
Loop146 pFBA...5862.0...Ave likelihood of: cpd00091_c is 0.27974158176058656...
Loop147 pFBA...3619.0...Ave likelihood of: cpd00092_c is 0.32185469206635514...
Loop148 pFBA...64039.0...Ave likelihood of: cpd00305_c is 0.12204447930233753...
Loop149 pFBA...13953.0...Ave likelihood of: cpd00220_c is 0.27752618424989833...
Loop150 pFBA...14657.0...Ave likelihood of: cpd00218_c is 0.15450337866549885...
Loop151 pFBA...14739.0...Ave likelihood of: cpd00215_c is 0.2316062510422864...
Loop152 pFBA...28707.0...Ave likelihood of: cpd00104_c is 0.1926335515956623...
Loop153 pFBA...36057.0...Ave likelihood of: cpd00393_c is 0.15143951895457586...
Loop154 pFBA...5980.0...Ave likelihood of: cpd00363_c is 0.4381936074960657...
Loop155 pFBA...8589.0...Ave likelihood of: cpd00281_c is 0.20164189697059473...
Loop156 pFBA...4141.0...Ave likelihood of: cpd00025_c is 0.3194594266822468...
Loop157 pFBA...19989.0...Ave likelihood of: cpd00811_c is 0.27114093778644915...
Loop158 pFBA...6112.0...Ave likelihood of: cpd00714_c is 0.2992256235229853...
32.2904049476mins to complete!
