
The following have been reloaded with a version change:
  1) anaconda2/4.4.0 => anaconda2/5.1.0

Loading in models...Adding Water...Remove no-like rxns...Pruned 1 metabolites from model
Pruned 1 reactions from model
Set-up Universal...62.0seconds to complete

Loop0 pFBA...5567.0...Ave likelihood of: cpd00117_c is 0.471654393685464...
Loop1 pFBA...6841.0...Ave likelihood of: cpd00186_c is 0.35985129543065425...
Loop2 pFBA...21538.0...Ave likelihood of: cpd00637_c is 0.25614509517564626...
Loop3 pFBA...6435.0...Ave likelihood of: cpd00550_c is 0.3457293145536138...
Loop4 pFBA...4057.0...Ave likelihood of: cpd00033_c is 0.2551878842027979...
Loop5 pFBA...5446.0...Ave likelihood of: cpd00035_c is 0.471654393685464...
Loop6 pFBA...18128.0...Ave likelihood of: cpd00051_c is 0.31033265123371184...
Loop7 pFBA...7914.0...Ave likelihood of: cpd00132_c is 0.24988189366816382...
Loop8 pFBA...5183.0...Ave likelihood of: cpd00041_c is 0.22302830406070057...
Loop9 pFBA...13630.0...Ave likelihood of: cpd00084_c is 0.2757657603262435...
Loop10 pFBA...6592.0...Ave likelihood of: cpd00023_c is 0.28154997157285483...
Loop11 pFBA...9082.0...Ave likelihood of: cpd00053_c is 0.31089289785723334...
Loop12 pFBA...16376.0...Ave likelihood of: cpd00119_c is 0.32993443001757927...
Loop13 pFBA...16928.0...Ave likelihood of: cpd00322_c is 0.19588463020048266...
Loop14 pFBA...14214.0...Ave likelihood of: cpd00107_c is 0.26379288623137165...
Loop15 pFBA...17684.0...Ave likelihood of: cpd00039_c is 0.3047615441400952...
Loop16 pFBA...20538.0...Ave likelihood of: cpd00060_c is 0.2594716548532521...
Loop17 pFBA...20600.0...Ave likelihood of: cpd00066_c is 0.23925002348982136...
Loop18 pFBA...10271.0...Ave likelihood of: cpd00129_c is 0.20263539087209176...
Loop19 pFBA...5435.0...Ave likelihood of: cpd00054_c is 0.35308525741645663...
Loop20 pFBA...7360.0...Ave likelihood of: cpd00161_c is 0.3977433763594218...
Loop21 pFBA...27275.0...Ave likelihood of: cpd00065_c is 0.2496448996872365...
Loop22 pFBA...18324.0...Ave likelihood of: cpd00069_c is 0.21393068255750272...
Loop23 pFBA...7675.0...Ave likelihood of: cpd00156_c is 0.33240997989786814...
Loop24 pFBA...23571.0...Ave likelihood of: cpd00098_c is 0.2916522927833926...
Loop25 pFBA...14169.0...Ave likelihood of: cpd00274_c is 0.19408438674163453...
Loop26 pFBA...6636.0...Ave likelihood of: cpd00226_c is 0.32559945652032474...
Loop27 pFBA...4462.0...Ave likelihood of: cpd00246_c is 0.43720681114531496...
Loop28 pFBA...20056.0...Ave likelihood of: cpd00374_c is 0.22602364580677764...
Loop29 pFBA...4761.0...Ave likelihood of: cpd00221_c is 0.4230848925486909...
Loop30 pFBA...4284.0...Ave likelihood of: cpd00159_c is 0.4210699453708253...
Loop31 pFBA...10332.0...Ave likelihood of: cpd00211_c is 0.3906898658569504...
Loop32 pFBA...3766.0...Ave likelihood of: cpd00047_c is 0.2594606384692045...
Loop33 pFBA...5001.0...Ave likelihood of: cpd00106_c is 0.19001676899558378...
Loop34 pFBA...7668.0...Ave likelihood of: cpd00141_c is 0.406415262324272...
Loop35 pFBA...19238.0...Ave likelihood of: cpd00216_c is 0.2363709984321398...
Loop36 pFBA...4803.0...Ave likelihood of: cpd00036_c is 0.22807442418968146...
Loop37 pFBA...16943.0...Ave likelihood of: cpd00581_c is 0.32617440593255564...
Loop38 pFBA...4748.0...Ave likelihood of: cpd00128_c is 0.2254756605678147...
Loop39 pFBA...5864.0...Ave likelihood of: cpd00018_c is 0.2796504651734834...
Loop40 pFBA...5864.0...Ave likelihood of: cpd00091_c is 0.27965046517348335...
Loop41 pFBA...3612.0...Ave likelihood of: cpd00092_c is 0.3663661660733941...
Loop42 pFBA...63899.0...Ave likelihood of: cpd00305_c is 0.1606542557726057...
Loop43 pFBA...13688.0...Ave likelihood of: cpd00220_c is 0.2957408784353079...
Loop44 pFBA...14477.0...Ave likelihood of: cpd00218_c is 0.21304399050331513...
Loop45 pFBA...14531.0...Ave likelihood of: cpd00215_c is 0.314142758397916...
Loop46 pFBA...28628.0...Ave likelihood of: cpd00104_c is 0.23623609259128447...
Loop47 pFBA...35438.0...Ave likelihood of: cpd00393_c is 0.17730437814029684...
Loop48 pFBA...5716.0...Ave likelihood of: cpd00363_c is 0.5634741000434073...
Loop49 pFBA...8588.0...Ave likelihood of: cpd00281_c is 0.20164501707683272...
Loop50 pFBA...4010.0...Ave likelihood of: cpd00025_c is 0.2957978612536178...
Loop51 pFBA...19551.0...Ave likelihood of: cpd00811_c is 0.2614813659437314...
Loop52 pFBA...5421.0...Ave likelihood of: cpd00714_c is 0.37071485979453594...
Loop53 pFBA...5567.0...Ave likelihood of: cpd00117_c is 0.471654393685464...
Loop54 pFBA...6841.0...Ave likelihood of: cpd00186_c is 0.35985129543065425...
Loop55 pFBA...21777.0...Ave likelihood of: cpd00637_c is 0.240070150241628...
Loop56 pFBA...6503.0...Ave likelihood of: cpd00550_c is 0.29679890315200863...
Loop57 pFBA...4058.0...Ave likelihood of: cpd00033_c is 0.23827931945408903...
Loop58 pFBA...5446.0...Ave likelihood of: cpd00035_c is 0.471654393685464...
Loop59 pFBA...18330.0...Ave likelihood of: cpd00051_c is 0.2790675177215372...
Loop60 pFBA...7914.0...Ave likelihood of: cpd00132_c is 0.24988189366816382...
Loop61 pFBA...5183.0...Ave likelihood of: cpd00041_c is 0.22302830406070057...
Loop62 pFBA...13759.0...Ave likelihood of: cpd00084_c is 0.2523074491861811...
Loop63 pFBA...6592.0...Ave likelihood of: cpd00023_c is 0.28154997157285483...
Loop64 pFBA...9082.0...Ave likelihood of: cpd00053_c is 0.31089289785723334...
Loop65 pFBA...16376.0...Ave likelihood of: cpd00119_c is 0.32346512746821493...
Loop66 pFBA...16928.0...Ave likelihood of: cpd00322_c is 0.19588463020048266...
Loop67 pFBA...14214.0...Ave likelihood of: cpd00107_c is 0.26379288623137165...
Loop68 pFBA...17907.0...Ave likelihood of: cpd00039_c is 0.34088627051121084...
Loop69 pFBA...20777.0...Ave likelihood of: cpd00060_c is 0.24335878243671882...
Loop70 pFBA...21470.0...Ave likelihood of: cpd00066_c is 0.22882416150822518...
Loop71 pFBA...10271.0...Ave likelihood of: cpd00129_c is 0.25418131279446593...
Loop72 pFBA...5503.0...Ave likelihood of: cpd00054_c is 0.30607386887550897...
Loop73 pFBA...7659.0...Ave likelihood of: cpd00161_c is 0.3647872975918975...
Loop74 pFBA...27275.0...Ave likelihood of: cpd00065_c is 0.2496448996872365...
Loop75 pFBA...18871.0...Ave likelihood of: cpd00069_c is 0.23768675026524266...
Loop76 pFBA...7675.0...Ave likelihood of: cpd00156_c is 0.33240997989786814...
Loop77 pFBA...24469.0...Ave likelihood of: cpd00098_c is 0.2648123944916542...
Loop78 pFBA...14169.0...Ave likelihood of: cpd00274_c is 0.19408438674163453...
Loop79 pFBA...6636.0...Ave likelihood of: cpd00226_c is 0.32559945652032474...
Loop80 pFBA...4793.0...Ave likelihood of: cpd00246_c is 0.3635202007556213...
Loop81 pFBA...20830.0...Ave likelihood of: cpd00374_c is 0.2212856693025376...
Loop82 pFBA...5087.0...Ave likelihood of: cpd00221_c is 0.34907228804255863...
Loop83 pFBA...4349.0...Ave likelihood of: cpd00159_c is 0.38295391271857604...
Loop84 pFBA...10502.0...Ave likelihood of: cpd00211_c is 0.21450294350563393...
Loop85 pFBA...3766.0...Ave likelihood of: cpd00047_c is 0.21911888821562245...
Loop86 pFBA...5001.0...Ave likelihood of: cpd00106_c is 0.19001676899558378...
Loop87 pFBA...7853.0...Ave likelihood of: cpd00141_c is 0.3159375939332846...
Loop88 pFBA...20298.0...Ave likelihood of: cpd00216_c is 0.2252986604107008...
Loop89 pFBA...4803.0...Ave likelihood of: cpd00036_c is 0.22807442418968146...
Loop90 pFBA...16943.0...Ave likelihood of: cpd00581_c is 0.32617440593255564...
Loop91 pFBA...4748.0...Ave likelihood of: cpd00128_c is 0.2254756605678147...
Loop92 pFBA...5864.0...Ave likelihood of: cpd00018_c is 0.2796504651734834...
Loop93 pFBA...5864.0...Ave likelihood of: cpd00091_c is 0.27965046517348335...
Loop94 pFBA...3621.0...Ave likelihood of: cpd00092_c is 0.32121564305472233...
Loop95 pFBA...64070.0...Ave likelihood of: cpd00305_c is 0.12174972537366316...
Loop96 pFBA...14068.0...Ave likelihood of: cpd00220_c is 0.1774452001443588...
Loop97 pFBA...14717.0...Ave likelihood of: cpd00218_c is 0.21025778137454126...
Loop98 pFBA...15073.0...Ave likelihood of: cpd00215_c is 0.3470895484019335...
Loop99 pFBA...28695.0...Ave likelihood of: cpd00104_c is 0.17268543420799146...
Loop100 pFBA...35447.0...Ave likelihood of: cpd00393_c is 0.17738677868439445...
Loop101 pFBA...6434.0...Ave likelihood of: cpd00363_c is 0.38399942644221...
Loop102 pFBA...8588.0...Ave likelihood of: cpd00281_c is 0.20164501707683272...
Loop103 pFBA...4210.0...Ave likelihood of: cpd00025_c is 0.39159945481939024...
Loop104 pFBA...20382.0...Ave likelihood of: cpd00811_c is 0.2585523071558883...
Loop105 pFBA...6380.0...Ave likelihood of: cpd00714_c is 0.424715585622073...
Loop106 pFBA...5567.0...Ave likelihood of: cpd00117_c is 0.471654393685464...
Loop107 pFBA...6841.0...Ave likelihood of: cpd00186_c is 0.35985129543065425...
Loop108 pFBA...21687.0...Ave likelihood of: cpd00637_c is 0.24056156741239407...
Loop109 pFBA...6458.0...Ave likelihood of: cpd00550_c is 0.3018298980788565...
Loop110 pFBA...4057.0...Ave likelihood of: cpd00033_c is 0.2279620900138266...
Loop111 pFBA...5446.0...Ave likelihood of: cpd00035_c is 0.471654393685464...
Loop112 pFBA...18217.0...Ave likelihood of: cpd00051_c is 0.2723797251774882...
Loop113 pFBA...7914.0...Ave likelihood of: cpd00132_c is 0.24988189366816382...
Loop114 pFBA...5183.0...Ave likelihood of: cpd00041_c is 0.22302830406070057...
Loop115 pFBA...13744.0...Ave likelihood of: cpd00084_c is 0.23416245899873875...
Loop116 pFBA...6592.0...Ave likelihood of: cpd00023_c is 0.28154997157285483...
Loop117 pFBA...9082.0...Ave likelihood of: cpd00053_c is 0.31089289785723334...
Loop118 pFBA...16376.0...Ave likelihood of: cpd00119_c is 0.32346512746821493...
Loop119 pFBA...16928.0...Ave likelihood of: cpd00322_c is 0.19588463020048266...
Loop120 pFBA...14214.0...Ave likelihood of: cpd00107_c is 0.26379288623137165...
Loop121 pFBA...17738.0...Ave likelihood of: cpd00039_c is 0.2847938539803022...
Loop122 pFBA...20687.0...Ave likelihood of: cpd00060_c is 0.24376905497789267...
Loop123 pFBA...20960.0...Ave likelihood of: cpd00066_c is 0.22624297133211418...
Loop124 pFBA...10271.0...Ave likelihood of: cpd00129_c is 0.20263539087209176...
Loop125 pFBA...5458.0...Ave likelihood of: cpd00054_c is 0.3081180209554994...
Loop126 pFBA...7523.0...Ave likelihood of: cpd00161_c is 0.3676770365177298...
Loop127 pFBA...27275.0...Ave likelihood of: cpd00065_c is 0.2496448996872365...
Loop128 pFBA...18489.0...Ave likelihood of: cpd00069_c is 0.19673140965435698...
Loop129 pFBA...7675.0...Ave likelihood of: cpd00156_c is 0.33240997989786814...
Loop130 pFBA...24085.0...Ave likelihood of: cpd00098_c is 0.23288785719769325...
Loop131 pFBA...14169.0...Ave likelihood of: cpd00274_c is 0.19408438674163453...
Loop132 pFBA...6636.0...Ave likelihood of: cpd00226_c is 0.32559945652032474...
Loop133 pFBA...4642.0...Ave likelihood of: cpd00246_c is 0.227778251788017...
Loop134 pFBA...20444.0...Ave likelihood of: cpd00374_c is 0.21620432763959307...
Loop135 pFBA...4969.0...Ave likelihood of: cpd00221_c is 0.1901828085373958...
Loop136 pFBA...4334.0...Ave likelihood of: cpd00159_c is 0.345640162851992...
Loop137 pFBA...10482.0...Ave likelihood of: cpd00211_c is 0.3808612449978351...
Loop138 pFBA...3766.0...Ave likelihood of: cpd00047_c is 0.21911888821562245...
Loop139 pFBA...5001.0...Ave likelihood of: cpd00106_c is 0.19001676899558378...
Loop140 pFBA...7799.0...Ave likelihood of: cpd00141_c is 0.3646238377621825...
Loop141 pFBA...19661.0...Ave likelihood of: cpd00216_c is 0.23048479665232013...
Loop142 pFBA...4803.0...Ave likelihood of: cpd00036_c is 0.22807442418968146...
Loop143 pFBA...16943.0...Ave likelihood of: cpd00581_c is 0.32617440593255564...
Loop144 pFBA...4748.0...Ave likelihood of: cpd00128_c is 0.2254756605678147...
Loop145 pFBA...5864.0...Ave likelihood of: cpd00018_c is 0.2796504651734834...
Loop146 pFBA...5864.0...Ave likelihood of: cpd00091_c is 0.27965046517348335...
Loop147 pFBA...3621.0...Ave likelihood of: cpd00092_c is 0.32121564305472233...
Loop148 pFBA...64070.0...Ave likelihood of: cpd00305_c is 0.12174972537366316...
Loop149 pFBA...13962.0...Ave likelihood of: cpd00220_c is 0.27080469649912214...
Loop150 pFBA...14670.0...Ave likelihood of: cpd00218_c is 0.14511127218525335...
Loop151 pFBA...14759.0...Ave likelihood of: cpd00215_c is 0.23126846106868537...
Loop152 pFBA...28668.0...Ave likelihood of: cpd00104_c is 0.19317275117941254...
Loop153 pFBA...35438.0...Ave likelihood of: cpd00393_c is 0.1591784668860933...
Loop154 pFBA...6093.0...Ave likelihood of: cpd00363_c is 0.43321921174993533...
Loop155 pFBA...8588.0...Ave likelihood of: cpd00281_c is 0.20164501707683272...
Loop156 pFBA...4142.0...Ave likelihood of: cpd00025_c is 0.3006802560250331...
Loop157 pFBA...19921.0...Ave likelihood of: cpd00811_c is 0.30160691554550567...
Loop158 pFBA...6089.0...Ave likelihood of: cpd00714_c is 0.3016471201516289...
32.9659253836mins to complete!
