
The following have been reloaded with a version change:
  1) anaconda2/4.4.0 => anaconda2/5.1.0

Loading in models...Adding Water...Remove no-like rxns...Pruned 1 metabolites from model
Pruned 1 reactions from model
Set-up Universal...61.0seconds to complete

Loop0 pFBA...5564.0...Ave likelihood of: cpd00117_c is 0.472093129983931...
Loop1 pFBA...6841.0...Ave likelihood of: cpd00186_c is 0.35985152804492015...
Loop2 pFBA...21380.0...Ave likelihood of: cpd00637_c is 0.2740270063960871...
Loop3 pFBA...6431.0...Ave likelihood of: cpd00550_c is 0.34708018539641977...
Loop4 pFBA...4054.0...Ave likelihood of: cpd00033_c is 0.25999670373936484...
Loop5 pFBA...5444.0...Ave likelihood of: cpd00035_c is 0.472093129983931...
Loop6 pFBA...18092.0...Ave likelihood of: cpd00051_c is 0.3115212595760196...
Loop7 pFBA...7912.0...Ave likelihood of: cpd00132_c is 0.24997258732208447...
Loop8 pFBA...5181.0...Ave likelihood of: cpd00041_c is 0.22310670342957561...
Loop9 pFBA...13623.0...Ave likelihood of: cpd00084_c is 0.27665218313449524...
Loop10 pFBA...6592.0...Ave likelihood of: cpd00023_c is 0.28155025070997386...
Loop11 pFBA...9082.0...Ave likelihood of: cpd00053_c is 0.3109549475970173...
Loop12 pFBA...16375.0...Ave likelihood of: cpd00119_c is 0.33013875080792077...
Loop13 pFBA...16753.0...Ave likelihood of: cpd00322_c is 0.35401999824491587...
Loop14 pFBA...14214.0...Ave likelihood of: cpd00107_c is 0.26386990340355687...
Loop15 pFBA...17679.0...Ave likelihood of: cpd00039_c is 0.29630638897928013...
Loop16 pFBA...20380.0...Ave likelihood of: cpd00060_c is 0.2776326249012988...
Loop17 pFBA...20570.0...Ave likelihood of: cpd00066_c is 0.24008528992168196...
Loop18 pFBA...10265.0...Ave likelihood of: cpd00129_c is 0.20322154595018682...
Loop19 pFBA...5431.0...Ave likelihood of: cpd00054_c is 0.35446487019208817...
Loop20 pFBA...7340.0...Ave likelihood of: cpd00161_c is 0.3986942558402536...
Loop21 pFBA...26525.0...Ave likelihood of: cpd00065_c is 0.26938387849015993...
Loop22 pFBA...18298.0...Ave likelihood of: cpd00069_c is 0.21470407123869859...
Loop23 pFBA...7671.0...Ave likelihood of: cpd00156_c is 0.3329786575670676...
Loop24 pFBA...23608.0...Ave likelihood of: cpd00098_c is 0.2661363002657599...
Loop25 pFBA...14166.0...Ave likelihood of: cpd00274_c is 0.19447117426823185...
Loop26 pFBA...6625.0...Ave likelihood of: cpd00226_c is 0.3264212650136123...
Loop27 pFBA...4454.0...Ave likelihood of: cpd00246_c is 0.4383867869979104...
Loop28 pFBA...20023.0...Ave likelihood of: cpd00374_c is 0.22677803535475907...
Loop29 pFBA...4760.0...Ave likelihood of: cpd00221_c is 0.42321373966588927...
Loop30 pFBA...4283.0...Ave likelihood of: cpd00159_c is 0.4221000304853218...
Loop31 pFBA...10335.0...Ave likelihood of: cpd00211_c is 0.3547633702065226...
Loop32 pFBA...3764.0...Ave likelihood of: cpd00047_c is 0.2914954264727468...
Loop33 pFBA...4999.0...Ave likelihood of: cpd00106_c is 0.19007477729858976...
Loop34 pFBA...7565.0...Ave likelihood of: cpd00141_c is 0.4128900857961192...
Loop35 pFBA...19205.0...Ave likelihood of: cpd00216_c is 0.237333060165614...
Loop36 pFBA...4801.0...Ave likelihood of: cpd00036_c is 0.22832168248575258...
Loop37 pFBA...16944.0...Ave likelihood of: cpd00581_c is 0.32617970297699683...
Loop38 pFBA...4745.0...Ave likelihood of: cpd00128_c is 0.3462379257365001...
Loop39 pFBA...5861.0...Ave likelihood of: cpd00018_c is 0.27979177692607493...
Loop40 pFBA...5861.0...Ave likelihood of: cpd00091_c is 0.27979177692607493...
Loop41 pFBA...3606.0...Ave likelihood of: cpd00092_c is 0.36822096445126945...
Loop42 pFBA...63849.0...Ave likelihood of: cpd00305_c is 0.15828939039536838...
Loop43 pFBA...13699.0...Ave likelihood of: cpd00220_c is 0.28428235391885687...
Loop44 pFBA...14448.0...Ave likelihood of: cpd00218_c is 0.2150598132797761...
Loop45 pFBA...14492.0...Ave likelihood of: cpd00215_c is 0.29952664323825307...
Loop46 pFBA...28668.0...Ave likelihood of: cpd00104_c is 0.2118731219424625...
Loop47 pFBA...35889.0...Ave likelihood of: cpd00393_c is 0.17223872826681286...
Loop48 pFBA...5587.0...Ave likelihood of: cpd00363_c is 0.5693248818381045...
Loop49 pFBA...8589.0...Ave likelihood of: cpd00281_c is 0.2016421014141004...
Loop50 pFBA...4020.0...Ave likelihood of: cpd00025_c is 0.2991893775113572...
Loop51 pFBA...19584.0...Ave likelihood of: cpd00811_c is 0.2601524306275362...
Loop52 pFBA...5366.0...Ave likelihood of: cpd00714_c is 0.37659303087223683...
Loop53 pFBA...5564.0...Ave likelihood of: cpd00117_c is 0.472093129983931...
Loop54 pFBA...6841.0...Ave likelihood of: cpd00186_c is 0.35985152804492015...
Loop55 pFBA...21647.0...Ave likelihood of: cpd00637_c is 0.27843762257118204...
Loop56 pFBA...6502.0...Ave likelihood of: cpd00550_c is 0.29738999379188163...
Loop57 pFBA...4055.0...Ave likelihood of: cpd00033_c is 0.24320130521883437...
Loop58 pFBA...5444.0...Ave likelihood of: cpd00035_c is 0.472093129983931...
Loop59 pFBA...18310.0...Ave likelihood of: cpd00051_c is 0.2798676106416726...
Loop60 pFBA...7912.0...Ave likelihood of: cpd00132_c is 0.24997258732208447...
Loop61 pFBA...5181.0...Ave likelihood of: cpd00041_c is 0.22310670342957561...
Loop62 pFBA...13753.0...Ave likelihood of: cpd00084_c is 0.25319472460470793...
Loop63 pFBA...6592.0...Ave likelihood of: cpd00023_c is 0.28155025070997386...
Loop64 pFBA...9082.0...Ave likelihood of: cpd00053_c is 0.3109549475970173...
Loop65 pFBA...16375.0...Ave likelihood of: cpd00119_c is 0.32366544196854974...
Loop66 pFBA...16763.0...Ave likelihood of: cpd00322_c is 0.23969650792227162...
Loop67 pFBA...14214.0...Ave likelihood of: cpd00107_c is 0.26386990340355687...
Loop68 pFBA...17904.0...Ave likelihood of: cpd00039_c is 0.3418430799857631...
Loop69 pFBA...20647.0...Ave likelihood of: cpd00060_c is 0.28179229272264206...
Loop70 pFBA...21441.0...Ave likelihood of: cpd00066_c is 0.2351872381395504...
Loop71 pFBA...10265.0...Ave likelihood of: cpd00129_c is 0.20322154595018682...
Loop72 pFBA...5502.0...Ave likelihood of: cpd00054_c is 0.306683431097878...
Loop73 pFBA...7642.0...Ave likelihood of: cpd00161_c is 0.33462097764297444...
Loop74 pFBA...26525.0...Ave likelihood of: cpd00065_c is 0.26938387849015993...
Loop75 pFBA...18853.0...Ave likelihood of: cpd00069_c is 0.23861859533275967...
Loop76 pFBA...7671.0...Ave likelihood of: cpd00156_c is 0.3329786575670676...
Loop77 pFBA...24512.0...Ave likelihood of: cpd00098_c is 0.26098650689651137...
Loop78 pFBA...14166.0...Ave likelihood of: cpd00274_c is 0.19447117426823185...
Loop79 pFBA...6625.0...Ave likelihood of: cpd00226_c is 0.3264212650136123...
Loop80 pFBA...4786.0...Ave likelihood of: cpd00246_c is 0.3646623898400786...
Loop81 pFBA...20806.0...Ave likelihood of: cpd00374_c is 0.2221606220801753...
Loop82 pFBA...5085.0...Ave likelihood of: cpd00221_c is 0.3579894080888694...
Loop83 pFBA...4347.0...Ave likelihood of: cpd00159_c is 0.38393870270984154...
Loop84 pFBA...10514.0...Ave likelihood of: cpd00211_c is 0.21393595747172037...
Loop85 pFBA...3766.0...Ave likelihood of: cpd00047_c is 0.2192259522952036...
Loop86 pFBA...4999.0...Ave likelihood of: cpd00106_c is 0.19007477729858976...
Loop87 pFBA...7736.0...Ave likelihood of: cpd00141_c is 0.3235977655929559...
Loop88 pFBA...20273.0...Ave likelihood of: cpd00216_c is 0.222511212142669...
Loop89 pFBA...4801.0...Ave likelihood of: cpd00036_c is 0.22832168248575258...
Loop90 pFBA...16944.0...Ave likelihood of: cpd00581_c is 0.32617970297699683...
Loop91 pFBA...4745.0...Ave likelihood of: cpd00128_c is 0.3462379257365001...
Loop92 pFBA...5861.0...Ave likelihood of: cpd00018_c is 0.27979177692607493...
Loop93 pFBA...5861.0...Ave likelihood of: cpd00091_c is 0.27979177692607493...
Loop94 pFBA...3615.0...Ave likelihood of: cpd00092_c is 0.3220994323727797...
Loop95 pFBA...64037.0...Ave likelihood of: cpd00305_c is 0.12208874335990204...
Loop96 pFBA...14148.0...Ave likelihood of: cpd00220_c is 0.15617234249689863...
Loop97 pFBA...14702.0...Ave likelihood of: cpd00218_c is 0.22006064815156418...
Loop98 pFBA...15019.0...Ave likelihood of: cpd00215_c is 0.34982646049637167...
Loop99 pFBA...28716.0...Ave likelihood of: cpd00104_c is 0.17460474833073789...
Loop100 pFBA...35898.0...Ave likelihood of: cpd00393_c is 0.17267432336434707...
Loop101 pFBA...6319.0...Ave likelihood of: cpd00363_c is 0.5157971376958508...
Loop102 pFBA...8589.0...Ave likelihood of: cpd00281_c is 0.2016421014141004...
Loop103 pFBA...4205.0...Ave likelihood of: cpd00025_c is 0.38178463796015094...
Loop104 pFBA...20451.0...Ave likelihood of: cpd00811_c is 0.30206011881739137...
Loop105 pFBA...6316.0...Ave likelihood of: cpd00714_c is 0.42967596210472847...
Loop106 pFBA...5564.0...Ave likelihood of: cpd00117_c is 0.472093129983931...
Loop107 pFBA...6841.0...Ave likelihood of: cpd00186_c is 0.35985152804492015...
Loop108 pFBA...21553.0...Ave likelihood of: cpd00637_c is 0.246787369862043...
Loop109 pFBA...6457.0...Ave likelihood of: cpd00550_c is 0.3024863985648952...
Loop110 pFBA...4055.0...Ave likelihood of: cpd00033_c is 0.22840631469081216...
Loop111 pFBA...5444.0...Ave likelihood of: cpd00035_c is 0.472093129983931...
Loop112 pFBA...18191.0...Ave likelihood of: cpd00051_c is 0.27300711163099944...
Loop113 pFBA...7912.0...Ave likelihood of: cpd00132_c is 0.24997258732208447...
Loop114 pFBA...5181.0...Ave likelihood of: cpd00041_c is 0.22310670342957561...
Loop115 pFBA...13741.0...Ave likelihood of: cpd00084_c is 0.23081784804934166...
Loop116 pFBA...6592.0...Ave likelihood of: cpd00023_c is 0.28155025070997386...
Loop117 pFBA...9082.0...Ave likelihood of: cpd00053_c is 0.3109549475970173...
Loop118 pFBA...16375.0...Ave likelihood of: cpd00119_c is 0.32366544196854974...
Loop119 pFBA...16763.0...Ave likelihood of: cpd00322_c is 0.23969650792227162...
Loop120 pFBA...14214.0...Ave likelihood of: cpd00107_c is 0.26386990340355687...
Loop121 pFBA...17740.0...Ave likelihood of: cpd00039_c is 0.2848420690386756...
Loop122 pFBA...20553.0...Ave likelihood of: cpd00060_c is 0.2499924006394721...
Loop123 pFBA...20949.0...Ave likelihood of: cpd00066_c is 0.2266365842716287...
Loop124 pFBA...10265.0...Ave likelihood of: cpd00129_c is 0.20322154595018682...
Loop125 pFBA...5457.0...Ave likelihood of: cpd00054_c is 0.30878819853499717...
Loop126 pFBA...7505.0...Ave likelihood of: cpd00161_c is 0.34671490674068217...
Loop127 pFBA...26525.0...Ave likelihood of: cpd00065_c is 0.26938387849015993...
Loop128 pFBA...18481.0...Ave likelihood of: cpd00069_c is 0.19712089289747617...
Loop129 pFBA...7671.0...Ave likelihood of: cpd00156_c is 0.3329786575670676...
Loop130 pFBA...24118.0...Ave likelihood of: cpd00098_c is 0.23795775758236679...
Loop131 pFBA...14166.0...Ave likelihood of: cpd00274_c is 0.19447117426823185...
Loop132 pFBA...6625.0...Ave likelihood of: cpd00226_c is 0.3264212650136123...
Loop133 pFBA...4642.0...Ave likelihood of: cpd00246_c is 0.22380298323141581...
Loop134 pFBA...20435.0...Ave likelihood of: cpd00374_c is 0.21661634232372406...
Loop135 pFBA...4969.0...Ave likelihood of: cpd00221_c is 0.19025598669646282...
Loop136 pFBA...4334.0...Ave likelihood of: cpd00159_c is 0.34575964128630604...
Loop137 pFBA...10490.0...Ave likelihood of: cpd00211_c is 0.3369173943575411...
Loop138 pFBA...3766.0...Ave likelihood of: cpd00047_c is 0.2192259522952036...
Loop139 pFBA...4999.0...Ave likelihood of: cpd00106_c is 0.19007477729858976...
Loop140 pFBA...7681.0...Ave likelihood of: cpd00141_c is 0.37121694738450267...
Loop141 pFBA...19652.0...Ave likelihood of: cpd00216_c is 0.23100297377351653...
Loop142 pFBA...4801.0...Ave likelihood of: cpd00036_c is 0.22832168248575258...
Loop143 pFBA...16944.0...Ave likelihood of: cpd00581_c is 0.32617970297699683...
Loop144 pFBA...4745.0...Ave likelihood of: cpd00128_c is 0.3462379257365001...
Loop145 pFBA...5861.0...Ave likelihood of: cpd00018_c is 0.27979177692607493...
Loop146 pFBA...5861.0...Ave likelihood of: cpd00091_c is 0.27979177692607493...
Loop147 pFBA...3615.0...Ave likelihood of: cpd00092_c is 0.3220994323727797...
Loop148 pFBA...64037.0...Ave likelihood of: cpd00305_c is 0.12208874335990204...
Loop149 pFBA...14028.0...Ave likelihood of: cpd00220_c is 0.2686770928389502...
Loop150 pFBA...14657.0...Ave likelihood of: cpd00218_c is 0.15458536656994284...
Loop151 pFBA...14723.0...Ave likelihood of: cpd00215_c is 0.2453067609258243...
Loop152 pFBA...28708.0...Ave likelihood of: cpd00104_c is 0.195039235228827...
Loop153 pFBA...35890.0...Ave likelihood of: cpd00393_c is 0.15357572905514552...
Loop154 pFBA...5982.0...Ave likelihood of: cpd00363_c is 0.4370388070764524...
Loop155 pFBA...8589.0...Ave likelihood of: cpd00281_c is 0.2016421014141004...
Loop156 pFBA...4141.0...Ave likelihood of: cpd00025_c is 0.30801136048034927...
Loop157 pFBA...19988.0...Ave likelihood of: cpd00811_c is 0.27127564025398243...
Loop158 pFBA...6109.0...Ave likelihood of: cpd00714_c is 0.29944442702928487...
33.0066409469mins to complete!
