
The following have been reloaded with a version change:
  1) anaconda2/4.4.0 => anaconda2/5.1.0

Loading in models...Adding Water...Remove no-like rxns...Pruned 1 metabolites from model
Pruned 1 reactions from model
Set-up Universal...62.0seconds to complete

Loop0 pFBA...6308.0...Ave likelihood of: cpd00117_c is 0.12535994730907266...
Loop1 pFBA...7947.0...Ave likelihood of: cpd00186_c is 0.1659562664141837...
Loop2 pFBA...23387.0...Ave likelihood of: cpd00637_c is 0.10213366696903949...
Loop3 pFBA...7398.0...Ave likelihood of: cpd00550_c is 0.14680785163802376...
Loop4 pFBA...4740.0...Ave likelihood of: cpd00033_c is 0.1574363870976239...
Loop5 pFBA...6154.0...Ave likelihood of: cpd00035_c is 0.2656663240481613...
Loop6 pFBA...19091.0...Ave likelihood of: cpd00051_c is 0.2654059396795518...
Loop7 pFBA...8376.0...Ave likelihood of: cpd00132_c is 0.1415564810714551...
Loop8 pFBA...5883.0...Ave likelihood of: cpd00041_c is 0.13289893145495946...
Loop9 pFBA...14388.0...Ave likelihood of: cpd00084_c is 0.19896739460213936...
Loop10 pFBA...7711.0...Ave likelihood of: cpd00023_c is 0.13713509921500677...
Loop11 pFBA...10115.0...Ave likelihood of: cpd00053_c is 0.11429032931612244...
Loop12 pFBA...22024.0...Ave likelihood of: cpd00119_c is 0.09292042096591512...
Loop13 pFBA...18242.0...Ave likelihood of: cpd00322_c is 0.16590126689561674...
Loop14 pFBA...15064.0...Ave likelihood of: cpd00107_c is 0.16941524109639983...
Loop15 pFBA...20949.0...Ave likelihood of: cpd00039_c is 0.20653188673658524...
Loop16 pFBA...22397.0...Ave likelihood of: cpd00060_c is 0.14372220785762485...
Loop17 pFBA...21232.0...Ave likelihood of: cpd00066_c is 0.15179880889914424...
Loop18 pFBA...11974.0...Ave likelihood of: cpd00129_c is 0.1051220909725348...
Loop19 pFBA...6398.0...Ave likelihood of: cpd00054_c is 0.1343128102557382...
Loop20 pFBA...8666.0...Ave likelihood of: cpd00161_c is 0.23583465402217932...
Loop21 pFBA...30527.0...Ave likelihood of: cpd00065_c is 0.12951204365995647...
Loop22 pFBA...19124.0...Ave likelihood of: cpd00069_c is 0.17716198939030156...
Loop23 pFBA...9171.0...Ave likelihood of: cpd00156_c is 0.10950786292298441...
Loop24 pFBA...25035.0...Ave likelihood of: cpd00098_c is 0.13742966236924817...
Loop25 pFBA...15446.0...Ave likelihood of: cpd00274_c is 0.23649432727879732...
Loop26 pFBA...7011.0...Ave likelihood of: cpd00226_c is 0.28043562643733394...
Loop27 pFBA...5062.0...Ave likelihood of: cpd00246_c is 0.267222871119167...
Loop28 pFBA...21012.0...Ave likelihood of: cpd00374_c is 0.17148753595712649...
Loop29 pFBA...5016.0...Ave likelihood of: cpd00221_c is 0.2816865478487134...
Loop30 pFBA...4448.0...Ave likelihood of: cpd00159_c is 0.5324475923541211...
Loop31 pFBA...10710.0...Ave likelihood of: cpd00211_c is 0.22139177691198297...
Loop32 pFBA...4192.0...Ave likelihood of: cpd00047_c is 0.24490432181673008...
Loop33 pFBA...5340.0...Ave likelihood of: cpd00106_c is 0.08955154542936293...
Loop34 pFBA...8017.0...Ave likelihood of: cpd00141_c is 0.4218438197474333...
Loop35 pFBA...21305.0...Ave likelihood of: cpd00216_c is 0.11530405332394153...
Loop36 pFBA...5138.0...Ave likelihood of: cpd00036_c is 0.03856070820143431...
Loop37 pFBA...22022.0...Ave likelihood of: cpd00581_c is 0.08871014944061141...
Loop38 pFBA...4970.0...Ave likelihood of: cpd00128_c is 0.09600079133350659...
Loop39 pFBA...6074.0...Ave likelihood of: cpd00018_c is 0.1496410990382502...
Loop40 pFBA...5424.0...Ave likelihood of: cpd00091_c is 0.17675685532140584...
Loop41 pFBA...3462.0...Ave likelihood of: cpd00092_c is 0.3951995142718863...
Loop42 pFBA...64561.0...Ave likelihood of: cpd00305_c is 0.1269152436371071...
Loop43 pFBA...14635.0...Ave likelihood of: cpd00220_c is 0.06623131134275317...
Loop44 pFBA...14548.0...Ave likelihood of: cpd00218_c is 0.14192168609527991...
Loop45 pFBA...15075.0...Ave likelihood of: cpd00215_c is 0.2022120582769221...
Loop46 pFBA...29114.0...Ave likelihood of: cpd00104_c is 0.14060492442321507...
Loop47 pFBA...35484.0...Ave likelihood of: cpd00393_c is 0.12727307489637654...
Loop48 pFBA...6399.0...Ave likelihood of: cpd00363_c is 0.3408538965049991...
Loop49 pFBA...9999.0...Ave likelihood of: cpd00281_c is 8.412783120957681e-05...
Loop50 pFBA...4242.0...Ave likelihood of: cpd00025_c is 0.24848655640853626...
Loop51 pFBA...21085.0...Ave likelihood of: cpd00811_c is 0.11572206198240903...
Loop52 pFBA...5707.0...Ave likelihood of: cpd00714_c is 0.28751122668504653...
Loop53 pFBA...6308.0...Ave likelihood of: cpd00117_c is 0.12535994730907266...
Loop54 pFBA...7947.0...Ave likelihood of: cpd00186_c is 0.17632853306507018...
Loop55 pFBA...23416.0...Ave likelihood of: cpd00637_c is 0.1032173756998731...
Loop56 pFBA...7462.0...Ave likelihood of: cpd00550_c is 0.10639070522773286...
Loop57 pFBA...4740.0...Ave likelihood of: cpd00033_c is 0.1574363870976239...
Loop58 pFBA...6188.0...Ave likelihood of: cpd00035_c is 0.12535994730907266...
Loop59 pFBA...19474.0...Ave likelihood of: cpd00051_c is 0.13439289697856246...
Loop60 pFBA...8376.0...Ave likelihood of: cpd00132_c is 0.1415564810714551...
Loop61 pFBA...5883.0...Ave likelihood of: cpd00041_c is 0.12874583984699198...
Loop62 pFBA...14702.0...Ave likelihood of: cpd00084_c is 0.1579998699412384...
Loop63 pFBA...7711.0...Ave likelihood of: cpd00023_c is 0.12856415551406886...
Loop64 pFBA...10115.0...Ave likelihood of: cpd00053_c is 0.11429032931612244...
Loop65 pFBA...22024.0...Ave likelihood of: cpd00119_c is 0.09292042096591512...
Loop66 pFBA...18292.0...Ave likelihood of: cpd00322_c is 0.07740952514208847...
Loop67 pFBA...15064.0...Ave likelihood of: cpd00107_c is 0.1843153974268869...
Loop68 pFBA...21473.0...Ave likelihood of: cpd00039_c is 0.18904714431845282...
Loop69 pFBA...22417.0...Ave likelihood of: cpd00060_c is 0.10985264478011289...
Loop70 pFBA...22347.0...Ave likelihood of: cpd00066_c is 0.1298989587391682...
Loop71 pFBA...11974.0...Ave likelihood of: cpd00129_c is 0.1051220909725348...
Loop72 pFBA...6462.0...Ave likelihood of: cpd00054_c is 0.10875494312168248...
Loop73 pFBA...8873.0...Ave likelihood of: cpd00161_c is 0.154358691427834...
Loop74 pFBA...30527.0...Ave likelihood of: cpd00065_c is 0.12951204365995647...
Loop75 pFBA...20025.0...Ave likelihood of: cpd00069_c is 0.11308822825929507...
Loop76 pFBA...9171.0...Ave likelihood of: cpd00156_c is 0.10950786292298441...
Loop77 pFBA...25369.0...Ave likelihood of: cpd00098_c is 0.10224116287472913...
Loop78 pFBA...15847.0...Ave likelihood of: cpd00274_c is 0.13519947798292334...
Loop79 pFBA...7011.0...Ave likelihood of: cpd00226_c is 0.28043562643733394...
Loop80 pFBA...5145.0...Ave likelihood of: cpd00246_c is 0.20560343800366798...
Loop81 pFBA...22373.0...Ave likelihood of: cpd00374_c is 0.11149543631198107...
Loop82 pFBA...5511.0...Ave likelihood of: cpd00221_c is 0.08389824124730337...
Loop83 pFBA...4768.0...Ave likelihood of: cpd00159_c is 0.2686010722805901...
Loop84 pFBA...10764.0...Ave likelihood of: cpd00211_c is 0.13979595582893284...
Loop85 pFBA...4282.0...Ave likelihood of: cpd00047_c is 0.09603578495651316...
Loop86 pFBA...5340.0...Ave likelihood of: cpd00106_c is 0.08955154542936293...
Loop87 pFBA...8449.0...Ave likelihood of: cpd00141_c is 0.07557825134784868...
Loop88 pFBA...22111.0...Ave likelihood of: cpd00216_c is 0.13364338217120594...
Loop89 pFBA...5138.0...Ave likelihood of: cpd00036_c is 0.041131422081529936...
Loop90 pFBA...22022.0...Ave likelihood of: cpd00581_c is 0.09075948094345197...
Loop91 pFBA...4970.0...Ave likelihood of: cpd00128_c is 0.09600079133350659...
Loop92 pFBA...6074.0...Ave likelihood of: cpd00018_c is 0.1496410990382502...
Loop93 pFBA...5424.0...Ave likelihood of: cpd00091_c is 0.17675685532140584...
Loop94 pFBA...3462.0...Ave likelihood of: cpd00092_c is 0.3951995142718863...
Loop95 pFBA...64755.0...Ave likelihood of: cpd00305_c is 0.10931554030872226...
Loop96 pFBA...14635.0...Ave likelihood of: cpd00220_c is 0.06623131134275317...
Loop97 pFBA...14886.0...Ave likelihood of: cpd00218_c is 0.10265220027941858...
Loop98 pFBA...15506.0...Ave likelihood of: cpd00215_c is 0.1625855128375273...
Loop99 pFBA...29266.0...Ave likelihood of: cpd00104_c is 0.13453537829731657...
Loop100 pFBA...35487.0...Ave likelihood of: cpd00393_c is 0.12881558850534927...
Loop101 pFBA...7469.0...Ave likelihood of: cpd00363_c is 0.1519572980494773...
Loop102 pFBA...9999.0...Ave likelihood of: cpd00281_c is 8.412783120957681e-05...
Loop103 pFBA...4389.0...Ave likelihood of: cpd00025_c is 0.2578790691213933...
Loop104 pFBA...22065.0...Ave likelihood of: cpd00811_c is 0.09994099755090159...
Loop105 pFBA...6558.0...Ave likelihood of: cpd00714_c is 0.238631734339681...
Loop106 pFBA...6308.0...Ave likelihood of: cpd00117_c is 0.12535994730907266...
Loop107 pFBA...7947.0...Ave likelihood of: cpd00186_c is 0.17632853306507018...
Loop108 pFBA...23323.0...Ave likelihood of: cpd00637_c is 0.11134079898184812...
Loop109 pFBA...7446.0...Ave likelihood of: cpd00550_c is 0.1915112329725857...
Loop110 pFBA...4740.0...Ave likelihood of: cpd00033_c is 0.1574363870976239...
Loop111 pFBA...6188.0...Ave likelihood of: cpd00035_c is 0.12535994730907266...
Loop112 pFBA...19054.0...Ave likelihood of: cpd00051_c is 0.2407153144741101...
Loop113 pFBA...8376.0...Ave likelihood of: cpd00132_c is 0.1415564810714551...
Loop114 pFBA...5883.0...Ave likelihood of: cpd00041_c is 0.13289893145495946...
Loop115 pFBA...14626.0...Ave likelihood of: cpd00084_c is 0.17398525499463077...
Loop116 pFBA...7711.0...Ave likelihood of: cpd00023_c is 0.13713509921500677...
Loop117 pFBA...10115.0...Ave likelihood of: cpd00053_c is 0.11429032931612244...
Loop118 pFBA...22024.0...Ave likelihood of: cpd00119_c is 0.09293444227111672...
Loop119 pFBA...18190.0...Ave likelihood of: cpd00322_c is 0.17053020355709272...
Loop120 pFBA...15064.0...Ave likelihood of: cpd00107_c is 0.1843153974268869...
Loop121 pFBA...21059.0...Ave likelihood of: cpd00039_c is 0.17498949876065908...
Loop122 pFBA...22341.0...Ave likelihood of: cpd00060_c is 0.11829766580146643...
Loop123 pFBA...21047.0...Ave likelihood of: cpd00066_c is 0.1654251190138864...
Loop124 pFBA...11974.0...Ave likelihood of: cpd00129_c is 0.1051220909725348...
Loop125 pFBA...6446.0...Ave likelihood of: cpd00054_c is 0.20732904559042245...
Loop126 pFBA...8669.0...Ave likelihood of: cpd00161_c is 0.3044294580803537...
Loop127 pFBA...30525.0...Ave likelihood of: cpd00065_c is 0.13225186415409365...
Loop128 pFBA...18974.0...Ave likelihood of: cpd00069_c is 0.16033270255751547...
Loop129 pFBA...9171.0...Ave likelihood of: cpd00156_c is 0.10950786292298441...
Loop130 pFBA...24942.0...Ave likelihood of: cpd00098_c is 0.189317497177589...
Loop131 pFBA...15515.0...Ave likelihood of: cpd00274_c is 0.2226538008937433...
Loop132 pFBA...7011.0...Ave likelihood of: cpd00226_c is 0.28043562643733394...
Loop133 pFBA...5101.0...Ave likelihood of: cpd00246_c is 0.2751184955421916...
Loop134 pFBA...20823.0...Ave likelihood of: cpd00374_c is 0.1729659039623652...
Loop135 pFBA...4903.0...Ave likelihood of: cpd00221_c is 0.1748744343043285...
Loop136 pFBA...4509.0...Ave likelihood of: cpd00159_c is 0.25175924305175823...
Loop137 pFBA...10663.0...Ave likelihood of: cpd00211_c is 0.22827873145710573...
Loop138 pFBA...4267.0...Ave likelihood of: cpd00047_c is 0.12366719087210516...
Loop139 pFBA...5340.0...Ave likelihood of: cpd00106_c is 0.08955154542936292...
Loop140 pFBA...8270.0...Ave likelihood of: cpd00141_c is 0.2023218790172044...
Loop141 pFBA...21097.0...Ave likelihood of: cpd00216_c is 0.1434887435907797...
Loop142 pFBA...5138.0...Ave likelihood of: cpd00036_c is 0.041131422081529936...
Loop143 pFBA...22022.0...Ave likelihood of: cpd00581_c is 0.09075948094345197...
Loop144 pFBA...4970.0...Ave likelihood of: cpd00128_c is 0.09600079133350659...
Loop145 pFBA...6074.0...Ave likelihood of: cpd00018_c is 0.1496410990382502...
Loop146 pFBA...5424.0...Ave likelihood of: cpd00091_c is 0.17675685532140584...
Loop147 pFBA...3451.0...Ave likelihood of: cpd00092_c is 0.3098833757978759...
Loop148 pFBA...64576.0...Ave likelihood of: cpd00305_c is 0.12160641772315185...
Loop149 pFBA...14623.0...Ave likelihood of: cpd00220_c is 0.14774007369885583...
Loop150 pFBA...14460.0...Ave likelihood of: cpd00218_c is 0.14393990804023965...
Loop151 pFBA...14960.0...Ave likelihood of: cpd00215_c is 0.19930589208159327...
Loop152 pFBA...29135.0...Ave likelihood of: cpd00104_c is 0.135657286607249...
Loop153 pFBA...35480.0...Ave likelihood of: cpd00393_c is 0.1159657705681987...
Loop154 pFBA...6583.0...Ave likelihood of: cpd00363_c is 0.3814769389196584...
Loop155 pFBA...9999.0...Ave likelihood of: cpd00281_c is 8.412783120957681e-05...
Loop156 pFBA...4208.0...Ave likelihood of: cpd00025_c is 0.24961584240658616...
Loop157 pFBA...20948.0...Ave likelihood of: cpd00811_c is 0.12085597355240962...
Loop158 pFBA...5566.0...Ave likelihood of: cpd00714_c is 0.3009571855588576...
33.3085641662mins to complete!
