
The following have been reloaded with a version change:
  1) anaconda2/4.4.0 => anaconda2/5.1.0

Loading in models...Adding Water...Remove no-like rxns...Pruned 1 metabolites from model
Pruned 1 reactions from model
Set-up Universal...62.0seconds to complete

Loop0 pFBA...5569.0...Ave likelihood of: cpd00117_c is 0.47155848270456197...
Loop1 pFBA...6841.0...Ave likelihood of: cpd00186_c is 0.3598513084403991...
Loop2 pFBA...21364.0...Ave likelihood of: cpd00637_c is 0.27894812882461817...
Loop3 pFBA...6429.0...Ave likelihood of: cpd00550_c is 0.3472105071683475...
Loop4 pFBA...4053.0...Ave likelihood of: cpd00033_c is 0.25624561629728704...
Loop5 pFBA...5446.0...Ave likelihood of: cpd00035_c is 0.47155848270456197...
Loop6 pFBA...18105.0...Ave likelihood of: cpd00051_c is 0.31130964978115777...
Loop7 pFBA...7913.0...Ave likelihood of: cpd00132_c is 0.24991735922869895...
Loop8 pFBA...5182.0...Ave likelihood of: cpd00041_c is 0.22307040204734044...
Loop9 pFBA...13623.0...Ave likelihood of: cpd00084_c is 0.27664120389681934...
Loop10 pFBA...6592.0...Ave likelihood of: cpd00023_c is 0.28154998718454854...
Loop11 pFBA...9082.0...Ave likelihood of: cpd00053_c is 0.31095034333897753...
Loop12 pFBA...16373.0...Ave likelihood of: cpd00119_c is 0.3302804738844201...
Loop13 pFBA...16729.0...Ave likelihood of: cpd00322_c is 0.35482036537101663...
Loop14 pFBA...14209.0...Ave likelihood of: cpd00107_c is 0.26405759353944375...
Loop15 pFBA...17654.0...Ave likelihood of: cpd00039_c is 0.3057783054418894...
Loop16 pFBA...20364.0...Ave likelihood of: cpd00060_c is 0.2825243868864723...
Loop17 pFBA...20572.0...Ave likelihood of: cpd00066_c is 0.24004943151259003...
Loop18 pFBA...10265.0...Ave likelihood of: cpd00129_c is 0.2031564937674153...
Loop19 pFBA...5429.0...Ave likelihood of: cpd00054_c is 0.354597964767674...
Loop20 pFBA...7339.0...Ave likelihood of: cpd00161_c is 0.3988651696169926...
Loop21 pFBA...26521.0...Ave likelihood of: cpd00065_c is 0.26949027274620746...
Loop22 pFBA...18301.0...Ave likelihood of: cpd00069_c is 0.21461782188673015...
Loop23 pFBA...7672.0...Ave likelihood of: cpd00156_c is 0.33285095883912696...
Loop24 pFBA...23601.0...Ave likelihood of: cpd00098_c is 0.251984364750118...
Loop25 pFBA...14167.0...Ave likelihood of: cpd00274_c is 0.19418437895321572...
Loop26 pFBA...6627.0...Ave likelihood of: cpd00226_c is 0.32633666213617435...
Loop27 pFBA...4453.0...Ave likelihood of: cpd00246_c is 0.43844123289447623...
Loop28 pFBA...20025.0...Ave likelihood of: cpd00374_c is 0.22952749146697443...
Loop29 pFBA...4760.0...Ave likelihood of: cpd00221_c is 0.423187971491957...
Loop30 pFBA...4283.0...Ave likelihood of: cpd00159_c is 0.4221669406326231...
Loop31 pFBA...10317.0...Ave likelihood of: cpd00211_c is 0.39187757442802656...
Loop32 pFBA...3764.0...Ave likelihood of: cpd00047_c is 0.2916432232809455...
Loop33 pFBA...5000.0...Ave likelihood of: cpd00106_c is 0.19004483627080204...
Loop34 pFBA...7560.0...Ave likelihood of: cpd00141_c is 0.41341034953309047...
Loop35 pFBA...19208.0...Ave likelihood of: cpd00216_c is 0.23726332164796204...
Loop36 pFBA...4802.0...Ave likelihood of: cpd00036_c is 0.41687118033741855...
Loop37 pFBA...16941.0...Ave likelihood of: cpd00581_c is 0.3263226338320956...
Loop38 pFBA...4746.0...Ave likelihood of: cpd00128_c is 0.34612201310781326...
Loop39 pFBA...5862.0...Ave likelihood of: cpd00018_c is 0.27975472537834073...
Loop40 pFBA...5862.0...Ave likelihood of: cpd00091_c is 0.27975472537834073...
Loop41 pFBA...3607.0...Ave likelihood of: cpd00092_c is 0.3681693447469898...
Loop42 pFBA...63845.0...Ave likelihood of: cpd00305_c is 0.15983244802873892...
Loop43 pFBA...13661.0...Ave likelihood of: cpd00220_c is 0.2968561710457896...
Loop44 pFBA...14449.0...Ave likelihood of: cpd00218_c is 0.21503009791457192...
Loop45 pFBA...14495.0...Ave likelihood of: cpd00215_c is 0.2994795003732094...
Loop46 pFBA...28643.0...Ave likelihood of: cpd00104_c is 0.2080148515850345...
Loop47 pFBA...36051.0...Ave likelihood of: cpd00393_c is 0.1702266887866364...
Loop48 pFBA...5589.0...Ave likelihood of: cpd00363_c is 0.5692776177534232...
Loop49 pFBA...8589.0...Ave likelihood of: cpd00281_c is 0.20164191318165378...
Loop50 pFBA...4020.0...Ave likelihood of: cpd00025_c is 0.2830469137863462...
Loop51 pFBA...19580.0...Ave likelihood of: cpd00811_c is 0.2602556585808237...
Loop52 pFBA...5367.0...Ave likelihood of: cpd00714_c is 0.3764705749346721...
Loop53 pFBA...5569.0...Ave likelihood of: cpd00117_c is 0.47155848270456197...
Loop54 pFBA...6841.0...Ave likelihood of: cpd00186_c is 0.3598513084403991...
Loop55 pFBA...21613.0...Ave likelihood of: cpd00637_c is 0.284812457284565...
Loop56 pFBA...6502.0...Ave likelihood of: cpd00550_c is 0.29744559639247786...
Loop57 pFBA...4054.0...Ave likelihood of: cpd00033_c is 0.2389180122707678...
Loop58 pFBA...5446.0...Ave likelihood of: cpd00035_c is 0.47155848270456197...
Loop59 pFBA...18281.0...Ave likelihood of: cpd00051_c is 0.32121388192522543...
Loop60 pFBA...7913.0...Ave likelihood of: cpd00132_c is 0.24991735922869895...
Loop61 pFBA...5182.0...Ave likelihood of: cpd00041_c is 0.22307040204734044...
Loop62 pFBA...13755.0...Ave likelihood of: cpd00084_c is 0.24748767625019916...
Loop63 pFBA...6592.0...Ave likelihood of: cpd00023_c is 0.28154998718454854...
Loop64 pFBA...9082.0...Ave likelihood of: cpd00053_c is 0.31095034333897753...
Loop65 pFBA...16373.0...Ave likelihood of: cpd00119_c is 0.3302804738844201...
Loop66 pFBA...16738.0...Ave likelihood of: cpd00322_c is 0.20516686795474162...
Loop67 pFBA...14209.0...Ave likelihood of: cpd00107_c is 0.26405759353944375...
Loop68 pFBA...17877.0...Ave likelihood of: cpd00039_c is 0.3403992187192323...
Loop69 pFBA...20613.0...Ave likelihood of: cpd00060_c is 0.2918448636372703...
Loop70 pFBA...21368.0...Ave likelihood of: cpd00066_c is 0.23288114933147622...
Loop71 pFBA...10265.0...Ave likelihood of: cpd00129_c is 0.2031564937674153...
Loop72 pFBA...5502.0...Ave likelihood of: cpd00054_c is 0.30674077127974286...
Loop73 pFBA...7635.0...Ave likelihood of: cpd00161_c is 0.39918174857949545...
Loop74 pFBA...26521.0...Ave likelihood of: cpd00065_c is 0.26949027274620746...
Loop75 pFBA...18831.0...Ave likelihood of: cpd00069_c is 0.24119512811882288...
Loop76 pFBA...7672.0...Ave likelihood of: cpd00156_c is 0.33285095883912696...
Loop77 pFBA...24458.0...Ave likelihood of: cpd00098_c is 0.2769446021574384...
Loop78 pFBA...14167.0...Ave likelihood of: cpd00274_c is 0.19418437895321572...
Loop79 pFBA...6627.0...Ave likelihood of: cpd00226_c is 0.32633666213617435...
Loop80 pFBA...4759.0...Ave likelihood of: cpd00246_c is 0.3614126752982966...
Loop81 pFBA...20748.0...Ave likelihood of: cpd00374_c is 0.22200605712080101...
Loop82 pFBA...5078.0...Ave likelihood of: cpd00221_c is 0.3920841163440102...
Loop83 pFBA...4346.0...Ave likelihood of: cpd00159_c is 0.3882694014668111...
Loop84 pFBA...10495.0...Ave likelihood of: cpd00211_c is 0.21488439815037988...
Loop85 pFBA...3765.0...Ave likelihood of: cpd00047_c is 0.21939950722182508...
Loop86 pFBA...5000.0...Ave likelihood of: cpd00106_c is 0.19004483627080204...
Loop87 pFBA...7731.0...Ave likelihood of: cpd00141_c is 0.3242158832884734...
Loop88 pFBA...20277.0...Ave likelihood of: cpd00216_c is 0.22575796584856886...
Loop89 pFBA...4802.0...Ave likelihood of: cpd00036_c is 0.22813021960852584...
Loop90 pFBA...16941.0...Ave likelihood of: cpd00581_c is 0.3263226338320956...
Loop91 pFBA...4746.0...Ave likelihood of: cpd00128_c is 0.34612201310781326...
Loop92 pFBA...5862.0...Ave likelihood of: cpd00018_c is 0.27975472537834073...
Loop93 pFBA...5862.0...Ave likelihood of: cpd00091_c is 0.27975472537834073...
Loop94 pFBA...3616.0...Ave likelihood of: cpd00092_c is 0.3220171501879985...
Loop95 pFBA...64036.0...Ave likelihood of: cpd00305_c is 0.1196530465398979...
Loop96 pFBA...14047.0...Ave likelihood of: cpd00220_c is 0.17295701977035674...
Loop97 pFBA...14691.0...Ave likelihood of: cpd00218_c is 0.22341455640259486...
Loop98 pFBA...15027.0...Ave likelihood of: cpd00215_c is 0.3337869160435852...
Loop99 pFBA...28691.0...Ave likelihood of: cpd00104_c is 0.1729846398441736...
Loop100 pFBA...36061.0...Ave likelihood of: cpd00393_c is 0.17081285830712695...
Loop101 pFBA...6291.0...Ave likelihood of: cpd00363_c is 0.4899535847256518...
Loop102 pFBA...8589.0...Ave likelihood of: cpd00281_c is 0.20164191318165378...
Loop103 pFBA...4189.0...Ave likelihood of: cpd00025_c is 0.3879607920423481...
Loop104 pFBA...20358.0...Ave likelihood of: cpd00811_c is 0.3051637036181614...
Loop105 pFBA...6211.0...Ave likelihood of: cpd00714_c is 0.4381848935164821...
Loop106 pFBA...5569.0...Ave likelihood of: cpd00117_c is 0.47155848270456197...
Loop107 pFBA...6841.0...Ave likelihood of: cpd00186_c is 0.3598513084403991...
Loop108 pFBA...21501.0...Ave likelihood of: cpd00637_c is 0.2553720666018024...
Loop109 pFBA...6418.0...Ave likelihood of: cpd00550_c is 0.3230500344496214...
Loop110 pFBA...4053.0...Ave likelihood of: cpd00033_c is 0.31291968084646815...
Loop111 pFBA...5446.0...Ave likelihood of: cpd00035_c is 0.47155848270456197...
Loop112 pFBA...18127.0...Ave likelihood of: cpd00051_c is 0.27862385266155654...
Loop113 pFBA...7913.0...Ave likelihood of: cpd00132_c is 0.24991735922869895...
Loop114 pFBA...5182.0...Ave likelihood of: cpd00041_c is 0.22307040204734044...
Loop115 pFBA...13678.0...Ave likelihood of: cpd00084_c is 0.23430577615146667...
Loop116 pFBA...6592.0...Ave likelihood of: cpd00023_c is 0.28154998718454854...
Loop117 pFBA...9082.0...Ave likelihood of: cpd00053_c is 0.31095034333897753...
Loop118 pFBA...16373.0...Ave likelihood of: cpd00119_c is 0.32380438616119617...
Loop119 pFBA...16738.0...Ave likelihood of: cpd00322_c is 0.20516686795474162...
Loop120 pFBA...14209.0...Ave likelihood of: cpd00107_c is 0.26405759353944375...
Loop121 pFBA...17643.0...Ave likelihood of: cpd00039_c is 0.282614056572623...
Loop122 pFBA...20501.0...Ave likelihood of: cpd00060_c is 0.25873222537287877...
Loop123 pFBA...20728.0...Ave likelihood of: cpd00066_c is 0.262956390360214...
Loop124 pFBA...10265.0...Ave likelihood of: cpd00129_c is 0.2031564937674153...
Loop125 pFBA...5418.0...Ave likelihood of: cpd00054_c is 0.3300728612854828...
Loop126 pFBA...7443.0...Ave likelihood of: cpd00161_c is 0.4670546775289859...
Loop127 pFBA...26521.0...Ave likelihood of: cpd00065_c is 0.26949027274620746...
Loop128 pFBA...18347.0...Ave likelihood of: cpd00069_c is 0.2059948567708868...
Loop129 pFBA...7672.0...Ave likelihood of: cpd00156_c is 0.33285095883912696...
Loop130 pFBA...23906.0...Ave likelihood of: cpd00098_c is 0.23996077663562027...
Loop131 pFBA...14167.0...Ave likelihood of: cpd00274_c is 0.19418437895321572...
Loop132 pFBA...6627.0...Ave likelihood of: cpd00226_c is 0.32633666213617435...
Loop133 pFBA...4567.0...Ave likelihood of: cpd00246_c is 0.3713737220501607...
Loop134 pFBA...20232.0...Ave likelihood of: cpd00374_c is 0.24859104104968544...
Loop135 pFBA...4881.0...Ave likelihood of: cpd00221_c is 0.19826002328154887...
Loop136 pFBA...4310.0...Ave likelihood of: cpd00159_c is 0.4186685031280138...
Loop137 pFBA...10431.0...Ave likelihood of: cpd00211_c is 0.3804347238279242...
Loop138 pFBA...3765.0...Ave likelihood of: cpd00047_c is 0.21939950722182508...
Loop139 pFBA...5000.0...Ave likelihood of: cpd00106_c is 0.19004483627080204...
Loop140 pFBA...7622.0...Ave likelihood of: cpd00141_c is 0.3785196836568456...
Loop141 pFBA...19381.0...Ave likelihood of: cpd00216_c is 0.23807787593329027...
Loop142 pFBA...4802.0...Ave likelihood of: cpd00036_c is 0.22813021960852584...
Loop143 pFBA...16941.0...Ave likelihood of: cpd00581_c is 0.3263226338320956...
Loop144 pFBA...4746.0...Ave likelihood of: cpd00128_c is 0.34612201310781326...
Loop145 pFBA...5862.0...Ave likelihood of: cpd00018_c is 0.27975472537834073...
Loop146 pFBA...5862.0...Ave likelihood of: cpd00091_c is 0.27975472537834073...
Loop147 pFBA...3616.0...Ave likelihood of: cpd00092_c is 0.3220171501879985...
Loop148 pFBA...63968.0...Ave likelihood of: cpd00305_c is 0.13945820726898736...
Loop149 pFBA...13756.0...Ave likelihood of: cpd00220_c is 0.2529018192579473...
Loop150 pFBA...14631.0...Ave likelihood of: cpd00218_c is 0.15352617266065927...
Loop151 pFBA...14568.0...Ave likelihood of: cpd00215_c is 0.31063427382832026...
Loop152 pFBA...28652.0...Ave likelihood of: cpd00104_c is 0.18834406809917484...
Loop153 pFBA...36047.0...Ave likelihood of: cpd00393_c is 0.15616594765158315...
Loop154 pFBA...5848.0...Ave likelihood of: cpd00363_c is 0.52838733947773...
Loop155 pFBA...8589.0...Ave likelihood of: cpd00281_c is 0.20164191318165378...
Loop156 pFBA...4099.0...Ave likelihood of: cpd00025_c is 0.25519771989571555...
Loop157 pFBA...19798.0...Ave likelihood of: cpd00811_c is 0.2807900105255462...
Loop158 pFBA...5985.0...Ave likelihood of: cpd00714_c is 0.37700018026725424...
32.8746277809mins to complete!
